Launching Problin version 0.5b
Problin was called as follow: /u/gh2161/Spatial-Division/problin/run_problin.py -c intmem_real_data/s20c2/characters.txt -t intmem_real_data/s20c2/true_tree.nwk -S intmem_real_data/s20c2/leaf_locations.txt --delimiter comma -p intmem_real_data/s20c2/prior.csv -o intmem_real_data/s20c2/spalin_spatialonly.txt --nInitials 10 --ultrametric --spatial_only
Optimization by Spalin: Scipy-SLSQP using spatial information
Optimizing branch lengths, phi, and nu without topology search
only spatial
Initial point 1. Random seed: 4996
Solving with ultrametric constraint
Optimal point found for initial point 1
Negative llh: 128.94358268606533
Dropout rate: 0.5474749550288049
Silencing rate: 0.3908847322024065
Sigma: 3.794772383789826
Lambda: 1.0
Initial point 2. Random seed: 2142
Solving with ultrametric constraint
Optimal point found for initial point 2
Negative llh: 128.94358268606533
Dropout rate: 0.7525167702134301
Silencing rate: 0.9504178024749872
Sigma: 3.794772383789826
Lambda: 1.0
Initial point 3. Random seed: 6373
Solving with ultrametric constraint
Optimal point found for initial point 3
Negative llh: 128.94358268606533
Dropout rate: 0.9879138223597955
Silencing rate: 0.8844564519761872
Sigma: 3.794772383789826
Lambda: 1.0
Initial point 4. Random seed: 4680
Solving with ultrametric constraint
Optimal point found for initial point 4
Negative llh: 128.94358268606533
Dropout rate: 0.39628739803343577
Silencing rate: 0.25557640727809744
Sigma: 3.794772383789826
Lambda: 1.0
Initial point 5. Random seed: 7863
Solving with ultrametric constraint
Optimal point found for initial point 5
Negative llh: 128.94358268606533
Dropout rate: 0.7248743264517229
Silencing rate: 0.7959636280156323
Sigma: 3.794772383789826
Lambda: 1.0
Initial point 6. Random seed: 4045
Solving with ultrametric constraint
Optimal point found for initial point 6
Negative llh: 128.94358268606533
Dropout rate: 0.6368960031629265
Silencing rate: 0.1332000629204623
Sigma: 3.794772383789826
Lambda: 1.0
Initial point 7. Random seed: 9624
Solving with ultrametric constraint
Optimal point found for initial point 7
Negative llh: 128.94358268606533
Dropout rate: 0.09052295440924012
Silencing rate: 0.11751969525571028
Sigma: 3.794772383789826
Lambda: 1.0
Initial point 8. Random seed: 7079
Solving with ultrametric constraint
Optimal point found for initial point 8
Negative llh: 128.94358268606533
Dropout rate: 0.7872123050609992
Silencing rate: 0.6225611299259378
Sigma: 3.794772383789826
Lambda: 1.0
Initial point 9. Random seed: 6341
Solving with ultrametric constraint
Optimal point found for initial point 9
Negative llh: 128.94358268606533
Dropout rate: 0.44647487997985336
Silencing rate: 0.7074088507996569
Sigma: 3.794772383789826
Lambda: 1.0
Initial point 10. Random seed: 9892
Solving with ultrametric constraint
Optimal point found for initial point 10
Negative llh: 128.94358268606533
Dropout rate: 0.7092337735450794
Silencing rate: 0.8978749469070283
Sigma: 3.794772383789826
Lambda: 1.0
{'lambda_param': 1.0, 'phi': 0.5474749550288049, 'nu': 0.3908847322024065, 'sigma': 3.794772383789826, 'locations': {'216_15': (293.0, 317.0), '216_14': (279.0, 319.0), '216_17': (276.0, 266.0), '216_16': (273.0, 287.0), '216_19': (296.0, 274.0), '216_18': (310.0, 297.0), '216_21': (299.0, 229.0), '216_20': (319.0, 268.0), '216_11': (249.0, 311.0), '216_13': (281.0, 296.0), '216_12': (266.0, 311.0), '216_9': (256.0, 326.0), '216_8': (277.0, 341.0), '216_7': (297.0, 341.0), '216_6': (307.0, 361.0), '216_1': (240.0, 380.0), '216_5': (251.0, 343.0), '216_4': (289.0, 328.0), '216_3': (287.0, 341.0)}}
Runtime (s): 159.859062358737
