Launching Problin version 0.5b
Problin was called as follow: /u/gh2161/Spatial-Division/problin/run_problin.py -c intmem_real_data/s20c2/characters.txt -t intmem_real_data/s20c2/true_tree.nwk -S intmem_real_data/s20c2/leaf_locations.txt --delimiter comma -p intmem_real_data/s20c2/prior.csv -o intmem_real_data/s20c2/spalin-divide-beta7.txt --nInitials 10 --ultrametric --randomreps 3 --divide --radius 7
Optimization by Spalin-Divide: Scipy-SLSQP using spatial information
Optimizing branch lengths, phi, and nu without topology search
Initial point 1. Random seed: 834
Solving with ultrametric constraint
Optimal point found for initial point 1
Negative llh: 216.50008114316103
Dropout rate: 1.08050961782157e-09
Silencing rate: 3.722755024731226e-10
Sigma: 1.4016005561460525
Lambda: 0.0056811216905286906
Initial point 2. Random seed: 765
Solving with ultrametric constraint
Optimal point found for initial point 2
Negative llh: 216.50004460309958
Dropout rate: 2.4093999432934764e-09
Silencing rate: 1.0138414230378877e-10
Sigma: 1.401609291418545
Lambda: 0.005680976494802553
Initial point 3. Random seed: 1151
Solving with ultrametric constraint
Optimal point found for initial point 3
Negative llh: 216.50109008575313
Dropout rate: 4.675651550565021e-10
Silencing rate: 1.688403426218133e-08
Sigma: 1.4024338066649922
Lambda: 0.00567149775289453
Initial point 4. Random seed: 36
Solving with ultrametric constraint
Optimal point found for initial point 4
Negative llh: 216.5006979584117
Dropout rate: 1e-10
Silencing rate: 1e-10
Sigma: 1.4026052991398186
Lambda: 0.00569545213767596
Initial point 5. Random seed: 8081
Solving with ultrametric constraint
Fatal: failed to optimize using initial point 5
Initial point 6. Random seed: 8982
Solving with ultrametric constraint
Optimal point found for initial point 6
Negative llh: 216.5000441592403
Dropout rate: 1e-10
Silencing rate: 1e-10
Sigma: 1.4017217290487343
Lambda: 0.005681669456961212
Initial point 7. Random seed: 8306
Solving with ultrametric constraint
Optimal point found for initial point 7
Negative llh: 216.50004449830945
Dropout rate: 2.907345984237426e-09
Silencing rate: 1.1769772616558334e-09
Sigma: 1.4016266939427386
Lambda: 0.005681352093933013
Initial point 8. Random seed: 8330
Solving with ultrametric constraint
Optimal point found for initial point 8
Negative llh: 216.50010051364268
Dropout rate: 1.0000000000000007e-10
Silencing rate: 9.999999999999996e-11
Sigma: 1.4020858895641697
Lambda: 0.005683773253565866
Initial point 9. Random seed: 3683
Solving with ultrametric constraint
Optimal point found for initial point 9
Negative llh: 216.50023908017997
Dropout rate: 1e-10
Silencing rate: 1e-10
Sigma: 1.4016763069317375
Lambda: 0.005680069264695432
Initial point 10. Random seed: 2735
Solving with ultrametric constraint
Optimal point found for initial point 10
Negative llh: 216.7701571983191
Dropout rate: 2.431609175132144e-10
Silencing rate: 1.0040140328432551e-10
Sigma: 1.4226636419326193
Lambda: 0.005849221729862552
{'lambda_param': 0.005681669456961212, 'phi': 1e-10, 'nu': 1e-10, 'sigma': 1.4017217290487343, 'locations': {'216_15': (293.0, 317.0), '216_14': (279.0, 319.0), '216_17': (276.0, 266.0), '216_16': (273.0, 287.0), '216_19': (296.0, 274.0), '216_18': (310.0, 297.0), '216_21': (299.0, 229.0), '216_20': (319.0, 268.0), '216_11': (249.0, 311.0), '216_13': (281.0, 296.0), '216_12': (266.0, 311.0), '216_9': (256.0, 326.0), '216_8': (277.0, 341.0), '216_7': (297.0, 341.0), '216_6': (307.0, 361.0), '216_1': (240.0, 380.0), '216_5': (251.0, 343.0), '216_4': (289.0, 328.0), '216_3': (287.0, 341.0)}, 'radius': 7.0, 'thetas': {'212_3': 1.7234480148582263, '159_2': 6.056820121467754, '106_1': -0.9440860923535942, '207_5': 1.1072746807762444, '209_7': 13.186738207449816, '155_3': -5.826015510052838, '201_8': 8.639397672172386, '155_4': -6.598209170720619, '106_2': 0.8947225525285604, '59_1': 2.20226939922349, '175_12': 1.0970029524719151, '179_12': 7.307215152224412, '126_6': 4.932365050624601, '177_10': 1.7126831250639623, '180_9': 2.999691012050372, '130_5': 4.459013799488488, '73_3': 5.279094443315369, '16_1': 1.9952112090902856}}
Runtime (s): 1522.2544078491628
