Launching Problin version 0.5b
Problin was called as follow: /u/gh2161/Spatial-Division/problin/run_problin.py -c intmem_real_data/s16c8/characters.txt -t intmem_real_data/s16c8/true_tree.nwk -S intmem_real_data/s16c8/leaf_locations.txt --delimiter comma -p intmem_real_data/s16c8/prior.csv -o intmem_real_data/s16c8/spalin.txt --nInitials 10 --ultrametric --randomreps 3
Optimization by Spalin: Scipy-SLSQP using spatial information
Optimizing branch lengths, phi, and nu without topology search
Initial point 1. Random seed: 7028
Solving with ultrametric constraint
Optimal point found for initial point 1
Negative llh: 121.80961022981651
Dropout rate: 1e-10
Silencing rate: 1e-10
Sigma: 3.479138690519202
Lambda: 0.008707084514407439
Initial point 2. Random seed: 7536
Solving with ultrametric constraint
Optimal point found for initial point 2
Negative llh: 151.58541561039962
Dropout rate: 4.591368104973609e-10
Silencing rate: 1.6529994376274168e-10
Sigma: 3.295479195551013
Lambda: 0.0009767235482201256
Initial point 3. Random seed: 6255
Solving with ultrametric constraint
Optimal point found for initial point 3
Negative llh: 151.58675144351943
Dropout rate: 3.5783462610447556e-10
Silencing rate: 1.4940214948998756e-10
Sigma: 3.291798814881044
Lambda: 0.0009766628348512807
Initial point 4. Random seed: 599
Solving with ultrametric constraint
Optimal point found for initial point 4
Negative llh: 151.58300155952634
Dropout rate: 1e-10
Silencing rate: 1e-10
Sigma: 3.2953979844334014
Lambda: 0.0009768395369144456
Initial point 5. Random seed: 9024
Solving with ultrametric constraint
Optimal point found for initial point 5
Negative llh: 151.58322119358218
Dropout rate: 5.068850965438529e-10
Silencing rate: 1.6297204094392567e-10
Sigma: 3.295497786874281
Lambda: 0.0009768289184586814
Initial point 6. Random seed: 2485
Solving with ultrametric constraint
Optimal point found for initial point 6
Negative llh: 121.80961051037238
Dropout rate: 4.768204673626269e-10
Silencing rate: 1.0966941992202445e-10
Sigma: 3.479258683030407
Lambda: 0.008707468033353196
Initial point 7. Random seed: 755
Solving with ultrametric constraint
Optimal point found for initial point 7
Negative llh: 121.8096108319522
Dropout rate: 1.0000000000000007e-10
Silencing rate: 9.999999999999996e-11
Sigma: 3.4788920257903495
Lambda: 0.00870769884074335
Initial point 8. Random seed: 5125
Solving with ultrametric constraint
Optimal point found for initial point 8
Negative llh: 151.5746681297656
Dropout rate: 1e-10
Silencing rate: 1e-10
Sigma: 3.29586939808314
Lambda: 0.0009772406736746045
Initial point 9. Random seed: 9675
Solving with ultrametric constraint
Optimal point found for initial point 9
Negative llh: 151.58441776182536
Dropout rate: 1e-10
Silencing rate: 1e-10
Sigma: 3.2954782384432564
Lambda: 0.0009767704445762596
Initial point 10. Random seed: 2246
Solving with ultrametric constraint
Optimal point found for initial point 10
Negative llh: 151.58583476896735
Dropout rate: 1.0000000000000002e-10
Silencing rate: 1e-10
Sigma: 3.2965131803158134
Lambda: 0.0009767111468494505
{'lambda_param': 0.008707084514407439, 'phi': 1e-10, 'nu': 1e-10, 'sigma': 3.479138690519202, 'locations': {'216_8': (265.0, 316.0), '216_7': (274.0, 328.0), '216_6': (277.0, 337.0), '216_5': (298.0, 370.0), '216_2': (317.0, 404.0), '216_1': (354.0, 405.0), '216_4': (298.0, 400.0), '216_3': (299.0, 381.0), '216_9': (307.0, 310.0), '216_11': (251.0, 286.0), '216_10': (270.0, 299.0)}}
Runtime (s): 86.03933056164533
