Launching Problin version 0.5b
Problin was called as follow: /u/gh2161/Spatial-Division/problin/run_problin.py -c real_location_data/s19c4/k10_r2_character_matrix.csv -t real_location_data/s19c4/true_tree.nwk -S real_location_data/s19c4/leaf_locations.txt --delimiter comma -p real_location_data/s19c4/k10_priors.csv -o real_location_data/s19c4/k10_r2_spalin-spatialonly.txt --nInitials 10 --ultrametric --randomreps 3 --spatial_only
Optimization by Spalin: Scipy-SLSQP using spatial information
Optimizing branch lengths, phi, and nu without topology search
only spatial
Initial point 1. Random seed: 2593
Solving with ultrametric constraint
Optimal point found for initial point 1
Negative llh: 100.79350481095283
Dropout rate: 0.3186528566899921
Silencing rate: 0.051003690336123744
Sigma: 3.7481216457098783
Lambda: 1.0
Initial point 2. Random seed: 3987
Solving with ultrametric constraint
Optimal point found for initial point 2
Negative llh: 100.79350481095283
Dropout rate: 0.7114068106708781
Silencing rate: 0.8520548007762302
Sigma: 3.7481216457098783
Lambda: 1.0
Initial point 3. Random seed: 8895
Solving with ultrametric constraint
Optimal point found for initial point 3
Negative llh: 100.79350481095283
Dropout rate: 0.975490958462958
Silencing rate: 0.032454862135930046
Sigma: 3.7481216457098783
Lambda: 1.0
Initial point 4. Random seed: 1866
Solving with ultrametric constraint
Optimal point found for initial point 4
Negative llh: 100.79350481095283
Dropout rate: 0.7332581297752774
Silencing rate: 0.507614493863097
Sigma: 3.7481216457098783
Lambda: 1.0
Initial point 5. Random seed: 6859
Solving with ultrametric constraint
Optimal point found for initial point 5
Negative llh: 100.79350481095283
Dropout rate: 0.9565393552173604
Silencing rate: 0.3480928273365759
Sigma: 3.7481216457098783
Lambda: 1.0
Initial point 6. Random seed: 1390
Solving with ultrametric constraint
Optimal point found for initial point 6
Negative llh: 100.79350481095283
Dropout rate: 0.28424164035551913
Silencing rate: 0.7733303143903889
Sigma: 3.7481216457098783
Lambda: 1.0
Initial point 7. Random seed: 6111
Solving with ultrametric constraint
Optimal point found for initial point 7
Negative llh: 100.79350481095283
Dropout rate: 0.024525220563993245
Silencing rate: 0.9833461794619789
Sigma: 3.7481216457098783
Lambda: 1.0
Initial point 8. Random seed: 1890
Solving with ultrametric constraint
Optimal point found for initial point 8
Negative llh: 100.79350481095283
Dropout rate: 0.24899950341517355
Silencing rate: 0.6818678128046791
Sigma: 3.7481216457098783
Lambda: 1.0
Initial point 9. Random seed: 9662
Solving with ultrametric constraint
Optimal point found for initial point 9
Negative llh: 100.79350481095283
Dropout rate: 0.8670685218507148
Silencing rate: 0.0737271910506725
Sigma: 3.7481216457098783
Lambda: 1.0
Initial point 10. Random seed: 5312
Solving with ultrametric constraint
Optimal point found for initial point 10
Negative llh: 100.79350481095283
Dropout rate: 0.16520618774273835
Silencing rate: 0.7871834021765659
Sigma: 3.7481216457098783
Lambda: 1.0
{'lambda_param': 1.0, 'phi': 0.3186528566899921, 'nu': 0.051003690336123744, 'sigma': 3.7481216457098783, 'locations': {'216_10': (378.0, 244.0), '216_9': (348.0, 251.0), '216_16': (315.0, 196.0), '216_15': (338.0, 200.0), '216_14': (416.0, 169.0), '216_13': (374.0, 209.0), '216_8': (421.0, 151.0), '216_7': (460.0, 136.0), '216_6': (410.0, 153.0), '216_5': (414.0, 180.0), '216_4': (401.0, 191.0), '216_3': (392.0, 219.0), '216_2': (414.0, 216.0), '216_1': (359.0, 227.0)}}
Runtime (s): 95.07577729038894
