Launching Problin version 0.5b
Problin was called as follow: /u/gh2161/Spatial-Division/problin/run_problin.py -c simulated_seq_simulated_loc/s14c2/k50_character_matrix.csv -t simulated_seq_simulated_loc/s14c2/true_tree.nwk --delimiter comma -p simulated_seq_simulated_loc/s14c2/k50_priors.csv -o simulated_seq_simulated_loc/s14c2/k50_problin.txt --nInitials 10 --ultrametric --randomreps 3
Optimization by EM algorithm
Optimizing branch lengths, phi, and nu without topology search
Initial point 1. Random seed: 8522
Solving with ultrametric constraint
Initial phi: 0.01891313746785522. Initial nu: 0.2776264465895999. Initial nllh: 28276.710204987714
EM finished after 10 iterations.
Optimal point found for initial point 1
Negative llh: 317.5429110639114
Dropout rate: 0
Silencing rate: 1.9917334228105506e-07
Initial point 2. Random seed: 8912
Solving with ultrametric constraint
Initial phi: 0.09537601570159475. Initial nu: 0.5451321561816417. Initial nllh: 547.8008768136751
EM finished after 9 iterations.
Optimal point found for initial point 2
Negative llh: 317.5429091500532
Dropout rate: 0
Silencing rate: 1.9304370722615186e-07
Initial point 3. Random seed: 1537
Solving with ultrametric constraint
Initial phi: 0.12742288791073014. Initial nu: 0.9218772879355174. Initial nllh: 682.0314595296236
EM finished after 10 iterations.
Optimal point found for initial point 3
Negative llh: 317.5429094572994
Dropout rate: 0
Silencing rate: 1.944457193609193e-07
Initial point 4. Random seed: 9763
Solving with ultrametric constraint
Initial phi: 0.4477014692538251. Initial nu: 0.4515842262448049. Initial nllh: 891.2623138488883
EM finished after 10 iterations.
Optimal point found for initial point 4
Negative llh: 317.54291070515933
Dropout rate: 0
Silencing rate: 1.9895534437305989e-07
Initial point 5. Random seed: 4725
Solving with ultrametric constraint
Initial phi: 0.7713827174002528. Initial nu: 0.23659745762882536. Initial nllh: 1491.6312003751618
EM finished after 8 iterations.
Optimal point found for initial point 5
Negative llh: 317.5429109311427
Dropout rate: 0
Silencing rate: 1.9881814459907485e-07
Initial point 6. Random seed: 690
Solving with ultrametric constraint
Initial phi: 0.2242467817123483. Initial nu: 0.8732630308728351. Initial nllh: 756.4126415759051
EM finished after 9 iterations.
Optimal point found for initial point 6
Negative llh: 317.5429095936974
Dropout rate: 0
Silencing rate: 1.939610035544294e-07
Initial point 7. Random seed: 2316
Solving with ultrametric constraint
Initial phi: 0.219646826341967. Initial nu: 0.2575073908616695. Initial nllh: 576.8060525741755
EM finished after 8 iterations.
Optimal point found for initial point 7
Negative llh: 317.5429092776829
Dropout rate: 0
Silencing rate: 1.9287538708891041e-07
Initial point 8. Random seed: 6654
Solving with ultrametric constraint
Initial phi: 0.09547658069466783. Initial nu: 0.028327838104590983. Initial nllh: 400.8619700434092
EM finished after 6 iterations.
Optimal point found for initial point 8
Negative llh: 317.54291097239076
Dropout rate: 0
Silencing rate: 1.9879143392188586e-07
Initial point 9. Random seed: 1034
Solving with ultrametric constraint
Initial phi: 0.6008780376550784. Initial nu: 0.8176197763978014. Initial nllh: 1239.008084902126
EM finished after 10 iterations.
Optimal point found for initial point 9
Negative llh: 317.5429105549103
Dropout rate: 0
Silencing rate: 1.9834265589063337e-07
Initial point 10. Random seed: 6441
Solving with ultrametric constraint
Initial phi: 0.9120493650009915. Initial nu: 0.5183200328092752. Initial nllh: 2288.2325725043306
EM finished after 9 iterations.
Optimal point found for initial point 10
Negative llh: 317.5429089221011
Dropout rate: 0
Silencing rate: 1.9228284710248945e-07
Runtime (s): 8.58866175590083
