Launching Problin version 0.5b
Problin was called as follow: /u/gh2161/Spatial-Division/problin/run_problin.py -c real_location_data/s7c5/k10_r4_character_matrix.csv -t real_location_data/s7c5/true_tree.nwk -S real_location_data/s7c5/leaf_locations.txt --delimiter comma -p real_location_data/s7c5/k10_priors.csv -o real_location_data/s7c5/k10_r4_spalin-divide-beta1.txt --nInitials 10 --ultrametric --randomreps 3 --divide --radius 1
Optimization by Spalin-Divide: Scipy-SLSQP using spatial information
Optimizing branch lengths, phi, and nu without topology search
Initial point 1. Random seed: 4459
Solving with ultrametric constraint
Optimal point found for initial point 1
Negative llh: 157.72769028198547
Dropout rate: 8.982486238408971e-10
Silencing rate: 4.4261905520670194e-10
Sigma: 1.9785227696633239
Initial point 2. Random seed: 8265
Solving with ultrametric constraint
Optimal point found for initial point 2
Negative llh: 157.72769020178393
Dropout rate: 5.006133265175418e-10
Silencing rate: 3.2097018212074386e-10
Sigma: 1.9785273965645285
Initial point 3. Random seed: 8549
Solving with ultrametric constraint
Optimal point found for initial point 3
Negative llh: 157.72769029551696
Dropout rate: 1.0000000000000002e-10
Silencing rate: 1e-10
Sigma: 1.9785486258300986
Initial point 4. Random seed: 4476
Solving with ultrametric constraint
Optimal point found for initial point 4
Negative llh: 183.7689380393743
Dropout rate: 1e-10
Silencing rate: 1e-10
Sigma: 1.923196068919158
Initial point 5. Random seed: 9241
Solving with ultrametric constraint
Optimal point found for initial point 5
Negative llh: 157.72769013404337
Dropout rate: 1.5177230020828518e-10
Silencing rate: 1.3370687531328957e-10
Sigma: 1.9786294513905631
Initial point 6. Random seed: 7889
Solving with ultrametric constraint
Optimal point found for initial point 6
Negative llh: 157.7276906226865
Dropout rate: 6.31156128939112e-10
Silencing rate: 3.598488849364628e-10
Sigma: 1.9786533726806694
Initial point 7. Random seed: 4020
Solving with ultrametric constraint
Optimal point found for initial point 7
Negative llh: 157.7281924342848
Dropout rate: 2.9828822980949207e-10
Silencing rate: 1.9134947143026164e-10
Sigma: 1.9775788532048786
Initial point 8. Random seed: 3326
Solving with ultrametric constraint
Optimal point found for initial point 8
Negative llh: 183.76760812732851
Dropout rate: 5.06696625952314e-10
Silencing rate: 1.366935477541423e-10
Sigma: 1.9271209763609252
Initial point 9. Random seed: 5620
Solving with ultrametric constraint
Optimal point found for initial point 9
Negative llh: 157.72769085501614
Dropout rate: 2.0702427751463694e-10
Silencing rate: 1.5448946098300435e-10
Sigma: 1.9785318325739263
Initial point 10. Random seed: 9375
Solving with ultrametric constraint
Optimal point found for initial point 10
Negative llh: 183.76891050022556
Dropout rate: 1e-10
Silencing rate: 1e-10
Sigma: 1.9238088793325514
Runtime (s): 877.1411934923381
