Launching Problin version 0.5b
Problin was called as follow: /u/gh2161/Spatial-Division/problin/run_problin.py -c real_location_data/s7c5/k10_r3_character_matrix.csv -t real_location_data/s7c5/true_tree.nwk -S real_location_data/s7c5/leaf_locations.txt --delimiter comma -p real_location_data/s7c5/k10_priors.csv -o real_location_data/s7c5/k10_r3_spalin.txt --nInitials 10 --ultrametric --randomreps 3
Optimization by Spalin: Scipy-SLSQP using spatial information
Optimizing branch lengths, phi, and nu without topology search
Initial point 1. Random seed: 8717
Solving with ultrametric constraint
Optimal point found for initial point 1
Negative llh: 142.72627451680918
Dropout rate: 1.0000000000000002e-10
Silencing rate: 1e-10
Sigma: 3.6744631570915294
Lambda: 0.0050113193387116535
Initial point 2. Random seed: 6667
Solving with ultrametric constraint
Optimal point found for initial point 2
Negative llh: 158.86955734391648
Dropout rate: 1e-10
Silencing rate: 1e-10
Sigma: 3.2729520739111067
Lambda: 0.0009767431510741991
Initial point 3. Random seed: 8033
Solving with ultrametric constraint
Optimal point found for initial point 3
Negative llh: 142.7262743658568
Dropout rate: 2.2995706152220435e-10
Silencing rate: 1.5047636816225898e-10
Sigma: 3.6741085985309176
Lambda: 0.00501096430959376
Initial point 4. Random seed: 1942
Solving with ultrametric constraint
Optimal point found for initial point 4
Negative llh: 158.8692274140039
Dropout rate: 4.2966355536595024e-10
Silencing rate: 1.6792847369345632e-10
Sigma: 3.2731758751542723
Lambda: 0.0009767736842379042
Initial point 5. Random seed: 5233
Solving with ultrametric constraint
Optimal point found for initial point 5
Negative llh: 142.72627431359643
Dropout rate: 1e-10
Silencing rate: 1e-10
Sigma: 3.674360316369103
Lambda: 0.0050111938428496275
Initial point 6. Random seed: 4953
Solving with ultrametric constraint
Optimal point found for initial point 6
Negative llh: 158.86925102660803
Dropout rate: 1.5124035918199325e-10
Silencing rate: 1.1487716216802142e-10
Sigma: 3.2729695225738755
Lambda: 0.0009767718815748658
Initial point 7. Random seed: 286
Solving with ultrametric constraint
Optimal point found for initial point 7
Negative llh: 142.7263639151379
Dropout rate: 9.999999999999996e-11
Silencing rate: 1.0000000000000002e-10
Sigma: 3.67374744255164
Lambda: 0.005010786126996265
Initial point 8. Random seed: 2428
Solving with ultrametric constraint
Optimal point found for initial point 8
Negative llh: 158.86925299129467
Dropout rate: 1.2883119293678388e-10
Silencing rate: 1.0803261259736442e-10
Sigma: 3.2729929449155004
Lambda: 0.000976771361563832
Initial point 9. Random seed: 1450
Solving with ultrametric constraint
Optimal point found for initial point 9
Negative llh: 142.72627449069864
Dropout rate: 9.763310218022893e-10
Silencing rate: 4.1498890022121115e-10
Sigma: 3.6742417175200544
Lambda: 0.0050111939859743115
Initial point 10. Random seed: 4903
Solving with ultrametric constraint
Optimal point found for initial point 10
Negative llh: 142.72627445043273
Dropout rate: 5.97830460220859e-10
Silencing rate: 3.4831949895415366e-10
Sigma: 3.6740985085615145
Lambda: 0.005011033197200462
{'lambda_param': 0.0050111938428496275, 'phi': 1e-10, 'nu': 1e-10, 'sigma': 3.674360316369103, 'locations': {'216_4': (178.0, 214.0), '216_3': (154.0, 258.0), '216_5': (150.0, 209.0), '216_7': (122.0, 175.0), '216_6': (103.0, 185.0), '216_9': (162.0, 180.0), '216_8': (165.0, 198.0), '216_11': (151.0, 142.0), '216_10': (172.0, 156.0), '216_13': (202.0, 164.0), '216_12': (187.0, 191.0), '216_15': (185.0, 120.0), '216_14': (198.0, 137.0)}}
Runtime (s): 97.62102255038917
