Launching Problin version 0.5b
Problin was called as follow: /u/gh2161/Spatial-Division/problin/run_problin.py -c real_location_data/s18c2/k10_r4_character_matrix.csv -t real_location_data/s18c2/true_tree.nwk -S real_location_data/s18c2/leaf_locations.txt --delimiter comma -p real_location_data/s18c2/k10_priors.csv -o real_location_data/s18c2/k10_r4_spalin-divide-beta6.txt --nInitials 10 --ultrametric --randomreps 3 --divide --given_beta 6 --incl_beta_bound
Optimization by Spalin-Divide: Scipy-SLSQP using spatial information
Optimizing branch lengths, phi, and nu without topology search
Initial point 1. Random seed: 2452
Solving with ultrametric constraint
Optimal point found for initial point 1
Negative llh: 268.62182191191096
Dropout rate: 9.999999999999996e-11
Silencing rate: 1.0000000000000002e-10
Sigma: 4.950500637836112
Initial point 2. Random seed: 3265
Solving with ultrametric constraint
Optimal point found for initial point 2
Negative llh: 268.62182356717824
Dropout rate: 3.166372261133796e-10
Silencing rate: 1.9281648652803251e-10
Sigma: 4.950536711939506
Initial point 3. Random seed: 8662
Solving with ultrametric constraint
Optimal point found for initial point 3
Negative llh: 268.6218266813771
Dropout rate: 1e-10
Silencing rate: 1e-10
Sigma: 4.950506829210262
Initial point 4. Random seed: 4947
Solving with ultrametric constraint
Optimal point found for initial point 4
Negative llh: 268.6218239315027
Dropout rate: 9.999999999999996e-11
Silencing rate: 1.0000000000000002e-10
Sigma: 4.950494957065914
Initial point 5. Random seed: 3605
Solving with ultrametric constraint
Optimal point found for initial point 5
Negative llh: 268.62182445822725
Dropout rate: 2.163513041195896e-10
Silencing rate: 1.4985908351970228e-10
Sigma: 4.950534868796449
Initial point 6. Random seed: 5755
Solving with ultrametric constraint
Optimal point found for initial point 6
Negative llh: 268.62182067794845
Dropout rate: 1e-10
Silencing rate: 1e-10
Sigma: 4.950510630898418
Initial point 7. Random seed: 7971
Solving with ultrametric constraint
Optimal point found for initial point 7
Negative llh: 268.6218216420798
Dropout rate: 2.8305584366678146e-10
Silencing rate: 1.7843622013469542e-10
Sigma: 4.950561313605392
Initial point 8. Random seed: 4701
Solving with ultrametric constraint
Optimal point found for initial point 8
Negative llh: 268.6218223222205
Dropout rate: 3.352738795763025e-10
Silencing rate: 2.0078074448387395e-10
Sigma: 4.95043329813351
Initial point 9. Random seed: 7098
Solving with ultrametric constraint
Optimal point found for initial point 9
Negative llh: 268.62182323209083
Dropout rate: 1.0000000000000002e-10
Silencing rate: 9.999999999999999e-11
Sigma: 4.950507488992558
Initial point 10. Random seed: 3164
Solving with ultrametric constraint
Optimal point found for initial point 10
Negative llh: 268.6218216472751
Dropout rate: 4.2127654581715465e-10
Silencing rate: 2.8980550771086436e-10
Sigma: 4.95045495848642
Runtime (s): 2877.7979977850337
