Launching Problin version 0.5b
Problin was called as follow: /u/gh2161/Spatial-Division/problin/run_problin.py -c real_location_data/s18c2/k10_r5_character_matrix.csv -t real_location_data/s18c2/true_tree.nwk -S real_location_data/s18c2/leaf_locations.txt --delimiter comma -p real_location_data/s18c2/k10_priors.csv -o real_location_data/s18c2/k10_r5_spalin-divide-beta20.txt --nInitials 10 --ultrametric --randomreps 3 --divide --given_beta 20 --incl_beta_bound
Optimization by Spalin-Divide: Scipy-SLSQP using spatial information
Optimizing branch lengths, phi, and nu without topology search
Initial point 1. Random seed: 344
Solving with ultrametric constraint
Optimal point found for initial point 1
Negative llh: 251.50681226075295
Dropout rate: 2.1801515484823217e-10
Silencing rate: 1.6713217735661238e-10
Sigma: 3.930353254053191
Initial point 2. Random seed: 4821
Solving with ultrametric constraint
Optimal point found for initial point 2
Negative llh: 251.50681343363203
Dropout rate: 6.564505156345836e-10
Silencing rate: 4.745095749123872e-10
Sigma: 3.930237956671028
Initial point 3. Random seed: 9705
Solving with ultrametric constraint
Optimal point found for initial point 3
Negative llh: 251.50681020934994
Dropout rate: 1.0000000000000002e-10
Silencing rate: 1e-10
Sigma: 3.9305004596173254
Initial point 4. Random seed: 3640
Solving with ultrametric constraint
Optimal point found for initial point 4
Negative llh: 251.50680801474766
Dropout rate: 1.0468382462874531e-10
Silencing rate: 1.026640030471756e-10
Sigma: 3.9303594960826724
Initial point 5. Random seed: 4341
Solving with ultrametric constraint
Optimal point found for initial point 5
Negative llh: 251.50683798353202
Dropout rate: 4.858566313384243e-10
Silencing rate: 2.941438392432771e-10
Sigma: 3.930387317033378
Initial point 6. Random seed: 4075
Solving with ultrametric constraint
Optimal point found for initial point 6
Negative llh: 251.5068126576997
Dropout rate: 1.8606548185675876e-10
Silencing rate: 3.47553668417524e-10
Sigma: 3.9303384940316826
Initial point 7. Random seed: 784
Solving with ultrametric constraint
Optimal point found for initial point 7
Negative llh: 251.50680943180532
Dropout rate: 1.0000000000000002e-10
Silencing rate: 1e-10
Sigma: 3.9303305371718893
Initial point 8. Random seed: 2210
Solving with ultrametric constraint
Optimal point found for initial point 8
Negative llh: 251.5068105691376
Dropout rate: 1.6088208808145699e-09
Silencing rate: 5.809291295319461e-10
Sigma: 3.9304009681811154
Initial point 9. Random seed: 5568
Solving with ultrametric constraint
Optimal point found for initial point 9
Negative llh: 251.50680863889605
Dropout rate: 1e-10
Silencing rate: 1e-10
Sigma: 3.9303600282942406
Initial point 10. Random seed: 6565
Solving with ultrametric constraint
Fatal: failed to optimize using initial point 10
Runtime (s): 2266.472217073664
