Launching Problin version 0.5b
Problin was called as follow: /u/gh2161/Spatial-Division/problin/run_problin.py -c real_location_data/s18c2/k10_r2_character_matrix.csv -t real_location_data/s18c2/true_tree.nwk -S real_location_data/s18c2/leaf_locations.txt --delimiter comma -p real_location_data/s18c2/k10_priors.csv -o real_location_data/s18c2/k10_r2_spalin-divide-beta9.txt --nInitials 10 --ultrametric --randomreps 3 --divide --given_beta 9 --incl_beta_bound
Optimization by Spalin-Divide: Scipy-SLSQP using spatial information
Optimizing branch lengths, phi, and nu without topology search
Initial point 1. Random seed: 9791
Solving with ultrametric constraint
Optimal point found for initial point 1
Negative llh: 274.81888531819124
Dropout rate: 1e-10
Silencing rate: 1e-10
Sigma: 4.148823903040761
Initial point 2. Random seed: 8550
Solving with ultrametric constraint
Optimal point found for initial point 2
Negative llh: 274.81889026006365
Dropout rate: 1.0000000000000007e-10
Silencing rate: 9.999999999999996e-11
Sigma: 4.148815733985402
Initial point 3. Random seed: 7509
Solving with ultrametric constraint
Optimal point found for initial point 3
Negative llh: 274.8188875766594
Dropout rate: 1.9393059850764317e-09
Silencing rate: 9.56093106915585e-10
Sigma: 4.148827385941621
Initial point 4. Random seed: 1988
Solving with ultrametric constraint
Optimal point found for initial point 4
Negative llh: 274.8188853675431
Dropout rate: 9.999999999999996e-11
Silencing rate: 1.0000000000000002e-10
Sigma: 4.148835092718313
Initial point 5. Random seed: 4571
Solving with ultrametric constraint
Optimal point found for initial point 5
Negative llh: 274.818887242124
Dropout rate: 1e-10
Silencing rate: 1e-10
Sigma: 4.148842671044886
Initial point 6. Random seed: 8681
Solving with ultrametric constraint
Optimal point found for initial point 6
Negative llh: 274.81888706099596
Dropout rate: 8.192014498760994e-10
Silencing rate: 4.4836283289314265e-10
Sigma: 4.1488882509583345
Initial point 7. Random seed: 9082
Solving with ultrametric constraint
Optimal point found for initial point 7
Negative llh: 274.81889881609766
Dropout rate: 1.0000000000000002e-10
Silencing rate: 1e-10
Sigma: 4.148637149330585
Initial point 8. Random seed: 7733
Solving with ultrametric constraint
Optimal point found for initial point 8
Negative llh: 274.81888703937284
Dropout rate: 1.1340539469976115e-10
Silencing rate: 1.0623953553412307e-10
Sigma: 4.148823566363751
Initial point 9. Random seed: 2265
Solving with ultrametric constraint
Optimal point found for initial point 9
Negative llh: 274.8188864492382
Dropout rate: 2.044163510154971e-10
Silencing rate: 1.486021072139445e-10
Sigma: 4.148825061978795
Initial point 10. Random seed: 4645
Solving with ultrametric constraint
Optimal point found for initial point 10
Negative llh: 274.8188930302057
Dropout rate: 1.0000000000000007e-10
Silencing rate: 9.999999999999996e-11
Sigma: 4.148807397990181
Runtime (s): 3273.5402762461454
