Launching Problin version 0.5b
Problin was called as follow: /u/gh2161/Spatial-Division/problin/run_problin.py -c real_location_data/s18c2/k10_r5_character_matrix.csv -t real_location_data/s18c2/true_tree.nwk -S real_location_data/s18c2/leaf_locations.txt --delimiter comma -p real_location_data/s18c2/k10_priors.csv -o real_location_data/s18c2/k10_r5_spalin-divide-beta9.txt --nInitials 10 --ultrametric --randomreps 3 --divide --given_beta 9 --incl_beta_bound
Optimization by Spalin-Divide: Scipy-SLSQP using spatial information
Optimizing branch lengths, phi, and nu without topology search
Initial point 1. Random seed: 497
Solving with ultrametric constraint
Optimal point found for initial point 1
Negative llh: 231.39088135279383
Dropout rate: 1e-10
Silencing rate: 1e-10
Sigma: 4.178285941886676
Initial point 2. Random seed: 8971
Solving with ultrametric constraint
Optimal point found for initial point 2
Negative llh: 231.39088021914833
Dropout rate: 1.619180311650401e-10
Silencing rate: 1.3600597002108056e-10
Sigma: 4.178291434527704
Initial point 3. Random seed: 1077
Solving with ultrametric constraint
Optimal point found for initial point 3
Negative llh: 231.39088369676765
Dropout rate: 1.3901701127102178e-09
Silencing rate: 7.744863226794031e-10
Sigma: 4.178322013239275
Initial point 4. Random seed: 1536
Solving with ultrametric constraint
Optimal point found for initial point 4
Negative llh: 231.390888414677
Dropout rate: 4.814661835100345e-09
Silencing rate: 2.565380889824019e-09
Sigma: 4.17877124610416
Initial point 5. Random seed: 3792
Solving with ultrametric constraint
Optimal point found for initial point 5
Negative llh: 231.39088111805694
Dropout rate: 1e-10
Silencing rate: 1.0000000000000002e-10
Sigma: 4.178305508020736
Initial point 6. Random seed: 4435
Solving with ultrametric constraint
Optimal point found for initial point 6
Negative llh: 231.39088326167303
Dropout rate: 1.0000000000000002e-10
Silencing rate: 1.0000000000000002e-10
Sigma: 4.17822571061253
Initial point 7. Random seed: 2209
Solving with ultrametric constraint
Optimal point found for initial point 7
Negative llh: 231.39088399271546
Dropout rate: 4.025217915088768e-10
Silencing rate: 2.5807270803593004e-10
Sigma: 4.17839618939893
Initial point 8. Random seed: 5116
Solving with ultrametric constraint
Optimal point found for initial point 8
Negative llh: 231.39088123136128
Dropout rate: 8.394820806042585e-10
Silencing rate: 4.871594281386064e-10
Sigma: 4.178286017209535
Initial point 9. Random seed: 7366
Solving with ultrametric constraint
Optimal point found for initial point 9
Negative llh: 231.39088379428097
Dropout rate: 1.1896599152432105e-09
Silencing rate: 6.693666502648754e-10
Sigma: 4.178298320826463
Initial point 10. Random seed: 1869
Solving with ultrametric constraint
Optimal point found for initial point 10
Negative llh: 231.39088688207178
Dropout rate: 1.0000000000000007e-10
Silencing rate: 9.999999999999996e-11
Sigma: 4.178299592177595
Runtime (s): 1797.7799999266863
