Launching Problin version 0.5b
Problin was called as follow: /u/gh2161/Spatial-Division/problin/run_problin.py -c real_location_data/s18c2/k10_r3_character_matrix.csv -t real_location_data/s18c2/true_tree.nwk -S real_location_data/s18c2/leaf_locations.txt --delimiter comma -p real_location_data/s18c2/k10_priors.csv -o real_location_data/s18c2/k10_r3_spalin-divide-beta8.txt --nInitials 10 --ultrametric --randomreps 3 --divide --given_beta 8 --incl_beta_bound
Optimization by Spalin-Divide: Scipy-SLSQP using spatial information
Optimizing branch lengths, phi, and nu without topology search
Initial point 1. Random seed: 9620
Solving with ultrametric constraint
Optimal point found for initial point 1
Negative llh: 282.57119445016235
Dropout rate: 1.3847969806178775e-10
Silencing rate: 1.2366786023803818e-10
Sigma: 4.0964110607275845
Initial point 2. Random seed: 4569
Solving with ultrametric constraint
Fatal: failed to optimize using initial point 2
Initial point 3. Random seed: 377
Solving with ultrametric constraint
Fatal: failed to optimize using initial point 3
Initial point 4. Random seed: 7632
Solving with ultrametric constraint
Fatal: failed to optimize using initial point 4
Initial point 5. Random seed: 2727
Solving with ultrametric constraint
Fatal: failed to optimize using initial point 5
Initial point 6. Random seed: 48
Solving with ultrametric constraint
Fatal: failed to optimize using initial point 6
Initial point 7. Random seed: 7938
Solving with ultrametric constraint
Optimal point found for initial point 7
Negative llh: 282.5711940565253
Dropout rate: 2.1231538477976416e-10
Silencing rate: 2.1613581428157625e-10
Sigma: 4.096413589910351
Initial point 8. Random seed: 1308
Solving with ultrametric constraint
Fatal: failed to optimize using initial point 8
Initial point 9. Random seed: 386
Solving with ultrametric constraint
Optimal point found for initial point 9
Negative llh: 282.5711957752279
Dropout rate: 1.2504510316123226e-10
Silencing rate: 1.1539779044543546e-10
Sigma: 4.096418258133014
Initial point 10. Random seed: 1809
Solving with ultrametric constraint
Fatal: failed to optimize using initial point 10
Runtime (s): 1657.303784031421
