Launching Problin version 0.5b
Problin was called as follow: /u/gh2161/Spatial-Division/problin/run_problin.py -c real_location_data/s18c2/k10_r3_character_matrix.csv -t real_location_data/s18c2/true_tree.nwk -S real_location_data/s18c2/leaf_locations.txt --delimiter comma -p real_location_data/s18c2/k10_priors.csv -o real_location_data/s18c2/k10_r3_spalin-spatialonly.txt --nInitials 10 --ultrametric --randomreps 3 --spatial_only
Optimization by Spalin: Scipy-SLSQP using spatial information
Optimizing branch lengths, phi, and nu without topology search
only spatial
Initial point 1. Random seed: 2565
Solving with ultrametric constraint
Optimal point found for initial point 1
Negative llh: 142.23372688123547
Dropout rate: 0.21453939810960296
Silencing rate: 0.3962806349393734
Sigma: 3.346681189907801
Lambda: 1.0
Initial point 2. Random seed: 6376
Solving with ultrametric constraint
Optimal point found for initial point 2
Negative llh: 142.23372688123547
Dropout rate: 0.37855167152674535
Silencing rate: 0.015641309850300458
Sigma: 3.346681189907801
Lambda: 1.0
Initial point 3. Random seed: 8368
Solving with ultrametric constraint
Optimal point found for initial point 3
Negative llh: 142.23372688123547
Dropout rate: 0.08804777806711009
Silencing rate: 0.48276731560765823
Sigma: 3.346681189907801
Lambda: 1.0
Initial point 4. Random seed: 8061
Solving with ultrametric constraint
Optimal point found for initial point 4
Negative llh: 142.23372688123547
Dropout rate: 0.7703177632591695
Silencing rate: 0.8397943450535484
Sigma: 3.346681189907801
Lambda: 1.0
Initial point 5. Random seed: 1235
Solving with ultrametric constraint
Optimal point found for initial point 5
Negative llh: 142.23372688123547
Dropout rate: 0.9288302447038456
Silencing rate: 0.4636547205837485
Sigma: 3.346681189907801
Lambda: 1.0
Initial point 6. Random seed: 2824
Solving with ultrametric constraint
Optimal point found for initial point 6
Negative llh: 142.23372688123547
Dropout rate: 0.08879971335672569
Silencing rate: 0.07495353379202327
Sigma: 3.346681189907801
Lambda: 1.0
Initial point 7. Random seed: 3834
Solving with ultrametric constraint
Optimal point found for initial point 7
Negative llh: 142.23372688123547
Dropout rate: 0.23409987520136535
Silencing rate: 0.8775542766215289
Sigma: 3.346681189907801
Lambda: 1.0
Initial point 8. Random seed: 5038
Solving with ultrametric constraint
Optimal point found for initial point 8
Negative llh: 142.23372688123547
Dropout rate: 0.40518254705538864
Silencing rate: 0.5442689336000426
Sigma: 3.346681189907801
Lambda: 1.0
Initial point 9. Random seed: 8949
Solving with ultrametric constraint
Optimal point found for initial point 9
Negative llh: 142.23372688123547
Dropout rate: 0.238074835173425
Silencing rate: 0.18745129415055675
Sigma: 3.346681189907801
Lambda: 1.0
Initial point 10. Random seed: 897
Solving with ultrametric constraint
Optimal point found for initial point 10
Negative llh: 142.23372688123547
Dropout rate: 0.25896225436423476
Silencing rate: 0.8210335533273075
Sigma: 3.346681189907801
Lambda: 1.0
{'lambda_param': 1.0, 'phi': 0.21453939810960296, 'nu': 0.3962806349393734, 'sigma': 3.346681189907801, 'locations': {'216_19': (31.0, 238.0), '216_18': (43.0, 246.0), '216_21': (86.0, 201.0), '216_20': (66.0, 198.0), '216_17': (63.0, 181.0), '216_16': (54.0, 196.0), '216_13': (67.0, 304.0), '216_15': (28.0, 262.0), '216_14': (49.0, 296.0), '216_4': (79.0, 270.0), '216_3': (84.0, 284.0), '216_2': (113.0, 278.0), '216_1': (93.0, 294.0), '216_6': (82.0, 241.0), '216_5': (63.0, 282.0), '216_8': (55.0, 213.0), '216_7': (68.0, 235.0), '216_10': (111.0, 244.0), '216_9': (104.0, 256.0), '216_12': (135.0, 269.0), '216_11': (118.0, 261.0)}}
Runtime (s): 223.04754359461367
