Launching Problin version 0.5b
Problin was called as follow: /u/gh2161/Spatial-Division/problin/run_problin.py -c real_location_data/s18c2/k10_r2_character_matrix.csv -t real_location_data/s18c2/true_tree.nwk -S real_location_data/s18c2/leaf_locations.txt --delimiter comma -p real_location_data/s18c2/k10_priors.csv -o real_location_data/s18c2/k10_r2_spalin-divide-beta2.txt --nInitials 10 --ultrametric --randomreps 3 --divide --given_beta 2 --incl_beta_bound
Optimization by Spalin-Divide: Scipy-SLSQP using spatial information
Optimizing branch lengths, phi, and nu without topology search
Initial point 1. Random seed: 1769
Solving with ultrametric constraint
Optimal point found for initial point 1
Negative llh: 304.6747647876183
Dropout rate: 1.7087745405025652e-10
Silencing rate: 1.3252092286955048e-10
Sigma: 5.5192600563009915
Initial point 2. Random seed: 4416
Solving with ultrametric constraint
Optimal point found for initial point 2
Negative llh: 304.6747646323598
Dropout rate: 8.728584975046328e-10
Silencing rate: 4.925217095470012e-10
Sigma: 5.519167318276403
Initial point 3. Random seed: 8273
Solving with ultrametric constraint
Optimal point found for initial point 3
Negative llh: 304.6747643060288
Dropout rate: 8.545541354340863e-10
Silencing rate: 5.487184917648976e-10
Sigma: 5.5191995307261505
Initial point 4. Random seed: 1292
Solving with ultrametric constraint
Optimal point found for initial point 4
Negative llh: 304.67476420020193
Dropout rate: 1e-10
Silencing rate: 1e-10
Sigma: 5.519178124975286
Initial point 5. Random seed: 6112
Solving with ultrametric constraint
Optimal point found for initial point 5
Negative llh: 304.67476389270604
Dropout rate: 3.333469126113439e-10
Silencing rate: 2.0707898798619884e-10
Sigma: 5.519193109515889
Initial point 6. Random seed: 7470
Solving with ultrametric constraint
Optimal point found for initial point 6
Negative llh: 304.6747641385865
Dropout rate: 2.8420948587550277e-10
Silencing rate: 1.8453671848209107e-10
Sigma: 5.519189134895018
Initial point 7. Random seed: 1142
Solving with ultrametric constraint
Optimal point found for initial point 7
Negative llh: 304.6747644834883
Dropout rate: 4.208616058083222e-10
Silencing rate: 2.4722214092262544e-10
Sigma: 5.519239653121662
Initial point 8. Random seed: 6625
Solving with ultrametric constraint
Optimal point found for initial point 8
Negative llh: 304.6747638535753
Dropout rate: 1.8350447138294302e-10
Silencing rate: 1.3831978642808772e-10
Sigma: 5.51918238412755
Initial point 9. Random seed: 374
Solving with ultrametric constraint
Optimal point found for initial point 9
Negative llh: 304.67476430532474
Dropout rate: 4.424244320100774e-10
Silencing rate: 2.571309958714737e-10
Sigma: 5.519188405130044
Initial point 10. Random seed: 6070
Solving with ultrametric constraint
Optimal point found for initial point 10
Negative llh: 304.6747646292848
Dropout rate: 1.2905264739714013e-09
Silencing rate: 7.761395850777293e-10
Sigma: 5.519211555547389
Runtime (s): 2206.2114817909896
