Launching Problin version 0.5b
Problin was called as follow: /u/gh2161/Spatial-Division/problin/run_problin.py -c real_location_data/s13c4/k10_r5_character_matrix.csv -t real_location_data/s13c4/true_tree.nwk --delimiter comma -p real_location_data/s13c4/k10_priors.csv -o real_location_data/s13c4/k10_r5_problin.txt --nInitials 10 --ultrametric --randomreps 3 --solver Scipy
Optimization by generic solver (Scipy-SLSQP)
Optimizing branch lengths, phi, and nu without topology search
Initial point 1. Random seed: 1883
Solving with ultrametric constraint
Optimal point found for initial point 1
Negative llh: 87.73130571903779
Dropout rate: 7.69582692844952e-10
Silencing rate: 3.9949883127070733e-10
Lambda: 0.005177846823410308
Initial point 2. Random seed: 811
Solving with ultrametric constraint
Optimal point found for initial point 2
Negative llh: 87.73144238330418
Dropout rate: 2.4310488474532915e-10
Silencing rate: 1.6108100535570137e-10
Lambda: 0.005180131538400135
Initial point 3. Random seed: 382
Solving with ultrametric constraint
Optimal point found for initial point 3
Negative llh: 87.73130601225635
Dropout rate: 7.751881917662679e-10
Silencing rate: 3.674666978981697e-10
Lambda: 0.005177789778732911
Initial point 4. Random seed: 9306
Solving with ultrametric constraint
Optimal point found for initial point 4
Negative llh: 87.73155049170047
Dropout rate: 5.223436865030772e-10
Silencing rate: 2.524481878826028e-10
Lambda: 0.005179869194050182
Initial point 5. Random seed: 2860
Solving with ultrametric constraint
Optimal point found for initial point 5
Negative llh: 87.73130572120728
Dropout rate: 1.0647087069831445e-10
Silencing rate: 1.0213430274627211e-10
Lambda: 0.005177765989583542
Initial point 6. Random seed: 6705
Solving with ultrametric constraint
Optimal point found for initial point 6
Negative llh: 87.73139544686256
Dropout rate: 2.988072532412283e-10
Silencing rate: 1.7438447303698104e-10
Lambda: 0.005178455605048351
Initial point 7. Random seed: 9624
Solving with ultrametric constraint
Optimal point found for initial point 7
Negative llh: 87.73130560354846
Dropout rate: 1.0000000000000007e-10
Silencing rate: 1.0000000000000002e-10
Lambda: 0.005177729742641566
Initial point 8. Random seed: 2911
Solving with ultrametric constraint
Optimal point found for initial point 8
Negative llh: 87.73130565868064
Dropout rate: 1.0000000000000002e-10
Silencing rate: 1e-10
Lambda: 0.005177942130674856
Initial point 9. Random seed: 6669
Solving with ultrametric constraint
Optimal point found for initial point 9
Negative llh: 87.73143293132341
Dropout rate: 1e-10
Silencing rate: 1e-10
Lambda: 0.005180918885876342
Initial point 10. Random seed: 7845
Solving with ultrametric constraint
Optimal point found for initial point 10
Negative llh: 87.73134355884929
Dropout rate: 1.7813355660199899e-10
Silencing rate: 1.3018901577690142e-10
Lambda: 0.005178086130214413
{'phi': 1.0000000000000007e-10, 'nu': 1.0000000000000002e-10, 'lambda_param': 0.005177729742641566}
Runtime (s): 184.71687199175358
