Launching Problin version 0.5b
Problin was called as follow: /u/gh2161/Spatial-Division/problin/run_problin.py -c real_location_data/s13c4/k10_r4_character_matrix.csv -t real_location_data/s13c4/true_tree.nwk -S real_location_data/s13c4/leaf_locations.txt --delimiter comma -p real_location_data/s13c4/k10_priors.csv -o real_location_data/s13c4/k10_r4_spalin-divide-beta10.txt --nInitials 10 --ultrametric --randomreps 3 --divide --radius 10
Optimization by Spalin-Divide: Scipy-SLSQP using spatial information
Optimizing branch lengths, phi, and nu without topology search
Initial point 1. Random seed: 1044
Solving with ultrametric constraint
Fatal: failed to optimize using initial point 1
Initial point 2. Random seed: 7785
Solving with ultrametric constraint
Optimal point found for initial point 2
Negative llh: 224.8277813762814
Dropout rate: 4.398007955302081e-10
Silencing rate: 2.9497076555998914e-10
Sigma: 1.2883619855489434
Initial point 3. Random seed: 4177
Solving with ultrametric constraint
Optimal point found for initial point 3
Negative llh: 224.8279641536971
Dropout rate: 1.4754177606701836e-09
Silencing rate: 1.1186586063457524e-09
Sigma: 1.2880130673578876
Initial point 4. Random seed: 7725
Solving with ultrametric constraint
Optimal point found for initial point 4
Negative llh: 224.82753075753755
Dropout rate: 1.0000000000000007e-10
Silencing rate: 1e-10
Sigma: 1.2881396295083656
Initial point 5. Random seed: 8283
Solving with ultrametric constraint
Fatal: failed to optimize using initial point 5
Initial point 6. Random seed: 3543
Solving with ultrametric constraint
Optimal point found for initial point 6
Negative llh: 224.82780418616483
Dropout rate: 1.1340810468180978e-09
Silencing rate: 1.0100162331992773e-10
Sigma: 1.2881176902973752
Initial point 7. Random seed: 8949
Solving with ultrametric constraint
Optimal point found for initial point 7
Negative llh: 224.82784189014612
Dropout rate: 1e-10
Silencing rate: 1e-10
Sigma: 1.2880167512187255
Initial point 8. Random seed: 6535
Solving with ultrametric constraint
Optimal point found for initial point 8
Negative llh: 224.82769959038362
Dropout rate: 1.0326937061626296e-09
Silencing rate: 1.2336675909074865e-10
Sigma: 1.2888153240482083
Initial point 9. Random seed: 7299
Solving with ultrametric constraint
Optimal point found for initial point 9
Negative llh: 224.8276299731835
Dropout rate: 1e-10
Silencing rate: 1e-10
Sigma: 1.2882880513182198
Initial point 10. Random seed: 1855
Solving with ultrametric constraint
Optimal point found for initial point 10
Negative llh: 224.8275305425134
Dropout rate: 4.728714619811703e-10
Silencing rate: 1e-10
Sigma: 1.2881130879822973
Runtime (s): 1011.5801184177399
