Launching Problin version 0.5b
Problin was called as follow: /u/gh2161/Spatial-Division/problin/run_problin.py -c intmem_real_data/s4c7/characters.txt -t intmem_real_data/s4c7/true_tree.nwk --delimiter comma -p intmem_real_data/s4c7/prior.csv -o intmem_real_data/s4c7/problin.txt --nInitials 10 --ultrametric --randomreps 3 --solver Scipy
Optimization by generic solver (Scipy-SLSQP)
Optimizing branch lengths, phi, and nu without topology search
Initial point 1. Random seed: 7118
Solving with ultrametric constraint
Optimal point found for initial point 1
Negative llh: 35.84193748490341
Dropout rate: 1.0673534226748791e-10
Silencing rate: 1.0184705086130099e-10
Lambda: 0.0009766457576283456
Initial point 2. Random seed: 6458
Solving with ultrametric constraint
Optimal point found for initial point 2
Negative llh: 35.84194941090988
Dropout rate: 1e-10
Silencing rate: 1e-10
Lambda: 0.0009766446281761676
Initial point 3. Random seed: 2369
Solving with ultrametric constraint
Optimal point found for initial point 3
Negative llh: 35.841898320818466
Dropout rate: 1.2598121078229813e-10
Silencing rate: 1.0704538592366035e-10
Lambda: 0.0009766497243366666
Initial point 4. Random seed: 49
Solving with ultrametric constraint
Optimal point found for initial point 4
Negative llh: 35.841945483507146
Dropout rate: 1.0204085460841554e-10
Silencing rate: 1.0073005383096027e-10
Lambda: 0.0009766449950542717
Initial point 5. Random seed: 4597
Solving with ultrametric constraint
Optimal point found for initial point 5
Negative llh: 16.994683275601528
Dropout rate: 1.4584270428957949e-10
Silencing rate: 1.4336307869546626e-10
Lambda: 0.012618253046763474
Initial point 6. Random seed: 8816
Solving with ultrametric constraint
Optimal point found for initial point 6
Negative llh: 16.994683274592703
Dropout rate: 1.1398772493150148e-10
Silencing rate: 1.1738567141977437e-10
Lambda: 0.012618264678566244
Initial point 7. Random seed: 5030
Solving with ultrametric constraint
Optimal point found for initial point 7
Negative llh: 16.99468339518357
Dropout rate: 1.535256556163163e-10
Silencing rate: 1.531632263490601e-10
Lambda: 0.012620139549947326
Initial point 8. Random seed: 5377
Solving with ultrametric constraint
Optimal point found for initial point 8
Negative llh: 16.994683344949035
Dropout rate: 1e-10
Silencing rate: 1e-10
Lambda: 0.01261832977858787
Initial point 9. Random seed: 4377
Solving with ultrametric constraint
Optimal point found for initial point 9
Negative llh: 16.99468364730558
Dropout rate: 1e-10
Silencing rate: 1e-10
Lambda: 0.01261942979210364
Initial point 10. Random seed: 4684
Solving with ultrametric constraint
Optimal point found for initial point 10
Negative llh: 16.99468372832802
Dropout rate: 1e-10
Silencing rate: 1e-10
Lambda: 0.012619800897816023
{'phi': 1.1398772493150148e-10, 'nu': 1.1738567141977437e-10, 'lambda_param': 0.012618264678566244}
Runtime (s): 1.9690427426248789
