Launching Problin version 0.5b
Problin was called as follow: /u/gh2161/Spatial-Division/problin/run_problin.py -c intmem_real_data/s20c4/characters.txt -t intmem_real_data/s20c4/true_tree.nwk --delimiter comma -p intmem_real_data/s20c4/prior.csv -o intmem_real_data/s20c4/problin.txt --nInitials 10 --ultrametric --randomreps 3 --solver Scipy
Optimization by generic solver (Scipy-SLSQP)
Optimizing branch lengths, phi, and nu without topology search
Initial point 1. Random seed: 340
Solving with ultrametric constraint
Optimal point found for initial point 1
Negative llh: 30.29782456607303
Dropout rate: 3.110949554751094e-10
Silencing rate: 1.5874346815709817e-10
Lambda: 0.004674704541297948
Initial point 2. Random seed: 8351
Solving with ultrametric constraint
Optimal point found for initial point 2
Negative llh: 30.297825147042303
Dropout rate: 2.9423288072132924e-10
Silencing rate: 1.7583704433485792e-10
Lambda: 0.004676611067004237
Initial point 3. Random seed: 7793
Solving with ultrametric constraint
Optimal point found for initial point 3
Negative llh: 30.297824148077627
Dropout rate: 3.3276487520970626e-10
Silencing rate: 1.621977783664321e-10
Lambda: 0.004675269501901561
Initial point 4. Random seed: 2505
Solving with ultrametric constraint
Optimal point found for initial point 4
Negative llh: 30.297824288040303
Dropout rate: 4.097004542021778e-10
Silencing rate: 1.9377207902108368e-10
Lambda: 0.004675028743475436
Initial point 5. Random seed: 4097
Solving with ultrametric constraint
Optimal point found for initial point 5
Negative llh: 30.297824133367296
Dropout rate: 2.6610414806066686e-10
Silencing rate: 1.5673993847998173e-10
Lambda: 0.0046752736367207635
Initial point 6. Random seed: 5174
Solving with ultrametric constraint
Optimal point found for initial point 6
Negative llh: 30.297824193013547
Dropout rate: 2.872571168456116e-10
Silencing rate: 1.594579272773389e-10
Lambda: 0.00467506253046878
Initial point 7. Random seed: 2675
Solving with ultrametric constraint
Optimal point found for initial point 7
Negative llh: 30.297824231896648
Dropout rate: 6.70792624175803e-10
Silencing rate: 2.7923341033920497e-10
Lambda: 0.004675340338530362
Initial point 8. Random seed: 1550
Solving with ultrametric constraint
Optimal point found for initial point 8
Negative llh: 30.297824115657704
Dropout rate: 1e-10
Silencing rate: 1e-10
Lambda: 0.004675415544538246
Initial point 9. Random seed: 250
Solving with ultrametric constraint
Optimal point found for initial point 9
Negative llh: 40.168140333444164
Dropout rate: 1e-10
Silencing rate: 1e-10
Lambda: 0.0009766737031330127
Initial point 10. Random seed: 823
Solving with ultrametric constraint
Optimal point found for initial point 10
Negative llh: 40.16849451589352
Dropout rate: 1e-10
Silencing rate: 1e-10
Lambda: 0.000976660482570579
{'phi': 1e-10, 'nu': 1e-10, 'lambda_param': 0.004675415544538246}
Runtime (s): 9.352767499163747
