Launching Problin version 0.5b
Problin was called as follow: /u/gh2161/Spatial-Division/problin/run_problin.py -c simulated_seq_simulated_loc/s19c1/k200_character_matrix.csv -t simulated_seq_simulated_loc/s19c1/true_tree.nwk --delimiter comma -p simulated_seq_simulated_loc/s19c1/k200_priors.csv -o simulated_seq_simulated_loc/s19c1/k200_problin.txt --nInitials 10 --ultrametric --randomreps 3
Optimization by EM algorithm
Optimizing branch lengths, phi, and nu without topology search
Initial point 1. Random seed: 301
Solving with ultrametric constraint
Initial phi: 0.4529947287017507. Initial nu: 0.7305056008084383. Initial nllh: 213756.74569382772
EM finished after 10 iterations.
Optimal point found for initial point 1
Negative llh: 1379.7075855695223
Dropout rate: 0
Silencing rate: 3.5091632456794885e-08
Initial point 2. Random seed: 4511
Solving with ultrametric constraint
Initial phi: 0.9818784912066715. Initial nu: 0.48475759446236294. Initial nllh: 11554.651526140522
EM finished after 9 iterations.
Optimal point found for initial point 2
Negative llh: 1379.7075865660538
Dropout rate: 0
Silencing rate: 3.6415661021085497e-08
Initial point 3. Random seed: 1224
Solving with ultrametric constraint
Initial phi: 0.6923197032426484. Initial nu: 0.0587927858638095. Initial nllh: 4275.202757422694
EM finished after 6 iterations.
Optimal point found for initial point 3
Negative llh: 1379.7075919686297
Dropout rate: 0
Silencing rate: 3.959922368738068e-08
Initial point 4. Random seed: 510
Solving with ultrametric constraint
Initial phi: 0.5363128065567694. Initial nu: 0.4055517183039742. Initial nllh: 3683.819494487568
EM finished after 14 iterations.
Optimal point found for initial point 4
Negative llh: 1379.7075814726518
Dropout rate: 0
Silencing rate: 3.377487795192567e-08
Initial point 5. Random seed: 1347
Solving with ultrametric constraint
Initial phi: 0.5110351237615957. Initial nu: 0.3385730422855289. Initial nllh: 3480.5278581023945
EM finished after 9 iterations.
Optimal point found for initial point 5
Negative llh: 1379.7075834166837
Dropout rate: 0
Silencing rate: 3.442959185190563e-08
Initial point 6. Random seed: 1047
Solving with ultrametric constraint
Initial phi: 0.333751024235969. Initial nu: 0.1692087755823032. Initial nllh: 2546.0906357554013
EM finished after 7 iterations.
Optimal point found for initial point 6
Negative llh: 1379.7075911429156
Dropout rate: 0
Silencing rate: 3.664252496205257e-08
Initial point 7. Random seed: 4621
Solving with ultrametric constraint
Initial phi: 0.7881721138717664. Initial nu: 0.48116039373324904. Initial nllh: 5649.753949981302
EM finished after 13 iterations.
Optimal point found for initial point 7
Negative llh: 1379.7075849626726
Dropout rate: 0
Silencing rate: 3.686039728920478e-08
Initial point 8. Random seed: 4247
Solving with ultrametric constraint
Initial phi: 0.08487648243013272. Initial nu: 0.41852119278486843. Initial nllh: 2066.889126085627
EM finished after 11 iterations.
Optimal point found for initial point 8
Negative llh: 1379.7075843954713
Dropout rate: 0
Silencing rate: 3.628522820555418e-08
Initial point 9. Random seed: 870
Solving with ultrametric constraint
Initial phi: 0.6263401253992736. Initial nu: 0.9520614834262703. Initial nllh: 4821.260658889725
EM finished after 9 iterations.
Optimal point found for initial point 9
Negative llh: 1379.707587164697
Dropout rate: 0
Silencing rate: 3.450712289422918e-08
Initial point 10. Random seed: 9722
Solving with ultrametric constraint
Initial phi: 0.6312853325939327. Initial nu: 0.08156483137358123. Initial nllh: 3866.7014038896937
EM finished after 7 iterations.
Optimal point found for initial point 10
Negative llh: 1379.707583273259
Dropout rate: 0
Silencing rate: 3.38536842629044e-08
Runtime (s): 13.190380292013288
