Launching Problin version 0.5b
Problin was called as follow: /u/gh2161/Spatial-Division/problin/run_problin.py -c simulated_seq_simulated_loc/s19c1/k200_character_matrix.csv -t simulated_seq_simulated_loc/s19c1/true_tree.nwk --delimiter comma -p simulated_seq_simulated_loc/s19c1/k200_priors.csv -o simulated_seq_simulated_loc/s19c1/k200_problin.txt --nInitials 10 --ultrametric --solver Scipy
Optimization by generic solver (Scipy-SLSQP)
Optimizing branch lengths, phi, and nu without topology search
Initial point 1. Random seed: 9886
Solving with ultrametric constraint
Optimal point found for initial point 1
Negative llh: 1379.7109136519293
Dropout rate: 3.401076570301661e-09
Silencing rate: 1.6721767908277643e-09
Initial point 2. Random seed: 3832
Solving with ultrametric constraint
Optimal point found for initial point 2
Negative llh: 1379.714863722731
Dropout rate: 1e-10
Silencing rate: 1e-10
Initial point 3. Random seed: 1769
Solving with ultrametric constraint
Fatal: failed to optimize using initial point 3
Initial point 4. Random seed: 4069
Solving with ultrametric constraint
Optimal point found for initial point 4
Negative llh: 1379.7116070729921
Dropout rate: 1.0008477954906994e-10
Silencing rate: 1.0004004373295174e-10
Initial point 5. Random seed: 1807
Solving with ultrametric constraint
Optimal point found for initial point 5
Negative llh: 1379.748882803069
Dropout rate: 1e-10
Silencing rate: 1e-10
Initial point 6. Random seed: 486
Solving with ultrametric constraint
Fatal: failed to optimize using initial point 6
Initial point 7. Random seed: 2727
Solving with ultrametric constraint
Optimal point found for initial point 7
Negative llh: 1379.7162807414911
Dropout rate: 1e-10
Silencing rate: 1e-10
Initial point 8. Random seed: 3929
Solving with ultrametric constraint
Optimal point found for initial point 8
Negative llh: 1379.7315405647705
Dropout rate: 1e-10
Silencing rate: 1e-10
Initial point 9. Random seed: 9795
Solving with ultrametric constraint
Optimal point found for initial point 9
Negative llh: 1379.7142774738206
Dropout rate: 1.0000292184247467e-10
Silencing rate: 1.0000137981715695e-10
Initial point 10. Random seed: 3328
Solving with ultrametric constraint
Optimal point found for initial point 10
Negative llh: 1379.710676912567
Dropout rate: 1e-10
Silencing rate: 1e-10
Runtime (s): 201.28642871510237
