Launching Problin version 0.5b
Problin was called as follow: /u/gh2161/Spatial-Division/problin/run_problin.py -c real_location_data/s7c1/k10_r5_character_matrix.csv -t real_location_data/s7c1/true_tree.nwk -S real_location_data/s7c1/leaf_locations.txt --delimiter comma -p real_location_data/s7c1/k10_priors.csv -o real_location_data/s7c1/k10_r5_spalin-divide-beta6.txt --nInitials 10 --ultrametric --randomreps 3 --divide --given_beta 6 --incl_beta_bound
Optimization by Spalin-Divide: Scipy-SLSQP using spatial information
Optimizing branch lengths, phi, and nu without topology search
Initial point 1. Random seed: 2654
Solving with ultrametric constraint
Optimal point found for initial point 1
Negative llh: 238.70317501579524
Dropout rate: 1e-10
Silencing rate: 1e-10
Sigma: 5.693258453152606
Initial point 2. Random seed: 4700
Solving with ultrametric constraint
Optimal point found for initial point 2
Negative llh: 238.70317642317212
Dropout rate: 1.5818922251675087e-10
Silencing rate: 2.2127848574959982e-10
Sigma: 5.693257518282863
Initial point 3. Random seed: 3060
Solving with ultrametric constraint
Optimal point found for initial point 3
Negative llh: 238.7031758278293
Dropout rate: 1e-10
Silencing rate: 1e-10
Sigma: 5.693234438413608
Initial point 4. Random seed: 8890
Solving with ultrametric constraint
Optimal point found for initial point 4
Negative llh: 238.703175621132
Dropout rate: 1.940023021165406e-09
Silencing rate: 8.211930638270107e-10
Sigma: 5.693259006828016
Initial point 5. Random seed: 1291
Solving with ultrametric constraint
Optimal point found for initial point 5
Negative llh: 238.70317806454025
Dropout rate: 8.815692798507716e-10
Silencing rate: 5.970827760092226e-10
Sigma: 5.693258067926242
Initial point 6. Random seed: 2940
Solving with ultrametric constraint
Optimal point found for initial point 6
Negative llh: 238.70317697455255
Dropout rate: 5.386421516971798e-10
Silencing rate: 2.6530211241623117e-10
Sigma: 5.693243682656574
Initial point 7. Random seed: 4172
Solving with ultrametric constraint
Optimal point found for initial point 7
Negative llh: 238.70317537731665
Dropout rate: 1e-10
Silencing rate: 1e-10
Sigma: 5.693255166495471
Initial point 8. Random seed: 1835
Solving with ultrametric constraint
Optimal point found for initial point 8
Negative llh: 238.70317548752786
Dropout rate: 1.6629748362050465e-09
Silencing rate: 6.842225738714469e-10
Sigma: 5.693256611086469
Initial point 9. Random seed: 2575
Solving with ultrametric constraint
Optimal point found for initial point 9
Negative llh: 238.70317654934615
Dropout rate: 1.0009723805970511e-10
Silencing rate: 1.0003670008000753e-10
Sigma: 5.693212568097301
Initial point 10. Random seed: 7394
Solving with ultrametric constraint
Optimal point found for initial point 10
Negative llh: 238.70325395797278
Dropout rate: 1.4948409785340388e-10
Silencing rate: 1.1870237454197983e-10
Sigma: 5.693635617321828
Runtime (s): 2720.4785474315286
