Launching Problin version 0.5b
Problin was called as follow: /u/gh2161/Spatial-Division/problin/run_problin.py -c real_location_data/s7c1/k10_r1_character_matrix.csv -t real_location_data/s7c1/true_tree.nwk -S real_location_data/s7c1/leaf_locations.txt --delimiter comma -p real_location_data/s7c1/k10_priors.csv -o real_location_data/s7c1/k10_r1_spalin-divide-beta8.txt --nInitials 10 --ultrametric --randomreps 3 --divide --given_beta 8 --incl_beta_bound
Optimization by Spalin-Divide: Scipy-SLSQP using spatial information
Optimizing branch lengths, phi, and nu without topology search
Initial point 1. Random seed: 6993
Solving with ultrametric constraint
Optimal point found for initial point 1
Negative llh: 243.01375585920738
Dropout rate: 1.1258503484947402e-10
Silencing rate: 1.0486675991753414e-10
Sigma: 5.134681993741235
Initial point 2. Random seed: 9109
Solving with ultrametric constraint
Optimal point found for initial point 2
Negative llh: 243.01375681323861
Dropout rate: 3.510758410884541e-10
Silencing rate: 1.5893065389621762e-10
Sigma: 5.134657129760578
Initial point 3. Random seed: 8263
Solving with ultrametric constraint
Optimal point found for initial point 3
Negative llh: 243.01375596141858
Dropout rate: 1.7939155288707317e-10
Silencing rate: 1.3148046731340882e-10
Sigma: 5.134665788230112
Initial point 4. Random seed: 9661
Solving with ultrametric constraint
Fatal: failed to optimize using initial point 4
Initial point 5. Random seed: 9089
Solving with ultrametric constraint
Fatal: failed to optimize using initial point 5
Initial point 6. Random seed: 758
Solving with ultrametric constraint
Optimal point found for initial point 6
Negative llh: 243.01375829248644
Dropout rate: 1.1095596343330163e-10
Silencing rate: 1.0990114827609621e-10
Sigma: 5.134675395780257
Initial point 7. Random seed: 44
Solving with ultrametric constraint
Optimal point found for initial point 7
Negative llh: 243.01375609472157
Dropout rate: 1e-10
Silencing rate: 1e-10
Sigma: 5.134667417590822
Initial point 8. Random seed: 2283
Solving with ultrametric constraint
Fatal: failed to optimize using initial point 8
Initial point 9. Random seed: 1267
Solving with ultrametric constraint
Optimal point found for initial point 9
Negative llh: 243.01375582411123
Dropout rate: 1e-10
Silencing rate: 1e-10
Sigma: 5.134669479775117
Initial point 10. Random seed: 5916
Solving with ultrametric constraint
Optimal point found for initial point 10
Negative llh: 243.013760468514
Dropout rate: 1.4138350965726658e-10
Silencing rate: 1.1600325620801002e-10
Sigma: 5.1347067762349825
Runtime (s): 1855.9710982479155
