Launching Problin version 0.5b
Problin was called as follow: /u/gh2161/Spatial-Division/problin/run_problin.py -c real_location_data/s7c1/k10_r1_character_matrix.csv -t real_location_data/s7c1/true_tree.nwk -S real_location_data/s7c1/leaf_locations.txt --delimiter comma -p real_location_data/s7c1/k10_priors.csv -o real_location_data/s7c1/k10_r1_spalin-divide-beta20.txt --nInitials 10 --ultrametric --randomreps 3 --divide --given_beta 20 --incl_beta_bound
Optimization by Spalin-Divide: Scipy-SLSQP using spatial information
Optimizing branch lengths, phi, and nu without topology search
Initial point 1. Random seed: 8870
Solving with ultrametric constraint
Optimal point found for initial point 1
Negative llh: 229.02150480980248
Dropout rate: 9.999999999999999e-11
Silencing rate: 1e-10
Sigma: 4.141415342229553
Initial point 2. Random seed: 1231
Solving with ultrametric constraint
Optimal point found for initial point 2
Negative llh: 229.02150067697318
Dropout rate: 1e-10
Silencing rate: 1e-10
Sigma: 4.141441342710987
Initial point 3. Random seed: 3668
Solving with ultrametric constraint
Optimal point found for initial point 3
Negative llh: 229.0215043987184
Dropout rate: 6.696158154666226e-10
Silencing rate: 3.5094418412091635e-10
Sigma: 4.141341133132217
Initial point 4. Random seed: 6989
Solving with ultrametric constraint
Optimal point found for initial point 4
Negative llh: 229.0215090599798
Dropout rate: 1e-10
Silencing rate: 1e-10
Sigma: 4.141486761611051
Initial point 5. Random seed: 5595
Solving with ultrametric constraint
Optimal point found for initial point 5
Negative llh: 229.02151983264372
Dropout rate: 1e-10
Silencing rate: 1e-10
Sigma: 4.141374676281259
Initial point 6. Random seed: 858
Solving with ultrametric constraint
Optimal point found for initial point 6
Negative llh: 229.02149144605647
Dropout rate: 1e-10
Silencing rate: 1e-10
Sigma: 4.141353185262785
Initial point 7. Random seed: 8389
Solving with ultrametric constraint
Optimal point found for initial point 7
Negative llh: 229.02151234832644
Dropout rate: 1.0000000000000007e-10
Silencing rate: 1.0000000000000002e-10
Sigma: 4.141303699345266
Initial point 8. Random seed: 4096
Solving with ultrametric constraint
Optimal point found for initial point 8
Negative llh: 222.23472437820925
Dropout rate: 2.4268379923096378e-09
Silencing rate: 1.0029910614035322e-09
Sigma: 3.7964014848034213
Initial point 9. Random seed: 7777
Solving with ultrametric constraint
Optimal point found for initial point 9
Negative llh: 229.0215092049972
Dropout rate: 1.0000000000000002e-10
Silencing rate: 1.0000000000000002e-10
Sigma: 4.141334683166373
Initial point 10. Random seed: 5776
Solving with ultrametric constraint
Optimal point found for initial point 10
Negative llh: 229.0214991942221
Dropout rate: 8.887302190789009e-10
Silencing rate: 4.676081641191325e-10
Sigma: 4.141297216356797
Runtime (s): 1517.9349289387465
