Launching Problin version 0.5b
Problin was called as follow: /u/gh2161/Spatial-Division/problin/run_problin.py -c real_location_data/s7c1/k10_r2_character_matrix.csv -t real_location_data/s7c1/true_tree.nwk -S real_location_data/s7c1/leaf_locations.txt --delimiter comma -p real_location_data/s7c1/k10_priors.csv -o real_location_data/s7c1/k10_r2_spalin-divide-beta05.txt --nInitials 10 --ultrametric --randomreps 3 --divide --radius 0.5
Optimization by Spalin-Divide: Scipy-SLSQP using spatial information
Optimizing branch lengths, phi, and nu without topology search
Initial point 1. Random seed: 8107
Solving with ultrametric constraint
Optimal point found for initial point 1
Negative llh: 224.0149035901224
Dropout rate: 6.262850455274055e-10
Silencing rate: 1.0023980069021775e-10
Sigma: 1.8830346992756353
Initial point 2. Random seed: 5961
Solving with ultrametric constraint
Optimal point found for initial point 2
Negative llh: 224.0149492118435
Dropout rate: 1.0000000000000007e-10
Silencing rate: 9.999999999999996e-11
Sigma: 1.883236741908905
Initial point 3. Random seed: 9299
Solving with ultrametric constraint
Fatal: failed to optimize using initial point 3
Initial point 4. Random seed: 8567
Solving with ultrametric constraint
Optimal point found for initial point 4
Negative llh: 224.01494909901282
Dropout rate: 5.107658714443237e-10
Silencing rate: 2.1053810151705497e-10
Sigma: 1.882948778302927
Initial point 5. Random seed: 6808
Solving with ultrametric constraint
Optimal point found for initial point 5
Negative llh: 224.01499174614202
Dropout rate: 1.405180949652147e-09
Silencing rate: 1.0026983222817755e-10
Sigma: 1.8829703691691206
Initial point 6. Random seed: 5603
Solving with ultrametric constraint
Optimal point found for initial point 6
Negative llh: 224.01513408212102
Dropout rate: 1.0000000000000007e-10
Silencing rate: 9.999999999999996e-11
Sigma: 1.883877396752137
Initial point 7. Random seed: 8450
Solving with ultrametric constraint
Optimal point found for initial point 7
Negative llh: 224.01534926619945
Dropout rate: 4.050235157074485e-10
Silencing rate: 2.5590300231073063e-10
Sigma: 1.8818327319859334
Initial point 8. Random seed: 8835
Solving with ultrametric constraint
Optimal point found for initial point 8
Negative llh: 224.01488639197393
Dropout rate: 5.930932734309855e-10
Silencing rate: 3.5992986128944736e-10
Sigma: 1.883111850042486
Initial point 9. Random seed: 7074
Solving with ultrametric constraint
Optimal point found for initial point 9
Negative llh: 224.01489999376415
Dropout rate: 1.3196921785044275e-09
Silencing rate: 1.0008480414490347e-10
Sigma: 1.8828444156689739
Initial point 10. Random seed: 2893
Solving with ultrametric constraint
Optimal point found for initial point 10
Negative llh: 224.0157820063847
Dropout rate: 7.365226453579804e-10
Silencing rate: 1.218188155057559e-09
Sigma: 1.8829782887157338
Runtime (s): 911.3394111450762
