Launching Problin version 0.5b
Problin was called as follow: /u/gh2161/Spatial-Division/problin/run_problin.py -c real_location_data/s7c1/k10_r5_character_matrix.csv -t real_location_data/s7c1/true_tree.nwk -S real_location_data/s7c1/leaf_locations.txt --delimiter comma -p real_location_data/s7c1/k10_priors.csv -o real_location_data/s7c1/k10_r5_spalin-divide-beta20.txt --nInitials 10 --ultrametric --randomreps 3 --divide --given_beta 20 --incl_beta_bound
Optimization by Spalin-Divide: Scipy-SLSQP using spatial information
Optimizing branch lengths, phi, and nu without topology search
Initial point 1. Random seed: 7099
Solving with ultrametric constraint
Optimal point found for initial point 1
Negative llh: 224.01690050542618
Dropout rate: 1.0677094796191669e-09
Silencing rate: 4.5445213800983487e-10
Sigma: 4.311965918615139
Initial point 2. Random seed: 8633
Solving with ultrametric constraint
Optimal point found for initial point 2
Negative llh: 224.01688484038974
Dropout rate: 1e-10
Silencing rate: 1e-10
Sigma: 4.311989960563667
Initial point 3. Random seed: 2021
Solving with ultrametric constraint
Optimal point found for initial point 3
Negative llh: 224.0168953619579
Dropout rate: 2.4113557751504833e-09
Silencing rate: 1.031730940070066e-09
Sigma: 4.311826256174735
Initial point 4. Random seed: 9222
Solving with ultrametric constraint
Optimal point found for initial point 4
Negative llh: 216.29964758503417
Dropout rate: 1.3537370326934545e-09
Silencing rate: 5.40658161873523e-10
Sigma: 3.976348235888907
Initial point 5. Random seed: 9738
Solving with ultrametric constraint
Optimal point found for initial point 5
Negative llh: 224.01685315837085
Dropout rate: 2.6183567593226064e-10
Silencing rate: 1.94726398631566e-10
Sigma: 4.311904499564361
Initial point 6. Random seed: 8108
Solving with ultrametric constraint
Optimal point found for initial point 6
Negative llh: 224.01688790872737
Dropout rate: 1.0000000000000007e-10
Silencing rate: 9.999999999999996e-11
Sigma: 4.311836114871549
Initial point 7. Random seed: 6785
Solving with ultrametric constraint
Optimal point found for initial point 7
Negative llh: 224.016891593736
Dropout rate: 1.4321284195838337e-09
Silencing rate: 7.147249152335835e-10
Sigma: 4.311686861940526
Initial point 8. Random seed: 1772
Solving with ultrametric constraint
Optimal point found for initial point 8
Negative llh: 224.01690213736265
Dropout rate: 9.999999999999996e-11
Silencing rate: 1.0000000000000002e-10
Sigma: 4.31194727472302
Initial point 9. Random seed: 720
Solving with ultrametric constraint
Optimal point found for initial point 9
Negative llh: 216.29963883269747
Dropout rate: 9.666380192502786e-10
Silencing rate: 4.1695744780038007e-10
Sigma: 3.976500904906257
Initial point 10. Random seed: 9485
Solving with ultrametric constraint
Optimal point found for initial point 10
Negative llh: 224.01686832981795
Dropout rate: 1.185403761715661e-09
Silencing rate: 5.197166714002559e-10
Sigma: 4.311532661274503
Runtime (s): 1616.736371992156
