Launching Problin version 0.5b
Problin was called as follow: /u/gh2161/Spatial-Division/problin/run_problin.py -c real_location_data/s7c1/k10_r4_character_matrix.csv -t real_location_data/s7c1/true_tree.nwk -S real_location_data/s7c1/leaf_locations.txt --delimiter comma -p real_location_data/s7c1/k10_priors.csv -o real_location_data/s7c1/k10_r4_spalin-divide-beta7.txt --nInitials 10 --ultrametric --randomreps 3 --divide --radius 7
Optimization by Spalin-Divide: Scipy-SLSQP using spatial information
Optimizing branch lengths, phi, and nu without topology search
Initial point 1. Random seed: 7939
Solving with ultrametric constraint
Optimal point found for initial point 1
Negative llh: 238.5476938341477
Dropout rate: 1.0000000000000007e-10
Silencing rate: 1e-10
Sigma: 1.4176749683321945
Initial point 2. Random seed: 7143
Solving with ultrametric constraint
Optimal point found for initial point 2
Negative llh: 238.54752127837224
Dropout rate: 1.0549437323472858e-09
Silencing rate: 4.971023270800081e-10
Sigma: 1.417163804208855
Initial point 3. Random seed: 903
Solving with ultrametric constraint
Optimal point found for initial point 3
Negative llh: 238.54784850101024
Dropout rate: 1.0000000000000007e-10
Silencing rate: 1e-10
Sigma: 1.417852435762219
Initial point 4. Random seed: 2470
Solving with ultrametric constraint
Optimal point found for initial point 4
Negative llh: 238.5474259069983
Dropout rate: 1.0000000000000007e-10
Silencing rate: 9.999999999999996e-11
Sigma: 1.417670977207221
Initial point 5. Random seed: 4756
Solving with ultrametric constraint
Optimal point found for initial point 5
Negative llh: 238.54764010515157
Dropout rate: 1e-10
Silencing rate: 1e-10
Sigma: 1.4176142827566
Initial point 6. Random seed: 8677
Solving with ultrametric constraint
Optimal point found for initial point 6
Negative llh: 238.5475529449616
Dropout rate: 1.0000000000000007e-10
Silencing rate: 9.999999999999996e-11
Sigma: 1.4176377612884001
Initial point 7. Random seed: 63
Solving with ultrametric constraint
Optimal point found for initial point 7
Negative llh: 238.54860188296735
Dropout rate: 1.5507258957535356e-09
Silencing rate: 9.993441139516257e-10
Sigma: 1.416992329674687
Initial point 8. Random seed: 1829
Solving with ultrametric constraint
Optimal point found for initial point 8
Negative llh: 238.5475476229762
Dropout rate: 1.0000000000000007e-10
Silencing rate: 1.0000000000000002e-10
Sigma: 1.4176843093136067
Initial point 9. Random seed: 7770
Solving with ultrametric constraint
Optimal point found for initial point 9
Negative llh: 238.54774293048771
Dropout rate: 1.0000000000000002e-10
Silencing rate: 1e-10
Sigma: 1.4178782243314862
Initial point 10. Random seed: 933
Solving with ultrametric constraint
Optimal point found for initial point 10
Negative llh: 238.54772707577402
Dropout rate: 4.3850390959093595e-10
Silencing rate: 1.0005320317511379e-10
Sigma: 1.4180252468952534
Runtime (s): 669.3667434947565
