Launching Problin version 0.5b
Problin was called as follow: /u/gh2161/Spatial-Division/problin/run_problin.py -c real_location_data/s7c1/k10_r5_character_matrix.csv -t real_location_data/s7c1/true_tree.nwk -S real_location_data/s7c1/leaf_locations.txt --delimiter comma -p real_location_data/s7c1/k10_priors.csv -o real_location_data/s7c1/k10_r5_spalin-divide-beta5.txt --nInitials 10 --ultrametric --randomreps 3 --divide --radius 5
Optimization by Spalin-Divide: Scipy-SLSQP using spatial information
Optimizing branch lengths, phi, and nu without topology search
Initial point 1. Random seed: 6345
Solving with ultrametric constraint
Optimal point found for initial point 1
Negative llh: 241.96911815077755
Dropout rate: 1e-10
Silencing rate: 1e-10
Sigma: 1.610519164531945
Lambda: 0.005524440513665445
Initial point 2. Random seed: 6806
Solving with ultrametric constraint
Optimal point found for initial point 2
Negative llh: 241.96912028251202
Dropout rate: 2.3937472337895144e-10
Silencing rate: 1e-10
Sigma: 1.6104548027873142
Lambda: 0.0055247271281299104
Initial point 3. Random seed: 7803
Solving with ultrametric constraint
Fatal: failed to optimize using initial point 3
Initial point 4. Random seed: 9817
Solving with ultrametric constraint
Fatal: failed to optimize using initial point 4
Initial point 5. Random seed: 7281
Solving with ultrametric constraint
Optimal point found for initial point 5
Negative llh: 241.96918710882449
Dropout rate: 1.3277021822931521e-09
Silencing rate: 5.658319727847271e-10
Sigma: 1.6103715057418873
Lambda: 0.005523089408359454
Initial point 6. Random seed: 1995
Solving with ultrametric constraint
Optimal point found for initial point 6
Negative llh: 241.9693574333722
Dropout rate: 5.66955072496469e-10
Silencing rate: 1.0370972237015948e-10
Sigma: 1.610203985191773
Lambda: 0.00551969402264316
Initial point 7. Random seed: 1974
Solving with ultrametric constraint
Optimal point found for initial point 7
Negative llh: 241.96934607767926
Dropout rate: 1.0000000000000002e-10
Silencing rate: 1e-10
Sigma: 1.611039505358204
Lambda: 0.0055326859352217055
Initial point 8. Random seed: 994
Solving with ultrametric constraint
Optimal point found for initial point 8
Negative llh: 241.9691961466322
Dropout rate: 1e-10
Silencing rate: 1e-10
Sigma: 1.6103672843363308
Lambda: 0.005522973286962188
Initial point 9. Random seed: 3051
Solving with ultrametric constraint
Optimal point found for initial point 9
Negative llh: 242.07394264617196
Dropout rate: 1.0000000000000007e-10
Silencing rate: 1e-10
Sigma: 1.5760798158647407
Lambda: 0.0053414672799589075
Initial point 10. Random seed: 3572
Solving with ultrametric constraint
Optimal point found for initial point 10
Negative llh: 241.9692878512369
Dropout rate: 1e-10
Silencing rate: 1e-10
Sigma: 1.6102605993778676
Lambda: 0.0055222564484833075
{'lambda_param': 0.005524440513665445, 'phi': 1e-10, 'nu': 1e-10, 'sigma': 1.610519164531945, 'locations': {'216_20': (147.0, 357.0), '216_17': (141.0, 393.0), '216_2': (88.0, 378.0), '216_1': (90.0, 429.0), '216_4': (111.0, 432.0), '216_3': (116.0, 463.0), '216_8': (107.0, 339.0), '216_7': (94.0, 326.0), '216_6': (107.0, 364.0), '216_5': (100.0, 388.0), '216_10': (178.0, 398.0), '216_9': (154.0, 404.0), '216_12': (184.0, 350.0), '216_11': (177.0, 380.0), '216_16': (184.0, 332.0), '216_15': (162.0, 363.0), '216_14': (194.0, 357.0), '216_13': (206.0, 388.0)}, 'radius': 5.0, 'thetas': {'184_7': 7.484600422485743, '187_10': 2.1879207091553337, '144_4': 0.8279060588566992, '193_8': 1.799962599339997, '199_9': 9.179824712664576, '156_4': 5.111366378036594, '105_2': 5.272428610874761, '186_3': 1.8545692030624217, '189_5': 3.9270117032866563, '150_2': 1.5161668954565717, '196_2': 1.4108873686077912, '197_1': 1.5315698959091237, '158_1': 7.290444413526111, '106_1': -1.586377993960213, '60_1': 6.089728665628342, '121_5': 1.7359560655221655, '4_1': 38.877000006519204}}
Runtime (s): 1037.3618976753205
