Launching Problin version 0.5b
Problin was called as follow: /u/gh2161/Spatial-Division/problin/run_problin.py -c real_location_data/s7c1/k10_r4_character_matrix.csv -t real_location_data/s7c1/true_tree.nwk -S real_location_data/s7c1/leaf_locations.txt --delimiter comma -p real_location_data/s7c1/k10_priors.csv -o real_location_data/s7c1/k10_r4_spalin-divide-beta6.txt --nInitials 10 --ultrametric --randomreps 3 --divide --given_beta 6 --incl_beta_bound
Optimization by Spalin-Divide: Scipy-SLSQP using spatial information
Optimizing branch lengths, phi, and nu without topology search
Initial point 1. Random seed: 9223
Solving with ultrametric constraint
Optimal point found for initial point 1
Negative llh: 240.69042502748133
Dropout rate: 1e-10
Silencing rate: 1e-10
Sigma: 5.400618636758198
Initial point 2. Random seed: 3988
Solving with ultrametric constraint
Optimal point found for initial point 2
Negative llh: 240.69042245825352
Dropout rate: 3.075035048974203e-10
Silencing rate: 2.2805038109628469e-10
Sigma: 5.400591944993301
Initial point 3. Random seed: 3169
Solving with ultrametric constraint
Optimal point found for initial point 3
Negative llh: 240.69043513004846
Dropout rate: 2.4678063602082265e-10
Silencing rate: 1.6245185231752165e-10
Sigma: 5.400593720280532
Initial point 4. Random seed: 2567
Solving with ultrametric constraint
Optimal point found for initial point 4
Negative llh: 240.69042668285624
Dropout rate: 8.77132733646873e-10
Silencing rate: 4.156662475251202e-10
Sigma: 5.400603413761559
Initial point 5. Random seed: 1007
Solving with ultrametric constraint
Optimal point found for initial point 5
Negative llh: 240.69042535800065
Dropout rate: 1e-10
Silencing rate: 1e-10
Sigma: 5.400603339760769
Initial point 6. Random seed: 5600
Solving with ultrametric constraint
Fatal: failed to optimize using initial point 6
Initial point 7. Random seed: 1684
Solving with ultrametric constraint
Optimal point found for initial point 7
Negative llh: 240.69042288955703
Dropout rate: 9.999999999999996e-11
Silencing rate: 1.0000000000000002e-10
Sigma: 5.4003634388739625
Initial point 8. Random seed: 7608
Solving with ultrametric constraint
Optimal point found for initial point 8
Negative llh: 240.69042240597457
Dropout rate: 1e-10
Silencing rate: 1e-10
Sigma: 5.400591302952198
Initial point 9. Random seed: 1786
Solving with ultrametric constraint
Optimal point found for initial point 9
Negative llh: 240.69042618000236
Dropout rate: 1.0975764475492076e-10
Silencing rate: 1.0396057105114725e-10
Sigma: 5.40058964151385
Initial point 10. Random seed: 8486
Solving with ultrametric constraint
Optimal point found for initial point 10
Negative llh: 240.6904235177098
Dropout rate: 6.497251233034088e-10
Silencing rate: 3.2310898258194273e-10
Sigma: 5.400599771196137
Runtime (s): 2737.5479462537915
