Launching Problin version 0.5b
Problin was called as follow: /u/gh2161/Spatial-Division/problin/run_problin.py -c real_location_data/s7c1/k10_r5_character_matrix.csv -t real_location_data/s7c1/true_tree.nwk --delimiter comma -p real_location_data/s7c1/k10_priors.csv -o real_location_data/s7c1/k10_r5_problin.txt --nInitials 10 --ultrametric --randomreps 3 --solver Scipy
Optimization by generic solver (Scipy-SLSQP)
Optimizing branch lengths, phi, and nu without topology search
Initial point 1. Random seed: 3725
Solving with ultrametric constraint
Optimal point found for initial point 1
Negative llh: 87.98549282295109
Dropout rate: 1.0000000000000007e-10
Silencing rate: 1.0000000000000007e-10
Lambda: 0.0058007461119665244
Initial point 2. Random seed: 1569
Solving with ultrametric constraint
Optimal point found for initial point 2
Negative llh: 87.98504047407745
Dropout rate: 2.536455138501703e-10
Silencing rate: 1.635165539721405e-10
Lambda: 0.005803113256168896
Initial point 3. Random seed: 5464
Solving with ultrametric constraint
Optimal point found for initial point 3
Negative llh: 87.98530128300646
Dropout rate: 4.854151089081446e-10
Silencing rate: 2.538301479648713e-10
Lambda: 0.005799136121853363
Initial point 4. Random seed: 2198
Solving with ultrametric constraint
Optimal point found for initial point 4
Negative llh: 87.98542760404979
Dropout rate: 2.527773352563016e-09
Silencing rate: 9.89261494670169e-10
Lambda: 0.005800570122217001
Initial point 5. Random seed: 5865
Solving with ultrametric constraint
Optimal point found for initial point 5
Negative llh: 87.98510683237001
Dropout rate: 2.297848468181682e-09
Silencing rate: 7.854970708172593e-10
Lambda: 0.005805341117301482
Initial point 6. Random seed: 1019
Solving with ultrametric constraint
Optimal point found for initial point 6
Negative llh: 87.98608259432261
Dropout rate: 2.6469915793687766e-09
Silencing rate: 1.115339356896504e-09
Lambda: 0.005802611963856385
Initial point 7. Random seed: 5838
Solving with ultrametric constraint
Optimal point found for initial point 7
Negative llh: 87.98517279886448
Dropout rate: 4.21441342279899e-09
Silencing rate: 1.0277416877859631e-08
Lambda: 0.005808244676151691
Initial point 8. Random seed: 7396
Solving with ultrametric constraint
Optimal point found for initial point 8
Negative llh: 87.98502451948018
Dropout rate: 1e-10
Silencing rate: 1e-10
Lambda: 0.005803068109709669
Initial point 9. Random seed: 7885
Solving with ultrametric constraint
Optimal point found for initial point 9
Negative llh: 87.98526999403965
Dropout rate: 1e-10
Silencing rate: 1e-10
Lambda: 0.0057986875898265264
Initial point 10. Random seed: 7651
Solving with ultrametric constraint
Optimal point found for initial point 10
Negative llh: 87.98502151870255
Dropout rate: 1.0000000000000007e-10
Silencing rate: 9.999999999999996e-11
Lambda: 0.005803822047531891
{'phi': 1.0000000000000007e-10, 'nu': 9.999999999999996e-11, 'lambda_param': 0.005803822047531891}
Runtime (s): 88.62112526968122
