Launching Problin version 0.5b
Problin was called as follow: /u/gh2161/Spatial-Division/problin/run_problin.py -c real_location_data/s7c1/k10_r1_character_matrix.csv -t real_location_data/s7c1/true_tree.nwk -S real_location_data/s7c1/leaf_locations.txt --delimiter comma -p real_location_data/s7c1/k10_priors.csv -o real_location_data/s7c1/k10_r1_spalin-divide-beta6.txt --nInitials 10 --ultrametric --randomreps 3 --divide --given_beta 6 --incl_beta_bound
Optimization by Spalin-Divide: Scipy-SLSQP using spatial information
Optimizing branch lengths, phi, and nu without topology search
Initial point 1. Random seed: 9835
Solving with ultrametric constraint
Fatal: failed to optimize using initial point 1
Initial point 2. Random seed: 4150
Solving with ultrametric constraint
Optimal point found for initial point 2
Negative llh: 248.5462168145353
Dropout rate: 1e-10
Silencing rate: 1e-10
Sigma: 5.537981161826163
Initial point 3. Random seed: 3856
Solving with ultrametric constraint
Optimal point found for initial point 3
Negative llh: 248.54622155292503
Dropout rate: 1.192865783884123e-10
Silencing rate: 1.0750345772088979e-10
Sigma: 5.53800896640223
Initial point 4. Random seed: 561
Solving with ultrametric constraint
Optimal point found for initial point 4
Negative llh: 248.546218956721
Dropout rate: 1.0645550300447433e-10
Silencing rate: 1.0251147297904425e-10
Sigma: 5.538001801915863
Initial point 5. Random seed: 9095
Solving with ultrametric constraint
Optimal point found for initial point 5
Negative llh: 248.54622624832678
Dropout rate: 1.0407996160533709e-10
Silencing rate: 1.0158670819194595e-10
Sigma: 5.537943793658182
Initial point 6. Random seed: 4900
Solving with ultrametric constraint
Fatal: failed to optimize using initial point 6
Initial point 7. Random seed: 7898
Solving with ultrametric constraint
Optimal point found for initial point 7
Negative llh: 248.5462174598864
Dropout rate: 9.999999999999996e-11
Silencing rate: 1.0000000000000002e-10
Sigma: 5.53798843772503
Initial point 8. Random seed: 3540
Solving with ultrametric constraint
Optimal point found for initial point 8
Negative llh: 248.54621761900648
Dropout rate: 4.721123720265121e-10
Silencing rate: 2.4453446589325205e-10
Sigma: 5.537994147789065
Initial point 9. Random seed: 2311
Solving with ultrametric constraint
Optimal point found for initial point 9
Negative llh: 248.54621752221524
Dropout rate: 9.999999999999996e-11
Silencing rate: 1.0000000000000002e-10
Sigma: 5.537971330753377
Initial point 10. Random seed: 3877
Solving with ultrametric constraint
Optimal point found for initial point 10
Negative llh: 248.54622103893186
Dropout rate: 1e-10
Silencing rate: 1e-10
Sigma: 5.5379711328254135
Runtime (s): 2521.6428311269265
