Launching Problin version 0.5b
Problin was called as follow: /u/gh2161/Spatial-Division/problin/run_problin.py -c intmem_real_data/s10c2/characters.txt -t intmem_real_data/s10c2/true_tree.nwk -S intmem_real_data/s10c2/leaf_locations.txt --delimiter comma -p intmem_real_data/s10c2/prior.csv -o intmem_real_data/s10c2/spalin_spatialonly.txt --nInitials 10 --ultrametric --spatial_only
Optimization by Spalin: Scipy-SLSQP using spatial information
Optimizing branch lengths, phi, and nu without topology search
only spatial
Initial point 1. Random seed: 5342
Solving with ultrametric constraint
Optimal point found for initial point 1
Negative llh: 131.03306142088312
Dropout rate: 0.7316634919129522
Silencing rate: 0.2522751800116468
Sigma: 3.3736531818594795
Lambda: 1.0
Initial point 2. Random seed: 6587
Solving with ultrametric constraint
Optimal point found for initial point 2
Negative llh: 131.03308212823643
Dropout rate: 0.8525269892191277
Silencing rate: 0.7333202948817853
Sigma: 3.3742437427803567
Lambda: 1.0
Initial point 3. Random seed: 4864
Solving with ultrametric constraint
Optimal point found for initial point 3
Negative llh: 131.0330677581056
Dropout rate: 0.2802723694567979
Silencing rate: 0.5424463044110449
Sigma: 3.373675969682622
Lambda: 1.0
Initial point 4. Random seed: 4982
Solving with ultrametric constraint
Optimal point found for initial point 4
Negative llh: 131.0330852462925
Dropout rate: 0.5376270888577839
Silencing rate: 0.43154854110493235
Sigma: 3.3741741959958556
Lambda: 1.0
Initial point 5. Random seed: 9499
Solving with ultrametric constraint
Optimal point found for initial point 5
Negative llh: 131.0330781536963
Dropout rate: 0.27289882976550534
Silencing rate: 0.11892837996195729
Sigma: 3.3743411495940925
Lambda: 1.0
Initial point 6. Random seed: 426
Solving with ultrametric constraint
Optimal point found for initial point 6
Negative llh: 131.03306083453003
Dropout rate: 0.19454550965466688
Silencing rate: 0.23318231695945002
Sigma: 3.374003865633805
Lambda: 1.0
Initial point 7. Random seed: 6837
Solving with ultrametric constraint
Optimal point found for initial point 7
Negative llh: 131.03307793623378
Dropout rate: 0.26506511798805205
Silencing rate: 0.653884482683215
Sigma: 3.3741786743423794
Lambda: 1.0
Initial point 8. Random seed: 6198
Solving with ultrametric constraint
Optimal point found for initial point 8
Negative llh: 131.03308343980407
Dropout rate: 0.8434720043963249
Silencing rate: 0.229702328466849
Sigma: 3.374336486978628
Lambda: 1.0
Initial point 9. Random seed: 8442
Solving with ultrametric constraint
Optimal point found for initial point 9
Negative llh: 131.0330887508919
Dropout rate: 0.6167532411310713
Silencing rate: 0.05103734030025674
Sigma: 3.375354388555467
Lambda: 1.0
Initial point 10. Random seed: 6143
Solving with ultrametric constraint
Optimal point found for initial point 10
Negative llh: 131.0330712508572
Dropout rate: 0.9814761255388371
Silencing rate: 0.18158749061431925
Sigma: 3.3740570122031204
Lambda: 1.0
{'lambda_param': 1.0, 'phi': 0.19454550965466688, 'nu': 0.23318231695945002, 'sigma': 3.374003865633805, 'locations': {'216_14': (250.0, 232.0), '216_13': (232.0, 233.0), '216_15': (189.0, 230.0), '216_20': (205.0, 196.0), '216_19': (172.0, 199.0), '216_18': (128.0, 218.0), '216_17': (135.0, 232.0), '216_12': (159.0, 214.0), '216_11': (168.0, 231.0), '216_10': (233.0, 248.0), '216_9': (223.0, 279.0), '216_2': (160.0, 290.0), '216_1': (168.0, 313.0), '216_4': (177.0, 278.0), '216_3': (184.0, 303.0), '216_6': (198.0, 283.0), '216_5': (196.0, 311.0), '216_8': (206.0, 254.0), '216_7': (177.0, 265.0)}}
Runtime (s): 269.6693309536204
