Launching Problin version 0.5b
Problin was called as follow: /u/gh2161/Spatial-Division/problin/run_problin.py -c simulated_seq_simulated_loc/s16c5/k50_character_matrix.csv -t simulated_seq_simulated_loc/s16c5/true_tree.nwk --delimiter comma -p simulated_seq_simulated_loc/s16c5/k50_priors.csv -o simulated_seq_simulated_loc/s16c5/k50_problin.txt --nInitials 10 --ultrametric --randomreps 3
Optimization by EM algorithm
Optimizing branch lengths, phi, and nu without topology search
Initial point 1. Random seed: 5279
Solving with ultrametric constraint
Initial phi: 0.5920880670922324. Initial nu: 0.8637727824128159. Initial nllh: 44802.88489320431
EM finished after 15 iterations.
Optimal point found for initial point 1
Negative llh: 237.93490316351557
Dropout rate: 0
Silencing rate: 1.3056311620293234e-07
Initial point 2. Random seed: 6077
Solving with ultrametric constraint
Initial phi: 0.4786704361561357. Initial nu: 0.540540949015514. Initial nllh: 682.4893744966522
EM finished after 13 iterations.
Optimal point found for initial point 2
Negative llh: 237.93490370964201
Dropout rate: 0
Silencing rate: 1.3224162971562341e-07
Initial point 3. Random seed: 2802
Solving with ultrametric constraint
Initial phi: 0.08442116129168457. Initial nu: 0.8319576087382191. Initial nllh: 464.9861820698836
EM finished after 14 iterations.
Optimal point found for initial point 3
Negative llh: 237.93490010694282
Dropout rate: 0
Silencing rate: 1.1792243558406273e-07
Initial point 4. Random seed: 2454
Solving with ultrametric constraint
Initial phi: 0.8321502565250298. Initial nu: 0.02371786986214698. Initial nllh: 1135.493624520447
EM finished after 7 iterations.
Optimal point found for initial point 4
Negative llh: 237.93490079242633
Dropout rate: 0
Silencing rate: 1.1901341768465811e-07
Initial point 5. Random seed: 2994
Solving with ultrametric constraint
Initial phi: 0.15994414217251396. Initial nu: 0.23835335674998182. Initial nllh: 377.4932701616932
EM finished after 12 iterations.
Optimal point found for initial point 5
Negative llh: 237.9348994399618
Dropout rate: 0
Silencing rate: 1.1583477788717605e-07
Initial point 6. Random seed: 1966
Solving with ultrametric constraint
Initial phi: 0.4958579241455171. Initial nu: 0.3536806589124206. Initial nllh: 658.1598827681661
EM finished after 13 iterations.
Optimal point found for initial point 6
Negative llh: 237.93490039298115
Dropout rate: 0
Silencing rate: 1.2118953983822988e-07
Initial point 7. Random seed: 6148
Solving with ultrametric constraint
Initial phi: 0.3327623451547583. Initial nu: 0.8766859273458908. Initial nllh: 633.028442916061
EM finished after 14 iterations.
Optimal point found for initial point 7
Negative llh: 237.93490344174992
Dropout rate: 0
Silencing rate: 1.326196647776802e-07
Initial point 8. Random seed: 6816
Solving with ultrametric constraint
Initial phi: 0.13736479055762868. Initial nu: 0.05412999715491217. Initial nllh: 323.7200741514718
EM finished after 9 iterations.
Optimal point found for initial point 8
Negative llh: 237.93490339372275
Dropout rate: 0
Silencing rate: 1.321551576944495e-07
Initial point 9. Random seed: 4355
Solving with ultrametric constraint
Initial phi: 0.28969746007706126. Initial nu: 0.3507044047481894. Initial nllh: 486.08885883214873
EM finished after 12 iterations.
Optimal point found for initial point 9
Negative llh: 237.9349018671609
Dropout rate: 0
Silencing rate: 1.2206118362159494e-07
Initial point 10. Random seed: 9691
Solving with ultrametric constraint
Initial phi: 0.8262877165996954. Initial nu: 0.03523286594837295. Initial nllh: 1120.860194881342
EM finished after 7 iterations.
Optimal point found for initial point 10
Negative llh: 237.93490513850918
Dropout rate: 0
Silencing rate: 1.3182720877989875e-07
Runtime (s): 9.891509108245373
