Launching Problin version 0.5b
Problin was called as follow: run_problin.py -c spalin_simulations_with_sep/s15c2/k10_character_matrix.csv -t spalin_simulations_with_sep/s15c2/true_tree.nwk --delimiter comma -p spalin_simulations_with_sep/s15c2/k10_priors.csv -o spalin_simulations_with_sep/s15c2/k10_problin --nInitials 10 --ultrametric
Optimization by EM algorithm
Optimizing branch lengths, phi, and nu without topology search
Initial point 1. Random seed: 9031
Solving with ultrametric constraint
Initial phi: 0.8712277863936402. Initial nu: 0.4522280430119629. Initial nllh: 11865.353450570477
EM finished after 36 iterations.
Optimal point found for initial point 1
Negative llh: 88.20128798001915
Dropout rate: 0
Silencing rate: 7.740146192430129e-07
Initial point 2. Random seed: 9496
Solving with ultrametric constraint
Initial phi: 0.3401411526023256. Initial nu: 0.48044345732974353. Initial nllh: 210.9213065284394
EM finished after 32 iterations.
Optimal point found for initial point 2
Negative llh: 88.20128599905728
Dropout rate: 0
Silencing rate: 7.752563156999151e-07
Initial point 3. Random seed: 9507
Solving with ultrametric constraint
Initial phi: 0.06018127399084829. Initial nu: 0.13707626938700454. Initial nllh: 112.47154984416085
EM finished after 11 iterations.
Optimal point found for initial point 3
Negative llh: 88.201311617428
Dropout rate: 0
Silencing rate: 7.745152512754101e-07
Initial point 4. Random seed: 1729
Solving with ultrametric constraint
Initial phi: 0.453904153969531. Initial nu: 0.9603081185762817. Initial nllh: 290.54593271023975
EM finished after 30 iterations.
Optimal point found for initial point 4
Negative llh: 88.20128892064835
Dropout rate: 0
Silencing rate: 7.747669953409182e-07
Initial point 5. Random seed: 8524
Solving with ultrametric constraint
Initial phi: 0.8974243287963692. Initial nu: 0.6868993852265955. Initial nllh: 583.3840461915222
EM finished after 30 iterations.
Optimal point found for initial point 5
Negative llh: 88.20128758417947
Dropout rate: 0
Silencing rate: 7.745559917513322e-07
Initial point 6. Random seed: 3069
Solving with ultrametric constraint
Initial phi: 0.5792888705001434. Initial nu: 0.12336499046462647. Initial nllh: 263.9340229518321
EM finished after 25 iterations.
Optimal point found for initial point 6
Negative llh: 88.20128514205346
Dropout rate: 0
Silencing rate: 7.688426371894056e-07
Initial point 7. Random seed: 2821
Solving with ultrametric constraint
Initial phi: 0.32788808259131963. Initial nu: 0.2648840559397322. Initial nllh: 187.8051384022377
EM finished after 25 iterations.
Optimal point found for initial point 7
Negative llh: 88.20128736142071
Dropout rate: 0
Silencing rate: 7.743219014734682e-07
Initial point 8. Random seed: 9690
Solving with ultrametric constraint
Initial phi: 0.14537425407947238. Initial nu: 0.5075535125082536. Initial nllh: 164.24810124349193
EM finished after 28 iterations.
Optimal point found for initial point 8
Negative llh: 88.20128773792189
Dropout rate: 0
Silencing rate: 7.726281842724858e-07
Initial point 9. Random seed: 9991
Solving with ultrametric constraint
Initial phi: 0.8201671399357774. Initial nu: 0.057135021004702656. Initial nllh: 419.39005059316236
EM finished after 18 iterations.
Optimal point found for initial point 9
Negative llh: 88.20128586119687
Dropout rate: 0
Silencing rate: 7.71584994861015e-07
Initial point 10. Random seed: 8055
Solving with ultrametric constraint
Initial phi: 0.4978086214368467. Initial nu: 0.18793433084850866. Initial nllh: 236.1749593600271
EM finished after 21 iterations.
Optimal point found for initial point 10
Negative llh: 88.20128875085084
Dropout rate: 0
Silencing rate: 7.756972427415336e-07
Runtime (s): 20.530943389050663
