Launching Problin version 0.5b
Problin was called as follow: /u/gh2161/Spatial-Division/problin/run_problin.py -c real_location_data/s19c1/k10_r1_character_matrix.csv -t real_location_data/s19c1/true_tree.nwk -S real_location_data/s19c1/leaf_locations.txt --delimiter comma -p real_location_data/s19c1/k10_priors.csv -o real_location_data/s19c1/k10_r1_spalin.txt --nInitials 10 --ultrametric --randomreps 3
Optimization by Spalin: Scipy-SLSQP using spatial information
Optimizing branch lengths, phi, and nu without topology search
Initial point 1. Random seed: 648
Solving with ultrametric constraint
Optimal point found for initial point 1
Negative llh: 137.95962423872317
Dropout rate: 1e-10
Silencing rate: 1e-10
Sigma: 2.4845994889866736
Lambda: 0.007382427617890962
Initial point 2. Random seed: 5894
Solving with ultrametric constraint
Optimal point found for initial point 2
Negative llh: 137.95923935561865
Dropout rate: 9.999999999999996e-11
Silencing rate: 9.999999999999996e-11
Sigma: 2.486331213776509
Lambda: 0.0073796390977499265
Initial point 3. Random seed: 9553
Solving with ultrametric constraint
Optimal point found for initial point 3
Negative llh: 137.95923923476641
Dropout rate: 1.0000154593978493e-10
Silencing rate: 1.0000094607579163e-10
Sigma: 2.486432410997256
Lambda: 0.007379871287208341
Initial point 4. Random seed: 6807
Solving with ultrametric constraint
Optimal point found for initial point 4
Negative llh: 137.95937714857894
Dropout rate: 4.160386562338946e-10
Silencing rate: 3.4513594304735816e-10
Sigma: 2.4857163238323254
Lambda: 0.00738034707352642
Initial point 5. Random seed: 4987
Solving with ultrametric constraint
Optimal point found for initial point 5
Negative llh: 137.95923940076372
Dropout rate: 5.350562708348507e-10
Silencing rate: 4.497613607849203e-10
Sigma: 2.486502129032032
Lambda: 0.007379896343936632
Initial point 6. Random seed: 9746
Solving with ultrametric constraint
Optimal point found for initial point 6
Negative llh: 137.95923936604228
Dropout rate: 1.0000000000000007e-10
Silencing rate: 9.999999999999996e-11
Sigma: 2.486294537702828
Lambda: 0.007379778524836917
Initial point 7. Random seed: 3865
Solving with ultrametric constraint
Optimal point found for initial point 7
Negative llh: 137.95923972014816
Dropout rate: 1e-10
Silencing rate: 1e-10
Sigma: 2.4864441786390805
Lambda: 0.00738006048663337
Initial point 8. Random seed: 6006
Solving with ultrametric constraint
Optimal point found for initial point 8
Negative llh: 137.95923933616353
Dropout rate: 1.0000000000000002e-10
Silencing rate: 1.0000000000000002e-10
Sigma: 2.4864472811591236
Lambda: 0.007379484970165087
Initial point 9. Random seed: 3638
Solving with ultrametric constraint
Optimal point found for initial point 9
Negative llh: 137.9592395686262
Dropout rate: 1.0000000000000002e-10
Silencing rate: 1.0000000000000002e-10
Sigma: 2.4864359410893866
Lambda: 0.0073799371610529015
Initial point 10. Random seed: 5742
Solving with ultrametric constraint
Optimal point found for initial point 10
Negative llh: 137.9593492802085
Dropout rate: 4.730444116507612e-10
Silencing rate: 1.0924594131016656e-10
Sigma: 2.487288171133782
Lambda: 0.0073831387262480955
{'lambda_param': 0.007379871287208341, 'phi': 1.0000154593978493e-10, 'nu': 1.0000094607579163e-10, 'sigma': 2.486432410997256, 'locations': {'216_12': (206.0, 178.0), '216_11': (180.0, 209.0), '216_10': (192.0, 212.0), '216_9': (190.0, 232.0), '216_6': (219.0, 229.0), '216_5': (241.0, 249.0), '216_8': (210.0, 216.0), '216_7': (232.0, 225.0), '216_4': (140.0, 225.0), '216_3': (158.0, 245.0), '216_2': (164.0, 228.0), '216_1': (180.0, 250.0)}}
Runtime (s): 134.499002401717
