Launching Problin version 0.5b
Problin was called as follow: /u/gh2161/Spatial-Division/problin/run_problin.py -c real_location_data/s6c3/k10_r4_character_matrix.csv -t real_location_data/s6c3/true_tree.nwk --delimiter comma -p real_location_data/s6c3/k10_priors.csv -o real_location_data/s6c3/k10_r4_problin.txt --nInitials 10 --ultrametric --randomreps 3 --solver Scipy
Optimization by generic solver (Scipy-SLSQP)
Optimizing branch lengths, phi, and nu without topology search
Initial point 1. Random seed: 342
Solving with ultrametric constraint
Optimal point found for initial point 1
Negative llh: 94.19427530841116
Dropout rate: 1e-10
Silencing rate: 1e-10
Lambda: 0.007090555176809608
Initial point 2. Random seed: 1223
Solving with ultrametric constraint
Optimal point found for initial point 2
Negative llh: 94.19415667141261
Dropout rate: 1e-10
Silencing rate: 1e-10
Lambda: 0.007089939398010398
Initial point 3. Random seed: 5621
Solving with ultrametric constraint
Optimal point found for initial point 3
Negative llh: 94.19441014109213
Dropout rate: 1.0000002037154889e-10
Silencing rate: 1.0000000998213056e-10
Lambda: 0.007090700130866343
Initial point 4. Random seed: 1511
Solving with ultrametric constraint
Optimal point found for initial point 4
Negative llh: 94.19387880984364
Dropout rate: 1e-10
Silencing rate: 1e-10
Lambda: 0.007091027017993685
Initial point 5. Random seed: 7534
Solving with ultrametric constraint
Optimal point found for initial point 5
Negative llh: 94.19394596380712
Dropout rate: 4.589505229527194e-10
Silencing rate: 2.820164709272219e-10
Lambda: 0.007091260058205808
Initial point 6. Random seed: 21
Solving with ultrametric constraint
Optimal point found for initial point 6
Negative llh: 94.19397795250651
Dropout rate: 1.0042829468266221e-10
Silencing rate: 1.0020996091029068e-10
Lambda: 0.007090485360010429
Initial point 7. Random seed: 7512
Solving with ultrametric constraint
Optimal point found for initial point 7
Negative llh: 94.19395352917083
Dropout rate: 1.0000000000000007e-10
Silencing rate: 9.999999999999996e-11
Lambda: 0.007090885416308184
Initial point 8. Random seed: 5266
Solving with ultrametric constraint
Optimal point found for initial point 8
Negative llh: 94.19433590147204
Dropout rate: 1e-10
Silencing rate: 1e-10
Lambda: 0.007090597703825239
Initial point 9. Random seed: 4441
Solving with ultrametric constraint
Optimal point found for initial point 9
Negative llh: 94.19391408086427
Dropout rate: 8.710408781705552e-10
Silencing rate: 5.329574215630548e-10
Lambda: 0.007091133838183806
Initial point 10. Random seed: 3890
Solving with ultrametric constraint
Optimal point found for initial point 10
Negative llh: 94.19397116006895
Dropout rate: 1e-10
Silencing rate: 1e-10
Lambda: 0.00709138175356346
{'phi': 1e-10, 'nu': 1e-10, 'lambda_param': 0.007091027017993685}
Runtime (s): 211.62689247354865
