Launching Problin version 0.5b
Problin was called as follow: /u/gh2161/Spatial-Division/problin/run_problin.py -c intmem_real_data/s2c5/characters.txt -t intmem_real_data/s2c5/true_tree.nwk --delimiter comma -p intmem_real_data/s2c5/prior.csv -o intmem_real_data/s2c5/problin.txt --nInitials 10 --ultrametric --randomreps 3 --solver Scipy
Optimization by generic solver (Scipy-SLSQP)
Optimizing branch lengths, phi, and nu without topology search
Initial point 1. Random seed: 3893
Solving with ultrametric constraint
Optimal point found for initial point 1
Negative llh: 59.28132560964801
Dropout rate: 9.999999999999996e-11
Silencing rate: 9.999999999999996e-11
Lambda: 0.010291136235309695
Initial point 2. Random seed: 741
Solving with ultrametric constraint
Optimal point found for initial point 2
Negative llh: 59.2813699797138
Dropout rate: 4.0146364849902045e-10
Silencing rate: 5.294570512202158e-10
Lambda: 0.010291117554909352
Initial point 3. Random seed: 5303
Solving with ultrametric constraint
Optimal point found for initial point 3
Negative llh: 59.2813256202383
Dropout rate: 1e-10
Silencing rate: 1e-10
Lambda: 0.01029122460198914
Initial point 4. Random seed: 44
Solving with ultrametric constraint
Optimal point found for initial point 4
Negative llh: 59.28132561799324
Dropout rate: 2.937261351874743e-10
Silencing rate: 3.7066022751914894e-10
Lambda: 0.01029124174079914
Initial point 5. Random seed: 6885
Solving with ultrametric constraint
Optimal point found for initial point 5
Negative llh: 59.281327115644196
Dropout rate: 9.016603050987246e-10
Silencing rate: 1.4901031623585354e-09
Lambda: 0.01029121142405444
Initial point 6. Random seed: 3249
Solving with ultrametric constraint
Optimal point found for initial point 6
Negative llh: 59.28132648833597
Dropout rate: 8.264315342473884e-10
Silencing rate: 1.0223263315713275e-09
Lambda: 0.010290698563525658
Initial point 7. Random seed: 2719
Solving with ultrametric constraint
Optimal point found for initial point 7
Negative llh: 59.281499243831206
Dropout rate: 4.4320045607801826e-10
Silencing rate: 5.88126924499704e-10
Lambda: 0.010289883171883368
Initial point 8. Random seed: 4030
Solving with ultrametric constraint
Optimal point found for initial point 8
Negative llh: 59.281326472848825
Dropout rate: 3.0380795907899963e-09
Silencing rate: 3.1571219318422934e-09
Lambda: 0.010291374813118044
Initial point 9. Random seed: 7051
Solving with ultrametric constraint
Optimal point found for initial point 9
Negative llh: 59.281326103296266
Dropout rate: 4.803780694601965e-10
Silencing rate: 5.346216782844285e-10
Lambda: 0.010291156978726755
Initial point 10. Random seed: 3509
Solving with ultrametric constraint
Optimal point found for initial point 10
Negative llh: 59.28133507304317
Dropout rate: 1e-10
Silencing rate: 1e-10
Lambda: 0.010291286797206636
{'phi': 9.999999999999996e-11, 'nu': 9.999999999999996e-11, 'lambda_param': 0.010291136235309695}
Runtime (s): 12.621244840323925
