Launching Problin version 0.5b
Problin was called as follow: /u/gh2161/Spatial-Division/problin/run_problin.py -c real_location_data/s16c1/k10_r2_character_matrix.csv -t real_location_data/s16c1/true_tree.nwk -S real_location_data/s16c1/leaf_locations.txt --delimiter comma -p real_location_data/s16c1/k10_priors.csv -o real_location_data/s16c1/k10_r2_spalin-divide-beta5_10_range.txt --nInitials 10 --ultrametric --randomreps 3 --divide --given_lower_beta 5 --given_upper_beta 10 --incl_beta_bound
Optimization by Spalin-Divide: Scipy-SLSQP using spatial information
{'sigma': 22, 'nu': 1e-10, 'phi': 1e-10, 'lower_beta': 5.0, 'upper_beta': 10.0, 'incl_beta_bound': True, 'displacement_amounts': {}}
Optimizing branch lengths, phi, and nu without topology search
Initial point 1. Random seed: 7676
Solving with ultrametric constraint
Optimal point found for initial point 1
Negative llh: 242.53531842067696
Dropout rate: 1e-10
Silencing rate: 1e-10
Sigma: 4.969838697832743
Initial point 2. Random seed: 2147
Solving with ultrametric constraint
Optimal point found for initial point 2
Negative llh: 233.311404870918
Dropout rate: 7.70503960337001e-09
Silencing rate: 1.7676739987300302e-09
Sigma: 4.638953446742783
Initial point 3. Random seed: 6189
Solving with ultrametric constraint
Optimal point found for initial point 3
Negative llh: 242.35985017804285
Dropout rate: 1.030143970302985e-07
Silencing rate: 5.78427470607119e-08
Sigma: 4.966760179935132
Initial point 4. Random seed: 8512
Solving with ultrametric constraint
Optimal point found for initial point 4
Negative llh: 242.48070550597092
Dropout rate: 1.0000000000000007e-10
Silencing rate: 9.999999999999428e-11
Sigma: 4.966773681141902
Initial point 5. Random seed: 7015
Solving with ultrametric constraint
Optimal point found for initial point 5
Negative llh: 232.8595922539616
Dropout rate: 1.0000000000000007e-10
Silencing rate: 9.999999999999996e-11
Sigma: 4.600807108819351
Initial point 6. Random seed: 3435
Solving with ultrametric constraint
Optimal point found for initial point 6
Negative llh: 242.36621987108174
Dropout rate: 6.32580186659574e-08
Silencing rate: 1.409804973490875e-08
Sigma: 4.959663616991537
Initial point 7. Random seed: 3061
Solving with ultrametric constraint
Optimal point found for initial point 7
Negative llh: 242.36768769263637
Dropout rate: 1.1042219963066134e-08
Silencing rate: 6.248062131511336e-09
Sigma: 4.955944553745062
Initial point 8. Random seed: 2967
Solving with ultrametric constraint
Optimal point found for initial point 8
Negative llh: 242.38395701729
Dropout rate: 3.438931142908543e-09
Silencing rate: 1.9787930489183833e-09
Sigma: 4.961086309727478
Initial point 9. Random seed: 4614
Solving with ultrametric constraint
Optimal point found for initial point 9
Negative llh: 242.66237272005355
Dropout rate: 1.0000000000000751e-10
Silencing rate: 1.0000000000000751e-10
Sigma: 4.95730932209257
Initial point 10. Random seed: 7028
Solving with ultrametric constraint
Optimal point found for initial point 10
Negative llh: 242.39571913888022
Dropout rate: 1.0007053493654023e-10
Silencing rate: 1.0004042422099933e-10
Sigma: 4.95823911247801
Runtime (s): 1782.021406718064
