Launching Problin version 0.5b
Problin was called as follow: /u/gh2161/Spatial-Division/problin/run_problin.py -c real_location_data/s16c1/k10_r4_character_matrix.csv -t real_location_data/s16c1/true_tree.nwk -S real_location_data/s16c1/leaf_locations.txt --delimiter comma -p real_location_data/s16c1/k10_priors.csv -o real_location_data/s16c1/k10_r4_spalin-divide-beta8.txt --nInitials 10 --ultrametric --randomreps 3 --divide --given_beta 8 --incl_beta_bound
Optimization by Spalin-Divide: Scipy-SLSQP using spatial information
Optimizing branch lengths, phi, and nu without topology search
Initial point 1. Random seed: 1125
Solving with ultrametric constraint
Fatal: failed to optimize using initial point 1
Initial point 2. Random seed: 6310
Solving with ultrametric constraint
Optimal point found for initial point 2
Negative llh: 259.45282919984123
Dropout rate: 1e-10
Silencing rate: 1e-10
Sigma: 4.260522895533286
Initial point 3. Random seed: 4947
Solving with ultrametric constraint
Fatal: failed to optimize using initial point 3
Initial point 4. Random seed: 3676
Solving with ultrametric constraint
Optimal point found for initial point 4
Negative llh: 259.45282959120266
Dropout rate: 1e-10
Silencing rate: 1e-10
Sigma: 4.2605038635498635
Initial point 5. Random seed: 8249
Solving with ultrametric constraint
Optimal point found for initial point 5
Negative llh: 259.45283521110423
Dropout rate: 1.0000000000000007e-10
Silencing rate: 1.0000000000000007e-10
Sigma: 4.260511716902718
Initial point 6. Random seed: 7270
Solving with ultrametric constraint
Optimal point found for initial point 6
Negative llh: 259.45284758253047
Dropout rate: 2.2623521934499178e-10
Silencing rate: 1.638934860559931e-10
Sigma: 4.260497142011518
Initial point 7. Random seed: 1195
Solving with ultrametric constraint
Optimal point found for initial point 7
Negative llh: 259.4528302099928
Dropout rate: 1.0000000000000006e-10
Silencing rate: 1.0000000000000006e-10
Sigma: 4.260508473292288
Initial point 8. Random seed: 1184
Solving with ultrametric constraint
Fatal: failed to optimize using initial point 8
Initial point 9. Random seed: 8520
Solving with ultrametric constraint
Optimal point found for initial point 9
Negative llh: 259.4528410239167
Dropout rate: 1e-10
Silencing rate: 1e-10
Sigma: 4.260534597123055
Initial point 10. Random seed: 4870
Solving with ultrametric constraint
Fatal: failed to optimize using initial point 10
Runtime (s): 1644.6841314174235
