Launching Problin version 0.5b
Problin was called as follow: /u/gh2161/Spatial-Division/problin/run_problin.py -c real_location_data/s16c1/k10_r3_character_matrix.csv -t real_location_data/s16c1/true_tree.nwk -S real_location_data/s16c1/leaf_locations.txt --delimiter comma -p real_location_data/s16c1/k10_priors.csv -o real_location_data/s16c1/k10_r3_spalin-divide-beta5-spatialonly.txt --nInitials 10 --ultrametric --randomreps 3 --divide --radius 5 --spatial_only
Optimization by Spalin-Divide: Scipy-SLSQP using spatial information
Optimizing branch lengths, phi, and nu without topology search
only spatial
only spatial
Initial point 1. Random seed: 6836
Solving with ultrametric constraint
Optimal point found for initial point 1
Negative llh: 150.25840154224457
Dropout rate: 0.64496313097808
Silencing rate: 0.10131853934351735
Sigma: 1.587366476482224
Lambda: 1.0
Initial point 2. Random seed: 2821
Solving with ultrametric constraint
Optimal point found for initial point 2
Negative llh: 150.25852190378635
Dropout rate: 0.22272463297003497
Silencing rate: 0.18375289827227784
Sigma: 1.5873426578812964
Lambda: 1.0
Initial point 3. Random seed: 2012
Solving with ultrametric constraint
Optimal point found for initial point 3
Negative llh: 150.2594014394023
Dropout rate: 0.44997714620489854
Silencing rate: 0.7430469953464791
Sigma: 1.586025884560251
Lambda: 1.0
Initial point 4. Random seed: 3856
Solving with ultrametric constraint
Optimal point found for initial point 4
Negative llh: 150.25909931568088
Dropout rate: 0.33275068228285076
Silencing rate: 0.08199805710159007
Sigma: 1.586392815737367
Lambda: 1.0
Initial point 5. Random seed: 618
Solving with ultrametric constraint
Optimal point found for initial point 5
Negative llh: 150.2584037376047
Dropout rate: 0.7206763640751335
Silencing rate: 0.1524218589733213
Sigma: 1.587298576596394
Lambda: 1.0
Initial point 6. Random seed: 7696
Solving with ultrametric constraint
Optimal point found for initial point 6
Negative llh: 150.2584513151515
Dropout rate: 0.4033167553028005
Silencing rate: 0.08913935492482554
Sigma: 1.5872341243698955
Lambda: 1.0
Initial point 7. Random seed: 259
Solving with ultrametric constraint
Optimal point found for initial point 7
Negative llh: 150.25843132744012
Dropout rate: 0.3935602185439589
Silencing rate: 0.6928908078272356
Sigma: 1.5872405570175518
Lambda: 1.0
Initial point 8. Random seed: 5493
Solving with ultrametric constraint
Optimal point found for initial point 8
Negative llh: 150.25851066353005
Dropout rate: 0.16149123823647066
Silencing rate: 0.9322715247425039
Sigma: 1.586372341350381
Lambda: 1.0
Initial point 9. Random seed: 9219
Solving with ultrametric constraint
Optimal point found for initial point 9
Negative llh: 150.25845994932757
Dropout rate: 0.0626665726426154
Silencing rate: 0.9336465214907226
Sigma: 1.5874091267345707
Lambda: 1.0
Initial point 10. Random seed: 3776
Solving with ultrametric constraint
Optimal point found for initial point 10
Negative llh: 150.258461268886
Dropout rate: 0.7825713274435627
Silencing rate: 0.03284813884821679
Sigma: 1.5875183157641528
Lambda: 1.0
{'lambda_param': 1.0, 'phi': 0.64496313097808, 'nu': 0.10131853934351735, 'sigma': 1.587366476482224, 'locations': {'216_1': (152.0, 286.0), '216_11': (285.0, 240.0), '216_10': (279.0, 256.0), '216_13': (304.0, 259.0), '216_12': (308.0, 273.0), '216_7': (295.0, 309.0), '216_6': (277.0, 309.0), '216_9': (295.0, 279.0), '216_8': (307.0, 288.0), '216_26': (270.0, 256.0), '216_25': (266.0, 272.0), '216_24': (281.0, 273.0), '216_23': (287.0, 291.0), '216_21': (247.0, 301.0), '216_18': (251.0, 240.0), '216_17': (243.0, 246.0), '216_20': (262.0, 247.0), '216_19': (254.0, 260.0), '216_16': (224.0, 290.0), '216_15': (259.0, 296.0), '216_14': (260.0, 332.0)}, 'radius': 5.0, 'thetas': {'199_9': 7.826158932274196, '146_5': 0.6682615507758275, '195_12': 2.1224550721443656, '202_12': 2.498087949438439, '147_7': 0.7621578616359169, '93_3': 8.032164106735047, '208_20': 1.2490751616442881, '209_22': 8.09895593835312, '164_15': 0.8390019717439688, '104_5': 5.531281643300804, '44_2': 3.3584927246102674, '205_6': 6.926693596476702, '206_5': 3.1415914376710514, '153_3': 5.2397991677304745, '213_10': 1.2924847858184607, '215_9': 1.929566241487483, '163_7': 0.647192529600161, '104_2': 1.5833880679480044, '49_1': -0.06676558998063602, '2_1': -6.145554404332954}}
Runtime (s): 1539.5794727876782
