Launching Problin version 0.5b
Problin was called as follow: /u/gh2161/Spatial-Division/problin/run_problin.py -c real_location_data/s20c4/k10_r1_character_matrix.csv -t real_location_data/s20c4/true_tree.nwk -S real_location_data/s20c4/leaf_locations.txt --delimiter comma -p real_location_data/s20c4/k10_priors.csv -o real_location_data/s20c4/k10_r1_spalin-divide-beta05.txt --nInitials 10 --ultrametric --randomreps 3 --divide --radius 0.5
Optimization by Spalin-Divide: Scipy-SLSQP using spatial information
Optimizing branch lengths, phi, and nu without topology search
Initial point 1. Random seed: 1638
Solving with ultrametric constraint
Optimal point found for initial point 1
Negative llh: 163.647241057967
Dropout rate: 2.42015505662353e-10
Silencing rate: 1.2090879922462853e-10
Sigma: 1.8324315951726036
Initial point 2. Random seed: 5679
Solving with ultrametric constraint
Optimal point found for initial point 2
Negative llh: 163.6479312392114
Dropout rate: 3.6117207731999254e-09
Silencing rate: 5.997901589728019e-10
Sigma: 1.833064685236477
Initial point 3. Random seed: 6044
Solving with ultrametric constraint
Optimal point found for initial point 3
Negative llh: 146.79428650505855
Dropout rate: 3.286593398455126e-10
Silencing rate: 1.0093497064640279e-10
Sigma: 1.9404717111724885
Initial point 4. Random seed: 3492
Solving with ultrametric constraint
Optimal point found for initial point 4
Negative llh: 146.79332127731274
Dropout rate: 1e-10
Silencing rate: 1e-10
Sigma: 1.9420569632131328
Initial point 5. Random seed: 3612
Solving with ultrametric constraint
Optimal point found for initial point 5
Negative llh: 146.79400033113976
Dropout rate: 1.0000000000000002e-10
Silencing rate: 1e-10
Sigma: 1.9414898752956913
Initial point 6. Random seed: 8729
Solving with ultrametric constraint
Optimal point found for initial point 6
Negative llh: 146.79360404748067
Dropout rate: 1e-10
Silencing rate: 1e-10
Sigma: 1.942100870655411
Initial point 7. Random seed: 4196
Solving with ultrametric constraint
Optimal point found for initial point 7
Negative llh: 163.5378133132073
Dropout rate: 2.511234010554404e-10
Silencing rate: 1.1701533736953243e-10
Sigma: 1.8242298687788536
Initial point 8. Random seed: 2627
Solving with ultrametric constraint
Optimal point found for initial point 8
Negative llh: 146.79391417949492
Dropout rate: 1e-10
Silencing rate: 1e-10
Sigma: 1.9411856744797291
Initial point 9. Random seed: 913
Solving with ultrametric constraint
Optimal point found for initial point 9
Negative llh: 146.79331475817617
Dropout rate: 1.0000000000000002e-10
Silencing rate: 1e-10
Sigma: 1.9418648545014203
Initial point 10. Random seed: 7208
Solving with ultrametric constraint
Optimal point found for initial point 10
Negative llh: 146.7934682456966
Dropout rate: 1.7330688625492602e-10
Silencing rate: 1.3199318968397492e-10
Sigma: 1.9423971421805857
Runtime (s): 310.47922219196334
