Launching Problin version 0.5b
Problin was called as follow: /u/gh2161/Spatial-Division/problin/run_problin.py -c real_location_data/s20c4/k10_r5_character_matrix.csv -t real_location_data/s20c4/true_tree.nwk -S real_location_data/s20c4/leaf_locations.txt --delimiter comma -p real_location_data/s20c4/k10_priors.csv -o real_location_data/s20c4/k10_r5_spalin-divide-beta05.txt --nInitials 10 --ultrametric --randomreps 3 --divide --radius 0.5
Optimization by Spalin-Divide: Scipy-SLSQP using spatial information
Optimizing branch lengths, phi, and nu without topology search
Initial point 1. Random seed: 7824
Solving with ultrametric constraint
Optimal point found for initial point 1
Negative llh: 130.92223086370865
Dropout rate: 2.1565454200494232e-10
Silencing rate: 1.370899563471405e-10
Sigma: 2.1612106092491827
Initial point 2. Random seed: 915
Solving with ultrametric constraint
Optimal point found for initial point 2
Negative llh: 130.92164373526458
Dropout rate: 1.0000000000000002e-10
Silencing rate: 1e-10
Sigma: 2.160687645343426
Initial point 3. Random seed: 9336
Solving with ultrametric constraint
Optimal point found for initial point 3
Negative llh: 130.92164396345203
Dropout rate: 1e-10
Silencing rate: 1e-10
Sigma: 2.1606102341848055
Initial point 4. Random seed: 2441
Solving with ultrametric constraint
Optimal point found for initial point 4
Negative llh: 130.92164375277068
Dropout rate: 1e-10
Silencing rate: 1e-10
Sigma: 2.160683920260656
Initial point 5. Random seed: 6268
Solving with ultrametric constraint
Optimal point found for initial point 5
Negative llh: 130.9216441397119
Dropout rate: 1.0000000000000002e-10
Silencing rate: 1e-10
Sigma: 2.1607008294619092
Initial point 6. Random seed: 3615
Solving with ultrametric constraint
Optimal point found for initial point 6
Negative llh: 130.92175714406363
Dropout rate: 1.0000000000000002e-10
Silencing rate: 1e-10
Sigma: 2.160401861829884
Initial point 7. Random seed: 5145
Solving with ultrametric constraint
Optimal point found for initial point 7
Negative llh: 130.92164449701377
Dropout rate: 1e-10
Silencing rate: 1e-10
Sigma: 2.1609012098478013
Initial point 8. Random seed: 3894
Solving with ultrametric constraint
Optimal point found for initial point 8
Negative llh: 130.9218465247928
Dropout rate: 1e-10
Silencing rate: 1e-10
Sigma: 2.1615581514475632
Initial point 9. Random seed: 1700
Solving with ultrametric constraint
Optimal point found for initial point 9
Negative llh: 130.9216438270519
Dropout rate: 1e-10
Silencing rate: 1e-10
Sigma: 2.1606737932162
Initial point 10. Random seed: 3991
Solving with ultrametric constraint
Optimal point found for initial point 10
Negative llh: 130.92164416294398
Dropout rate: 1e-10
Silencing rate: 1e-10
Sigma: 2.1607237872209426
Runtime (s): 234.33457356877625
