Launching Problin version 0.5b
Problin was called as follow: /u/gh2161/Spatial-Division/problin/run_problin.py -c real_location_data/s20c4/k10_r1_character_matrix.csv -t real_location_data/s20c4/true_tree.nwk --delimiter comma -p real_location_data/s20c4/k10_priors.csv -o real_location_data/s20c4/k10_r1_problin.txt --nInitials 10 --ultrametric --randomreps 3 --solver Scipy
Optimization by generic solver (Scipy-SLSQP)
Optimizing branch lengths, phi, and nu without topology search
Initial point 1. Random seed: 1012
Solving with ultrametric constraint
Optimal point found for initial point 1
Negative llh: 73.03856347555703
Dropout rate: 2.0284802621215297e-10
Silencing rate: 1.4682552619572503e-10
Lambda: 0.0009767411855379077
Initial point 2. Random seed: 4089
Solving with ultrametric constraint
Optimal point found for initial point 2
Negative llh: 56.282438249141244
Dropout rate: 1e-10
Silencing rate: 1e-10
Lambda: 0.00468595347720912
Initial point 3. Random seed: 1348
Solving with ultrametric constraint
Optimal point found for initial point 3
Negative llh: 73.03819517439881
Dropout rate: 1.9588247085109863e-10
Silencing rate: 1.1229541746548374e-10
Lambda: 0.0009767693757331926
Initial point 4. Random seed: 7081
Solving with ultrametric constraint
Optimal point found for initial point 4
Negative llh: 56.28243819305496
Dropout rate: 2.8903639780385756e-10
Silencing rate: 1.7924998576159433e-10
Lambda: 0.004685914404745589
Initial point 5. Random seed: 3452
Solving with ultrametric constraint
Optimal point found for initial point 5
Negative llh: 56.282438001433974
Dropout rate: 1e-10
Silencing rate: 1e-10
Lambda: 0.0046858084036044785
Initial point 6. Random seed: 3113
Solving with ultrametric constraint
Optimal point found for initial point 6
Negative llh: 73.0381145475324
Dropout rate: 4.73227949084455e-10
Silencing rate: 1.615509940436055e-10
Lambda: 0.0009767730883696547
Initial point 7. Random seed: 1037
Solving with ultrametric constraint
Optimal point found for initial point 7
Negative llh: 56.282438142175685
Dropout rate: 1.0441022605865063e-09
Silencing rate: 5.221028936964695e-10
Lambda: 0.004686217691617427
Initial point 8. Random seed: 4990
Solving with ultrametric constraint
Optimal point found for initial point 8
Negative llh: 56.282438067104465
Dropout rate: 5.557580229329339e-10
Silencing rate: 4.4428503366717865e-10
Lambda: 0.004686088568796181
Initial point 9. Random seed: 3407
Solving with ultrametric constraint
Optimal point found for initial point 9
Negative llh: 56.28244854929688
Dropout rate: 1e-10
Silencing rate: 1e-10
Lambda: 0.004686685518708084
Initial point 10. Random seed: 435
Solving with ultrametric constraint
Optimal point found for initial point 10
Negative llh: 73.03858764618806
Dropout rate: 1e-10
Silencing rate: 1e-10
Lambda: 0.0009767397304777004
{'phi': 1e-10, 'nu': 1e-10, 'lambda_param': 0.0046858084036044785}
Runtime (s): 28.105893628671765
