Launching Problin version 0.5b
Problin was called as follow: /u/gh2161/Spatial-Division/problin/run_problin.py -c real_location_data/s20c4/k10_r3_character_matrix.csv -t real_location_data/s20c4/true_tree.nwk -S real_location_data/s20c4/leaf_locations.txt --delimiter comma -p real_location_data/s20c4/k10_priors.csv -o real_location_data/s20c4/k10_r3_spalin-divide-beta2.txt --nInitials 10 --ultrametric --randomreps 3 --divide --given_beta 2 --incl_beta_bound
Optimization by Spalin-Divide: Scipy-SLSQP using spatial information
Optimizing branch lengths, phi, and nu without topology search
Initial point 1. Random seed: 8276
Solving with ultrametric constraint
Optimal point found for initial point 1
Negative llh: 147.29351205720022
Dropout rate: 1e-10
Silencing rate: 1e-10
Sigma: 7.389753085899277
Initial point 2. Random seed: 7555
Solving with ultrametric constraint
Optimal point found for initial point 2
Negative llh: 147.29351345257714
Dropout rate: 6.748551034987102e-10
Silencing rate: 5.051853985526884e-10
Sigma: 7.389650681530572
Initial point 3. Random seed: 3066
Solving with ultrametric constraint
Optimal point found for initial point 3
Negative llh: 147.29351284991347
Dropout rate: 7.158979618315882e-10
Silencing rate: 5.076840761836592e-10
Sigma: 7.38987250564889
Initial point 4. Random seed: 3086
Solving with ultrametric constraint
Optimal point found for initial point 4
Negative llh: 147.29351196302147
Dropout rate: 1.9680057669860446e-10
Silencing rate: 1.6984762675177183e-10
Sigma: 7.38979327727335
Initial point 5. Random seed: 7003
Solving with ultrametric constraint
Optimal point found for initial point 5
Negative llh: 147.29351225376718
Dropout rate: 1.0000000000000002e-10
Silencing rate: 1.0000000000000002e-10
Sigma: 7.389904178286513
Initial point 6. Random seed: 827
Solving with ultrametric constraint
Optimal point found for initial point 6
Negative llh: 147.2935118507577
Dropout rate: 3.32237938707007e-10
Silencing rate: 1.7137089676170306e-10
Sigma: 7.389792784672082
Initial point 7. Random seed: 4928
Solving with ultrametric constraint
Optimal point found for initial point 7
Negative llh: 147.2935130421798
Dropout rate: 1e-10
Silencing rate: 1e-10
Sigma: 7.389751063719649
Initial point 8. Random seed: 5576
Solving with ultrametric constraint
Optimal point found for initial point 8
Negative llh: 147.29351302909362
Dropout rate: 1.1496115598502091e-10
Silencing rate: 1.3530574115678975e-10
Sigma: 7.389812913877292
Initial point 9. Random seed: 3969
Solving with ultrametric constraint
Optimal point found for initial point 9
Negative llh: 147.29351201080277
Dropout rate: 3.1161812296543454e-10
Silencing rate: 2.904367773398893e-10
Sigma: 7.389735505554116
Initial point 10. Random seed: 199
Solving with ultrametric constraint
Optimal point found for initial point 10
Negative llh: 147.29351185216183
Dropout rate: 1.0000000000000002e-10
Silencing rate: 1.0000000000000002e-10
Sigma: 7.389809650417794
Runtime (s): 361.16156900298665
