Launching Problin version 0.5b
Problin was called as follow: /u/gh2161/Spatial-Division/problin/run_problin.py -c real_location_data/s20c4/k10_r1_character_matrix.csv -t real_location_data/s20c4/true_tree.nwk -S real_location_data/s20c4/leaf_locations.txt --delimiter comma -p real_location_data/s20c4/k10_priors.csv -o real_location_data/s20c4/k10_r1_spalin-divide-beta3.txt --nInitials 10 --ultrametric --randomreps 3 --divide --radius 3
Optimization by Spalin-Divide: Scipy-SLSQP using spatial information
Optimizing branch lengths, phi, and nu without topology search
Initial point 1. Random seed: 1822
Solving with ultrametric constraint
Optimal point found for initial point 1
Negative llh: 161.37298037176356
Dropout rate: 1e-10
Silencing rate: 1e-10
Sigma: 1.7417658835337955
Initial point 2. Random seed: 1653
Solving with ultrametric constraint
Optimal point found for initial point 2
Negative llh: 144.43072963454148
Dropout rate: 1.657287044087515e-10
Silencing rate: 1.00017528157749e-10
Sigma: 1.8408725126540015
Initial point 3. Random seed: 3338
Solving with ultrametric constraint
Optimal point found for initial point 3
Negative llh: 144.42969533085054
Dropout rate: 2.0181238751682923e-10
Silencing rate: 1.0002597107412936e-10
Sigma: 1.8404647384210273
Initial point 4. Random seed: 5826
Solving with ultrametric constraint
Optimal point found for initial point 4
Negative llh: 144.42969540608362
Dropout rate: 1.9166871643194038e-10
Silencing rate: 1.3486983437460103e-10
Sigma: 1.8404426261655893
Initial point 5. Random seed: 9389
Solving with ultrametric constraint
Optimal point found for initial point 5
Negative llh: 144.43016924168165
Dropout rate: 3.304501130705067e-10
Silencing rate: 1.0011516900891845e-10
Sigma: 1.8400963188114692
Initial point 6. Random seed: 7811
Solving with ultrametric constraint
Optimal point found for initial point 6
Negative llh: 161.37202018259057
Dropout rate: 1e-10
Silencing rate: 1e-10
Sigma: 1.7410878887142085
Initial point 7. Random seed: 2865
Solving with ultrametric constraint
Optimal point found for initial point 7
Negative llh: 144.43099895950297
Dropout rate: 1.0000000000000002e-10
Silencing rate: 1e-10
Sigma: 1.844745399122627
Initial point 8. Random seed: 6094
Solving with ultrametric constraint
Optimal point found for initial point 8
Negative llh: 144.42969522302735
Dropout rate: 1.1675197322753327e-10
Silencing rate: 1.0000258277043997e-10
Sigma: 1.8404523385857354
Initial point 9. Random seed: 2012
Solving with ultrametric constraint
Optimal point found for initial point 9
Negative llh: 144.4299232841978
Dropout rate: 1e-10
Silencing rate: 1e-10
Sigma: 1.8406002284334626
Initial point 10. Random seed: 7619
Solving with ultrametric constraint
Optimal point found for initial point 10
Negative llh: 161.34816899157113
Dropout rate: 1.1063184403348488e-10
Silencing rate: 1.01082188784758e-10
Sigma: 1.7405572880972642
Runtime (s): 155.75642853602767
