Launching Problin version 0.5b
Problin was called as follow: /u/gh2161/Spatial-Division/problin/run_problin.py -c real_location_data/s20c4/k10_r3_character_matrix.csv -t real_location_data/s20c4/true_tree.nwk -S real_location_data/s20c4/leaf_locations.txt --delimiter comma -p real_location_data/s20c4/k10_priors.csv -o real_location_data/s20c4/k10_r3_spalin-divide-beta1.txt --nInitials 10 --ultrametric --randomreps 3 --divide --radius 1
Optimization by Spalin-Divide: Scipy-SLSQP using spatial information
Optimizing branch lengths, phi, and nu without topology search
Initial point 1. Random seed: 4383
Solving with ultrametric constraint
Optimal point found for initial point 1
Negative llh: 159.90827635203647
Dropout rate: 2.7302106978969937e-10
Silencing rate: 2.784258316436978e-10
Sigma: 1.8021109071895147
Initial point 2. Random seed: 1979
Solving with ultrametric constraint
Optimal point found for initial point 2
Negative llh: 148.13178583167957
Dropout rate: 1e-10
Silencing rate: 1e-10
Sigma: 1.9050193792310197
Initial point 3. Random seed: 9878
Solving with ultrametric constraint
Optimal point found for initial point 3
Negative llh: 148.1318562283417
Dropout rate: 5.97693026508312e-10
Silencing rate: 1.1212969191452719e-10
Sigma: 1.904398173292698
Initial point 4. Random seed: 755
Solving with ultrametric constraint
Optimal point found for initial point 4
Negative llh: 148.13194647135103
Dropout rate: 1e-10
Silencing rate: 1e-10
Sigma: 1.9048040879471801
Initial point 5. Random seed: 9256
Solving with ultrametric constraint
Optimal point found for initial point 5
Negative llh: 159.9069293053111
Dropout rate: 1.0000000000000002e-10
Silencing rate: 1e-10
Sigma: 1.8030291215974712
Initial point 6. Random seed: 1328
Solving with ultrametric constraint
Optimal point found for initial point 6
Negative llh: 148.1322307927998
Dropout rate: 1.2579035123522107e-10
Silencing rate: 1.0017008811096576e-10
Sigma: 1.9030557495127314
Initial point 7. Random seed: 4118
Solving with ultrametric constraint
Optimal point found for initial point 7
Negative llh: 148.13220495608658
Dropout rate: 2.0615127283298356e-10
Silencing rate: 1.1342025875366335e-10
Sigma: 1.9044079563840488
Initial point 8. Random seed: 9162
Solving with ultrametric constraint
Optimal point found for initial point 8
Negative llh: 148.13179357776932
Dropout rate: 1.8135574020346868e-10
Silencing rate: 1.0150644541041953e-10
Sigma: 1.9049163698181621
Initial point 9. Random seed: 6611
Solving with ultrametric constraint
Optimal point found for initial point 9
Negative llh: 159.9073137149438
Dropout rate: 2.0091031081452637e-10
Silencing rate: 1.7640469145721473e-10
Sigma: 1.8022610406706092
Initial point 10. Random seed: 6301
Solving with ultrametric constraint
Optimal point found for initial point 10
Negative llh: 148.13178577303773
Dropout rate: 9.999999999999996e-11
Silencing rate: 1.0000000000000002e-10
Sigma: 1.9050202161949157
Runtime (s): 193.18320063874125
