Launching Problin version 0.5b
Problin was called as follow: /u/gh2161/Spatial-Division/problin/run_problin.py -c real_location_data/s20c4/k10_r5_character_matrix.csv -t real_location_data/s20c4/true_tree.nwk -S real_location_data/s20c4/leaf_locations.txt --delimiter comma -p real_location_data/s20c4/k10_priors.csv -o real_location_data/s20c4/k10_r5_spalin-divide-beta20.txt --nInitials 10 --ultrametric --randomreps 3 --divide --given_beta 20 --incl_beta_bound
Optimization by Spalin-Divide: Scipy-SLSQP using spatial information
Optimizing branch lengths, phi, and nu without topology search
Initial point 1. Random seed: 925
Solving with ultrametric constraint
Optimal point found for initial point 1
Negative llh: 104.46503684558793
Dropout rate: 1.6145964458506855e-10
Silencing rate: 1.2250045655016604e-10
Sigma: 4.2846942879681125
Initial point 2. Random seed: 6375
Solving with ultrametric constraint
Optimal point found for initial point 2
Negative llh: 104.465036795499
Dropout rate: 1.0016309510973094e-10
Silencing rate: 1.457747227605383e-10
Sigma: 4.284683159321295
Initial point 3. Random seed: 9808
Solving with ultrametric constraint
Optimal point found for initial point 3
Negative llh: 104.4650409374622
Dropout rate: 1.0000000000000002e-10
Silencing rate: 1e-10
Sigma: 4.284627030016954
Initial point 4. Random seed: 8239
Solving with ultrametric constraint
Optimal point found for initial point 4
Negative llh: 104.46503887661592
Dropout rate: 1.0663038372626869e-10
Silencing rate: 1e-10
Sigma: 4.2846215004445725
Initial point 5. Random seed: 5029
Solving with ultrametric constraint
Optimal point found for initial point 5
Negative llh: 104.46503711516891
Dropout rate: 1.0293625413302051e-10
Silencing rate: 1.0000000000000002e-10
Sigma: 4.284702641382987
Initial point 6. Random seed: 3412
Solving with ultrametric constraint
Optimal point found for initial point 6
Negative llh: 104.46503679085056
Dropout rate: 9.999999999999996e-11
Silencing rate: 1.4759876814207414e-10
Sigma: 4.284680136444432
Initial point 7. Random seed: 6006
Solving with ultrametric constraint
Optimal point found for initial point 7
Negative llh: 104.46504436826515
Dropout rate: 7.87308685035723e-10
Silencing rate: 8.587668949844296e-10
Sigma: 4.2846664740077935
Initial point 8. Random seed: 81
Solving with ultrametric constraint
Optimal point found for initial point 8
Negative llh: 104.46503691825072
Dropout rate: 2.1114080223123931e-10
Silencing rate: 1.3364994882017907e-10
Sigma: 4.284659111951174
Initial point 9. Random seed: 1623
Solving with ultrametric constraint
Optimal point found for initial point 9
Negative llh: 104.4650367764815
Dropout rate: 1.0292345857782508e-10
Silencing rate: 2.728455737558228e-10
Sigma: 4.284673382396831
Initial point 10. Random seed: 954
Solving with ultrametric constraint
Optimal point found for initial point 10
Negative llh: 104.46503682883353
Dropout rate: 1e-10
Silencing rate: 1e-10
Sigma: 4.284674616136403
Runtime (s): 756.310766051989
