Launching Problin version 0.5b
Problin was called as follow: /u/gh2161/Spatial-Division/problin/run_problin.py -c real_location_data/s20c4/k10_r1_character_matrix.csv -t real_location_data/s20c4/true_tree.nwk -S real_location_data/s20c4/leaf_locations.txt --delimiter comma -p real_location_data/s20c4/k10_priors.csv -o real_location_data/s20c4/k10_r1_spalin-divide-beta7.txt --nInitials 10 --ultrametric --randomreps 3 --divide --radius 7
Optimization by Spalin-Divide: Scipy-SLSQP using spatial information
Optimizing branch lengths, phi, and nu without topology search
Initial point 1. Random seed: 4503
Solving with ultrametric constraint
Optimal point found for initial point 1
Negative llh: 139.79666249048304
Dropout rate: 1e-10
Silencing rate: 1e-10
Sigma: 1.667570926234145
Initial point 2. Random seed: 491
Solving with ultrametric constraint
Optimal point found for initial point 2
Negative llh: 139.7969921249078
Dropout rate: 9.999999999999996e-11
Silencing rate: 1e-10
Sigma: 1.667957683413504
Initial point 3. Random seed: 4795
Solving with ultrametric constraint
Optimal point found for initial point 3
Negative llh: 139.79666231218857
Dropout rate: 3.841982342156681e-10
Silencing rate: 1.0001518748516742e-10
Sigma: 1.6675575446471915
Initial point 4. Random seed: 227
Solving with ultrametric constraint
Optimal point found for initial point 4
Negative llh: 139.7966627081811
Dropout rate: 1e-10
Silencing rate: 1e-10
Sigma: 1.6675250727544886
Initial point 5. Random seed: 2620
Solving with ultrametric constraint
Optimal point found for initial point 5
Negative llh: 156.93293153295315
Dropout rate: 7.61262345028359e-10
Silencing rate: 8.358123788057711e-10
Sigma: 1.5876548150400882
Initial point 6. Random seed: 6360
Solving with ultrametric constraint
Optimal point found for initial point 6
Negative llh: 139.7970786211975
Dropout rate: 4.005377634057635e-10
Silencing rate: 1.0045580538330234e-10
Sigma: 1.6679788382156036
Initial point 7. Random seed: 9987
Solving with ultrametric constraint
Optimal point found for initial point 7
Negative llh: 156.93343569956033
Dropout rate: 6.156858568624493e-10
Silencing rate: 3.5304889706631545e-10
Sigma: 1.5877866955711564
Initial point 8. Random seed: 3367
Solving with ultrametric constraint
Optimal point found for initial point 8
Negative llh: 139.7966639126181
Dropout rate: 1.0000000000000002e-10
Silencing rate: 1e-10
Sigma: 1.6675817975786225
Initial point 9. Random seed: 1290
Solving with ultrametric constraint
Optimal point found for initial point 9
Negative llh: 139.7966629793538
Dropout rate: 3.0109705515836154e-10
Silencing rate: 1.0001376317783027e-10
Sigma: 1.6676140855401271
Initial point 10. Random seed: 9592
Solving with ultrametric constraint
Optimal point found for initial point 10
Negative llh: 139.79666377181147
Dropout rate: 1.2894927020743654e-10
Silencing rate: 1.0002359934825786e-10
Sigma: 1.6675920899835828
Runtime (s): 148.00692562386394
