Launching Problin version 0.5b
Problin was called as follow: /u/gh2161/Spatial-Division/problin/run_problin.py -c intmem_real_data/s6c1/characters.txt -t intmem_real_data/s6c1/true_tree.nwk -S intmem_real_data/s6c1/leaf_locations.txt --delimiter comma -p intmem_real_data/s6c1/prior.csv -o intmem_real_data/s6c1/spalin_spatialonly.txt --nInitials 10 --ultrametric --spatial_only
Optimization by Spalin: Scipy-SLSQP using spatial information
Optimizing branch lengths, phi, and nu without topology search
only spatial
Initial point 1. Random seed: 367
Solving with ultrametric constraint
Optimal point found for initial point 1
Negative llh: 53.15691273012917
Dropout rate: 0.27083990168127153
Silencing rate: 0.4548377197163185
Sigma: 3.758700665062792
Lambda: 1.0
Initial point 2. Random seed: 6698
Solving with ultrametric constraint
Optimal point found for initial point 2
Negative llh: 53.15691273012917
Dropout rate: 0.8319954774015356
Silencing rate: 0.8730479501285289
Sigma: 3.758700665062792
Lambda: 1.0
Initial point 3. Random seed: 45
Solving with ultrametric constraint
Optimal point found for initial point 3
Negative llh: 53.15691273012917
Dropout rate: 0.8395958143705414
Silencing rate: 0.20890019657206707
Sigma: 3.758700665062792
Lambda: 1.0
Initial point 4. Random seed: 9751
Solving with ultrametric constraint
Optimal point found for initial point 4
Negative llh: 53.15691273012917
Dropout rate: 0.5033808132640569
Silencing rate: 0.7366738099711723
Sigma: 3.758700665062792
Lambda: 1.0
Initial point 5. Random seed: 422
Solving with ultrametric constraint
Optimal point found for initial point 5
Negative llh: 53.15691273012917
Dropout rate: 0.18821743212340578
Silencing rate: 0.7928425374954999
Sigma: 3.758700665062792
Lambda: 1.0
Initial point 6. Random seed: 4728
Solving with ultrametric constraint
Optimal point found for initial point 6
Negative llh: 53.15691273012917
Dropout rate: 0.10079313285878375
Silencing rate: 0.5518891312026815
Sigma: 3.758700665062792
Lambda: 1.0
Initial point 7. Random seed: 5179
Solving with ultrametric constraint
Optimal point found for initial point 7
Negative llh: 53.15691273012917
Dropout rate: 0.6475747656104941
Silencing rate: 0.21221568146644487
Sigma: 3.758700665062792
Lambda: 1.0
Initial point 8. Random seed: 8081
Solving with ultrametric constraint
Optimal point found for initial point 8
Negative llh: 53.15691273012917
Dropout rate: 0.21701752332549745
Silencing rate: 0.09095617298283991
Sigma: 3.758700665062792
Lambda: 1.0
Initial point 9. Random seed: 2127
Solving with ultrametric constraint
Optimal point found for initial point 9
Negative llh: 53.15691273012917
Dropout rate: 0.5681893642985266
Silencing rate: 0.6920884476828175
Sigma: 3.758700665062792
Lambda: 1.0
Initial point 10. Random seed: 2283
Solving with ultrametric constraint
Optimal point found for initial point 10
Negative llh: 53.15691273012917
Dropout rate: 0.13675835443947415
Silencing rate: 0.13670276496860456
Sigma: 3.758700665062792
Lambda: 1.0
{'lambda_param': 1.0, 'phi': 0.27083990168127153, 'nu': 0.4548377197163185, 'sigma': 3.758700665062792, 'locations': {'216_8': (257.0, 317.0), '216_7': (230.0, 335.0), '216_6': (248.0, 302.0), '216_5': (302.0, 359.0), '216_4': (216.0, 332.0), '216_3': (217.0, 363.0), '216_2': (252.0, 374.0), '216_1': (251.0, 349.0)}}
Runtime (s): 9.458421419840306
