Launching Problin version 0.5b
Problin was called as follow: run_problin.py -c spalin_simulations_with_sep/s14c6/k10_character_matrix.csv -t spalin_simulations_with_sep/s14c6/true_tree.nwk --delimiter comma -p spalin_simulations_with_sep/s14c6/k10_priors.csv -o spalin_simulations_with_sep/s14c6/k10_problin --nInitials 10 --ultrametric
Optimization by EM algorithm
Optimizing branch lengths, phi, and nu without topology search
Initial point 1. Random seed: 9870
Solving with ultrametric constraint
Initial phi: 0.5083536299865127. Initial nu: 0.7735067964300576. Initial nllh: 8977.292741665713
EM finished after 14 iterations.
Optimal point found for initial point 1
Negative llh: 65.63753335149396
Dropout rate: 0
Silencing rate: 6.956969472179219e-07
Initial point 2. Random seed: 8321
Solving with ultrametric constraint
Initial phi: 0.4085256623670324. Initial nu: 0.8174121755832386. Initial nllh: 170.30895858591933
EM finished after 14 iterations.
Optimal point found for initial point 2
Negative llh: 65.6375327097112
Dropout rate: 0
Silencing rate: 6.893016759727233e-07
Initial point 3. Random seed: 7393
Solving with ultrametric constraint
Initial phi: 0.9757934868241381. Initial nu: 0.6011111658037838. Initial nllh: 509.45675880534174
EM finished after 14 iterations.
Optimal point found for initial point 3
Negative llh: 65.63753276397047
Dropout rate: 0
Silencing rate: 6.91084429631763e-07
Initial point 4. Random seed: 2843
Solving with ultrametric constraint
Initial phi: 0.40507901763399806. Initial nu: 0.054785798685505364. Initial nllh: 125.9073038329824
EM finished after 10 iterations.
Optimal point found for initial point 4
Negative llh: 65.63753259308983
Dropout rate: 0
Silencing rate: 6.880291482013241e-07
Initial point 5. Random seed: 1210
Solving with ultrametric constraint
Initial phi: 0.7325002209404503. Initial nu: 0.7557919985225223. Initial nllh: 254.0584402594999
EM finished after 12 iterations.
Optimal point found for initial point 5
Negative llh: 65.63753466887353
Dropout rate: 0
Silencing rate: 7.078121738481047e-07
Initial point 6. Random seed: 9779
Solving with ultrametric constraint
Initial phi: 0.3280903010300591. Initial nu: 0.5419800177650138. Initial nllh: 140.47730643538245
EM finished after 14 iterations.
Optimal point found for initial point 6
Negative llh: 65.63753261664816
Dropout rate: 0
Silencing rate: 6.887533567830478e-07
Initial point 7. Random seed: 2978
Solving with ultrametric constraint
Initial phi: 0.8346021015028237. Initial nu: 0.4626220270675794. Initial nllh: 290.11916360036946
EM finished after 13 iterations.
Optimal point found for initial point 7
Negative llh: 65.63753283052787
Dropout rate: 0
Silencing rate: 6.903544003645989e-07
Initial point 8. Random seed: 5130
Solving with ultrametric constraint
Initial phi: 0.7585603736056624. Initial nu: 0.4519332221931747. Initial nllh: 247.89638923580395
EM finished after 13 iterations.
Optimal point found for initial point 8
Negative llh: 65.63753270134016
Dropout rate: 0
Silencing rate: 6.882195397801888e-07
Initial point 9. Random seed: 2596
Solving with ultrametric constraint
Initial phi: 0.602512436028528. Initial nu: 0.48511063555857487. Initial nllh: 194.96040717606886
EM finished after 12 iterations.
Optimal point found for initial point 9
Negative llh: 65.63753371132078
Dropout rate: 0
Silencing rate: 6.991517761673516e-07
Initial point 10. Random seed: 5597
Solving with ultrametric constraint
Initial phi: 0.02524642169203984. Initial nu: 0.2574208092035127. Initial nllh: 83.22198911839865
EM finished after 13 iterations.
Optimal point found for initial point 10
Negative llh: 65.63753263007261
Dropout rate: 0
Silencing rate: 6.900047056139885e-07
Runtime (s): 9.084087877999991
