Launching Problin version 0.5b
Problin was called as follow: /u/gh2161/Spatial-Division/problin/run_problin.py -c simulated_seq_simulated_loc/s14c6/k50_character_matrix.csv -t simulated_seq_simulated_loc/s14c6/true_tree.nwk --delimiter comma -p simulated_seq_simulated_loc/s14c6/k50_priors.csv -o simulated_seq_simulated_loc/s14c6/k50_problin.txt --nInitials 10 --ultrametric --solver Scipy
Optimization by generic solver (Scipy-SLSQP)
Optimizing branch lengths, phi, and nu without topology search
Initial point 1. Random seed: 234
Solving with ultrametric constraint
Optimal point found for initial point 1
Negative llh: 241.89960015893107
Dropout rate: 1e-10
Silencing rate: 1e-10
Initial point 2. Random seed: 3120
Solving with ultrametric constraint
Optimal point found for initial point 2
Negative llh: 241.89983316302056
Dropout rate: 1.0000908083083765e-10
Silencing rate: 1.0000388871395256e-10
Initial point 3. Random seed: 385
Solving with ultrametric constraint
Optimal point found for initial point 3
Negative llh: 241.89958684977898
Dropout rate: 1.0001063182928369e-10
Silencing rate: 1.0000455188551457e-10
Initial point 4. Random seed: 6179
Solving with ultrametric constraint
Optimal point found for initial point 4
Negative llh: 241.89965305157097
Dropout rate: 1.9726909362942693e-10
Silencing rate: 1.5679459604552762e-09
Initial point 5. Random seed: 2889
Solving with ultrametric constraint
Fatal: failed to optimize using initial point 5
Initial point 6. Random seed: 1199
Solving with ultrametric constraint
Fatal: failed to optimize using initial point 6
Initial point 7. Random seed: 6554
Solving with ultrametric constraint
Optimal point found for initial point 7
Negative llh: 241.89976467577395
Dropout rate: 1.0002529802901418e-10
Silencing rate: 1.0001083192804842e-10
Initial point 8. Random seed: 6662
Solving with ultrametric constraint
Optimal point found for initial point 8
Negative llh: 241.89961699164408
Dropout rate: 1e-10
Silencing rate: 1e-10
Initial point 9. Random seed: 5031
Solving with ultrametric constraint
Optimal point found for initial point 9
Negative llh: 241.8998607938311
Dropout rate: 1.0045117417357611e-10
Silencing rate: 1.0019321163335924e-10
Initial point 10. Random seed: 794
Solving with ultrametric constraint
Optimal point found for initial point 10
Negative llh: 241.89970457764144
Dropout rate: 1.0003312578913116e-10
Silencing rate: 1.0001417925153823e-10
Runtime (s): 95.73232940211892
