Launching Problin version 0.5b
Problin was called as follow: /u/gh2161/Spatial-Division/problin/run_problin.py -c real_location_data/s10c3/k10_r3_character_matrix.csv -t real_location_data/s10c3/true_tree.nwk -S real_location_data/s10c3/leaf_locations.txt --delimiter comma -p real_location_data/s10c3/k10_priors.csv -o real_location_data/s10c3/k10_r3_spalin.txt --nInitials 10 --ultrametric --randomreps 3
Optimization by Spalin: Scipy-SLSQP using spatial information
Optimizing branch lengths, phi, and nu without topology search
Initial point 1. Random seed: 8871
Solving with ultrametric constraint
Optimal point found for initial point 1
Negative llh: 246.66103420051525
Dropout rate: 1e-10
Silencing rate: 1e-10
Sigma: 2.1366383415613255
Lambda: 0.007325594592149274
Initial point 2. Random seed: 6874
Solving with ultrametric constraint
Optimal point found for initial point 2
Negative llh: 246.66143014659616
Dropout rate: 4.0492730658918157e-10
Silencing rate: 3.69451482472059e-10
Sigma: 2.135516830969349
Lambda: 0.0073240842238990606
Initial point 3. Random seed: 4121
Solving with ultrametric constraint
Optimal point found for initial point 3
Negative llh: 246.6610310699728
Dropout rate: 3.4747673175771934e-10
Silencing rate: 2.6572707403239593e-10
Sigma: 2.1350037360581178
Lambda: 0.007326463535125304
Initial point 4. Random seed: 3893
Solving with ultrametric constraint
Optimal point found for initial point 4
Negative llh: 246.66145353575212
Dropout rate: 1e-10
Silencing rate: 1e-10
Sigma: 2.136330706118998
Lambda: 0.007329177311685903
Initial point 5. Random seed: 2898
Solving with ultrametric constraint
Optimal point found for initial point 5
Negative llh: 246.66121705445602
Dropout rate: 1e-10
Silencing rate: 1.0000000000000002e-10
Sigma: 2.1368080427416567
Lambda: 0.00732063867124908
Initial point 6. Random seed: 8928
Solving with ultrametric constraint
Optimal point found for initial point 6
Negative llh: 246.66148800173346
Dropout rate: 1.0000000000000007e-10
Silencing rate: 1.0000000000000007e-10
Sigma: 2.1366571939830794
Lambda: 0.007328153189178519
Initial point 7. Random seed: 410
Solving with ultrametric constraint
Optimal point found for initial point 7
Negative llh: 246.66095647557643
Dropout rate: 1.0000000000000007e-10
Silencing rate: 1.0000000000000007e-10
Sigma: 2.136392360261533
Lambda: 0.007327975930269308
Initial point 8. Random seed: 2330
Solving with ultrametric constraint
Optimal point found for initial point 8
Negative llh: 246.6612906655618
Dropout rate: 1.2814396922989503e-09
Silencing rate: 7.985508911305409e-10
Sigma: 2.135696058241095
Lambda: 0.007325977054996894
Initial point 9. Random seed: 9305
Solving with ultrametric constraint
Optimal point found for initial point 9
Negative llh: 246.66097200505442
Dropout rate: 1.0000000000000007e-10
Silencing rate: 1.0000000000000007e-10
Sigma: 2.135567600707376
Lambda: 0.007328931932203608
Initial point 10. Random seed: 1444
Solving with ultrametric constraint
Optimal point found for initial point 10
Negative llh: 246.66099434826916
Dropout rate: 1.3022430393598666e-10
Silencing rate: 1.2093459777918728e-10
Sigma: 2.1360728042850683
Lambda: 0.00732469235784953
{'lambda_param': 0.007327975930269308, 'phi': 1.0000000000000007e-10, 'nu': 1.0000000000000007e-10, 'sigma': 2.136392360261533, 'locations': {'216_22': (322.0, 295.0), '216_21': (325.0, 313.0), '216_23': (289.0, 290.0), '216_20': (301.0, 303.0), '216_19': (305.0, 320.0), '216_18': (286.0, 346.0), '216_17': (301.0, 342.0), '216_8': (275.0, 290.0), '216_7': (290.0, 310.0), '216_5': (266.0, 291.0), '216_6': (255.0, 324.0), '216_2': (269.0, 322.0), '216_1': (254.0, 344.0), '216_4': (239.0, 313.0), '216_3': (216.0, 305.0), '216_16': (268.0, 243.0), '216_15': (283.0, 271.0), '216_14': (268.0, 266.0), '216_13': (245.0, 262.0), '216_12': (257.0, 279.0)}}
Runtime (s): 386.9853578079492
