Launching Problin version 0.5b
Problin was called as follow: /u/gh2161/Spatial-Division/problin/run_problin.py -c real_location_data/s10c3/k10_r1_character_matrix.csv -t real_location_data/s10c3/true_tree.nwk -S real_location_data/s10c3/leaf_locations.txt --delimiter comma -p real_location_data/s10c3/k10_priors.csv -o real_location_data/s10c3/k10_r1_spalin-divide-beta1.txt --nInitials 10 --ultrametric --randomreps 3 --divide --radius 1
Optimization by Spalin-Divide: Scipy-SLSQP using spatial information
Optimizing branch lengths, phi, and nu without topology search
Initial point 1. Random seed: 5378
Solving with ultrametric constraint
Optimal point found for initial point 1
Negative llh: 286.13657185041507
Dropout rate: 2.0837916301345764e-09
Silencing rate: 9.506654432081281e-10
Sigma: 1.3905210468039202
Initial point 2. Random seed: 3752
Solving with ultrametric constraint
Optimal point found for initial point 2
Negative llh: 286.13674530152656
Dropout rate: 6.926132789436259e-10
Silencing rate: 1.7187523689022741e-09
Sigma: 1.3903667309976258
Initial point 3. Random seed: 7393
Solving with ultrametric constraint
Optimal point found for initial point 3
Negative llh: 286.1368885876683
Dropout rate: 1e-10
Silencing rate: 1e-10
Sigma: 1.390685586434166
Initial point 4. Random seed: 9217
Solving with ultrametric constraint
Optimal point found for initial point 4
Negative llh: 286.1366450737279
Dropout rate: 2.6374072733676263e-09
Silencing rate: 1.0315607568034549e-10
Sigma: 1.3906100661057899
Initial point 5. Random seed: 3276
Solving with ultrametric constraint
Optimal point found for initial point 5
Negative llh: 286.13675569755424
Dropout rate: 1.1307166787916677e-09
Silencing rate: 1.0014011550592493e-10
Sigma: 1.3902457017489833
Initial point 6. Random seed: 910
Solving with ultrametric constraint
Optimal point found for initial point 6
Negative llh: 286.13653537187014
Dropout rate: 2.129839476840989e-09
Silencing rate: 1.0015790953382734e-10
Sigma: 1.3905907276799556
Initial point 7. Random seed: 2615
Solving with ultrametric constraint
Optimal point found for initial point 7
Negative llh: 286.13680070296977
Dropout rate: 2.027944846796668e-09
Silencing rate: 6.997499283654612e-09
Sigma: 1.390629876425889
Initial point 8. Random seed: 5965
Solving with ultrametric constraint
Optimal point found for initial point 8
Negative llh: 286.1366346461498
Dropout rate: 1.0395601997484094e-09
Silencing rate: 1.0170044286341417e-10
Sigma: 1.3908489007309057
Initial point 9. Random seed: 7314
Solving with ultrametric constraint
Optimal point found for initial point 9
Negative llh: 286.1366471884948
Dropout rate: 1.0000000000000007e-10
Silencing rate: 1e-10
Sigma: 1.390611148357781
Initial point 10. Random seed: 7606
Solving with ultrametric constraint
Optimal point found for initial point 10
Negative llh: 286.13677817963077
Dropout rate: 1.1996917989977499e-09
Silencing rate: 1.0049325947043675e-10
Sigma: 1.3906221821323372
Runtime (s): 2236.7129419920966
