Launching Problin version 0.5b
Problin was called as follow: /u/gh2161/Spatial-Division/problin/run_problin.py -c real_location_data/s5c10/k10_r2_character_matrix.csv -t real_location_data/s5c10/true_tree.nwk -S real_location_data/s5c10/leaf_locations.txt --delimiter comma -p real_location_data/s5c10/k10_priors.csv -o real_location_data/s5c10/k10_r2_spalin-divide-beta3.txt --nInitials 10 --ultrametric --randomreps 3 --divide --radius 3
Optimization by Spalin-Divide: Scipy-SLSQP using spatial information
Optimizing branch lengths, phi, and nu without topology search
Initial point 1. Random seed: 720
Solving with ultrametric constraint
Optimal point found for initial point 1
Negative llh: 347.0707200247782
Dropout rate: 1e-10
Silencing rate: 1e-10
Sigma: 1.4028015757561596
Initial point 2. Random seed: 1653
Solving with ultrametric constraint
Optimal point found for initial point 2
Negative llh: 347.0714703424421
Dropout rate: 6.112928445248135e-09
Silencing rate: 1.0147814037520164e-10
Sigma: 1.4033035550573973
Initial point 3. Random seed: 1174
Solving with ultrametric constraint
Optimal point found for initial point 3
Negative llh: 347.0710953360774
Dropout rate: 1.7613896269014022e-09
Silencing rate: 1.05993235664302e-10
Sigma: 1.4025973369238143
Initial point 4. Random seed: 1703
Solving with ultrametric constraint
Optimal point found for initial point 4
Negative llh: 347.0707672553314
Dropout rate: 3.828663741624048e-09
Silencing rate: 1.0587553821630261e-10
Sigma: 1.4029476707777644
Initial point 5. Random seed: 3687
Solving with ultrametric constraint
Optimal point found for initial point 5
Negative llh: 347.0708229809965
Dropout rate: 1e-10
Silencing rate: 1e-10
Sigma: 1.40290434607623
Initial point 6. Random seed: 6621
Solving with ultrametric constraint
Optimal point found for initial point 6
Negative llh: 506.30800751213906
Dropout rate: 1.0396135033721792e-05
Silencing rate: 2.7645106018190413e-10
Sigma: 5.7483375388499525
Initial point 7. Random seed: 5485
Solving with ultrametric constraint
Optimal point found for initial point 7
Negative llh: 347.07064299325873
Dropout rate: 8.898026945683665e-09
Silencing rate: 2.0510819594950075e-08
Sigma: 1.4029859560654943
Initial point 8. Random seed: 9812
Solving with ultrametric constraint
Optimal point found for initial point 8
Negative llh: 347.07082210655653
Dropout rate: 9.999999999999996e-11
Silencing rate: 1e-10
Sigma: 1.4030727481606449
Initial point 9. Random seed: 1473
Solving with ultrametric constraint
Optimal point found for initial point 9
Negative llh: 347.0706393760469
Dropout rate: 1e-10
Silencing rate: 1e-10
Sigma: 1.4029505103394129
Initial point 10. Random seed: 608
Solving with ultrametric constraint
Optimal point found for initial point 10
Negative llh: 347.0706562171637
Dropout rate: 9.999999999999998e-11
Silencing rate: 1.0717371884994567e-10
Sigma: 1.4029290304435662
Runtime (s): 3695.469874292612
