Launching Problin version 0.5b
Problin was called as follow: /u/gh2161/Spatial-Division/problin/run_problin.py -c real_location_data/s5c10/k10_r3_character_matrix.csv -t real_location_data/s5c10/true_tree.nwk -S real_location_data/s5c10/leaf_locations.txt --delimiter comma -p real_location_data/s5c10/k10_priors.csv -o real_location_data/s5c10/k10_r3_spalin-divide-beta05.txt --nInitials 10 --ultrametric --randomreps 3 --divide --radius 0.5
Optimization by Spalin-Divide: Scipy-SLSQP using spatial information
Optimizing branch lengths, phi, and nu without topology search
Initial point 1. Random seed: 1707
Solving with ultrametric constraint
Optimal point found for initial point 1
Negative llh: 333.18237663250164
Dropout rate: 1.0000000000000007e-10
Silencing rate: 1.0000000000000007e-10
Sigma: 1.6177913150607839
Initial point 2. Random seed: 9767
Solving with ultrametric constraint
Fatal: failed to optimize using initial point 2
Initial point 3. Random seed: 8341
Solving with ultrametric constraint
Optimal point found for initial point 3
Negative llh: 333.18248457473925
Dropout rate: 2.8147660053713297e-09
Silencing rate: 1.310806243547881e-10
Sigma: 1.617322216281362
Initial point 4. Random seed: 3146
Solving with ultrametric constraint
Optimal point found for initial point 4
Negative llh: 333.1824400493361
Dropout rate: 2.1996574478445698e-10
Silencing rate: 1.7533188923191596e-10
Sigma: 1.618014821997948
Initial point 5. Random seed: 6401
Solving with ultrametric constraint
Optimal point found for initial point 5
Negative llh: 333.18235632290055
Dropout rate: 1e-10
Silencing rate: 1e-10
Sigma: 1.6176248645923343
Initial point 6. Random seed: 2690
Solving with ultrametric constraint
Fatal: failed to optimize using initial point 6
Initial point 7. Random seed: 4402
Solving with ultrametric constraint
Optimal point found for initial point 7
Negative llh: 333.1824102058579
Dropout rate: 3.121616741612316e-09
Silencing rate: 1.0202830897003803e-10
Sigma: 1.617403623983378
Initial point 8. Random seed: 6252
Solving with ultrametric constraint
Optimal point found for initial point 8
Negative llh: 333.1830425975811
Dropout rate: 7.50059639304486e-10
Silencing rate: 1.5235825586154212e-10
Sigma: 1.6175824348077774
Initial point 9. Random seed: 9723
Solving with ultrametric constraint
Optimal point found for initial point 9
Negative llh: 333.1824012660989
Dropout rate: 2.9869348387650276e-10
Silencing rate: 1.6540281623394696e-10
Sigma: 1.6175484268221743
Initial point 10. Random seed: 5003
Solving with ultrametric constraint
Optimal point found for initial point 10
Negative llh: 333.18242628715007
Dropout rate: 1.0000449051640323e-10
Silencing rate: 1.0000147809942064e-10
Sigma: 1.6175632651883625
Runtime (s): 2410.3262537103146
