Launching Problin version 0.5b
Problin was called as follow: /u/gh2161/Spatial-Division/problin/run_problin.py -c real_location_data/s5c10/k10_r3_character_matrix.csv -t real_location_data/s5c10/true_tree.nwk --delimiter comma -p real_location_data/s5c10/k10_priors.csv -o real_location_data/s5c10/k10_r3_problin.txt --nInitials 10 --ultrametric --randomreps 3 --solver Scipy
Optimization by generic solver (Scipy-SLSQP)
Optimizing branch lengths, phi, and nu without topology search
Initial point 1. Random seed: 8701
Solving with ultrametric constraint
Optimal point found for initial point 1
Negative llh: 110.03128020857203
Dropout rate: 2.146532489966676e-09
Silencing rate: 7.579988952330223e-10
Lambda: 0.005295697389966513
Initial point 2. Random seed: 242
Solving with ultrametric constraint
Optimal point found for initial point 2
Negative llh: 110.03154417416683
Dropout rate: 1.9540055043218915e-09
Silencing rate: 6.962274620619727e-10
Lambda: 0.005298484183286382
Initial point 3. Random seed: 9071
Solving with ultrametric constraint
Optimal point found for initial point 3
Negative llh: 110.03130621707693
Dropout rate: 1e-10
Silencing rate: 1e-10
Lambda: 0.005296441823022445
Initial point 4. Random seed: 1677
Solving with ultrametric constraint
Optimal point found for initial point 4
Negative llh: 110.03087440742091
Dropout rate: 1.0000000000000007e-10
Silencing rate: 1.0000000000000007e-10
Lambda: 0.005296202515255566
Initial point 5. Random seed: 9703
Solving with ultrametric constraint
Optimal point found for initial point 5
Negative llh: 110.03098760252529
Dropout rate: 1e-10
Silencing rate: 1e-10
Lambda: 0.005295622529812047
Initial point 6. Random seed: 6406
Solving with ultrametric constraint
Optimal point found for initial point 6
Negative llh: 110.03131014100256
Dropout rate: 1.0000000000000007e-10
Silencing rate: 1.0000000000000007e-10
Lambda: 0.005299343423715777
Initial point 7. Random seed: 2918
Solving with ultrametric constraint
Optimal point found for initial point 7
Negative llh: 110.03084104867152
Dropout rate: 5.605013787698359e-10
Silencing rate: 2.721584549248467e-10
Lambda: 0.005297088374645812
Initial point 8. Random seed: 605
Solving with ultrametric constraint
Optimal point found for initial point 8
Negative llh: 110.03135253258502
Dropout rate: 4.933330898939855e-09
Silencing rate: 2.3078142700621253e-09
Lambda: 0.00529501144235714
Initial point 9. Random seed: 6115
Solving with ultrametric constraint
Optimal point found for initial point 9
Negative llh: 110.0312375046892
Dropout rate: 4.571042952321844e-10
Silencing rate: 2.1507504409542382e-10
Lambda: 0.005294023214435722
Initial point 10. Random seed: 1888
Solving with ultrametric constraint
Optimal point found for initial point 10
Negative llh: 110.03116801094144
Dropout rate: 1.13884676973895e-10
Silencing rate: 1.0358159574362985e-10
Lambda: 0.005295252285719247
{'phi': 5.605013787698359e-10, 'nu': 2.721584549248467e-10, 'lambda_param': 0.005297088374645812}
Runtime (s): 323.04734651278704
