Launching Problin version 0.5b
Problin was called as follow: /u/gh2161/Spatial-Division/problin/run_problin.py -c real_location_data/s2c6/k10_r2_character_matrix.csv -t real_location_data/s2c6/true_tree.nwk -S real_location_data/s2c6/leaf_locations.txt --delimiter comma -p real_location_data/s2c6/k10_priors.csv -o real_location_data/s2c6/k10_r2_spalin-divide-beta3.txt --nInitials 10 --ultrametric --randomreps 3 --divide --radius 3
Optimization by Spalin-Divide: Scipy-SLSQP using spatial information
Optimizing branch lengths, phi, and nu without topology search
Initial point 1. Random seed: 9745
Solving with ultrametric constraint
Optimal point found for initial point 1
Negative llh: 340.1075198877329
Dropout rate: 5.078425450272004e-09
Silencing rate: 1.0010757434266794e-10
Sigma: 1.5112670943161697
Initial point 2. Random seed: 1621
Solving with ultrametric constraint
Optimal point found for initial point 2
Negative llh: 340.10735410802636
Dropout rate: 1e-10
Silencing rate: 1e-10
Sigma: 1.5107066509639913
Initial point 3. Random seed: 6515
Solving with ultrametric constraint
Optimal point found for initial point 3
Negative llh: 340.10731392393575
Dropout rate: 1.0000000000000007e-10
Silencing rate: 1.0000000000000007e-10
Sigma: 1.511051807155969
Initial point 4. Random seed: 9406
Solving with ultrametric constraint
Optimal point found for initial point 4
Negative llh: 340.10730399776673
Dropout rate: 1.0534397098849597e-10
Silencing rate: 1.0259975385198169e-10
Sigma: 1.5111529278951605
Initial point 5. Random seed: 5046
Solving with ultrametric constraint
Optimal point found for initial point 5
Negative llh: 340.10748031436
Dropout rate: 1.0000000000000007e-10
Silencing rate: 1e-10
Sigma: 1.5117230994341053
Initial point 6. Random seed: 157
Solving with ultrametric constraint
Optimal point found for initial point 6
Negative llh: 340.10754955177623
Dropout rate: 9.999999999999996e-11
Silencing rate: 1e-10
Sigma: 1.510994887239365
Initial point 7. Random seed: 8256
Solving with ultrametric constraint
Optimal point found for initial point 7
Negative llh: 340.107305875662
Dropout rate: 1e-10
Silencing rate: 1e-10
Sigma: 1.511212972961325
Initial point 8. Random seed: 5154
Solving with ultrametric constraint
Optimal point found for initial point 8
Negative llh: 340.1072509522948
Dropout rate: 1.0000000000000007e-10
Silencing rate: 1e-10
Sigma: 1.5108730889496922
Initial point 9. Random seed: 1948
Solving with ultrametric constraint
Optimal point found for initial point 9
Negative llh: 340.10730544666205
Dropout rate: 1e-10
Silencing rate: 1e-10
Sigma: 1.5112844103215195
Initial point 10. Random seed: 9315
Solving with ultrametric constraint
Optimal point found for initial point 10
Negative llh: 340.1072664304796
Dropout rate: 1e-10
Silencing rate: 1e-10
Sigma: 1.511164331341135
Runtime (s): 2507.540150741115
