Launching Problin version 0.5b
Problin was called as follow: /u/gh2161/Spatial-Division/problin/run_problin.py -c real_location_data/s2c6/k10_r4_character_matrix.csv -t real_location_data/s2c6/true_tree.nwk -S real_location_data/s2c6/leaf_locations.txt --delimiter comma -p real_location_data/s2c6/k10_priors.csv -o real_location_data/s2c6/k10_r4_spalin-divide-beta3.txt --nInitials 10 --ultrametric --randomreps 3 --divide --radius 3
Optimization by Spalin-Divide: Scipy-SLSQP using spatial information
Optimizing branch lengths, phi, and nu without topology search
Initial point 1. Random seed: 8147
Solving with ultrametric constraint
Optimal point found for initial point 1
Negative llh: 358.2244282798318
Dropout rate: 1e-10
Silencing rate: 1e-10
Sigma: 1.4355006419155478
Initial point 2. Random seed: 4459
Solving with ultrametric constraint
Optimal point found for initial point 2
Negative llh: 358.22476420666186
Dropout rate: 1.26648087688564e-09
Silencing rate: 6.783850255545225e-10
Sigma: 1.4359536921593787
Initial point 3. Random seed: 6250
Solving with ultrametric constraint
Fatal: failed to optimize using initial point 3
Initial point 4. Random seed: 4836
Solving with ultrametric constraint
Optimal point found for initial point 4
Negative llh: 358.22459336232066
Dropout rate: 3.4768937571072966e-09
Silencing rate: 1.0124176095059114e-10
Sigma: 1.4357443283715392
Initial point 5. Random seed: 6033
Solving with ultrametric constraint
Optimal point found for initial point 5
Negative llh: 358.2243608809101
Dropout rate: 4.865447619530829e-09
Silencing rate: 1.153631173205337e-10
Sigma: 1.435595080572228
Initial point 6. Random seed: 6990
Solving with ultrametric constraint
Optimal point found for initial point 6
Negative llh: 358.2243164090901
Dropout rate: 8.871234862922226e-10
Silencing rate: 1.004543040340646e-10
Sigma: 1.4354985990363864
Initial point 7. Random seed: 556
Solving with ultrametric constraint
Optimal point found for initial point 7
Negative llh: 358.2243106550618
Dropout rate: 1.9162681314666907e-09
Silencing rate: 1.0545540666080338e-09
Sigma: 1.4359800697169478
Initial point 8. Random seed: 5768
Solving with ultrametric constraint
Optimal point found for initial point 8
Negative llh: 358.22425633999035
Dropout rate: 1.0000000000000007e-10
Silencing rate: 1.0000000000000007e-10
Sigma: 1.4356878844166945
Initial point 9. Random seed: 6596
Solving with ultrametric constraint
Optimal point found for initial point 9
Negative llh: 358.2242768806715
Dropout rate: 1.0000000000000007e-10
Silencing rate: 1e-10
Sigma: 1.4356447052902157
Initial point 10. Random seed: 8107
Solving with ultrametric constraint
Optimal point found for initial point 10
Negative llh: 358.2242190571642
Dropout rate: 3.0842993929291307e-09
Silencing rate: 1.7228742111869734e-09
Sigma: 1.4357409562041215
Runtime (s): 2577.1557412408292
