Launching Problin version 0.5b
Problin was called as follow: /u/gh2161/Spatial-Division/problin/run_problin.py -c real_location_data/s2c6/k10_r4_character_matrix.csv -t real_location_data/s2c6/true_tree.nwk -S real_location_data/s2c6/leaf_locations.txt --delimiter comma -p real_location_data/s2c6/k10_priors.csv -o real_location_data/s2c6/k10_r4_spalin-divide-beta05.txt --nInitials 10 --ultrametric --randomreps 3 --divide --radius 0.5
Optimization by Spalin-Divide: Scipy-SLSQP using spatial information
Optimizing branch lengths, phi, and nu without topology search
Initial point 1. Random seed: 284
Solving with ultrametric constraint
Optimal point found for initial point 1
Negative llh: 367.9917175546777
Dropout rate: 1.0000000000000007e-10
Silencing rate: 1.0000000000000007e-10
Sigma: 1.554586165619091
Initial point 2. Random seed: 3328
Solving with ultrametric constraint
Optimal point found for initial point 2
Negative llh: 367.9916313489379
Dropout rate: 1e-10
Silencing rate: 1e-10
Sigma: 1.5544750259500832
Initial point 3. Random seed: 5947
Solving with ultrametric constraint
Optimal point found for initial point 3
Negative llh: 367.99179766125087
Dropout rate: 4.715016281486265e-10
Silencing rate: 1.0757769320622194e-10
Sigma: 1.5544073245686587
Initial point 4. Random seed: 3825
Solving with ultrametric constraint
Optimal point found for initial point 4
Negative llh: 367.99191481321213
Dropout rate: 1.4120382024242785e-09
Silencing rate: 1.0020432025824859e-10
Sigma: 1.5545356213058577
Initial point 5. Random seed: 5579
Solving with ultrametric constraint
Optimal point found for initial point 5
Negative llh: 367.99163289369164
Dropout rate: 1.1192225425259947e-10
Silencing rate: 1.0000265495747721e-10
Sigma: 1.5546390220355502
Initial point 6. Random seed: 4546
Solving with ultrametric constraint
Optimal point found for initial point 6
Negative llh: 367.99179165360397
Dropout rate: 1.6866830903669774e-09
Silencing rate: 1.0027703158873697e-10
Sigma: 1.5547342160850521
Initial point 7. Random seed: 3059
Solving with ultrametric constraint
Optimal point found for initial point 7
Negative llh: 367.99160216981227
Dropout rate: 3.3605486256621456e-10
Silencing rate: 1.388250795544119e-10
Sigma: 1.5546430419246353
Initial point 8. Random seed: 8797
Solving with ultrametric constraint
Optimal point found for initial point 8
Negative llh: 367.9917931412757
Dropout rate: 7.663394210192156e-09
Silencing rate: 4.96819309920555e-09
Sigma: 1.5547119980754824
Initial point 9. Random seed: 6102
Solving with ultrametric constraint
Optimal point found for initial point 9
Negative llh: 367.99174436066244
Dropout rate: 4.748705399525536e-09
Silencing rate: 1.0012470342081382e-10
Sigma: 1.5547018224308626
Initial point 10. Random seed: 4181
Solving with ultrametric constraint
Optimal point found for initial point 10
Negative llh: 367.99173590215753
Dropout rate: 1.7648683545760473e-09
Silencing rate: 1.304453878002207e-10
Sigma: 1.555040643550322
Runtime (s): 2429.751070573926
