Launching Problin version 0.5b
Problin was called as follow: /u/gh2161/Spatial-Division/problin/run_problin.py -c real_location_data/s2c6/k10_r3_character_matrix.csv -t real_location_data/s2c6/true_tree.nwk -S real_location_data/s2c6/leaf_locations.txt --delimiter comma -p real_location_data/s2c6/k10_priors.csv -o real_location_data/s2c6/k10_r3_spalin-divide-beta5_10_range.txt --nInitials 10 --ultrametric --randomreps 3 --divide --given_lower_beta 5 --given_upper_beta 10 --incl_beta_bound
Optimization by Spalin-Divide: Scipy-SLSQP using spatial information
{'sigma': 22, 'nu': 1e-10, 'phi': 1e-10, 'lower_beta': 5.0, 'upper_beta': 10.0, 'incl_beta_bound': True, 'displacement_amounts': {}}
Optimizing branch lengths, phi, and nu without topology search
Initial point 1. Random seed: 8772
Solving with ultrametric constraint
Optimal point found for initial point 1
Negative llh: 337.4947985814774
Dropout rate: 1.001264462544637e-10
Silencing rate: 1.0000179820478204e-10
Sigma: 4.977958594737475
Initial point 2. Random seed: 5662
Solving with ultrametric constraint
Optimal point found for initial point 2
Negative llh: 346.2395501442559
Dropout rate: 1.4202434513624627e-08
Silencing rate: 2.142703497434996e-09
Sigma: 5.334971942286327
Initial point 3. Random seed: 6884
Solving with ultrametric constraint
Optimal point found for initial point 3
Negative llh: 351.03677113533223
Dropout rate: 2.1984175201588576e-09
Silencing rate: 5.553515730926661e-10
Sigma: 5.473248430284994
Initial point 4. Random seed: 2422
Solving with ultrametric constraint
Fatal: failed to optimize using initial point 4
Initial point 5. Random seed: 6104
Solving with ultrametric constraint
Optimal point found for initial point 5
Negative llh: 341.24046210402855
Dropout rate: 5.585055957022366e-08
Silencing rate: 3.33551609245624e-08
Sigma: 5.0681295382660485
Initial point 6. Random seed: 6675
Solving with ultrametric constraint
Optimal point found for initial point 6
Negative llh: 343.19391493652034
Dropout rate: 2.6874569309314303e-08
Silencing rate: 1.6630310019944824e-08
Sigma: 5.283005918438685
Initial point 7. Random seed: 6569
Solving with ultrametric constraint
Optimal point found for initial point 7
Negative llh: 351.1062702682401
Dropout rate: 3.133171115622177e-08
Silencing rate: 1.0601089600592237e-08
Sigma: 5.4407405854266
Initial point 8. Random seed: 9528
Solving with ultrametric constraint
Optimal point found for initial point 8
Negative llh: 333.3374775403736
Dropout rate: 7.780510174280984e-08
Silencing rate: 1.6287096808528126e-08
Sigma: 4.72424812930142
Initial point 9. Random seed: 6228
Solving with ultrametric constraint
Optimal point found for initial point 9
Negative llh: 350.59291157283064
Dropout rate: 1.4805371951129457e-07
Silencing rate: 1.0013141991028104e-08
Sigma: 5.400789333661353
Initial point 10. Random seed: 234
Solving with ultrametric constraint
Optimal point found for initial point 10
Negative llh: 350.575334120085
Dropout rate: 1.9626241836867057e-08
Silencing rate: 7.474996942829849e-09
Sigma: 5.406723663372569
Runtime (s): 4094.3580501098186
