Launching Problin version 0.5b
Problin was called as follow: /u/gh2161/Spatial-Division/problin/run_problin.py -c real_location_data/s2c6/k10_r5_character_matrix.csv -t real_location_data/s2c6/true_tree.nwk -S real_location_data/s2c6/leaf_locations.txt --delimiter comma -p real_location_data/s2c6/k10_priors.csv -o real_location_data/s2c6/k10_r5_spalin-divide-beta7.txt --nInitials 10 --ultrametric --randomreps 3 --divide --radius 7
Optimization by Spalin-Divide: Scipy-SLSQP using spatial information
Optimizing branch lengths, phi, and nu without topology search
Initial point 1. Random seed: 3933
Solving with ultrametric constraint
Fatal: failed to optimize using initial point 1
Initial point 2. Random seed: 7210
Solving with ultrametric constraint
Optimal point found for initial point 2
Negative llh: 342.3054775011735
Dropout rate: 4.443621596230821e-09
Silencing rate: 2.1574899509011663e-09
Sigma: 1.2043018881132925
Initial point 3. Random seed: 8502
Solving with ultrametric constraint
Optimal point found for initial point 3
Negative llh: 342.3056400462337
Dropout rate: 1.5807095077836021e-09
Silencing rate: 1.1090983437209154e-10
Sigma: 1.2045372730678932
Initial point 4. Random seed: 7391
Solving with ultrametric constraint
Optimal point found for initial point 4
Negative llh: 342.30619941692635
Dropout rate: 1e-10
Silencing rate: 1e-10
Sigma: 1.2046985050870598
Initial point 5. Random seed: 573
Solving with ultrametric constraint
Optimal point found for initial point 5
Negative llh: 342.30551444533063
Dropout rate: 1.0000000697453439e-10
Silencing rate: 1.0000000304727961e-10
Sigma: 1.2042724429505367
Initial point 6. Random seed: 2981
Solving with ultrametric constraint
Optimal point found for initial point 6
Negative llh: 342.3054394443734
Dropout rate: 1e-10
Silencing rate: 1e-10
Sigma: 1.2043990140444751
Initial point 7. Random seed: 3358
Solving with ultrametric constraint
Optimal point found for initial point 7
Negative llh: 342.30538631943875
Dropout rate: 9.736581016600884e-10
Silencing rate: 1.0151328512238212e-10
Sigma: 1.204275894108097
Initial point 8. Random seed: 9008
Solving with ultrametric constraint
Fatal: failed to optimize using initial point 8
Initial point 9. Random seed: 6697
Solving with ultrametric constraint
Fatal: failed to optimize using initial point 9
Initial point 10. Random seed: 1039
Solving with ultrametric constraint
Optimal point found for initial point 10
Negative llh: 342.30563120098316
Dropout rate: 1.975657888333023e-09
Silencing rate: 3.772689480524066e-09
Sigma: 1.2044040835647667
Runtime (s): 1813.2180970478803
