Launching Problin version 0.5b
Problin was called as follow: /u/gh2161/Spatial-Division/problin/run_problin.py -c real_location_data/s8c4/k10_r4_character_matrix.csv -t real_location_data/s8c4/true_tree.nwk -S real_location_data/s8c4/leaf_locations.txt --delimiter comma -p real_location_data/s8c4/k10_priors.csv -o real_location_data/s8c4/k10_r4_spalin-divide-beta10.txt --nInitials 10 --ultrametric --randomreps 3 --divide --radius 10
Optimization by Spalin-Divide: Scipy-SLSQP using spatial information
Optimizing branch lengths, phi, and nu without topology search
Initial point 1. Random seed: 7587
Solving with ultrametric constraint
Optimal point found for initial point 1
Negative llh: 374.1296113171037
Dropout rate: 1.0000000000000007e-10
Silencing rate: 1.0000000000000002e-10
Sigma: 1.9702922875230138
Initial point 2. Random seed: 3568
Solving with ultrametric constraint
Optimal point found for initial point 2
Negative llh: 207.4271863691049
Dropout rate: 1.4113824257566448e-10
Silencing rate: 1.0008965582696618e-10
Sigma: 1.0850584218093733
Initial point 3. Random seed: 1849
Solving with ultrametric constraint
Optimal point found for initial point 3
Negative llh: 207.42750156114286
Dropout rate: 7.381899694107444e-10
Silencing rate: 3.515724521832476e-10
Sigma: 1.0842869367565113
Initial point 4. Random seed: 7602
Solving with ultrametric constraint
Optimal point found for initial point 4
Negative llh: 207.42696132399442
Dropout rate: 6.672712779294942e-10
Silencing rate: 1e-10
Sigma: 1.0851133054091266
Initial point 5. Random seed: 2741
Solving with ultrametric constraint
Optimal point found for initial point 5
Negative llh: 285.49328155701426
Dropout rate: 1.2076596768637578e-08
Silencing rate: 1.0182935786090718e-06
Sigma: 5.325351437984912
Initial point 6. Random seed: 2275
Solving with ultrametric constraint
Optimal point found for initial point 6
Negative llh: 207.42658315427974
Dropout rate: 1.007273259019987e-09
Silencing rate: 4.573398853131464e-10
Sigma: 1.0847919926089904
Initial point 7. Random seed: 9015
Solving with ultrametric constraint
Optimal point found for initial point 7
Negative llh: 207.4265924452123
Dropout rate: 2.892967225221934e-10
Silencing rate: 1.1231301357549453e-10
Sigma: 1.0848455321981207
Initial point 8. Random seed: 6374
Solving with ultrametric constraint
Optimal point found for initial point 8
Negative llh: 207.4265568883764
Dropout rate: 2.5589092643876897e-10
Silencing rate: 1.616957675518339e-10
Sigma: 1.0850994790807098
Initial point 9. Random seed: 8095
Solving with ultrametric constraint
Optimal point found for initial point 9
Negative llh: 207.42689165189523
Dropout rate: 9.529053011749728e-10
Silencing rate: 4.366402639338785e-10
Sigma: 1.0851337937073802
Initial point 10. Random seed: 7248
Solving with ultrametric constraint
Optimal point found for initial point 10
Negative llh: 207.426810907373
Dropout rate: 1.0000000000000007e-10
Silencing rate: 1e-10
Sigma: 1.0851038007172153
Runtime (s): 403.77385281585157
