Launching Problin version 0.5b
Problin was called as follow: /u/gh2161/Spatial-Division/problin/run_problin.py -c real_location_data/s8c4/k10_r5_character_matrix.csv -t real_location_data/s8c4/true_tree.nwk -S real_location_data/s8c4/leaf_locations.txt --delimiter comma -p real_location_data/s8c4/k10_priors.csv -o real_location_data/s8c4/k10_r5_spalin-divide-beta3.txt --nInitials 10 --ultrametric --randomreps 3 --divide --radius 3
Optimization by Spalin-Divide: Scipy-SLSQP using spatial information
Optimizing branch lengths, phi, and nu without topology search
Initial point 1. Random seed: 2603
Solving with ultrametric constraint
Optimal point found for initial point 1
Negative llh: 211.18058090507787
Dropout rate: 1.0000000000000007e-10
Silencing rate: 1.0000046787644968e-10
Sigma: 1.4874051718432655
Initial point 2. Random seed: 3768
Solving with ultrametric constraint
Optimal point found for initial point 2
Negative llh: 211.18079950295947
Dropout rate: 3.303478914988146e-10
Silencing rate: 1.0004334585467149e-10
Sigma: 1.4875029570370897
Initial point 3. Random seed: 123
Solving with ultrametric constraint
Optimal point found for initial point 3
Negative llh: 211.18143944043717
Dropout rate: 1e-10
Silencing rate: 1e-10
Sigma: 1.4876739862516317
Initial point 4. Random seed: 3133
Solving with ultrametric constraint
Optimal point found for initial point 4
Negative llh: 5099.17201643688
Dropout rate: 7.466542738457012e-06
Silencing rate: 1e-10
Sigma: 19.363765073204195
Initial point 5. Random seed: 9718
Solving with ultrametric constraint
Optimal point found for initial point 5
Negative llh: 211.18088712483961
Dropout rate: 9.212624806798117e-10
Silencing rate: 3.8777762386914256e-10
Sigma: 1.4871515988125787
Initial point 6. Random seed: 1451
Solving with ultrametric constraint
Fatal: failed to optimize using initial point 6
Initial point 7. Random seed: 2524
Solving with ultrametric constraint
Optimal point found for initial point 7
Negative llh: 211.1807873398974
Dropout rate: 9.999999999999996e-11
Silencing rate: 1.0000000000000002e-10
Sigma: 1.4871706215722382
Initial point 8. Random seed: 90
Solving with ultrametric constraint
Optimal point found for initial point 8
Negative llh: 211.18071789346692
Dropout rate: 1e-10
Silencing rate: 1e-10
Sigma: 1.4874023031109815
Initial point 9. Random seed: 599
Solving with ultrametric constraint
Optimal point found for initial point 9
Negative llh: 211.18064681097206
Dropout rate: 1e-10
Silencing rate: 1e-10
Sigma: 1.4872099814317281
Initial point 10. Random seed: 5513
Solving with ultrametric constraint
Optimal point found for initial point 10
Negative llh: 211.18091742417508
Dropout rate: 1.0000000000000002e-10
Silencing rate: 1.0000000000000002e-10
Sigma: 1.4876530254927498
Runtime (s): 666.2695839805529
