Launching Problin version 0.5b
Problin was called as follow: /u/gh2161/Spatial-Division/problin/run_problin.py -c real_location_data/s8c4/k10_r1_character_matrix.csv -t real_location_data/s8c4/true_tree.nwk -S real_location_data/s8c4/leaf_locations.txt --delimiter comma -p real_location_data/s8c4/k10_priors.csv -o real_location_data/s8c4/k10_r1_spalin.txt --nInitials 10 --ultrametric --randomreps 3
Optimization by Spalin: Scipy-SLSQP using spatial information
Optimizing branch lengths, phi, and nu without topology search
Initial point 1. Random seed: 6916
Solving with ultrametric constraint
Optimal point found for initial point 1
Negative llh: 181.07938509211175
Dropout rate: 2.4787208505624065e-09
Silencing rate: 1.905230238850654e-09
Sigma: 2.737446655914332
Lambda: 0.007633229448071316
Initial point 2. Random seed: 6873
Solving with ultrametric constraint
Optimal point found for initial point 2
Negative llh: 181.0794705799622
Dropout rate: 1.0000000000000007e-10
Silencing rate: 1.0000000000000007e-10
Sigma: 2.7391613500327856
Lambda: 0.007636953807003944
Initial point 3. Random seed: 5649
Solving with ultrametric constraint
Optimal point found for initial point 3
Negative llh: 181.08011846822848
Dropout rate: 1.197195393389968e-10
Silencing rate: 1.3544617497847221e-10
Sigma: 2.736173891890023
Lambda: 0.007638358628079413
Initial point 4. Random seed: 3501
Solving with ultrametric constraint
Optimal point found for initial point 4
Negative llh: 181.079218906804
Dropout rate: 1.0000047802884876e-10
Silencing rate: 1.0000027228186142e-10
Sigma: 2.737999403932709
Lambda: 0.007640574922116924
Initial point 5. Random seed: 4771
Solving with ultrametric constraint
Optimal point found for initial point 5
Negative llh: 181.07924813698065
Dropout rate: 2.893511994909758e-10
Silencing rate: 2.2332415539879645e-10
Sigma: 2.7374272841023872
Lambda: 0.007642477156359945
Initial point 6. Random seed: 8454
Solving with ultrametric constraint
Optimal point found for initial point 6
Negative llh: 181.07921054328213
Dropout rate: 1.0000013583682622e-10
Silencing rate: 1.0000007743238393e-10
Sigma: 2.737830334340027
Lambda: 0.007640921200284293
Initial point 7. Random seed: 4214
Solving with ultrametric constraint
Optimal point found for initial point 7
Negative llh: 181.07979567786464
Dropout rate: 1.378574261022467e-10
Silencing rate: 1.2313343242422463e-10
Sigma: 2.739893329391081
Lambda: 0.0076362546268869316
Initial point 8. Random seed: 9752
Solving with ultrametric constraint
Optimal point found for initial point 8
Negative llh: 181.08005514154354
Dropout rate: 5.410678403091608e-10
Silencing rate: 3.5848031868503405e-10
Sigma: 2.7378749061905387
Lambda: 0.00764193474410788
Initial point 9. Random seed: 6113
Solving with ultrametric constraint
Optimal point found for initial point 9
Negative llh: 181.0797318900324
Dropout rate: 1e-10
Silencing rate: 1e-10
Sigma: 2.7401582245098797
Lambda: 0.007655202891535577
Initial point 10. Random seed: 1625
Solving with ultrametric constraint
Optimal point found for initial point 10
Negative llh: 181.07935126843907
Dropout rate: 4.784211120180545e-10
Silencing rate: 3.125635348324519e-10
Sigma: 2.736109780594108
Lambda: 0.007643392666016616
{'lambda_param': 0.007640921200284293, 'phi': 1.0000013583682622e-10, 'nu': 1.0000007743238393e-10, 'sigma': 2.737830334340027, 'locations': {'216_6': (227.0, 174.0), '216_5': (203.0, 186.0), '216_8': (232.0, 156.0), '216_2': (191.0, 229.0), '216_1': (197.0, 242.0), '216_4': (222.0, 188.0), '216_3': (236.0, 202.0), '216_9': (247.0, 152.0), '216_11': (259.0, 149.0), '216_15': (220.0, 95.0), '216_14': (207.0, 117.0), '216_20': (207.0, 154.0), '216_19': (211.0, 174.0), '216_18': (192.0, 109.0), '216_17': (212.0, 116.0), '216_16': (215.0, 131.0)}}
Runtime (s): 192.72850217670202
