Launching Problin version 0.5b
Problin was called as follow: /u/gh2161/Spatial-Division/problin/run_problin.py -c real_location_data/s6c3/k10_r5_character_matrix.csv -t real_location_data/s6c3/true_tree.nwk -S real_location_data/s6c3/leaf_locations.txt --delimiter comma -p real_location_data/s6c3/k10_priors.csv -o real_location_data/s6c3/k10_r5_spalin-divide-beta3.txt --nInitials 10 --ultrametric --randomreps 3 --divide --radius 3
Optimization by Spalin-Divide: Scipy-SLSQP using spatial information
Optimizing branch lengths, phi, and nu without topology search
Initial point 1. Random seed: 5652
Solving with ultrametric constraint
Optimal point found for initial point 1
Negative llh: 265.49449159986966
Dropout rate: 1e-10
Silencing rate: 1e-10
Sigma: 1.7692051652114953
Initial point 2. Random seed: 4579
Solving with ultrametric constraint
Optimal point found for initial point 2
Negative llh: 265.4949873418171
Dropout rate: 2.3454778719362556e-09
Silencing rate: 5.109315008427408e-10
Sigma: 1.767774219740853
Initial point 3. Random seed: 1675
Solving with ultrametric constraint
Optimal point found for initial point 3
Negative llh: 265.4945914705403
Dropout rate: 1.0487610683521722e-10
Silencing rate: 1.0188522007314676e-10
Sigma: 1.7685653609301535
Initial point 4. Random seed: 4865
Solving with ultrametric constraint
Optimal point found for initial point 4
Negative llh: 265.49417569739114
Dropout rate: 9.999999999999996e-11
Silencing rate: 1.0000000000000002e-10
Sigma: 1.769639242586677
Initial point 5. Random seed: 7488
Solving with ultrametric constraint
Optimal point found for initial point 5
Negative llh: 265.49382971813554
Dropout rate: 2.3172458183181698e-09
Silencing rate: 9.451764267162057e-10
Sigma: 1.769166066203117
Initial point 6. Random seed: 2204
Solving with ultrametric constraint
Optimal point found for initial point 6
Negative llh: 265.49382941270187
Dropout rate: 1.0077470248650064e-09
Silencing rate: 4.5053235423406357e-10
Sigma: 1.769088127224514
Initial point 7. Random seed: 6580
Solving with ultrametric constraint
Optimal point found for initial point 7
Negative llh: 265.49412339003777
Dropout rate: 5.109419640139301e-09
Silencing rate: 5.663405732151193e-08
Sigma: 1.76992221953789
Initial point 8. Random seed: 1495
Solving with ultrametric constraint
Optimal point found for initial point 8
Negative llh: 265.4938985750848
Dropout rate: 9.999999999999996e-11
Silencing rate: 1e-10
Sigma: 1.7692352418392063
Initial point 9. Random seed: 7807
Solving with ultrametric constraint
Optimal point found for initial point 9
Negative llh: 265.4939393407906
Dropout rate: 1.0000000000000007e-10
Silencing rate: 9.999999999999996e-11
Sigma: 1.7691048931325526
Initial point 10. Random seed: 7895
Solving with ultrametric constraint
Optimal point found for initial point 10
Negative llh: 265.49384573508564
Dropout rate: 4.045521001002945e-09
Silencing rate: 1.6218949333983112e-09
Sigma: 1.7694553204651118
Runtime (s): 1474.8872946687043
