Launching Problin version 0.5b
Problin was called as follow: /u/gh2161/Spatial-Division/problin/run_problin.py -c real_location_data/s6c3/k10_r2_character_matrix.csv -t real_location_data/s6c3/true_tree.nwk -S real_location_data/s6c3/leaf_locations.txt --delimiter comma -p real_location_data/s6c3/k10_priors.csv -o real_location_data/s6c3/k10_r2_spalin-divide-beta05.txt --nInitials 10 --ultrametric --randomreps 3 --divide --radius 0.5
Optimization by Spalin-Divide: Scipy-SLSQP using spatial information
Optimizing branch lengths, phi, and nu without topology search
Initial point 1. Random seed: 1272
Solving with ultrametric constraint
Optimal point found for initial point 1
Negative llh: 322.24067962260807
Dropout rate: 1.0000000000000007e-10
Silencing rate: 1e-10
Sigma: 1.6155796822429433
Initial point 2. Random seed: 131
Solving with ultrametric constraint
Optimal point found for initial point 2
Negative llh: 322.2407007745596
Dropout rate: 2.37814146134965e-09
Silencing rate: 1.0224880102361247e-10
Sigma: 1.6155802412784988
Initial point 3. Random seed: 5213
Solving with ultrametric constraint
Optimal point found for initial point 3
Negative llh: 322.24053437087866
Dropout rate: 6.926233741384797e-10
Silencing rate: 3.1890994074398323e-10
Sigma: 1.6156517718354588
Initial point 4. Random seed: 3770
Solving with ultrametric constraint
Optimal point found for initial point 4
Negative llh: 322.2430457171532
Dropout rate: 1.3048000630677023e-10
Silencing rate: 1.1138497294890004e-10
Sigma: 1.6180103454665555
Initial point 5. Random seed: 1085
Solving with ultrametric constraint
Optimal point found for initial point 5
Negative llh: 322.24065187175626
Dropout rate: 1e-10
Silencing rate: 1e-10
Sigma: 1.615503692610005
Initial point 6. Random seed: 4107
Solving with ultrametric constraint
Optimal point found for initial point 6
Negative llh: 322.240537781273
Dropout rate: 3.309148830090788e-09
Silencing rate: 1.0825755014248263e-10
Sigma: 1.6154519901801463
Initial point 7. Random seed: 9363
Solving with ultrametric constraint
Optimal point found for initial point 7
Negative llh: 322.2404986044033
Dropout rate: 3.18770969090651e-09
Silencing rate: 1.240038890369764e-09
Sigma: 1.6155587811176684
Initial point 8. Random seed: 6879
Solving with ultrametric constraint
Optimal point found for initial point 8
Negative llh: 322.24058432389427
Dropout rate: 2.780368139705373e-10
Silencing rate: 1.00647563829079e-10
Sigma: 1.6152507314198299
Initial point 9. Random seed: 6207
Solving with ultrametric constraint
Fatal: failed to optimize using initial point 9
Initial point 10. Random seed: 3543
Solving with ultrametric constraint
Optimal point found for initial point 10
Negative llh: 322.2406345208845
Dropout rate: 1e-10
Silencing rate: 1e-10
Sigma: 1.615155937361056
Runtime (s): 1816.9301229640841
