Launching Problin version 0.5b
Problin was called as follow: /u/gh2161/Spatial-Division/problin/run_problin.py -c real_location_data/s6c3/k10_r3_character_matrix.csv -t real_location_data/s6c3/true_tree.nwk -S real_location_data/s6c3/leaf_locations.txt --delimiter comma -p real_location_data/s6c3/k10_priors.csv -o real_location_data/s6c3/k10_r3_spalin.txt --nInitials 10 --ultrametric --randomreps 3
Optimization by Spalin: Scipy-SLSQP using spatial information
Optimizing branch lengths, phi, and nu without topology search
Initial point 1. Random seed: 6046
Solving with ultrametric constraint
Optimal point found for initial point 1
Negative llh: 259.50767448085776
Dropout rate: 3.2365899305451027e-09
Silencing rate: 1.999591641700652e-09
Sigma: 2.9388129307198185
Lambda: 0.0065459640063468836
Initial point 2. Random seed: 681
Solving with ultrametric constraint
Optimal point found for initial point 2
Negative llh: 259.5073476793583
Dropout rate: 1e-10
Silencing rate: 1e-10
Sigma: 2.9376356232335366
Lambda: 0.0065578867543778525
Initial point 3. Random seed: 3074
Solving with ultrametric constraint
Optimal point found for initial point 3
Negative llh: 259.5073005364717
Dropout rate: 1e-10
Silencing rate: 1e-10
Sigma: 2.9381849952173273
Lambda: 0.006557582468873446
Initial point 4. Random seed: 3838
Solving with ultrametric constraint
Optimal point found for initial point 4
Negative llh: 259.5081602612372
Dropout rate: 2.2304756145455366e-09
Silencing rate: 1.4826802669632682e-09
Sigma: 2.9373662593882317
Lambda: 0.006541883812825767
Initial point 5. Random seed: 3870
Solving with ultrametric constraint
Optimal point found for initial point 5
Negative llh: 268634.3762920837
Dropout rate: 6.229061794193004e-07
Silencing rate: 0.04872679454138873
Sigma: 12.846106589995005
Lambda: 92.13228047168435
Initial point 6. Random seed: 4073
Solving with ultrametric constraint
Optimal point found for initial point 6
Negative llh: 259.5076576359932
Dropout rate: 3.07460983433395e-09
Silencing rate: 1.5119645761859322e-09
Sigma: 2.9360037974238056
Lambda: 0.006553237908814291
Initial point 7. Random seed: 5942
Solving with ultrametric constraint
Optimal point found for initial point 7
Negative llh: 259.5088054553313
Dropout rate: 1.0000000000000007e-10
Silencing rate: 1.0000000000000007e-10
Sigma: 2.9390526187921804
Lambda: 0.006557428431426341
Initial point 8. Random seed: 7478
Solving with ultrametric constraint
Optimal point found for initial point 8
Negative llh: 259.5073268034371
Dropout rate: 1.0000000000000007e-10
Silencing rate: 9.999999999999996e-11
Sigma: 2.9386401514060965
Lambda: 0.006556361256880413
Initial point 9. Random seed: 7266
Solving with ultrametric constraint
Optimal point found for initial point 9
Negative llh: 259.50731233409874
Dropout rate: 1.707583479371335e-09
Silencing rate: 9.6729621827851e-10
Sigma: 2.9377764123846015
Lambda: 0.006554512535366917
Initial point 10. Random seed: 3654
Solving with ultrametric constraint
Optimal point found for initial point 10
Negative llh: 259.5089524861728
Dropout rate: 1.013095881558901e-10
Silencing rate: 1e-10
Sigma: 2.940185080590989
Lambda: 0.006551278771097968
{'lambda_param': 0.006557582468873446, 'phi': 1e-10, 'nu': 1e-10, 'sigma': 2.9381849952173273, 'locations': {'216_25': (387.0, 193.0), '216_28': (388.0, 151.0), '216_24': (371.0, 188.0), '216_23': (384.0, 203.0), '216_22': (406.0, 196.0), '216_21': (402.0, 225.0), '216_17': (400.0, 276.0), '216_16': (416.0, 282.0), '216_18': (455.0, 274.0), '216_20': (443.0, 231.0), '216_19': (440.0, 255.0), '216_7': (384.0, 240.0), '216_6': (369.0, 242.0), '216_2': (384.0, 279.0), '216_1': (394.0, 303.0), '216_4': (377.0, 263.0), '216_3': (397.0, 260.0), '216_8': (418.0, 259.0), '216_10': (419.0, 216.0), '216_9': (421.0, 242.0), '216_12': (384.0, 224.0), '216_14': (378.0, 156.0)}}
Runtime (s): 404.1607357058674
