Launching Problin version 0.5b
Problin was called as follow: /u/gh2161/Spatial-Division/problin/run_problin.py -c real_location_data/s6c3/k10_r1_character_matrix.csv -t real_location_data/s6c3/true_tree.nwk -S real_location_data/s6c3/leaf_locations.txt --delimiter comma -p real_location_data/s6c3/k10_priors.csv -o real_location_data/s6c3/k10_r1_spalin-spatialonly.txt --nInitials 10 --ultrametric --randomreps 3 --spatial_only
Optimization by Spalin: Scipy-SLSQP using spatial information
Optimizing branch lengths, phi, and nu without topology search
only spatial
Initial point 1. Random seed: 9006
Solving with ultrametric constraint
Optimal point found for initial point 1
Negative llh: 153.04682567087968
Dropout rate: 0.79096410609488
Silencing rate: 0.7659977741881893
Sigma: 3.6376593154401284
Lambda: 1.0
Initial point 2. Random seed: 34
Solving with ultrametric constraint
Optimal point found for initial point 2
Negative llh: 153.04682567087968
Dropout rate: 0.7688103695753259
Silencing rate: 0.40141206639247123
Sigma: 3.6376593154401284
Lambda: 1.0
Initial point 3. Random seed: 7078
Solving with ultrametric constraint
Optimal point found for initial point 3
Negative llh: 153.04682567087968
Dropout rate: 0.19343772684718222
Silencing rate: 0.0013598836856774433
Sigma: 3.6376593154401284
Lambda: 1.0
Initial point 4. Random seed: 5092
Solving with ultrametric constraint
Optimal point found for initial point 4
Negative llh: 153.04682567087968
Dropout rate: 0.43123309286129646
Silencing rate: 0.17400850503943832
Sigma: 3.6376593154401284
Lambda: 1.0
Initial point 5. Random seed: 7237
Solving with ultrametric constraint
Optimal point found for initial point 5
Negative llh: 153.04682567087968
Dropout rate: 0.6749581172107268
Silencing rate: 0.5511940685167775
Sigma: 3.6376593154401284
Lambda: 1.0
Initial point 6. Random seed: 3749
Solving with ultrametric constraint
Optimal point found for initial point 6
Negative llh: 153.04682567087968
Dropout rate: 0.7117338165914301
Silencing rate: 0.6343082217141031
Sigma: 3.6376593154401284
Lambda: 1.0
Initial point 7. Random seed: 6358
Solving with ultrametric constraint
Optimal point found for initial point 7
Negative llh: 153.04682567087968
Dropout rate: 0.17826139109185876
Silencing rate: 0.2753177998417446
Sigma: 3.6376593154401284
Lambda: 1.0
Initial point 8. Random seed: 3195
Solving with ultrametric constraint
Optimal point found for initial point 8
Negative llh: 153.04682567087968
Dropout rate: 0.7055080942156466
Silencing rate: 0.9371608959534502
Sigma: 3.6376593154401284
Lambda: 1.0
Initial point 9. Random seed: 2229
Solving with ultrametric constraint
Optimal point found for initial point 9
Negative llh: 153.04682567087968
Dropout rate: 0.3875619396834242
Silencing rate: 0.24419914482196367
Sigma: 3.6376593154401284
Lambda: 1.0
Initial point 10. Random seed: 7685
Solving with ultrametric constraint
Optimal point found for initial point 10
Negative llh: 153.04682567087968
Dropout rate: 0.42526978935293397
Silencing rate: 0.11184530763524639
Sigma: 3.6376593154401284
Lambda: 1.0
{'lambda_param': 1.0, 'phi': 0.79096410609488, 'nu': 0.7659977741881893, 'sigma': 3.6376593154401284, 'locations': {'216_25': (387.0, 193.0), '216_28': (388.0, 151.0), '216_24': (371.0, 188.0), '216_23': (384.0, 203.0), '216_22': (406.0, 196.0), '216_21': (402.0, 225.0), '216_17': (400.0, 276.0), '216_16': (416.0, 282.0), '216_18': (455.0, 274.0), '216_20': (443.0, 231.0), '216_19': (440.0, 255.0), '216_7': (384.0, 240.0), '216_6': (369.0, 242.0), '216_2': (384.0, 279.0), '216_1': (394.0, 303.0), '216_4': (377.0, 263.0), '216_3': (397.0, 260.0), '216_8': (418.0, 259.0), '216_10': (419.0, 216.0), '216_9': (421.0, 242.0), '216_12': (384.0, 224.0), '216_14': (378.0, 156.0)}}
Runtime (s): 219.02092229016125
