Launching Problin version 0.5b
Problin was called as follow: /u/gh2161/Spatial-Division/problin/run_problin.py -c real_location_data/s6c3/k10_r3_character_matrix.csv -t real_location_data/s6c3/true_tree.nwk -S real_location_data/s6c3/leaf_locations.txt --delimiter comma -p real_location_data/s6c3/k10_priors.csv -o real_location_data/s6c3/k10_r3_spalin-divide-beta9.txt --nInitials 10 --ultrametric --randomreps 3 --divide --given_beta 9 --incl_beta_bound
Optimization by Spalin-Divide: Scipy-SLSQP using spatial information
Optimizing branch lengths, phi, and nu without topology search
Initial point 1. Random seed: 1678
Solving with ultrametric constraint
Optimal point found for initial point 1
Negative llh: 262.4451270082027
Dropout rate: 4.1118822284646863e-10
Silencing rate: 2.466639982989456e-10
Sigma: 4.321025163487744
Initial point 2. Random seed: 1082
Solving with ultrametric constraint
Optimal point found for initial point 2
Negative llh: 262.44512767435924
Dropout rate: 1.884933942014579e-10
Silencing rate: 1.4169866515421088e-10
Sigma: 4.321068864769455
Initial point 3. Random seed: 4788
Solving with ultrametric constraint
Optimal point found for initial point 3
Negative llh: 262.4451313659452
Dropout rate: 1.9641358598631837e-10
Silencing rate: 1.4543698511493825e-10
Sigma: 4.321051998171137
Initial point 4. Random seed: 8964
Solving with ultrametric constraint
Optimal point found for initial point 4
Negative llh: 262.44512694373327
Dropout rate: 2.0944331190096164e-10
Silencing rate: 1.515444492521631e-10
Sigma: 4.321049637496285
Initial point 5. Random seed: 4227
Solving with ultrametric constraint
Optimal point found for initial point 5
Negative llh: 262.44512731477056
Dropout rate: 3.6576403909267126e-10
Silencing rate: 2.2523479528768371e-10
Sigma: 4.321056123801253
Initial point 6. Random seed: 9557
Solving with ultrametric constraint
Optimal point found for initial point 6
Negative llh: 262.44512726159917
Dropout rate: 1e-10
Silencing rate: 1e-10
Sigma: 4.321010678231474
Initial point 7. Random seed: 1807
Solving with ultrametric constraint
Optimal point found for initial point 7
Negative llh: 262.4451282801564
Dropout rate: 1e-10
Silencing rate: 1e-10
Sigma: 4.321127376712068
Initial point 8. Random seed: 1627
Solving with ultrametric constraint
Optimal point found for initial point 8
Negative llh: 262.44512780743787
Dropout rate: 1e-10
Silencing rate: 1e-10
Sigma: 4.321070962012711
Initial point 9. Random seed: 6271
Solving with ultrametric constraint
Optimal point found for initial point 9
Negative llh: 262.4451264240522
Dropout rate: 2.994520568176302e-10
Silencing rate: 1.940084697779926e-10
Sigma: 4.3210739301278505
Initial point 10. Random seed: 3622
Solving with ultrametric constraint
Optimal point found for initial point 10
Negative llh: 262.4451295025464
Dropout rate: 2.440397804432456e-10
Silencing rate: 4.754080346196334e-10
Sigma: 4.321054580916054
Runtime (s): 2072.829035619274
