Launching Problin version 0.5b
Problin was called as follow: /u/gh2161/Spatial-Division/problin/run_problin.py -c real_location_data/s6c3/k10_r5_character_matrix.csv -t real_location_data/s6c3/true_tree.nwk -S real_location_data/s6c3/leaf_locations.txt --delimiter comma -p real_location_data/s6c3/k10_priors.csv -o real_location_data/s6c3/k10_r5_spalin-divide-beta9.txt --nInitials 10 --ultrametric --randomreps 3 --divide --given_beta 9 --incl_beta_bound
Optimization by Spalin-Divide: Scipy-SLSQP using spatial information
Optimizing branch lengths, phi, and nu without topology search
Initial point 1. Random seed: 9963
Solving with ultrametric constraint
Optimal point found for initial point 1
Negative llh: 237.0394326051107
Dropout rate: 1.9192075497364483e-10
Silencing rate: 1.37714198153877e-10
Sigma: 4.716549527011987
Initial point 2. Random seed: 8164
Solving with ultrametric constraint
Optimal point found for initial point 2
Negative llh: 237.03943560684235
Dropout rate: 4.101335614588294e-10
Silencing rate: 1.7571520025189243e-10
Sigma: 4.716540400970766
Initial point 3. Random seed: 5478
Solving with ultrametric constraint
Optimal point found for initial point 3
Negative llh: 237.03943462548094
Dropout rate: 6.27068331271961e-10
Silencing rate: 4.2405439336052863e-10
Sigma: 4.716504500232087
Initial point 4. Random seed: 831
Solving with ultrametric constraint
Optimal point found for initial point 4
Negative llh: 237.03943631958464
Dropout rate: 1e-10
Silencing rate: 1e-10
Sigma: 4.716574257258217
Initial point 5. Random seed: 8771
Solving with ultrametric constraint
Optimal point found for initial point 5
Negative llh: 237.03943254197893
Dropout rate: 1e-10
Silencing rate: 1e-10
Sigma: 4.716520860394536
Initial point 6. Random seed: 4829
Solving with ultrametric constraint
Optimal point found for initial point 6
Negative llh: 237.0394413562235
Dropout rate: 1.0000000000000007e-10
Silencing rate: 1.0000000000000007e-10
Sigma: 4.716996863260462
Initial point 7. Random seed: 5346
Solving with ultrametric constraint
Optimal point found for initial point 7
Negative llh: 237.03943966750165
Dropout rate: 2.5638314884189858e-09
Silencing rate: 6.90857732510217e-10
Sigma: 4.71660117121273
Initial point 8. Random seed: 6752
Solving with ultrametric constraint
Optimal point found for initial point 8
Negative llh: 237.03943445820164
Dropout rate: 1.9111032471687003e-10
Silencing rate: 1.3738813344743937e-10
Sigma: 4.716559202570493
Initial point 9. Random seed: 8829
Solving with ultrametric constraint
Optimal point found for initial point 9
Negative llh: 237.03943292142768
Dropout rate: 1.9923849545955936e-10
Silencing rate: 1.4070760865390805e-10
Sigma: 4.716571558925827
Initial point 10. Random seed: 2899
Solving with ultrametric constraint
Optimal point found for initial point 10
Negative llh: 237.03943275266852
Dropout rate: 1.5397056558225465e-10
Silencing rate: 1.2213951862306146e-10
Sigma: 4.716594021720573
Runtime (s): 3418.820784341544
