Launching Problin version 0.5b
Problin was called as follow: /u/gh2161/Spatial-Division/problin/run_problin.py -c real_location_data/s6c3/k10_r2_character_matrix.csv -t real_location_data/s6c3/true_tree.nwk -S real_location_data/s6c3/leaf_locations.txt --delimiter comma -p real_location_data/s6c3/k10_priors.csv -o real_location_data/s6c3/k10_r2_spalin-divide-beta7.txt --nInitials 10 --ultrametric --randomreps 3 --divide --radius 7
Optimization by Spalin-Divide: Scipy-SLSQP using spatial information
Optimizing branch lengths, phi, and nu without topology search
Initial point 1. Random seed: 178
Solving with ultrametric constraint
Optimal point found for initial point 1
Negative llh: 300.6474678125323
Dropout rate: 1e-10
Silencing rate: 1e-10
Sigma: 1.3292609747039787
Initial point 2. Random seed: 6652
Solving with ultrametric constraint
Optimal point found for initial point 2
Negative llh: 300.64735108814426
Dropout rate: 1.921280808611619e-10
Silencing rate: 9.156681972265144e-10
Sigma: 1.3288525574772099
Initial point 3. Random seed: 5307
Solving with ultrametric constraint
Optimal point found for initial point 3
Negative llh: 300.6473651406112
Dropout rate: 2.2642695313742177e-09
Silencing rate: 3.912135008237158e-09
Sigma: 1.3292354787214662
Initial point 4. Random seed: 8113
Solving with ultrametric constraint
Optimal point found for initial point 4
Negative llh: 300.64762949509964
Dropout rate: 1.0000000000000007e-10
Silencing rate: 1e-10
Sigma: 1.3292528630529166
Initial point 5. Random seed: 9758
Solving with ultrametric constraint
Optimal point found for initial point 5
Negative llh: 300.6473440420539
Dropout rate: 3.759332059014957e-10
Silencing rate: 1.0068546692387549e-10
Sigma: 1.3291164641698667
Initial point 6. Random seed: 9499
Solving with ultrametric constraint
Optimal point found for initial point 6
Negative llh: 300.64741880883565
Dropout rate: 9.824943255359582e-10
Silencing rate: 4.5239275588800175e-10
Sigma: 1.3292441613178385
Initial point 7. Random seed: 3910
Solving with ultrametric constraint
Optimal point found for initial point 7
Negative llh: 300.64776333886755
Dropout rate: 1e-10
Silencing rate: 1e-10
Sigma: 1.3290217228845689
Initial point 8. Random seed: 3157
Solving with ultrametric constraint
Optimal point found for initial point 8
Negative llh: 300.647605267608
Dropout rate: 9.093312488316205e-10
Silencing rate: 4.0384967559876793e-10
Sigma: 1.3288147808050543
Initial point 9. Random seed: 2133
Solving with ultrametric constraint
Optimal point found for initial point 9
Negative llh: 300.647480284249
Dropout rate: 1.0000000000000007e-10
Silencing rate: 1e-10
Sigma: 1.3288344739235105
Initial point 10. Random seed: 7493
Solving with ultrametric constraint
Fatal: failed to optimize using initial point 10
Runtime (s): 1034.3109135832638
