Launching Problin version 0.5b
Problin was called as follow: /u/gh2161/Spatial-Division/problin/run_problin.py -c real_location_data/s6c3/k10_r5_character_matrix.csv -t real_location_data/s6c3/true_tree.nwk -S real_location_data/s6c3/leaf_locations.txt --delimiter comma -p real_location_data/s6c3/k10_priors.csv -o real_location_data/s6c3/k10_r5_spalin-divide-beta7.txt --nInitials 10 --ultrametric --randomreps 3 --divide --radius 7
Optimization by Spalin-Divide: Scipy-SLSQP using spatial information
Optimizing branch lengths, phi, and nu without topology search
Initial point 1. Random seed: 3848
Solving with ultrametric constraint
Optimal point found for initial point 1
Negative llh: 249.2210584023177
Dropout rate: 2.019316411256477e-09
Silencing rate: 1.0273018095638379e-10
Sigma: 1.5256018937669986
Initial point 2. Random seed: 3481
Solving with ultrametric constraint
Optimal point found for initial point 2
Negative llh: 249.22060293671336
Dropout rate: 1.0000000000000007e-10
Silencing rate: 1e-10
Sigma: 1.5255944175686131
Initial point 3. Random seed: 1223
Solving with ultrametric constraint
Fatal: failed to optimize using initial point 3
Initial point 4. Random seed: 6385
Solving with ultrametric constraint
Optimal point found for initial point 4
Negative llh: 249.22059107037072
Dropout rate: 1.0000000000000007e-10
Silencing rate: 9.999999999999996e-11
Sigma: 1.5256356858436289
Initial point 5. Random seed: 352
Solving with ultrametric constraint
Optimal point found for initial point 5
Negative llh: 249.22060220546797
Dropout rate: 1e-10
Silencing rate: 1e-10
Sigma: 1.5255781661386152
Initial point 6. Random seed: 3758
Solving with ultrametric constraint
Optimal point found for initial point 6
Negative llh: 249.22062937748532
Dropout rate: 1e-10
Silencing rate: 1e-10
Sigma: 1.5256584344317716
Initial point 7. Random seed: 9679
Solving with ultrametric constraint
Optimal point found for initial point 7
Negative llh: 249.22082572133127
Dropout rate: 1.0000000000000007e-10
Silencing rate: 9.999999999999996e-11
Sigma: 1.5259758635801024
Initial point 8. Random seed: 500
Solving with ultrametric constraint
Optimal point found for initial point 8
Negative llh: 249.22074052858122
Dropout rate: 2.670940539186642e-09
Silencing rate: 1.0903118627175606e-09
Sigma: 1.5253870928629352
Initial point 9. Random seed: 1579
Solving with ultrametric constraint
Optimal point found for initial point 9
Negative llh: 249.22083568339335
Dropout rate: 2.9962265630178875e-09
Silencing rate: 3.1936456701281063e-10
Sigma: 1.526024047648937
Initial point 10. Random seed: 6382
Solving with ultrametric constraint
Fatal: failed to optimize using initial point 10
Runtime (s): 1500.3873036429286
