Launching Problin version 0.5b
Problin was called as follow: /u/gh2161/Spatial-Division/problin/run_problin.py -c real_location_data/s14c2/k10_r4_character_matrix.csv -t real_location_data/s14c2/true_tree.nwk -S real_location_data/s14c2/leaf_locations.txt --delimiter comma -p real_location_data/s14c2/k10_priors.csv -o real_location_data/s14c2/k10_r4_spalin-divide-beta9.txt --nInitials 10 --ultrametric --randomreps 3 --divide --given_beta 9 --incl_beta_bound
Optimization by Spalin-Divide: Scipy-SLSQP using spatial information
Optimizing branch lengths, phi, and nu without topology search
Initial point 1. Random seed: 9525
Solving with ultrametric constraint
Optimal point found for initial point 1
Negative llh: 123.75833220361213
Dropout rate: 1e-10
Silencing rate: 1e-10
Sigma: 3.277871710670462
Initial point 2. Random seed: 5885
Solving with ultrametric constraint
Optimal point found for initial point 2
Negative llh: 123.75833218321169
Dropout rate: 3.604167846780962e-10
Silencing rate: 2.0601470736958774e-10
Sigma: 3.2778971035135536
Initial point 3. Random seed: 152
Solving with ultrametric constraint
Optimal point found for initial point 3
Negative llh: 123.75833581423417
Dropout rate: 2.1093354149042113e-09
Silencing rate: 9.028128373294339e-10
Sigma: 3.2779216619223
Initial point 4. Random seed: 747
Solving with ultrametric constraint
Optimal point found for initial point 4
Negative llh: 123.75833182179265
Dropout rate: 1.0000000000000002e-10
Silencing rate: 1.0000000000000002e-10
Sigma: 3.2778309241374823
Initial point 5. Random seed: 2778
Solving with ultrametric constraint
Optimal point found for initial point 5
Negative llh: 123.7583346031024
Dropout rate: 1.7413149438959642e-09
Silencing rate: 7.526034934599089e-10
Sigma: 3.277988473881523
Initial point 6. Random seed: 7416
Solving with ultrametric constraint
Optimal point found for initial point 6
Negative llh: 123.75833180554613
Dropout rate: 1e-10
Silencing rate: 1e-10
Sigma: 3.277923219318241
Initial point 7. Random seed: 1361
Solving with ultrametric constraint
Optimal point found for initial point 7
Negative llh: 123.7583317795864
Dropout rate: 1e-10
Silencing rate: 1e-10
Sigma: 3.277814903000489
Initial point 8. Random seed: 5358
Solving with ultrametric constraint
Optimal point found for initial point 8
Negative llh: 123.75833173633131
Dropout rate: 1e-10
Silencing rate: 1e-10
Sigma: 3.277872310821629
Initial point 9. Random seed: 9624
Solving with ultrametric constraint
Optimal point found for initial point 9
Negative llh: 123.75833236740016
Dropout rate: 5.155925715008546e-10
Silencing rate: 2.644706599463062e-10
Sigma: 3.2778856632834947
Initial point 10. Random seed: 3106
Solving with ultrametric constraint
Optimal point found for initial point 10
Negative llh: 123.75834126375986
Dropout rate: 1.783205131021497e-09
Silencing rate: 7.681902926191564e-10
Sigma: 3.277920971927967
Runtime (s): 903.2027845801786
