Launching Problin version 0.5b
Problin was called as follow: /u/gh2161/Spatial-Division/problin/run_problin.py -c real_location_data/s14c2/k10_r2_character_matrix.csv -t real_location_data/s14c2/true_tree.nwk -S real_location_data/s14c2/leaf_locations.txt --delimiter comma -p real_location_data/s14c2/k10_priors.csv -o real_location_data/s14c2/k10_r2_spalin-divide-beta05.txt --nInitials 10 --ultrametric --randomreps 3 --divide --radius 0.5
Optimization by Spalin-Divide: Scipy-SLSQP using spatial information
Optimizing branch lengths, phi, and nu without topology search
Initial point 1. Random seed: 3030
Solving with ultrametric constraint
Optimal point found for initial point 1
Negative llh: 181.05563990670393
Dropout rate: 1.0000000000000002e-10
Silencing rate: 1e-10
Sigma: 1.5869613657793917
Initial point 2. Random seed: 4109
Solving with ultrametric constraint
Optimal point found for initial point 2
Negative llh: 181.05547928557007
Dropout rate: 7.554723770195106e-10
Silencing rate: 1.0004624906657856e-10
Sigma: 1.5855290888608677
Initial point 3. Random seed: 9709
Solving with ultrametric constraint
Optimal point found for initial point 3
Negative llh: 181.05538868372886
Dropout rate: 1e-10
Silencing rate: 1e-10
Sigma: 1.5861358276694941
Initial point 4. Random seed: 5545
Solving with ultrametric constraint
Optimal point found for initial point 4
Negative llh: 181.05536700146675
Dropout rate: 5.030895417127848e-10
Silencing rate: 2.5167579551386816e-10
Sigma: 1.5866149685411768
Initial point 5. Random seed: 4317
Solving with ultrametric constraint
Optimal point found for initial point 5
Negative llh: 181.05536697437736
Dropout rate: 9.999999999999996e-11
Silencing rate: 1e-10
Sigma: 1.5865859075743869
Initial point 6. Random seed: 8659
Solving with ultrametric constraint
Optimal point found for initial point 6
Negative llh: 195.24167301785064
Dropout rate: 2.47451019585337e-10
Silencing rate: 1.0477833909314422e-10
Sigma: 1.3758404403066027
Initial point 7. Random seed: 5624
Solving with ultrametric constraint
Optimal point found for initial point 7
Negative llh: 181.0554850704483
Dropout rate: 1.1468527464122748e-09
Silencing rate: 1.0053072171341576e-10
Sigma: 1.5867895944827963
Initial point 8. Random seed: 6083
Solving with ultrametric constraint
Optimal point found for initial point 8
Negative llh: 181.05558070396157
Dropout rate: 1.6378259132805273e-09
Silencing rate: 2.570755985058915e-10
Sigma: 1.5871698071833527
Initial point 9. Random seed: 1522
Solving with ultrametric constraint
Optimal point found for initial point 9
Negative llh: 181.05545497096412
Dropout rate: 6.113491001376261e-10
Silencing rate: 1.00150439221701e-10
Sigma: 1.5859901383553585
Initial point 10. Random seed: 4772
Solving with ultrametric constraint
Optimal point found for initial point 10
Negative llh: 181.0555990466923
Dropout rate: 1e-10
Silencing rate: 1e-10
Sigma: 1.5867975377520442
Runtime (s): 880.4414823241532
