Launching Problin version 0.5b
Problin was called as follow: /u/gh2161/Spatial-Division/problin/run_problin.py -c real_location_data/s14c2/k10_r1_character_matrix.csv -t real_location_data/s14c2/true_tree.nwk -S real_location_data/s14c2/leaf_locations.txt --delimiter comma -p real_location_data/s14c2/k10_priors.csv -o real_location_data/s14c2/k10_r1_spalin-divide-beta20.txt --nInitials 10 --ultrametric --randomreps 3 --divide --given_beta 20 --incl_beta_bound
Optimization by Spalin-Divide: Scipy-SLSQP using spatial information
Optimizing branch lengths, phi, and nu without topology search
Initial point 1. Random seed: 7969
Solving with ultrametric constraint
Optimal point found for initial point 1
Negative llh: 155.20378897196102
Dropout rate: 2.639249498958866e-10
Silencing rate: 1e-10
Sigma: 4.315927861159533
Initial point 2. Random seed: 6171
Solving with ultrametric constraint
Optimal point found for initial point 2
Negative llh: 155.20378571181988
Dropout rate: 9.999999999999996e-11
Silencing rate: 1.0000000000000002e-10
Sigma: 4.31577105510874
Initial point 3. Random seed: 6391
Solving with ultrametric constraint
Optimal point found for initial point 3
Negative llh: 155.2037858048489
Dropout rate: 1.0784269873715116e-10
Silencing rate: 1.0270722111397722e-10
Sigma: 4.315780795160264
Initial point 4. Random seed: 1784
Solving with ultrametric constraint
Optimal point found for initial point 4
Negative llh: 155.2037857528963
Dropout rate: 1.3189335887114106e-10
Silencing rate: 1.558178301958839e-10
Sigma: 4.3157877150884945
Initial point 5. Random seed: 8430
Solving with ultrametric constraint
Optimal point found for initial point 5
Negative llh: 155.20379194140966
Dropout rate: 5.338332312882963e-10
Silencing rate: 1e-10
Sigma: 4.315851351598921
Initial point 6. Random seed: 5701
Solving with ultrametric constraint
Optimal point found for initial point 6
Negative llh: 155.20378691474247
Dropout rate: 3.155388793678029e-10
Silencing rate: 1e-10
Sigma: 4.315890634305645
Initial point 7. Random seed: 3650
Solving with ultrametric constraint
Optimal point found for initial point 7
Negative llh: 155.20378883748677
Dropout rate: 1.0000000000000007e-10
Silencing rate: 9.999999999999996e-11
Sigma: 4.315742943171611
Initial point 8. Random seed: 5052
Solving with ultrametric constraint
Optimal point found for initial point 8
Negative llh: 155.20379007313173
Dropout rate: 4.6528052595892834e-10
Silencing rate: 2.3644325570880407e-10
Sigma: 4.31603067789227
Initial point 9. Random seed: 7485
Solving with ultrametric constraint
Optimal point found for initial point 9
Negative llh: 155.20379813908863
Dropout rate: 1e-10
Silencing rate: 1.1245413416696114e-10
Sigma: 4.316046340489282
Initial point 10. Random seed: 7412
Solving with ultrametric constraint
Optimal point found for initial point 10
Negative llh: 155.2037861648761
Dropout rate: 1.0606938936960105e-10
Silencing rate: 1.7201960228992746e-10
Sigma: 4.315775316568389
Runtime (s): 1171.5087294094265
