Launching Problin version 0.5b
Problin was called as follow: /u/gh2161/Spatial-Division/problin/run_problin.py -c real_location_data/s14c2/k10_r2_character_matrix.csv -t real_location_data/s14c2/true_tree.nwk -S real_location_data/s14c2/leaf_locations.txt --delimiter comma -p real_location_data/s14c2/k10_priors.csv -o real_location_data/s14c2/k10_r2_spalin-divide-beta5-spatialonly.txt --nInitials 10 --ultrametric --randomreps 3 --divide --radius 5 --spatial_only
Optimization by Spalin-Divide: Scipy-SLSQP using spatial information
Optimizing branch lengths, phi, and nu without topology search
only spatial
only spatial
Initial point 1. Random seed: 8834
Solving with ultrametric constraint
Optimal point found for initial point 1
Negative llh: 106.29246162410247
Dropout rate: 0.03799166492007395
Silencing rate: 0.7771973464220271
Sigma: 1.55777981439032
Lambda: 1.0
Initial point 2. Random seed: 1802
Solving with ultrametric constraint
Optimal point found for initial point 2
Negative llh: 106.18205926234768
Dropout rate: 0.020871383752313247
Silencing rate: 0.6728630336918071
Sigma: 1.2293879489371213
Lambda: 1.0
Initial point 3. Random seed: 6858
Solving with ultrametric constraint
Optimal point found for initial point 3
Negative llh: 106.28583381093799
Dropout rate: 0.49503603758851494
Silencing rate: 0.0990948315617133
Sigma: 1.5428306643207135
Lambda: 1.0
Initial point 4. Random seed: 7333
Solving with ultrametric constraint
Optimal point found for initial point 4
Negative llh: 106.18205996365323
Dropout rate: 0.352289937572533
Silencing rate: 0.5971660299348356
Sigma: 1.2293911414849792
Lambda: 1.0
Initial point 5. Random seed: 8741
Solving with ultrametric constraint
Optimal point found for initial point 5
Negative llh: 106.28360177164586
Dropout rate: 0.04910906595193144
Silencing rate: 0.7124304319161235
Sigma: 1.5373215900259947
Lambda: 1.0
Initial point 6. Random seed: 6410
Solving with ultrametric constraint
Optimal point found for initial point 6
Negative llh: 106.18205920477703
Dropout rate: 0.5217784614443501
Silencing rate: 0.4089255831020012
Sigma: 1.2294321756573505
Lambda: 1.0
Initial point 7. Random seed: 6814
Solving with ultrametric constraint
Optimal point found for initial point 7
Negative llh: 106.1820593041684
Dropout rate: 0.9476887877805551
Silencing rate: 0.7907669772400965
Sigma: 1.2293442559127334
Lambda: 1.0
Initial point 8. Random seed: 5114
Solving with ultrametric constraint
Optimal point found for initial point 8
Negative llh: 106.18205910421432
Dropout rate: 0.9815109072429316
Silencing rate: 0.2872997200046645
Sigma: 1.2293261862985123
Lambda: 1.0
Initial point 9. Random seed: 1845
Solving with ultrametric constraint
Optimal point found for initial point 9
Negative llh: 106.18205926265287
Dropout rate: 0.9180881459415565
Silencing rate: 0.8915675082392588
Sigma: 1.2294374425833225
Lambda: 1.0
Initial point 10. Random seed: 7125
Solving with ultrametric constraint
Optimal point found for initial point 10
Negative llh: 106.18205939772008
Dropout rate: 0.6294316201704598
Silencing rate: 0.8774300451241545
Sigma: 1.2292857803514206
Lambda: 1.0
{'lambda_param': 1.0, 'phi': 0.9815109072429316, 'nu': 0.2872997200046645, 'sigma': 1.2293261862985123, 'locations': {'216_10': (146.0, 186.0), '216_9': (126.0, 185.0), '216_12': (110.0, 171.0), '216_11': (132.0, 170.0), '216_14': (192.0, 149.0), '216_13': (172.0, 179.0), '216_16': (151.0, 159.0), '216_15': (157.0, 175.0), '216_4': (147.0, 210.0), '216_3': (138.0, 229.0), '216_2': (117.0, 219.0), '216_6': (134.0, 193.0), '216_5': (138.0, 220.0), '216_8': (112.0, 197.0), '216_7': (105.0, 220.0)}, 'radius': 5.0, 'thetas': {'195_4': 1.8662586758664377, '197_3': 1.4237164338607118, '152_2': 3.0603068761564467, '201_2': 8.29635685527509, '156_1': 0.043788460242069574, '107_1': 4.158612938275822, '198_10': 7.495200270616907, '209_13': 2.158685691305694, '160_6': 3.001505095485379, '205_10': -0.045466742383168945, '206_9': 3.1915658788767605, '166_5': 3.924552277877543, '115_3': 5.973189926858814, '58_1': 8.373523457606712}}
Runtime (s): 645.6329264380038
