Launching Problin version 0.5b
Problin was called as follow: /u/gh2161/Spatial-Division/problin/run_problin.py -c real_location_data/s14c2/k10_r1_character_matrix.csv -t real_location_data/s14c2/true_tree.nwk -S real_location_data/s14c2/leaf_locations.txt --delimiter comma -p real_location_data/s14c2/k10_priors.csv -o real_location_data/s14c2/k10_r1_spalin-divide-beta1.txt --nInitials 10 --ultrametric --randomreps 3 --divide --radius 1
Optimization by Spalin-Divide: Scipy-SLSQP using spatial information
Optimizing branch lengths, phi, and nu without topology search
Initial point 1. Random seed: 4719
Solving with ultrametric constraint
Optimal point found for initial point 1
Negative llh: 187.9914684981293
Dropout rate: 1.027085737851876e-09
Silencing rate: 2.6603314794252464e-10
Sigma: 1.468645998484918
Initial point 2. Random seed: 3768
Solving with ultrametric constraint
Optimal point found for initial point 2
Negative llh: 170.20033989029653
Dropout rate: 1.0000000000000002e-10
Silencing rate: 1e-10
Sigma: 1.6245909004091392
Initial point 3. Random seed: 7770
Solving with ultrametric constraint
Optimal point found for initial point 3
Negative llh: 170.20067351938474
Dropout rate: 9.999999999999996e-11
Silencing rate: 1.0000000000000002e-10
Sigma: 1.6248154265424213
Initial point 4. Random seed: 3244
Solving with ultrametric constraint
Optimal point found for initial point 4
Negative llh: 170.2003033916283
Dropout rate: 1.0000000000000007e-10
Silencing rate: 9.999999999999996e-11
Sigma: 1.6248789845040708
Initial point 5. Random seed: 2645
Solving with ultrametric constraint
Optimal point found for initial point 5
Negative llh: 186.21677313920145
Dropout rate: 7.73522175289238e-10
Silencing rate: 1.6502621846971174e-10
Sigma: 1.3743437352844168
Initial point 6. Random seed: 32
Solving with ultrametric constraint
Optimal point found for initial point 6
Negative llh: 170.20038242940848
Dropout rate: 1e-10
Silencing rate: 1e-10
Sigma: 1.6254790185827879
Initial point 7. Random seed: 3304
Solving with ultrametric constraint
Optimal point found for initial point 7
Negative llh: 170.35685566891502
Dropout rate: 1.0000000000000002e-10
Silencing rate: 1e-10
Sigma: 1.6810221002278496
Initial point 8. Random seed: 5156
Solving with ultrametric constraint
Optimal point found for initial point 8
Negative llh: 170.20050283921012
Dropout rate: 1e-10
Silencing rate: 1e-10
Sigma: 1.6247480550656563
Initial point 9. Random seed: 4829
Solving with ultrametric constraint
Optimal point found for initial point 9
Negative llh: 187.94260781099103
Dropout rate: 1.0000000000000002e-10
Silencing rate: 1e-10
Sigma: 1.4652501767732387
Initial point 10. Random seed: 4029
Solving with ultrametric constraint
Optimal point found for initial point 10
Negative llh: 170.20045778430097
Dropout rate: 4.4622143426298494e-10
Silencing rate: 2.135209970695527e-10
Sigma: 1.625365761484542
Runtime (s): 802.6316813668236
