Launching Problin version 0.5b
Problin was called as follow: /u/gh2161/Spatial-Division/problin/run_problin.py -c real_location_data/s14c2/k10_r5_character_matrix.csv -t real_location_data/s14c2/true_tree.nwk -S real_location_data/s14c2/leaf_locations.txt --delimiter comma -p real_location_data/s14c2/k10_priors.csv -o real_location_data/s14c2/k10_r5_spalin-divide-beta6.txt --nInitials 10 --ultrametric --randomreps 3 --divide --given_beta 6 --incl_beta_bound
Optimization by Spalin-Divide: Scipy-SLSQP using spatial information
Optimizing branch lengths, phi, and nu without topology search
Initial point 1. Random seed: 9742
Solving with ultrametric constraint
Optimal point found for initial point 1
Negative llh: 141.89384544766367
Dropout rate: 1.470688252907569e-09
Silencing rate: 3.2746678840632667e-10
Sigma: 4.60720140308444
Initial point 2. Random seed: 8585
Solving with ultrametric constraint
Optimal point found for initial point 2
Negative llh: 141.8938375423948
Dropout rate: 1e-10
Silencing rate: 1e-10
Sigma: 4.606392541013109
Initial point 3. Random seed: 800
Solving with ultrametric constraint
Optimal point found for initial point 3
Negative llh: 141.89383799438667
Dropout rate: 1e-10
Silencing rate: 1e-10
Sigma: 4.606225533259752
Initial point 4. Random seed: 9077
Solving with ultrametric constraint
Optimal point found for initial point 4
Negative llh: 141.89385802342488
Dropout rate: 1.072103795667393e-09
Silencing rate: 9.44003646865206e-10
Sigma: 4.606294302041098
Initial point 5. Random seed: 5711
Solving with ultrametric constraint
Optimal point found for initial point 5
Negative llh: 141.89383748288958
Dropout rate: 1e-10
Silencing rate: 1e-10
Sigma: 4.6063809031970555
Initial point 6. Random seed: 7221
Solving with ultrametric constraint
Optimal point found for initial point 6
Negative llh: 141.89383757944069
Dropout rate: 1.1605880613750874e-10
Silencing rate: 1.06532336363961e-10
Sigma: 4.606414849115387
Initial point 7. Random seed: 3729
Solving with ultrametric constraint
Optimal point found for initial point 7
Negative llh: 141.8938374943329
Dropout rate: 1.2010189589137106e-10
Silencing rate: 1.0649801411792437e-10
Sigma: 4.606363484375756
Initial point 8. Random seed: 5913
Solving with ultrametric constraint
Optimal point found for initial point 8
Negative llh: 141.89383783754357
Dropout rate: 1.2828964361010124e-10
Silencing rate: 1.0944437055992698e-10
Sigma: 4.60623739542956
Initial point 9. Random seed: 3343
Solving with ultrametric constraint
Optimal point found for initial point 9
Negative llh: 141.8938393207193
Dropout rate: 1.0000000000000002e-10
Silencing rate: 1e-10
Sigma: 4.606341741947214
Initial point 10. Random seed: 1219
Solving with ultrametric constraint
Optimal point found for initial point 10
Negative llh: 141.89383772177263
Dropout rate: 1.1794365983450947e-10
Silencing rate: 1.2570998503606767e-10
Sigma: 4.606371483989225
Runtime (s): 1387.0245913749095
