Launching Problin version 0.5b
Problin was called as follow: /u/gh2161/Spatial-Division/problin/run_problin.py -c real_location_data/s14c2/k10_r3_character_matrix.csv -t real_location_data/s14c2/true_tree.nwk -S real_location_data/s14c2/leaf_locations.txt --delimiter comma -p real_location_data/s14c2/k10_priors.csv -o real_location_data/s14c2/k10_r3_spalin-divide-beta05.txt --nInitials 10 --ultrametric --randomreps 3 --divide --radius 0.5
Optimization by Spalin-Divide: Scipy-SLSQP using spatial information
Optimizing branch lengths, phi, and nu without topology search
Initial point 1. Random seed: 2949
Solving with ultrametric constraint
Optimal point found for initial point 1
Negative llh: 198.89162149062102
Dropout rate: 3.398640664012208e-10
Silencing rate: 1.90076654171562e-10
Sigma: 1.430613924359276
Initial point 2. Random seed: 5586
Solving with ultrametric constraint
Optimal point found for initial point 2
Negative llh: 198.89098445950998
Dropout rate: 3.1382236801662155e-10
Silencing rate: 1.3055463566356245e-10
Sigma: 1.432204378332546
Initial point 3. Random seed: 2975
Solving with ultrametric constraint
Optimal point found for initial point 3
Negative llh: 326.6206591540001
Dropout rate: 5.083459741291774e-07
Silencing rate: 6.41888299674991e-05
Sigma: 17.07480612965178
Initial point 4. Random seed: 3212
Solving with ultrametric constraint
Optimal point found for initial point 4
Negative llh: 217.77499932040087
Dropout rate: 1.0000000000000007e-10
Silencing rate: 1.0000000000000002e-10
Sigma: 1.3145243668832556
Initial point 5. Random seed: 8507
Solving with ultrametric constraint
Optimal point found for initial point 5
Negative llh: 198.89072776723208
Dropout rate: 6.94262928122244e-10
Silencing rate: 1.004711181925134e-10
Sigma: 1.4323373659368588
Initial point 6. Random seed: 8865
Solving with ultrametric constraint
Optimal point found for initial point 6
Negative llh: 198.8909668038959
Dropout rate: 1e-10
Silencing rate: 1e-10
Sigma: 1.4320389487682268
Initial point 7. Random seed: 4211
Solving with ultrametric constraint
Optimal point found for initial point 7
Negative llh: 198.89111360740952
Dropout rate: 6.236313878861544e-10
Silencing rate: 2.958865376932058e-10
Sigma: 1.4323750462905478
Initial point 8. Random seed: 9381
Solving with ultrametric constraint
Optimal point found for initial point 8
Negative llh: 198.89087712117202
Dropout rate: 1e-10
Silencing rate: 1e-10
Sigma: 1.431628397689574
Initial point 9. Random seed: 4574
Solving with ultrametric constraint
Optimal point found for initial point 9
Negative llh: 198.89104589812388
Dropout rate: 3.2312753022102985e-10
Silencing rate: 1.8317545346012923e-10
Sigma: 1.4319491234332429
Initial point 10. Random seed: 2102
Solving with ultrametric constraint
Optimal point found for initial point 10
Negative llh: 198.89076766729573
Dropout rate: 9.873738691229319e-10
Silencing rate: 4.31139407481095e-10
Sigma: 1.43180706715549
Runtime (s): 510.3182318508625
