Launching Problin version 0.5b
Problin was called as follow: /u/gh2161/Spatial-Division/problin/run_problin.py -c real_location_data/s14c2/k10_r1_character_matrix.csv -t real_location_data/s14c2/true_tree.nwk -S real_location_data/s14c2/leaf_locations.txt --delimiter comma -p real_location_data/s14c2/k10_priors.csv -o real_location_data/s14c2/k10_r1_spalin-divide-beta6.txt --nInitials 10 --ultrametric --randomreps 3 --divide --given_beta 6 --incl_beta_bound
Optimization by Spalin-Divide: Scipy-SLSQP using spatial information
Optimizing branch lengths, phi, and nu without topology search
Initial point 1. Random seed: 202
Solving with ultrametric constraint
Optimal point found for initial point 1
Negative llh: 152.76675331930915
Dropout rate: 1.0000000000000002e-10
Silencing rate: 9.999999999999999e-11
Sigma: 4.477390049231578
Initial point 2. Random seed: 9826
Solving with ultrametric constraint
Optimal point found for initial point 2
Negative llh: 152.76675556581222
Dropout rate: 4.989172449203726e-10
Silencing rate: 4.675740324230811e-10
Sigma: 4.477394041631163
Initial point 3. Random seed: 3352
Solving with ultrametric constraint
Optimal point found for initial point 3
Negative llh: 152.7667535806562
Dropout rate: 8.153220199240019e-10
Silencing rate: 5.067077741919681e-10
Sigma: 4.477449875865808
Initial point 4. Random seed: 8601
Solving with ultrametric constraint
Optimal point found for initial point 4
Negative llh: 152.766753216682
Dropout rate: 1e-10
Silencing rate: 1e-10
Sigma: 4.477444175043695
Initial point 5. Random seed: 3765
Solving with ultrametric constraint
Optimal point found for initial point 5
Negative llh: 152.76675357086816
Dropout rate: 1e-10
Silencing rate: 1e-10
Sigma: 4.47738927754849
Initial point 6. Random seed: 8595
Solving with ultrametric constraint
Optimal point found for initial point 6
Negative llh: 152.76675344400354
Dropout rate: 1.556815586200216e-10
Silencing rate: 1.178595064413325e-10
Sigma: 4.477407909798387
Initial point 7. Random seed: 1683
Solving with ultrametric constraint
Optimal point found for initial point 7
Negative llh: 152.76675452039936
Dropout rate: 2.8121545280318986e-10
Silencing rate: 2.5043335600931584e-10
Sigma: 4.477724799590096
Initial point 8. Random seed: 4498
Solving with ultrametric constraint
Optimal point found for initial point 8
Negative llh: 152.7667588839631
Dropout rate: 1.0000000000000002e-10
Silencing rate: 1e-10
Sigma: 4.477494619705777
Initial point 9. Random seed: 4318
Solving with ultrametric constraint
Optimal point found for initial point 9
Negative llh: 152.7667531133839
Dropout rate: 1.3278785547210788e-10
Silencing rate: 1.1054739857469608e-10
Sigma: 4.477411643443096
Initial point 10. Random seed: 6725
Solving with ultrametric constraint
Optimal point found for initial point 10
Negative llh: 152.76675598474242
Dropout rate: 8.655638165024919e-10
Silencing rate: 7.126111682009959e-10
Sigma: 4.477394429147409
Runtime (s): 1812.2528638239019
