Launching Problin version 0.5b
Problin was called as follow: /u/gh2161/Spatial-Division/problin/run_problin.py -c intmem_real_data/s4c1/characters.txt -t intmem_real_data/s4c1/true_tree.nwk -S intmem_real_data/s4c1/leaf_locations.txt --delimiter comma -p intmem_real_data/s4c1/prior.csv -o intmem_real_data/s4c1/spalin_spatialonly.txt --nInitials 10 --ultrametric --spatial_only
Optimization by Spalin: Scipy-SLSQP using spatial information
Optimizing branch lengths, phi, and nu without topology search
only spatial
Initial point 1. Random seed: 5337
Solving with ultrametric constraint
Optimal point found for initial point 1
Negative llh: 43.01160269011156
Dropout rate: 0.3525314931823815
Silencing rate: 0.6567436561593692
Sigma: 1.8971462817845943
Lambda: 1.0
Initial point 2. Random seed: 7721
Solving with ultrametric constraint
Optimal point found for initial point 2
Negative llh: 43.01146863528058
Dropout rate: 0.5111428450538005
Silencing rate: 0.344600417180493
Sigma: 1.6027226648679784
Lambda: 1.0
Initial point 3. Random seed: 7896
Solving with ultrametric constraint
Optimal point found for initial point 3
Negative llh: 43.01190912598699
Dropout rate: 0.019245138837963024
Silencing rate: 0.0749918777721633
Sigma: 1.6126080658482203
Lambda: 1.0
Initial point 4. Random seed: 9654
Solving with ultrametric constraint
Optimal point found for initial point 4
Negative llh: 43.01194396777756
Dropout rate: 0.30052457297685825
Silencing rate: 0.9429829906945932
Sigma: 1.606172234118445
Lambda: 1.0
Initial point 5. Random seed: 5130
Solving with ultrametric constraint
Optimal point found for initial point 5
Negative llh: 43.0116115043613
Dropout rate: 0.7696799505957919
Silencing rate: 0.7826032083882725
Sigma: 1.8944313577270855
Lambda: 1.0
Initial point 6. Random seed: 806
Solving with ultrametric constraint
Optimal point found for initial point 6
Negative llh: 43.01181706997177
Dropout rate: 0.06351046028689286
Silencing rate: 0.9676592701574942
Sigma: 1.6037472791939371
Lambda: 1.0
Initial point 7. Random seed: 329
Solving with ultrametric constraint
Optimal point found for initial point 7
Negative llh: 43.0116202200024
Dropout rate: 0.09334282847427966
Silencing rate: 0.7750532729096435
Sigma: 1.894307207206859
Lambda: 1.0
Initial point 8. Random seed: 946
Solving with ultrametric constraint
Optimal point found for initial point 8
Negative llh: 43.011606428407724
Dropout rate: 0.5799545648162624
Silencing rate: 0.051823962585624536
Sigma: 1.8945808186888993
Lambda: 1.0
Initial point 9. Random seed: 6939
Solving with ultrametric constraint
Optimal point found for initial point 9
Negative llh: 43.011438103099124
Dropout rate: 0.8311980978903885
Silencing rate: 0.39098860174472616
Sigma: 1.6035241834546796
Lambda: 1.0
Initial point 10. Random seed: 4766
Solving with ultrametric constraint
Optimal point found for initial point 10
Negative llh: 43.011681672323284
Dropout rate: 0.2778278840857469
Silencing rate: 0.03417667758575029
Sigma: 1.889781832507403
Lambda: 1.0
{'lambda_param': 1.0, 'phi': 0.8311980978903885, 'nu': 0.39098860174472616, 'sigma': 1.6035241834546796, 'locations': {'216_10': (366.0, 288.0), '216_9': (356.0, 294.0), '216_12': (365.0, 266.0), '216_11': (372.0, 280.0), '216_16': (344.0, 270.0), '216_15': (351.0, 281.0), '216_14': (342.0, 290.0), '216_13': (337.0, 314.0)}}
Runtime (s): 14.25018164422363
