Launching Problin version 0.5b
Problin was called as follow: /u/gh2161/Spatial-Division/problin/run_problin.py -c simulated_seq_simulated_loc/s5c5/k50_character_matrix.csv -t simulated_seq_simulated_loc/s5c5/true_tree.nwk --delimiter comma -p simulated_seq_simulated_loc/s5c5/k50_priors.csv -o simulated_seq_simulated_loc/s5c5/k50_problin.txt --nInitials 10 --ultrametric --randomreps 3
Optimization by EM algorithm
Optimizing branch lengths, phi, and nu without topology search
Initial point 1. Random seed: 5024
Solving with ultrametric constraint
Initial phi: 0.956895830475279. Initial nu: 0.455586131866596. Initial nllh: 49326.516902688716
EM finished after 13 iterations.
Optimal point found for initial point 1
Negative llh: 411.12758588658744
Dropout rate: 0
Silencing rate: 1.6223193311946022e-07
Initial point 2. Random seed: 1364
Solving with ultrametric constraint
Initial phi: 0.16962399378486798. Initial nu: 0.3228922962854675. Initial nllh: 644.8340454524028
EM finished after 11 iterations.
Optimal point found for initial point 2
Negative llh: 411.127585377509
Dropout rate: 0
Silencing rate: 1.6028583824161615e-07
Initial point 3. Random seed: 7324
Solving with ultrametric constraint
Initial phi: 0.7251685417395629. Initial nu: 0.24889606916840828. Initial nllh: 1395.0984921085626
EM finished after 10 iterations.
Optimal point found for initial point 3
Negative llh: 411.1275869402314
Dropout rate: 0
Silencing rate: 1.615756810592427e-07
Initial point 4. Random seed: 3369
Solving with ultrametric constraint
Initial phi: 0.7568164804541736. Initial nu: 0.49297926455404567. Initial nllh: 1559.045515643113
EM finished after 11 iterations.
Optimal point found for initial point 4
Negative llh: 411.1275869908231
Dropout rate: 0
Silencing rate: 1.6175766001040707e-07
Initial point 5. Random seed: 8186
Solving with ultrametric constraint
Initial phi: 0.5829854672520877. Initial nu: 0.9774574610288036. Initial nllh: 1336.965462306856
EM finished after 12 iterations.
Optimal point found for initial point 5
Negative llh: 411.12758600284764
Dropout rate: 0
Silencing rate: 1.6055327975686518e-07
Initial point 6. Random seed: 2686
Solving with ultrametric constraint
Initial phi: 0.6185902827166003. Initial nu: 0.0193403434544289. Initial nllh: 1092.0492054452511
EM finished after 6 iterations.
Optimal point found for initial point 6
Negative llh: 411.12758517980717
Dropout rate: 0
Silencing rate: 1.6074554457022572e-07
Initial point 7. Random seed: 3237
Solving with ultrametric constraint
Initial phi: 0.23020960559893075. Initial nu: 0.07045630922096656. Initial nllh: 616.8777535606063
EM finished after 8 iterations.
Optimal point found for initial point 7
Negative llh: 411.1275863950408
Dropout rate: 0
Silencing rate: 1.6208872523825255e-07
Initial point 8. Random seed: 661
Solving with ultrametric constraint
Initial phi: 0.9471623078121927. Initial nu: 0.7021886920399296. Initial nllh: 2694.779494474804
EM finished after 12 iterations.
Optimal point found for initial point 8
Negative llh: 411.12758486499644
Dropout rate: 0
Silencing rate: 1.5864391308971998e-07
Initial point 9. Random seed: 3633
Solving with ultrametric constraint
Initial phi: 0.5933706638279207. Initial nu: 0.2951487205557318. Initial nllh: 1135.7168338360268
EM finished after 11 iterations.
Optimal point found for initial point 9
Negative llh: 411.1275856936733
Dropout rate: 0
Silencing rate: 1.6186762986299913e-07
Initial point 10. Random seed: 1097
Solving with ultrametric constraint
Initial phi: 0.39524166569461844. Initial nu: 0.7334479565891723. Initial nllh: 998.4869879933611
EM finished after 12 iterations.
Optimal point found for initial point 10
Negative llh: 411.1275859369908
Dropout rate: 0
Silencing rate: 1.6194293131153527e-07
Runtime (s): 10.42794201290235
