Launching Problin version 0.5b
Problin was called as follow: /u/gh2161/Spatial-Division/problin/run_problin.py -c simulated_seq_simulated_loc/s2c2/k50_character_matrix.csv -t simulated_seq_simulated_loc/s2c2/true_tree.nwk --delimiter comma -p simulated_seq_simulated_loc/s2c2/k50_priors.csv -o simulated_seq_simulated_loc/s2c2/k50_problin.txt --nInitials 10 --ultrametric --randomreps 3
Optimization by EM algorithm
Optimizing branch lengths, phi, and nu without topology search
Initial point 1. Random seed: 391
Solving with ultrametric constraint
Initial phi: 0.5511371020761022. Initial nu: 0.9341153419874145. Initial nllh: 67709.33535757911
EM finished after 12 iterations.
Optimal point found for initial point 1
Negative llh: 374.55844670453007
Dropout rate: 0
Silencing rate: 1.274197568207948e-07
Initial point 2. Random seed: 4914
Solving with ultrametric constraint
Initial phi: 0.33474114528228033. Initial nu: 0.6070304742702108. Initial nllh: 876.4514918447677
EM finished after 11 iterations.
Optimal point found for initial point 2
Negative llh: 374.5584459920196
Dropout rate: 0
Silencing rate: 1.2705912439198218e-07
Initial point 3. Random seed: 399
Solving with ultrametric constraint
Initial phi: 0.6285087115308673. Initial nu: 0.24134855884875384. Initial nllh: 1112.4231675997537
EM finished after 10 iterations.
Optimal point found for initial point 3
Negative llh: 374.5584454531603
Dropout rate: 0
Silencing rate: 1.2662806119968677e-07
Initial point 4. Random seed: 3079
Solving with ultrametric constraint
Initial phi: 0.8188969234509532. Initial nu: 0.3061454766682598. Initial nllh: 1604.7168823874113
EM finished after 10 iterations.
Optimal point found for initial point 4
Negative llh: 374.55844628285337
Dropout rate: 0
Silencing rate: 1.273636569671167e-07
Initial point 5. Random seed: 4797
Solving with ultrametric constraint
Initial phi: 0.8673217420315403. Initial nu: 0.1269790062239881. Initial nllh: 1737.0156936013966
EM finished after 9 iterations.
Optimal point found for initial point 5
Negative llh: 374.55844553857395
Dropout rate: 0
Silencing rate: 1.2689206177322724e-07
Initial point 6. Random seed: 8285
Solving with ultrametric constraint
Initial phi: 0.2934062754604264. Initial nu: 0.12527069242790734. Initial nllh: 649.2051353018275
EM finished after 9 iterations.
Optimal point found for initial point 6
Negative llh: 374.55844567834606
Dropout rate: 0
Silencing rate: 1.2732169155446348e-07
Initial point 7. Random seed: 4404
Solving with ultrametric constraint
Initial phi: 0.28156087353157344. Initial nu: 0.02195935038290935. Initial nllh: 598.0689978338088
EM finished after 7 iterations.
Optimal point found for initial point 7
Negative llh: 374.55844483508554
Dropout rate: 0
Silencing rate: 1.2698923317397239e-07
Initial point 8. Random seed: 2078
Solving with ultrametric constraint
Initial phi: 0.7862752950158864. Initial nu: 0.09132944876621349. Initial nllh: 1413.2040807088329
EM finished after 9 iterations.
Optimal point found for initial point 8
Negative llh: 374.5584450952254
Dropout rate: 0
Silencing rate: 1.270049488283729e-07
Initial point 9. Random seed: 8126
Solving with ultrametric constraint
Initial phi: 0.17334433853636416. Initial nu: 0.38629518416911734. Initial nllh: 649.0952039594117
EM finished after 11 iterations.
Optimal point found for initial point 9
Negative llh: 374.55844541170734
Dropout rate: 0
Silencing rate: 1.273109167319708e-07
Initial point 10. Random seed: 4939
Solving with ultrametric constraint
Initial phi: 0.9568226896885688. Initial nu: 0.10529236191766345. Initial nllh: 2458.2475883084844
EM finished after 9 iterations.
Optimal point found for initial point 10
Negative llh: 374.55844528284933
Dropout rate: 0
Silencing rate: 1.271157467171527e-07
Runtime (s): 8.933480348903686
