Launching Problin version 0.5b
Problin was called as follow: /u/gh2161/Spatial-Division/problin/run_problin.py -c real_location_data/s21c1/k10_r3_character_matrix.csv -t real_location_data/s21c1/true_tree.nwk -S real_location_data/s21c1/leaf_locations.txt --delimiter comma -p real_location_data/s21c1/k10_priors.csv -o real_location_data/s21c1/k10_r3_spalin-divide-beta6.txt --nInitials 10 --ultrametric --randomreps 3 --divide --given_beta 6 --incl_beta_bound
Optimization by Spalin-Divide: Scipy-SLSQP using spatial information
Optimizing branch lengths, phi, and nu without topology search
Initial point 1. Random seed: 5355
Solving with ultrametric constraint
Optimal point found for initial point 1
Negative llh: 194.35942114297973
Dropout rate: 7.138564046562585e-10
Silencing rate: 5.659209009494848e-10
Sigma: 4.687066023212959
Initial point 2. Random seed: 2087
Solving with ultrametric constraint
Optimal point found for initial point 2
Negative llh: 194.35942062855196
Dropout rate: 1e-10
Silencing rate: 1e-10
Sigma: 4.686937164506658
Initial point 3. Random seed: 3998
Solving with ultrametric constraint
Optimal point found for initial point 3
Negative llh: 194.359419568793
Dropout rate: 1.0000000000000002e-10
Silencing rate: 1.0000000000000002e-10
Sigma: 4.686974561377186
Initial point 4. Random seed: 1021
Solving with ultrametric constraint
Optimal point found for initial point 4
Negative llh: 194.35942068338395
Dropout rate: 1.1129402028590825e-10
Silencing rate: 1.3849192779278873e-10
Sigma: 4.6869631666096225
Initial point 5. Random seed: 1440
Solving with ultrametric constraint
Optimal point found for initial point 5
Negative llh: 194.35941968890293
Dropout rate: 1.0000000000000007e-10
Silencing rate: 1.0000000000000007e-10
Sigma: 4.686956932142053
Initial point 6. Random seed: 9103
Solving with ultrametric constraint
Optimal point found for initial point 6
Negative llh: 194.3594198000398
Dropout rate: 2.2445147953797882e-10
Silencing rate: 1.7129787758193534e-10
Sigma: 4.68694535432307
Initial point 7. Random seed: 3613
Solving with ultrametric constraint
Optimal point found for initial point 7
Negative llh: 194.3594196410136
Dropout rate: 1.42899776396869e-10
Silencing rate: 1.247607183132212e-10
Sigma: 4.686950731885993
Initial point 8. Random seed: 1974
Solving with ultrametric constraint
Optimal point found for initial point 8
Negative llh: 194.35944270125196
Dropout rate: 1e-10
Silencing rate: 1e-10
Sigma: 4.686656517878677
Initial point 9. Random seed: 8266
Solving with ultrametric constraint
Optimal point found for initial point 9
Negative llh: 194.3594201798502
Dropout rate: 1.0000000000000002e-10
Silencing rate: 1.0000000000000002e-10
Sigma: 4.686940714240646
Initial point 10. Random seed: 9992
Solving with ultrametric constraint
Optimal point found for initial point 10
Negative llh: 194.35942040421315
Dropout rate: 1.0000000000000002e-10
Silencing rate: 1.0000000000000002e-10
Sigma: 4.686890067332031
Runtime (s): 414.7761769834906
