Launching Problin version 0.5b
Problin was called as follow: /u/gh2161/Spatial-Division/problin/run_problin.py -c real_location_data/s21c1/k10_r5_character_matrix.csv -t real_location_data/s21c1/true_tree.nwk -S real_location_data/s21c1/leaf_locations.txt --delimiter comma -p real_location_data/s21c1/k10_priors.csv -o real_location_data/s21c1/k10_r5_spalin-divide-beta20.txt --nInitials 10 --ultrametric --randomreps 3 --divide --given_beta 20 --incl_beta_bound
Optimization by Spalin-Divide: Scipy-SLSQP using spatial information
Optimizing branch lengths, phi, and nu without topology search
Initial point 1. Random seed: 2504
Solving with ultrametric constraint
Optimal point found for initial point 1
Negative llh: 141.02460921979443
Dropout rate: 1e-10
Silencing rate: 1e-10
Sigma: 3.2602133276937675
Initial point 2. Random seed: 8110
Solving with ultrametric constraint
Optimal point found for initial point 2
Negative llh: 141.02460730673562
Dropout rate: 1e-10
Silencing rate: 1e-10
Sigma: 3.2601872005752717
Initial point 3. Random seed: 1824
Solving with ultrametric constraint
Optimal point found for initial point 3
Negative llh: 141.02460908070873
Dropout rate: 1.0556047692027614e-09
Silencing rate: 7.285560719866023e-10
Sigma: 3.260195149091333
Initial point 4. Random seed: 5439
Solving with ultrametric constraint
Optimal point found for initial point 4
Negative llh: 141.0246076660381
Dropout rate: 1.2337272748597938e-10
Silencing rate: 1.1546754425643466e-10
Sigma: 3.2601798706102696
Initial point 5. Random seed: 8184
Solving with ultrametric constraint
Optimal point found for initial point 5
Negative llh: 141.0246083552629
Dropout rate: 1.0000000000000007e-10
Silencing rate: 9.999999999999996e-11
Sigma: 3.2601834401527583
Initial point 6. Random seed: 1120
Solving with ultrametric constraint
Optimal point found for initial point 6
Negative llh: 141.02460979733291
Dropout rate: 1e-10
Silencing rate: 1e-10
Sigma: 3.2602704234969515
Initial point 7. Random seed: 9152
Solving with ultrametric constraint
Optimal point found for initial point 7
Negative llh: 141.0246076553437
Dropout rate: 1e-10
Silencing rate: 1e-10
Sigma: 3.2601934352917237
Initial point 8. Random seed: 8537
Solving with ultrametric constraint
Optimal point found for initial point 8
Negative llh: 141.02460942105068
Dropout rate: 2.6957830369113455e-10
Silencing rate: 1.666553451952421e-10
Sigma: 3.2601776839223895
Initial point 9. Random seed: 2669
Solving with ultrametric constraint
Optimal point found for initial point 9
Negative llh: 141.0246171267269
Dropout rate: 2.0278951440475162e-10
Silencing rate: 1.2753069191924552e-10
Sigma: 3.260184311639884
Initial point 10. Random seed: 7000
Solving with ultrametric constraint
Optimal point found for initial point 10
Negative llh: 141.0246078130487
Dropout rate: 1e-10
Silencing rate: 1.398137427978645e-10
Sigma: 3.260190773389358
Runtime (s): 1018.1816449705511
