Launching Problin version 0.5b
Problin was called as follow: /u/gh2161/Spatial-Division/problin/run_problin.py -c real_location_data/s21c1/k10_r4_character_matrix.csv -t real_location_data/s21c1/true_tree.nwk -S real_location_data/s21c1/leaf_locations.txt --delimiter comma -p real_location_data/s21c1/k10_priors.csv -o real_location_data/s21c1/k10_r4_spalin-divide-beta2.txt --nInitials 10 --ultrametric --randomreps 3 --divide --given_beta 2 --incl_beta_bound
Optimization by Spalin-Divide: Scipy-SLSQP using spatial information
Optimizing branch lengths, phi, and nu without topology search
Initial point 1. Random seed: 9539
Solving with ultrametric constraint
Optimal point found for initial point 1
Negative llh: 205.26856436561752
Dropout rate: 1.0000000000000002e-10
Silencing rate: 1.0000000000000002e-10
Sigma: 5.936792945771026
Initial point 2. Random seed: 3886
Solving with ultrametric constraint
Optimal point found for initial point 2
Negative llh: 205.26856422442887
Dropout rate: 1e-10
Silencing rate: 1e-10
Sigma: 5.936803395923543
Initial point 3. Random seed: 2410
Solving with ultrametric constraint
Optimal point found for initial point 3
Negative llh: 205.26856378923537
Dropout rate: 1.0000000000000002e-10
Silencing rate: 1e-10
Sigma: 5.936810410452648
Initial point 4. Random seed: 9628
Solving with ultrametric constraint
Optimal point found for initial point 4
Negative llh: 205.2685640341451
Dropout rate: 3.660876626844831e-10
Silencing rate: 2.5876906761361983e-10
Sigma: 5.93676665557916
Initial point 5. Random seed: 1629
Solving with ultrametric constraint
Optimal point found for initial point 5
Negative llh: 205.26856731409862
Dropout rate: 6.053381552004948e-10
Silencing rate: 4.460756140531909e-10
Sigma: 5.9366824513591965
Initial point 6. Random seed: 4744
Solving with ultrametric constraint
Optimal point found for initial point 6
Negative llh: 205.2685641226999
Dropout rate: 2.3698091016572555e-10
Silencing rate: 1.6069496147103325e-10
Sigma: 5.936863136811833
Initial point 7. Random seed: 1510
Solving with ultrametric constraint
Optimal point found for initial point 7
Negative llh: 205.26856625829856
Dropout rate: 1e-10
Silencing rate: 1e-10
Sigma: 5.937134293558595
Initial point 8. Random seed: 655
Solving with ultrametric constraint
Optimal point found for initial point 8
Negative llh: 205.26856506253216
Dropout rate: 9.999999999999996e-11
Silencing rate: 9.999999999999996e-11
Sigma: 5.936594274360182
Initial point 9. Random seed: 5072
Solving with ultrametric constraint
Optimal point found for initial point 9
Negative llh: 205.26856430192834
Dropout rate: 2.9092961469173707e-10
Silencing rate: 2.0868007044949152e-10
Sigma: 5.93677143572677
Initial point 10. Random seed: 1288
Solving with ultrametric constraint
Optimal point found for initial point 10
Negative llh: 205.26856393185895
Dropout rate: 6.444377061993405e-10
Silencing rate: 3.190654704167948e-10
Sigma: 5.936805438608164
Runtime (s): 298.9148816037923
