Launching Problin version 0.5b
Problin was called as follow: /u/gh2161/Spatial-Division/problin/run_problin.py -c real_location_data/s21c1/k10_r2_character_matrix.csv -t real_location_data/s21c1/true_tree.nwk -S real_location_data/s21c1/leaf_locations.txt --delimiter comma -p real_location_data/s21c1/k10_priors.csv -o real_location_data/s21c1/k10_r2_spalin-divide-beta8.txt --nInitials 10 --ultrametric --randomreps 3 --divide --given_beta 8 --incl_beta_bound
Optimization by Spalin-Divide: Scipy-SLSQP using spatial information
Optimizing branch lengths, phi, and nu without topology search
Initial point 1. Random seed: 5117
Solving with ultrametric constraint
Optimal point found for initial point 1
Negative llh: 176.29890591770385
Dropout rate: 1e-10
Silencing rate: 1e-10
Sigma: 4.477836012803788
Initial point 2. Random seed: 478
Solving with ultrametric constraint
Optimal point found for initial point 2
Negative llh: 176.29889164510558
Dropout rate: 1e-10
Silencing rate: 1e-10
Sigma: 4.4777882896245575
Initial point 3. Random seed: 1896
Solving with ultrametric constraint
Optimal point found for initial point 3
Negative llh: 176.29889230725743
Dropout rate: 1e-10
Silencing rate: 1e-10
Sigma: 4.477802497897769
Initial point 4. Random seed: 1405
Solving with ultrametric constraint
Optimal point found for initial point 4
Negative llh: 176.29889170831325
Dropout rate: 1.1045997108227834e-10
Silencing rate: 1.0541115622976082e-10
Sigma: 4.47776723117038
Initial point 5. Random seed: 4395
Solving with ultrametric constraint
Optimal point found for initial point 5
Negative llh: 176.2989016806294
Dropout rate: 1.0000000000000007e-10
Silencing rate: 1.0000000000000007e-10
Sigma: 4.4778109986941645
Initial point 6. Random seed: 5864
Solving with ultrametric constraint
Optimal point found for initial point 6
Negative llh: 176.29889914226868
Dropout rate: 9.999999999999996e-11
Silencing rate: 1.0000000000000002e-10
Sigma: 4.477808793392854
Initial point 7. Random seed: 8881
Solving with ultrametric constraint
Optimal point found for initial point 7
Negative llh: 176.29889761642892
Dropout rate: 1e-10
Silencing rate: 1e-10
Sigma: 4.477952753255274
Initial point 8. Random seed: 4404
Solving with ultrametric constraint
Optimal point found for initial point 8
Negative llh: 176.29889156652757
Dropout rate: 1e-10
Silencing rate: 1e-10
Sigma: 4.477782354816514
Initial point 9. Random seed: 4220
Solving with ultrametric constraint
Optimal point found for initial point 9
Negative llh: 176.29889382246242
Dropout rate: 8.304479373261457e-10
Silencing rate: 4.717781725376413e-10
Sigma: 4.478060459365764
Initial point 10. Random seed: 4680
Solving with ultrametric constraint
Optimal point found for initial point 10
Negative llh: 176.2988947365804
Dropout rate: 1e-10
Silencing rate: 1e-10
Sigma: 4.477792081948096
Runtime (s): 651.7596729568904
