Launching Problin version 0.5b
Problin was called as follow: /u/gh2161/Spatial-Division/problin/run_problin.py -c real_location_data/s21c1/k10_r4_character_matrix.csv -t real_location_data/s21c1/true_tree.nwk -S real_location_data/s21c1/leaf_locations.txt --delimiter comma -p real_location_data/s21c1/k10_priors.csv -o real_location_data/s21c1/k10_r4_spalin-divide-beta1.txt --nInitials 10 --ultrametric --randomreps 3 --divide --radius 1
Optimization by Spalin-Divide: Scipy-SLSQP using spatial information
Optimizing branch lengths, phi, and nu without topology search
Initial point 1. Random seed: 9823
Solving with ultrametric constraint
Optimal point found for initial point 1
Negative llh: 206.6529792074325
Dropout rate: 1.0000000000000002e-10
Silencing rate: 1.0000000000000002e-10
Sigma: 1.4859489640228578
Initial point 2. Random seed: 1903
Solving with ultrametric constraint
Optimal point found for initial point 2
Negative llh: 206.65239906958368
Dropout rate: 1e-10
Silencing rate: 1e-10
Sigma: 1.4867243647213793
Initial point 3. Random seed: 7668
Solving with ultrametric constraint
Optimal point found for initial point 3
Negative llh: 206.65246285034328
Dropout rate: 3.4454941411734363e-10
Silencing rate: 2.0687322906183307e-10
Sigma: 1.4869484590981519
Initial point 4. Random seed: 6345
Solving with ultrametric constraint
Optimal point found for initial point 4
Negative llh: 206.6523961059165
Dropout rate: 9.999999999999996e-11
Silencing rate: 1.0000000000000002e-10
Sigma: 1.4865762114407377
Initial point 5. Random seed: 4391
Solving with ultrametric constraint
Optimal point found for initial point 5
Negative llh: 206.6530382507811
Dropout rate: 1.1086444721941513e-10
Silencing rate: 1.7365923618958118e-10
Sigma: 1.4866713354805903
Initial point 6. Random seed: 3742
Solving with ultrametric constraint
Optimal point found for initial point 6
Negative llh: 206.65292105182908
Dropout rate: 1.0000000000000002e-10
Silencing rate: 1e-10
Sigma: 1.4859032066285187
Initial point 7. Random seed: 4886
Solving with ultrametric constraint
Optimal point found for initial point 7
Negative llh: 206.65239441492707
Dropout rate: 3.0368736485932373e-10
Silencing rate: 1.029038671297316e-10
Sigma: 1.4866830009035388
Initial point 8. Random seed: 9701
Solving with ultrametric constraint
Optimal point found for initial point 8
Negative llh: 206.65320179968182
Dropout rate: 1.0000000000000002e-10
Silencing rate: 1e-10
Sigma: 1.4867302175520303
Initial point 9. Random seed: 320
Solving with ultrametric constraint
Optimal point found for initial point 9
Negative llh: 206.65240042381976
Dropout rate: 1.0302052261847503e-09
Silencing rate: 4.837641304042397e-10
Sigma: 1.4867402921128272
Initial point 10. Random seed: 3530
Solving with ultrametric constraint
Optimal point found for initial point 10
Negative llh: 337.08292256641363
Dropout rate: 6.505695533601898e-08
Silencing rate: 1.8675306386279757e-06
Sigma: 18.757948867813948
Runtime (s): 809.0194942178205
