Launching Problin version 0.5b
Problin was called as follow: /u/gh2161/Spatial-Division/problin/run_problin.py -c real_location_data/s15c5/k10_r5_character_matrix.csv -t real_location_data/s15c5/true_tree.nwk -S real_location_data/s15c5/leaf_locations.txt --delimiter comma -p real_location_data/s15c5/k10_priors.csv -o real_location_data/s15c5/k10_r5_spalin-divide-beta6.txt --nInitials 10 --ultrametric --randomreps 3 --divide --given_beta 6 --incl_beta_bound
Optimization by Spalin-Divide: Scipy-SLSQP using spatial information
Optimizing branch lengths, phi, and nu without topology search
Initial point 1. Random seed: 7065
Solving with ultrametric constraint
Optimal point found for initial point 1
Negative llh: 125.1003071762166
Dropout rate: 1.3687941099155097e-10
Silencing rate: 1.1665310774238956e-10
Sigma: 5.070229838351963
Initial point 2. Random seed: 992
Solving with ultrametric constraint
Optimal point found for initial point 2
Negative llh: 125.10030712490527
Dropout rate: 1.5573630318697266e-10
Silencing rate: 1.5852539731226675e-10
Sigma: 5.070224169603408
Initial point 3. Random seed: 5125
Solving with ultrametric constraint
Optimal point found for initial point 3
Negative llh: 125.10030702856959
Dropout rate: 1.0766655322488886e-10
Silencing rate: 1.094360624879552e-10
Sigma: 5.070232844753023
Initial point 4. Random seed: 1582
Solving with ultrametric constraint
Optimal point found for initial point 4
Negative llh: 125.10030760334638
Dropout rate: 1.177400165963671e-10
Silencing rate: 1.1522660371414789e-10
Sigma: 5.0703323407795615
Initial point 5. Random seed: 516
Solving with ultrametric constraint
Optimal point found for initial point 5
Negative llh: 125.10030705498447
Dropout rate: 2.952129099625284e-10
Silencing rate: 2.439216961946482e-10
Sigma: 5.070228693475146
Initial point 6. Random seed: 4311
Solving with ultrametric constraint
Optimal point found for initial point 6
Negative llh: 125.10030786610848
Dropout rate: 1e-10
Silencing rate: 1e-10
Sigma: 5.070210593157636
Initial point 7. Random seed: 1913
Solving with ultrametric constraint
Optimal point found for initial point 7
Negative llh: 125.10030702776575
Dropout rate: 1.0000000000000002e-10
Silencing rate: 1e-10
Sigma: 5.070233908971183
Initial point 8. Random seed: 7151
Solving with ultrametric constraint
Optimal point found for initial point 8
Negative llh: 125.1003072174686
Dropout rate: 1e-10
Silencing rate: 1e-10
Sigma: 5.0702834715403435
Initial point 9. Random seed: 4627
Solving with ultrametric constraint
Optimal point found for initial point 9
Negative llh: 125.10030883996018
Dropout rate: 1e-10
Silencing rate: 1e-10
Sigma: 5.0701358203950475
Initial point 10. Random seed: 8512
Solving with ultrametric constraint
Optimal point found for initial point 10
Negative llh: 125.10030822166071
Dropout rate: 1.0000000000000002e-10
Silencing rate: 1e-10
Sigma: 5.070142336183259
Runtime (s): 366.29146672971547
