Launching Problin version 0.5b
Problin was called as follow: /u/gh2161/Spatial-Division/problin/run_problin.py -c real_location_data/s15c5/k10_r1_character_matrix.csv -t real_location_data/s15c5/true_tree.nwk -S real_location_data/s15c5/leaf_locations.txt --delimiter comma -p real_location_data/s15c5/k10_priors.csv -o real_location_data/s15c5/k10_r1_spalin-divide-ignore-beta.txt --nInitials 10 --ultrametric --randomreps 3 --divide
Optimization by Spalin-Divide: Scipy-SLSQP using spatial information
Optimizing branch lengths, phi, and nu without topology search
We need to optimize the radius
Initial point 1. Random seed: 9691
Solving with ultrametric constraint
Optimal point found for initial point 1
Negative llh: 99.38414262425555
Dropout rate: 1.0000000000000002e-10
Silencing rate: 1e-10
Sigma: 1.1725999026367184
Lambda: 0.007322131358318155
Initial point 2. Random seed: 7362
Solving with ultrametric constraint
Optimal point found for initial point 2
Negative llh: 99.38414320855237
Dropout rate: 1.8744955914004883e-10
Silencing rate: 1.0049419383679513e-10
Sigma: 1.1725991544564545
Lambda: 0.007321058970544555
Initial point 3. Random seed: 1329
Solving with ultrametric constraint
Optimal point found for initial point 3
Negative llh: 114.54631599795853
Dropout rate: 2.490810646624787e-09
Silencing rate: 1.7943316110727226e-09
Sigma: 1.069292336540076
Lambda: 0.0009766861725368642
Initial point 4. Random seed: 3132
Solving with ultrametric constraint
Optimal point found for initial point 4
Negative llh: 99.38492315268839
Dropout rate: 1.0944566904953475e-09
Silencing rate: 9.999999999999996e-11
Sigma: 1.1717954202478609
Lambda: 0.007332671122205866
Initial point 5. Random seed: 7631
Solving with ultrametric constraint
Optimal point found for initial point 5
Negative llh: 114.54641214674751
Dropout rate: 1.436868273727992e-10
Silencing rate: 1.1924200581102074e-10
Sigma: 1.0692250660058633
Lambda: 0.0009766800386208383
Initial point 6. Random seed: 2589
Solving with ultrametric constraint
Optimal point found for initial point 6
Negative llh: 99.3844444865596
Dropout rate: 2.3152892437516748e-10
Silencing rate: 1e-10
Sigma: 1.172323357126567
Lambda: 0.007330002665605885
Initial point 7. Random seed: 9685
Solving with ultrametric constraint
Optimal point found for initial point 7
Negative llh: 114.54306935556318
Dropout rate: 6.500189758080069e-10
Silencing rate: 1.1410765241831696e-09
Sigma: 1.0681541407435242
Lambda: 0.0009769404020443637
Initial point 8. Random seed: 2284
Solving with ultrametric constraint
Optimal point found for initial point 8
Negative llh: 99.38414279123768
Dropout rate: 1e-10
Silencing rate: 1e-10
Sigma: 1.1726716064290987
Lambda: 0.007322220734761832
Initial point 9. Random seed: 3291
Solving with ultrametric constraint
Optimal point found for initial point 9
Negative llh: 99.38414268694133
Dropout rate: 1.373738924813032e-10
Silencing rate: 1.0144624761348851e-10
Sigma: 1.1726112541176552
Lambda: 0.007321511898294959
Initial point 10. Random seed: 1784
Solving with ultrametric constraint
Optimal point found for initial point 10
Negative llh: 99.38414262373473
Dropout rate: 9.999999999999996e-11
Silencing rate: 1e-10
Sigma: 1.1725980381221721
Lambda: 0.007321724386011497
{'lambda_param': 0.007321724386011497, 'phi': 9.999999999999996e-11, 'nu': 1e-10, 'sigma': 1.1725980381221721, 'locations': {'216_4': (242.0, 136.0), '216_3': (305.0, 148.0), '216_12': (254.0, 103.0), '216_11': (288.0, 107.0), '216_10': (295.0, 117.0), '216_9': (299.0, 133.0), '216_6': (255.0, 149.0), '216_5': (249.0, 171.0), '216_8': (245.0, 110.0), '216_7': (280.0, 133.0)}, 'radius': 12.062138379624379, 'thetas': {'202_5': 0.581381398938088, '208_4': 1.8370482418415313, '167_3': -1.3080638756997534, '202_6': 7.609001728819383, '202_7': 0.11708281719116424, '167_4': 0.6642546999478071, '119_3': 2.3642379902099084, '193_2': 0.18815830949265655, '70_2': 4.503723771475553}}
Runtime (s): 240.86483108531684
