Launching Problin version 0.5b
Problin was called as follow: /u/gh2161/Spatial-Division/problin/run_problin.py -c real_location_data/s15c5/k10_r1_character_matrix.csv -t real_location_data/s15c5/true_tree.nwk -S real_location_data/s15c5/leaf_locations.txt --delimiter comma -p real_location_data/s15c5/k10_priors.csv -o real_location_data/s15c5/k10_r1_spalin-divide-beta5-spatialonly.txt --nInitials 10 --ultrametric --randomreps 3 --divide --radius 5 --spatial_only
Optimization by Spalin-Divide: Scipy-SLSQP using spatial information
Optimizing branch lengths, phi, and nu without topology search
only spatial
only spatial
Initial point 1. Random seed: 812
Solving with ultrametric constraint
Optimal point found for initial point 1
Negative llh: 74.4647083039662
Dropout rate: 0.18836238531367047
Silencing rate: 0.758195749422957
Sigma: 1.4002284422612516
Lambda: 1.0
Initial point 2. Random seed: 541
Solving with ultrametric constraint
Optimal point found for initial point 2
Negative llh: 74.43983686271224
Dropout rate: 0.35888277240955496
Silencing rate: 0.7760551322201552
Sigma: 1.101564023750044
Lambda: 1.0
Initial point 3. Random seed: 2796
Solving with ultrametric constraint
Optimal point found for initial point 3
Negative llh: 74.4582470265666
Dropout rate: 0.31962844767924053
Silencing rate: 0.8674422900323675
Sigma: 1.3400779565996321
Lambda: 1.0
Initial point 4. Random seed: 6263
Solving with ultrametric constraint
Optimal point found for initial point 4
Negative llh: 74.53983178451327
Dropout rate: 0.7284836793133481
Silencing rate: 0.004257650932417718
Sigma: 1.8252736241628524
Lambda: 1.0
Initial point 5. Random seed: 7857
Solving with ultrametric constraint
Optimal point found for initial point 5
Negative llh: 74.53657096784349
Dropout rate: 0.4417161156160478
Silencing rate: 0.505041860769502
Sigma: 1.8164093120639109
Lambda: 1.0
Initial point 6. Random seed: 6116
Solving with ultrametric constraint
Optimal point found for initial point 6
Negative llh: 74.45915501579151
Dropout rate: 0.5143146748268127
Silencing rate: 0.05200193652930365
Sigma: 1.3357617272658326
Lambda: 1.0
Initial point 7. Random seed: 3579
Solving with ultrametric constraint
Optimal point found for initial point 7
Negative llh: 74.46412329482013
Dropout rate: 0.7914874935479327
Silencing rate: 0.024956655731494456
Sigma: 1.3950360225901737
Lambda: 1.0
Initial point 8. Random seed: 4945
Solving with ultrametric constraint
Optimal point found for initial point 8
Negative llh: 74.5217875632204
Dropout rate: 0.34339680830805835
Silencing rate: 0.27951609589171683
Sigma: 1.755027416547488
Lambda: 1.0
Initial point 9. Random seed: 1692
Solving with ultrametric constraint
Optimal point found for initial point 9
Negative llh: 74.51862209815405
Dropout rate: 0.6754765996195639
Silencing rate: 0.7984024586527854
Sigma: 1.740030887090695
Lambda: 1.0
Initial point 10. Random seed: 6142
Solving with ultrametric constraint
Optimal point found for initial point 10
Negative llh: 74.45949053740289
Dropout rate: 0.9138554584204299
Silencing rate: 0.7810885225443437
Sigma: 1.3522748588546554
Lambda: 1.0
{'lambda_param': 1.0, 'phi': 0.35888277240955496, 'nu': 0.7760551322201552, 'sigma': 1.101564023750044, 'locations': {'216_4': (242.0, 136.0), '216_3': (305.0, 148.0), '216_12': (254.0, 103.0), '216_11': (288.0, 107.0), '216_10': (295.0, 117.0), '216_9': (299.0, 133.0), '216_6': (255.0, 149.0), '216_5': (249.0, 171.0), '216_8': (245.0, 110.0), '216_7': (280.0, 133.0)}, 'radius': 5.0, 'thetas': {'202_5': 0.581558261988731, '208_4': 1.837044912735414, '167_3': -1.389506294161595, '202_6': 7.608985650873569, '202_7': 6.400348186167378, '167_4': 0.7420717325917411, '119_3': 8.668601395760945, '193_2': 6.471400237629233, '70_2': -1.9585592363573416}}
Runtime (s): 95.29391066171229
