Launching Problin version 0.5b
Problin was called as follow: /u/gh2161/Spatial-Division/problin/run_problin.py -c real_location_data/s15c5/k10_r3_character_matrix.csv -t real_location_data/s15c5/true_tree.nwk -S real_location_data/s15c5/leaf_locations.txt --delimiter comma -p real_location_data/s15c5/k10_priors.csv -o real_location_data/s15c5/k10_r3_spalin-divide-ignore-beta.txt --nInitials 10 --ultrametric --randomreps 3 --divide
Optimization by Spalin-Divide: Scipy-SLSQP using spatial information
Optimizing branch lengths, phi, and nu without topology search
We need to optimize the radius
Initial point 1. Random seed: 7774
Solving with ultrametric constraint
Optimal point found for initial point 1
Negative llh: 97.02040208750452
Dropout rate: 2.7410979285753905e-10
Silencing rate: 1.0000004166328913e-10
Sigma: 1.0097967164651471
Lambda: 0.010145841456336492
Initial point 2. Random seed: 4720
Solving with ultrametric constraint
Optimal point found for initial point 2
Negative llh: 97.02006609422814
Dropout rate: 1.0000000000000002e-10
Silencing rate: 1e-10
Sigma: 1.0108031776330304
Lambda: 0.010152676685863345
Initial point 3. Random seed: 5906
Solving with ultrametric constraint
Optimal point found for initial point 3
Negative llh: 97.02007722734038
Dropout rate: 1e-10
Silencing rate: 1.0000751898776555e-10
Sigma: 1.009808795170226
Lambda: 0.010148483864163952
Initial point 4. Random seed: 5630
Solving with ultrametric constraint
Optimal point found for initial point 4
Negative llh: 97.02005197090844
Dropout rate: 1e-10
Silencing rate: 1.0062008350723744e-10
Sigma: 1.0104031208480613
Lambda: 0.010146578130100687
Initial point 5. Random seed: 2572
Solving with ultrametric constraint
Optimal point found for initial point 5
Negative llh: 97.02003378404476
Dropout rate: 1e-10
Silencing rate: 1.0420767635790568e-10
Sigma: 1.0110372647667702
Lambda: 0.010154356832143925
Initial point 6. Random seed: 2761
Solving with ultrametric constraint
Optimal point found for initial point 6
Negative llh: 97.01999924701384
Dropout rate: 3.892309561870955e-10
Silencing rate: 1.0005722321589968e-10
Sigma: 1.0103895266460845
Lambda: 0.01014855424064114
Initial point 7. Random seed: 33
Solving with ultrametric constraint
Optimal point found for initial point 7
Negative llh: 97.01998322044652
Dropout rate: 6.003836622774333e-10
Silencing rate: 1.0001721509043415e-10
Sigma: 1.0105098930540692
Lambda: 0.010149506856320966
Initial point 8. Random seed: 529
Solving with ultrametric constraint
Fatal: failed to optimize using initial point 8
Initial point 9. Random seed: 5235
Solving with ultrametric constraint
Optimal point found for initial point 9
Negative llh: 97.0199939417158
Dropout rate: 9.58056033686019e-10
Silencing rate: 1.152293916877794e-09
Sigma: 1.0104408205456272
Lambda: 0.010151623412645751
Initial point 10. Random seed: 5341
Solving with ultrametric constraint
Optimal point found for initial point 10
Negative llh: 97.01999293302126
Dropout rate: 1.261011881327011e-10
Silencing rate: 1.0003749890590201e-10
Sigma: 1.0105635901938532
Lambda: 0.010152229735516913
{'lambda_param': 0.010149506856320966, 'phi': 6.003836622774333e-10, 'nu': 1.0001721509043415e-10, 'sigma': 1.0105098930540692, 'locations': {'216_4': (242.0, 136.0), '216_3': (305.0, 148.0), '216_12': (254.0, 103.0), '216_11': (288.0, 107.0), '216_10': (295.0, 117.0), '216_9': (299.0, 133.0), '216_6': (255.0, 149.0), '216_5': (249.0, 171.0), '216_8': (245.0, 110.0), '216_7': (280.0, 133.0)}, 'radius': 17.096808380626985, 'thetas': {'202_5': 0.5813807261147289, '208_4': 1.8370487476480657, '167_3': -1.3047577963830976, '202_6': 1.3258090332333816, '202_7': 6.400294092306677, '167_4': 0.6550346150055717, '119_3': 2.36403751476035, '193_2': 6.471408331774072, '70_2': 4.501002449876159}}
Runtime (s): 142.87298082746565
