Launching Problin version 0.5b
Problin was called as follow: /u/gh2161/Spatial-Division/problin/run_problin.py -c real_location_data/s15c5/k10_r3_character_matrix.csv -t real_location_data/s15c5/true_tree.nwk -S real_location_data/s15c5/leaf_locations.txt --delimiter comma -p real_location_data/s15c5/k10_priors.csv -o real_location_data/s15c5/k10_r3_spalin-divide-beta05.txt --nInitials 10 --ultrametric --randomreps 3 --divide --radius 0.5
Optimization by Spalin-Divide: Scipy-SLSQP using spatial information
Optimizing branch lengths, phi, and nu without topology search
Initial point 1. Random seed: 9852
Solving with ultrametric constraint
Optimal point found for initial point 1
Negative llh: 117.2994896253044
Dropout rate: 6.436949558256423e-10
Silencing rate: 1.0030751941503673e-10
Sigma: 1.824349023369753
Initial point 2. Random seed: 9290
Solving with ultrametric constraint
Optimal point found for initial point 2
Negative llh: 117.29896530950217
Dropout rate: 1.0000000000000002e-10
Silencing rate: 1e-10
Sigma: 1.8269065951623684
Initial point 3. Random seed: 8055
Solving with ultrametric constraint
Optimal point found for initial point 3
Negative llh: 140.46301618482136
Dropout rate: 5.149885979694309e-10
Silencing rate: 1.770160752224964e-10
Sigma: 1.7633666414067057
Initial point 4. Random seed: 7095
Solving with ultrametric constraint
Optimal point found for initial point 4
Negative llh: 140.46600887157234
Dropout rate: 1.0821905671900533e-10
Silencing rate: 1.1048986961100522e-10
Sigma: 1.7656028737712823
Initial point 5. Random seed: 3913
Solving with ultrametric constraint
Optimal point found for initial point 5
Negative llh: 117.29921107738237
Dropout rate: 1.0000000000000002e-10
Silencing rate: 1.0000000000000002e-10
Sigma: 1.8286372186256723
Initial point 6. Random seed: 4940
Solving with ultrametric constraint
Optimal point found for initial point 6
Negative llh: 117.29952797912307
Dropout rate: 1.0000000000000002e-10
Silencing rate: 1e-10
Sigma: 1.823460418393186
Initial point 7. Random seed: 7833
Solving with ultrametric constraint
Optimal point found for initial point 7
Negative llh: 117.29898160281462
Dropout rate: 1e-10
Silencing rate: 1e-10
Sigma: 1.8265801393693697
Initial point 8. Random seed: 9389
Solving with ultrametric constraint
Optimal point found for initial point 8
Negative llh: 140.45483815954648
Dropout rate: 1e-10
Silencing rate: 1e-10
Sigma: 1.7657543882398974
Initial point 9. Random seed: 4252
Solving with ultrametric constraint
Optimal point found for initial point 9
Negative llh: 117.29905358233587
Dropout rate: 1.0000000000000002e-10
Silencing rate: 1e-10
Sigma: 1.8256071885099008
Initial point 10. Random seed: 5924
Solving with ultrametric constraint
Optimal point found for initial point 10
Negative llh: 140.37187299053755
Dropout rate: 1.0356038105292385e-10
Silencing rate: 1.0047134261896933e-10
Sigma: 1.7467248392143109
Runtime (s): 201.3672903161496
