Launching Problin version 0.5b
Problin was called as follow: /u/gh2161/Spatial-Division/problin/run_problin.py -c real_location_data/s15c5/k10_r1_character_matrix.csv -t real_location_data/s15c5/true_tree.nwk -S real_location_data/s15c5/leaf_locations.txt --delimiter comma -p real_location_data/s15c5/k10_priors.csv -o real_location_data/s15c5/k10_r1_spalin-divide-beta5_10_range.txt --nInitials 10 --ultrametric --randomreps 3 --divide --given_lower_beta 5 --given_upper_beta 10 --incl_beta_bound
Optimization by Spalin-Divide: Scipy-SLSQP using spatial information
{'sigma': 22, 'nu': 1e-10, 'phi': 1e-10, 'lower_beta': 5.0, 'upper_beta': 10.0, 'incl_beta_bound': True, 'displacement_amounts': {}}
Optimizing branch lengths, phi, and nu without topology search
Initial point 1. Random seed: 4
Solving with ultrametric constraint
Optimal point found for initial point 1
Negative llh: 110.30160544981288
Dropout rate: 1.0001022998672085e-10
Silencing rate: 1.0000425658249294e-10
Sigma: 5.7646247326245295
Initial point 2. Random seed: 8467
Solving with ultrametric constraint
Optimal point found for initial point 2
Negative llh: 109.48872740971922
Dropout rate: 9.999999999999924e-11
Silencing rate: 1.0000000000000007e-10
Sigma: 5.525991378412204
Initial point 3. Random seed: 8434
Solving with ultrametric constraint
Optimal point found for initial point 3
Negative llh: 110.37718740641743
Dropout rate: 4.931049670927501e-09
Silencing rate: 5.320360028314557e-10
Sigma: 5.731789471640669
Initial point 4. Random seed: 1558
Solving with ultrametric constraint
Optimal point found for initial point 4
Negative llh: 110.3282016874993
Dropout rate: 6.381693862333645e-09
Silencing rate: 8.354869670347109e-10
Sigma: 5.7400451000330115
Initial point 5. Random seed: 2140
Solving with ultrametric constraint
Optimal point found for initial point 5
Negative llh: 110.3012443034365
Dropout rate: 1.000914199791161e-10
Silencing rate: 1.0003126938380835e-10
Sigma: 5.75096809134565
Initial point 6. Random seed: 6564
Solving with ultrametric constraint
Optimal point found for initial point 6
Negative llh: 110.38149772796564
Dropout rate: 1.0000013775051524e-10
Silencing rate: 1.0000000711701986e-10
Sigma: 5.719535817577314
Initial point 7. Random seed: 9576
Solving with ultrametric constraint
Optimal point found for initial point 7
Negative llh: 109.21852053481143
Dropout rate: 2.9835474266429207e-10
Silencing rate: 1.8862356131757873e-10
Sigma: 5.519168447540016
Initial point 8. Random seed: 1371
Solving with ultrametric constraint
Optimal point found for initial point 8
Negative llh: 110.30188329135828
Dropout rate: 2.7072741650960477e-08
Silencing rate: 1.0217468985402529e-08
Sigma: 5.751490478751097
Initial point 9. Random seed: 374
Solving with ultrametric constraint
Optimal point found for initial point 9
Negative llh: 110.38492846990994
Dropout rate: 1e-10
Silencing rate: 1e-10
Sigma: 5.783521486923552
Initial point 10. Random seed: 1248
Solving with ultrametric constraint
Optimal point found for initial point 10
Negative llh: 110.3866187534629
Dropout rate: 1.2748440332971577e-09
Silencing rate: 5.922522072125988e-10
Sigma: 5.7921785916021085
Runtime (s): 238.8754035148304
