Launching Problin version 0.5b
Problin was called as follow: /u/gh2161/Spatial-Division/problin/run_problin.py -c real_location_data/s15c5/k10_r4_character_matrix.csv -t real_location_data/s15c5/true_tree.nwk -S real_location_data/s15c5/leaf_locations.txt --delimiter comma -p real_location_data/s15c5/k10_priors.csv -o real_location_data/s15c5/k10_r4_spalin-divide-beta9.txt --nInitials 10 --ultrametric --randomreps 3 --divide --given_beta 9 --incl_beta_bound
Optimization by Spalin-Divide: Scipy-SLSQP using spatial information
Optimizing branch lengths, phi, and nu without topology search
Initial point 1. Random seed: 7517
Solving with ultrametric constraint
Optimal point found for initial point 1
Negative llh: 97.10543628788807
Dropout rate: 1e-10
Silencing rate: 1e-10
Sigma: 4.445780777152861
Initial point 2. Random seed: 1763
Solving with ultrametric constraint
Optimal point found for initial point 2
Negative llh: 97.10544228897473
Dropout rate: 1e-10
Silencing rate: 1e-10
Sigma: 4.445767584155935
Initial point 3. Random seed: 7313
Solving with ultrametric constraint
Optimal point found for initial point 3
Negative llh: 97.10543927331295
Dropout rate: 2.304058795512185e-10
Silencing rate: 1.769217277825718e-10
Sigma: 4.446026219253131
Initial point 4. Random seed: 1627
Solving with ultrametric constraint
Optimal point found for initial point 4
Negative llh: 97.1054366666049
Dropout rate: 1.0000000000000002e-10
Silencing rate: 1e-10
Sigma: 4.445777986700877
Initial point 5. Random seed: 8182
Solving with ultrametric constraint
Optimal point found for initial point 5
Negative llh: 97.10543639755402
Dropout rate: 9.999999999999999e-11
Silencing rate: 1e-10
Sigma: 4.44585285283656
Initial point 6. Random seed: 3264
Solving with ultrametric constraint
Optimal point found for initial point 6
Negative llh: 97.10543628422252
Dropout rate: 1.0000000000000002e-10
Silencing rate: 1e-10
Sigma: 4.445780163210803
Initial point 7. Random seed: 9124
Solving with ultrametric constraint
Optimal point found for initial point 7
Negative llh: 97.10543737552412
Dropout rate: 1.087071687325369e-10
Silencing rate: 1.0472753987255306e-10
Sigma: 4.445770939854214
Initial point 8. Random seed: 5763
Solving with ultrametric constraint
Optimal point found for initial point 8
Negative llh: 97.10543745505328
Dropout rate: 1.0000000000000002e-10
Silencing rate: 1.0000000000000002e-10
Sigma: 4.445752936008432
Initial point 9. Random seed: 2470
Solving with ultrametric constraint
Optimal point found for initial point 9
Negative llh: 97.10543835635286
Dropout rate: 1.0000000000000002e-10
Silencing rate: 1.0000000000000002e-10
Sigma: 4.445461344627371
Initial point 10. Random seed: 4349
Solving with ultrametric constraint
Optimal point found for initial point 10
Negative llh: 97.10543632211814
Dropout rate: 1e-10
Silencing rate: 1e-10
Sigma: 4.4457788174602095
Runtime (s): 442.611037496943
