Launching Problin version 0.5b
Problin was called as follow: /u/gh2161/Spatial-Division/problin/run_problin.py -c real_location_data/s12c4/k10_r4_character_matrix.csv -t real_location_data/s12c4/true_tree.nwk -S real_location_data/s12c4/leaf_locations.txt --delimiter comma -p real_location_data/s12c4/k10_priors.csv -o real_location_data/s12c4/k10_r4_spalin-divide-beta6.txt --nInitials 10 --ultrametric --randomreps 3 --divide --given_beta 6 --incl_beta_bound
Optimization by Spalin-Divide: Scipy-SLSQP using spatial information
Optimizing branch lengths, phi, and nu without topology search
Initial point 1. Random seed: 6940
Solving with ultrametric constraint
Optimal point found for initial point 1
Negative llh: 228.25849035581928
Dropout rate: 8.496600901524137e-10
Silencing rate: 6.086187389329729e-10
Sigma: 4.538282433369436
Initial point 2. Random seed: 6023
Solving with ultrametric constraint
Optimal point found for initial point 2
Negative llh: 228.25850793957403
Dropout rate: 7.108573897978668e-10
Silencing rate: 3.708974804454361e-10
Sigma: 4.538373628779513
Initial point 3. Random seed: 8132
Solving with ultrametric constraint
Optimal point found for initial point 3
Negative llh: 228.2584854930761
Dropout rate: 1.0334882915576075e-09
Silencing rate: 6.166492114586617e-10
Sigma: 4.538464225481915
Initial point 4. Random seed: 278
Solving with ultrametric constraint
Optimal point found for initial point 4
Negative llh: 228.25848416450512
Dropout rate: 1.3292033879644498e-10
Silencing rate: 1.1460216745165837e-10
Sigma: 4.538380004622514
Initial point 5. Random seed: 9234
Solving with ultrametric constraint
Optimal point found for initial point 5
Negative llh: 228.25848493560557
Dropout rate: 9.999999999999996e-11
Silencing rate: 1.0000000000000002e-10
Sigma: 4.5384525886894
Initial point 6. Random seed: 2662
Solving with ultrametric constraint
Optimal point found for initial point 6
Negative llh: 228.25848394749923
Dropout rate: 2.1898619537388429e-10
Silencing rate: 1.527124784125726e-10
Sigma: 4.538399412314716
Initial point 7. Random seed: 9031
Solving with ultrametric constraint
Optimal point found for initial point 7
Negative llh: 228.25848488784965
Dropout rate: 1.8811495157359082e-10
Silencing rate: 1.390749705983012e-10
Sigma: 4.538356180361989
Initial point 8. Random seed: 1392
Solving with ultrametric constraint
Optimal point found for initial point 8
Negative llh: 228.25848440420495
Dropout rate: 1.7525124648870988e-10
Silencing rate: 1.333741526973027e-10
Sigma: 4.538380605698857
Initial point 9. Random seed: 6257
Solving with ultrametric constraint
Fatal: failed to optimize using initial point 9
Initial point 10. Random seed: 1913
Solving with ultrametric constraint
Optimal point found for initial point 10
Negative llh: 228.2584843886496
Dropout rate: 1.636608205275087e-10
Silencing rate: 1.3004496121245024e-10
Sigma: 4.53839195043487
Runtime (s): 2634.80175352504
