Launching Problin version 0.5b
Problin was called as follow: /u/gh2161/Spatial-Division/problin/run_problin.py -c real_location_data/s12c4/k10_r4_character_matrix.csv -t real_location_data/s12c4/true_tree.nwk -S real_location_data/s12c4/leaf_locations.txt --delimiter comma -p real_location_data/s12c4/k10_priors.csv -o real_location_data/s12c4/k10_r4_spalin-divide-beta3.txt --nInitials 10 --ultrametric --randomreps 3 --divide --radius 3
Optimization by Spalin-Divide: Scipy-SLSQP using spatial information
Optimizing branch lengths, phi, and nu without topology search
Initial point 1. Random seed: 9719
Solving with ultrametric constraint
Optimal point found for initial point 1
Negative llh: 244.29373859559422
Dropout rate: 1e-10
Silencing rate: 1e-10
Sigma: 1.4837571155737261
Initial point 2. Random seed: 768
Solving with ultrametric constraint
Optimal point found for initial point 2
Negative llh: 244.2937932953395
Dropout rate: 1e-10
Silencing rate: 1e-10
Sigma: 1.4835888813133227
Initial point 3. Random seed: 3593
Solving with ultrametric constraint
Optimal point found for initial point 3
Negative llh: 244.29363678980403
Dropout rate: 9.42363681727653e-10
Silencing rate: 4.705702924034506e-10
Sigma: 1.4835745003782106
Initial point 4. Random seed: 7181
Solving with ultrametric constraint
Optimal point found for initial point 4
Negative llh: 244.29369325124352
Dropout rate: 2.523617980625474e-09
Silencing rate: 1.0359639001363644e-10
Sigma: 1.4840055097064846
Initial point 5. Random seed: 836
Solving with ultrametric constraint
Optimal point found for initial point 5
Negative llh: 244.2937314698442
Dropout rate: 1e-10
Silencing rate: 1e-10
Sigma: 1.4833618397840609
Initial point 6. Random seed: 922
Solving with ultrametric constraint
Optimal point found for initial point 6
Negative llh: 244.29423373538822
Dropout rate: 9.306891793185673e-10
Silencing rate: 1.0002575505084633e-10
Sigma: 1.4844928341795067
Initial point 7. Random seed: 7241
Solving with ultrametric constraint
Optimal point found for initial point 7
Negative llh: 244.29385134775796
Dropout rate: 2.551653947301142e-09
Silencing rate: 1.8422267723977797e-10
Sigma: 1.4836933684260185
Initial point 8. Random seed: 5681
Solving with ultrametric constraint
Optimal point found for initial point 8
Negative llh: 244.29369440221274
Dropout rate: 1e-10
Silencing rate: 1e-10
Sigma: 1.4835026740257586
Initial point 9. Random seed: 8200
Solving with ultrametric constraint
Optimal point found for initial point 9
Negative llh: 244.2938443810777
Dropout rate: 1e-10
Silencing rate: 1e-10
Sigma: 1.4833674175730935
Initial point 10. Random seed: 1661
Solving with ultrametric constraint
Optimal point found for initial point 10
Negative llh: 244.2936622285431
Dropout rate: 1e-10
Silencing rate: 1e-10
Sigma: 1.4836970707922668
Runtime (s): 1064.7264282684773
