Launching Problin version 0.5b
Problin was called as follow: /u/gh2161/Spatial-Division/problin/run_problin.py -c real_location_data/s12c4/k10_r4_character_matrix.csv -t real_location_data/s12c4/true_tree.nwk -S real_location_data/s12c4/leaf_locations.txt --delimiter comma -p real_location_data/s12c4/k10_priors.csv -o real_location_data/s12c4/k10_r4_spalin-spatialonly.txt --nInitials 10 --ultrametric --randomreps 3 --spatial_only
Optimization by Spalin: Scipy-SLSQP using spatial information
Optimizing branch lengths, phi, and nu without topology search
only spatial
Initial point 1. Random seed: 7223
Solving with ultrametric constraint
Optimal point found for initial point 1
Negative llh: 133.87786263147183
Dropout rate: 0.7744693456758499
Silencing rate: 0.9532184513790009
Sigma: 2.9084983310993913
Lambda: 1.0
Initial point 2. Random seed: 7751
Solving with ultrametric constraint
Optimal point found for initial point 2
Negative llh: 133.87786263147183
Dropout rate: 0.5968227649627212
Silencing rate: 0.20315333886821996
Sigma: 2.9084983310993913
Lambda: 1.0
Initial point 3. Random seed: 2895
Solving with ultrametric constraint
Optimal point found for initial point 3
Negative llh: 133.87786263147183
Dropout rate: 0.6549655872420506
Silencing rate: 0.0240516714617508
Sigma: 2.9084983310993913
Lambda: 1.0
Initial point 4. Random seed: 7153
Solving with ultrametric constraint
Optimal point found for initial point 4
Negative llh: 133.87786263147183
Dropout rate: 0.382476210761408
Silencing rate: 0.3147311937636045
Sigma: 2.9084983310993913
Lambda: 1.0
Initial point 5. Random seed: 4516
Solving with ultrametric constraint
Optimal point found for initial point 5
Negative llh: 133.87786263147183
Dropout rate: 0.33942273110217674
Silencing rate: 0.47034956747208456
Sigma: 2.9084983310993913
Lambda: 1.0
Initial point 6. Random seed: 7101
Solving with ultrametric constraint
Optimal point found for initial point 6
Negative llh: 133.87786263147183
Dropout rate: 0.7606547733315846
Silencing rate: 0.7065110878097978
Sigma: 2.9084983310993913
Lambda: 1.0
Initial point 7. Random seed: 7330
Solving with ultrametric constraint
Optimal point found for initial point 7
Negative llh: 133.87786263147183
Dropout rate: 0.5727309403429269
Silencing rate: 0.27352955414687075
Sigma: 2.9084983310993913
Lambda: 1.0
Initial point 8. Random seed: 4054
Solving with ultrametric constraint
Optimal point found for initial point 8
Negative llh: 133.87786263147183
Dropout rate: 0.010819770761139366
Silencing rate: 0.45557064322700025
Sigma: 2.9084983310993913
Lambda: 1.0
Initial point 9. Random seed: 2175
Solving with ultrametric constraint
Optimal point found for initial point 9
Negative llh: 133.87786263147183
Dropout rate: 0.3652897079360462
Silencing rate: 0.9239255167756931
Sigma: 2.9084983310993913
Lambda: 1.0
Initial point 10. Random seed: 6924
Solving with ultrametric constraint
Optimal point found for initial point 10
Negative llh: 133.87786263147183
Dropout rate: 0.7350165048210772
Silencing rate: 0.613190403986993
Sigma: 2.9084983310993913
Lambda: 1.0
{'lambda_param': 1.0, 'phi': 0.7744693456758499, 'nu': 0.9532184513790009, 'sigma': 2.9084983310993913, 'locations': {'216_2': (145.0, 436.0), '216_1': (165.0, 454.0), '216_4': (205.0, 440.0), '216_3': (184.0, 457.0), '216_8': (147.0, 409.0), '216_7': (160.0, 418.0), '216_16': (208.0, 428.0), '216_15': (215.0, 457.0), '216_18': (202.0, 377.0), '216_17': (203.0, 412.0), '216_22': (205.0, 362.0), '216_21': (221.0, 373.0), '216_20': (193.0, 357.0), '216_19': (185.0, 395.0), '216_10': (159.0, 437.0), '216_9': (186.0, 438.0), '216_12': (153.0, 390.0), '216_11': (167.0, 399.0), '216_14': (164.0, 372.0), '216_13': (168.0, 387.0)}}
Runtime (s): 151.03047482669353
