Launching Problin version 0.5b
Problin was called as follow: /u/gh2161/Spatial-Division/problin/run_problin.py -c real_location_data/s12c4/k10_r3_character_matrix.csv -t real_location_data/s12c4/true_tree.nwk -S real_location_data/s12c4/leaf_locations.txt --delimiter comma -p real_location_data/s12c4/k10_priors.csv -o real_location_data/s12c4/k10_r3_spalin.txt --nInitials 10 --ultrametric --randomreps 3
Optimization by Spalin: Scipy-SLSQP using spatial information
Optimizing branch lengths, phi, and nu without topology search
Initial point 1. Random seed: 7172
Solving with ultrametric constraint
Optimal point found for initial point 1
Negative llh: 222.48651562426016
Dropout rate: 1e-10
Silencing rate: 1e-10
Sigma: 2.883985049631581
Lambda: 0.005819363953093053
Initial point 2. Random seed: 5610
Solving with ultrametric constraint
Optimal point found for initial point 2
Negative llh: 222.48644116619693
Dropout rate: 1.0007115778303582e-10
Silencing rate: 1.0011907894526487e-10
Sigma: 2.8846377805130503
Lambda: 0.005819368898760347
Initial point 3. Random seed: 7022
Solving with ultrametric constraint
Optimal point found for initial point 3
Negative llh: 222.48652594519422
Dropout rate: 7.308986114932228e-10
Silencing rate: 3.727717532537814e-10
Sigma: 2.8839880693482134
Lambda: 0.005819962384431255
Initial point 4. Random seed: 3017
Solving with ultrametric constraint
Optimal point found for initial point 4
Negative llh: 222.48652673695707
Dropout rate: 1e-10
Silencing rate: 1e-10
Sigma: 2.8858714293446655
Lambda: 0.005821585912187156
Initial point 5. Random seed: 4681
Solving with ultrametric constraint
Optimal point found for initial point 5
Negative llh: 222.4864936107607
Dropout rate: 1.0000000000000007e-10
Silencing rate: 9.999999999999996e-11
Sigma: 2.8857111465089202
Lambda: 0.005818548850772432
Initial point 6. Random seed: 8527
Solving with ultrametric constraint
Optimal point found for initial point 6
Negative llh: 222.48644314943692
Dropout rate: 1e-10
Silencing rate: 1e-10
Sigma: 2.8847298478501906
Lambda: 0.005819479990736848
Initial point 7. Random seed: 4725
Solving with ultrametric constraint
Optimal point found for initial point 7
Negative llh: 222.486625312106
Dropout rate: 1e-10
Silencing rate: 1e-10
Sigma: 2.8833993307132477
Lambda: 0.005817765925126446
Initial point 8. Random seed: 3826
Solving with ultrametric constraint
Optimal point found for initial point 8
Negative llh: 222.48652838825288
Dropout rate: 4.434964552184779e-09
Silencing rate: 1.9806109027216274e-09
Sigma: 2.8837021651146038
Lambda: 0.005819197751356943
Initial point 9. Random seed: 9589
Solving with ultrametric constraint
Optimal point found for initial point 9
Negative llh: 222.48644612422902
Dropout rate: 1.804408733727208e-09
Silencing rate: 1.1741916709757178e-08
Sigma: 2.8843117168379244
Lambda: 0.005819463629999053
Initial point 10. Random seed: 6759
Solving with ultrametric constraint
Optimal point found for initial point 10
Negative llh: 222.48644338457387
Dropout rate: 1.0000000000000007e-10
Silencing rate: 9.999999999999996e-11
Sigma: 2.8850202788536428
Lambda: 0.005819783038052136
{'lambda_param': 0.005819368898760347, 'phi': 1.0007115778303582e-10, 'nu': 1.0011907894526487e-10, 'sigma': 2.8846377805130503, 'locations': {'216_2': (145.0, 436.0), '216_1': (165.0, 454.0), '216_4': (205.0, 440.0), '216_3': (184.0, 457.0), '216_8': (147.0, 409.0), '216_7': (160.0, 418.0), '216_16': (208.0, 428.0), '216_15': (215.0, 457.0), '216_18': (202.0, 377.0), '216_17': (203.0, 412.0), '216_22': (205.0, 362.0), '216_21': (221.0, 373.0), '216_20': (193.0, 357.0), '216_19': (185.0, 395.0), '216_10': (159.0, 437.0), '216_9': (186.0, 438.0), '216_12': (153.0, 390.0), '216_11': (167.0, 399.0), '216_14': (164.0, 372.0), '216_13': (168.0, 387.0)}}
Runtime (s): 392.7532822676003
