Launching Problin version 0.5b
Problin was called as follow: /u/gh2161/Spatial-Division/problin/run_problin.py -c real_location_data/s12c4/k10_r3_character_matrix.csv -t real_location_data/s12c4/true_tree.nwk -S real_location_data/s12c4/leaf_locations.txt --delimiter comma -p real_location_data/s12c4/k10_priors.csv -o real_location_data/s12c4/k10_r3_spalin-divide-beta10.txt --nInitials 10 --ultrametric --randomreps 3 --divide --radius 10
Optimization by Spalin-Divide: Scipy-SLSQP using spatial information
Optimizing branch lengths, phi, and nu without topology search
Initial point 1. Random seed: 4672
Solving with ultrametric constraint
Optimal point found for initial point 1
Negative llh: 217.97926111156536
Dropout rate: 1.3905101101913317e-09
Silencing rate: 1e-10
Sigma: 1.1102292518575674
Initial point 2. Random seed: 8568
Solving with ultrametric constraint
Optimal point found for initial point 2
Negative llh: 217.979721488234
Dropout rate: 1e-10
Silencing rate: 1e-10
Sigma: 1.1097138821986716
Initial point 3. Random seed: 4533
Solving with ultrametric constraint
Optimal point found for initial point 3
Negative llh: 217.97928116352017
Dropout rate: 3.878078996477376e-09
Silencing rate: 2.74068660614819e-09
Sigma: 1.11034040589158
Initial point 4. Random seed: 5884
Solving with ultrametric constraint
Optimal point found for initial point 4
Negative llh: 217.98030828499577
Dropout rate: 2.30656766711553e-10
Silencing rate: 1.0000898909353177e-10
Sigma: 1.1106572609249847
Initial point 5. Random seed: 1135
Solving with ultrametric constraint
Optimal point found for initial point 5
Negative llh: 217.97926058866915
Dropout rate: 8.190136894611142e-10
Silencing rate: 3.9409721825495025e-10
Sigma: 1.1102392867721662
Initial point 6. Random seed: 5452
Solving with ultrametric constraint
Optimal point found for initial point 6
Negative llh: 217.9792861962494
Dropout rate: 1.7763937009859255e-09
Silencing rate: 5.793188143900341e-10
Sigma: 1.110187239911238
Initial point 7. Random seed: 5398
Solving with ultrametric constraint
Optimal point found for initial point 7
Negative llh: 217.97933746993817
Dropout rate: 1.9479852850781137e-10
Silencing rate: 1.2620284824183013e-10
Sigma: 1.1101349924455106
Initial point 8. Random seed: 464
Solving with ultrametric constraint
Optimal point found for initial point 8
Negative llh: 241762.06479524993
Dropout rate: 3.240929135404451e-06
Silencing rate: 1.2948114588903484e-06
Sigma: 10.024627005141705
Initial point 9. Random seed: 5710
Solving with ultrametric constraint
Fatal: failed to optimize using initial point 9
Initial point 10. Random seed: 5584
Solving with ultrametric constraint
Optimal point found for initial point 10
Negative llh: 217.97979616538515
Dropout rate: 1e-10
Silencing rate: 1e-10
Sigma: 1.1098841135228892
Runtime (s): 1410.0855730473995
