Launching Problin version 0.5b
Problin was called as follow: /u/gh2161/Spatial-Division/problin/run_problin.py -c real_location_data/s12c4/k10_r4_character_matrix.csv -t real_location_data/s12c4/true_tree.nwk -S real_location_data/s12c4/leaf_locations.txt --delimiter comma -p real_location_data/s12c4/k10_priors.csv -o real_location_data/s12c4/k10_r4_spalin-divide-beta5_10_range.txt --nInitials 10 --ultrametric --randomreps 3 --divide --given_lower_beta 5 --given_upper_beta 10 --incl_beta_bound
Optimization by Spalin-Divide: Scipy-SLSQP using spatial information
{'sigma': 22, 'nu': 1e-10, 'phi': 1e-10, 'lower_beta': 5.0, 'upper_beta': 10.0, 'incl_beta_bound': True, 'displacement_amounts': {}}
Optimizing branch lengths, phi, and nu without topology search
Initial point 1. Random seed: 4913
Solving with ultrametric constraint
Optimal point found for initial point 1
Negative llh: 231.7227869203778
Dropout rate: 3.819648010324665e-09
Silencing rate: 1.4905130966818808e-09
Sigma: 4.742213566468444
Initial point 2. Random seed: 9582
Solving with ultrametric constraint
Optimal point found for initial point 2
Negative llh: 238.1930950253283
Dropout rate: 8.253141514613899e-09
Silencing rate: 3.7312869075627114e-09
Sigma: 5.123537793385319
Initial point 3. Random seed: 2287
Solving with ultrametric constraint
Optimal point found for initial point 3
Negative llh: 238.20171996667182
Dropout rate: 8.698331487197245e-09
Silencing rate: 3.932173610529987e-09
Sigma: 5.126771525650685
Initial point 4. Random seed: 4302
Solving with ultrametric constraint
Optimal point found for initial point 4
Negative llh: 238.46433262270153
Dropout rate: 1.3820887049581706e-09
Silencing rate: 1.4605783834688197e-08
Sigma: 5.158221845222432
Initial point 5. Random seed: 4498
Solving with ultrametric constraint
Optimal point found for initial point 5
Negative llh: 231.940958559227
Dropout rate: 8.381304298876978e-09
Silencing rate: 3.810842585380404e-09
Sigma: 4.769047495141936
Initial point 6. Random seed: 2737
Solving with ultrametric constraint
Optimal point found for initial point 6
Negative llh: 230.5472999479528
Dropout rate: 1.937768009344423e-08
Silencing rate: 2.0109255382260986e-08
Sigma: 4.650170289080739
Initial point 7. Random seed: 5247
Solving with ultrametric constraint
Optimal point found for initial point 7
Negative llh: 238.19165978588575
Dropout rate: 9.763192021480221e-10
Silencing rate: 4.875456949076784e-10
Sigma: 5.129048866346853
Initial point 8. Random seed: 9427
Solving with ultrametric constraint
Optimal point found for initial point 8
Negative llh: 238.19054658032235
Dropout rate: 1.0000000000000006e-10
Silencing rate: 1.0000000000000006e-10
Sigma: 5.12866050352943
Initial point 9. Random seed: 7238
Solving with ultrametric constraint
Optimal point found for initial point 9
Negative llh: 238.26596452043265
Dropout rate: 1.1224438654489793e-07
Silencing rate: 2.9348351624296398e-08
Sigma: 5.155086363293741
Initial point 10. Random seed: 4829
Solving with ultrametric constraint
Optimal point found for initial point 10
Negative llh: 238.19665007004687
Dropout rate: 1.0000086622805213e-10
Silencing rate: 1.0000039508007606e-10
Sigma: 5.137244787693957
Runtime (s): 1003.1297002648935
