Launching Problin version 0.5b
Problin was called as follow: /u/gh2161/Spatial-Division/problin/run_problin.py -c real_location_data/s12c4/k10_r1_character_matrix.csv -t real_location_data/s12c4/true_tree.nwk --delimiter comma -p real_location_data/s12c4/k10_priors.csv -o real_location_data/s12c4/k10_r1_problin.txt --nInitials 10 --ultrametric --randomreps 3 --solver Scipy
Optimization by generic solver (Scipy-SLSQP)
Optimizing branch lengths, phi, and nu without topology search
Initial point 1. Random seed: 9152
Solving with ultrametric constraint
Optimal point found for initial point 1
Negative llh: 101.70988818957709
Dropout rate: 5.643065619049652e-10
Silencing rate: 3.2200452687514485e-10
Lambda: 0.005486492599159992
Initial point 2. Random seed: 9852
Solving with ultrametric constraint
Optimal point found for initial point 2
Negative llh: 101.70986832048068
Dropout rate: 1.1157317089035942e-09
Silencing rate: 7.336177540225182e-10
Lambda: 0.005486190756600524
Initial point 3. Random seed: 3754
Solving with ultrametric constraint
Optimal point found for initial point 3
Negative llh: 101.7098627229082
Dropout rate: 1e-10
Silencing rate: 1e-10
Lambda: 0.005486553249869122
Initial point 4. Random seed: 1468
Solving with ultrametric constraint
Optimal point found for initial point 4
Negative llh: 101.71014990986713
Dropout rate: 2.5172831555858204e-09
Silencing rate: 1.1470863350054593e-09
Lambda: 0.005485741684128394
Initial point 5. Random seed: 1291
Solving with ultrametric constraint
Optimal point found for initial point 5
Negative llh: 101.71005758752561
Dropout rate: 1.0000000000000007e-10
Silencing rate: 1.0000000000000002e-10
Lambda: 0.005485419015428148
Initial point 6. Random seed: 9169
Solving with ultrametric constraint
Optimal point found for initial point 6
Negative llh: 101.7098569562804
Dropout rate: 1.0000000000000007e-10
Silencing rate: 9.999999999999996e-11
Lambda: 0.005486138981861476
Initial point 7. Random seed: 1671
Solving with ultrametric constraint
Optimal point found for initial point 7
Negative llh: 101.70992154973266
Dropout rate: 1.0001652794310876e-10
Silencing rate: 1.0000716808210938e-10
Lambda: 0.005485669803078008
Initial point 8. Random seed: 2492
Solving with ultrametric constraint
Optimal point found for initial point 8
Negative llh: 101.70998725758366
Dropout rate: 1.1438371504043594e-09
Silencing rate: 5.734446588983003e-10
Lambda: 0.005486862216120978
Initial point 9. Random seed: 756
Solving with ultrametric constraint
Optimal point found for initial point 9
Negative llh: 101.71023848451283
Dropout rate: 2.077727278249142e-09
Silencing rate: 1.2070191058066732e-09
Lambda: 0.005483079766210349
Initial point 10. Random seed: 3556
Solving with ultrametric constraint
Optimal point found for initial point 10
Negative llh: 101.71072313690544
Dropout rate: 1.7966115681124566e-09
Silencing rate: 1.0120856507720397e-09
Lambda: 0.005472232644430865
{'phi': 1.0000000000000007e-10, 'nu': 9.999999999999996e-11, 'lambda_param': 0.005486138981861476}
Runtime (s): 179.8004690054804
