Launching Problin version 0.5b
Problin was called as follow: /u/gh2161/Spatial-Division/problin/run_problin.py -c real_location_data/s15c4/k10_r5_character_matrix.csv -t real_location_data/s15c4/true_tree.nwk -S real_location_data/s15c4/leaf_locations.txt --delimiter comma -p real_location_data/s15c4/k10_priors.csv -o real_location_data/s15c4/k10_r5_spalin.txt --nInitials 10 --ultrametric --randomreps 3
Optimization by Spalin: Scipy-SLSQP using spatial information
Optimizing branch lengths, phi, and nu without topology search
Initial point 1. Random seed: 6598
Solving with ultrametric constraint
Optimal point found for initial point 1
Negative llh: 153.49486778952416
Dropout rate: 9.651413790150115e-10
Silencing rate: 3.8625204667106567e-10
Sigma: 2.572544519112779
Lambda: 0.0040969070962608685
Initial point 2. Random seed: 1605
Solving with ultrametric constraint
Optimal point found for initial point 2
Negative llh: 153.49513790578231
Dropout rate: 8.625495247542028e-10
Silencing rate: 2.7149688410463145e-10
Sigma: 2.5719513442459805
Lambda: 0.004098705967358445
Initial point 3. Random seed: 7162
Solving with ultrametric constraint
Optimal point found for initial point 3
Negative llh: 153.49486768136137
Dropout rate: 1.0000000000000002e-10
Silencing rate: 1e-10
Sigma: 2.572488043742349
Lambda: 0.0040971275832426685
Initial point 4. Random seed: 7557
Solving with ultrametric constraint
Optimal point found for initial point 4
Negative llh: 165.36583105080456
Dropout rate: 1.043266064463784e-10
Silencing rate: 1.0083835596444922e-10
Sigma: 2.098734945719268
Lambda: 0.0009767710743954006
Initial point 5. Random seed: 2524
Solving with ultrametric constraint
Optimal point found for initial point 5
Negative llh: 165.36623004751624
Dropout rate: 1.100930913582308e-09
Silencing rate: 3.9692955744546144e-10
Sigma: 2.097882202340871
Lambda: 0.000976753445723028
Initial point 6. Random seed: 6777
Solving with ultrametric constraint
Optimal point found for initial point 6
Negative llh: 165.36664699957655
Dropout rate: 4.4816111322587164e-10
Silencing rate: 1.410716165404819e-10
Sigma: 2.0980309336550826
Lambda: 0.0009767207275695733
Initial point 7. Random seed: 9960
Solving with ultrametric constraint
Optimal point found for initial point 7
Negative llh: 153.4949437279615
Dropout rate: 1e-10
Silencing rate: 1e-10
Sigma: 2.5725148902485477
Lambda: 0.004095343947413996
Initial point 8. Random seed: 5499
Solving with ultrametric constraint
Optimal point found for initial point 8
Negative llh: 165.36631445316624
Dropout rate: 1e-10
Silencing rate: 1e-10
Sigma: 2.098237979307006
Lambda: 0.0009767645554659675
Initial point 9. Random seed: 314
Solving with ultrametric constraint
Optimal point found for initial point 9
Negative llh: 165.3658847648818
Dropout rate: 1.4182780680424763e-10
Silencing rate: 1.1008689446929536e-10
Sigma: 2.097637275775949
Lambda: 0.0009767724256377955
Initial point 10. Random seed: 3941
Solving with ultrametric constraint
Optimal point found for initial point 10
Negative llh: 153.49486746284367
Dropout rate: 1e-10
Silencing rate: 1e-10
Sigma: 2.5723852288858406
Lambda: 0.004097211658558086
{'lambda_param': 0.004097211658558086, 'phi': 1e-10, 'nu': 1e-10, 'sigma': 2.5723852288858406, 'locations': {'216_9': (96.0, 109.0), '216_8': (59.0, 113.0), '216_11': (55.0, 104.0), '216_10': (82.0, 104.0), '216_15': (151.0, 124.0), '216_14': (139.0, 135.0), '216_13': (129.0, 115.0), '216_12': (109.0, 109.0), '216_5': (121.0, 87.0), '216_4': (137.0, 109.0), '216_7': (107.0, 69.0), '216_6': (104.0, 83.0), '216_2': (85.0, 88.0), '216_1': (94.0, 100.0)}}
Runtime (s): 102.79985122568905
