Launching Problin version 0.5b
Problin was called as follow: /u/gh2161/Spatial-Division/problin/run_problin.py -c real_location_data/s15c4/k10_r4_character_matrix.csv -t real_location_data/s15c4/true_tree.nwk -S real_location_data/s15c4/leaf_locations.txt --delimiter comma -p real_location_data/s15c4/k10_priors.csv -o real_location_data/s15c4/k10_r4_spalin-divide-ignore-beta.txt --nInitials 10 --ultrametric --randomreps 3 --divide
Optimization by Spalin-Divide: Scipy-SLSQP using spatial information
Optimizing branch lengths, phi, and nu without topology search
We need to optimize the radius
Initial point 1. Random seed: 1965
Solving with ultrametric constraint
Optimal point found for initial point 1
Negative llh: 161.2438197562438
Dropout rate: 1.0923292374567344e-09
Silencing rate: 1e-10
Sigma: 0.8708306261758645
Lambda: 0.0058552209731481996
Initial point 2. Random seed: 6723
Solving with ultrametric constraint
Optimal point found for initial point 2
Negative llh: 161.2438164324945
Dropout rate: 1e-10
Silencing rate: 1e-10
Sigma: 0.870764459417937
Lambda: 0.005855024298390411
Initial point 3. Random seed: 5081
Solving with ultrametric constraint
Optimal point found for initial point 3
Negative llh: 161.24394099228024
Dropout rate: 5.858832433697574e-10
Silencing rate: 1.1891528565447218e-10
Sigma: 0.8710407778620111
Lambda: 0.005856508814831302
Initial point 4. Random seed: 1606
Solving with ultrametric constraint
Optimal point found for initial point 4
Negative llh: 161.24380592289592
Dropout rate: 1.1278569949834066e-09
Silencing rate: 1e-10
Sigma: 0.8708422542909937
Lambda: 0.005854668957324703
Initial point 5. Random seed: 2600
Solving with ultrametric constraint
Optimal point found for initial point 5
Negative llh: 161.24423637483585
Dropout rate: 1.8305888655510465e-10
Silencing rate: 1.0263565494466052e-10
Sigma: 0.8706294315806126
Lambda: 0.005856776393920801
Initial point 6. Random seed: 101
Solving with ultrametric constraint
Optimal point found for initial point 6
Negative llh: 164.73447335039987
Dropout rate: 1e-10
Silencing rate: 1e-10
Sigma: 0.9252163960298696
Lambda: 0.006004003636038399
Initial point 7. Random seed: 9880
Solving with ultrametric constraint
Optimal point found for initial point 7
Negative llh: 161.24388571274054
Dropout rate: 7.762503406814433e-10
Silencing rate: 4.974574915773818e-10
Sigma: 0.8708369135630775
Lambda: 0.005855179762616853
Initial point 8. Random seed: 8991
Solving with ultrametric constraint
Optimal point found for initial point 8
Negative llh: 161.2438104757702
Dropout rate: 1.0036328955567567e-10
Silencing rate: 1.001913065279376e-10
Sigma: 0.870843846143545
Lambda: 0.0058546890393399685
Initial point 9. Random seed: 2063
Solving with ultrametric constraint
Optimal point found for initial point 9
Negative llh: 161.24380770925382
Dropout rate: 2.649779469095822e-10
Silencing rate: 1.869046700897968e-10
Sigma: 0.8708442024931169
Lambda: 0.005854771904381614
Initial point 10. Random seed: 1201
Solving with ultrametric constraint
Optimal point found for initial point 10
Negative llh: 161.24392108955814
Dropout rate: 1.1704765396987954e-09
Silencing rate: 1.0882484666297956e-10
Sigma: 0.8708739229658411
Lambda: 0.0058567823230402
{'lambda_param': 0.005854668957324703, 'phi': 1.1278569949834066e-09, 'nu': 1e-10, 'sigma': 0.8708422542909937, 'locations': {'216_9': (96.0, 109.0), '216_8': (59.0, 113.0), '216_11': (55.0, 104.0), '216_10': (82.0, 104.0), '216_15': (151.0, 124.0), '216_14': (139.0, 135.0), '216_13': (129.0, 115.0), '216_12': (109.0, 109.0), '216_5': (121.0, 87.0), '216_4': (137.0, 109.0), '216_7': (107.0, 69.0), '216_6': (104.0, 83.0), '216_2': (85.0, 88.0), '216_1': (94.0, 100.0)}, 'radius': 13.391138773290898, 'thetas': {'200_4': 8.065080997348474, '206_4': 0.9420003301117527, '157_2': 3.89458502131661, '204_1': 0.927298762107881, '90_1': -0.2540926390150132, '191_7': 3.433047540027903, '193_9': 8.682812478440667, '142_4': 3.707377812981972, '194_6': 6.283185364263963, '195_5': 3.0339030536117213, '150_3': 3.8360132513243594, '91_3': 0.22533719812690323, '33_1': 4.632296962713769}}
Runtime (s): 412.99634749256074
