Launching Problin version 0.5b
Problin was called as follow: /u/gh2161/Spatial-Division/problin/run_problin.py -c real_location_data/s15c4/k10_r3_character_matrix.csv -t real_location_data/s15c4/true_tree.nwk -S real_location_data/s15c4/leaf_locations.txt --delimiter comma -p real_location_data/s15c4/k10_priors.csv -o real_location_data/s15c4/k10_r3_spalin-divide-beta20.txt --nInitials 10 --ultrametric --randomreps 3 --divide --given_beta 20 --incl_beta_bound
Optimization by Spalin-Divide: Scipy-SLSQP using spatial information
Optimizing branch lengths, phi, and nu without topology search
Initial point 1. Random seed: 3161
Solving with ultrametric constraint
Optimal point found for initial point 1
Negative llh: 162.99987624364167
Dropout rate: 1e-10
Silencing rate: 1e-10
Sigma: 4.062658444059416
Initial point 2. Random seed: 4154
Solving with ultrametric constraint
Optimal point found for initial point 2
Negative llh: 162.99986434699485
Dropout rate: 1.0000000000000002e-10
Silencing rate: 1.0046355059392634e-10
Sigma: 4.062586571999378
Initial point 3. Random seed: 9590
Solving with ultrametric constraint
Optimal point found for initial point 3
Negative llh: 162.99986143049352
Dropout rate: 1e-10
Silencing rate: 1e-10
Sigma: 4.062750374188718
Initial point 4. Random seed: 7010
Solving with ultrametric constraint
Optimal point found for initial point 4
Negative llh: 162.99988604342286
Dropout rate: 6.228954430390164e-10
Silencing rate: 3.425194875685415e-10
Sigma: 4.06277702186406
Initial point 5. Random seed: 2197
Solving with ultrametric constraint
Optimal point found for initial point 5
Negative llh: 162.99986287818058
Dropout rate: 7.066801142861031e-10
Silencing rate: 2.7659920763583887e-10
Sigma: 4.062576257402431
Initial point 6. Random seed: 7488
Solving with ultrametric constraint
Optimal point found for initial point 6
Negative llh: 162.9998614159159
Dropout rate: 1e-10
Silencing rate: 1.0015954791259108e-10
Sigma: 4.062740981981018
Initial point 7. Random seed: 7916
Solving with ultrametric constraint
Optimal point found for initial point 7
Negative llh: 162.99986147777065
Dropout rate: 1e-10
Silencing rate: 3.2969535298936236e-10
Sigma: 4.062744984516341
Initial point 8. Random seed: 1451
Solving with ultrametric constraint
Optimal point found for initial point 8
Negative llh: 162.99987375443726
Dropout rate: 1e-10
Silencing rate: 1e-10
Sigma: 4.063045210950207
Initial point 9. Random seed: 8034
Solving with ultrametric constraint
Optimal point found for initial point 9
Negative llh: 162.99986899371424
Dropout rate: 1e-10
Silencing rate: 1e-10
Sigma: 4.062577840095586
Initial point 10. Random seed: 6729
Solving with ultrametric constraint
Optimal point found for initial point 10
Negative llh: 162.9998620296755
Dropout rate: 3.050501086818406e-10
Silencing rate: 1.1231890442963033e-10
Sigma: 4.062801333136257
Runtime (s): 1915.432618169114
