Launching Problin version 0.5b
Problin was called as follow: /u/gh2161/Spatial-Division/problin/run_problin.py -c real_location_data/s15c4/k10_r2_character_matrix.csv -t real_location_data/s15c4/true_tree.nwk -S real_location_data/s15c4/leaf_locations.txt --delimiter comma -p real_location_data/s15c4/k10_priors.csv -o real_location_data/s15c4/k10_r2_spalin-divide-beta8.txt --nInitials 10 --ultrametric --randomreps 3 --divide --given_beta 8 --incl_beta_bound
Optimization by Spalin-Divide: Scipy-SLSQP using spatial information
Optimizing branch lengths, phi, and nu without topology search
Initial point 1. Random seed: 1449
Solving with ultrametric constraint
Optimal point found for initial point 1
Negative llh: 154.36278359881226
Dropout rate: 1.0000000000000007e-10
Silencing rate: 9.999999999999996e-11
Sigma: 3.658279941539227
Initial point 2. Random seed: 5238
Solving with ultrametric constraint
Optimal point found for initial point 2
Negative llh: 154.36278218411366
Dropout rate: 2.913786654809301e-10
Silencing rate: 1.7821448714612803e-10
Sigma: 3.6582858363195703
Initial point 3. Random seed: 4983
Solving with ultrametric constraint
Optimal point found for initial point 3
Negative llh: 154.36278199225973
Dropout rate: 1.0000000000000002e-10
Silencing rate: 1e-10
Sigma: 3.6582411716401273
Initial point 4. Random seed: 210
Solving with ultrametric constraint
Optimal point found for initial point 4
Negative llh: 154.3627838589573
Dropout rate: 1.0000000000000002e-10
Silencing rate: 9.999999999999996e-11
Sigma: 3.6582875735081175
Initial point 5. Random seed: 5802
Solving with ultrametric constraint
Optimal point found for initial point 5
Negative llh: 154.36278207660536
Dropout rate: 7.32028679018267e-10
Silencing rate: 3.583530703300071e-10
Sigma: 3.6582734569233955
Initial point 6. Random seed: 8041
Solving with ultrametric constraint
Optimal point found for initial point 6
Negative llh: 154.3627831313691
Dropout rate: 9.999999999999996e-11
Silencing rate: 1.0000000000000002e-10
Sigma: 3.658243997308322
Initial point 7. Random seed: 1390
Solving with ultrametric constraint
Optimal point found for initial point 7
Negative llh: 154.36278390863038
Dropout rate: 1.9167557691694675e-09
Silencing rate: 8.419526560011291e-10
Sigma: 3.658239706932131
Initial point 8. Random seed: 3517
Solving with ultrametric constraint
Optimal point found for initial point 8
Negative llh: 154.36278416713046
Dropout rate: 4.695923414682469e-10
Silencing rate: 2.507342276493223e-10
Sigma: 3.6582632876616747
Initial point 9. Random seed: 6108
Solving with ultrametric constraint
Optimal point found for initial point 9
Negative llh: 154.362791942025
Dropout rate: 1e-10
Silencing rate: 4.487314083125006e-10
Sigma: 3.6583879285453182
Initial point 10. Random seed: 3855
Solving with ultrametric constraint
Optimal point found for initial point 10
Negative llh: 154.36278570869024
Dropout rate: 1.0000000000000007e-10
Silencing rate: 1.0000000000000007e-10
Sigma: 3.6582566250425175
Runtime (s): 563.4759820401669
