Launching Problin version 0.5b
Problin was called as follow: /u/gh2161/Spatial-Division/problin/run_problin.py -c real_location_data/s15c4/k10_r5_character_matrix.csv -t real_location_data/s15c4/true_tree.nwk -S real_location_data/s15c4/leaf_locations.txt --delimiter comma -p real_location_data/s15c4/k10_priors.csv -o real_location_data/s15c4/k10_r5_spalin-divide-beta7.txt --nInitials 10 --ultrametric --randomreps 3 --divide --radius 7
Optimization by Spalin-Divide: Scipy-SLSQP using spatial information
Optimizing branch lengths, phi, and nu without topology search
Initial point 1. Random seed: 9705
Solving with ultrametric constraint
Optimal point found for initial point 1
Negative llh: 155.01397086362977
Dropout rate: 8.287772061852068e-10
Silencing rate: 2.410589598660433e-10
Sigma: 1.1257959840719793
Initial point 2. Random seed: 2943
Solving with ultrametric constraint
Optimal point found for initial point 2
Negative llh: 155.01357186945313
Dropout rate: 1e-10
Silencing rate: 1e-10
Sigma: 1.1253031772964388
Initial point 3. Random seed: 8529
Solving with ultrametric constraint
Optimal point found for initial point 3
Negative llh: 155.01357147485538
Dropout rate: 6.904439613795198e-10
Silencing rate: 2.644979211752715e-10
Sigma: 1.1253196640700962
Initial point 4. Random seed: 5428
Solving with ultrametric constraint
Optimal point found for initial point 4
Negative llh: 167.19062565184169
Dropout rate: 9.999999999999996e-11
Silencing rate: 1e-10
Sigma: 1.0726806307758867
Initial point 5. Random seed: 1222
Solving with ultrametric constraint
Optimal point found for initial point 5
Negative llh: 155.01362846637969
Dropout rate: 1.4406353022222024e-10
Silencing rate: 1.0090706220068636e-10
Sigma: 1.125344709645983
Initial point 6. Random seed: 7420
Solving with ultrametric constraint
Optimal point found for initial point 6
Negative llh: 167.18825318674232
Dropout rate: 2.710445345779627e-10
Silencing rate: 1.1660010449273097e-10
Sigma: 1.0721939005109464
Initial point 7. Random seed: 8963
Solving with ultrametric constraint
Optimal point found for initial point 7
Negative llh: 155.01409965850007
Dropout rate: 9.999999999999996e-11
Silencing rate: 1e-10
Sigma: 1.124809640575922
Initial point 8. Random seed: 3180
Solving with ultrametric constraint
Optimal point found for initial point 8
Negative llh: 167.1901469335764
Dropout rate: 9.881839813993734e-10
Silencing rate: 2.1677800424162764e-10
Sigma: 1.0720495929145697
Initial point 9. Random seed: 5235
Solving with ultrametric constraint
Optimal point found for initial point 9
Negative llh: 155.0137413200234
Dropout rate: 1e-10
Silencing rate: 1.0318689300644359e-10
Sigma: 1.1252436351853574
Initial point 10. Random seed: 7098
Solving with ultrametric constraint
Optimal point found for initial point 10
Negative llh: 155.01362791905586
Dropout rate: 1e-10
Silencing rate: 1e-10
Sigma: 1.1254280302368986
Runtime (s): 320.8642043778673
