Launching Problin version 0.5b
Problin was called as follow: /u/gh2161/Spatial-Division/problin/run_problin.py -c real_location_data/s15c4/k10_r2_character_matrix.csv -t real_location_data/s15c4/true_tree.nwk -S real_location_data/s15c4/leaf_locations.txt --delimiter comma -p real_location_data/s15c4/k10_priors.csv -o real_location_data/s15c4/k10_r2_spalin-divide-beta20.txt --nInitials 10 --ultrametric --randomreps 3 --divide --given_beta 20 --incl_beta_bound
Optimization by Spalin-Divide: Scipy-SLSQP using spatial information
Optimizing branch lengths, phi, and nu without topology search
Initial point 1. Random seed: 9675
Solving with ultrametric constraint
Optimal point found for initial point 1
Negative llh: 171.69701218656826
Dropout rate: 5.838976721785799e-10
Silencing rate: 1.8952019751895064e-10
Sigma: 4.326826710366072
Initial point 2. Random seed: 2026
Solving with ultrametric constraint
Optimal point found for initial point 2
Negative llh: 171.6970217943354
Dropout rate: 1e-10
Silencing rate: 1e-10
Sigma: 4.326764459184225
Initial point 3. Random seed: 9815
Solving with ultrametric constraint
Optimal point found for initial point 3
Negative llh: 171.69702623612685
Dropout rate: 1.014909259800632e-10
Silencing rate: 1.0071155257939317e-10
Sigma: 4.3267999870245015
Initial point 4. Random seed: 77
Solving with ultrametric constraint
Optimal point found for initial point 4
Negative llh: 171.6970138982556
Dropout rate: 1.0000000000000007e-10
Silencing rate: 9.999999999999996e-11
Sigma: 4.326842334108592
Initial point 5. Random seed: 8087
Solving with ultrametric constraint
Optimal point found for initial point 5
Negative llh: 171.69701426511125
Dropout rate: 9.999999999999996e-11
Silencing rate: 1.0000000000000002e-10
Sigma: 4.3269165331679185
Initial point 6. Random seed: 4405
Solving with ultrametric constraint
Optimal point found for initial point 6
Negative llh: 171.69703829429199
Dropout rate: 5.124934098704133e-10
Silencing rate: 3.2286197577861644e-10
Sigma: 4.326700301353001
Initial point 7. Random seed: 5823
Solving with ultrametric constraint
Optimal point found for initial point 7
Negative llh: 171.6970309721519
Dropout rate: 3.6318008036212496e-10
Silencing rate: 2.0322022842768813e-10
Sigma: 4.326899843009072
Initial point 8. Random seed: 1404
Solving with ultrametric constraint
Optimal point found for initial point 8
Negative llh: 171.69701467277528
Dropout rate: 1e-10
Silencing rate: 1e-10
Sigma: 4.326833652351215
Initial point 9. Random seed: 9477
Solving with ultrametric constraint
Optimal point found for initial point 9
Negative llh: 171.69701099687614
Dropout rate: 1e-10
Silencing rate: 1e-10
Sigma: 4.326835387675631
Initial point 10. Random seed: 1273
Solving with ultrametric constraint
Optimal point found for initial point 10
Negative llh: 171.6970242366193
Dropout rate: 1.0000000000000007e-10
Silencing rate: 9.999999999999996e-11
Sigma: 4.326821411985162
Runtime (s): 836.6300906669348
