Launching Problin version 0.5b
Problin was called as follow: /u/gh2161/Spatial-Division/problin/run_problin.py -c real_location_data/s15c4/k10_r3_character_matrix.csv -t real_location_data/s15c4/true_tree.nwk -S real_location_data/s15c4/leaf_locations.txt --delimiter comma -p real_location_data/s15c4/k10_priors.csv -o real_location_data/s15c4/k10_r3_spalin-divide-beta6.txt --nInitials 10 --ultrametric --randomreps 3 --divide --given_beta 6 --incl_beta_bound
Optimization by Spalin-Divide: Scipy-SLSQP using spatial information
Optimizing branch lengths, phi, and nu without topology search
Initial point 1. Random seed: 8971
Solving with ultrametric constraint
Optimal point found for initial point 1
Negative llh: 157.3472608527539
Dropout rate: 1e-10
Silencing rate: 1e-10
Sigma: 4.203382976840795
Initial point 2. Random seed: 1918
Solving with ultrametric constraint
Optimal point found for initial point 2
Negative llh: 157.34725453658103
Dropout rate: 1.1496347550691134e-10
Silencing rate: 1.0625152715286573e-10
Sigma: 4.203355381474799
Initial point 3. Random seed: 921
Solving with ultrametric constraint
Optimal point found for initial point 3
Negative llh: 157.34725475697456
Dropout rate: 2.0083101704474345e-10
Silencing rate: 1.6701372580235982e-10
Sigma: 4.203370475433177
Initial point 4. Random seed: 6683
Solving with ultrametric constraint
Optimal point found for initial point 4
Negative llh: 157.3472564969686
Dropout rate: 1.0000000000000002e-10
Silencing rate: 9.999999999999999e-11
Sigma: 4.203322100655234
Initial point 5. Random seed: 2530
Solving with ultrametric constraint
Optimal point found for initial point 5
Negative llh: 157.34725621651978
Dropout rate: 1.0152531559649522e-09
Silencing rate: 6.461778853768906e-10
Sigma: 4.20342805747099
Initial point 6. Random seed: 8379
Solving with ultrametric constraint
Optimal point found for initial point 6
Negative llh: 157.34725458601739
Dropout rate: 2.3070849225897573e-10
Silencing rate: 1.6459709628599502e-10
Sigma: 4.203372804344154
Initial point 7. Random seed: 8096
Solving with ultrametric constraint
Optimal point found for initial point 7
Negative llh: 157.3472551831395
Dropout rate: 4.999732259444803e-10
Silencing rate: 2.6712348264833143e-10
Sigma: 4.203368557031662
Initial point 8. Random seed: 8654
Solving with ultrametric constraint
Optimal point found for initial point 8
Negative llh: 157.3472545661629
Dropout rate: 1.0515146978105161e-10
Silencing rate: 1.0215224317346496e-10
Sigma: 4.203370980412969
Initial point 9. Random seed: 2520
Solving with ultrametric constraint
Optimal point found for initial point 9
Negative llh: 157.34726086881557
Dropout rate: 9.999999999999996e-11
Silencing rate: 1.0000000000000002e-10
Sigma: 4.20335300502445
Initial point 10. Random seed: 2827
Solving with ultrametric constraint
Optimal point found for initial point 10
Negative llh: 157.347254851279
Dropout rate: 1.3763094770048894e-10
Silencing rate: 1.2707874526332246e-10
Sigma: 4.203348107603634
Runtime (s): 617.5460603851825
