Launching Problin version 0.5b
Problin was called as follow: /u/gh2161/Spatial-Division/problin/run_problin.py -c real_location_data/s9c3/k10_r1_character_matrix.csv -t real_location_data/s9c3/true_tree.nwk --delimiter comma -p real_location_data/s9c3/k10_priors.csv -o real_location_data/s9c3/k10_r1_problin.txt --nInitials 10 --ultrametric --randomreps 3 --solver Scipy
Optimization by generic solver (Scipy-SLSQP)
Optimizing branch lengths, phi, and nu without topology search
Initial point 1. Random seed: 8505
Solving with ultrametric constraint
Optimal point found for initial point 1
Negative llh: 148.2327422744037
Dropout rate: 1.0000000000000007e-10
Silencing rate: 1.0000000000000007e-10
Lambda: 0.005522916325192741
Initial point 2. Random seed: 6205
Solving with ultrametric constraint
Optimal point found for initial point 2
Negative llh: 148.23233172501398
Dropout rate: 1.2610642305119775e-09
Silencing rate: 6.572097356625149e-10
Lambda: 0.00552809767556179
Initial point 3. Random seed: 3638
Solving with ultrametric constraint
Optimal point found for initial point 3
Negative llh: 148.23247855561166
Dropout rate: 1.0000000000000007e-10
Silencing rate: 9.999999999999996e-11
Lambda: 0.005526912091254358
Initial point 4. Random seed: 3243
Solving with ultrametric constraint
Optimal point found for initial point 4
Negative llh: 148.2323262363855
Dropout rate: 3.285031862689149e-09
Silencing rate: 1.809390826019046e-09
Lambda: 0.0055257370678765405
Initial point 5. Random seed: 4794
Solving with ultrametric constraint
Optimal point found for initial point 5
Negative llh: 148.23229741024642
Dropout rate: 1e-10
Silencing rate: 1e-10
Lambda: 0.0055275788863206835
Initial point 6. Random seed: 4603
Solving with ultrametric constraint
Optimal point found for initial point 6
Negative llh: 148.2324263651137
Dropout rate: 4.037930146720941e-10
Silencing rate: 2.508102263086273e-10
Lambda: 0.005529275856090109
Initial point 7. Random seed: 4395
Solving with ultrametric constraint
Optimal point found for initial point 7
Negative llh: 148.2323460061847
Dropout rate: 1.0000000000000007e-10
Silencing rate: 1.0000000000000007e-10
Lambda: 0.005525531426455688
Initial point 8. Random seed: 3926
Solving with ultrametric constraint
Optimal point found for initial point 8
Negative llh: 148.2324850193348
Dropout rate: 2.955547263258003e-09
Silencing rate: 1.7383915564598892e-09
Lambda: 0.005527914653484617
Initial point 9. Random seed: 1383
Solving with ultrametric constraint
Optimal point found for initial point 9
Negative llh: 148.23228323494538
Dropout rate: 1e-10
Silencing rate: 1e-10
Lambda: 0.005528458363893219
Initial point 10. Random seed: 8901
Solving with ultrametric constraint
Optimal point found for initial point 10
Negative llh: 148.23232627404334
Dropout rate: 1e-10
Silencing rate: 1e-10
Lambda: 0.005526994463585651
{'phi': 1e-10, 'nu': 1e-10, 'lambda_param': 0.005528458363893219}
Runtime (s): 376.25575270690024
