Launching Problin version 0.5b
Problin was called as follow: /u/gh2161/Spatial-Division/problin/run_problin.py -c real_location_data/s9c3/k10_r3_character_matrix.csv -t real_location_data/s9c3/true_tree.nwk -S real_location_data/s9c3/leaf_locations.txt --delimiter comma -p real_location_data/s9c3/k10_priors.csv -o real_location_data/s9c3/k10_r3_spalin-spatialonly.txt --nInitials 10 --ultrametric --randomreps 3 --spatial_only
Optimization by Spalin: Scipy-SLSQP using spatial information
Optimizing branch lengths, phi, and nu without topology search
only spatial
Initial point 1. Random seed: 758
Solving with ultrametric constraint
Optimal point found for initial point 1
Negative llh: 191.16817183824756
Dropout rate: 0.6247318819173177
Silencing rate: 0.04338947375413425
Sigma: 2.6564473261198747
Lambda: 1.0
Initial point 2. Random seed: 5325
Solving with ultrametric constraint
Optimal point found for initial point 2
Negative llh: 191.16817183824756
Dropout rate: 0.4955239278698657
Silencing rate: 0.6098135026541012
Sigma: 2.6564473261198747
Lambda: 1.0
Initial point 3. Random seed: 292
Solving with ultrametric constraint
Optimal point found for initial point 3
Negative llh: 191.16817183824756
Dropout rate: 0.027550241707908377
Silencing rate: 0.4673557441452495
Sigma: 2.6564473261198747
Lambda: 1.0
Initial point 4. Random seed: 6213
Solving with ultrametric constraint
Optimal point found for initial point 4
Negative llh: 191.16817183824756
Dropout rate: 0.6472196729593992
Silencing rate: 0.7686296912101437
Sigma: 2.6564473261198747
Lambda: 1.0
Initial point 5. Random seed: 8734
Solving with ultrametric constraint
Optimal point found for initial point 5
Negative llh: 191.16817183824756
Dropout rate: 0.18946524741719067
Silencing rate: 0.6875526753892349
Sigma: 2.6564473261198747
Lambda: 1.0
Initial point 6. Random seed: 899
Solving with ultrametric constraint
Optimal point found for initial point 6
Negative llh: 191.16817183824756
Dropout rate: 0.5905696310867086
Silencing rate: 0.6612827283283107
Sigma: 2.6564473261198747
Lambda: 1.0
Initial point 7. Random seed: 3051
Solving with ultrametric constraint
Optimal point found for initial point 7
Negative llh: 191.16817183824756
Dropout rate: 0.05064452847275945
Silencing rate: 0.12954580380189729
Sigma: 2.6564473261198747
Lambda: 1.0
Initial point 8. Random seed: 211
Solving with ultrametric constraint
Optimal point found for initial point 8
Negative llh: 191.16817183824756
Dropout rate: 0.26735283186845177
Silencing rate: 0.2442832295846778
Sigma: 2.6564473261198747
Lambda: 1.0
Initial point 9. Random seed: 7018
Solving with ultrametric constraint
Optimal point found for initial point 9
Negative llh: 191.16817183824756
Dropout rate: 0.29212844261016785
Silencing rate: 0.5137710783949925
Sigma: 2.6564473261198747
Lambda: 1.0
Initial point 10. Random seed: 6360
Solving with ultrametric constraint
Optimal point found for initial point 10
Negative llh: 191.16817183824756
Dropout rate: 0.07360442499307202
Silencing rate: 0.08028223888520142
Sigma: 2.6564473261198747
Lambda: 1.0
{'lambda_param': 1.0, 'phi': 0.6247318819173177, 'nu': 0.04338947375413425, 'sigma': 2.6564473261198747, 'locations': {'216_8': (146.0, 142.0), '216_6': (175.0, 188.0), '216_5': (195.0, 218.0), '216_4': (200.0, 181.0), '216_3': (199.0, 197.0), '216_2': (145.0, 185.0), '216_1': (186.0, 201.0), '216_18': (170.0, 156.0), '216_17': (161.0, 189.0), '216_15': (231.0, 190.0), '216_12': (136.0, 92.0), '216_11': (161.0, 102.0), '216_14': (155.0, 80.0), '216_13': (182.0, 89.0), '216_26': (245.0, 123.0), '216_25': (224.0, 132.0), '216_24': (205.0, 119.0), '216_23': (230.0, 162.0), '216_22': (143.0, 124.0), '216_21': (176.0, 144.0), '216_20': (219.0, 175.0), '216_19': (184.0, 179.0), '216_28': (260.0, 100.0), '216_27': (266.0, 145.0), '216_30': (209.0, 157.0), '216_29': (235.0, 173.0)}}
Runtime (s): 857.2209480665624
