Launching Problin version 0.5b
Problin was called as follow: /u/gh2161/Spatial-Division/problin/run_problin.py -c real_location_data/s9c3/k10_r5_character_matrix.csv -t real_location_data/s9c3/true_tree.nwk -S real_location_data/s9c3/leaf_locations.txt --delimiter comma -p real_location_data/s9c3/k10_priors.csv -o real_location_data/s9c3/k10_r5_spalin-divide-ignore-beta.txt --nInitials 10 --ultrametric --randomreps 3 --divide
Optimization by Spalin-Divide: Scipy-SLSQP using spatial information
Optimizing branch lengths, phi, and nu without topology search
We need to optimize the radius
Initial point 1. Random seed: 1195
Solving with ultrametric constraint
Optimal point found for initial point 1
Negative llh: 317.69875876951795
Dropout rate: 1.0094176574918754e-10
Silencing rate: 1.0042185804183798e-10
Sigma: 1.0785114710377839
Lambda: 0.0056755219832939595
Initial point 2. Random seed: 5120
Solving with ultrametric constraint
Optimal point found for initial point 2
Negative llh: 317.69885220101924
Dropout rate: 4.295515548019047e-10
Silencing rate: 1.514569135091761e-10
Sigma: 1.0783670329588153
Lambda: 0.005674568442165525
Initial point 3. Random seed: 171
Solving with ultrametric constraint
Optimal point found for initial point 3
Negative llh: 317.69879460989716
Dropout rate: 1.0000077779803886e-10
Silencing rate: 1.0000034844980289e-10
Sigma: 1.0783435859727337
Lambda: 0.005675039647769027
Initial point 4. Random seed: 3965
Solving with ultrametric constraint
Optimal point found for initial point 4
Negative llh: 317.6990377261794
Dropout rate: 2.7792850996998496e-09
Silencing rate: 1.3336452987785872e-09
Sigma: 1.0784617671447958
Lambda: 0.0056729050960367695
Initial point 5. Random seed: 2309
Solving with ultrametric constraint
Fatal: failed to optimize using initial point 5
Initial point 6. Random seed: 9579
Solving with ultrametric constraint
Fatal: failed to optimize using initial point 6
Initial point 7. Random seed: 1855
Solving with ultrametric constraint
Optimal point found for initial point 7
Negative llh: 317.69891612245414
Dropout rate: 1e-10
Silencing rate: 1.0187887474378059e-10
Sigma: 1.078395610556385
Lambda: 0.005673821752887183
Initial point 8. Random seed: 1776
Solving with ultrametric constraint
Optimal point found for initial point 8
Negative llh: 317.6989608056318
Dropout rate: 1e-10
Silencing rate: 1e-10
Sigma: 1.0784129505665276
Lambda: 0.005674949054586935
Initial point 9. Random seed: 5541
Solving with ultrametric constraint
Optimal point found for initial point 9
Negative llh: 317.69940550515406
Dropout rate: 4.65852909816758e-09
Silencing rate: 4.826396639295669e-10
Sigma: 1.0780586611471654
Lambda: 0.005671604653167669
Initial point 10. Random seed: 5153
Solving with ultrametric constraint
Optimal point found for initial point 10
Negative llh: 317.69883035827354
Dropout rate: 1e-10
Silencing rate: 1e-10
Sigma: 1.0784521993294442
Lambda: 0.005676136083235052
{'lambda_param': 0.0056755219832939595, 'phi': 1.0094176574918754e-10, 'nu': 1.0042185804183798e-10, 'sigma': 1.0785114710377839, 'locations': {'216_8': (146.0, 142.0), '216_6': (175.0, 188.0), '216_5': (195.0, 218.0), '216_4': (200.0, 181.0), '216_3': (199.0, 197.0), '216_2': (145.0, 185.0), '216_1': (186.0, 201.0), '216_18': (170.0, 156.0), '216_17': (161.0, 189.0), '216_15': (231.0, 190.0), '216_12': (136.0, 92.0), '216_11': (161.0, 102.0), '216_14': (155.0, 80.0), '216_13': (182.0, 89.0), '216_26': (245.0, 123.0), '216_25': (224.0, 132.0), '216_24': (205.0, 119.0), '216_23': (230.0, 162.0), '216_22': (143.0, 124.0), '216_21': (176.0, 144.0), '216_20': (219.0, 175.0), '216_19': (184.0, 179.0), '216_28': (260.0, 100.0), '216_27': (266.0, 145.0), '216_30': (209.0, 157.0), '216_29': (235.0, 173.0)}, 'radius': 17.723501810924606, 'thetas': {'178_10': 3.0278003355636414, '181_12': 0.5448641369500858, '132_5': 7.07949001315414, '179_13': 1.0441633408220528, '189_22': 2.736707660611513, '136_9': 2.487648888902376, '83_3': 2.7039596106841546, '173_14': 0.5516540241450877, '175_14': 1.4382439361878063, '130_7': 2.3395226025465523, '38_2': 3.1305859504351568, '187_13': 1.837044355216652, '135_4': 3.3869771119954417, '208_12': 6.604937097216994, '209_11': 0.3805088002586473, '173_6': 5.727526806663914, '89_2': 1.1701231173974391, '185_1': 0.3720670506625466, '186_3': 1.6332154762152897, '140_1': 3.020171277845298, '187_5': 7.265978992471144, '146_3': 1.002039241729235, '97_1': 7.131893874245537, '40_1': 4.839507198452503, 'virtual': 5.94214723568375}}
Runtime (s): 2875.1412547212094
