Launching Problin version 0.5b
Problin was called as follow: /u/gh2161/Spatial-Division/problin/run_problin.py -c real_location_data/s9c3/k10_r4_character_matrix.csv -t real_location_data/s9c3/true_tree.nwk -S real_location_data/s9c3/leaf_locations.txt --delimiter comma -p real_location_data/s9c3/k10_priors.csv -o real_location_data/s9c3/k10_r4_spalin-divide-beta20.txt --nInitials 10 --ultrametric --randomreps 3 --divide --given_beta 20 --incl_beta_bound
Optimization by Spalin-Divide: Scipy-SLSQP using spatial information
Optimizing branch lengths, phi, and nu without topology search
Initial point 1. Random seed: 399
Solving with ultrametric constraint
Optimal point found for initial point 1
Negative llh: 279.12642258824667
Dropout rate: 1e-10
Silencing rate: 1e-10
Sigma: 3.926477669507747
Initial point 2. Random seed: 5043
Solving with ultrametric constraint
Optimal point found for initial point 2
Negative llh: 279.126415992868
Dropout rate: 1e-10
Silencing rate: 1e-10
Sigma: 3.9269043146848883
Initial point 3. Random seed: 507
Solving with ultrametric constraint
Optimal point found for initial point 3
Negative llh: 279.1264165320295
Dropout rate: 1.1315855668717622e-10
Silencing rate: 1.0512835180535101e-10
Sigma: 3.9269049736787447
Initial point 4. Random seed: 4820
Solving with ultrametric constraint
Optimal point found for initial point 4
Negative llh: 279.1264184652963
Dropout rate: 3.1550596888443007e-10
Silencing rate: 1.8399087767350168e-10
Sigma: 3.9268970016191336
Initial point 5. Random seed: 4179
Solving with ultrametric constraint
Fatal: failed to optimize using initial point 5
Initial point 6. Random seed: 9645
Solving with ultrametric constraint
Optimal point found for initial point 6
Negative llh: 279.12641753687103
Dropout rate: 4.6197498392692106e-10
Silencing rate: 2.4546566969945564e-10
Sigma: 3.9268491913709895
Initial point 7. Random seed: 5982
Solving with ultrametric constraint
Fatal: failed to optimize using initial point 7
Initial point 8. Random seed: 6963
Solving with ultrametric constraint
Optimal point found for initial point 8
Negative llh: 279.1264168026663
Dropout rate: 3.0550814406655374e-10
Silencing rate: 1.8009857193463043e-10
Sigma: 3.926897250479663
Initial point 9. Random seed: 896
Solving with ultrametric constraint
Optimal point found for initial point 9
Negative llh: 279.1264182953613
Dropout rate: 3.704286597188784e-10
Silencing rate: 2.0539068650976328e-10
Sigma: 3.926923945155621
Initial point 10. Random seed: 1084
Solving with ultrametric constraint
Optimal point found for initial point 10
Negative llh: 279.1264162385354
Dropout rate: 1.2053586304534302e-10
Silencing rate: 1.0800193054043459e-10
Sigma: 3.9269035722400667
Runtime (s): 3517.124282455072
