Launching Problin version 0.5b
Problin was called as follow: /u/gh2161/Spatial-Division/problin/run_problin.py -c real_location_data/s9c3/k10_r2_character_matrix.csv -t real_location_data/s9c3/true_tree.nwk -S real_location_data/s9c3/leaf_locations.txt --delimiter comma -p real_location_data/s9c3/k10_priors.csv -o real_location_data/s9c3/k10_r2_spalin-divide-beta3.txt --nInitials 10 --ultrametric --randomreps 3 --divide --radius 3
Optimization by Spalin-Divide: Scipy-SLSQP using spatial information
Optimizing branch lengths, phi, and nu without topology search
Initial point 1. Random seed: 5077
Solving with ultrametric constraint
Optimal point found for initial point 1
Negative llh: 343.93522743994043
Dropout rate: 1e-10
Silencing rate: 1e-10
Sigma: 1.8372011730417768
Initial point 2. Random seed: 3003
Solving with ultrametric constraint
Optimal point found for initial point 2
Negative llh: 343.93530984679836
Dropout rate: 2.3689739432756143e-09
Silencing rate: 1.1859735095469207e-10
Sigma: 1.837720375154748
Initial point 3. Random seed: 5990
Solving with ultrametric constraint
Optimal point found for initial point 3
Negative llh: 343.9507480509371
Dropout rate: 1.0726738716883852e-10
Silencing rate: 1.0296566272140459e-10
Sigma: 1.835654103170561
Initial point 4. Random seed: 8169
Solving with ultrametric constraint
Optimal point found for initial point 4
Negative llh: 343.93549434319306
Dropout rate: 1e-10
Silencing rate: 1e-10
Sigma: 1.836489536896964
Initial point 5. Random seed: 6746
Solving with ultrametric constraint
Optimal point found for initial point 5
Negative llh: 343.93528702231924
Dropout rate: 1.6537259896894375e-09
Silencing rate: 1.018789315088995e-10
Sigma: 1.8372205341778465
Initial point 6. Random seed: 8706
Solving with ultrametric constraint
Optimal point found for initial point 6
Negative llh: 343.93550656896633
Dropout rate: 1e-10
Silencing rate: 1e-10
Sigma: 1.8371760910271095
Initial point 7. Random seed: 3066
Solving with ultrametric constraint
Optimal point found for initial point 7
Negative llh: 343.93516474293995
Dropout rate: 1.0000000000000007e-10
Silencing rate: 1.0000000000000007e-10
Sigma: 1.8371199800983167
Initial point 8. Random seed: 410
Solving with ultrametric constraint
Optimal point found for initial point 8
Negative llh: 343.93520948516766
Dropout rate: 1e-10
Silencing rate: 1e-10
Sigma: 1.83724365079948
Initial point 9. Random seed: 6668
Solving with ultrametric constraint
Optimal point found for initial point 9
Negative llh: 343.9355612484866
Dropout rate: 1.0000000000000007e-10
Silencing rate: 1e-10
Sigma: 1.8371323939136264
Initial point 10. Random seed: 2389
Solving with ultrametric constraint
Optimal point found for initial point 10
Negative llh: 343.9351756666533
Dropout rate: 3.075342083405174e-09
Silencing rate: 1.3321547580887203e-09
Sigma: 1.8371750272292995
Runtime (s): 2489.9433343540877
