Launching Problin version 0.5b
Problin was called as follow: /u/gh2161/Spatial-Division/problin/run_problin.py -c real_location_data/s9c3/k10_r5_character_matrix.csv -t real_location_data/s9c3/true_tree.nwk -S real_location_data/s9c3/leaf_locations.txt --delimiter comma -p real_location_data/s9c3/k10_priors.csv -o real_location_data/s9c3/k10_r5_spalin-divide-beta5_10_range.txt --nInitials 10 --ultrametric --randomreps 3 --divide --given_lower_beta 5 --given_upper_beta 10 --incl_beta_bound
Optimization by Spalin-Divide: Scipy-SLSQP using spatial information
{'sigma': 22, 'nu': 1e-10, 'phi': 1e-10, 'lower_beta': 5.0, 'upper_beta': 10.0, 'incl_beta_bound': True, 'displacement_amounts': {}}
Optimizing branch lengths, phi, and nu without topology search
Initial point 1. Random seed: 8363
Solving with ultrametric constraint
Optimal point found for initial point 1
Negative llh: 363.32026527696235
Dropout rate: 1.0000000000000751e-10
Silencing rate: 1e-10
Sigma: 5.975731505348202
Initial point 2. Random seed: 6617
Solving with ultrametric constraint
Optimal point found for initial point 2
Negative llh: 363.312832117831
Dropout rate: 3.4118324513299746e-09
Silencing rate: 1.5470400525708433e-09
Sigma: 5.975056922177819
Initial point 3. Random seed: 5507
Solving with ultrametric constraint
Optimal point found for initial point 3
Negative llh: 358.0031012493338
Dropout rate: 3.283631005000236e-09
Silencing rate: 4.898365928614033e-10
Sigma: 5.712573473405733
Initial point 4. Random seed: 4171
Solving with ultrametric constraint
Optimal point found for initial point 4
Negative llh: 362.29219895934534
Dropout rate: 9.835447783805513e-09
Silencing rate: 2.1230108176246862e-10
Sigma: 5.951720808708105
Initial point 5. Random seed: 9478
Solving with ultrametric constraint
Optimal point found for initial point 5
Negative llh: 363.32012872787584
Dropout rate: 1.002505918877737e-10
Silencing rate: 1.0011369254456853e-10
Sigma: 5.974447378367657
Initial point 6. Random seed: 2560
Solving with ultrametric constraint
Optimal point found for initial point 6
Negative llh: 363.3811356361556
Dropout rate: 1.3392361208589681e-07
Silencing rate: 2.5370322533668048e-09
Sigma: 5.990079932517108
Initial point 7. Random seed: 2020
Solving with ultrametric constraint
Optimal point found for initial point 7
Negative llh: 360.49368128495973
Dropout rate: 1.0000005335857005e-10
Silencing rate: 1.0000002342249957e-10
Sigma: 5.9185153532533645
Initial point 8. Random seed: 8287
Solving with ultrametric constraint
Optimal point found for initial point 8
Negative llh: 363.3109793320538
Dropout rate: 4.474726187339172e-08
Silencing rate: 1.615515004303744e-08
Sigma: 5.975467221121893
Initial point 9. Random seed: 3715
Solving with ultrametric constraint
Optimal point found for initial point 9
Negative llh: 363.4667810330436
Dropout rate: 9.914435076004694e-08
Silencing rate: 1.942512824094027e-09
Sigma: 6.014364500141779
Initial point 10. Random seed: 6726
Solving with ultrametric constraint
Optimal point found for initial point 10
Negative llh: 363.3160106103319
Dropout rate: 3.0456288316453445e-08
Silencing rate: 8.578127675825736e-10
Sigma: 5.974791687534105
Runtime (s): 2601.6561239287257
