Launching Problin version 0.5b
Problin was called as follow: /u/gh2161/Spatial-Division/problin/run_problin.py -c simulated_seq_simulated_loc/s2c10/k200_character_matrix.csv -t simulated_seq_simulated_loc/s2c10/true_tree.nwk --delimiter comma -p simulated_seq_simulated_loc/s2c10/k200_priors.csv -o simulated_seq_simulated_loc/s2c10/k200_problin.txt --nInitials 10 --ultrametric --solver Scipy
Optimization by generic solver (Scipy-SLSQP)
Optimizing branch lengths, phi, and nu without topology search
Initial point 1. Random seed: 7177
Solving with ultrametric constraint
Optimal point found for initial point 1
Negative llh: 1361.9006098095986
Dropout rate: 1.0010143958206755e-10
Silencing rate: 1.0005305976173987e-10
Initial point 2. Random seed: 6951
Solving with ultrametric constraint
Optimal point found for initial point 2
Negative llh: 1361.8618794993572
Dropout rate: 1e-10
Silencing rate: 1e-10
Initial point 3. Random seed: 3141
Solving with ultrametric constraint
Optimal point found for initial point 3
Negative llh: 1362.4092203432454
Dropout rate: 1.0018166301743646e-10
Silencing rate: 1.000952308482813e-10
Initial point 4. Random seed: 9137
Solving with ultrametric constraint
Optimal point found for initial point 4
Negative llh: 1361.860042620559
Dropout rate: 1e-10
Silencing rate: 1e-10
Initial point 5. Random seed: 246
Solving with ultrametric constraint
Optimal point found for initial point 5
Negative llh: 1361.935694242235
Dropout rate: 1e-10
Silencing rate: 1e-10
Initial point 6. Random seed: 7791
Solving with ultrametric constraint
Optimal point found for initial point 6
Negative llh: 1361.8644842260585
Dropout rate: 1.0035074814569423e-10
Silencing rate: 1.001835339351039e-10
Initial point 7. Random seed: 5603
Solving with ultrametric constraint
Optimal point found for initial point 7
Negative llh: 1361.8726885013075
Dropout rate: 1.003807183020399e-10
Silencing rate: 1.0019917927147618e-10
Initial point 8. Random seed: 3660
Solving with ultrametric constraint
Optimal point found for initial point 8
Negative llh: 1361.8704382431802
Dropout rate: 1.0345254889020593e-10
Silencing rate: 1.018065517793478e-10
Initial point 9. Random seed: 5769
Solving with ultrametric constraint
Optimal point found for initial point 9
Negative llh: 1361.904568569317
Dropout rate: 1.007088524853391e-10
Silencing rate: 1.0037009067455825e-10
Initial point 10. Random seed: 490
Solving with ultrametric constraint
Optimal point found for initial point 10
Negative llh: 1361.868095713289
Dropout rate: 1.0026207462724415e-10
Silencing rate: 1.0013727333225688e-10
Runtime (s): 239.93993574986234
