Launching Problin version 0.5b
Problin was called as follow: /u/gh2161/Spatial-Division/problin/run_problin.py -c real_location_data/s15c4/k10_r1_character_matrix.csv -t real_location_data/s15c4/true_tree.nwk -S real_location_data/s15c4/leaf_locations.txt --delimiter comma -p real_location_data/s15c4/k10_priors.csv -o real_location_data/s15c4/k10_r1_spalin-divide-beta1.txt --nInitials 10 --ultrametric --randomreps 3 --divide --radius 1
Optimization by Spalin-Divide: Scipy-SLSQP using spatial information
Optimizing branch lengths, phi, and nu without topology search
Initial point 1. Random seed: 7217
Solving with ultrametric constraint
Fatal: failed to optimize using initial point 1
Initial point 2. Random seed: 2480
Solving with ultrametric constraint
Optimal point found for initial point 2
Negative llh: 190.60963928576086
Dropout rate: 1e-10
Silencing rate: 1e-10
Sigma: 1.3796397633297792
Initial point 3. Random seed: 681
Solving with ultrametric constraint
Optimal point found for initial point 3
Negative llh: 190.60980667978765
Dropout rate: 5.893380213875972e-10
Silencing rate: 1.0039440219801162e-10
Sigma: 1.379410332639471
Initial point 4. Random seed: 2973
Solving with ultrametric constraint
Optimal point found for initial point 4
Negative llh: 190.60971685520343
Dropout rate: 1.5070891677226744e-09
Silencing rate: 2.8578562582023985e-10
Sigma: 1.3798425018559064
Initial point 5. Random seed: 6107
Solving with ultrametric constraint
Optimal point found for initial point 5
Negative llh: 190.60961413904676
Dropout rate: 3.0040966187001774e-10
Silencing rate: 1.0017746722092392e-10
Sigma: 1.379564678899249
Initial point 6. Random seed: 3933
Solving with ultrametric constraint
Optimal point found for initial point 6
Negative llh: 190.60960686403126
Dropout rate: 9.999999999999996e-11
Silencing rate: 1.0000000000000002e-10
Sigma: 1.379601515744182
Initial point 7. Random seed: 563
Solving with ultrametric constraint
Optimal point found for initial point 7
Negative llh: 190.60975589143368
Dropout rate: 2.9324555079064676e-10
Silencing rate: 2.1366599015305682e-10
Sigma: 1.3793740762122668
Initial point 8. Random seed: 3110
Solving with ultrametric constraint
Optimal point found for initial point 8
Negative llh: 190.6096072576172
Dropout rate: 1.2803213305037976e-09
Silencing rate: 9.40788940076317e-10
Sigma: 1.3796118254137915
Initial point 9. Random seed: 439
Solving with ultrametric constraint
Optimal point found for initial point 9
Negative llh: 190.60960698550335
Dropout rate: 6.498619927506679e-10
Silencing rate: 3.69393010863716e-10
Sigma: 1.3795789425216947
Initial point 10. Random seed: 4650
Solving with ultrametric constraint
Optimal point found for initial point 10
Negative llh: 190.6096076990379
Dropout rate: 7.971577654708019e-10
Silencing rate: 8.24560736830183e-09
Sigma: 1.3795881491926414
Runtime (s): 864.3295338288881
