Launching Problin version 0.5b
Problin was called as follow: /u/gh2161/Spatial-Division/problin/run_problin.py -c simulated_seq_simulated_loc/s16c6/k10_character_matrix.csv -t simulated_seq_simulated_loc/s16c6/true_tree.nwk --delimiter comma -p simulated_seq_simulated_loc/s16c6/k10_priors.csv -o simulated_seq_simulated_loc/s16c6/k10_problin.txt --nInitials 10 --ultrametric --solver Scipy
Optimization by generic solver (Scipy-SLSQP)
Optimizing branch lengths, phi, and nu without topology search
Initial point 1. Random seed: 2771
Solving with ultrametric constraint
Optimal point found for initial point 1
Negative llh: 92.03331826133464
Dropout rate: 2.1104411371702757e-10
Silencing rate: 1.5336213010991385e-10
Initial point 2. Random seed: 1012
Solving with ultrametric constraint
Optimal point found for initial point 2
Negative llh: 92.032574319715
Dropout rate: 1e-10
Silencing rate: 1e-10
Initial point 3. Random seed: 4025
Solving with ultrametric constraint
Optimal point found for initial point 3
Negative llh: 92.03292327820063
Dropout rate: 1e-10
Silencing rate: 1e-10
Initial point 4. Random seed: 2043
Solving with ultrametric constraint
Optimal point found for initial point 4
Negative llh: 92.0327225213948
Dropout rate: 9.999999999999996e-11
Silencing rate: 1.0000000000000002e-10
Initial point 5. Random seed: 4451
Solving with ultrametric constraint
Optimal point found for initial point 5
Negative llh: 92.03253387468015
Dropout rate: 1e-10
Silencing rate: 1e-10
Initial point 6. Random seed: 3548
Solving with ultrametric constraint
Optimal point found for initial point 6
Negative llh: 92.03308143338592
Dropout rate: 1e-10
Silencing rate: 1e-10
Initial point 7. Random seed: 6179
Solving with ultrametric constraint
Optimal point found for initial point 7
Negative llh: 92.03254968053118
Dropout rate: 6.630051738508744e-10
Silencing rate: 4.878144798783736e-10
Initial point 8. Random seed: 2831
Solving with ultrametric constraint
Optimal point found for initial point 8
Negative llh: 92.03247203020773
Dropout rate: 5.028095500122437e-10
Silencing rate: 4.282491984077788e-10
Initial point 9. Random seed: 8446
Solving with ultrametric constraint
Optimal point found for initial point 9
Negative llh: 92.03264502469486
Dropout rate: 3.62405604922076e-10
Silencing rate: 2.5269304743181577e-10
Initial point 10. Random seed: 7240
Solving with ultrametric constraint
Optimal point found for initial point 10
Negative llh: 92.0337198622235
Dropout rate: 1e-10
Silencing rate: 1e-10
Runtime (s): 199.79377275286242
