Launching Problin version 0.5b
Problin was called as follow: /u/gh2161/Spatial-Division/problin/run_problin.py -c simulated_seq_simulated_loc/s16c6/k50_character_matrix.csv -t simulated_seq_simulated_loc/s16c6/true_tree.nwk --delimiter comma -p simulated_seq_simulated_loc/s16c6/k50_priors.csv -o simulated_seq_simulated_loc/s16c6/k50_problin.txt --nInitials 10 --ultrametric --randomreps 3
Optimization by EM algorithm
Optimizing branch lengths, phi, and nu without topology search
Initial point 1. Random seed: 9382
Solving with ultrametric constraint
Initial phi: 0.9122183951276432. Initial nu: 0.024949713581839263. Initial nllh: 24835.78852620376
EM finished after 9 iterations.
Optimal point found for initial point 1
Negative llh: 423.261002243292
Dropout rate: 0
Silencing rate: 1.8718596729536384e-07
Initial point 2. Random seed: 1337
Solving with ultrametric constraint
Initial phi: 0.40339530246615884. Initial nu: 0.04344159954425243. Initial nllh: 957.3291382604378
EM finished after 6 iterations.
Optimal point found for initial point 2
Negative llh: 423.26100068621713
Dropout rate: 0
Silencing rate: 1.859161219246768e-07
Initial point 3. Random seed: 4048
Solving with ultrametric constraint
Initial phi: 0.6783508039694345. Initial nu: 0.9706081578342453. Initial nllh: 1950.0618351066437
EM finished after 9 iterations.
Optimal point found for initial point 3
Negative llh: 423.2610029889771
Dropout rate: 0
Silencing rate: 1.8924474245756862e-07
Initial point 4. Random seed: 7504
Solving with ultrametric constraint
Initial phi: 0.49055216894572967. Initial nu: 0.9889593114860978. Initial nllh: 1497.6210295415492
EM finished after 9 iterations.
Optimal point found for initial point 4
Negative llh: 423.2610017010287
Dropout rate: 0
Silencing rate: 1.8596388437255875e-07
Initial point 5. Random seed: 1268
Solving with ultrametric constraint
Initial phi: 0.45657377063524124. Initial nu: 0.8735481399691759. Initial nllh: 1386.382099905998
EM finished after 9 iterations.
Optimal point found for initial point 5
Negative llh: 423.26100241781916
Dropout rate: 0
Silencing rate: 1.881944102945147e-07
Initial point 6. Random seed: 5690
Solving with ultrametric constraint
Initial phi: 0.20864935747021163. Initial nu: 0.2496380113217001. Initial nllh: 758.2279138000705
EM finished after 8 iterations.
Optimal point found for initial point 6
Negative llh: 423.2610015431834
Dropout rate: 0
Silencing rate: 1.873482051490253e-07
Initial point 7. Random seed: 7439
Solving with ultrametric constraint
Initial phi: 0.27924461506603776. Initial nu: 0.20103549226876677. Initial nllh: 832.014420897453
EM finished after 8 iterations.
Optimal point found for initial point 7
Negative llh: 423.2610010915722
Dropout rate: 0
Silencing rate: 1.8694078131408528e-07
Initial point 8. Random seed: 4000
Solving with ultrametric constraint
Initial phi: 0.6936590520175993. Initial nu: 0.8231737305661148. Initial nllh: 1939.2063322386973
EM finished after 9 iterations.
Optimal point found for initial point 8
Negative llh: 423.26100166005824
Dropout rate: 0
Silencing rate: 1.8653656882135733e-07
Initial point 9. Random seed: 6885
Solving with ultrametric constraint
Initial phi: 0.4787549120241459. Initial nu: 0.6408475580791736. Initial nllh: 1333.952749046126
EM finished after 9 iterations.
Optimal point found for initial point 9
Negative llh: 423.2610004239574
Dropout rate: 0
Silencing rate: 1.842705205817487e-07
Initial point 10. Random seed: 3971
Solving with ultrametric constraint
Initial phi: 0.2795947755893468. Initial nu: 0.10458719894671015. Initial nllh: 793.4971209498362
EM finished after 7 iterations.
Optimal point found for initial point 10
Negative llh: 423.2610010823564
Dropout rate: 0
Silencing rate: 1.8666788456365608e-07
Runtime (s): 9.73184924107045
