Launching Problin version 0.5b
Problin was called as follow: /u/gh2161/Spatial-Division/problin/run_problin.py -c intmem_real_data/s9c3/characters.txt -t intmem_real_data/s9c3/true_tree.nwk -S intmem_real_data/s9c3/leaf_locations.txt --delimiter comma -p intmem_real_data/s9c3/prior.csv -o intmem_real_data/s9c3/spalin_spatialonly.txt --nInitials 10 --ultrametric --spatial_only
Optimization by Spalin: Scipy-SLSQP using spatial information
Optimizing branch lengths, phi, and nu without topology search
only spatial
Initial point 1. Random seed: 406
Solving with ultrametric constraint
Optimal point found for initial point 1
Negative llh: 191.16815901750894
Dropout rate: 0.5777214228148622
Silencing rate: 0.07260386097371768
Sigma: 2.6563792118311302
Lambda: 1.0
Initial point 2. Random seed: 5470
Solving with ultrametric constraint
Optimal point found for initial point 2
Negative llh: 191.16815901750894
Dropout rate: 0.14185580370796283
Silencing rate: 0.10468384602886072
Sigma: 2.6563792118311302
Lambda: 1.0
Initial point 3. Random seed: 3541
Solving with ultrametric constraint
Optimal point found for initial point 3
Negative llh: 191.16815901750894
Dropout rate: 0.08852710002145654
Silencing rate: 0.43227618254880085
Sigma: 2.6563792118311302
Lambda: 1.0
Initial point 4. Random seed: 236
Solving with ultrametric constraint
Optimal point found for initial point 4
Negative llh: 191.16815901750894
Dropout rate: 0.3401331732669206
Silencing rate: 0.9032525849596791
Sigma: 2.6563792118311302
Lambda: 1.0
Initial point 5. Random seed: 2715
Solving with ultrametric constraint
Optimal point found for initial point 5
Negative llh: 191.16815901750894
Dropout rate: 0.6325082387055339
Silencing rate: 0.8331156080859208
Sigma: 2.6563792118311302
Lambda: 1.0
Initial point 6. Random seed: 8926
Solving with ultrametric constraint
Optimal point found for initial point 6
Negative llh: 191.16815901750894
Dropout rate: 0.48083724525131555
Silencing rate: 0.5592608797497695
Sigma: 2.6563792118311302
Lambda: 1.0
Initial point 7. Random seed: 2809
Solving with ultrametric constraint
Optimal point found for initial point 7
Negative llh: 191.16815901750894
Dropout rate: 0.40047601764890634
Silencing rate: 0.3510306604255847
Sigma: 2.6563792118311302
Lambda: 1.0
Initial point 8. Random seed: 8300
Solving with ultrametric constraint
Optimal point found for initial point 8
Negative llh: 191.16815901750894
Dropout rate: 0.8463833355164513
Silencing rate: 0.2499520781610695
Sigma: 2.6563792118311302
Lambda: 1.0
Initial point 9. Random seed: 3962
Solving with ultrametric constraint
Optimal point found for initial point 9
Negative llh: 191.16815901750894
Dropout rate: 0.807724779571695
Silencing rate: 0.3953996230614439
Sigma: 2.6563792118311302
Lambda: 1.0
Initial point 10. Random seed: 1032
Solving with ultrametric constraint
Optimal point found for initial point 10
Negative llh: 191.16815901750894
Dropout rate: 0.4349274162099633
Silencing rate: 0.35667504824181967
Sigma: 2.6563792118311302
Lambda: 1.0
{'lambda_param': 1.0, 'phi': 0.5777214228148622, 'nu': 0.07260386097371768, 'sigma': 2.6563792118311302, 'locations': {'216_8': (146.0, 142.0), '216_6': (175.0, 188.0), '216_5': (195.0, 218.0), '216_4': (200.0, 181.0), '216_3': (199.0, 197.0), '216_2': (145.0, 185.0), '216_1': (186.0, 201.0), '216_18': (170.0, 156.0), '216_17': (161.0, 189.0), '216_15': (231.0, 190.0), '216_12': (136.0, 92.0), '216_11': (161.0, 102.0), '216_14': (155.0, 80.0), '216_13': (182.0, 89.0), '216_26': (245.0, 123.0), '216_25': (224.0, 132.0), '216_24': (205.0, 119.0), '216_23': (230.0, 162.0), '216_22': (143.0, 124.0), '216_21': (176.0, 144.0), '216_20': (219.0, 175.0), '216_19': (184.0, 179.0), '216_28': (260.0, 100.0), '216_27': (266.0, 145.0), '216_30': (209.0, 157.0), '216_29': (235.0, 173.0)}}
Runtime (s): 490.64605772693176
