Launching Problin version 0.5b
Problin was called as follow: /u/gh2161/Spatial-Division/problin/run_problin.py -c intmem_real_data/s9c3/characters.txt -t intmem_real_data/s9c3/true_tree.nwk -S intmem_real_data/s9c3/leaf_locations.txt --delimiter comma -p intmem_real_data/s9c3/prior.csv -o intmem_real_data/s9c3/spalin.txt --nInitials 10 --ultrametric --randomreps 3
Optimization by Spalin: Scipy-SLSQP using spatial information
Optimizing branch lengths, phi, and nu without topology search
Initial point 1. Random seed: 1898
Solving with ultrametric constraint
Optimal point found for initial point 1
Negative llh: 331.4467074198506
Dropout rate: 3.6824609808368706e-10
Silencing rate: 2.7257765688016447e-10
Sigma: 3.1443329378118077
Lambda: 0.007427901261514752
Initial point 2. Random seed: 5547
Solving with ultrametric constraint
Optimal point found for initial point 2
Negative llh: 331.44756763893713
Dropout rate: 7.502744876990179e-09
Silencing rate: 5.1010623251703985e-09
Sigma: 3.1442490169215036
Lambda: 0.007429466128815202
Initial point 3. Random seed: 4347
Solving with ultrametric constraint
Optimal point found for initial point 3
Negative llh: 331.44645064267314
Dropout rate: 9.999999999999996e-11
Silencing rate: 1.0000000000000002e-10
Sigma: 3.143759612927805
Lambda: 0.007429087878880932
Initial point 4. Random seed: 5924
Solving with ultrametric constraint
Optimal point found for initial point 4
Negative llh: 331.44647835480794
Dropout rate: 1.000000626862305e-10
Silencing rate: 1.0000004035281611e-10
Sigma: 3.143869183286132
Lambda: 0.007428415109203904
Initial point 5. Random seed: 4929
Solving with ultrametric constraint
Optimal point found for initial point 5
Negative llh: 331.44739862313656
Dropout rate: 9.999999999999999e-11
Silencing rate: 1e-10
Sigma: 3.1431607752397044
Lambda: 0.007434543785272165
Initial point 6. Random seed: 1140
Solving with ultrametric constraint
Fatal: failed to optimize using initial point 6
Initial point 7. Random seed: 379
Solving with ultrametric constraint
Optimal point found for initial point 7
Negative llh: 331.44681504847784
Dropout rate: 1.0000000000000007e-10
Silencing rate: 1.0000000000000007e-10
Sigma: 3.1408153544341504
Lambda: 0.007421070634015336
Initial point 8. Random seed: 8136
Solving with ultrametric constraint
Optimal point found for initial point 8
Negative llh: 331.44767725686637
Dropout rate: 6.308327947004263e-09
Silencing rate: 3.878012839049024e-09
Sigma: 3.1443805939851486
Lambda: 0.007427820222357793
Initial point 9. Random seed: 1323
Solving with ultrametric constraint
Optimal point found for initial point 9
Negative llh: 331.44650008882263
Dropout rate: 2.580719767367891e-09
Silencing rate: 1.6964035561887494e-09
Sigma: 3.1460468932653174
Lambda: 0.007433485362200013
Initial point 10. Random seed: 3944
Solving with ultrametric constraint
Optimal point found for initial point 10
Negative llh: 331.44690353129226
Dropout rate: 1.0000471467224168e-10
Silencing rate: 1.0000303455721884e-10
Sigma: 3.1454007225921248
Lambda: 0.007427028564909924
{'lambda_param': 0.007429087878880932, 'phi': 9.999999999999996e-11, 'nu': 1.0000000000000002e-10, 'sigma': 3.143759612927805, 'locations': {'216_8': (146.0, 142.0), '216_6': (175.0, 188.0), '216_5': (195.0, 218.0), '216_4': (200.0, 181.0), '216_3': (199.0, 197.0), '216_2': (145.0, 185.0), '216_1': (186.0, 201.0), '216_18': (170.0, 156.0), '216_17': (161.0, 189.0), '216_15': (231.0, 190.0), '216_12': (136.0, 92.0), '216_11': (161.0, 102.0), '216_14': (155.0, 80.0), '216_13': (182.0, 89.0), '216_26': (245.0, 123.0), '216_25': (224.0, 132.0), '216_24': (205.0, 119.0), '216_23': (230.0, 162.0), '216_22': (143.0, 124.0), '216_21': (176.0, 144.0), '216_20': (219.0, 175.0), '216_19': (184.0, 179.0), '216_28': (260.0, 100.0), '216_27': (266.0, 145.0), '216_30': (209.0, 157.0), '216_29': (235.0, 173.0)}}
Runtime (s): 1338.3643672969192
