Launching Problin version 0.5b
Problin was called as follow: /u/gh2161/Spatial-Division/problin/run_problin.py -c real_location_data/s15c6/k10_r2_character_matrix.csv -t real_location_data/s15c6/true_tree.nwk -S real_location_data/s15c6/leaf_locations.txt --delimiter comma -p real_location_data/s15c6/k10_priors.csv -o real_location_data/s15c6/k10_r2_spalin-divide-beta10.txt --nInitials 10 --ultrametric --randomreps 3 --divide --radius 10
Optimization by Spalin-Divide: Scipy-SLSQP using spatial information
Optimizing branch lengths, phi, and nu without topology search
Initial point 1. Random seed: 4813
Solving with ultrametric constraint
Optimal point found for initial point 1
Negative llh: 151.87902692928947
Dropout rate: 1e-10
Silencing rate: 1e-10
Sigma: 1.204336415360477
Initial point 2. Random seed: 3965
Solving with ultrametric constraint
Optimal point found for initial point 2
Negative llh: 127.91227564191215
Dropout rate: 1e-10
Silencing rate: 1e-10
Sigma: 1.2003018710185918
Initial point 3. Random seed: 6799
Solving with ultrametric constraint
Optimal point found for initial point 3
Negative llh: 127.91227578697224
Dropout rate: 1e-10
Silencing rate: 1e-10
Sigma: 1.2003206410047824
Initial point 4. Random seed: 6403
Solving with ultrametric constraint
Optimal point found for initial point 4
Negative llh: 127.91227593012545
Dropout rate: 1.0000000000000007e-10
Silencing rate: 9.999999999999996e-11
Sigma: 1.2003344459315284
Initial point 5. Random seed: 2275
Solving with ultrametric constraint
Optimal point found for initial point 5
Negative llh: 151.8782982619211
Dropout rate: 3.1434794819654327e-10
Silencing rate: 1.4152487868719046e-10
Sigma: 1.2043306715049615
Initial point 6. Random seed: 5967
Solving with ultrametric constraint
Optimal point found for initial point 6
Negative llh: 127.91227601436518
Dropout rate: 2.1015451646777807e-10
Silencing rate: 1.0142654184079557e-10
Sigma: 1.2003140873117983
Initial point 7. Random seed: 7354
Solving with ultrametric constraint
Optimal point found for initial point 7
Negative llh: 127.91227624345089
Dropout rate: 3.7906130461680833e-10
Silencing rate: 2.348920152392993e-10
Sigma: 1.2002828070237692
Initial point 8. Random seed: 9149
Solving with ultrametric constraint
Optimal point found for initial point 8
Negative llh: 127.91227574847747
Dropout rate: 2.830306143762095e-10
Silencing rate: 1.0126208623957134e-10
Sigma: 1.2002958646451356
Initial point 9. Random seed: 2926
Solving with ultrametric constraint
Optimal point found for initial point 9
Negative llh: 151.88096937730649
Dropout rate: 4.868831224172803e-10
Silencing rate: 2.406486593434077e-10
Sigma: 1.2043836632782512
Initial point 10. Random seed: 4491
Solving with ultrametric constraint
Optimal point found for initial point 10
Negative llh: 151.87892040033404
Dropout rate: 2.785934731352026e-10
Silencing rate: 1.5715657416062486e-10
Sigma: 1.2044318509900258
Runtime (s): 280.4734856057912
