Launching Problin version 0.5b
Problin was called as follow: /u/gh2161/Spatial-Division/problin/run_problin.py -c real_location_data/s3c1/k10_r2_character_matrix.csv -t real_location_data/s3c1/true_tree.nwk -S real_location_data/s3c1/leaf_locations.txt --delimiter comma -p real_location_data/s3c1/k10_priors.csv -o real_location_data/s3c1/k10_r2_spalin-divide-beta1.txt --nInitials 10 --ultrametric --randomreps 3 --divide --radius 1
Optimization by Spalin-Divide: Scipy-SLSQP using spatial information
Optimizing branch lengths, phi, and nu without topology search
Initial point 1. Random seed: 9783
Solving with ultrametric constraint
Optimal point found for initial point 1
Negative llh: 145.83382213619637
Dropout rate: 1.9588556650946542e-10
Silencing rate: 1.22434325116313e-09
Sigma: 1.4793747057812048
Initial point 2. Random seed: 6258
Solving with ultrametric constraint
Optimal point found for initial point 2
Negative llh: 145.83383595842002
Dropout rate: 1e-10
Silencing rate: 1e-10
Sigma: 1.479424222566845
Initial point 3. Random seed: 3191
Solving with ultrametric constraint
Optimal point found for initial point 3
Negative llh: 145.833822104241
Dropout rate: 3.9007751751830645e-10
Silencing rate: 2.4032891775503376e-10
Sigma: 1.4793714889703578
Initial point 4. Random seed: 5095
Solving with ultrametric constraint
Optimal point found for initial point 4
Negative llh: 145.8344085702999
Dropout rate: 1.4636490216511396e-10
Silencing rate: 1.0032679334243347e-10
Sigma: 1.478331174303924
Initial point 5. Random seed: 3011
Solving with ultrametric constraint
Optimal point found for initial point 5
Negative llh: 145.83435707521352
Dropout rate: 2.1129661539112258e-10
Silencing rate: 1.0089445954214813e-10
Sigma: 1.4809890255881168
Initial point 6. Random seed: 2156
Solving with ultrametric constraint
Optimal point found for initial point 6
Negative llh: 145.834058929146
Dropout rate: 1.55408573547378e-10
Silencing rate: 1.000149336365082e-10
Sigma: 1.4796248893505664
Initial point 7. Random seed: 4653
Solving with ultrametric constraint
Optimal point found for initial point 7
Negative llh: 145.83382215831926
Dropout rate: 1e-10
Silencing rate: 1e-10
Sigma: 1.4793223780066918
Initial point 8. Random seed: 1709
Solving with ultrametric constraint
Optimal point found for initial point 8
Negative llh: 145.83382653683668
Dropout rate: 5.271689855074739e-10
Silencing rate: 1.5507583645155032e-10
Sigma: 1.479350651576216
Initial point 9. Random seed: 6234
Solving with ultrametric constraint
Optimal point found for initial point 9
Negative llh: 145.83383346425722
Dropout rate: 2.6045244533467097e-10
Silencing rate: 1e-10
Sigma: 1.4795176414086502
Initial point 10. Random seed: 7081
Solving with ultrametric constraint
Optimal point found for initial point 10
Negative llh: 145.83382638282677
Dropout rate: 1e-10
Silencing rate: 1e-10
Sigma: 1.47935323687556
Runtime (s): 295.8929728670046
