Launching Problin version 0.5b
Problin was called as follow: /u/gh2161/Spatial-Division/problin/run_problin.py -c real_location_data/s3c1/k10_r4_character_matrix.csv -t real_location_data/s3c1/true_tree.nwk -S real_location_data/s3c1/leaf_locations.txt --delimiter comma -p real_location_data/s3c1/k10_priors.csv -o real_location_data/s3c1/k10_r4_spalin-divide-beta1.txt --nInitials 10 --ultrametric --randomreps 3 --divide --radius 1
Optimization by Spalin-Divide: Scipy-SLSQP using spatial information
Optimizing branch lengths, phi, and nu without topology search
Initial point 1. Random seed: 5612
Solving with ultrametric constraint
Optimal point found for initial point 1
Negative llh: 170.53746760958222
Dropout rate: 4.408639994129064e-10
Silencing rate: 3.2385892706570835e-10
Sigma: 1.3553303394173641
Initial point 2. Random seed: 9334
Solving with ultrametric constraint
Optimal point found for initial point 2
Negative llh: 149.1406731031797
Dropout rate: 1.0000000000000007e-10
Silencing rate: 1.0000000000000007e-10
Sigma: 1.4115368315600714
Initial point 3. Random seed: 7191
Solving with ultrametric constraint
Optimal point found for initial point 3
Negative llh: 170.53607883153467
Dropout rate: 1e-10
Silencing rate: 1e-10
Sigma: 1.3559306591871518
Initial point 4. Random seed: 681
Solving with ultrametric constraint
Optimal point found for initial point 4
Negative llh: 149.14097276163918
Dropout rate: 1e-10
Silencing rate: 1e-10
Sigma: 1.4123847511010712
Initial point 5. Random seed: 1023
Solving with ultrametric constraint
Optimal point found for initial point 5
Negative llh: 149.14067321450543
Dropout rate: 2.1048357378203464e-10
Silencing rate: 1.5900776469420885e-10
Sigma: 1.4115531658073364
Initial point 6. Random seed: 4502
Solving with ultrametric constraint
Optimal point found for initial point 6
Negative llh: 149.14088256087507
Dropout rate: 1e-10
Silencing rate: 1e-10
Sigma: 1.4119574068552925
Initial point 7. Random seed: 2934
Solving with ultrametric constraint
Optimal point found for initial point 7
Negative llh: 149.14067353928712
Dropout rate: 4.067444934312582e-10
Silencing rate: 1.0165040631082912e-10
Sigma: 1.4115561080445402
Initial point 8. Random seed: 63
Solving with ultrametric constraint
Optimal point found for initial point 8
Negative llh: 170.53632919672498
Dropout rate: 1.0568187035729257e-09
Silencing rate: 7.477387392082892e-10
Sigma: 1.3553863633567367
Initial point 9. Random seed: 8496
Solving with ultrametric constraint
Optimal point found for initial point 9
Negative llh: 149.14094357790307
Dropout rate: 3.867120918893992e-10
Silencing rate: 1.0012376862448338e-10
Sigma: 1.411809419448637
Initial point 10. Random seed: 6845
Solving with ultrametric constraint
Optimal point found for initial point 10
Negative llh: 149.14067339328807
Dropout rate: 4.463923840013301e-10
Silencing rate: 5.239818596177679e-10
Sigma: 1.411520945116888
Runtime (s): 208.5568292569369
