Launching Problin version 0.5b
Problin was called as follow: /u/gh2161/Spatial-Division/problin/run_problin.py -c real_location_data/s3c1/k10_r1_character_matrix.csv -t real_location_data/s3c1/true_tree.nwk -S real_location_data/s3c1/leaf_locations.txt --delimiter comma -p real_location_data/s3c1/k10_priors.csv -o real_location_data/s3c1/k10_r1_spalin-divide-beta10.txt --nInitials 10 --ultrametric --randomreps 3 --divide --radius 10
Optimization by Spalin-Divide: Scipy-SLSQP using spatial information
Optimizing branch lengths, phi, and nu without topology search
Initial point 1. Random seed: 6301
Solving with ultrametric constraint
Optimal point found for initial point 1
Negative llh: 152.35501690799953
Dropout rate: 1e-10
Silencing rate: 1e-10
Sigma: 1.0873216079830044
Initial point 2. Random seed: 3270
Solving with ultrametric constraint
Optimal point found for initial point 2
Negative llh: 131.92091638852625
Dropout rate: 1.0000000000000002e-10
Silencing rate: 1e-10
Sigma: 1.1295199802955738
Initial point 3. Random seed: 3711
Solving with ultrametric constraint
Optimal point found for initial point 3
Negative llh: 131.9209147857112
Dropout rate: 1.0000000000000002e-10
Silencing rate: 1e-10
Sigma: 1.1295213736520988
Initial point 4. Random seed: 9282
Solving with ultrametric constraint
Optimal point found for initial point 4
Negative llh: 131.92173918558706
Dropout rate: 2.6378070566610263e-10
Silencing rate: 1.0042948897031315e-10
Sigma: 1.1298372017252412
Initial point 5. Random seed: 7439
Solving with ultrametric constraint
Optimal point found for initial point 5
Negative llh: 131.92105803295192
Dropout rate: 4.79593519992252e-10
Silencing rate: 1.004405423028431e-10
Sigma: 1.1284901292524374
Initial point 6. Random seed: 1236
Solving with ultrametric constraint
Optimal point found for initial point 6
Negative llh: 131.9209148649356
Dropout rate: 3.0346490050752226e-10
Silencing rate: 2.1185713530641038e-10
Sigma: 1.1294877542186157
Initial point 7. Random seed: 2676
Solving with ultrametric constraint
Optimal point found for initial point 7
Negative llh: 131.922273091583
Dropout rate: 1.0000000000000002e-10
Silencing rate: 1e-10
Sigma: 1.129990065141301
Initial point 8. Random seed: 2466
Solving with ultrametric constraint
Optimal point found for initial point 8
Negative llh: 131.92188684662128
Dropout rate: 1e-10
Silencing rate: 1e-10
Sigma: 1.130158655187443
Initial point 9. Random seed: 8835
Solving with ultrametric constraint
Optimal point found for initial point 9
Negative llh: 131.9219894681678
Dropout rate: 1e-10
Silencing rate: 1e-10
Sigma: 1.1293586752367255
Initial point 10. Random seed: 5372
Solving with ultrametric constraint
Optimal point found for initial point 10
Negative llh: 131.92091492898646
Dropout rate: 2.9133036297051913e-10
Silencing rate: 2.2535768400152084e-10
Sigma: 1.1294607273084563
Runtime (s): 258.72851744806394
