Launching Problin version 0.5b
Problin was called as follow: /u/gh2161/Spatial-Division/problin/run_problin.py -c real_location_data/s3c1/k10_r1_character_matrix.csv -t real_location_data/s3c1/true_tree.nwk -S real_location_data/s3c1/leaf_locations.txt --delimiter comma -p real_location_data/s3c1/k10_priors.csv -o real_location_data/s3c1/k10_r1_spalin-divide-beta5.txt --nInitials 10 --ultrametric --randomreps 3 --divide --radius 5
Optimization by Spalin-Divide: Scipy-SLSQP using spatial information
Optimizing branch lengths, phi, and nu without topology search
Initial point 1. Random seed: 475
Solving with ultrametric constraint
Optimal point found for initial point 1
Negative llh: 136.32610579216356
Dropout rate: 9.999999999999996e-11
Silencing rate: 1e-10
Sigma: 1.3186489829441224
Lambda: 0.005209644081195662
Initial point 2. Random seed: 6962
Solving with ultrametric constraint
Optimal point found for initial point 2
Negative llh: 136.32662496930618
Dropout rate: 7.659758992308171e-10
Silencing rate: 1.1258669160947838e-09
Sigma: 1.3179292862222913
Lambda: 0.0052065827148438945
Initial point 3. Random seed: 7404
Solving with ultrametric constraint
Optimal point found for initial point 3
Negative llh: 136.32599127931672
Dropout rate: 2.2757008865399874e-10
Silencing rate: 1.0009817749751142e-10
Sigma: 1.3188421383175573
Lambda: 0.0052095228193316375
Initial point 4. Random seed: 813
Solving with ultrametric constraint
Optimal point found for initial point 4
Negative llh: 136.32636136966195
Dropout rate: 2.0093242153232e-10
Silencing rate: 1.0001040413302e-10
Sigma: 1.319293524205413
Lambda: 0.005209870979829473
Initial point 5. Random seed: 4025
Solving with ultrametric constraint
Optimal point found for initial point 5
Negative llh: 136.32601765654027
Dropout rate: 2.990020228304311e-10
Silencing rate: 1.0305292644217814e-10
Sigma: 1.318845382832342
Lambda: 0.005209131280046239
Initial point 6. Random seed: 7513
Solving with ultrametric constraint
Optimal point found for initial point 6
Negative llh: 136.32603983787425
Dropout rate: 1e-10
Silencing rate: 1e-10
Sigma: 1.3187558294495625
Lambda: 0.005209563320149655
Initial point 7. Random seed: 7886
Solving with ultrametric constraint
Optimal point found for initial point 7
Negative llh: 136.32608195436052
Dropout rate: 2.2464087596066692e-10
Silencing rate: 1.0011323983221758e-10
Sigma: 1.3188530061718415
Lambda: 0.0052099497975938505
Initial point 8. Random seed: 7593
Solving with ultrametric constraint
Optimal point found for initial point 8
Negative llh: 136.32600420452417
Dropout rate: 3.351581640839836e-10
Silencing rate: 1.0078072682383392e-10
Sigma: 1.3187530126364073
Lambda: 0.005209906286312524
Initial point 9. Random seed: 6335
Solving with ultrametric constraint
Optimal point found for initial point 9
Negative llh: 136.3269104811045
Dropout rate: 4.211948798899116e-10
Silencing rate: 1.0006446400763208e-10
Sigma: 1.3178959808558401
Lambda: 0.005206766623983552
Initial point 10. Random seed: 42
Solving with ultrametric constraint
Optimal point found for initial point 10
Negative llh: 156.71330297969527
Dropout rate: 2.1290366084140096e-10
Silencing rate: 1.1368783223477109e-10
Sigma: 1.2791669906469139
Lambda: 0.0009775311762935872
{'lambda_param': 0.0052095228193316375, 'phi': 2.2757008865399874e-10, 'nu': 1.0009817749751142e-10, 'sigma': 1.3188421383175573, 'locations': {'216_5': (416.0, 464.0), '216_7': (387.0, 451.0), '216_4': (428.0, 418.0), '216_19': (422.0, 449.0), '216_18': (430.0, 464.0), '216_16': (438.0, 486.0), '216_9': (465.0, 414.0), '216_8': (461.0, 426.0), '216_14': (413.0, 437.0), '216_13': (471.0, 443.0)}, 'radius': 5.0, 'thetas': {'165_5': -18.7464463331, '214_7': 1.8925454684011316, '121_3': 2.3807982340949074, '195_11': 1.0808364487698752, '133_6': 4.324139880606604, '67_2': 49.11111424269425, '173_3': 6.704594589165147, '121_1': 2.1964560049337756, '20_1': -12.116688661277813}}
Runtime (s): 122.20957432687283
