Launching Problin version 0.5b
Problin was called as follow: /u/gh2161/Spatial-Division/problin/run_problin.py -c real_location_data/s3c1/k10_r3_character_matrix.csv -t real_location_data/s3c1/true_tree.nwk -S real_location_data/s3c1/leaf_locations.txt --delimiter comma -p real_location_data/s3c1/k10_priors.csv -o real_location_data/s3c1/k10_r3_spalin-divide-beta1.txt --nInitials 10 --ultrametric --randomreps 3 --divide --radius 1
Optimization by Spalin-Divide: Scipy-SLSQP using spatial information
Optimizing branch lengths, phi, and nu without topology search
Initial point 1. Random seed: 6568
Solving with ultrametric constraint
Optimal point found for initial point 1
Negative llh: 143.17378071472024
Dropout rate: 1e-10
Silencing rate: 1e-10
Sigma: 1.4812053605058775
Initial point 2. Random seed: 9403
Solving with ultrametric constraint
Optimal point found for initial point 2
Negative llh: 143.17377989135431
Dropout rate: 1.8417262988901963e-10
Silencing rate: 1.4429674505251722e-10
Sigma: 1.4811614217512368
Initial point 3. Random seed: 3036
Solving with ultrametric constraint
Optimal point found for initial point 3
Negative llh: 143.1737797764193
Dropout rate: 1e-10
Silencing rate: 1e-10
Sigma: 1.481209564145905
Initial point 4. Random seed: 4077
Solving with ultrametric constraint
Optimal point found for initial point 4
Negative llh: 143.17442540905552
Dropout rate: 1e-10
Silencing rate: 1e-10
Sigma: 1.4821136402323936
Initial point 5. Random seed: 70
Solving with ultrametric constraint
Optimal point found for initial point 5
Negative llh: 143.1737797596548
Dropout rate: 3.0592208215243653e-10
Silencing rate: 2.044960741629383e-10
Sigma: 1.4811161423107746
Initial point 6. Random seed: 9520
Solving with ultrametric constraint
Optimal point found for initial point 6
Negative llh: 143.17377950944902
Dropout rate: 1.0000000000000002e-10
Silencing rate: 1e-10
Sigma: 1.4811761175758327
Initial point 7. Random seed: 2859
Solving with ultrametric constraint
Optimal point found for initial point 7
Negative llh: 143.1737799406991
Dropout rate: 1e-10
Silencing rate: 1e-10
Sigma: 1.481062412809007
Initial point 8. Random seed: 2197
Solving with ultrametric constraint
Optimal point found for initial point 8
Negative llh: 143.17377954216406
Dropout rate: 1.1067576959767915e-10
Silencing rate: 1.0000084392927558e-10
Sigma: 1.481160115809875
Initial point 9. Random seed: 6986
Solving with ultrametric constraint
Optimal point found for initial point 9
Negative llh: 162.3898395487853
Dropout rate: 2.5915966334348135e-10
Silencing rate: 1.157207713701975e-10
Sigma: 1.463293951152272
Initial point 10. Random seed: 8062
Solving with ultrametric constraint
Optimal point found for initial point 10
Negative llh: 162.5111699015187
Dropout rate: 2.1923196848514063e-10
Silencing rate: 1.1361464724402718e-10
Sigma: 1.4631150204490977
Runtime (s): 221.8856130465865
