Launching Problin version 0.5b
Problin was called as follow: /u/gh2161/Spatial-Division/problin/run_problin.py -c real_location_data/s3c1/k10_r1_character_matrix.csv -t real_location_data/s3c1/true_tree.nwk -S real_location_data/s3c1/leaf_locations.txt --delimiter comma -p real_location_data/s3c1/k10_priors.csv -o real_location_data/s3c1/k10_r1_spalin.txt --nInitials 10 --ultrametric --randomreps 3
Optimization by Spalin: Scipy-SLSQP using spatial information
Optimizing branch lengths, phi, and nu without topology search
Initial point 1. Random seed: 5103
Solving with ultrametric constraint
Optimal point found for initial point 1
Negative llh: 128.4784489498725
Dropout rate: 1.0000000000000007e-10
Silencing rate: 9.999999999999996e-11
Sigma: 2.4914717797236077
Lambda: 0.00521572033461086
Initial point 2. Random seed: 1000
Solving with ultrametric constraint
Optimal point found for initial point 2
Negative llh: 148.76515317598785
Dropout rate: 1e-10
Silencing rate: 1e-10
Sigma: 2.2771675531910995
Lambda: 0.0009772098341413644
Initial point 3. Random seed: 3201
Solving with ultrametric constraint
Optimal point found for initial point 3
Negative llh: 128.4784490682344
Dropout rate: 1e-10
Silencing rate: 1e-10
Sigma: 2.4915091915623155
Lambda: 0.005215878830581079
Initial point 4. Random seed: 6062
Solving with ultrametric constraint
Optimal point found for initial point 4
Negative llh: 128.47844907271062
Dropout rate: 1e-10
Silencing rate: 1e-10
Sigma: 2.491629422826765
Lambda: 0.005215882448976867
Initial point 5. Random seed: 2328
Solving with ultrametric constraint
Optimal point found for initial point 5
Negative llh: 128.47844927739726
Dropout rate: 1.0000000000000002e-10
Silencing rate: 1.0000000000000002e-10
Sigma: 2.491443220496819
Lambda: 0.005216082199990025
Initial point 6. Random seed: 1069
Solving with ultrametric constraint
Optimal point found for initial point 6
Negative llh: 128.47844921865695
Dropout rate: 1.0000000000000002e-10
Silencing rate: 1e-10
Sigma: 2.491449349104808
Lambda: 0.005215837924042013
Initial point 7. Random seed: 5129
Solving with ultrametric constraint
Optimal point found for initial point 7
Negative llh: 148.77422857028768
Dropout rate: 2.655203557468778e-10
Silencing rate: 1.318688271382723e-10
Sigma: 2.2751949042278596
Lambda: 0.0009767433204443169
Initial point 8. Random seed: 3498
Solving with ultrametric constraint
Optimal point found for initial point 8
Negative llh: 148.77410959788807
Dropout rate: 5.514733458877159e-10
Silencing rate: 1.6118513510344155e-10
Sigma: 2.275929037955579
Lambda: 0.000976754069590745
Initial point 9. Random seed: 6987
Solving with ultrametric constraint
Optimal point found for initial point 9
Negative llh: 128.47902496709537
Dropout rate: 5.274051313715861e-10
Silencing rate: 3.5316587675769305e-10
Sigma: 2.4920816817678366
Lambda: 0.005225752393583051
Initial point 10. Random seed: 5577
Solving with ultrametric constraint
Optimal point found for initial point 10
Negative llh: 128.4784490692446
Dropout rate: 1e-10
Silencing rate: 1e-10
Sigma: 2.4913718886329654
Lambda: 0.005215621727850493
{'lambda_param': 0.00521572033461086, 'phi': 1.0000000000000007e-10, 'nu': 9.999999999999996e-11, 'sigma': 2.4914717797236077, 'locations': {'216_5': (416.0, 464.0), '216_7': (387.0, 451.0), '216_4': (428.0, 418.0), '216_19': (422.0, 449.0), '216_18': (430.0, 464.0), '216_16': (438.0, 486.0), '216_9': (465.0, 414.0), '216_8': (461.0, 426.0), '216_14': (413.0, 437.0), '216_13': (471.0, 443.0)}}
Runtime (s): 46.639439817517996
