Launching Problin version 0.5b
Problin was called as follow: /u/gh2161/Spatial-Division/problin/run_problin.py -c real_location_data/s3c1/k10_r1_character_matrix.csv -t real_location_data/s3c1/true_tree.nwk -S real_location_data/s3c1/leaf_locations.txt --delimiter comma -p real_location_data/s3c1/k10_priors.csv -o real_location_data/s3c1/k10_r1_spalin-divide-beta9.txt --nInitials 10 --ultrametric --randomreps 3 --divide --given_beta 9 --incl_beta_bound
Optimization by Spalin-Divide: Scipy-SLSQP using spatial information
Optimizing branch lengths, phi, and nu without topology search
Initial point 1. Random seed: 6246
Solving with ultrametric constraint
Optimal point found for initial point 1
Negative llh: 130.0705048200385
Dropout rate: 1.0372219168193439e-10
Silencing rate: 1.0212371603474672e-10
Sigma: 4.029331264475473
Initial point 2. Random seed: 556
Solving with ultrametric constraint
Fatal: failed to optimize using initial point 2
Initial point 3. Random seed: 3617
Solving with ultrametric constraint
Optimal point found for initial point 3
Negative llh: 130.07050437164108
Dropout rate: 2.2702381895037366e-10
Silencing rate: 1.7271220419709162e-10
Sigma: 4.029346783242835
Initial point 4. Random seed: 8826
Solving with ultrametric constraint
Optimal point found for initial point 4
Negative llh: 130.07050438082712
Dropout rate: 1.0328576525251225e-10
Silencing rate: 1.0186506405701757e-10
Sigma: 4.029329905995506
Initial point 5. Random seed: 3220
Solving with ultrametric constraint
Optimal point found for initial point 5
Negative llh: 130.07050463116428
Dropout rate: 1.0000000000000007e-10
Silencing rate: 9.999999999999996e-11
Sigma: 4.029437586120726
Initial point 6. Random seed: 9176
Solving with ultrametric constraint
Optimal point found for initial point 6
Negative llh: 130.07050692560588
Dropout rate: 1.0000000000000007e-10
Silencing rate: 1.0000000000000007e-10
Sigma: 4.029366082463605
Initial point 7. Random seed: 4827
Solving with ultrametric constraint
Optimal point found for initial point 7
Negative llh: 130.07050444438255
Dropout rate: 1.1018247853158017e-10
Silencing rate: 1.0581965021026491e-10
Sigma: 4.029350957307035
Initial point 8. Random seed: 549
Solving with ultrametric constraint
Optimal point found for initial point 8
Negative llh: 130.07050434512814
Dropout rate: 1e-10
Silencing rate: 1e-10
Sigma: 4.029347243952269
Initial point 9. Random seed: 1368
Solving with ultrametric constraint
Optimal point found for initial point 9
Negative llh: 130.07050434394066
Dropout rate: 1e-10
Silencing rate: 1e-10
Sigma: 4.029347683691554
Initial point 10. Random seed: 4898
Solving with ultrametric constraint
Optimal point found for initial point 10
Negative llh: 130.07050441062478
Dropout rate: 1.016241663846658e-10
Silencing rate: 1.0092821284371775e-10
Sigma: 4.0293399983823495
Runtime (s): 213.64445854909718
