Launching Problin version 0.5b
Problin was called as follow: /u/gh2161/Spatial-Division/problin/run_problin.py -c real_location_data/s3c1/k10_r4_character_matrix.csv -t real_location_data/s3c1/true_tree.nwk -S real_location_data/s3c1/leaf_locations.txt --delimiter comma -p real_location_data/s3c1/k10_priors.csv -o real_location_data/s3c1/k10_r4_spalin-divide-beta5_10_range.txt --nInitials 10 --ultrametric --randomreps 3 --divide --given_lower_beta 5 --given_upper_beta 10 --incl_beta_bound
Optimization by Spalin-Divide: Scipy-SLSQP using spatial information
{'sigma': 22, 'nu': 1e-10, 'phi': 1e-10, 'lower_beta': 5.0, 'upper_beta': 10.0, 'incl_beta_bound': True, 'displacement_amounts': {}}
Optimizing branch lengths, phi, and nu without topology search
Initial point 1. Random seed: 8606
Solving with ultrametric constraint
Optimal point found for initial point 1
Negative llh: 144.1657183724521
Dropout rate: 4.6169423616560094e-08
Silencing rate: 2.0148366267709498e-08
Sigma: 4.8325239697777755
Initial point 2. Random seed: 5883
Solving with ultrametric constraint
Optimal point found for initial point 2
Negative llh: 144.4059795719129
Dropout rate: 1.2742506402909482e-10
Silencing rate: 1.0839561873591771e-10
Sigma: 4.859733204191345
Initial point 3. Random seed: 7635
Solving with ultrametric constraint
Optimal point found for initial point 3
Negative llh: 144.18282653176578
Dropout rate: 2.1733919860575726e-08
Silencing rate: 1.5658967771455348e-08
Sigma: 4.830742569972133
Initial point 4. Random seed: 7194
Solving with ultrametric constraint
Optimal point found for initial point 4
Negative llh: 144.1613296797347
Dropout rate: 4.1813426573773046e-08
Silencing rate: 2.4831330157392316e-08
Sigma: 4.830910049079549
Initial point 5. Random seed: 9022
Solving with ultrametric constraint
Optimal point found for initial point 5
Negative llh: 141.84651773195446
Dropout rate: 5.5324215614691405e-08
Silencing rate: 6.800960469069375e-09
Sigma: 4.54315064682561
Initial point 6. Random seed: 2271
Solving with ultrametric constraint
Optimal point found for initial point 6
Negative llh: 144.17008031886513
Dropout rate: 1.0000097982723457e-10
Silencing rate: 1e-10
Sigma: 4.825886375922339
Initial point 7. Random seed: 1333
Solving with ultrametric constraint
Optimal point found for initial point 7
Negative llh: 144.2396606736927
Dropout rate: 3.6405549312141e-10
Silencing rate: 1e-10
Sigma: 4.842224114168199
Initial point 8. Random seed: 3565
Solving with ultrametric constraint
Optimal point found for initial point 8
Negative llh: 144.19120428022018
Dropout rate: 8.159868501335921e-09
Silencing rate: 1.3122326690807137e-09
Sigma: 4.808220302688057
Initial point 9. Random seed: 264
Solving with ultrametric constraint
Optimal point found for initial point 9
Negative llh: 140.06553920534367
Dropout rate: 1e-10
Silencing rate: 1e-10
Sigma: 4.3191542435660795
Initial point 10. Random seed: 9031
Solving with ultrametric constraint
Optimal point found for initial point 10
Negative llh: 144.19836057335954
Dropout rate: 1e-10
Silencing rate: 1e-10
Sigma: 4.839973503597864
Runtime (s): 205.0019113519229
