Launching Problin version 0.5b
Problin was called as follow: /u/gh2161/Spatial-Division/problin/run_problin.py -c real_location_data/s20c6/k10_r2_character_matrix.csv -t real_location_data/s20c6/true_tree.nwk -S real_location_data/s20c6/leaf_locations.txt --delimiter comma -p real_location_data/s20c6/k10_priors.csv -o real_location_data/s20c6/k10_r2_spalin-divide-beta7.txt --nInitials 10 --ultrametric --randomreps 3 --divide --radius 7
Optimization by Spalin-Divide: Scipy-SLSQP using spatial information
Optimizing branch lengths, phi, and nu without topology search
Initial point 1. Random seed: 3980
Solving with ultrametric constraint
Optimal point found for initial point 1
Negative llh: 174.78809455854093
Dropout rate: 3.862805650337308e-10
Silencing rate: 2.534137637124024e-10
Sigma: 1.0918522366437733
Initial point 2. Random seed: 9452
Solving with ultrametric constraint
Optimal point found for initial point 2
Negative llh: 154.03519598066794
Dropout rate: 5.181949880464936e-10
Silencing rate: 1.0005077097548598e-10
Sigma: 1.101002431802408
Initial point 3. Random seed: 2638
Solving with ultrametric constraint
Optimal point found for initial point 3
Negative llh: 154.0354742880947
Dropout rate: 3.803736400729465e-10
Silencing rate: 1.0004514565849082e-10
Sigma: 1.101821817690773
Initial point 4. Random seed: 4802
Solving with ultrametric constraint
Optimal point found for initial point 4
Negative llh: 154.03535260157065
Dropout rate: 5.363453878423182e-10
Silencing rate: 1.0012018664579962e-10
Sigma: 1.1006585178595165
Initial point 5. Random seed: 4054
Solving with ultrametric constraint
Optimal point found for initial point 5
Negative llh: 154.0351807680666
Dropout rate: 9.332295847550021e-10
Silencing rate: 7.359414478278604e-10
Sigma: 1.1010131823008686
Initial point 6. Random seed: 968
Solving with ultrametric constraint
Optimal point found for initial point 6
Negative llh: 174.7903050216924
Dropout rate: 1.7090359145291513e-10
Silencing rate: 1.329686092870941e-10
Sigma: 1.0919767741627038
Initial point 7. Random seed: 7552
Solving with ultrametric constraint
Optimal point found for initial point 7
Negative llh: 30850.339637532514
Dropout rate: 1.8172444611243724e-05
Silencing rate: 0.010022397418769941
Sigma: 3.7554567018291034
Initial point 8. Random seed: 2591
Solving with ultrametric constraint
Optimal point found for initial point 8
Negative llh: 154.0352453999172
Dropout rate: 9.999999999999996e-11
Silencing rate: 1e-10
Sigma: 1.101255708388064
Initial point 9. Random seed: 7563
Solving with ultrametric constraint
Optimal point found for initial point 9
Negative llh: 154.03588309256764
Dropout rate: 9.999999999999996e-11
Silencing rate: 1.000000000000009e-10
Sigma: 1.1002855495035013
Initial point 10. Random seed: 5004
Solving with ultrametric constraint
Optimal point found for initial point 10
Negative llh: 263.9066659622006
Dropout rate: 4.488924247145538e-08
Silencing rate: 6.0493318159859e-09
Sigma: 9.176250399813414
Runtime (s): 175.47067909687757
