Launching Problin version 0.5b
Problin was called as follow: /u/gh2161/Spatial-Division/problin/run_problin.py -c real_location_data/s20c6/k10_r3_character_matrix.csv -t real_location_data/s20c6/true_tree.nwk -S real_location_data/s20c6/leaf_locations.txt --delimiter comma -p real_location_data/s20c6/k10_priors.csv -o real_location_data/s20c6/k10_r3_spalin-divide-beta7.txt --nInitials 10 --ultrametric --randomreps 3 --divide --radius 7
Optimization by Spalin-Divide: Scipy-SLSQP using spatial information
Optimizing branch lengths, phi, and nu without topology search
Initial point 1. Random seed: 5249
Solving with ultrametric constraint
Optimal point found for initial point 1
Negative llh: 176.5006692519857
Dropout rate: 1.0000000000000007e-10
Silencing rate: 1e-10
Sigma: 1.1067719232714257
Initial point 2. Random seed: 678
Solving with ultrametric constraint
Optimal point found for initial point 2
Negative llh: 176.50011019926092
Dropout rate: 1e-10
Silencing rate: 1e-10
Sigma: 1.1067718524130354
Initial point 3. Random seed: 8095
Solving with ultrametric constraint
Optimal point found for initial point 3
Negative llh: 176.50011025079107
Dropout rate: 5.552149543825554e-10
Silencing rate: 5.15313003657749e-10
Sigma: 1.1067596883842667
Initial point 4. Random seed: 1086
Solving with ultrametric constraint
Optimal point found for initial point 4
Negative llh: 176.50031937947114
Dropout rate: 2.492137623485865e-10
Silencing rate: 3.9864254536092826e-10
Sigma: 1.1073783934739376
Initial point 5. Random seed: 3152
Solving with ultrametric constraint
Optimal point found for initial point 5
Negative llh: 176.50035036042536
Dropout rate: 1.8364999807713024e-10
Silencing rate: 1.0002045175230096e-10
Sigma: 1.1076247605378515
Initial point 6. Random seed: 2327
Solving with ultrametric constraint
Fatal: failed to optimize using initial point 6
Initial point 7. Random seed: 1945
Solving with ultrametric constraint
Optimal point found for initial point 7
Negative llh: 176.50022108102064
Dropout rate: 9.999999999999996e-11
Silencing rate: 9.999999999999996e-11
Sigma: 1.1070130135105203
Initial point 8. Random seed: 3160
Solving with ultrametric constraint
Optimal point found for initial point 8
Negative llh: 176.500110124309
Dropout rate: 1.0270903121143591e-10
Silencing rate: 1.017761023766318e-10
Sigma: 1.1067591229539115
Initial point 9. Random seed: 4194
Solving with ultrametric constraint
Optimal point found for initial point 9
Negative llh: 176.5002334393119
Dropout rate: 6.51179222618199e-10
Silencing rate: 5.965127562293778e-10
Sigma: 1.1069975731480977
Initial point 10. Random seed: 6582
Solving with ultrametric constraint
Optimal point found for initial point 10
Negative llh: 176.5002006270102
Dropout rate: 1e-10
Silencing rate: 1e-10
Sigma: 1.1071084663801747
Runtime (s): 246.34357531554997
