Launching Problin version 0.5b
Problin was called as follow: /u/gh2161/Spatial-Division/problin/run_problin.py -c real_location_data/s20c6/k10_r5_character_matrix.csv -t real_location_data/s20c6/true_tree.nwk -S real_location_data/s20c6/leaf_locations.txt --delimiter comma -p real_location_data/s20c6/k10_priors.csv -o real_location_data/s20c6/k10_r5_spalin-divide-beta3.txt --nInitials 10 --ultrametric --randomreps 3 --divide --radius 3
Optimization by Spalin-Divide: Scipy-SLSQP using spatial information
Optimizing branch lengths, phi, and nu without topology search
Initial point 1. Random seed: 534
Solving with ultrametric constraint
Optimal point found for initial point 1
Negative llh: 188.7766206676493
Dropout rate: 8.835551861359503e-10
Silencing rate: 5.978440974092684e-10
Sigma: 1.2091999367170454
Initial point 2. Random seed: 6809
Solving with ultrametric constraint
Optimal point found for initial point 2
Negative llh: 188.77636798739502
Dropout rate: 1.0000000000000002e-10
Silencing rate: 1.0000000000000002e-10
Sigma: 1.2087474847272879
Initial point 3. Random seed: 7555
Solving with ultrametric constraint
Optimal point found for initial point 3
Negative llh: 188.7764532381195
Dropout rate: 3.833392781244045e-10
Silencing rate: 2.9864607108532235e-10
Sigma: 1.2093828902347192
Initial point 4. Random seed: 6799
Solving with ultrametric constraint
Optimal point found for initial point 4
Negative llh: 188.77632072121875
Dropout rate: 1e-10
Silencing rate: 1e-10
Sigma: 1.2087875344452923
Initial point 5. Random seed: 1698
Solving with ultrametric constraint
Fatal: failed to optimize using initial point 5
Initial point 6. Random seed: 1721
Solving with ultrametric constraint
Optimal point found for initial point 6
Negative llh: 188.7765810436003
Dropout rate: 1.0000000000000002e-10
Silencing rate: 1.0000000000000002e-10
Sigma: 1.2094635210001905
Initial point 7. Random seed: 7570
Solving with ultrametric constraint
Optimal point found for initial point 7
Negative llh: 14908.235570087883
Dropout rate: 9.940057994538025e-06
Silencing rate: 0.004775621468787836
Sigma: 3.601977768309959
Initial point 8. Random seed: 1974
Solving with ultrametric constraint
Optimal point found for initial point 8
Negative llh: 188.77679458086553
Dropout rate: 3.7733185664054464e-10
Silencing rate: 1.0480648458941404e-10
Sigma: 1.2096017278635598
Initial point 9. Random seed: 7604
Solving with ultrametric constraint
Optimal point found for initial point 9
Negative llh: 188.77671636128161
Dropout rate: 3.317041848573344e-10
Silencing rate: 1.832303161227901e-10
Sigma: 1.2092600898392047
Initial point 10. Random seed: 162
Solving with ultrametric constraint
Optimal point found for initial point 10
Negative llh: 188.77625697884864
Dropout rate: 8.056484478310371e-10
Silencing rate: 1.0388555549044394e-09
Sigma: 1.2087485586159312
Runtime (s): 176.34157142415643
