Launching Problin version 0.5b
Problin was called as follow: /u/gh2161/Spatial-Division/problin/run_problin.py -c real_location_data/s10c1/k10_r5_character_matrix.csv -t real_location_data/s10c1/true_tree.nwk -S real_location_data/s10c1/leaf_locations.txt --delimiter comma -p real_location_data/s10c1/k10_priors.csv -o real_location_data/s10c1/k10_r5_spalin-divide-beta10.txt --nInitials 10 --ultrametric --randomreps 3 --divide --radius 10
Optimization by Spalin-Divide: Scipy-SLSQP using spatial information
Optimizing branch lengths, phi, and nu without topology search
Initial point 1. Random seed: 5032
Solving with ultrametric constraint
Optimal point found for initial point 1
Negative llh: 144.91795744221602
Dropout rate: 1e-10
Silencing rate: 1e-10
Sigma: 1.3253628546894685
Initial point 2. Random seed: 8081
Solving with ultrametric constraint
Optimal point found for initial point 2
Negative llh: 167.2465861194422
Dropout rate: 1.2483601199788707e-10
Silencing rate: 1.1075486846731261e-10
Sigma: 1.2849990702512624
Initial point 3. Random seed: 8757
Solving with ultrametric constraint
Optimal point found for initial point 3
Negative llh: 144.9179578501698
Dropout rate: 7.919670382424546e-10
Silencing rate: 5.10772395714686e-10
Sigma: 1.3253236153268446
Initial point 4. Random seed: 2507
Solving with ultrametric constraint
Optimal point found for initial point 4
Negative llh: 144.91795802623278
Dropout rate: 9.999999999999996e-11
Silencing rate: 9.999999999999996e-11
Sigma: 1.3253333871501294
Initial point 5. Random seed: 5197
Solving with ultrametric constraint
Optimal point found for initial point 5
Negative llh: 144.91795759414666
Dropout rate: 8.756500401474064e-10
Silencing rate: 4.4777629304639416e-10
Sigma: 1.3253770282620456
Initial point 6. Random seed: 5693
Solving with ultrametric constraint
Optimal point found for initial point 6
Negative llh: 144.91796721459008
Dropout rate: 2.220080858654308e-10
Silencing rate: 1.0017699332558582e-10
Sigma: 1.325387636945011
Initial point 7. Random seed: 6017
Solving with ultrametric constraint
Optimal point found for initial point 7
Negative llh: 167.2476375842475
Dropout rate: 9.999999999999996e-11
Silencing rate: 1.0000000000000002e-10
Sigma: 1.2858606137415085
Initial point 8. Random seed: 9191
Solving with ultrametric constraint
Optimal point found for initial point 8
Negative llh: 144.91795753542115
Dropout rate: 1e-10
Silencing rate: 1e-10
Sigma: 1.3253838847314072
Initial point 9. Random seed: 3726
Solving with ultrametric constraint
Optimal point found for initial point 9
Negative llh: 167.24807653039102
Dropout rate: 4.6067690068543727e-10
Silencing rate: 1.4126716953956142e-10
Sigma: 1.285802880414297
Initial point 10. Random seed: 4080
Solving with ultrametric constraint
Optimal point found for initial point 10
Negative llh: 167.24816460992378
Dropout rate: 1.0000000000000002e-10
Silencing rate: 1e-10
Sigma: 1.2855713517720826
Runtime (s): 279.18043204396963
