Launching Problin version 0.5b
Problin was called as follow: /u/gh2161/Spatial-Division/problin/run_problin.py -c real_location_data/s9c5/k10_r2_character_matrix.csv -t real_location_data/s9c5/true_tree.nwk -S real_location_data/s9c5/leaf_locations.txt --delimiter comma -p real_location_data/s9c5/k10_priors.csv -o real_location_data/s9c5/k10_r2_spalin-divide-beta3.txt --nInitials 10 --ultrametric --randomreps 3 --divide --radius 3
Optimization by Spalin-Divide: Scipy-SLSQP using spatial information
Optimizing branch lengths, phi, and nu without topology search
Initial point 1. Random seed: 157
Solving with ultrametric constraint
Optimal point found for initial point 1
Negative llh: 218.77150143975746
Dropout rate: 8.618042106383151e-10
Silencing rate: 4.771714320408417e-10
Sigma: 1.693039164647685
Initial point 2. Random seed: 7249
Solving with ultrametric constraint
Optimal point found for initial point 2
Negative llh: 218.77151397385012
Dropout rate: 1e-10
Silencing rate: 1e-10
Sigma: 1.6930804463663784
Initial point 3. Random seed: 4613
Solving with ultrametric constraint
Fatal: failed to optimize using initial point 3
Initial point 4. Random seed: 205
Solving with ultrametric constraint
Optimal point found for initial point 4
Negative llh: 218.77155621966358
Dropout rate: 1e-10
Silencing rate: 1e-10
Sigma: 1.6936154453742587
Initial point 5. Random seed: 3924
Solving with ultrametric constraint
Optimal point found for initial point 5
Negative llh: 218.77173284837363
Dropout rate: 1e-10
Silencing rate: 1e-10
Sigma: 1.6938541664930242
Initial point 6. Random seed: 9739
Solving with ultrametric constraint
Optimal point found for initial point 6
Negative llh: 218.77164225574683
Dropout rate: 1.0290442310912078e-09
Silencing rate: 1.66415106733788e-10
Sigma: 1.6929240530491967
Initial point 7. Random seed: 5886
Solving with ultrametric constraint
Fatal: failed to optimize using initial point 7
Initial point 8. Random seed: 3784
Solving with ultrametric constraint
Optimal point found for initial point 8
Negative llh: 218.77147224897658
Dropout rate: 1.0000000000000007e-10
Silencing rate: 9.999999999999996e-11
Sigma: 1.6931082055240727
Initial point 9. Random seed: 3582
Solving with ultrametric constraint
Optimal point found for initial point 9
Negative llh: 218.77171812131962
Dropout rate: 8.164417256408417e-10
Silencing rate: 4.5483805001918997e-10
Sigma: 1.6924816687531727
Initial point 10. Random seed: 7341
Solving with ultrametric constraint
Optimal point found for initial point 10
Negative llh: 218.77155290786865
Dropout rate: 1.0000000000000007e-10
Silencing rate: 9.999999999999996e-11
Sigma: 1.6937258706889315
Runtime (s): 751.3138066641986
