Launching Problin version 0.5b
Problin was called as follow: /u/gh2161/Spatial-Division/problin/run_problin.py -c real_location_data/s9c5/k10_r5_character_matrix.csv -t real_location_data/s9c5/true_tree.nwk -S real_location_data/s9c5/leaf_locations.txt --delimiter comma -p real_location_data/s9c5/k10_priors.csv -o real_location_data/s9c5/k10_r5_spalin-divide-beta8.txt --nInitials 10 --ultrametric --randomreps 3 --divide --given_beta 8 --incl_beta_bound
Optimization by Spalin-Divide: Scipy-SLSQP using spatial information
Optimizing branch lengths, phi, and nu without topology search
Initial point 1. Random seed: 9235
Solving with ultrametric constraint
Optimal point found for initial point 1
Negative llh: 185.4719713157149
Dropout rate: 1e-10
Silencing rate: 1e-10
Sigma: 5.238204136529964
Initial point 2. Random seed: 7359
Solving with ultrametric constraint
Optimal point found for initial point 2
Negative llh: 185.47197180204955
Dropout rate: 2.7262934269431624e-10
Silencing rate: 1.8853897784994703e-10
Sigma: 5.2382970596595975
Initial point 3. Random seed: 209
Solving with ultrametric constraint
Optimal point found for initial point 3
Negative llh: 185.47197145675437
Dropout rate: 1.3726627750018185e-10
Silencing rate: 1.1377978079046749e-10
Sigma: 5.238351300482999
Initial point 4. Random seed: 992
Solving with ultrametric constraint
Optimal point found for initial point 4
Negative llh: 185.4719742064672
Dropout rate: 1e-10
Silencing rate: 1e-10
Sigma: 5.238453419848726
Initial point 5. Random seed: 9734
Solving with ultrametric constraint
Optimal point found for initial point 5
Negative llh: 185.4719775978183
Dropout rate: 1.0000000000000002e-10
Silencing rate: 1e-10
Sigma: 5.238411890699752
Initial point 6. Random seed: 4604
Solving with ultrametric constraint
Optimal point found for initial point 6
Negative llh: 185.47197285777332
Dropout rate: 1e-10
Silencing rate: 1e-10
Sigma: 5.238360590855902
Initial point 7. Random seed: 4746
Solving with ultrametric constraint
Optimal point found for initial point 7
Negative llh: 185.47197180125403
Dropout rate: 1e-10
Silencing rate: 1e-10
Sigma: 5.238323206199304
Initial point 8. Random seed: 8896
Solving with ultrametric constraint
Optimal point found for initial point 8
Negative llh: 185.4719720125136
Dropout rate: 6.777080587140226e-10
Silencing rate: 3.1365082931641223e-10
Sigma: 5.2383336680732135
Initial point 9. Random seed: 4122
Solving with ultrametric constraint
Optimal point found for initial point 9
Negative llh: 185.47197370768507
Dropout rate: 1.2661848677276677e-10
Silencing rate: 2.351328001589585e-10
Sigma: 5.23866661326909
Initial point 10. Random seed: 8418
Solving with ultrametric constraint
Optimal point found for initial point 10
Negative llh: 185.471971288392
Dropout rate: 4.928924054060407e-10
Silencing rate: 3.383606444625859e-10
Sigma: 5.238316139542334
Runtime (s): 935.5467939507216
