Launching Problin version 0.5b
Problin was called as follow: /u/gh2161/Spatial-Division/problin/run_problin.py -c real_location_data/s9c5/k10_r2_character_matrix.csv -t real_location_data/s9c5/true_tree.nwk -S real_location_data/s9c5/leaf_locations.txt --delimiter comma -p real_location_data/s9c5/k10_priors.csv -o real_location_data/s9c5/k10_r2_spalin-divide-beta9.txt --nInitials 10 --ultrametric --randomreps 3 --divide --given_beta 9 --incl_beta_bound
Optimization by Spalin-Divide: Scipy-SLSQP using spatial information
Optimizing branch lengths, phi, and nu without topology search
Initial point 1. Random seed: 9798
Solving with ultrametric constraint
Optimal point found for initial point 1
Negative llh: 200.59953012748525
Dropout rate: 1.7064260642392167e-10
Silencing rate: 1.35103226850619e-10
Sigma: 4.797249828716501
Initial point 2. Random seed: 4962
Solving with ultrametric constraint
Optimal point found for initial point 2
Negative llh: 200.59952957759648
Dropout rate: 1.3009829586271022e-10
Silencing rate: 1.1495639309820717e-10
Sigma: 4.797186438479459
Initial point 3. Random seed: 3331
Solving with ultrametric constraint
Optimal point found for initial point 3
Negative llh: 200.59953115116997
Dropout rate: 9.999999999999996e-11
Silencing rate: 1.0000000000000002e-10
Sigma: 4.797051056766653
Initial point 4. Random seed: 6009
Solving with ultrametric constraint
Optimal point found for initial point 4
Negative llh: 200.5995294433381
Dropout rate: 1.0619438019925781e-10
Silencing rate: 1.0307928662366978e-10
Sigma: 4.797194332900989
Initial point 5. Random seed: 599
Solving with ultrametric constraint
Fatal: failed to optimize using initial point 5
Initial point 6. Random seed: 7090
Solving with ultrametric constraint
Optimal point found for initial point 6
Negative llh: 200.59952967342554
Dropout rate: 1e-10
Silencing rate: 1e-10
Sigma: 4.797224053221788
Initial point 7. Random seed: 7527
Solving with ultrametric constraint
Optimal point found for initial point 7
Negative llh: 200.59952952681485
Dropout rate: 1.5569180892308747e-10
Silencing rate: 1.2767962907317297e-10
Sigma: 4.7972140385727124
Initial point 8. Random seed: 8942
Solving with ultrametric constraint
Optimal point found for initial point 8
Negative llh: 200.59952962558174
Dropout rate: 2.955737111045668e-10
Silencing rate: 1.971781704586174e-10
Sigma: 4.797218268469749
Initial point 9. Random seed: 4838
Solving with ultrametric constraint
Optimal point found for initial point 9
Negative llh: 200.59952973956825
Dropout rate: 9.999999999999996e-11
Silencing rate: 1.0000000000000002e-10
Sigma: 4.797227344545934
Initial point 10. Random seed: 310
Solving with ultrametric constraint
Optimal point found for initial point 10
Negative llh: 200.59953671339068
Dropout rate: 3.898992923801837e-10
Silencing rate: 5.528573823607499e-10
Sigma: 4.796839897655009
Runtime (s): 1937.1869830409996
