Launching Problin version 0.5b
Problin was called as follow: /u/gh2161/Spatial-Division/problin/run_problin.py -c real_location_data/s9c5/k10_r2_character_matrix.csv -t real_location_data/s9c5/true_tree.nwk -S real_location_data/s9c5/leaf_locations.txt --delimiter comma -p real_location_data/s9c5/k10_priors.csv -o real_location_data/s9c5/k10_r2_spalin-divide-beta05.txt --nInitials 10 --ultrametric --randomreps 3 --divide --radius 0.5
Optimization by Spalin-Divide: Scipy-SLSQP using spatial information
Optimizing branch lengths, phi, and nu without topology search
Initial point 1. Random seed: 5713
Solving with ultrametric constraint
Optimal point found for initial point 1
Negative llh: 223.45412179937614
Dropout rate: 8.789254981771237e-10
Silencing rate: 4.328061784680512e-10
Sigma: 1.8061434076077194
Initial point 2. Random seed: 8985
Solving with ultrametric constraint
Optimal point found for initial point 2
Negative llh: 223.45402246310778
Dropout rate: 1e-10
Silencing rate: 1e-10
Sigma: 1.8059524226713541
Initial point 3. Random seed: 6960
Solving with ultrametric constraint
Fatal: failed to optimize using initial point 3
Initial point 4. Random seed: 7236
Solving with ultrametric constraint
Optimal point found for initial point 4
Negative llh: 223.4541979427197
Dropout rate: 1.0092221949882242e-09
Silencing rate: 2.8697505789130646e-10
Sigma: 1.8057784204587022
Initial point 5. Random seed: 9192
Solving with ultrametric constraint
Optimal point found for initial point 5
Negative llh: 223.45423625988485
Dropout rate: 1.0000000000000007e-10
Silencing rate: 9.999999999999996e-11
Sigma: 1.8062296098444086
Initial point 6. Random seed: 1544
Solving with ultrametric constraint
Optimal point found for initial point 6
Negative llh: 223.4542470780425
Dropout rate: 5.110007096459186e-10
Silencing rate: 3.45458721133107e-10
Sigma: 1.8065018685277552
Initial point 7. Random seed: 2997
Solving with ultrametric constraint
Fatal: failed to optimize using initial point 7
Initial point 8. Random seed: 1326
Solving with ultrametric constraint
Optimal point found for initial point 8
Negative llh: 223.45437314052685
Dropout rate: 1.0000000000000002e-10
Silencing rate: 1.0000000000000002e-10
Sigma: 1.8054192610333892
Initial point 9. Random seed: 4904
Solving with ultrametric constraint
Optimal point found for initial point 9
Negative llh: 223.45450918644093
Dropout rate: 1.7594394368506555e-09
Silencing rate: 1.6057812419101692e-08
Sigma: 1.805536395204764
Initial point 10. Random seed: 5678
Solving with ultrametric constraint
Optimal point found for initial point 10
Negative llh: 223.45407277942152
Dropout rate: 1e-10
Silencing rate: 1e-10
Sigma: 1.8054869241369498
Runtime (s): 540.2549930159003
