Launching Problin version 0.5b
Problin was called as follow: /u/gh2161/Spatial-Division/problin/run_problin.py -c real_location_data/s9c5/k10_r1_character_matrix.csv -t real_location_data/s9c5/true_tree.nwk -S real_location_data/s9c5/leaf_locations.txt --delimiter comma -p real_location_data/s9c5/k10_priors.csv -o real_location_data/s9c5/k10_r1_spalin-divide-beta9.txt --nInitials 10 --ultrametric --randomreps 3 --divide --given_beta 9 --incl_beta_bound
Optimization by Spalin-Divide: Scipy-SLSQP using spatial information
Optimizing branch lengths, phi, and nu without topology search
Initial point 1. Random seed: 4300
Solving with ultrametric constraint
Optimal point found for initial point 1
Negative llh: 193.89031336850383
Dropout rate: 6.92436756437362e-10
Silencing rate: 4.69689123289731e-10
Sigma: 4.6236548245804565
Initial point 2. Random seed: 1056
Solving with ultrametric constraint
Optimal point found for initial point 2
Negative llh: 193.89031327868548
Dropout rate: 1.6859077877777509e-10
Silencing rate: 1.6502820689472418e-10
Sigma: 4.623696102822046
Initial point 3. Random seed: 1831
Solving with ultrametric constraint
Optimal point found for initial point 3
Negative llh: 193.89031460094708
Dropout rate: 9.999999999999996e-11
Silencing rate: 9.999999999999996e-11
Sigma: 4.623644219821895
Initial point 4. Random seed: 5617
Solving with ultrametric constraint
Optimal point found for initial point 4
Negative llh: 193.8903136597866
Dropout rate: 5.540559392592102e-10
Silencing rate: 2.6692876486727324e-10
Sigma: 4.623642059223792
Initial point 5. Random seed: 9924
Solving with ultrametric constraint
Optimal point found for initial point 5
Negative llh: 193.89031375770276
Dropout rate: 1.3155304187842943e-10
Silencing rate: 1.1160274508238862e-10
Sigma: 4.623601150462854
Initial point 6. Random seed: 156
Solving with ultrametric constraint
Optimal point found for initial point 6
Negative llh: 193.89031438126432
Dropout rate: 1.5307308765587673e-10
Silencing rate: 1.1938275570189793e-10
Sigma: 4.623592898831792
Initial point 7. Random seed: 5235
Solving with ultrametric constraint
Optimal point found for initial point 7
Negative llh: 193.89031325406512
Dropout rate: 2.2349682910677284e-10
Silencing rate: 1.45450129199918e-10
Sigma: 4.623676674369305
Initial point 8. Random seed: 1109
Solving with ultrametric constraint
Optimal point found for initial point 8
Negative llh: 193.8903150067116
Dropout rate: 2.4322598322185145e-10
Silencing rate: 1.946139239774104e-10
Sigma: 4.62368410223396
Initial point 9. Random seed: 823
Solving with ultrametric constraint
Optimal point found for initial point 9
Negative llh: 193.89031426982416
Dropout rate: 2.963658997732631e-10
Silencing rate: 3.519460142731492e-10
Sigma: 4.623608357054861
Initial point 10. Random seed: 6709
Solving with ultrametric constraint
Optimal point found for initial point 10
Negative llh: 193.89031372546845
Dropout rate: 1.3250125929330472e-10
Silencing rate: 1.1194868367249618e-10
Sigma: 4.6236599248021095
Runtime (s): 1145.0376190841198
