Launching Problin version 0.5b
Problin was called as follow: /u/gh2161/Spatial-Division/problin/run_problin.py -c real_location_data/s9c5/k10_r2_character_matrix.csv -t real_location_data/s9c5/true_tree.nwk -S real_location_data/s9c5/leaf_locations.txt --delimiter comma -p real_location_data/s9c5/k10_priors.csv -o real_location_data/s9c5/k10_r2_spalin-divide-beta5_10_range.txt --nInitials 10 --ultrametric --randomreps 3 --divide --given_lower_beta 5 --given_upper_beta 10 --incl_beta_bound
Optimization by Spalin-Divide: Scipy-SLSQP using spatial information
{'sigma': 22, 'nu': 1e-10, 'phi': 1e-10, 'lower_beta': 5.0, 'upper_beta': 10.0, 'incl_beta_bound': True, 'displacement_amounts': {}}
Optimizing branch lengths, phi, and nu without topology search
Initial point 1. Random seed: 501
Solving with ultrametric constraint
Optimal point found for initial point 1
Negative llh: 213.01543075626643
Dropout rate: 1.0380542987415488e-07
Silencing rate: 4.01108888598046e-08
Sigma: 5.6312284783018285
Initial point 2. Random seed: 2019
Solving with ultrametric constraint
Optimal point found for initial point 2
Negative llh: 214.669198767272
Dropout rate: 1.3321264314362888e-08
Silencing rate: 2.383818847838892e-09
Sigma: 5.7470769743477454
Initial point 3. Random seed: 3450
Solving with ultrametric constraint
Optimal point found for initial point 3
Negative llh: 215.79454849868773
Dropout rate: 3.4669024797817195e-08
Silencing rate: 1.6857925586404566e-08
Sigma: 5.9279317965128255
Initial point 4. Random seed: 1269
Solving with ultrametric constraint
Optimal point found for initial point 4
Negative llh: 214.92004018320046
Dropout rate: 1.1243865123567267e-09
Silencing rate: 5.662130580026527e-10
Sigma: 5.79876306977899
Initial point 5. Random seed: 5685
Solving with ultrametric constraint
Optimal point found for initial point 5
Negative llh: 212.71846555581845
Dropout rate: 3.3627444294625097e-10
Silencing rate: 2.2298732975038186e-10
Sigma: 5.61896315006843
Initial point 6. Random seed: 9411
Solving with ultrametric constraint
Optimal point found for initial point 6
Negative llh: 217.0987454877479
Dropout rate: 5.4879849866829345e-08
Silencing rate: 1.5956510245241705e-08
Sigma: 5.988591751135755
Initial point 7. Random seed: 1976
Solving with ultrametric constraint
Optimal point found for initial point 7
Negative llh: 216.99063008216768
Dropout rate: 1.0593575433996173e-08
Silencing rate: 3.182121630153467e-09
Sigma: 5.961283687062387
Initial point 8. Random seed: 7529
Solving with ultrametric constraint
Optimal point found for initial point 8
Negative llh: 217.0862027295637
Dropout rate: 1e-10
Silencing rate: 1e-10
Sigma: 6.015390887730573
Initial point 9. Random seed: 3063
Solving with ultrametric constraint
Optimal point found for initial point 9
Negative llh: 214.00036124420322
Dropout rate: 2.924282158613647e-10
Silencing rate: 1.3474970783844732e-10
Sigma: 5.635890901378212
Initial point 10. Random seed: 6016
Solving with ultrametric constraint
Optimal point found for initial point 10
Negative llh: 217.10588694817034
Dropout rate: 2.340032804105046e-08
Silencing rate: 3.333323800838915e-08
Sigma: 5.989395593851054
Runtime (s): 717.784052698873
