Launching Problin version 0.5b
Problin was called as follow: /u/gh2161/Spatial-Division/problin/run_problin.py -c real_location_data/s17c1/k10_r3_character_matrix.csv -t real_location_data/s17c1/true_tree.nwk -S real_location_data/s17c1/leaf_locations.txt --delimiter comma -p real_location_data/s17c1/k10_priors.csv -o real_location_data/s17c1/k10_r3_spalin.txt --nInitials 10 --ultrametric --randomreps 3
Optimization by Spalin: Scipy-SLSQP using spatial information
Optimizing branch lengths, phi, and nu without topology search
Initial point 1. Random seed: 6084
Solving with ultrametric constraint
Optimal point found for initial point 1
Negative llh: 243.07590626363034
Dropout rate: 1e-10
Silencing rate: 1e-10
Sigma: 1.4512420133834996
Lambda: 0.004964770832963934
Initial point 2. Random seed: 4391
Solving with ultrametric constraint
Optimal point found for initial point 2
Negative llh: 243.0764982439625
Dropout rate: 3.6024475645305997e-09
Silencing rate: 2.0986063139636025e-09
Sigma: 1.4518612153440256
Lambda: 0.00495937220173564
Initial point 3. Random seed: 7822
Solving with ultrametric constraint
Optimal point found for initial point 3
Negative llh: 243.0758536564094
Dropout rate: 1e-10
Silencing rate: 1e-10
Sigma: 1.451612600367426
Lambda: 0.004965233477852865
Initial point 4. Random seed: 9840
Solving with ultrametric constraint
Optimal point found for initial point 4
Negative llh: 243.07583292165504
Dropout rate: 1e-10
Silencing rate: 1e-10
Sigma: 1.4516250945841465
Lambda: 0.00496509247300973
Initial point 5. Random seed: 7190
Solving with ultrametric constraint
Optimal point found for initial point 5
Negative llh: 243.0763201987002
Dropout rate: 2.18579372056862e-09
Silencing rate: 1.0570925713066306e-09
Sigma: 1.4514922489969226
Lambda: 0.004964895884957043
Initial point 6. Random seed: 2447
Solving with ultrametric constraint
Optimal point found for initial point 6
Negative llh: 243.07583695841976
Dropout rate: 1e-10
Silencing rate: 1e-10
Sigma: 1.4516279751939372
Lambda: 0.004965340061353918
Initial point 7. Random seed: 3157
Solving with ultrametric constraint
Optimal point found for initial point 7
Negative llh: 243.0758698326302
Dropout rate: 8.012183085260861e-10
Silencing rate: 4.1088891498102757e-10
Sigma: 1.4517157540371077
Lambda: 0.004963228354883202
Initial point 8. Random seed: 3878
Solving with ultrametric constraint
Optimal point found for initial point 8
Negative llh: 295.4515036768944
Dropout rate: 2.6589297276196972e-08
Silencing rate: 4.3072428413516126e-08
Sigma: 8.302677782955518
Lambda: 0.006134752260452484
Initial point 9. Random seed: 4380
Solving with ultrametric constraint
Optimal point found for initial point 9
Negative llh: 243.07633858148802
Dropout rate: 3.579049347752181e-10
Silencing rate: 2.6331275111910924e-10
Sigma: 1.4518983799185383
Lambda: 0.004961243664967024
Initial point 10. Random seed: 650
Solving with ultrametric constraint
Optimal point found for initial point 10
Negative llh: 243.07598810459922
Dropout rate: 1.0000012826146555e-10
Silencing rate: 1.0000007421682979e-10
Sigma: 1.451645365346459
Lambda: 0.004966069985374026
{'lambda_param': 0.00496509247300973, 'phi': 1e-10, 'nu': 1e-10, 'sigma': 1.4516250945841465, 'locations': {'216_1': (258.0, 367.0), '216_3': (232.0, 352.0), '216_2': (239.0, 366.0), '216_5': (239.0, 319.0), '216_4': (233.0, 334.0), '216_7': (254.0, 321.0), '216_6': (245.0, 331.0), '216_18': (264.0, 329.0), '216_17': (258.0, 339.0), '216_20': (257.0, 308.0), '216_19': (274.0, 325.0), '216_16': (250.0, 373.0), '216_15': (264.0, 360.0), '216_14': (265.0, 371.0), '216_11': (250.0, 346.0), '216_10': (247.0, 355.0), '216_13': (268.0, 347.0), '216_12': (274.0, 338.0), '216_9': (219.0, 336.0), '216_8': (227.0, 366.0)}}
Runtime (s): 550.4115453222767
