Launching Problin version 0.5b
Problin was called as follow: /u/gh2161/Spatial-Division/problin/run_problin.py -c real_location_data/s17c1/k10_r1_character_matrix.csv -t real_location_data/s17c1/true_tree.nwk -S real_location_data/s17c1/leaf_locations.txt --delimiter comma -p real_location_data/s17c1/k10_priors.csv -o real_location_data/s17c1/k10_r1_spalin-spatialonly.txt --nInitials 10 --ultrametric --randomreps 3 --spatial_only
Optimization by Spalin: Scipy-SLSQP using spatial information
Optimizing branch lengths, phi, and nu without topology search
only spatial
Initial point 1. Random seed: 9729
Solving with ultrametric constraint
Optimal point found for initial point 1
Negative llh: 117.24610040213538
Dropout rate: 0.15686398587317407
Silencing rate: 0.23309804265183678
Sigma: 2.092959010953294
Lambda: 1.0
Initial point 2. Random seed: 2849
Solving with ultrametric constraint
Optimal point found for initial point 2
Negative llh: 117.24610040213538
Dropout rate: 0.43186987864109977
Silencing rate: 0.5163410834668667
Sigma: 2.092959010953294
Lambda: 1.0
Initial point 3. Random seed: 3843
Solving with ultrametric constraint
Optimal point found for initial point 3
Negative llh: 117.24610040213538
Dropout rate: 0.12618021928284828
Silencing rate: 0.06454925771194121
Sigma: 2.092959010953294
Lambda: 1.0
Initial point 4. Random seed: 3227
Solving with ultrametric constraint
Optimal point found for initial point 4
Negative llh: 117.24610040213538
Dropout rate: 0.1973346312831151
Silencing rate: 0.5067204729779364
Sigma: 2.092959010953294
Lambda: 1.0
Initial point 5. Random seed: 5530
Solving with ultrametric constraint
Optimal point found for initial point 5
Negative llh: 117.24610040213538
Dropout rate: 0.41948597976935464
Silencing rate: 0.9810525050693578
Sigma: 2.092959010953294
Lambda: 1.0
Initial point 6. Random seed: 7120
Solving with ultrametric constraint
Optimal point found for initial point 6
Negative llh: 117.24610040213538
Dropout rate: 0.34758440593217504
Silencing rate: 0.7468211299021961
Sigma: 2.092959010953294
Lambda: 1.0
Initial point 7. Random seed: 929
Solving with ultrametric constraint
Optimal point found for initial point 7
Negative llh: 117.24610040213538
Dropout rate: 0.6514528428545013
Silencing rate: 0.21467744742632477
Sigma: 2.092959010953294
Lambda: 1.0
Initial point 8. Random seed: 7678
Solving with ultrametric constraint
Optimal point found for initial point 8
Negative llh: 117.24610040213538
Dropout rate: 0.5595998381642734
Silencing rate: 0.6109447169497538
Sigma: 2.092959010953294
Lambda: 1.0
Initial point 9. Random seed: 7995
Solving with ultrametric constraint
Optimal point found for initial point 9
Negative llh: 117.24610040213538
Dropout rate: 0.33075103603888234
Silencing rate: 0.5447374504623971
Sigma: 2.092959010953294
Lambda: 1.0
Initial point 10. Random seed: 7485
Solving with ultrametric constraint
Optimal point found for initial point 10
Negative llh: 117.24610040213538
Dropout rate: 0.3756595265067223
Silencing rate: 0.24497452023447486
Sigma: 2.092959010953294
Lambda: 1.0
{'lambda_param': 1.0, 'phi': 0.15686398587317407, 'nu': 0.23309804265183678, 'sigma': 2.092959010953294, 'locations': {'216_1': (258.0, 367.0), '216_3': (232.0, 352.0), '216_2': (239.0, 366.0), '216_5': (239.0, 319.0), '216_4': (233.0, 334.0), '216_7': (254.0, 321.0), '216_6': (245.0, 331.0), '216_18': (264.0, 329.0), '216_17': (258.0, 339.0), '216_20': (257.0, 308.0), '216_19': (274.0, 325.0), '216_16': (250.0, 373.0), '216_15': (264.0, 360.0), '216_14': (265.0, 371.0), '216_11': (250.0, 346.0), '216_10': (247.0, 355.0), '216_13': (268.0, 347.0), '216_12': (274.0, 338.0), '216_9': (219.0, 336.0), '216_8': (227.0, 366.0)}}
Runtime (s): 178.05909151025116
