Launching Problin version 0.5b
Problin was called as follow: /u/gh2161/Spatial-Division/problin/run_problin.py -c simulated_seq_simulated_loc/s18c1/k200_character_matrix.csv -t simulated_seq_simulated_loc/s18c1/true_tree.nwk --delimiter comma -p simulated_seq_simulated_loc/s18c1/k200_priors.csv -o simulated_seq_simulated_loc/s18c1/k200_problin.txt --nInitials 10 --ultrametric --solver Scipy
Optimization by generic solver (Scipy-SLSQP)
Optimizing branch lengths, phi, and nu without topology search
Initial point 1. Random seed: 4046
Solving with ultrametric constraint
Optimal point found for initial point 1
Negative llh: 1624.671720355703
Dropout rate: 1.609885169065635e-08
Silencing rate: 7.4472538441217935e-09
Initial point 2. Random seed: 8688
Solving with ultrametric constraint
Optimal point found for initial point 2
Negative llh: 1624.6852918851494
Dropout rate: 1.0106034285636269e-10
Silencing rate: 1.004875531885773e-10
Initial point 3. Random seed: 7380
Solving with ultrametric constraint
Optimal point found for initial point 3
Negative llh: 1624.8817544973313
Dropout rate: 9.999999999979575e-11
Silencing rate: 1.0000000000000751e-10
Initial point 4. Random seed: 5403
Solving with ultrametric constraint
Optimal point found for initial point 4
Negative llh: 1624.833593211735
Dropout rate: 1e-10
Silencing rate: 1e-10
Initial point 5. Random seed: 6258
Solving with ultrametric constraint
Optimal point found for initial point 5
Negative llh: 1624.63836122154
Dropout rate: 1.0571400245669555e-10
Silencing rate: 1.0262290486218131e-10
Initial point 6. Random seed: 2553
Solving with ultrametric constraint
Optimal point found for initial point 6
Negative llh: 1624.6585770785791
Dropout rate: 1.000000000000009e-10
Silencing rate: 9.999999999999924e-11
Initial point 7. Random seed: 8081
Solving with ultrametric constraint
Optimal point found for initial point 7
Negative llh: 1624.6493959545924
Dropout rate: 1.0000000000000007e-10
Silencing rate: 9.999999999999996e-11
Initial point 8. Random seed: 8598
Solving with ultrametric constraint
Optimal point found for initial point 8
Negative llh: 1624.639308445825
Dropout rate: 4.716485755986261e-08
Silencing rate: 2.1718894357477533e-08
Initial point 9. Random seed: 9792
Solving with ultrametric constraint
Optimal point found for initial point 9
Negative llh: 1624.6658483806953
Dropout rate: 1e-10
Silencing rate: 1e-10
Initial point 10. Random seed: 9519
Solving with ultrametric constraint
Optimal point found for initial point 10
Negative llh: 1624.707895865879
Dropout rate: 1e-10
Silencing rate: 1e-10
Runtime (s): 318.2602074248716
