Launching Problin version 0.5b
Problin was called as follow: /u/gh2161/Spatial-Division/problin/run_problin.py -c real_location_data/s2c8/k10_r4_character_matrix.csv -t real_location_data/s2c8/true_tree.nwk -S real_location_data/s2c8/leaf_locations.txt --delimiter comma -p real_location_data/s2c8/k10_priors.csv -o real_location_data/s2c8/k10_r4_spalin-divide-beta8.txt --nInitials 10 --ultrametric --randomreps 3 --divide --given_beta 8 --incl_beta_bound
Optimization by Spalin-Divide: Scipy-SLSQP using spatial information
Optimizing branch lengths, phi, and nu without topology search
Initial point 1. Random seed: 2731
Solving with ultrametric constraint
Optimal point found for initial point 1
Negative llh: 104.89693455052507
Dropout rate: 9.32524488714858e-10
Silencing rate: 5.612379340225486e-10
Sigma: 3.152007851568494
Initial point 2. Random seed: 1871
Solving with ultrametric constraint
Optimal point found for initial point 2
Negative llh: 104.89693455485983
Dropout rate: 1e-10
Silencing rate: 1e-10
Sigma: 3.152022263126897
Initial point 3. Random seed: 6830
Solving with ultrametric constraint
Optimal point found for initial point 3
Negative llh: 104.89693453810297
Dropout rate: 8.906633035552135e-10
Silencing rate: 6.58476656806638e-10
Sigma: 3.1519529387798886
Initial point 4. Random seed: 1646
Solving with ultrametric constraint
Optimal point found for initial point 4
Negative llh: 104.89693407927918
Dropout rate: 1.697540607547765e-10
Silencing rate: 1.5307015374391935e-10
Sigma: 3.151977887501292
Initial point 5. Random seed: 5417
Solving with ultrametric constraint
Optimal point found for initial point 5
Negative llh: 104.89693601687848
Dropout rate: 2.2577266601261697e-10
Silencing rate: 2.658537227122797e-10
Sigma: 3.1520051828468914
Initial point 6. Random seed: 4044
Solving with ultrametric constraint
Optimal point found for initial point 6
Negative llh: 104.896934071919
Dropout rate: 1.2765362481139965e-10
Silencing rate: 1.387246452664692e-10
Sigma: 3.1519819340769293
Initial point 7. Random seed: 3847
Solving with ultrametric constraint
Optimal point found for initial point 7
Negative llh: 104.89693409211318
Dropout rate: 1.000750853355962e-10
Silencing rate: 1.8534839943671228e-10
Sigma: 3.1519822457379636
Initial point 8. Random seed: 1548
Solving with ultrametric constraint
Optimal point found for initial point 8
Negative llh: 104.89693406406015
Dropout rate: 1.2109076162047532e-10
Silencing rate: 1.2477183695415814e-10
Sigma: 3.1519796754073313
Initial point 9. Random seed: 8546
Solving with ultrametric constraint
Optimal point found for initial point 9
Negative llh: 104.89693449693833
Dropout rate: 1.0000000000000007e-10
Silencing rate: 1.0000000000000007e-10
Sigma: 3.1519207028634946
Initial point 10. Random seed: 1659
Solving with ultrametric constraint
Optimal point found for initial point 10
Negative llh: 104.89693412522968
Dropout rate: 1.722951420467467e-10
Silencing rate: 1.7085219959558616e-10
Sigma: 3.151978018361654
Runtime (s): 510.24836443795357
