Launching Problin version 0.5b
Problin was called as follow: /u/gh2161/Spatial-Division/problin/run_problin.py -c real_location_data/s2c8/k10_r3_character_matrix.csv -t real_location_data/s2c8/true_tree.nwk -S real_location_data/s2c8/leaf_locations.txt --delimiter comma -p real_location_data/s2c8/k10_priors.csv -o real_location_data/s2c8/k10_r3_spalin-divide-beta8.txt --nInitials 10 --ultrametric --randomreps 3 --divide --given_beta 8 --incl_beta_bound
Optimization by Spalin-Divide: Scipy-SLSQP using spatial information
Optimizing branch lengths, phi, and nu without topology search
Initial point 1. Random seed: 6433
Solving with ultrametric constraint
Optimal point found for initial point 1
Negative llh: 121.72390409780263
Dropout rate: 1.0338471589309198e-10
Silencing rate: 1.0346937827282559e-10
Sigma: 3.558338810737403
Initial point 2. Random seed: 4727
Solving with ultrametric constraint
Optimal point found for initial point 2
Negative llh: 121.72389791137428
Dropout rate: 1e-10
Silencing rate: 1e-10
Sigma: 3.558582433239708
Initial point 3. Random seed: 7578
Solving with ultrametric constraint
Optimal point found for initial point 3
Negative llh: 121.7238978080093
Dropout rate: 1.0027644277167746e-10
Silencing rate: 1.0009703816789822e-10
Sigma: 3.5585202098738167
Initial point 4. Random seed: 3124
Solving with ultrametric constraint
Optimal point found for initial point 4
Negative llh: 121.72391175505687
Dropout rate: 2.685507849918096e-10
Silencing rate: 3.0510644205382753e-10
Sigma: 3.5583533849063342
Initial point 5. Random seed: 6324
Solving with ultrametric constraint
Optimal point found for initial point 5
Negative llh: 121.72389792258743
Dropout rate: 2.861211169926824e-10
Silencing rate: 2.2069901031363763e-10
Sigma: 3.558556294320795
Initial point 6. Random seed: 4095
Solving with ultrametric constraint
Optimal point found for initial point 6
Negative llh: 121.72390336500632
Dropout rate: 9.6017206486198e-10
Silencing rate: 1.1398436824776563e-09
Sigma: 3.5584684681614234
Initial point 7. Random seed: 6737
Solving with ultrametric constraint
Optimal point found for initial point 7
Negative llh: 121.72389790561867
Dropout rate: 1.1318717248303885e-10
Silencing rate: 2.835849561239836e-10
Sigma: 3.5585197397574917
Initial point 8. Random seed: 8455
Solving with ultrametric constraint
Optimal point found for initial point 8
Negative llh: 121.72390165700573
Dropout rate: 9.3286191956785e-10
Silencing rate: 9.840803604645082e-10
Sigma: 3.5582446403502983
Initial point 9. Random seed: 5731
Solving with ultrametric constraint
Optimal point found for initial point 9
Negative llh: 121.72389791450743
Dropout rate: 1e-10
Silencing rate: 1e-10
Sigma: 3.5585226599333835
Initial point 10. Random seed: 6740
Solving with ultrametric constraint
Optimal point found for initial point 10
Negative llh: 121.72390333769276
Dropout rate: 3.008120832853762e-10
Silencing rate: 1.7091787628202605e-10
Sigma: 3.5584050150380455
Runtime (s): 284.0220556091517
