Launching Problin version 0.5b
Problin was called as follow: /u/gh2161/Spatial-Division/problin/run_problin.py -c intmem_real_data/s5c11/characters.txt -t intmem_real_data/s5c11/true_tree.nwk -S intmem_real_data/s5c11/leaf_locations.txt --delimiter comma -p intmem_real_data/s5c11/prior.csv -o intmem_real_data/s5c11/spalin-divide-est-radius.txt --nInitials 10 --ultrametric --randomreps 3 --divide
Optimization by Spalin-Divide: Scipy-SLSQP using spatial information
Optimizing branch lengths, phi, and nu without topology search
We need to optimize the radius
Initial point 1. Random seed: 7992
Solving with ultrametric constraint
Optimal point found for initial point 1
Negative llh: 56.73459462590456
Dropout rate: 1.0000000000000002e-10
Silencing rate: 1e-10
Sigma: 0.6903554236897426
Lambda: 0.001343180938436208
Initial point 2. Random seed: 3473
Solving with ultrametric constraint
Optimal point found for initial point 2
Negative llh: 56.73249193469334
Dropout rate: 1e-10
Silencing rate: 1e-10
Sigma: 0.69068531655538
Lambda: 0.0013463921801491982
Initial point 3. Random seed: 1808
Solving with ultrametric constraint
Optimal point found for initial point 3
Negative llh: 56.732491966326165
Dropout rate: 4.0009752146890403e-10
Silencing rate: 1.6118508942901354e-10
Sigma: 0.6906889577497352
Lambda: 0.0013464479006597525
Initial point 4. Random seed: 6239
Solving with ultrametric constraint
Optimal point found for initial point 4
Negative llh: 56.732492063851744
Dropout rate: 1.0000000000000002e-10
Silencing rate: 1.2235507783697208e-10
Sigma: 0.6907161278383217
Lambda: 0.0013464469861568249
Initial point 5. Random seed: 8284
Solving with ultrametric constraint
Optimal point found for initial point 5
Negative llh: 56.73249194818855
Dropout rate: 1.0000000000000002e-10
Silencing rate: 1e-10
Sigma: 0.690693821793449
Lambda: 0.0013464464839164827
Initial point 6. Random seed: 714
Solving with ultrametric constraint
Optimal point found for initial point 6
Negative llh: 56.732491890503454
Dropout rate: 1e-10
Silencing rate: 1e-10
Sigma: 0.6906923706538423
Lambda: 0.0013464254098471296
Initial point 7. Random seed: 6720
Solving with ultrametric constraint
Optimal point found for initial point 7
Negative llh: 56.732492056414515
Dropout rate: 1e-10
Silencing rate: 1e-10
Sigma: 0.6907119162919442
Lambda: 0.0013464903548990035
Initial point 8. Random seed: 2033
Solving with ultrametric constraint
Optimal point found for initial point 8
Negative llh: 56.733912078705636
Dropout rate: 7.312463247014619e-10
Silencing rate: 9.999999999999996e-11
Sigma: 0.69052321834497
Lambda: 0.0013440393862722184
Initial point 9. Random seed: 8955
Solving with ultrametric constraint
Optimal point found for initial point 9
Negative llh: 56.73249207249432
Dropout rate: 9.999999999999996e-11
Silencing rate: 9.999999999999996e-11
Sigma: 0.6906911545766958
Lambda: 0.001346437560216614
Initial point 10. Random seed: 7642
Solving with ultrametric constraint
Optimal point found for initial point 10
Negative llh: 62.83887047177129
Dropout rate: 2.1056168248511095e-10
Silencing rate: 1.1068301280050022e-10
Sigma: 0.8138616922704817
Lambda: 0.0014480285939896217
{'lambda_param': 0.0013464254098471296, 'phi': 1e-10, 'nu': 1e-10, 'sigma': 0.6906923706538423, 'locations': {'216_8': (99.0, 213.0), '216_7': (107.0, 240.0), '216_6': (96.0, 233.0), '216_5': (108.0, 255.0), '216_4': (102.0, 263.0), '216_3': (119.0, 259.0), '216_2': (90.0, 273.0), '216_1': (116.0, 274.0)}, 'radius': 12.760062052399629, 'thetas': {'195_1': 6.321627968517274, '196_3': 6.052092698694467, '153_1': 2.1235383684232447, '202_5': 1.0714500151054078, '205_7': 1.282742703832479, '161_3': 7.9106380282959465, '113_2': 7.740529791661803}}
Runtime (s): 136.09578279592097
