Launching Problin version 0.5b
Problin was called as follow: /u/gh2161/Spatial-Division/problin/run_problin.py -c intmem_real_data/s20c5/characters.txt -t intmem_real_data/s20c5/true_tree.nwk -S intmem_real_data/s20c5/leaf_locations.txt --delimiter comma -p intmem_real_data/s20c5/prior.csv -o intmem_real_data/s20c5/spalin_spatialonly.txt --nInitials 10 --ultrametric --spatial_only
Optimization by Spalin: Scipy-SLSQP using spatial information
Optimizing branch lengths, phi, and nu without topology search
only spatial
Initial point 1. Random seed: 9195
Solving with ultrametric constraint
Optimal point found for initial point 1
Negative llh: 101.0996092232113
Dropout rate: 0.9224151665314498
Silencing rate: 0.7280995513342823
Sigma: 3.6502734515530157
Lambda: 1.0
Initial point 2. Random seed: 3074
Solving with ultrametric constraint
Optimal point found for initial point 2
Negative llh: 101.0996092232113
Dropout rate: 0.3671525898321183
Silencing rate: 0.7599727389014785
Sigma: 3.6502734515530157
Lambda: 1.0
Initial point 3. Random seed: 1230
Solving with ultrametric constraint
Optimal point found for initial point 3
Negative llh: 101.0996092232113
Dropout rate: 0.40652321100021954
Silencing rate: 0.7265446583425773
Sigma: 3.6502734515530157
Lambda: 1.0
Initial point 4. Random seed: 7275
Solving with ultrametric constraint
Optimal point found for initial point 4
Negative llh: 101.0996092232113
Dropout rate: 0.6653697296529058
Silencing rate: 0.31754898507962015
Sigma: 3.6502734515530157
Lambda: 1.0
Initial point 5. Random seed: 215
Solving with ultrametric constraint
Optimal point found for initial point 5
Negative llh: 101.0996092232113
Dropout rate: 0.312517200866074
Silencing rate: 0.15354478535946467
Sigma: 3.6502734515530157
Lambda: 1.0
Initial point 6. Random seed: 1847
Solving with ultrametric constraint
Optimal point found for initial point 6
Negative llh: 101.0996092232113
Dropout rate: 0.4710215318408807
Silencing rate: 0.3649918196384329
Sigma: 3.6502734515530157
Lambda: 1.0
Initial point 7. Random seed: 4328
Solving with ultrametric constraint
Optimal point found for initial point 7
Negative llh: 101.0996092232113
Dropout rate: 0.011057134453653026
Silencing rate: 0.2280872897841042
Sigma: 3.6502734515530157
Lambda: 1.0
Initial point 8. Random seed: 4402
Solving with ultrametric constraint
Optimal point found for initial point 8
Negative llh: 101.0996092232113
Dropout rate: 0.2841145031553108
Silencing rate: 0.030344343002116077
Sigma: 3.6502734515530157
Lambda: 1.0
Initial point 9. Random seed: 3899
Solving with ultrametric constraint
Optimal point found for initial point 9
Negative llh: 101.0996092232113
Dropout rate: 0.0966029598163878
Silencing rate: 0.46591177135806017
Sigma: 3.6502734515530157
Lambda: 1.0
Initial point 10. Random seed: 8285
Solving with ultrametric constraint
Optimal point found for initial point 10
Negative llh: 101.0996092232113
Dropout rate: 0.6170878209448872
Silencing rate: 0.061822991942484334
Sigma: 3.6502734515530157
Lambda: 1.0
{'lambda_param': 1.0, 'phi': 0.9224151665314498, 'nu': 0.7280995513342823, 'sigma': 3.6502734515530157, 'locations': {'216_10': (160.0, 222.0), '216_9': (172.0, 232.0), '216_8': (202.0, 220.0), '216_7': (145.0, 259.0), '216_14': (247.0, 227.0), '216_13': (218.0, 223.0), '216_12': (189.0, 213.0), '216_11': (176.0, 223.0), '216_1': (259.0, 258.0), '216_6': (233.0, 221.0), '216_5': (191.0, 224.0), '216_4': (123.0, 244.0), '216_3': (159.0, 235.0), '216_2': (152.0, 296.0)}}
Runtime (s): 78.3493780195713
