Launching Problin version 0.5b
Problin was called as follow: /u/gh2161/Spatial-Division/problin/run_problin.py -c intmem_real_data/s4c4/characters.txt -t intmem_real_data/s4c4/true_tree.nwk -S intmem_real_data/s4c4/leaf_locations.txt --delimiter comma -p intmem_real_data/s4c4/prior.csv -o intmem_real_data/s4c4/spalin.txt --nInitials 10 --ultrametric --randomreps 3
Optimization by Spalin: Scipy-SLSQP using spatial information
Optimizing branch lengths, phi, and nu without topology search
Initial point 1. Random seed: 3990
Solving with ultrametric constraint
Optimal point found for initial point 1
Negative llh: 79.09659312232957
Dropout rate: 1.3085495417443378e-10
Silencing rate: 1.0301899643553546e-10
Sigma: 2.1317619961714303
Lambda: 0.0009766193458183247
Initial point 2. Random seed: 2394
Solving with ultrametric constraint
Optimal point found for initial point 2
Negative llh: 49.32367564407415
Dropout rate: 1e-10
Silencing rate: 1e-10
Sigma: 1.5808301064283194
Lambda: 0.018780306618623392
Initial point 3. Random seed: 9645
Solving with ultrametric constraint
Optimal point found for initial point 3
Negative llh: 49.32367468216513
Dropout rate: 1e-10
Silencing rate: 1e-10
Sigma: 1.5808594379998724
Lambda: 0.018781252316144727
Initial point 4. Random seed: 4501
Solving with ultrametric constraint
Optimal point found for initial point 4
Negative llh: 79.09601830430134
Dropout rate: 1.0333321502519369e-10
Silencing rate: 1.0076685004698842e-10
Sigma: 2.1226670278064934
Lambda: 0.0009766516009856211
Initial point 5. Random seed: 9086
Solving with ultrametric constraint
Optimal point found for initial point 5
Negative llh: 79.09561570584603
Dropout rate: 1.1476011280037554e-10
Silencing rate: 1.0248718214723098e-10
Sigma: 2.1264359304789524
Lambda: 0.000976677560910497
Initial point 6. Random seed: 6852
Solving with ultrametric constraint
Optimal point found for initial point 6
Negative llh: 79.0967368259268
Dropout rate: 1.1352647613666779e-10
Silencing rate: 1.0116253314297315e-10
Sigma: 2.132380624083193
Lambda: 0.000976618018045166
Initial point 7. Random seed: 7934
Solving with ultrametric constraint
Optimal point found for initial point 7
Negative llh: 79.09578291986513
Dropout rate: 1e-10
Silencing rate: 1e-10
Sigma: 2.1290650954680705
Lambda: 0.0009766543499515363
Initial point 8. Random seed: 14
Solving with ultrametric constraint
Optimal point found for initial point 8
Negative llh: 79.0957770193996
Dropout rate: 1.2740716053827224e-10
Silencing rate: 1.1022613112869251e-10
Sigma: 2.1290363966821384
Lambda: 0.0009766553161025767
Initial point 9. Random seed: 8083
Solving with ultrametric constraint
Optimal point found for initial point 9
Negative llh: 79.09556522382825
Dropout rate: 1.339259699027402e-10
Silencing rate: 1.0686546643723394e-10
Sigma: 2.132031332171346
Lambda: 0.0009766721982205145
Initial point 10. Random seed: 6366
Solving with ultrametric constraint
Optimal point found for initial point 10
Negative llh: 49.32367477963871
Dropout rate: 1.9202891853538967e-10
Silencing rate: 3.137309325700065e-10
Sigma: 1.5808827506823302
Lambda: 0.018778876452561384
{'lambda_param': 0.018781252316144727, 'phi': 1e-10, 'nu': 1e-10, 'sigma': 1.5808594379998724, 'locations': {'216_7': (299.0, 79.0), '216_6': (339.0, 113.0), '216_5': (305.0, 116.0), '216_4': (287.0, 87.0), '216_3': (300.0, 106.0)}}
Runtime (s): 8.805075111798942
