Launching Problin version 0.5b
Problin was called as follow: /u/gh2161/Spatial-Division/problin/run_problin.py -c simulated_seq_simulated_loc/s20c5/k50_character_matrix.csv -t simulated_seq_simulated_loc/s20c5/true_tree.nwk --delimiter comma -p simulated_seq_simulated_loc/s20c5/k50_priors.csv -o simulated_seq_simulated_loc/s20c5/k50_problin.txt --nInitials 10 --ultrametric --solver Scipy
Optimization by generic solver (Scipy-SLSQP)
Optimizing branch lengths, phi, and nu without topology search
Initial point 1. Random seed: 3953
Solving with ultrametric constraint
Fatal: failed to optimize using initial point 1
Initial point 2. Random seed: 7378
Solving with ultrametric constraint
Fatal: failed to optimize using initial point 2
Initial point 3. Random seed: 821
Solving with ultrametric constraint
Fatal: failed to optimize using initial point 3
Initial point 4. Random seed: 1133
Solving with ultrametric constraint
Optimal point found for initial point 4
Negative llh: 493.5251299482628
Dropout rate: 2.990771728792918e-10
Silencing rate: 2.5515802204766084e-10
Initial point 5. Random seed: 3396
Solving with ultrametric constraint
Optimal point found for initial point 5
Negative llh: 493.5267386046792
Dropout rate: 1e-10
Silencing rate: 1e-10
Initial point 6. Random seed: 3436
Solving with ultrametric constraint
Optimal point found for initial point 6
Negative llh: 493.5256435220782
Dropout rate: 1.0048412289288535e-10
Silencing rate: 1.0037706058719777e-10
Initial point 7. Random seed: 8115
Solving with ultrametric constraint
Optimal point found for initial point 7
Negative llh: 493.52526357061373
Dropout rate: 2.1122536244066467e-08
Silencing rate: 1.6465814795988092e-08
Initial point 8. Random seed: 3971
Solving with ultrametric constraint
Fatal: failed to optimize using initial point 8
Initial point 9. Random seed: 8655
Solving with ultrametric constraint
Fatal: failed to optimize using initial point 9
Initial point 10. Random seed: 1040
Solving with ultrametric constraint
Optimal point found for initial point 10
Negative llh: 493.52496243637313
Dropout rate: 1.2256201336184705e-09
Silencing rate: 9.41407823853913e-10
Runtime (s): 176.6491760588251
