Launching Problin version 0.5b
Problin was called as follow: run_problin.py -c spalin_simulations_with_sep/s7c5/k10_character_matrix.csv -t spalin_simulations_with_sep/s7c5/true_tree.nwk --delimiter comma -p spalin_simulations_with_sep/s7c5/k10_priors.csv -o spalin_simulations_with_sep/s7c5/k10_problin --nInitials 10 --ultrametric
Optimization by EM algorithm
Optimizing branch lengths, phi, and nu without topology search
Initial point 1. Random seed: 4802
Solving with ultrametric constraint
Initial phi: 0.8862661051930601. Initial nu: 0.1578960551529289. Initial nllh: 3905.981160635527
EM finished after 30 iterations.
Optimal point found for initial point 1
Negative llh: 49.66953532031986
Dropout rate: 0
Silencing rate: 3.5653717659933713e-07
Initial point 2. Random seed: 9624
Solving with ultrametric constraint
Initial phi: 0.983687576538615. Initial nu: 0.6890010946636784. Initial nllh: 641.9740990877436
EM finished after 13 iterations.
Optimal point found for initial point 2
Negative llh: 49.66953525793114
Dropout rate: 0
Silencing rate: 3.5676848558884163e-07
Initial point 3. Random seed: 7330
Solving with ultrametric constraint
Initial phi: 0.1291453132421464. Initial nu: 0.9265669746742107. Initial nllh: 144.62825507057212
EM finished after 13 iterations.
Optimal point found for initial point 3
Negative llh: 49.66953525040764
Dropout rate: 0
Silencing rate: 3.567420126181079e-07
Initial point 4. Random seed: 9977
Solving with ultrametric constraint
Initial phi: 0.3962416963267176. Initial nu: 0.05645203551140205. Initial nllh: 119.95540885079967
EM finished after 10 iterations.
Optimal point found for initial point 4
Negative llh: 49.66953529657597
Dropout rate: 0
Silencing rate: 3.567880954616672e-07
Initial point 5. Random seed: 1107
Solving with ultrametric constraint
Initial phi: 0.9128524310262924. Initial nu: 0.0687228166552307. Initial nllh: 372.59897825685994
EM finished after 10 iterations.
Optimal point found for initial point 5
Negative llh: 49.66953535555349
Dropout rate: 0
Silencing rate: 3.5662472334251673e-07
Initial point 6. Random seed: 8649
Solving with ultrametric constraint
Initial phi: 0.9436768177246294. Initial nu: 0.674663653240809. Initial nllh: 479.68633222399103
EM finished after 14 iterations.
Optimal point found for initial point 6
Negative llh: 49.669535149359405
Dropout rate: 0
Silencing rate: 3.565306624565594e-07
Initial point 7. Random seed: 2022
Solving with ultrametric constraint
Initial phi: 0.22689042587788086. Initial nu: 0.013841219476117508. Initial nllh: 84.2729703585795
EM finished after 8 iterations.
Optimal point found for initial point 7
Negative llh: 49.66953520176389
Dropout rate: 0
Silencing rate: 3.565377862425673e-07
Initial point 8. Random seed: 4803
Solving with ultrametric constraint
Initial phi: 0.13037800121682566. Initial nu: 0.6937031495755855. Initial nllh: 125.46476486327109
EM finished after 13 iterations.
Optimal point found for initial point 8
Negative llh: 49.66953525522351
Dropout rate: 0
Silencing rate: 3.5672074917453617e-07
Initial point 9. Random seed: 7226
Solving with ultrametric constraint
Initial phi: 0.512808353097814. Initial nu: 0.8487654988405052. Initial nllh: 213.67054368971264
EM finished after 13 iterations.
Optimal point found for initial point 9
Negative llh: 49.66953522730242
Dropout rate: 0
Silencing rate: 3.565851111130854e-07
Initial point 10. Random seed: 4735
Solving with ultrametric constraint
Initial phi: 0.4261627634121105. Initial nu: 0.26107382375667165. Initial nllh: 143.56390823880656
EM finished after 17 iterations.
Optimal point found for initial point 10
Negative llh: 49.66953511766296
Dropout rate: 0
Silencing rate: 3.5680084051816525e-07
Runtime (s): 10.4610860128887
