Launching Problin version 0.5b
Problin was called as follow: /u/gh2161/Spatial-Division/problin/run_problin.py -c real_location_data/s20c2/k10_r3_character_matrix.csv -t real_location_data/s20c2/true_tree.nwk -S real_location_data/s20c2/leaf_locations.txt --delimiter comma -p real_location_data/s20c2/k10_priors.csv -o real_location_data/s20c2/k10_r3_spalin-divide-beta10.txt --nInitials 10 --ultrametric --randomreps 3 --divide --radius 10
Optimization by Spalin-Divide: Scipy-SLSQP using spatial information
Optimizing branch lengths, phi, and nu without topology search
Initial point 1. Random seed: 8093
Solving with ultrametric constraint
Optimal point found for initial point 1
Negative llh: 209.68538787621605
Dropout rate: 5.040987742113831e-10
Silencing rate: 1.0000312213196148e-10
Sigma: 1.1271857435085333
Initial point 2. Random seed: 7297
Solving with ultrametric constraint
Optimal point found for initial point 2
Negative llh: 209.6849781015885
Dropout rate: 1.267758822069092e-09
Silencing rate: 7.030034563625234e-10
Sigma: 1.127123193305393
Initial point 3. Random seed: 1494
Solving with ultrametric constraint
Optimal point found for initial point 3
Negative llh: 209.68517496111775
Dropout rate: 4.321476198324751e-10
Silencing rate: 2.366759918453582e-10
Sigma: 1.1271358839569714
Initial point 4. Random seed: 7924
Solving with ultrametric constraint
Optimal point found for initial point 4
Negative llh: 209.68500417074733
Dropout rate: 2.3976805024178783e-10
Silencing rate: 1.0001504476960172e-10
Sigma: 1.127163446546105
Initial point 5. Random seed: 6786
Solving with ultrametric constraint
Optimal point found for initial point 5
Negative llh: 209.68846045171665
Dropout rate: 1.0023795223569323e-10
Silencing rate: 1.0012302763252592e-10
Sigma: 1.126438751301853
Initial point 6. Random seed: 5951
Solving with ultrametric constraint
Optimal point found for initial point 6
Negative llh: 209.68511428560834
Dropout rate: 1e-10
Silencing rate: 1e-10
Sigma: 1.1270532691653459
Initial point 7. Random seed: 3543
Solving with ultrametric constraint
Optimal point found for initial point 7
Negative llh: 209.68511291402723
Dropout rate: 1e-10
Silencing rate: 1e-10
Sigma: 1.12692340192608
Initial point 8. Random seed: 7104
Solving with ultrametric constraint
Optimal point found for initial point 8
Negative llh: 209.68573851422386
Dropout rate: 3.5613712750772778e-09
Silencing rate: 1e-10
Sigma: 1.1281625187748703
Initial point 9. Random seed: 187
Solving with ultrametric constraint
Optimal point found for initial point 9
Negative llh: 209.68505418887855
Dropout rate: 6.573792741387759e-10
Silencing rate: 1.2677399579893405e-09
Sigma: 1.1271241947509176
Initial point 10. Random seed: 2990
Solving with ultrametric constraint
Optimal point found for initial point 10
Negative llh: 209.68552914997582
Dropout rate: 1e-10
Silencing rate: 1e-10
Sigma: 1.1269247897447645
Runtime (s): 1300.8757773507386
