Launching Problin version 0.5b
Problin was called as follow: /u/gh2161/Spatial-Division/problin/run_problin.py -c intmem_real_data/s14c6/characters.txt -t intmem_real_data/s14c6/true_tree.nwk -S intmem_real_data/s14c6/leaf_locations.txt --delimiter comma -p intmem_real_data/s14c6/prior.csv -o intmem_real_data/s14c6/spalin-divide-beta5.txt --nInitials 10 --ultrametric --randomreps 3 --divide --radius 5
Optimization by Spalin-Divide: Scipy-SLSQP using spatial information
Optimizing branch lengths, phi, and nu without topology search
Initial point 1. Random seed: 3290
Solving with ultrametric constraint
Optimal point found for initial point 1
Negative llh: 163.89832894145928
Dropout rate: 1.1507781286448502e-10
Silencing rate: 1.0979716970374044e-10
Sigma: 1.0489231030653736
Lambda: 0.004971072692691884
Initial point 2. Random seed: 6998
Solving with ultrametric constraint
Optimal point found for initial point 2
Negative llh: 163.89832922706375
Dropout rate: 8.140707336256474e-10
Silencing rate: 5.861786873471272e-10
Sigma: 1.0488978444558335
Lambda: 0.004971274713483249
Initial point 3. Random seed: 1541
Solving with ultrametric constraint
Optimal point found for initial point 3
Negative llh: 163.89833073847134
Dropout rate: 6.824332407421304e-10
Silencing rate: 1.0003899929794289e-10
Sigma: 1.048964495406177
Lambda: 0.0049710810421766125
Initial point 4. Random seed: 5208
Solving with ultrametric constraint
Optimal point found for initial point 4
Negative llh: 163.89832919990766
Dropout rate: 1e-10
Silencing rate: 1e-10
Sigma: 1.0489443191518661
Lambda: 0.004971179216827048
Initial point 5. Random seed: 5782
Solving with ultrametric constraint
Optimal point found for initial point 5
Negative llh: 163.89849934963405
Dropout rate: 8.178941522481626e-10
Silencing rate: 5.676707480117612e-10
Sigma: 1.0489953815332738
Lambda: 0.004973072766927698
Initial point 6. Random seed: 5506
Solving with ultrametric constraint
Optimal point found for initial point 6
Negative llh: 163.89832908241746
Dropout rate: 1e-10
Silencing rate: 1e-10
Sigma: 1.0489358922810657
Lambda: 0.004971351951924629
Initial point 7. Random seed: 3400
Solving with ultrametric constraint
Optimal point found for initial point 7
Negative llh: 163.8983290116739
Dropout rate: 3.212696381178799e-10
Silencing rate: 2.595782750556825e-10
Sigma: 1.0489270523125243
Lambda: 0.004971060985412307
Initial point 8. Random seed: 328
Solving with ultrametric constraint
Optimal point found for initial point 8
Negative llh: 163.89833686628924
Dropout rate: 4.568493949106503e-10
Silencing rate: 2.552150207122111e-10
Sigma: 1.0489472295943103
Lambda: 0.004971492515164523
Initial point 9. Random seed: 603
Solving with ultrametric constraint
Optimal point found for initial point 9
Negative llh: 163.89832905254377
Dropout rate: 1e-10
Silencing rate: 1e-10
Sigma: 1.0489277420701788
Lambda: 0.004970852224514832
Initial point 10. Random seed: 3975
Solving with ultrametric constraint
Optimal point found for initial point 10
Negative llh: 163.89832925274231
Dropout rate: 3.1759902669978473e-10
Silencing rate: 1.049220491566545e-10
Sigma: 1.0489366161111302
Lambda: 0.0049710671575478515
{'lambda_param': 0.004971072692691884, 'phi': 1.1507781286448502e-10, 'nu': 1.0979716970374044e-10, 'sigma': 1.0489231030653736, 'locations': {'216_14': (312.0, 290.0), '216_8': (296.0, 329.0), '216_7': (287.0, 340.0), '216_10': (311.0, 304.0), '216_9': (303.0, 322.0), '216_4': (294.0, 350.0), '216_6': (326.0, 339.0), '216_5': (319.0, 358.0), '216_3': (310.0, 361.0), '216_2': (308.0, 375.0), '216_1': (292.0, 382.0)}, 'radius': 5.0, 'thetas': {'211_1': 15.295556398934865, '171_1': 8.261267894428043, '214_5': 1.9237786341893066, '178_3': 6.237991086046095, '115_1': 8.039304893451705, '203_6': 39.688134137510694, '207_5': 8.539710093538003, '170_3': -38.61619141652311, '119_3': 517.2336000162281, '58_3': 1.5318275012432192}}
Runtime (s): 225.15950403176248
