Launching Problin version 0.5b
Problin was called as follow: /u/gh2161/Spatial-Division/problin/run_problin.py -c intmem_real_data/s7c5/characters.txt -t intmem_real_data/s7c5/true_tree.nwk -S intmem_real_data/s7c5/leaf_locations.txt --delimiter comma -p intmem_real_data/s7c5/prior.csv -o intmem_real_data/s7c5/spalin-divide-beta1.txt --nInitials 10 --ultrametric --randomreps 3 --divide --radius 1
Optimization by Spalin-Divide: Scipy-SLSQP using spatial information
Optimizing branch lengths, phi, and nu without topology search
Initial point 1. Random seed: 9006
Solving with ultrametric constraint
Fatal: failed to optimize using initial point 1
Initial point 2. Random seed: 5998
Solving with ultrametric constraint
Optimal point found for initial point 2
Negative llh: 193.00365318559886
Dropout rate: 1.0000000000000007e-10
Silencing rate: 9.999999999999996e-11
Sigma: 1.5741350311232047
Lambda: 0.004765846854601572
Initial point 3. Random seed: 3247
Solving with ultrametric constraint
Optimal point found for initial point 3
Negative llh: 214.04066352211797
Dropout rate: 1.8923704649393084e-10
Silencing rate: 1.351020930349364e-10
Sigma: 1.5005403937584176
Lambda: 0.0009769337396811008
Initial point 4. Random seed: 8688
Solving with ultrametric constraint
Optimal point found for initial point 4
Negative llh: 193.00365370975697
Dropout rate: 1.0000000000000002e-10
Silencing rate: 1e-10
Sigma: 1.574142259603155
Lambda: 0.004765221290756585
Initial point 5. Random seed: 737
Solving with ultrametric constraint
Optimal point found for initial point 5
Negative llh: 193.0036834016982
Dropout rate: 1.0000000000000002e-10
Silencing rate: 1e-10
Sigma: 1.5741493281501078
Lambda: 0.004762817915164803
Initial point 6. Random seed: 1662
Solving with ultrametric constraint
Fatal: failed to optimize using initial point 6
Initial point 7. Random seed: 4700
Solving with ultrametric constraint
Optimal point found for initial point 7
Negative llh: 193.00420770317288
Dropout rate: 7.534953284806877e-10
Silencing rate: 1.0080442744689673e-10
Sigma: 1.5740045122646522
Lambda: 0.0047656742179409
Initial point 8. Random seed: 2993
Solving with ultrametric constraint
Optimal point found for initial point 8
Negative llh: 193.00421590469654
Dropout rate: 1.0000000000000007e-10
Silencing rate: 1.0000000000000007e-10
Sigma: 1.573639750740832
Lambda: 0.00477361721454843
Initial point 9. Random seed: 4217
Solving with ultrametric constraint
Optimal point found for initial point 9
Negative llh: 193.00370723770004
Dropout rate: 1.0000000000000002e-10
Silencing rate: 1e-10
Sigma: 1.5737453828750303
Lambda: 0.004764765075304263
Initial point 10. Random seed: 7485
Solving with ultrametric constraint
Optimal point found for initial point 10
Negative llh: 193.00365330498937
Dropout rate: 1e-10
Silencing rate: 1e-10
Sigma: 1.5741496784743587
Lambda: 0.0047658712817755244
{'lambda_param': 0.004765846854601572, 'phi': 1.0000000000000007e-10, 'nu': 9.999999999999996e-11, 'sigma': 1.5741350311232047, 'locations': {'216_4': (178.0, 214.0), '216_3': (154.0, 258.0), '216_5': (150.0, 209.0), '216_7': (122.0, 175.0), '216_6': (103.0, 185.0), '216_9': (162.0, 180.0), '216_8': (165.0, 198.0), '216_11': (151.0, 142.0), '216_10': (172.0, 156.0), '216_13': (202.0, 164.0), '216_12': (187.0, 191.0), '216_15': (185.0, 120.0), '216_14': (198.0, 137.0)}, 'radius': 1.0, 'thetas': {'207_8': 25.720671999863082, '210_7': -23.727086639892033, '166_6': 10.946210198611665, '215_6': 21.50675309132813, '173_5': -27.640049161871595, '115_3': -32.1712918675065, '205_10': -61.913936196038335, '208_10': 64.9096643257909, '159_8': -1.6223911811262328, '45_2': -3.498147791961855, '186_2': 2.069932049441901, 'virtual': 17.217049193184927}}
Runtime (s): 628.9930679248646
