Launching Problin version 0.5b
Problin was called as follow: /u/gh2161/Spatial-Division/problin/run_problin.py -c real_location_data/s20c5/k10_r3_character_matrix.csv -t real_location_data/s20c5/true_tree.nwk -S real_location_data/s20c5/leaf_locations.txt --delimiter comma -p real_location_data/s20c5/k10_priors.csv -o real_location_data/s20c5/k10_r3_spalin-divide-beta05.txt --nInitials 10 --ultrametric --randomreps 3 --divide --radius 0.5
Optimization by Spalin-Divide: Scipy-SLSQP using spatial information
Optimizing branch lengths, phi, and nu without topology search
Initial point 1. Random seed: 7284
Solving with ultrametric constraint
Optimal point found for initial point 1
Negative llh: 218.53588594995966
Dropout rate: 1.382509493852202e-10
Silencing rate: 1.2946062627169031e-10
Sigma: 1.6676451997163093
Initial point 2. Random seed: 2458
Solving with ultrametric constraint
Optimal point found for initial point 2
Negative llh: 218.5358013353079
Dropout rate: 7.230102096437249e-10
Silencing rate: 5.527551647975976e-10
Sigma: 1.6676407708509564
Initial point 3. Random seed: 6679
Solving with ultrametric constraint
Optimal point found for initial point 3
Negative llh: 218.5358059871017
Dropout rate: 2.426775329152735e-10
Silencing rate: 2.1500230710349725e-10
Sigma: 1.6676713234242095
Initial point 4. Random seed: 1338
Solving with ultrametric constraint
Optimal point found for initial point 4
Negative llh: 218.53580107888482
Dropout rate: 9.415663468249453e-10
Silencing rate: 7.61571702998989e-10
Sigma: 1.6676378478728497
Initial point 5. Random seed: 6332
Solving with ultrametric constraint
Optimal point found for initial point 5
Negative llh: 218.53592937853276
Dropout rate: 5.357527481986541e-10
Silencing rate: 4.3458962047024174e-10
Sigma: 1.6675282638489326
Initial point 6. Random seed: 5264
Solving with ultrametric constraint
Optimal point found for initial point 6
Negative llh: 218.53581613872342
Dropout rate: 1.4020784307372413e-10
Silencing rate: 1.2654644117685344e-10
Sigma: 1.667719692783086
Initial point 7. Random seed: 9202
Solving with ultrametric constraint
Optimal point found for initial point 7
Negative llh: 218.5362835438089
Dropout rate: 1e-10
Silencing rate: 1e-10
Sigma: 1.6680162719788125
Initial point 8. Random seed: 6945
Solving with ultrametric constraint
Optimal point found for initial point 8
Negative llh: 218.53597404203117
Dropout rate: 1.0533372550018877e-10
Silencing rate: 1.000181905099474e-10
Sigma: 1.6676268938504997
Initial point 9. Random seed: 8564
Solving with ultrametric constraint
Optimal point found for initial point 9
Negative llh: 218.5362187170274
Dropout rate: 1.243208217989972e-09
Silencing rate: 1.0049914039100487e-09
Sigma: 1.667981448735406
Initial point 10. Random seed: 4852
Solving with ultrametric constraint
Optimal point found for initial point 10
Negative llh: 218.5364391068025
Dropout rate: 5.1751450437752e-10
Silencing rate: 4.193732420229184e-10
Sigma: 1.6680950587814336
Runtime (s): 541.8951816819608
