Launching Problin version 0.5b
Problin was called as follow: /u/gh2161/Spatial-Division/problin/run_problin.py -c real_location_data/s20c5/k10_r4_character_matrix.csv -t real_location_data/s20c5/true_tree.nwk -S real_location_data/s20c5/leaf_locations.txt --delimiter comma -p real_location_data/s20c5/k10_priors.csv -o real_location_data/s20c5/k10_r4_spalin-divide-beta10.txt --nInitials 10 --ultrametric --randomreps 3 --divide --radius 10
Optimization by Spalin-Divide: Scipy-SLSQP using spatial information
Optimizing branch lengths, phi, and nu without topology search
Initial point 1. Random seed: 2244
Solving with ultrametric constraint
Optimal point found for initial point 1
Negative llh: 216.63432844869038
Dropout rate: 5.507196440740297e-10
Silencing rate: 2.93218434893616e-10
Sigma: 1.2775513666797025
Initial point 2. Random seed: 5922
Solving with ultrametric constraint
Optimal point found for initial point 2
Negative llh: 216.63455177281668
Dropout rate: 7.53746449650594e-10
Silencing rate: 5.330842101852827e-10
Sigma: 1.2774867686230187
Initial point 3. Random seed: 2715
Solving with ultrametric constraint
Optimal point found for initial point 3
Negative llh: 216.63432205823042
Dropout rate: 1.0000000000000002e-10
Silencing rate: 1.0000000000000002e-10
Sigma: 1.2773974360837785
Initial point 4. Random seed: 173
Solving with ultrametric constraint
Optimal point found for initial point 4
Negative llh: 216.6342746507628
Dropout rate: 5.334446916474118e-10
Silencing rate: 1.5064991800237554e-09
Sigma: 1.277398706866263
Initial point 5. Random seed: 4580
Solving with ultrametric constraint
Optimal point found for initial point 5
Negative llh: 216.63431826098167
Dropout rate: 2.553775353781722e-10
Silencing rate: 1.0002837856928061e-10
Sigma: 1.2773884194414333
Initial point 6. Random seed: 7145
Solving with ultrametric constraint
Optimal point found for initial point 6
Negative llh: 216.63448128546605
Dropout rate: 1e-10
Silencing rate: 1e-10
Sigma: 1.2773732184955136
Initial point 7. Random seed: 4742
Solving with ultrametric constraint
Optimal point found for initial point 7
Negative llh: 319.78719153233635
Dropout rate: 2.6660184848230675e-07
Silencing rate: 1.4271208398498825e-05
Sigma: 11.996345393506642
Initial point 8. Random seed: 2743
Solving with ultrametric constraint
Optimal point found for initial point 8
Negative llh: 331487.8553520623
Dropout rate: 4.946478924248862e-06
Silencing rate: 0.1427413593486569
Sigma: 11.340144195507945
Initial point 9. Random seed: 6421
Solving with ultrametric constraint
Optimal point found for initial point 9
Negative llh: 216.6343414162966
Dropout rate: 1.0502655683882787e-10
Silencing rate: 1e-10
Sigma: 1.277356211297245
Initial point 10. Random seed: 8590
Solving with ultrametric constraint
Optimal point found for initial point 10
Negative llh: 216.63432276994365
Dropout rate: 1.0000000000000002e-10
Silencing rate: 1e-10
Sigma: 1.2773644435232094
Runtime (s): 440.7685297355056
