Launching Problin version 0.5b
Problin was called as follow: /u/gh2161/Spatial-Division/problin/run_problin.py -c real_location_data/s20c5/k10_r1_character_matrix.csv -t real_location_data/s20c5/true_tree.nwk --delimiter comma -p real_location_data/s20c5/k10_priors.csv -o real_location_data/s20c5/k10_r1_problin.txt --nInitials 10 --ultrametric --randomreps 3 --solver Scipy
Optimization by generic solver (Scipy-SLSQP)
Optimizing branch lengths, phi, and nu without topology search
Initial point 1. Random seed: 5169
Solving with ultrametric constraint
Optimal point found for initial point 1
Negative llh: 78.77636394878336
Dropout rate: 1e-10
Silencing rate: 1e-10
Lambda: 0.005273375441673679
Initial point 2. Random seed: 8946
Solving with ultrametric constraint
Optimal point found for initial point 2
Negative llh: 78.7763639478727
Dropout rate: 1e-10
Silencing rate: 1e-10
Lambda: 0.005273352809911755
Initial point 3. Random seed: 2651
Solving with ultrametric constraint
Optimal point found for initial point 3
Negative llh: 78.77639090141274
Dropout rate: 6.149328032690703e-10
Silencing rate: 3.599313374833535e-10
Lambda: 0.005273427879095275
Initial point 4. Random seed: 1979
Solving with ultrametric constraint
Optimal point found for initial point 4
Negative llh: 78.7764302259356
Dropout rate: 1e-10
Silencing rate: 1.0000000000000002e-10
Lambda: 0.005272958162335342
Initial point 5. Random seed: 4263
Solving with ultrametric constraint
Optimal point found for initial point 5
Negative llh: 78.77639941604296
Dropout rate: 1e-10
Silencing rate: 1e-10
Lambda: 0.00527402597332528
Initial point 6. Random seed: 3244
Solving with ultrametric constraint
Optimal point found for initial point 6
Negative llh: 78.77636427992555
Dropout rate: 1e-10
Silencing rate: 1e-10
Lambda: 0.005273413474582226
Initial point 7. Random seed: 720
Solving with ultrametric constraint
Optimal point found for initial point 7
Negative llh: 78.77721119151872
Dropout rate: 1.992079947138485e-09
Silencing rate: 1.0765048182953074e-09
Lambda: 0.00527974716296682
Initial point 8. Random seed: 6680
Solving with ultrametric constraint
Optimal point found for initial point 8
Negative llh: 78.77674441689416
Dropout rate: 3.8679549407312633e-10
Silencing rate: 2.3811639817696015e-10
Lambda: 0.005271551824270063
Initial point 9. Random seed: 660
Solving with ultrametric constraint
Optimal point found for initial point 9
Negative llh: 78.77636453565853
Dropout rate: 1e-10
Silencing rate: 1e-10
Lambda: 0.0052733313526812054
Initial point 10. Random seed: 2177
Solving with ultrametric constraint
Optimal point found for initial point 10
Negative llh: 78.77636410697565
Dropout rate: 9.079846515358047e-10
Silencing rate: 5.59432893822556e-10
Lambda: 0.005273354692286263
{'phi': 1e-10, 'nu': 1e-10, 'lambda_param': 0.005273352809911755}
Runtime (s): 79.77500022388995
