Launching Problin version 0.5b
Problin was called as follow: /u/gh2161/Spatial-Division/problin/run_problin.py -c real_location_data/s20c5/k10_r3_character_matrix.csv -t real_location_data/s20c5/true_tree.nwk -S real_location_data/s20c5/leaf_locations.txt --delimiter comma -p real_location_data/s20c5/k10_priors.csv -o real_location_data/s20c5/k10_r3_spalin-divide-beta5_10_range.txt --nInitials 10 --ultrametric --randomreps 3 --divide --given_lower_beta 5 --given_upper_beta 10 --incl_beta_bound
Optimization by Spalin-Divide: Scipy-SLSQP using spatial information
{'sigma': 22, 'nu': 1e-10, 'phi': 1e-10, 'lower_beta': 5.0, 'upper_beta': 10.0, 'incl_beta_bound': True, 'displacement_amounts': {}}
Optimizing branch lengths, phi, and nu without topology search
Initial point 1. Random seed: 6997
Solving with ultrametric constraint
Optimal point found for initial point 1
Negative llh: 211.55044042521095
Dropout rate: 1e-10
Silencing rate: 1e-10
Sigma: 5.085983126738582
Initial point 2. Random seed: 2444
Solving with ultrametric constraint
Optimal point found for initial point 2
Negative llh: 213.70302759660737
Dropout rate: 1.9157112121155711e-10
Silencing rate: 1.6955998356721595e-10
Sigma: 5.346736214195234
Initial point 3. Random seed: 8070
Solving with ultrametric constraint
Optimal point found for initial point 3
Negative llh: 211.68149863398165
Dropout rate: 1.0000000000000002e-10
Silencing rate: 1e-10
Sigma: 5.095404276747111
Initial point 4. Random seed: 8811
Solving with ultrametric constraint
Optimal point found for initial point 4
Negative llh: 212.5484549658388
Dropout rate: 3.7689924340375075e-09
Silencing rate: 9.921701299855188e-10
Sigma: 5.200057294077576
Initial point 5. Random seed: 6278
Solving with ultrametric constraint
Optimal point found for initial point 5
Negative llh: 211.98798799817416
Dropout rate: 1.2367384261384102e-10
Silencing rate: 1.1803316503395263e-10
Sigma: 5.134482436579522
Initial point 6. Random seed: 7365
Solving with ultrametric constraint
Optimal point found for initial point 6
Negative llh: 214.37084491142923
Dropout rate: 1e-10
Silencing rate: 1e-10
Sigma: 5.323782605723401
Initial point 7. Random seed: 1006
Solving with ultrametric constraint
Optimal point found for initial point 7
Negative llh: 216.69936170586158
Dropout rate: 1.1026042123914595e-08
Silencing rate: 1.0000000000000007e-10
Sigma: 5.594926486737541
Initial point 8. Random seed: 4455
Solving with ultrametric constraint
Optimal point found for initial point 8
Negative llh: 211.55044489610805
Dropout rate: 2.8110272965727975e-09
Silencing rate: 2.177282769275673e-09
Sigma: 5.085958454005678
Initial point 9. Random seed: 3443
Solving with ultrametric constraint
Optimal point found for initial point 9
Negative llh: 215.39831846779788
Dropout rate: 9.538136216728996e-08
Silencing rate: 8.111417393443738e-09
Sigma: 5.509745809349106
Initial point 10. Random seed: 2607
Solving with ultrametric constraint
Optimal point found for initial point 10
Negative llh: 213.62632552014543
Dropout rate: 1.3340062480371858e-08
Silencing rate: 8.700998925198053e-09
Sigma: 5.3383536340106
Runtime (s): 599.0794134410098
