Launching Problin version 0.5b
Problin was called as follow: /u/gh2161/Spatial-Division/problin/run_problin.py -c real_location_data/s2c10/k10_r4_character_matrix.csv -t real_location_data/s2c10/true_tree.nwk -S real_location_data/s2c10/leaf_locations.txt --delimiter comma -p real_location_data/s2c10/k10_priors.csv -o real_location_data/s2c10/k10_r4_spalin.txt --nInitials 10 --ultrametric --randomreps 3
Optimization by Spalin: Scipy-SLSQP using spatial information
Optimizing branch lengths, phi, and nu without topology search
Initial point 1. Random seed: 811
Solving with ultrametric constraint
Optimal point found for initial point 1
Negative llh: 148.1939116051206
Dropout rate: 3.3767919785344276e-10
Silencing rate: 2.272092132070058e-10
Sigma: 2.6896215138941995
Lambda: 0.005939169275723273
Initial point 2. Random seed: 1640
Solving with ultrametric constraint
Optimal point found for initial point 2
Negative llh: 148.19382988918758
Dropout rate: 1e-10
Silencing rate: 1e-10
Sigma: 2.690376271146094
Lambda: 0.005945055943870235
Initial point 3. Random seed: 3303
Solving with ultrametric constraint
Optimal point found for initial point 3
Negative llh: 148.1936184701899
Dropout rate: 9.999999999999996e-11
Silencing rate: 1.0000000000000002e-10
Sigma: 2.6901337113245156
Lambda: 0.005941275512922904
Initial point 4. Random seed: 7996
Solving with ultrametric constraint
Optimal point found for initial point 4
Negative llh: 173.27734869697107
Dropout rate: 1e-10
Silencing rate: 1e-10
Sigma: 2.500417086685498
Lambda: 0.0009766736409442612
Initial point 5. Random seed: 3542
Solving with ultrametric constraint
Optimal point found for initial point 5
Negative llh: 148.1937699820404
Dropout rate: 3.036794190268719e-10
Silencing rate: 2.113424960786468e-10
Sigma: 2.6902349552915266
Lambda: 0.0059430365177559445
Initial point 6. Random seed: 1555
Solving with ultrametric constraint
Optimal point found for initial point 6
Negative llh: 148.19405299763525
Dropout rate: 1e-10
Silencing rate: 1e-10
Sigma: 2.690491594135485
Lambda: 0.005924850200535485
Initial point 7. Random seed: 6320
Solving with ultrametric constraint
Optimal point found for initial point 7
Negative llh: 148.19361830907548
Dropout rate: 9.999999999999996e-11
Silencing rate: 1.0000000000000002e-10
Sigma: 2.6900242272818367
Lambda: 0.005941630516394466
Initial point 8. Random seed: 1523
Solving with ultrametric constraint
Optimal point found for initial point 8
Negative llh: 173.27694028341608
Dropout rate: 3.717880721309178e-10
Silencing rate: 1.4298099533510782e-10
Sigma: 2.50239609063556
Lambda: 0.0009766864627731447
Initial point 9. Random seed: 2225
Solving with ultrametric constraint
Optimal point found for initial point 9
Negative llh: 148.19398389182325
Dropout rate: 1.1262861162380997e-10
Silencing rate: 1.4820322418595391e-10
Sigma: 2.686417133659006
Lambda: 0.00594125977152699
Initial point 10. Random seed: 5322
Solving with ultrametric constraint
Optimal point found for initial point 10
Negative llh: 148.19361846748518
Dropout rate: 7.546099242974987e-10
Silencing rate: 5.066412631305605e-10
Sigma: 2.689990560467377
Lambda: 0.005941362803673778
{'lambda_param': 0.005941630516394466, 'phi': 9.999999999999996e-11, 'nu': 1.0000000000000002e-10, 'sigma': 2.6900242272818367, 'locations': {'216_13': (210.0, 280.0), '216_15': (180.0, 220.0), '216_14': (219.0, 214.0), '216_11': (206.0, 338.0), '216_10': (191.0, 310.0), '216_9': (146.0, 326.0), '216_6': (155.0, 313.0), '216_5': (171.0, 327.0), '216_2': (213.0, 321.0), '216_1': (200.0, 319.0), '216_4': (182.0, 282.0), '216_3': (176.0, 305.0)}}
Runtime (s): 111.60854964889586
