Launching Problin version 0.5b
Problin was called as follow: run_problin.py -c spalin_simulations_with_sep/s16c8/k10_character_matrix.csv -t spalin_simulations_with_sep/s16c8/true_tree.nwk --delimiter comma -p spalin_simulations_with_sep/s16c8/k10_priors.csv -o spalin_simulations_with_sep/s16c8/k10_problin --nInitials 10 --ultrametric
Optimization by EM algorithm
Optimizing branch lengths, phi, and nu without topology search
Initial point 1. Random seed: 9450
Solving with ultrametric constraint
Initial phi: 0.5864661097795568. Initial nu: 0.9470240610536622. Initial nllh: 10282.342455240778
EM finished after 14 iterations.
Optimal point found for initial point 1
Negative llh: 47.278602186721976
Dropout rate: 0
Silencing rate: 7.967306630775228e-07
Initial point 2. Random seed: 2717
Solving with ultrametric constraint
Initial phi: 0.9330110823713517. Initial nu: 0.8372657418353279. Initial nllh: 378.48985806444546
EM finished after 13 iterations.
Optimal point found for initial point 2
Negative llh: 47.278602364059
Dropout rate: 0
Silencing rate: 8.025956772764196e-07
Initial point 3. Random seed: 2101
Solving with ultrametric constraint
Initial phi: 0.5849798802588323. Initial nu: 0.1558995711675228. Initial nllh: 150.3197430044313
EM finished after 12 iterations.
Optimal point found for initial point 3
Negative llh: 47.27860171991789
Dropout rate: 0
Silencing rate: 7.928037549106919e-07
Initial point 4. Random seed: 5163
Solving with ultrametric constraint
Initial phi: 0.7065132818682107. Initial nu: 0.31649513270318663. Initial nllh: 194.9282640613498
EM finished after 14 iterations.
Optimal point found for initial point 4
Negative llh: 47.27860170542179
Dropout rate: 0
Silencing rate: 7.931085296887811e-07
Initial point 5. Random seed: 5525
Solving with ultrametric constraint
Initial phi: 0.6472407051000088. Initial nu: 0.5964382005550963. Initial nllh: 186.01358557633986
EM finished after 13 iterations.
Optimal point found for initial point 5
Negative llh: 47.27860182859156
Dropout rate: 0
Silencing rate: 7.919932504011516e-07
Initial point 6. Random seed: 5261
Solving with ultrametric constraint
Initial phi: 0.7289941288192415. Initial nu: 0.3044231328592035. Initial nllh: 203.20611366715536
EM finished after 12 iterations.
Optimal point found for initial point 6
Negative llh: 47.27860219562647
Dropout rate: 0
Silencing rate: 8.009597724769698e-07
Initial point 7. Random seed: 9521
Solving with ultrametric constraint
Initial phi: 0.7488887968239627. Initial nu: 0.2696700578325649. Initial nllh: 210.18770709163357
EM finished after 11 iterations.
Optimal point found for initial point 7
Negative llh: 47.27860219764552
Dropout rate: 0
Silencing rate: 7.953238896039339e-07
Initial point 8. Random seed: 4469
Solving with ultrametric constraint
Initial phi: 0.2458322301183147. Initial nu: 0.26091740793548823. Initial nllh: 88.86458669466106
EM finished after 12 iterations.
Optimal point found for initial point 8
Negative llh: 47.27860154482397
Dropout rate: 0
Silencing rate: 7.861064360782622e-07
Initial point 9. Random seed: 5827
Solving with ultrametric constraint
Initial phi: 0.6177146285237626. Initial nu: 0.6511316525838011. Initial nllh: 179.383021307371
EM finished after 14 iterations.
Optimal point found for initial point 9
Negative llh: 47.27860175937117
Dropout rate: 0
Silencing rate: 7.932104500948503e-07
Initial point 10. Random seed: 8917
Solving with ultrametric constraint
Initial phi: 0.32426113664168915. Initial nu: 0.9753203716098228. Initial nllh: 129.8321007546649
EM finished after 13 iterations.
Optimal point found for initial point 10
Negative llh: 47.27860200825063
Dropout rate: 0
Silencing rate: 7.926185932968636e-07
Runtime (s): 8.9125725410413
