Launching Problin version 0.5b
Problin was called as follow: /u/gh2161/Spatial-Division/problin/run_problin.py -c simulated_seq_simulated_loc/s16c8/k50_character_matrix.csv -t simulated_seq_simulated_loc/s16c8/true_tree.nwk --delimiter comma -p simulated_seq_simulated_loc/s16c8/k50_priors.csv -o simulated_seq_simulated_loc/s16c8/k50_problin.txt --nInitials 10 --ultrametric --randomreps 3
Optimization by EM algorithm
Optimizing branch lengths, phi, and nu without topology search
Initial point 1. Random seed: 1373
Solving with ultrametric constraint
Initial phi: 0.6087636815713298. Initial nu: 0.5617735882693528. Initial nllh: 34053.43296496269
EM finished after 11 iterations.
Optimal point found for initial point 1
Negative llh: 239.10657675192803
Dropout rate: 0
Silencing rate: 1.7060233691134076e-07
Initial point 2. Random seed: 3856
Solving with ultrametric constraint
Initial phi: 0.6661137070459564. Initial nu: 0.3939478306554891. Initial nllh: 932.7280027653724
EM finished after 10 iterations.
Optimal point found for initial point 2
Negative llh: 239.10657521201284
Dropout rate: 0
Silencing rate: 1.6464776401768027e-07
Initial point 3. Random seed: 7543
Solving with ultrametric constraint
Initial phi: 0.4634485834552062. Initial nu: 0.29539217397731593. Initial nllh: 649.2391819324673
EM finished after 9 iterations.
Optimal point found for initial point 3
Negative llh: 239.10657719083986
Dropout rate: 0
Silencing rate: 1.7157922063801074e-07
Initial point 4. Random seed: 6411
Solving with ultrametric constraint
Initial phi: 0.9835369478456176. Initial nu: 0.3734244744167627. Initial nllh: 2583.3485109712738
EM finished after 11 iterations.
Optimal point found for initial point 4
Negative llh: 239.10657553461346
Dropout rate: 0
Silencing rate: 1.669986288459458e-07
Initial point 5. Random seed: 7859
Solving with ultrametric constraint
Initial phi: 0.47953121176351465. Initial nu: 0.587903605544047. Initial nllh: 733.0238401299309
EM finished after 10 iterations.
Optimal point found for initial point 5
Negative llh: 239.1065770513907
Dropout rate: 0
Silencing rate: 1.717892555391247e-07
Initial point 6. Random seed: 4459
Solving with ultrametric constraint
Initial phi: 0.9677538413551826. Initial nu: 0.14013848768750092. Initial nllh: 2160.123472438684
EM finished after 8 iterations.
Optimal point found for initial point 6
Negative llh: 239.10657602606886
Dropout rate: 0
Silencing rate: 1.6649185211888838e-07
Initial point 7. Random seed: 9467
Solving with ultrametric constraint
Initial phi: 0.32841342956471936. Initial nu: 0.6379385122690348. Initial nllh: 604.2883232490976
EM finished after 10 iterations.
Optimal point found for initial point 7
Negative llh: 239.10657488494047
Dropout rate: 0
Silencing rate: 1.6201833472886373e-07
Initial point 8. Random seed: 1663
Solving with ultrametric constraint
Initial phi: 0.053517995715896265. Initial nu: 0.014914673656166192. Initial nllh: 272.77693390672516
EM finished after 6 iterations.
Optimal point found for initial point 8
Negative llh: 239.1065764265222
Dropout rate: 0
Silencing rate: 1.7077733832541402e-07
Initial point 9. Random seed: 4466
Solving with ultrametric constraint
Initial phi: 0.45864122182819644. Initial nu: 0.4695178308639072. Initial nllh: 684.2437450951651
EM finished after 10 iterations.
Optimal point found for initial point 9
Negative llh: 239.1065767231023
Dropout rate: 0
Silencing rate: 1.7087329979806835e-07
Initial point 10. Random seed: 6074
Solving with ultrametric constraint
Initial phi: 0.6882645030789314. Initial nu: 0.7746513359981066. Initial nllh: 1057.743602451414
EM finished after 10 iterations.
Optimal point found for initial point 10
Negative llh: 239.10657584857645
Dropout rate: 0
Silencing rate: 1.6549701336258512e-07
Runtime (s): 8.69055110681802
