Launching Problin version 0.5b
Problin was called as follow: /u/gh2161/Spatial-Division/problin/run_problin.py -c real_location_data/s9c1/k10_r3_character_matrix.csv -t real_location_data/s9c1/true_tree.nwk -S real_location_data/s9c1/leaf_locations.txt --delimiter comma -p real_location_data/s9c1/k10_priors.csv -o real_location_data/s9c1/k10_r3_spalin-divide-beta6.txt --nInitials 10 --ultrametric --randomreps 3 --divide --given_beta 6 --incl_beta_bound
Optimization by Spalin-Divide: Scipy-SLSQP using spatial information
Optimizing branch lengths, phi, and nu without topology search
Initial point 1. Random seed: 8826
Solving with ultrametric constraint
Optimal point found for initial point 1
Negative llh: 209.7415001550292
Dropout rate: 3.8612301613166486e-10
Silencing rate: 2.260864846373611e-10
Sigma: 4.898246964113606
Initial point 2. Random seed: 948
Solving with ultrametric constraint
Optimal point found for initial point 2
Negative llh: 209.74150121506406
Dropout rate: 2.654437037463613e-10
Silencing rate: 1.7295895235083455e-10
Sigma: 4.898166102694431
Initial point 3. Random seed: 4023
Solving with ultrametric constraint
Optimal point found for initial point 3
Negative llh: 209.74149958980513
Dropout rate: 1.348068831666649e-10
Silencing rate: 1.1534656014000427e-10
Sigma: 4.898177435824774
Initial point 4. Random seed: 41
Solving with ultrametric constraint
Optimal point found for initial point 4
Negative llh: 209.74149925757473
Dropout rate: 1e-10
Silencing rate: 1.0000000000000002e-10
Sigma: 4.8981916601454705
Initial point 5. Random seed: 985
Solving with ultrametric constraint
Optimal point found for initial point 5
Negative llh: 209.74150160131614
Dropout rate: 1e-10
Silencing rate: 1e-10
Sigma: 4.898293859453122
Initial point 6. Random seed: 6304
Solving with ultrametric constraint
Optimal point found for initial point 6
Negative llh: 209.74149923834628
Dropout rate: 1e-10
Silencing rate: 1e-10
Sigma: 4.898218528594134
Initial point 7. Random seed: 303
Solving with ultrametric constraint
Optimal point found for initial point 7
Negative llh: 209.7414994476599
Dropout rate: 1.3812472242405767e-10
Silencing rate: 1.56718666585049e-10
Sigma: 4.8981803004315925
Initial point 8. Random seed: 5912
Solving with ultrametric constraint
Optimal point found for initial point 8
Negative llh: 209.74149933671885
Dropout rate: 1.189778783234566e-10
Silencing rate: 1.111499730133138e-10
Sigma: 4.898185730412906
Initial point 9. Random seed: 349
Solving with ultrametric constraint
Optimal point found for initial point 9
Negative llh: 209.7415001532367
Dropout rate: 1e-10
Silencing rate: 1e-10
Sigma: 4.8981755408340115
Initial point 10. Random seed: 3693
Solving with ultrametric constraint
Optimal point found for initial point 10
Negative llh: 209.74149995299553
Dropout rate: 1e-10
Silencing rate: 1e-10
Sigma: 4.898166421785606
Runtime (s): 1701.7013276461512
