Launching Problin version 0.5b
Problin was called as follow: /u/gh2161/Spatial-Division/problin/run_problin.py -c real_location_data/s9c1/k10_r2_character_matrix.csv -t real_location_data/s9c1/true_tree.nwk -S real_location_data/s9c1/leaf_locations.txt --delimiter comma -p real_location_data/s9c1/k10_priors.csv -o real_location_data/s9c1/k10_r2_spalin-divide-beta9.txt --nInitials 10 --ultrametric --randomreps 3 --divide --given_beta 9 --incl_beta_bound
Optimization by Spalin-Divide: Scipy-SLSQP using spatial information
Optimizing branch lengths, phi, and nu without topology search
Initial point 1. Random seed: 7325
Solving with ultrametric constraint
Optimal point found for initial point 1
Negative llh: 216.33973851089593
Dropout rate: 1.0000000000000002e-10
Silencing rate: 1e-10
Sigma: 4.111264782270558
Initial point 2. Random seed: 1334
Solving with ultrametric constraint
Optimal point found for initial point 2
Negative llh: 216.33972961232814
Dropout rate: 9.999999999999996e-11
Silencing rate: 1.0000000000000002e-10
Sigma: 4.111180580239424
Initial point 3. Random seed: 8880
Solving with ultrametric constraint
Optimal point found for initial point 3
Negative llh: 216.3397321103753
Dropout rate: 4.239157669406379e-10
Silencing rate: 2.4123014691149903e-10
Sigma: 4.111240515103174
Initial point 4. Random seed: 6840
Solving with ultrametric constraint
Optimal point found for initial point 4
Negative llh: 216.33972852982686
Dropout rate: 1.2596839150319686e-10
Silencing rate: 1.1079212242506534e-09
Sigma: 4.111250853974042
Initial point 5. Random seed: 2194
Solving with ultrametric constraint
Optimal point found for initial point 5
Negative llh: 216.33972799223528
Dropout rate: 1.2636906366736452e-10
Silencing rate: 4.5950801238520195e-10
Sigma: 4.111245451655154
Initial point 6. Random seed: 697
Solving with ultrametric constraint
Optimal point found for initial point 6
Negative llh: 216.33972981770492
Dropout rate: 1.0000000000000002e-10
Silencing rate: 1e-10
Sigma: 4.111248870177422
Initial point 7. Random seed: 6786
Solving with ultrametric constraint
Optimal point found for initial point 7
Negative llh: 216.33973111307864
Dropout rate: 1.0000000000000002e-10
Silencing rate: 1.0000000000000002e-10
Sigma: 4.111265065469712
Initial point 8. Random seed: 9422
Solving with ultrametric constraint
Optimal point found for initial point 8
Negative llh: 216.33972809992576
Dropout rate: 1.3138472270294782e-10
Silencing rate: 4.025412436075881e-10
Sigma: 4.111259862323795
Initial point 9. Random seed: 7797
Solving with ultrametric constraint
Optimal point found for initial point 9
Negative llh: 216.33973135689376
Dropout rate: 1.1513144236702906e-09
Silencing rate: 1.0616985211279073e-09
Sigma: 4.111275964120428
Initial point 10. Random seed: 7369
Solving with ultrametric constraint
Optimal point found for initial point 10
Negative llh: 216.339728806063
Dropout rate: 7.41923910676553e-10
Silencing rate: 7.525183209850675e-10
Sigma: 4.111153641727604
Runtime (s): 926.8398130424321
