Launching Problin version 0.5b
Problin was called as follow: /u/gh2161/Spatial-Division/problin/run_problin.py -c real_location_data/s9c1/k10_r2_character_matrix.csv -t real_location_data/s9c1/true_tree.nwk -S real_location_data/s9c1/leaf_locations.txt --delimiter comma -p real_location_data/s9c1/k10_priors.csv -o real_location_data/s9c1/k10_r2_spalin-divide-beta05.txt --nInitials 10 --ultrametric --randomreps 3 --divide --radius 0.5
Optimization by Spalin-Divide: Scipy-SLSQP using spatial information
Optimizing branch lengths, phi, and nu without topology search
Initial point 1. Random seed: 4315
Solving with ultrametric constraint
Optimal point found for initial point 1
Negative llh: 242.5933262914419
Dropout rate: 1.0000000000000007e-10
Silencing rate: 9.999999999999996e-11
Sigma: 1.5706423359580348
Initial point 2. Random seed: 1612
Solving with ultrametric constraint
Fatal: failed to optimize using initial point 2
Initial point 3. Random seed: 211
Solving with ultrametric constraint
Optimal point found for initial point 3
Negative llh: 186806.26669142835
Dropout rate: 1.249493913083499e-07
Silencing rate: 6.511938524524994e-07
Sigma: 8.88772080408817
Initial point 4. Random seed: 675
Solving with ultrametric constraint
Fatal: failed to optimize using initial point 4
Initial point 5. Random seed: 1473
Solving with ultrametric constraint
Optimal point found for initial point 5
Negative llh: 242.59347609657982
Dropout rate: 1.4930979338716394e-09
Silencing rate: 1.1015077702804091e-10
Sigma: 1.5708938905950134
Initial point 6. Random seed: 1153
Solving with ultrametric constraint
Optimal point found for initial point 6
Negative llh: 242.5937255277213
Dropout rate: 1.0000000000000002e-10
Silencing rate: 1e-10
Sigma: 1.570574721132677
Initial point 7. Random seed: 6012
Solving with ultrametric constraint
Optimal point found for initial point 7
Negative llh: 242.59370907170052
Dropout rate: 2.676830482284137e-10
Silencing rate: 1.6715592114009675e-10
Sigma: 1.5702766148044092
Initial point 8. Random seed: 5816
Solving with ultrametric constraint
Optimal point found for initial point 8
Negative llh: 242.59336321601035
Dropout rate: 3.0530369054760904e-10
Silencing rate: 1.0187912102724289e-10
Sigma: 1.5704944438890327
Initial point 9. Random seed: 4167
Solving with ultrametric constraint
Optimal point found for initial point 9
Negative llh: 242.59336085950076
Dropout rate: 1.0284078461246951e-09
Silencing rate: 4.906126386515822e-10
Sigma: 1.5705231592439555
Initial point 10. Random seed: 4193
Solving with ultrametric constraint
Optimal point found for initial point 10
Negative llh: 242.5935357027784
Dropout rate: 9.999999999999996e-11
Silencing rate: 1.0000000000000002e-10
Sigma: 1.570312335403381
Runtime (s): 680.7447459697723
