Launching Problin version 0.5b
Problin was called as follow: /u/gh2161/Spatial-Division/problin/run_problin.py -c real_location_data/s9c1/k10_r4_character_matrix.csv -t real_location_data/s9c1/true_tree.nwk -S real_location_data/s9c1/leaf_locations.txt --delimiter comma -p real_location_data/s9c1/k10_priors.csv -o real_location_data/s9c1/k10_r4_spalin-divide-beta20.txt --nInitials 10 --ultrametric --randomreps 3 --divide --given_beta 20 --incl_beta_bound
Optimization by Spalin-Divide: Scipy-SLSQP using spatial information
Optimizing branch lengths, phi, and nu without topology search
Initial point 1. Random seed: 1910
Solving with ultrametric constraint
Optimal point found for initial point 1
Negative llh: 201.243986263093
Dropout rate: 9.999999999999996e-11
Silencing rate: 1e-10
Sigma: 4.181791896934008
Initial point 2. Random seed: 3741
Solving with ultrametric constraint
Optimal point found for initial point 2
Negative llh: 201.24398591644825
Dropout rate: 4.699043920930248e-10
Silencing rate: 2.8892432825500524e-10
Sigma: 4.181776824408415
Initial point 3. Random seed: 8764
Solving with ultrametric constraint
Optimal point found for initial point 3
Negative llh: 201.24398525684347
Dropout rate: 1.3637547700593517e-10
Silencing rate: 1.8978663608080714e-10
Sigma: 4.181865834050004
Initial point 4. Random seed: 2879
Solving with ultrametric constraint
Optimal point found for initial point 4
Negative llh: 201.2439863591819
Dropout rate: 1.0240018291475194e-10
Silencing rate: 1.0091404239315438e-10
Sigma: 4.181929890545995
Initial point 5. Random seed: 3034
Solving with ultrametric constraint
Optimal point found for initial point 5
Negative llh: 201.24398506443976
Dropout rate: 1.3006836076414408e-10
Silencing rate: 1.1492870317716294e-10
Sigma: 4.181797681130231
Initial point 6. Random seed: 4803
Solving with ultrametric constraint
Optimal point found for initial point 6
Negative llh: 201.24398749875874
Dropout rate: 1e-10
Silencing rate: 1e-10
Sigma: 4.181885373475443
Initial point 7. Random seed: 564
Solving with ultrametric constraint
Optimal point found for initial point 7
Negative llh: 201.24398509988322
Dropout rate: 1.0575160520549357e-10
Silencing rate: 1.0285500520232481e-10
Sigma: 4.18175680320879
Initial point 8. Random seed: 6748
Solving with ultrametric constraint
Optimal point found for initial point 8
Negative llh: 201.24398513843306
Dropout rate: 1.5062640205312015e-10
Silencing rate: 1.2513293470153018e-10
Sigma: 4.181805480792366
Initial point 9. Random seed: 7703
Solving with ultrametric constraint
Optimal point found for initial point 9
Negative llh: 201.24398564339907
Dropout rate: 9.999999999999996e-11
Silencing rate: 1.0000000000000002e-10
Sigma: 4.181740818990422
Initial point 10. Random seed: 9966
Solving with ultrametric constraint
Optimal point found for initial point 10
Negative llh: 201.24398651660334
Dropout rate: 1.0097439138756728e-10
Silencing rate: 1.0025082046865503e-10
Sigma: 4.181777128027458
Runtime (s): 2384.9745017660316
