Launching Problin version 0.5b
Problin was called as follow: /u/gh2161/Spatial-Division/problin/run_problin.py -c real_location_data/s9c1/k10_r3_character_matrix.csv -t real_location_data/s9c1/true_tree.nwk -S real_location_data/s9c1/leaf_locations.txt --delimiter comma -p real_location_data/s9c1/k10_priors.csv -o real_location_data/s9c1/k10_r3_spalin-divide-beta9.txt --nInitials 10 --ultrametric --randomreps 3 --divide --given_beta 9 --incl_beta_bound
Optimization by Spalin-Divide: Scipy-SLSQP using spatial information
Optimizing branch lengths, phi, and nu without topology search
Initial point 1. Random seed: 621
Solving with ultrametric constraint
Optimal point found for initial point 1
Negative llh: 200.32403457439477
Dropout rate: 1.0000000000000007e-10
Silencing rate: 9.999999999999996e-11
Sigma: 4.304052356572942
Initial point 2. Random seed: 5569
Solving with ultrametric constraint
Optimal point found for initial point 2
Negative llh: 200.3240306379925
Dropout rate: 3.989844406803691e-10
Silencing rate: 2.826587375072615e-10
Sigma: 4.304237446000317
Initial point 3. Random seed: 3841
Solving with ultrametric constraint
Optimal point found for initial point 3
Negative llh: 200.3240304648896
Dropout rate: 1e-10
Silencing rate: 1e-10
Sigma: 4.304164544565358
Initial point 4. Random seed: 6901
Solving with ultrametric constraint
Optimal point found for initial point 4
Negative llh: 200.32404550552582
Dropout rate: 1.0000000000000002e-10
Silencing rate: 1e-10
Sigma: 4.304218955381006
Initial point 5. Random seed: 358
Solving with ultrametric constraint
Optimal point found for initial point 5
Negative llh: 200.32403506248477
Dropout rate: 9.999999999999996e-11
Silencing rate: 1.0000000000000002e-10
Sigma: 4.3041842888242074
Initial point 6. Random seed: 4111
Solving with ultrametric constraint
Optimal point found for initial point 6
Negative llh: 200.32403059141683
Dropout rate: 1.7450196046613953e-10
Silencing rate: 1.3299737959909386e-10
Sigma: 4.304202922622953
Initial point 7. Random seed: 5324
Solving with ultrametric constraint
Optimal point found for initial point 7
Negative llh: 200.32403081887318
Dropout rate: 3.5724683196161956e-10
Silencing rate: 2.2923935150756135e-10
Sigma: 4.3041895411443765
Initial point 8. Random seed: 768
Solving with ultrametric constraint
Optimal point found for initial point 8
Negative llh: 200.32403163179333
Dropout rate: 2.5977767364713746e-10
Silencing rate: 1.7077784907763772e-10
Sigma: 4.304210639112813
Initial point 9. Random seed: 4792
Solving with ultrametric constraint
Optimal point found for initial point 9
Negative llh: 200.32403051235406
Dropout rate: 1.0000000000000002e-10
Silencing rate: 1.0000000000000002e-10
Sigma: 4.304136867945277
Initial point 10. Random seed: 7514
Solving with ultrametric constraint
Optimal point found for initial point 10
Negative llh: 200.32403066007976
Dropout rate: 1.9371688469664633e-10
Silencing rate: 1.4404207936141991e-10
Sigma: 4.3041997699430325
Runtime (s): 1080.4468972943723
