Launching Problin version 0.5b
Problin was called as follow: /u/gh2161/Spatial-Division/problin/run_problin.py -c real_location_data/s9c1/k10_r3_character_matrix.csv -t real_location_data/s9c1/true_tree.nwk -S real_location_data/s9c1/leaf_locations.txt --delimiter comma -p real_location_data/s9c1/k10_priors.csv -o real_location_data/s9c1/k10_r3_spalin-divide-beta10.txt --nInitials 10 --ultrametric --randomreps 3 --divide --radius 10
Optimization by Spalin-Divide: Scipy-SLSQP using spatial information
Optimizing branch lengths, phi, and nu without topology search
Initial point 1. Random seed: 838
Solving with ultrametric constraint
Optimal point found for initial point 1
Negative llh: 201.57076368703025
Dropout rate: 1.4479510559103693e-09
Silencing rate: 6.765765439001148e-10
Sigma: 1.1862358884256763
Initial point 2. Random seed: 5137
Solving with ultrametric constraint
Optimal point found for initial point 2
Negative llh: 201.5702143378505
Dropout rate: 8.945499478688352e-10
Silencing rate: 1.0117409268546028e-10
Sigma: 1.1867699946216026
Initial point 3. Random seed: 5970
Solving with ultrametric constraint
Optimal point found for initial point 3
Negative llh: 201.5705489427229
Dropout rate: 2.0481756252663014e-09
Silencing rate: 2.3172309862105805e-10
Sigma: 1.1866838607502592
Initial point 4. Random seed: 2926
Solving with ultrametric constraint
Optimal point found for initial point 4
Negative llh: 201.5704003118939
Dropout rate: 9.219023716647405e-10
Silencing rate: 4.494915611817272e-10
Sigma: 1.1869833740450415
Initial point 5. Random seed: 1099
Solving with ultrametric constraint
Optimal point found for initial point 5
Negative llh: 201.5714319882323
Dropout rate: 1e-10
Silencing rate: 1e-10
Sigma: 1.186963093093166
Initial point 6. Random seed: 5826
Solving with ultrametric constraint
Optimal point found for initial point 6
Negative llh: 201.5702111272719
Dropout rate: 1.0000000000000007e-10
Silencing rate: 1e-10
Sigma: 1.1867925853923424
Initial point 7. Random seed: 6505
Solving with ultrametric constraint
Optimal point found for initial point 7
Negative llh: 201.57068045097367
Dropout rate: 2.884866848800525e-10
Silencing rate: 1.8018860610685913e-10
Sigma: 1.1866341736017543
Initial point 8. Random seed: 5559
Solving with ultrametric constraint
Fatal: failed to optimize using initial point 8
Initial point 9. Random seed: 9413
Solving with ultrametric constraint
Optimal point found for initial point 9
Negative llh: 201.5709694721121
Dropout rate: 1e-10
Silencing rate: 1e-10
Sigma: 1.1862864141132272
Initial point 10. Random seed: 6648
Solving with ultrametric constraint
Fatal: failed to optimize using initial point 10
Runtime (s): 529.5331225134432
