Launching Problin version 0.5b
Problin was called as follow: /u/gh2161/Spatial-Division/problin/run_problin.py -c real_location_data/s9c1/k10_r5_character_matrix.csv -t real_location_data/s9c1/true_tree.nwk -S real_location_data/s9c1/leaf_locations.txt --delimiter comma -p real_location_data/s9c1/k10_priors.csv -o real_location_data/s9c1/k10_r5_spalin-divide-beta8.txt --nInitials 10 --ultrametric --randomreps 3 --divide --given_beta 8 --incl_beta_bound
Optimization by Spalin-Divide: Scipy-SLSQP using spatial information
Optimizing branch lengths, phi, and nu without topology search
Initial point 1. Random seed: 2440
Solving with ultrametric constraint
Optimal point found for initial point 1
Negative llh: 196.34726567204245
Dropout rate: 1.1199323347622845e-10
Silencing rate: 1.0388641454657957e-10
Sigma: 4.741935788359159
Initial point 2. Random seed: 7721
Solving with ultrametric constraint
Optimal point found for initial point 2
Negative llh: 196.34726599578548
Dropout rate: 2.796462746473705e-10
Silencing rate: 1.8921194021431466e-10
Sigma: 4.741909355515221
Initial point 3. Random seed: 5060
Solving with ultrametric constraint
Optimal point found for initial point 3
Negative llh: 196.34726601848098
Dropout rate: 1e-10
Silencing rate: 1e-10
Sigma: 4.7419727563270335
Initial point 4. Random seed: 4881
Solving with ultrametric constraint
Optimal point found for initial point 4
Negative llh: 196.34726573158264
Dropout rate: 1e-10
Silencing rate: 1e-10
Sigma: 4.741984784673398
Initial point 5. Random seed: 9273
Solving with ultrametric constraint
Optimal point found for initial point 5
Negative llh: 196.34726629114357
Dropout rate: 1.0564060943725844e-10
Silencing rate: 1.0182807141218536e-10
Sigma: 4.7419225172633235
Initial point 6. Random seed: 9512
Solving with ultrametric constraint
Optimal point found for initial point 6
Negative llh: 196.34727139841075
Dropout rate: 1.808274882959499e-10
Silencing rate: 1.4060969832857342e-10
Sigma: 4.741931366258166
Initial point 7. Random seed: 8818
Solving with ultrametric constraint
Optimal point found for initial point 7
Negative llh: 196.34726715892617
Dropout rate: 1.8389856429022617e-10
Silencing rate: 1.2715226817807944e-10
Sigma: 4.741870693655733
Initial point 8. Random seed: 7600
Solving with ultrametric constraint
Optimal point found for initial point 8
Negative llh: 196.3472650478086
Dropout rate: 2.268149383460058e-10
Silencing rate: 1.211800382686196e-10
Sigma: 4.74195146837833
Initial point 9. Random seed: 5715
Solving with ultrametric constraint
Optimal point found for initial point 9
Negative llh: 196.34726521076453
Dropout rate: 2.3959757936095697e-10
Silencing rate: 1.452382453175202e-10
Sigma: 4.741939758712267
Initial point 10. Random seed: 1406
Solving with ultrametric constraint
Optimal point found for initial point 10
Negative llh: 196.34726693996038
Dropout rate: 1e-10
Silencing rate: 1e-10
Sigma: 4.7419617760897665
Runtime (s): 956.831932364963
