Launching Problin version 0.5b
Problin was called as follow: /u/gh2161/Spatial-Division/problin/run_problin.py -c real_location_data/s9c1/k10_r4_character_matrix.csv -t real_location_data/s9c1/true_tree.nwk -S real_location_data/s9c1/leaf_locations.txt --delimiter comma -p real_location_data/s9c1/k10_priors.csv -o real_location_data/s9c1/k10_r4_spalin-divide-beta6.txt --nInitials 10 --ultrametric --randomreps 3 --divide --given_beta 6 --incl_beta_bound
Optimization by Spalin-Divide: Scipy-SLSQP using spatial information
Optimizing branch lengths, phi, and nu without topology search
Initial point 1. Random seed: 2601
Solving with ultrametric constraint
Optimal point found for initial point 1
Negative llh: 204.46612603633767
Dropout rate: 1.5232063089558895e-10
Silencing rate: 1.2506607953153394e-10
Sigma: 4.736962082915637
Initial point 2. Random seed: 4617
Solving with ultrametric constraint
Optimal point found for initial point 2
Negative llh: 204.46612956203535
Dropout rate: 1.754870327734553e-10
Silencing rate: 1.363273991633341e-10
Sigma: 4.737101584742585
Initial point 3. Random seed: 9878
Solving with ultrametric constraint
Optimal point found for initial point 3
Negative llh: 204.4661261186895
Dropout rate: 1.6315892859840263e-10
Silencing rate: 1.3025448209055105e-10
Sigma: 4.736952320423303
Initial point 4. Random seed: 4529
Solving with ultrametric constraint
Optimal point found for initial point 4
Negative llh: 204.46612607875403
Dropout rate: 1.3117575041358162e-10
Silencing rate: 1.1493280952739576e-10
Sigma: 4.736959288577133
Initial point 5. Random seed: 5690
Solving with ultrametric constraint
Optimal point found for initial point 5
Negative llh: 204.46612841123996
Dropout rate: 4.245814898106009e-10
Silencing rate: 2.554881696578414e-10
Sigma: 4.736938604536628
Initial point 6. Random seed: 97
Solving with ultrametric constraint
Optimal point found for initial point 6
Negative llh: 204.46612636054158
Dropout rate: 1e-10
Silencing rate: 1e-10
Sigma: 4.736938287495918
Initial point 7. Random seed: 9775
Solving with ultrametric constraint
Optimal point found for initial point 7
Negative llh: 204.46612623570005
Dropout rate: 9.999999999999996e-11
Silencing rate: 9.999999999999996e-11
Sigma: 4.736930231610116
Initial point 8. Random seed: 3612
Solving with ultrametric constraint
Optimal point found for initial point 8
Negative llh: 204.4661270397928
Dropout rate: 1e-10
Silencing rate: 1.4655349052661333e-10
Sigma: 4.73684879930849
Initial point 9. Random seed: 8287
Solving with ultrametric constraint
Optimal point found for initial point 9
Negative llh: 204.4661260938726
Dropout rate: 1e-10
Silencing rate: 1e-10
Sigma: 4.736948712947448
Initial point 10. Random seed: 4233
Solving with ultrametric constraint
Optimal point found for initial point 10
Negative llh: 204.46612848320888
Dropout rate: 4.15355312419299e-10
Silencing rate: 2.662676926047837e-10
Sigma: 4.73694599551845
Runtime (s): 1858.9171951841563
