Launching Problin version 0.5b
Problin was called as follow: /u/gh2161/Spatial-Division/problin/run_problin.py -c real_location_data/s21c1/k10_r2_character_matrix.csv -t real_location_data/s21c1/true_tree.nwk -S real_location_data/s21c1/leaf_locations.txt --delimiter comma -p real_location_data/s21c1/k10_priors.csv -o real_location_data/s21c1/k10_r2_spalin.txt --nInitials 10 --ultrametric --randomreps 3
Optimization by Spalin: Scipy-SLSQP using spatial information
Optimizing branch lengths, phi, and nu without topology search
Initial point 1. Random seed: 3856
Solving with ultrametric constraint
Optimal point found for initial point 1
Negative llh: 171.43487988576538
Dropout rate: 1.0000000000000002e-10
Silencing rate: 1e-10
Sigma: 2.54831119301305
Lambda: 0.004911426820746375
Initial point 2. Random seed: 529
Solving with ultrametric constraint
Optimal point found for initial point 2
Negative llh: 171.4351543090039
Dropout rate: 1e-10
Silencing rate: 1e-10
Sigma: 2.547318963815518
Lambda: 0.004915978479644896
Initial point 3. Random seed: 6080
Solving with ultrametric constraint
Optimal point found for initial point 3
Negative llh: 171.43480353810963
Dropout rate: 7.055528087922672e-10
Silencing rate: 3.781679220771151e-10
Sigma: 2.548891519187004
Lambda: 0.0049151937222964345
Initial point 4. Random seed: 9620
Solving with ultrametric constraint
Optimal point found for initial point 4
Negative llh: 171.4352268269089
Dropout rate: 6.000794498214905e-10
Silencing rate: 1.167033118520039e-09
Sigma: 2.5480913549269757
Lambda: 0.004905619596505785
Initial point 5. Random seed: 1529
Solving with ultrametric constraint
Optimal point found for initial point 5
Negative llh: 171.43516681307915
Dropout rate: 1e-10
Silencing rate: 1e-10
Sigma: 2.5486254855664483
Lambda: 0.00491603360974266
Initial point 6. Random seed: 1455
Solving with ultrametric constraint
Optimal point found for initial point 6
Negative llh: 171.43485883277498
Dropout rate: 3.497627279255891e-10
Silencing rate: 1.0976531312173328e-10
Sigma: 2.5492816416091935
Lambda: 0.004913113905404471
Initial point 7. Random seed: 2591
Solving with ultrametric constraint
Optimal point found for initial point 7
Negative llh: 171.43480334400357
Dropout rate: 5.956220610101196e-10
Silencing rate: 3.7852732631141536e-10
Sigma: 2.548705167376677
Lambda: 0.004915094881445545
Initial point 8. Random seed: 4686
Solving with ultrametric constraint
Optimal point found for initial point 8
Negative llh: 171.43480330436586
Dropout rate: 6.124031927612678e-10
Silencing rate: 2.902467239943347e-10
Sigma: 2.5488119328262973
Lambda: 0.0049149842703897825
Initial point 9. Random seed: 463
Solving with ultrametric constraint
Optimal point found for initial point 9
Negative llh: 171.43499543202032
Dropout rate: 2.456952092590933e-10
Silencing rate: 1.6964246875209882e-10
Sigma: 2.549856682284949
Lambda: 0.00491598208293629
Initial point 10. Random seed: 9740
Solving with ultrametric constraint
Optimal point found for initial point 10
Negative llh: 171.43480347480232
Dropout rate: 1.0000000000000007e-10
Silencing rate: 1.0000000000000007e-10
Sigma: 2.5485416291051948
Lambda: 0.004915158632563275
{'lambda_param': 0.0049149842703897825, 'phi': 6.124031927612678e-10, 'nu': 2.902467239943347e-10, 'sigma': 2.5488119328262973, 'locations': {'216_8': (91.0, 260.0), '216_7': (106.0, 290.0), '216_5': (112.0, 333.0), '216_2': (141.0, 275.0), '216_1': (144.0, 286.0), '216_4': (143.0, 239.0), '216_3': (163.0, 272.0), '216_14': (63.0, 288.0), '216_13': (97.0, 278.0), '216_12': (114.0, 246.0), '216_11': (124.0, 259.0), '216_10': (80.0, 306.0), '216_9': (110.0, 318.0)}}
Runtime (s): 142.35003565438092
