Launching Problin version 0.5b
Problin was called as follow: /u/gh2161/Spatial-Division/problin/run_problin.py -c real_location_data/s21c1/k10_r4_character_matrix.csv -t real_location_data/s21c1/true_tree.nwk -S real_location_data/s21c1/leaf_locations.txt --delimiter comma -p real_location_data/s21c1/k10_priors.csv -o real_location_data/s21c1/k10_r4_spalin-divide-beta7.txt --nInitials 10 --ultrametric --randomreps 3 --divide --radius 7
Optimization by Spalin-Divide: Scipy-SLSQP using spatial information
Optimizing branch lengths, phi, and nu without topology search
Initial point 1. Random seed: 7688
Solving with ultrametric constraint
Optimal point found for initial point 1
Negative llh: 197.95251326136287
Dropout rate: 2.0736039347948182e-10
Silencing rate: 1.4362679999125242e-10
Sigma: 1.240646685199475
Initial point 2. Random seed: 9345
Solving with ultrametric constraint
Optimal point found for initial point 2
Negative llh: 197.95248862992392
Dropout rate: 1.0000000000000002e-10
Silencing rate: 1.0000000000000002e-10
Sigma: 1.2407178934775345
Initial point 3. Random seed: 8513
Solving with ultrametric constraint
Optimal point found for initial point 3
Negative llh: 197.95227319349218
Dropout rate: 8.794829916884864e-10
Silencing rate: 4.048803400610928e-10
Sigma: 1.240456025094743
Initial point 4. Random seed: 8624
Solving with ultrametric constraint
Optimal point found for initial point 4
Negative llh: 197.95209881029967
Dropout rate: 5.895132383581088e-10
Silencing rate: 2.601798222401529e-10
Sigma: 1.2412158046103985
Initial point 5. Random seed: 4382
Solving with ultrametric constraint
Optimal point found for initial point 5
Negative llh: 197.95206814098702
Dropout rate: 9.010854513444526e-10
Silencing rate: 1.0090058557665103e-10
Sigma: 1.2411677622347699
Initial point 6. Random seed: 5771
Solving with ultrametric constraint
Optimal point found for initial point 6
Negative llh: 197.95213645895217
Dropout rate: 2.6626357314951675e-10
Silencing rate: 1.1964327991165956e-10
Sigma: 1.2411558842953498
Initial point 7. Random seed: 3459
Solving with ultrametric constraint
Optimal point found for initial point 7
Negative llh: 197.95205623486328
Dropout rate: 1.0000000000000002e-10
Silencing rate: 1.0000000000000002e-10
Sigma: 1.2412206844152085
Initial point 8. Random seed: 6513
Solving with ultrametric constraint
Optimal point found for initial point 8
Negative llh: 197.95242563537266
Dropout rate: 2.4442495287824623e-10
Silencing rate: 1.5861360565318794e-10
Sigma: 1.2412973220179109
Initial point 9. Random seed: 2504
Solving with ultrametric constraint
Optimal point found for initial point 9
Negative llh: 197.9521645387175
Dropout rate: 4.2808654013463606e-10
Silencing rate: 1.8776675585373601e-10
Sigma: 1.2410811150797205
Initial point 10. Random seed: 1674
Solving with ultrametric constraint
Optimal point found for initial point 10
Negative llh: 197.95251519590664
Dropout rate: 3.396767345015746e-10
Silencing rate: 1.000173668896099e-10
Sigma: 1.241469108913263
Runtime (s): 529.2037434969097
