Launching Problin version 0.5b
Problin was called as follow: /u/gh2161/Spatial-Division/problin/run_problin.py -c real_location_data/s19c1/k10_r1_character_matrix.csv -t real_location_data/s19c1/true_tree.nwk -S real_location_data/s19c1/leaf_locations.txt --delimiter comma -p real_location_data/s19c1/k10_priors.csv -o real_location_data/s19c1/k10_r1_spalin-divide-beta05.txt --nInitials 10 --ultrametric --randomreps 3 --divide --radius 0.5
Optimization by Spalin-Divide: Scipy-SLSQP using spatial information
Optimizing branch lengths, phi, and nu without topology search
Initial point 1. Random seed: 4988
Solving with ultrametric constraint
Optimal point found for initial point 1
Negative llh: 157.41927070657923
Dropout rate: 1.0000019185350923e-10
Silencing rate: 1.0000011733791421e-10
Sigma: 1.5521528516232526
Initial point 2. Random seed: 13
Solving with ultrametric constraint
Optimal point found for initial point 2
Negative llh: 157.4192707098562
Dropout rate: 1.0000866419054524e-10
Silencing rate: 1.0000612529855941e-10
Sigma: 1.552155298098336
Initial point 3. Random seed: 7193
Solving with ultrametric constraint
Optimal point found for initial point 3
Negative llh: 157.41927149551404
Dropout rate: 4.534602420685841e-10
Silencing rate: 7.143234552627572e-09
Sigma: 1.5521167099692512
Initial point 4. Random seed: 4038
Solving with ultrametric constraint
Optimal point found for initial point 4
Negative llh: 157.41927079097175
Dropout rate: 1e-10
Silencing rate: 1e-10
Sigma: 1.552126859805504
Initial point 5. Random seed: 9326
Solving with ultrametric constraint
Optimal point found for initial point 5
Negative llh: 2157.037099989852
Dropout rate: 4.364113198822319e-05
Silencing rate: 1.7064937775674552e-06
Sigma: 5.287661650207565
Initial point 6. Random seed: 4707
Solving with ultrametric constraint
Optimal point found for initial point 6
Negative llh: 157.41933072588648
Dropout rate: 1.5851437811322566e-10
Silencing rate: 1.3570968683347567e-10
Sigma: 1.55211413301788
Initial point 7. Random seed: 6392
Solving with ultrametric constraint
Optimal point found for initial point 7
Negative llh: 157.41980572855508
Dropout rate: 2.957664434356533e-10
Silencing rate: 2.2742103611470315e-10
Sigma: 1.5527281456607582
Initial point 8. Random seed: 9694
Solving with ultrametric constraint
Optimal point found for initial point 8
Negative llh: 157.4192707910267
Dropout rate: 1.000021075086141e-10
Silencing rate: 1.0000128838327737e-10
Sigma: 1.5521525673102339
Initial point 9. Random seed: 6545
Solving with ultrametric constraint
Optimal point found for initial point 9
Negative llh: 157.4194337302646
Dropout rate: 1.006650374084061e-10
Silencing rate: 1.000000367341528e-10
Sigma: 1.551547820976806
Initial point 10. Random seed: 5734
Solving with ultrametric constraint
Optimal point found for initial point 10
Negative llh: 157.4192707271327
Dropout rate: 1e-10
Silencing rate: 1e-10
Sigma: 1.5521439575265576
Runtime (s): 689.4125776248984
