Launching Problin version 0.5b
Problin was called as follow: /u/gh2161/Spatial-Division/problin/run_problin.py -c real_location_data/s19c1/k10_r4_character_matrix.csv -t real_location_data/s19c1/true_tree.nwk -S real_location_data/s19c1/leaf_locations.txt --delimiter comma -p real_location_data/s19c1/k10_priors.csv -o real_location_data/s19c1/k10_r4_spalin-divide-beta8.txt --nInitials 10 --ultrametric --randomreps 3 --divide --given_beta 8 --incl_beta_bound
Optimization by Spalin-Divide: Scipy-SLSQP using spatial information
Optimizing branch lengths, phi, and nu without topology search
Initial point 1. Random seed: 5954
Solving with ultrametric constraint
Optimal point found for initial point 1
Negative llh: 142.1032785806268
Dropout rate: 1e-10
Silencing rate: 1e-10
Sigma: 3.607819189612921
Initial point 2. Random seed: 5809
Solving with ultrametric constraint
Optimal point found for initial point 2
Negative llh: 142.10327879265301
Dropout rate: 1e-10
Silencing rate: 1e-10
Sigma: 3.607776079656728
Initial point 3. Random seed: 380
Solving with ultrametric constraint
Optimal point found for initial point 3
Negative llh: 142.10327867031262
Dropout rate: 1.0197861147536745e-10
Silencing rate: 1.0196818059537102e-10
Sigma: 3.607825641350775
Initial point 4. Random seed: 3212
Solving with ultrametric constraint
Optimal point found for initial point 4
Negative llh: 142.10328138788006
Dropout rate: 3.473520954680832e-10
Silencing rate: 4.700871260253009e-10
Sigma: 3.607770735824178
Initial point 5. Random seed: 634
Solving with ultrametric constraint
Optimal point found for initial point 5
Negative llh: 142.10327875079824
Dropout rate: 3.550918976718089e-10
Silencing rate: 3.302541856986211e-10
Sigma: 3.607815903865798
Initial point 6. Random seed: 5791
Solving with ultrametric constraint
Optimal point found for initial point 6
Negative llh: 142.10327978727906
Dropout rate: 2.678748879937653e-10
Silencing rate: 2.1501603288955596e-10
Sigma: 3.6078607540493857
Initial point 7. Random seed: 5197
Solving with ultrametric constraint
Optimal point found for initial point 7
Negative llh: 142.103278912742
Dropout rate: 2.815138056744205e-10
Silencing rate: 2.6111544088483787e-10
Sigma: 3.607805210928227
Initial point 8. Random seed: 6659
Solving with ultrametric constraint
Optimal point found for initial point 8
Negative llh: 142.1032789121191
Dropout rate: 2.341977797106129e-10
Silencing rate: 2.1138412934523127e-10
Sigma: 3.607928508379724
Initial point 9. Random seed: 9039
Solving with ultrametric constraint
Optimal point found for initial point 9
Negative llh: 142.1032798684867
Dropout rate: 1e-10
Silencing rate: 1e-10
Sigma: 3.6077285351512307
Initial point 10. Random seed: 4124
Solving with ultrametric constraint
Optimal point found for initial point 10
Negative llh: 142.1032862820387
Dropout rate: 6.809899428587469e-10
Silencing rate: 6.880264630117458e-10
Sigma: 3.6078796129852293
Runtime (s): 645.2288108598441
