Launching Problin version 0.5b
Problin was called as follow: /u/gh2161/Spatial-Division/problin/run_problin.py -c real_location_data/s19c1/k10_r5_character_matrix.csv -t real_location_data/s19c1/true_tree.nwk -S real_location_data/s19c1/leaf_locations.txt --delimiter comma -p real_location_data/s19c1/k10_priors.csv -o real_location_data/s19c1/k10_r5_spalin-divide-beta1.txt --nInitials 10 --ultrametric --randomreps 3 --divide --radius 1
Optimization by Spalin-Divide: Scipy-SLSQP using spatial information
Optimizing branch lengths, phi, and nu without topology search
Initial point 1. Random seed: 997
Solving with ultrametric constraint
Optimal point found for initial point 1
Negative llh: 168.84282593222648
Dropout rate: 1e-10
Silencing rate: 1e-10
Sigma: 1.4593097017927057
Initial point 2. Random seed: 9668
Solving with ultrametric constraint
Optimal point found for initial point 2
Negative llh: 151.8016440260561
Dropout rate: 3.260093118838463e-10
Silencing rate: 2.594837299383189e-10
Sigma: 1.5900174821435293
Initial point 3. Random seed: 6462
Solving with ultrametric constraint
Optimal point found for initial point 3
Negative llh: 151.80164927099145
Dropout rate: 1.5262097077300288e-10
Silencing rate: 1.022373936405296e-10
Sigma: 1.5900695414606159
Initial point 4. Random seed: 7314
Solving with ultrametric constraint
Optimal point found for initial point 4
Negative llh: 168.84205668830518
Dropout rate: 1.0000000000000002e-10
Silencing rate: 1e-10
Sigma: 1.4610705240785407
Initial point 5. Random seed: 7056
Solving with ultrametric constraint
Optimal point found for initial point 5
Negative llh: 151.80138335922953
Dropout rate: 1.905539637885467e-10
Silencing rate: 1.6184659975481608e-10
Sigma: 1.590440407254671
Initial point 6. Random seed: 8383
Solving with ultrametric constraint
Optimal point found for initial point 6
Negative llh: 168.84291333530714
Dropout rate: 1.0000000000000002e-10
Silencing rate: 1e-10
Sigma: 1.4593832006915164
Initial point 7. Random seed: 4491
Solving with ultrametric constraint
Optimal point found for initial point 7
Negative llh: 168.842881988734
Dropout rate: 1e-10
Silencing rate: 1e-10
Sigma: 1.4596234595501965
Initial point 8. Random seed: 8096
Solving with ultrametric constraint
Optimal point found for initial point 8
Negative llh: 151.80155336629312
Dropout rate: 4.66071647128203e-10
Silencing rate: 3.135157536331535e-10
Sigma: 1.590033684812788
Initial point 9. Random seed: 6775
Solving with ultrametric constraint
Optimal point found for initial point 9
Negative llh: 151.8016869116266
Dropout rate: 1e-10
Silencing rate: 1e-10
Sigma: 1.5907244166232721
Initial point 10. Random seed: 1084
Solving with ultrametric constraint
Optimal point found for initial point 10
Negative llh: 151.80138282194198
Dropout rate: 1e-10
Silencing rate: 1e-10
Sigma: 1.5904028471459863
Runtime (s): 424.49791759997606
