Launching Problin version 0.5b
Problin was called as follow: /u/gh2161/Spatial-Division/problin/run_problin.py -c real_location_data/s19c1/k10_r4_character_matrix.csv -t real_location_data/s19c1/true_tree.nwk -S real_location_data/s19c1/leaf_locations.txt --delimiter comma -p real_location_data/s19c1/k10_priors.csv -o real_location_data/s19c1/k10_r4_spalin-divide-beta9.txt --nInitials 10 --ultrametric --randomreps 3 --divide --given_beta 9 --incl_beta_bound
Optimization by Spalin-Divide: Scipy-SLSQP using spatial information
Optimizing branch lengths, phi, and nu without topology search
Initial point 1. Random seed: 2742
Solving with ultrametric constraint
Optimal point found for initial point 1
Negative llh: 138.0947185094052
Dropout rate: 4.098333437431991e-10
Silencing rate: 2.9600061459074956e-10
Sigma: 3.389989630086076
Initial point 2. Random seed: 6875
Solving with ultrametric constraint
Optimal point found for initial point 2
Negative llh: 138.09471669424454
Dropout rate: 1.0000000000000002e-10
Silencing rate: 1.0000000000000002e-10
Sigma: 3.389978522533532
Initial point 3. Random seed: 9551
Solving with ultrametric constraint
Optimal point found for initial point 3
Negative llh: 138.09471789138598
Dropout rate: 4.97509721074912e-10
Silencing rate: 4.968074777966568e-10
Sigma: 3.3898133231496654
Initial point 4. Random seed: 8807
Solving with ultrametric constraint
Optimal point found for initial point 4
Negative llh: 138.09471650020132
Dropout rate: 9.999999999999996e-11
Silencing rate: 9.999999999999996e-11
Sigma: 3.3899887072082127
Initial point 5. Random seed: 1535
Solving with ultrametric constraint
Optimal point found for initial point 5
Negative llh: 138.09473284333077
Dropout rate: 7.62961603021267e-10
Silencing rate: 7.673837116992934e-10
Sigma: 3.3901575031517757
Initial point 6. Random seed: 4012
Solving with ultrametric constraint
Optimal point found for initial point 6
Negative llh: 138.09471683637148
Dropout rate: 2.5358311242352005e-10
Silencing rate: 7.678647675591671e-10
Sigma: 3.3899989938230384
Initial point 7. Random seed: 2758
Solving with ultrametric constraint
Optimal point found for initial point 7
Negative llh: 138.09471689791286
Dropout rate: 2.0531126204930809e-10
Silencing rate: 1.7163498318430943e-10
Sigma: 3.389968362462966
Initial point 8. Random seed: 9133
Solving with ultrametric constraint
Optimal point found for initial point 8
Negative llh: 138.09473085858946
Dropout rate: 1.0235977437676604e-09
Silencing rate: 1.493787367374354e-09
Sigma: 3.3895279889957513
Initial point 9. Random seed: 5878
Solving with ultrametric constraint
Optimal point found for initial point 9
Negative llh: 138.09471758584468
Dropout rate: 1.4365988279857556e-10
Silencing rate: 1.2384349250079053e-10
Sigma: 3.3899365520710623
Initial point 10. Random seed: 5423
Solving with ultrametric constraint
Optimal point found for initial point 10
Negative llh: 138.09471687848728
Dropout rate: 6.399575168242822e-10
Silencing rate: 5.735453048016955e-10
Sigma: 3.3900302036226018
Runtime (s): 375.0445825252682
