Launching Problin version 0.5b
Problin was called as follow: /u/gh2161/Spatial-Division/problin/run_problin.py -c real_location_data/s19c1/k10_r1_character_matrix.csv -t real_location_data/s19c1/true_tree.nwk -S real_location_data/s19c1/leaf_locations.txt --delimiter comma -p real_location_data/s19c1/k10_priors.csv -o real_location_data/s19c1/k10_r1_spalin-divide-beta1.txt --nInitials 10 --ultrametric --randomreps 3 --divide --radius 1
Optimization by Spalin-Divide: Scipy-SLSQP using spatial information
Optimizing branch lengths, phi, and nu without topology search
Initial point 1. Random seed: 1899
Solving with ultrametric constraint
Optimal point found for initial point 1
Negative llh: 24682.200879906337
Dropout rate: 9.81832991654841e-06
Silencing rate: 0.0036585890248263192
Sigma: 4.077248756609186
Initial point 2. Random seed: 9403
Solving with ultrametric constraint
Optimal point found for initial point 2
Negative llh: 207.86737531403296
Dropout rate: 4.270388941617943e-05
Silencing rate: 0.0360299610553994
Sigma: 4.701089082599385
Initial point 3. Random seed: 3169
Solving with ultrametric constraint
Optimal point found for initial point 3
Negative llh: 156.63634315482386
Dropout rate: 1e-10
Silencing rate: 1e-10
Sigma: 1.5273384913172132
Initial point 4. Random seed: 9364
Solving with ultrametric constraint
Optimal point found for initial point 4
Negative llh: 156.63628772917414
Dropout rate: 4.557219359691194e-10
Silencing rate: 4.1491116475498376e-10
Sigma: 1.5271181044706703
Initial point 5. Random seed: 4092
Solving with ultrametric constraint
Optimal point found for initial point 5
Negative llh: 186.47583141361753
Dropout rate: 1.0000000000000002e-10
Silencing rate: 1.0000000000000002e-10
Sigma: 1.476115368292002
Initial point 6. Random seed: 2239
Solving with ultrametric constraint
Optimal point found for initial point 6
Negative llh: 156.63628735181982
Dropout rate: 1.439437887100581e-10
Silencing rate: 1.3514850821569297e-10
Sigma: 1.527160635611373
Initial point 7. Random seed: 2454
Solving with ultrametric constraint
Optimal point found for initial point 7
Negative llh: 156.6362874408884
Dropout rate: 9.999999999999996e-11
Silencing rate: 9.999999999999996e-11
Sigma: 1.5271422208295495
Initial point 8. Random seed: 6667
Solving with ultrametric constraint
Optimal point found for initial point 8
Negative llh: 156.63667908926982
Dropout rate: 1.0244707574025883e-09
Silencing rate: 1e-10
Sigma: 1.525093757368225
Initial point 9. Random seed: 4519
Solving with ultrametric constraint
Fatal: failed to optimize using initial point 9
Initial point 10. Random seed: 5789
Solving with ultrametric constraint
Optimal point found for initial point 10
Negative llh: 156.63628773716994
Dropout rate: 1e-10
Silencing rate: 1e-10
Sigma: 1.5271720946954472
Runtime (s): 395.5895890221
