Launching Problin version 0.5b
Problin was called as follow: /u/gh2161/Spatial-Division/problin/run_problin.py -c real_location_data/s19c1/k10_r2_character_matrix.csv -t real_location_data/s19c1/true_tree.nwk -S real_location_data/s19c1/leaf_locations.txt --delimiter comma -p real_location_data/s19c1/k10_priors.csv -o real_location_data/s19c1/k10_r2_spalin-divide-beta20.txt --nInitials 10 --ultrametric --randomreps 3 --divide --given_beta 20 --incl_beta_bound
Optimization by Spalin-Divide: Scipy-SLSQP using spatial information
Optimizing branch lengths, phi, and nu without topology search
Initial point 1. Random seed: 243
Solving with ultrametric constraint
Optimal point found for initial point 1
Negative llh: 133.49185326610058
Dropout rate: 5.517251355317569e-10
Silencing rate: 2.786008185790164e-10
Sigma: 3.575833728381457
Initial point 2. Random seed: 10
Solving with ultrametric constraint
Optimal point found for initial point 2
Negative llh: 133.4918518775931
Dropout rate: 1.0329224576539227e-10
Silencing rate: 1.207605291354252e-10
Sigma: 3.575863223999548
Initial point 3. Random seed: 6208
Solving with ultrametric constraint
Optimal point found for initial point 3
Negative llh: 133.49185429260064
Dropout rate: 1.4532757432810244e-10
Silencing rate: 1.641404999108192e-10
Sigma: 3.57574446040189
Initial point 4. Random seed: 6302
Solving with ultrametric constraint
Optimal point found for initial point 4
Negative llh: 133.49185193013523
Dropout rate: 1e-10
Silencing rate: 1.0000000000000007e-10
Sigma: 3.576009568082386
Initial point 5. Random seed: 9720
Solving with ultrametric constraint
Optimal point found for initial point 5
Negative llh: 133.4918535085178
Dropout rate: 1e-10
Silencing rate: 3.548724710986851e-09
Sigma: 3.57617696523037
Initial point 6. Random seed: 4315
Solving with ultrametric constraint
Optimal point found for initial point 6
Negative llh: 133.49185304801853
Dropout rate: 1.0000000000000007e-10
Silencing rate: 1.7251653595313402e-10
Sigma: 3.5758872311296255
Initial point 7. Random seed: 3275
Solving with ultrametric constraint
Optimal point found for initial point 7
Negative llh: 133.4918528724147
Dropout rate: 2.1753781916077434e-09
Silencing rate: 1e-10
Sigma: 3.5757044230679664
Initial point 8. Random seed: 8535
Solving with ultrametric constraint
Optimal point found for initial point 8
Negative llh: 133.49185157571569
Dropout rate: 1.0000000000000007e-10
Silencing rate: 9.372746371375452e-10
Sigma: 3.575869957148585
Initial point 9. Random seed: 7815
Solving with ultrametric constraint
Optimal point found for initial point 9
Negative llh: 133.4918528353317
Dropout rate: 6.474078586203983e-10
Silencing rate: 1e-10
Sigma: 3.5760245043431973
Initial point 10. Random seed: 8234
Solving with ultrametric constraint
Optimal point found for initial point 10
Negative llh: 133.49185256845192
Dropout rate: 1e-10
Silencing rate: 1e-10
Sigma: 3.5759736864967455
Runtime (s): 433.50082452595234
