Launching Problin version 0.5b
Problin was called as follow: /u/gh2161/Spatial-Division/problin/run_problin.py -c real_location_data/s7c3/k10_r5_character_matrix.csv -t real_location_data/s7c3/true_tree.nwk -S real_location_data/s7c3/leaf_locations.txt --delimiter comma -p real_location_data/s7c3/k10_priors.csv -o real_location_data/s7c3/k10_r5_spalin-divide-beta7.txt --nInitials 10 --ultrametric --randomreps 3 --divide --radius 7
Optimization by Spalin-Divide: Scipy-SLSQP using spatial information
Optimizing branch lengths, phi, and nu without topology search
Initial point 1. Random seed: 2052
Solving with ultrametric constraint
Optimal point found for initial point 1
Negative llh: 334.30817262725634
Dropout rate: 1.3587769706480427e-09
Silencing rate: 6.448506225370442e-10
Sigma: 1.4068567951055444
Initial point 2. Random seed: 1457
Solving with ultrametric constraint
Optimal point found for initial point 2
Negative llh: 334.30810450952987
Dropout rate: 1.0000000000000007e-10
Silencing rate: 1e-10
Sigma: 1.406835573777146
Initial point 3. Random seed: 6250
Solving with ultrametric constraint
Optimal point found for initial point 3
Negative llh: 334.30855521181115
Dropout rate: 3.151201172857421e-09
Silencing rate: 1.0000896342669583e-10
Sigma: 1.4068848195736443
Initial point 4. Random seed: 9388
Solving with ultrametric constraint
Optimal point found for initial point 4
Negative llh: 334.30858285874086
Dropout rate: 1.0000000000000007e-10
Silencing rate: 1.0000000000000002e-10
Sigma: 1.4066618407449456
Initial point 5. Random seed: 2098
Solving with ultrametric constraint
Optimal point found for initial point 5
Negative llh: 334.308046382754
Dropout rate: 1.0000000000000007e-10
Silencing rate: 1e-10
Sigma: 1.4067706716053927
Initial point 6. Random seed: 3451
Solving with ultrametric constraint
Optimal point found for initial point 6
Negative llh: 334.3086580618636
Dropout rate: 6.20199100414151e-10
Silencing rate: 1.278564542770331e-10
Sigma: 1.4063673708241256
Initial point 7. Random seed: 6630
Solving with ultrametric constraint
Optimal point found for initial point 7
Negative llh: 334.30820112001675
Dropout rate: 1e-10
Silencing rate: 1e-10
Sigma: 1.4070065403684273
Initial point 8. Random seed: 2766
Solving with ultrametric constraint
Optimal point found for initial point 8
Negative llh: 334.3089601391429
Dropout rate: 7.27047444858344e-09
Silencing rate: 5.170640491792446e-10
Sigma: 1.4068935552365998
Initial point 9. Random seed: 2874
Solving with ultrametric constraint
Optimal point found for initial point 9
Negative llh: 334.3082971346783
Dropout rate: 1e-10
Silencing rate: 1e-10
Sigma: 1.4072029255653702
Initial point 10. Random seed: 3724
Solving with ultrametric constraint
Optimal point found for initial point 10
Negative llh: 334.30881781317436
Dropout rate: 4.635393911538839e-09
Silencing rate: 1.9237970537925753e-09
Sigma: 1.4068697056678747
Runtime (s): 2537.635045098141
