Launching Problin version 0.5b
Problin was called as follow: /u/gh2161/Spatial-Division/problin/run_problin.py -c real_location_data/s7c3/k10_r3_character_matrix.csv -t real_location_data/s7c3/true_tree.nwk -S real_location_data/s7c3/leaf_locations.txt --delimiter comma -p real_location_data/s7c3/k10_priors.csv -o real_location_data/s7c3/k10_r3_spalin-divide-beta3.txt --nInitials 10 --ultrametric --randomreps 3 --divide --radius 3
Optimization by Spalin-Divide: Scipy-SLSQP using spatial information
Optimizing branch lengths, phi, and nu without topology search
Initial point 1. Random seed: 9
Solving with ultrametric constraint
Optimal point found for initial point 1
Negative llh: 348.3995266207844
Dropout rate: 6.143523184973219e-09
Silencing rate: 1.2447858035722392e-10
Sigma: 1.5959028674957931
Initial point 2. Random seed: 8777
Solving with ultrametric constraint
Optimal point found for initial point 2
Negative llh: 348.39951615947155
Dropout rate: 1.0000000000000007e-10
Silencing rate: 1e-10
Sigma: 1.5960121726920204
Initial point 3. Random seed: 1947
Solving with ultrametric constraint
Optimal point found for initial point 3
Negative llh: 348.39951986995504
Dropout rate: 1.0000281668375356e-10
Silencing rate: 1.0000114925613628e-10
Sigma: 1.5958342451981717
Initial point 4. Random seed: 510
Solving with ultrametric constraint
Optimal point found for initial point 4
Negative llh: 348.399293149208
Dropout rate: 1e-10
Silencing rate: 1e-10
Sigma: 1.5957238218014633
Initial point 5. Random seed: 4088
Solving with ultrametric constraint
Optimal point found for initial point 5
Negative llh: 348.39954517036296
Dropout rate: 1e-10
Silencing rate: 1.0131486850065058e-10
Sigma: 1.5961493837210532
Initial point 6. Random seed: 2722
Solving with ultrametric constraint
Optimal point found for initial point 6
Negative llh: 348.3994043400303
Dropout rate: 1e-10
Silencing rate: 1e-10
Sigma: 1.596042542833181
Initial point 7. Random seed: 6111
Solving with ultrametric constraint
Optimal point found for initial point 7
Negative llh: 348.3993233341189
Dropout rate: 4.329058756039782e-09
Silencing rate: 2.0457084684454927e-09
Sigma: 1.5962849584235248
Initial point 8. Random seed: 771
Solving with ultrametric constraint
Optimal point found for initial point 8
Negative llh: 348.39964952890574
Dropout rate: 7.108112178454655e-09
Silencing rate: 2.51465862864183e-09
Sigma: 1.594876590638635
Initial point 9. Random seed: 2245
Solving with ultrametric constraint
Optimal point found for initial point 9
Negative llh: 348.4000488611939
Dropout rate: 1e-10
Silencing rate: 1e-10
Sigma: 1.5951729957068366
Initial point 10. Random seed: 6755
Solving with ultrametric constraint
Optimal point found for initial point 10
Negative llh: 348.39952976066843
Dropout rate: 7.892559890582584e-10
Silencing rate: 2.933483560289533e-10
Sigma: 1.5960418132566485
Runtime (s): 2013.9899418521672
