Launching Problin version 0.5b
Problin was called as follow: /u/gh2161/Spatial-Division/problin/run_problin.py -c real_location_data/s7c3/k10_r2_character_matrix.csv -t real_location_data/s7c3/true_tree.nwk -S real_location_data/s7c3/leaf_locations.txt --delimiter comma -p real_location_data/s7c3/k10_priors.csv -o real_location_data/s7c3/k10_r2_spalin-divide-beta3.txt --nInitials 10 --ultrametric --randomreps 3 --divide --radius 3
Optimization by Spalin-Divide: Scipy-SLSQP using spatial information
Optimizing branch lengths, phi, and nu without topology search
Initial point 1. Random seed: 5711
Solving with ultrametric constraint
Optimal point found for initial point 1
Negative llh: 344.144986179385
Dropout rate: 1.0000000000000007e-10
Silencing rate: 9.999999999999996e-11
Sigma: 1.6891904782930927
Initial point 2. Random seed: 6379
Solving with ultrametric constraint
Optimal point found for initial point 2
Negative llh: 344.14494004641597
Dropout rate: 1e-10
Silencing rate: 1e-10
Sigma: 1.6894491946038506
Initial point 3. Random seed: 2750
Solving with ultrametric constraint
Fatal: failed to optimize using initial point 3
Initial point 4. Random seed: 7713
Solving with ultrametric constraint
Optimal point found for initial point 4
Negative llh: 344.1452204874092
Dropout rate: 1e-10
Silencing rate: 1e-10
Sigma: 1.689367092388815
Initial point 5. Random seed: 2439
Solving with ultrametric constraint
Optimal point found for initial point 5
Negative llh: 344.1448674714166
Dropout rate: 1.0638214993476422e-09
Silencing rate: 1e-10
Sigma: 1.6894506303826304
Initial point 6. Random seed: 3355
Solving with ultrametric constraint
Optimal point found for initial point 6
Negative llh: 344.1455465824181
Dropout rate: 4.789437386861811e-09
Silencing rate: 1.0127574088636821e-10
Sigma: 1.690094419216075
Initial point 7. Random seed: 3925
Solving with ultrametric constraint
Optimal point found for initial point 7
Negative llh: 344.14498369617627
Dropout rate: 1.0000000000000007e-10
Silencing rate: 1.0000000000000002e-10
Sigma: 1.689433523465893
Initial point 8. Random seed: 6981
Solving with ultrametric constraint
Optimal point found for initial point 8
Negative llh: 344.14508639551906
Dropout rate: 1.0000000000000007e-10
Silencing rate: 1e-10
Sigma: 1.6893155741153707
Initial point 9. Random seed: 2786
Solving with ultrametric constraint
Optimal point found for initial point 9
Negative llh: 344.14501855539095
Dropout rate: 7.194047641743733e-10
Silencing rate: 3.5453518224349387e-10
Sigma: 1.6896325549051219
Initial point 10. Random seed: 962
Solving with ultrametric constraint
Optimal point found for initial point 10
Negative llh: 344.1451485932995
Dropout rate: 1.0000000000000007e-10
Silencing rate: 1.552550268493378e-10
Sigma: 1.6894917389401476
Runtime (s): 1754.6805013502017
