Launching Problin version 0.5b
Problin was called as follow: /u/gh2161/Spatial-Division/problin/run_problin.py -c real_location_data/s9c4/k10_r2_character_matrix.csv -t real_location_data/s9c4/true_tree.nwk -S real_location_data/s9c4/leaf_locations.txt --delimiter comma -p real_location_data/s9c4/k10_priors.csv -o real_location_data/s9c4/k10_r2_spalin-divide-beta7.txt --nInitials 10 --ultrametric --randomreps 3 --divide --radius 7
Optimization by Spalin-Divide: Scipy-SLSQP using spatial information
Optimizing branch lengths, phi, and nu without topology search
Initial point 1. Random seed: 5766
Solving with ultrametric constraint
Optimal point found for initial point 1
Negative llh: 267.94658108108626
Dropout rate: 1.1020090965010567e-09
Silencing rate: 1.1909017104339126e-10
Sigma: 1.6085031926262607
Initial point 2. Random seed: 1059
Solving with ultrametric constraint
Optimal point found for initial point 2
Negative llh: 267.9467289198885
Dropout rate: 1.1030963984747519e-09
Silencing rate: 6.078597116175089e-10
Sigma: 1.607225034372739
Initial point 3. Random seed: 9496
Solving with ultrametric constraint
Optimal point found for initial point 3
Negative llh: 267.94707479030023
Dropout rate: 1.0000000000000007e-10
Silencing rate: 1.0000000000000007e-10
Sigma: 1.60791451092778
Initial point 4. Random seed: 4968
Solving with ultrametric constraint
Optimal point found for initial point 4
Negative llh: 267.9467979420535
Dropout rate: 1e-10
Silencing rate: 1e-10
Sigma: 1.6072393422449442
Initial point 5. Random seed: 4852
Solving with ultrametric constraint
Optimal point found for initial point 5
Negative llh: 267.9462889210618
Dropout rate: 4.9179013427829275e-09
Silencing rate: 1.4689993443587082e-08
Sigma: 1.60796347468715
Initial point 6. Random seed: 6335
Solving with ultrametric constraint
Optimal point found for initial point 6
Negative llh: 267.94675609606065
Dropout rate: 9.74258098050627e-10
Silencing rate: 1.0003941276331213e-10
Sigma: 1.607364708451518
Initial point 7. Random seed: 9009
Solving with ultrametric constraint
Optimal point found for initial point 7
Negative llh: 267.9464859858804
Dropout rate: 9.999999999999996e-11
Silencing rate: 1.0000000000000002e-10
Sigma: 1.6080252265570636
Initial point 8. Random seed: 4211
Solving with ultrametric constraint
Optimal point found for initial point 8
Negative llh: 267.9462758938347
Dropout rate: 1.0000000000000007e-10
Silencing rate: 1e-10
Sigma: 1.6079829773324625
Initial point 9. Random seed: 3690
Solving with ultrametric constraint
Optimal point found for initial point 9
Negative llh: 267.9474045903471
Dropout rate: 5.838739387212046e-09
Silencing rate: 4.273025418635719e-10
Sigma: 1.6075022707717408
Initial point 10. Random seed: 6178
Solving with ultrametric constraint
Optimal point found for initial point 10
Negative llh: 267.9465804034253
Dropout rate: 1.0000000000000003e-10
Silencing rate: 1e-10
Sigma: 1.6083161197119553
Runtime (s): 960.8420200292021
