Launching Problin version 0.5b
Problin was called as follow: /u/gh2161/Spatial-Division/problin/run_problin.py -c real_location_data/s9c4/k10_r1_character_matrix.csv -t real_location_data/s9c4/true_tree.nwk --delimiter comma -p real_location_data/s9c4/k10_priors.csv -o real_location_data/s9c4/k10_r1_problin.txt --nInitials 10 --ultrametric --randomreps 3 --solver Scipy
Optimization by generic solver (Scipy-SLSQP)
Optimizing branch lengths, phi, and nu without topology search
Initial point 1. Random seed: 4668
Solving with ultrametric constraint
Fatal: failed to optimize using initial point 1
Initial point 2. Random seed: 4323
Solving with ultrametric constraint
Optimal point found for initial point 2
Negative llh: 107.9208742569084
Dropout rate: 3.031019856571191e-10
Silencing rate: 4.907582518912666e-10
Lambda: 0.005811110826670459
Initial point 3. Random seed: 8147
Solving with ultrametric constraint
Optimal point found for initial point 3
Negative llh: 107.92079390867633
Dropout rate: 1e-10
Silencing rate: 1e-10
Lambda: 0.005813254536172597
Initial point 4. Random seed: 6238
Solving with ultrametric constraint
Optimal point found for initial point 4
Negative llh: 107.92080595131645
Dropout rate: 1.0067947454149041e-10
Silencing rate: 1.0030290126159076e-10
Lambda: 0.0058118033173038515
Initial point 5. Random seed: 1341
Solving with ultrametric constraint
Optimal point found for initial point 5
Negative llh: 107.92075556639364
Dropout rate: 1.0000007771393477e-10
Silencing rate: 1.0000003463348513e-10
Lambda: 0.005812659138795547
Initial point 6. Random seed: 1212
Solving with ultrametric constraint
Optimal point found for initial point 6
Negative llh: 107.92124938607196
Dropout rate: 1.100911894323524e-10
Silencing rate: 3.869998397865609e-10
Lambda: 0.005808451822070344
Initial point 7. Random seed: 5742
Solving with ultrametric constraint
Optimal point found for initial point 7
Negative llh: 107.92071895609057
Dropout rate: 1e-10
Silencing rate: 1e-10
Lambda: 0.005811151880664359
Initial point 8. Random seed: 3954
Solving with ultrametric constraint
Optimal point found for initial point 8
Negative llh: 107.92107115912528
Dropout rate: 1.061470248333583e-09
Silencing rate: 5.283562698287852e-10
Lambda: 0.005809443979490647
Initial point 9. Random seed: 678
Solving with ultrametric constraint
Optimal point found for initial point 9
Negative llh: 107.92086131011706
Dropout rate: 9.999999999999996e-11
Silencing rate: 1.0000000000000002e-10
Lambda: 0.005811204563499198
Initial point 10. Random seed: 3882
Solving with ultrametric constraint
Optimal point found for initial point 10
Negative llh: 107.92084005665734
Dropout rate: 1.020742448798211e-09
Silencing rate: 5.102889646416039e-10
Lambda: 0.005814465677228555
{'phi': 1e-10, 'nu': 1e-10, 'lambda_param': 0.005811151880664359}
Runtime (s): 247.02516970969737
