Launching Problin version 0.5b
Problin was called as follow: /u/gh2161/Spatial-Division/problin/run_problin.py -c real_location_data/s9c4/k10_r5_character_matrix.csv -t real_location_data/s9c4/true_tree.nwk -S real_location_data/s9c4/leaf_locations.txt --delimiter comma -p real_location_data/s9c4/k10_priors.csv -o real_location_data/s9c4/k10_r5_spalin-divide-beta7.txt --nInitials 10 --ultrametric --randomreps 3 --divide --radius 7
Optimization by Spalin-Divide: Scipy-SLSQP using spatial information
Optimizing branch lengths, phi, and nu without topology search
Initial point 1. Random seed: 5244
Solving with ultrametric constraint
Optimal point found for initial point 1
Negative llh: 476.3511979867865
Dropout rate: 1.0775701473879233e-05
Silencing rate: 0.0010096137133976675
Sigma: 14.03900904098382
Initial point 2. Random seed: 5615
Solving with ultrametric constraint
Optimal point found for initial point 2
Negative llh: 276.50824660588285
Dropout rate: 1e-10
Silencing rate: 1e-10
Sigma: 1.6100084868844986
Initial point 3. Random seed: 2864
Solving with ultrametric constraint
Optimal point found for initial point 3
Negative llh: 276.50820052147265
Dropout rate: 6.361823594369488e-10
Silencing rate: 1.0159713296329839e-10
Sigma: 1.6100723412868219
Initial point 4. Random seed: 779
Solving with ultrametric constraint
Optimal point found for initial point 4
Negative llh: 276.50839050248834
Dropout rate: 1.6101788877736077e-09
Silencing rate: 1.000945583558729e-10
Sigma: 1.6102628862438002
Initial point 5. Random seed: 477
Solving with ultrametric constraint
Optimal point found for initial point 5
Negative llh: 276.50823345534377
Dropout rate: 1.1898976441552523e-09
Silencing rate: 1.003923127999205e-10
Sigma: 1.6099237388216412
Initial point 6. Random seed: 703
Solving with ultrametric constraint
Optimal point found for initial point 6
Negative llh: 276.50846154977785
Dropout rate: 1e-10
Silencing rate: 1e-10
Sigma: 1.6106415904779172
Initial point 7. Random seed: 8099
Solving with ultrametric constraint
Optimal point found for initial point 7
Negative llh: 276.50834751940397
Dropout rate: 1e-10
Silencing rate: 1e-10
Sigma: 1.6102472545503423
Initial point 8. Random seed: 9221
Solving with ultrametric constraint
Optimal point found for initial point 8
Negative llh: 276.5085168600813
Dropout rate: 2.8522438300751605e-09
Silencing rate: 2.113227615886234e-09
Sigma: 1.6098189939448544
Initial point 9. Random seed: 2334
Solving with ultrametric constraint
Optimal point found for initial point 9
Negative llh: 276.5083793541834
Dropout rate: 1.0000000000000007e-10
Silencing rate: 1.02505736604232e-10
Sigma: 1.6101027040499647
Initial point 10. Random seed: 6356
Solving with ultrametric constraint
Optimal point found for initial point 10
Negative llh: 276.5081787937115
Dropout rate: 1.0000000000000007e-10
Silencing rate: 1e-10
Sigma: 1.6100516266092642
Runtime (s): 2269.2036262569018
