Launching Problin version 0.5b
Problin was called as follow: /u/gh2161/Spatial-Division/problin/run_problin.py -c simulated_seq_simulated_loc/s20c2/k200_character_matrix.csv -t simulated_seq_simulated_loc/s20c2/true_tree.nwk --delimiter comma -p simulated_seq_simulated_loc/s20c2/k200_priors.csv -o simulated_seq_simulated_loc/s20c2/k200_problin.txt --nInitials 10 --ultrametric --randomreps 3
Optimization by EM algorithm
Optimizing branch lengths, phi, and nu without topology search
Initial point 1. Random seed: 1959
Solving with ultrametric constraint
Initial phi: 0.47442651214815773. Initial nu: 0.044182852564426. Initial nllh: 113543.39030671197
EM finished after 9 iterations.
Optimal point found for initial point 1
Negative llh: 1944.1733242810365
Dropout rate: 0
Silencing rate: 3.716259546344608e-08
Initial point 2. Random seed: 6456
Solving with ultrametric constraint
Initial phi: 0.5537243918613416. Initial nu: 0.6416557982375378. Initial nllh: 6155.343674743393
EM finished after 9 iterations.
Optimal point found for initial point 2
Negative llh: 1944.173295405518
Dropout rate: 0
Silencing rate: 2.5508162096254006e-08
Initial point 3. Random seed: 228
Solving with ultrametric constraint
Initial phi: 0.26672453911464294. Initial nu: 0.3403080703146946. Initial nllh: 3730.461844478713
EM finished after 9 iterations.
Optimal point found for initial point 3
Negative llh: 1944.1733106890208
Dropout rate: 0
Silencing rate: 3.5344606304234214e-08
Initial point 4. Random seed: 4154
Solving with ultrametric constraint
Initial phi: 0.03337264418694923. Initial nu: 0.029847054531327372. Initial nllh: 2126.4263584800105
EM finished after 6 iterations.
Optimal point found for initial point 4
Negative llh: 1944.1733143113727
Dropout rate: 0
Silencing rate: 3.7486520929422045e-08
Initial point 5. Random seed: 4915
Solving with ultrametric constraint
Initial phi: 0.732773381673979. Initial nu: 0.9864557219719666. Initial nllh: 8719.550292118474
EM finished after 9 iterations.
Optimal point found for initial point 5
Negative llh: 1944.173319387135
Dropout rate: 0
Silencing rate: 3.7105184156899016e-08
Initial point 6. Random seed: 4707
Solving with ultrametric constraint
Initial phi: 0.42387765752265033. Initial nu: 0.4748468118779748. Initial nllh: 4887.156811450966
EM finished after 9 iterations.
Optimal point found for initial point 6
Negative llh: 1944.1733110700777
Dropout rate: 0
Silencing rate: 3.496242852799624e-08
Initial point 7. Random seed: 6193
Solving with ultrametric constraint
Initial phi: 0.9723571034815967. Initial nu: 0.06495298615153845. Initial nllh: 15695.973929521893
EM finished after 7 iterations.
Optimal point found for initial point 7
Negative llh: 1944.1733137261833
Dropout rate: 0
Silencing rate: 3.719049156174302e-08
Initial point 8. Random seed: 642
Solving with ultrametric constraint
Initial phi: 0.9002264850136814. Initial nu: 0.15857786481802383. Initial nllh: 10985.650961176856
EM finished after 7 iterations.
Optimal point found for initial point 8
Negative llh: 1944.1733197390731
Dropout rate: 0
Silencing rate: 3.7800032481567875e-08
Initial point 9. Random seed: 6861
Solving with ultrametric constraint
Initial phi: 0.05009053981976662. Initial nu: 0.6723817467013199. Initial nllh: 3339.5453590686725
EM finished after 9 iterations.
Optimal point found for initial point 9
Negative llh: 1944.173296844127
Dropout rate: 0
Silencing rate: 2.6144128589901455e-08
Initial point 10. Random seed: 1685
Solving with ultrametric constraint
Initial phi: 0.6683110042170435. Initial nu: 0.9331447759653678. Initial nllh: 7803.217920579624
EM finished after 10 iterations.
Optimal point found for initial point 10
Negative llh: 1944.1733078246734
Dropout rate: 0
Silencing rate: 3.359807707337511e-08
Runtime (s): 15.843424301943742
