Launching Problin version 0.5b
Problin was called as follow: /u/gh2161/Spatial-Division/problin/run_problin.py -c real_location_data/s9c1/k10_r4_character_matrix.csv -t real_location_data/s9c1/true_tree.nwk -S real_location_data/s9c1/leaf_locations.txt --delimiter comma -p real_location_data/s9c1/k10_priors.csv -o real_location_data/s9c1/k10_r4_spalin-divide-beta10.txt --nInitials 10 --ultrametric --randomreps 3 --divide --radius 10
Optimization by Spalin-Divide: Scipy-SLSQP using spatial information
Optimizing branch lengths, phi, and nu without topology search
Initial point 1. Random seed: 6218
Solving with ultrametric constraint
Optimal point found for initial point 1
Negative llh: 194.59434004994597
Dropout rate: 1.3291653401381956e-09
Silencing rate: 6.588487215945047e-10
Sigma: 1.1873318657706928
Initial point 2. Random seed: 4523
Solving with ultrametric constraint
Fatal: failed to optimize using initial point 2
Initial point 3. Random seed: 5574
Solving with ultrametric constraint
Optimal point found for initial point 3
Negative llh: 194.59441240348698
Dropout rate: 7.786391440484217e-10
Silencing rate: 5.238566973083821e-10
Sigma: 1.1873846337396379
Initial point 4. Random seed: 718
Solving with ultrametric constraint
Optimal point found for initial point 4
Negative llh: 194.59434404440887
Dropout rate: 9.445766979501867e-10
Silencing rate: 4.86657249014879e-10
Sigma: 1.1872073365824334
Initial point 5. Random seed: 8860
Solving with ultrametric constraint
Optimal point found for initial point 5
Negative llh: 194.5943813412071
Dropout rate: 7.718754104566169e-10
Silencing rate: 5.139609052248136e-10
Sigma: 1.1872125108799618
Initial point 6. Random seed: 6378
Solving with ultrametric constraint
Optimal point found for initial point 6
Negative llh: 194.59467981181567
Dropout rate: 1e-10
Silencing rate: 1e-10
Sigma: 1.1873134780706442
Initial point 7. Random seed: 1389
Solving with ultrametric constraint
Optimal point found for initial point 7
Negative llh: 194.5944604198653
Dropout rate: 1e-10
Silencing rate: 1e-10
Sigma: 1.1876553853400604
Initial point 8. Random seed: 4593
Solving with ultrametric constraint
Optimal point found for initial point 8
Negative llh: 194.5943387872632
Dropout rate: 1e-10
Silencing rate: 1e-10
Sigma: 1.1872860251992254
Initial point 9. Random seed: 5925
Solving with ultrametric constraint
Optimal point found for initial point 9
Negative llh: 194.59462636482655
Dropout rate: 1.0000000000000002e-10
Silencing rate: 1.0000000000000002e-10
Sigma: 1.1875465610503644
Initial point 10. Random seed: 4720
Solving with ultrametric constraint
Optimal point found for initial point 10
Negative llh: 194.59452897632875
Dropout rate: 4.823212975628788e-10
Silencing rate: 3.0537424890738133e-10
Sigma: 1.1871258009812495
Runtime (s): 1222.9211276192218
