Launching Problin version 0.5b
Problin was called as follow: /u/gh2161/Spatial-Division/problin/run_problin.py -c real_location_data/s9c1/k10_r5_character_matrix.csv -t real_location_data/s9c1/true_tree.nwk -S real_location_data/s9c1/leaf_locations.txt --delimiter comma -p real_location_data/s9c1/k10_priors.csv -o real_location_data/s9c1/k10_r5_spalin.txt --nInitials 10 --ultrametric --randomreps 3
Optimization by Spalin: Scipy-SLSQP using spatial information
Optimizing branch lengths, phi, and nu without topology search
Initial point 1. Random seed: 5229
Solving with ultrametric constraint
Optimal point found for initial point 1
Negative llh: 192.74914923468162
Dropout rate: 1e-10
Silencing rate: 1e-10
Sigma: 3.039692607977404
Lambda: 0.004576785432423205
Initial point 2. Random seed: 7632
Solving with ultrametric constraint
Optimal point found for initial point 2
Negative llh: 192.74930217123648
Dropout rate: 1e-10
Silencing rate: 1e-10
Sigma: 3.0393188943053646
Lambda: 0.004577556431602099
Initial point 3. Random seed: 1436
Solving with ultrametric constraint
Optimal point found for initial point 3
Negative llh: 192.74908501551914
Dropout rate: 8.214601508062016e-10
Silencing rate: 3.004329017139193e-10
Sigma: 3.0388972746962533
Lambda: 0.004577914014152801
Initial point 4. Random seed: 2930
Solving with ultrametric constraint
Optimal point found for initial point 4
Negative llh: 192.74949804026664
Dropout rate: 1e-10
Silencing rate: 1e-10
Sigma: 3.041455670215918
Lambda: 0.00457233896486801
Initial point 5. Random seed: 6015
Solving with ultrametric constraint
Optimal point found for initial point 5
Negative llh: 192.74893747308448
Dropout rate: 1e-10
Silencing rate: 1e-10
Sigma: 3.039231990034424
Lambda: 0.004577799116820872
Initial point 6. Random seed: 8679
Solving with ultrametric constraint
Optimal point found for initial point 6
Negative llh: 192.7490842466031
Dropout rate: 1.1220777650790363e-09
Silencing rate: 3.887892440199576e-10
Sigma: 3.0403406936890263
Lambda: 0.004578462982124786
Initial point 7. Random seed: 5370
Solving with ultrametric constraint
Optimal point found for initial point 7
Negative llh: 192.7490136869014
Dropout rate: 9.999999999999996e-11
Silencing rate: 1.0000000000000002e-10
Sigma: 3.0395150667834554
Lambda: 0.004575144173216542
Initial point 8. Random seed: 7814
Solving with ultrametric constraint
Optimal point found for initial point 8
Negative llh: 210.28834263208313
Dropout rate: 6.864460325928612e-10
Silencing rate: 2.020092281369316e-10
Sigma: 2.567536963912864
Lambda: 0.0009768014626105785
Initial point 9. Random seed: 4444
Solving with ultrametric constraint
Optimal point found for initial point 9
Negative llh: 210.28825638785753
Dropout rate: 4.774025948321551e-10
Silencing rate: 1.4818544998002786e-10
Sigma: 2.570491386595152
Lambda: 0.000976802630338316
Initial point 10. Random seed: 634
Solving with ultrametric constraint
Optimal point found for initial point 10
Negative llh: 192.7490948619087
Dropout rate: 9.66603963056854e-10
Silencing rate: 5.03125593527914e-10
Sigma: 3.039223132324138
Lambda: 0.004575754200900741
{'lambda_param': 0.004577799116820872, 'phi': 1e-10, 'nu': 1e-10, 'sigma': 3.039231990034424, 'locations': {'216_16': (150.0, 277.0), '216_15': (133.0, 279.0), '216_20': (173.0, 249.0), '216_19': (189.0, 278.0), '216_13': (188.0, 229.0), '216_12': (195.0, 248.0), '216_11': (195.0, 268.0), '216_8': (144.0, 290.0), '216_7': (137.0, 301.0), '216_10': (152.0, 259.0), '216_9': (164.0, 280.0), '216_6': (116.0, 310.0), '216_5': (128.0, 321.0), '216_2': (131.0, 242.0), '216_1': (103.0, 251.0), '216_4': (137.0, 198.0), '216_3': (128.0, 217.0)}}
Runtime (s): 322.9530624412
