Launching Problin version 0.5b
Problin was called as follow: /u/gh2161/Spatial-Division/problin/run_problin.py -c real_location_data/s18c2/k10_r4_character_matrix.csv -t real_location_data/s18c2/true_tree.nwk -S real_location_data/s18c2/leaf_locations.txt --delimiter comma -p real_location_data/s18c2/k10_priors.csv -o real_location_data/s18c2/k10_r4_spalin-divide-beta1.txt --nInitials 10 --ultrametric --randomreps 3 --divide --radius 1
Optimization by Spalin-Divide: Scipy-SLSQP using spatial information
Optimizing branch lengths, phi, and nu without topology search
Initial point 1. Random seed: 6741
Solving with ultrametric constraint
Optimal point found for initial point 1
Negative llh: 288.9538710482542
Dropout rate: 1.0000000000000007e-10
Silencing rate: 9.999999999999996e-11
Sigma: 1.6510836133487057
Initial point 2. Random seed: 5928
Solving with ultrametric constraint
Optimal point found for initial point 2
Negative llh: 288.95417601802313
Dropout rate: 1e-10
Silencing rate: 1e-10
Sigma: 1.6492754168662669
Initial point 3. Random seed: 7991
Solving with ultrametric constraint
Optimal point found for initial point 3
Negative llh: 288.9541425298961
Dropout rate: 1.4596461169467582e-09
Silencing rate: 6.611688409024318e-10
Sigma: 1.6515369346841586
Initial point 4. Random seed: 1475
Solving with ultrametric constraint
Optimal point found for initial point 4
Negative llh: 288.9535759374674
Dropout rate: 1.0000000000000007e-10
Silencing rate: 1e-10
Sigma: 1.6509409976274596
Initial point 5. Random seed: 253
Solving with ultrametric constraint
Optimal point found for initial point 5
Negative llh: 288.95365338815884
Dropout rate: 1e-10
Silencing rate: 1e-10
Sigma: 1.6503157113076377
Initial point 6. Random seed: 1994
Solving with ultrametric constraint
Optimal point found for initial point 6
Negative llh: 288.9537040497087
Dropout rate: 1.8009331010137291e-09
Silencing rate: 8.462776601408115e-10
Sigma: 1.6504751208145776
Initial point 7. Random seed: 2694
Solving with ultrametric constraint
Optimal point found for initial point 7
Negative llh: 289.0494047197082
Dropout rate: 1e-10
Silencing rate: 1e-10
Sigma: 1.6288118945256609
Initial point 8. Random seed: 2218
Solving with ultrametric constraint
Optimal point found for initial point 8
Negative llh: 288.9540494213884
Dropout rate: 1e-10
Silencing rate: 1e-10
Sigma: 1.6518725427233474
Initial point 9. Random seed: 9299
Solving with ultrametric constraint
Optimal point found for initial point 9
Negative llh: 288.95365988397845
Dropout rate: 1.4626906407868442e-10
Silencing rate: 1.0000154650438664e-10
Sigma: 1.65061525143578
Initial point 10. Random seed: 7169
Solving with ultrametric constraint
Fatal: failed to optimize using initial point 10
Runtime (s): 1390.3943083053455
