Launching Problin version 0.5b
Problin was called as follow: /u/gh2161/Spatial-Division/problin/run_problin.py -c real_location_data/s18c2/k10_r4_character_matrix.csv -t real_location_data/s18c2/true_tree.nwk -S real_location_data/s18c2/leaf_locations.txt --delimiter comma -p real_location_data/s18c2/k10_priors.csv -o real_location_data/s18c2/k10_r4_spalin-divide-beta7.txt --nInitials 10 --ultrametric --randomreps 3 --divide --radius 7
Optimization by Spalin-Divide: Scipy-SLSQP using spatial information
Optimizing branch lengths, phi, and nu without topology search
Initial point 1. Random seed: 9651
Solving with ultrametric constraint
Optimal point found for initial point 1
Negative llh: 265.4917861821354
Dropout rate: 1e-10
Silencing rate: 1e-10
Sigma: 1.3079560467827274
Initial point 2. Random seed: 1084
Solving with ultrametric constraint
Optimal point found for initial point 2
Negative llh: 265.49116264165514
Dropout rate: 1.1188743209021111e-10
Silencing rate: 1.0495288023860479e-10
Sigma: 1.3086945067632776
Initial point 3. Random seed: 5530
Solving with ultrametric constraint
Optimal point found for initial point 3
Negative llh: 265.4911650424601
Dropout rate: 1.1960131393082543e-09
Silencing rate: 1.0068660003415933e-10
Sigma: 1.3086216023080983
Initial point 4. Random seed: 845
Solving with ultrametric constraint
Optimal point found for initial point 4
Negative llh: 265.49213065219715
Dropout rate: 2.2189248715571465e-10
Silencing rate: 1.9128664863478504e-10
Sigma: 1.3097664899127823
Initial point 5. Random seed: 1167
Solving with ultrametric constraint
Optimal point found for initial point 5
Negative llh: 265.4923815340162
Dropout rate: 9.999999999999996e-11
Silencing rate: 1.0000000000000002e-10
Sigma: 1.309651892906392
Initial point 6. Random seed: 1808
Solving with ultrametric constraint
Optimal point found for initial point 6
Negative llh: 265.4913337826933
Dropout rate: 1.578631824518266e-10
Silencing rate: 1.000917208487156e-10
Sigma: 1.3086449763541335
Initial point 7. Random seed: 5755
Solving with ultrametric constraint
Optimal point found for initial point 7
Negative llh: 265.49123715181065
Dropout rate: 1.0000000000000007e-10
Silencing rate: 9.999999999999996e-11
Sigma: 1.3087596013048537
Initial point 8. Random seed: 5374
Solving with ultrametric constraint
Fatal: failed to optimize using initial point 8
Initial point 9. Random seed: 7494
Solving with ultrametric constraint
Optimal point found for initial point 9
Negative llh: 265.49121946044255
Dropout rate: 9.636519811362868e-10
Silencing rate: 4.836848670144096e-10
Sigma: 1.3083313876578855
Initial point 10. Random seed: 3149
Solving with ultrametric constraint
Optimal point found for initial point 10
Negative llh: 265.49124841962634
Dropout rate: 1.0000000000000007e-10
Silencing rate: 1.0000000000000002e-10
Sigma: 1.3084073918428405
Runtime (s): 1002.6995074022561
