Launching Problin version 0.5b
Problin was called as follow: /u/gh2161/Spatial-Division/problin/run_problin.py -c real_location_data/s18c2/k10_r4_character_matrix.csv -t real_location_data/s18c2/true_tree.nwk -S real_location_data/s18c2/leaf_locations.txt --delimiter comma -p real_location_data/s18c2/k10_priors.csv -o real_location_data/s18c2/k10_r4_spalin-divide-beta3.txt --nInitials 10 --ultrametric --randomreps 3 --divide --radius 3
Optimization by Spalin-Divide: Scipy-SLSQP using spatial information
Optimizing branch lengths, phi, and nu without topology search
Initial point 1. Random seed: 6444
Solving with ultrametric constraint
Optimal point found for initial point 1
Negative llh: 282.7676636686005
Dropout rate: 1.0000000000000002e-10
Silencing rate: 1e-10
Sigma: 1.5581623831504317
Initial point 2. Random seed: 3021
Solving with ultrametric constraint
Optimal point found for initial point 2
Negative llh: 282.7674023647148
Dropout rate: 1.1292410420384921e-09
Silencing rate: 1.0075849808338697e-10
Sigma: 1.5587629328894093
Initial point 3. Random seed: 7127
Solving with ultrametric constraint
Optimal point found for initial point 3
Negative llh: 282.7675377389418
Dropout rate: 1.0000000000000002e-10
Silencing rate: 1e-10
Sigma: 1.5581424811673554
Initial point 4. Random seed: 7866
Solving with ultrametric constraint
Optimal point found for initial point 4
Negative llh: 282.7674051697527
Dropout rate: 2.586108860781856e-10
Silencing rate: 1.0076306886655443e-10
Sigma: 1.5587089000146672
Initial point 5. Random seed: 6624
Solving with ultrametric constraint
Optimal point found for initial point 5
Negative llh: 282.76744037485133
Dropout rate: 9.078454730169901e-10
Silencing rate: 4.3762455051720004e-10
Sigma: 1.5588083302515112
Initial point 6. Random seed: 7406
Solving with ultrametric constraint
Optimal point found for initial point 6
Negative llh: 282.76788552243846
Dropout rate: 9.999999999999996e-11
Silencing rate: 1.0000000000000002e-10
Sigma: 1.558564521096743
Initial point 7. Random seed: 7723
Solving with ultrametric constraint
Fatal: failed to optimize using initial point 7
Initial point 8. Random seed: 1988
Solving with ultrametric constraint
Optimal point found for initial point 8
Negative llh: 282.7674187911979
Dropout rate: 1e-10
Silencing rate: 1e-10
Sigma: 1.5588361671861946
Initial point 9. Random seed: 5906
Solving with ultrametric constraint
Optimal point found for initial point 9
Negative llh: 282.76753994572016
Dropout rate: 1.0000000000000007e-10
Silencing rate: 9.999999999999996e-11
Sigma: 1.5588585865514626
Initial point 10. Random seed: 5273
Solving with ultrametric constraint
Optimal point found for initial point 10
Negative llh: 282.7673874273632
Dropout rate: 1e-10
Silencing rate: 1e-10
Sigma: 1.5586816594973185
Runtime (s): 1252.4171581193805
