Launching Problin version 0.5b
Problin was called as follow: /u/gh2161/Spatial-Division/problin/run_problin.py -c real_location_data/s18c2/k10_r3_character_matrix.csv -t real_location_data/s18c2/true_tree.nwk -S real_location_data/s18c2/leaf_locations.txt --delimiter comma -p real_location_data/s18c2/k10_priors.csv -o real_location_data/s18c2/k10_r3_spalin.txt --nInitials 10 --ultrametric --randomreps 3
Optimization by Spalin: Scipy-SLSQP using spatial information
Optimizing branch lengths, phi, and nu without topology search
Initial point 1. Random seed: 3630
Solving with ultrametric constraint
Optimal point found for initial point 1
Negative llh: 275.1718486027419
Dropout rate: 1.504589741093297e-09
Silencing rate: 9.301584611704465e-10
Sigma: 2.4950862716991424
Lambda: 0.006481118580052948
Initial point 2. Random seed: 5351
Solving with ultrametric constraint
Optimal point found for initial point 2
Negative llh: 275.17183194445704
Dropout rate: 1e-10
Silencing rate: 1e-10
Sigma: 2.4943312336950916
Lambda: 0.006482445922406456
Initial point 3. Random seed: 8307
Solving with ultrametric constraint
Optimal point found for initial point 3
Negative llh: 275.171959702663
Dropout rate: 1e-10
Silencing rate: 1e-10
Sigma: 2.494937472345824
Lambda: 0.006480497088070192
Initial point 4. Random seed: 7745
Solving with ultrametric constraint
Optimal point found for initial point 4
Negative llh: 275.1731811061089
Dropout rate: 6.142697744544704e-09
Silencing rate: 4.11148698590055e-09
Sigma: 2.4945213182170196
Lambda: 0.006481437329949762
Initial point 5. Random seed: 9970
Solving with ultrametric constraint
Optimal point found for initial point 5
Negative llh: 275.171795642496
Dropout rate: 1.000471749146686e-10
Silencing rate: 1.0002873822411948e-10
Sigma: 2.494457865969015
Lambda: 0.006482305538450137
Initial point 6. Random seed: 1250
Solving with ultrametric constraint
Optimal point found for initial point 6
Negative llh: 275.17199045223197
Dropout rate: 1.0000000000000007e-10
Silencing rate: 1.0000000000000007e-10
Sigma: 2.4954404854671774
Lambda: 0.006484308298599967
Initial point 7. Random seed: 552
Solving with ultrametric constraint
Optimal point found for initial point 7
Negative llh: 275.17186851590264
Dropout rate: 1.7468378599699683e-09
Silencing rate: 1.0998240419846282e-09
Sigma: 2.4937986084210255
Lambda: 0.006482357663121732
Initial point 8. Random seed: 2428
Solving with ultrametric constraint
Optimal point found for initial point 8
Negative llh: 275.17215689032184
Dropout rate: 4.962826072706228e-09
Silencing rate: 3.4329383312333455e-09
Sigma: 2.4947939814366684
Lambda: 0.006482577224714822
Initial point 9. Random seed: 3394
Solving with ultrametric constraint
Optimal point found for initial point 9
Negative llh: 275.1719337041823
Dropout rate: 1.92644915766991e-09
Silencing rate: 1.200551520255671e-09
Sigma: 2.4949043279964194
Lambda: 0.006482275789378413
Initial point 10. Random seed: 7364
Solving with ultrametric constraint
Optimal point found for initial point 10
Negative llh: 275.1718726459794
Dropout rate: 1.0020495558495572e-10
Silencing rate: 1.001248587150341e-10
Sigma: 2.495271808043674
Lambda: 0.006482790202858923
{'lambda_param': 0.006482305538450137, 'phi': 1.000471749146686e-10, 'nu': 1.0002873822411948e-10, 'sigma': 2.494457865969015, 'locations': {'216_19': (31.0, 238.0), '216_18': (43.0, 246.0), '216_21': (86.0, 201.0), '216_20': (66.0, 198.0), '216_17': (63.0, 181.0), '216_16': (54.0, 196.0), '216_13': (67.0, 304.0), '216_15': (28.0, 262.0), '216_14': (49.0, 296.0), '216_4': (79.0, 270.0), '216_3': (84.0, 284.0), '216_2': (113.0, 278.0), '216_1': (93.0, 294.0), '216_6': (82.0, 241.0), '216_5': (63.0, 282.0), '216_8': (55.0, 213.0), '216_7': (68.0, 235.0), '216_10': (111.0, 244.0), '216_9': (104.0, 256.0), '216_12': (135.0, 269.0), '216_11': (118.0, 261.0)}}
Runtime (s): 694.2790578715503
