Launching Problin version 0.5b
Problin was called as follow: /u/gh2161/Spatial-Division/problin/run_problin.py -c real_location_data/s18c2/k10_r5_character_matrix.csv -t real_location_data/s18c2/true_tree.nwk -S real_location_data/s18c2/leaf_locations.txt --delimiter comma -p real_location_data/s18c2/k10_priors.csv -o real_location_data/s18c2/k10_r5_spalin-divide-beta1.txt --nInitials 10 --ultrametric --randomreps 3 --divide --radius 1
Optimization by Spalin-Divide: Scipy-SLSQP using spatial information
Optimizing branch lengths, phi, and nu without topology search
Initial point 1. Random seed: 6044
Solving with ultrametric constraint
Optimal point found for initial point 1
Negative llh: 269.28667723583834
Dropout rate: 3.5946018933154685e-10
Silencing rate: 2.1242064788045236e-10
Sigma: 1.6678949362839701
Initial point 2. Random seed: 2739
Solving with ultrametric constraint
Optimal point found for initial point 2
Negative llh: 269.2870948705198
Dropout rate: 3.069379190394596e-10
Silencing rate: 1.4346944811450552e-09
Sigma: 1.668696093907264
Initial point 3. Random seed: 2526
Solving with ultrametric constraint
Optimal point found for initial point 3
Negative llh: 269.28681929577897
Dropout rate: 1e-10
Silencing rate: 1e-10
Sigma: 1.668241828425745
Initial point 4. Random seed: 4842
Solving with ultrametric constraint
Optimal point found for initial point 4
Negative llh: 269.28714122276426
Dropout rate: 9.05513846777029e-10
Silencing rate: 7.263191159053716e-10
Sigma: 1.666890692136466
Initial point 5. Random seed: 7912
Solving with ultrametric constraint
Optimal point found for initial point 5
Negative llh: 269.28680279110296
Dropout rate: 1e-10
Silencing rate: 1e-10
Sigma: 1.6678268227425166
Initial point 6. Random seed: 4287
Solving with ultrametric constraint
Optimal point found for initial point 6
Negative llh: 269.2868964357534
Dropout rate: 1.0000000000000007e-10
Silencing rate: 1e-10
Sigma: 1.668052798964458
Initial point 7. Random seed: 6292
Solving with ultrametric constraint
Optimal point found for initial point 7
Negative llh: 269.2867078421858
Dropout rate: 1.5273883924401662e-09
Silencing rate: 8.713994661885617e-10
Sigma: 1.6677873408339587
Initial point 8. Random seed: 467
Solving with ultrametric constraint
Optimal point found for initial point 8
Negative llh: 269.2868349534544
Dropout rate: 7.102236633180614e-10
Silencing rate: 4.167918484613061e-10
Sigma: 1.6682602460038223
Initial point 9. Random seed: 9077
Solving with ultrametric constraint
Optimal point found for initial point 9
Negative llh: 269.28669401928823
Dropout rate: 3.734514404305202e-10
Silencing rate: 1.02593331163494e-10
Sigma: 1.668019931384256
Initial point 10. Random seed: 2356
Solving with ultrametric constraint
Optimal point found for initial point 10
Negative llh: 269.2866769029738
Dropout rate: 1.0000000000000007e-10
Silencing rate: 1e-10
Sigma: 1.667867576257876
Runtime (s): 2793.1670101210475
