Launching Problin version 0.5b
Problin was called as follow: /u/gh2161/Spatial-Division/problin/run_problin.py -c intmem_real_data/s14c2/characters.txt -t intmem_real_data/s14c2/true_tree.nwk -S intmem_real_data/s14c2/leaf_locations.txt --delimiter comma -p intmem_real_data/s14c2/prior.csv -o intmem_real_data/s14c2/spalin_spatialonly.txt --nInitials 10 --ultrametric --spatial_only
Optimization by Spalin: Scipy-SLSQP using spatial information
Optimizing branch lengths, phi, and nu without topology search
only spatial
Initial point 1. Random seed: 5028
Solving with ultrametric constraint
Optimal point found for initial point 1
Negative llh: 95.15235824132797
Dropout rate: 0.7431327274334678
Silencing rate: 0.28907649578571
Sigma: 2.9209012575915287
Lambda: 1.0
Initial point 2. Random seed: 3576
Solving with ultrametric constraint
Optimal point found for initial point 2
Negative llh: 95.15235824132797
Dropout rate: 0.8430264005546493
Silencing rate: 0.306725654269428
Sigma: 2.9209012575915287
Lambda: 1.0
Initial point 3. Random seed: 8618
Solving with ultrametric constraint
Optimal point found for initial point 3
Negative llh: 95.15235824132797
Dropout rate: 0.7482210809531558
Silencing rate: 0.9346235218159419
Sigma: 2.9209012575915287
Lambda: 1.0
Initial point 4. Random seed: 9014
Solving with ultrametric constraint
Optimal point found for initial point 4
Negative llh: 95.15235824132797
Dropout rate: 0.9782578149852582
Silencing rate: 0.1795835638458456
Sigma: 2.9209012575915287
Lambda: 1.0
Initial point 5. Random seed: 2011
Solving with ultrametric constraint
Optimal point found for initial point 5
Negative llh: 95.15235824132797
Dropout rate: 0.5810080976428006
Silencing rate: 0.9246523222059869
Sigma: 2.9209012575915287
Lambda: 1.0
Initial point 6. Random seed: 5729
Solving with ultrametric constraint
Optimal point found for initial point 6
Negative llh: 95.15235824132797
Dropout rate: 0.13706664656978704
Silencing rate: 0.04977162653362792
Sigma: 2.9209012575915287
Lambda: 1.0
Initial point 7. Random seed: 9701
Solving with ultrametric constraint
Optimal point found for initial point 7
Negative llh: 95.15235824132797
Dropout rate: 0.1253442806129146
Silencing rate: 0.6782305352761745
Sigma: 2.9209012575915287
Lambda: 1.0
Initial point 8. Random seed: 2448
Solving with ultrametric constraint
Optimal point found for initial point 8
Negative llh: 95.15235824132797
Dropout rate: 0.6321502283523127
Silencing rate: 0.8802102644405586
Sigma: 2.9209012575915287
Lambda: 1.0
Initial point 9. Random seed: 4787
Solving with ultrametric constraint
Optimal point found for initial point 9
Negative llh: 95.15235824132797
Dropout rate: 0.6441742649460144
Silencing rate: 0.35875559632999277
Sigma: 2.9209012575915287
Lambda: 1.0
Initial point 10. Random seed: 7705
Solving with ultrametric constraint
Optimal point found for initial point 10
Negative llh: 95.15235824132797
Dropout rate: 0.3459876450062252
Silencing rate: 0.6879668186727124
Sigma: 2.9209012575915287
Lambda: 1.0
{'lambda_param': 1.0, 'phi': 0.7431327274334678, 'nu': 0.28907649578571, 'sigma': 2.9209012575915287, 'locations': {'216_10': (146.0, 186.0), '216_9': (126.0, 185.0), '216_12': (110.0, 171.0), '216_11': (132.0, 170.0), '216_14': (192.0, 149.0), '216_13': (172.0, 179.0), '216_16': (151.0, 159.0), '216_15': (157.0, 175.0), '216_4': (147.0, 210.0), '216_3': (138.0, 229.0), '216_2': (117.0, 219.0), '216_6': (134.0, 193.0), '216_5': (138.0, 220.0), '216_8': (112.0, 197.0), '216_7': (105.0, 220.0)}}
Runtime (s): 119.08641649410129
