Launching Problin version 0.5b
Problin was called as follow: /u/gh2161/Spatial-Division/problin/run_problin.py -c real_location_data/s16c5/k10_r3_character_matrix.csv -t real_location_data/s16c5/true_tree.nwk --delimiter comma -p real_location_data/s16c5/k10_priors.csv -o real_location_data/s16c5/k10_r3_problin.txt --nInitials 10 --ultrametric --randomreps 3 --solver Scipy
Optimization by generic solver (Scipy-SLSQP)
Optimizing branch lengths, phi, and nu without topology search
Initial point 1. Random seed: 3321
Solving with ultrametric constraint
Optimal point found for initial point 1
Negative llh: 43.480250812667805
Dropout rate: 1e-10
Silencing rate: 1e-10
Lambda: 0.005804410554291579
Initial point 2. Random seed: 7053
Solving with ultrametric constraint
Optimal point found for initial point 2
Negative llh: 58.147820734524245
Dropout rate: 1.0000000000000002e-10
Silencing rate: 1e-10
Lambda: 0.0009769224306872318
Initial point 3. Random seed: 9436
Solving with ultrametric constraint
Optimal point found for initial point 3
Negative llh: 58.14818129789257
Dropout rate: 1e-10
Silencing rate: 1e-10
Lambda: 0.0009768845049042843
Initial point 4. Random seed: 4143
Solving with ultrametric constraint
Optimal point found for initial point 4
Negative llh: 43.47927951279408
Dropout rate: 1.0000000000000002e-10
Silencing rate: 1e-10
Lambda: 0.005805117891103477
Initial point 5. Random seed: 9107
Solving with ultrametric constraint
Optimal point found for initial point 5
Negative llh: 43.47955938498714
Dropout rate: 1e-10
Silencing rate: 1e-10
Lambda: 0.005804536694052148
Initial point 6. Random seed: 4052
Solving with ultrametric constraint
Optimal point found for initial point 6
Negative llh: 43.479280078101446
Dropout rate: 7.103209764495053e-10
Silencing rate: 3.788323410850266e-10
Lambda: 0.005806406052758421
Initial point 7. Random seed: 583
Solving with ultrametric constraint
Optimal point found for initial point 7
Negative llh: 43.47942746883102
Dropout rate: 2.8503034686423006e-10
Silencing rate: 1.6919543350635602e-10
Lambda: 0.005804183048638255
Initial point 8. Random seed: 3806
Solving with ultrametric constraint
Optimal point found for initial point 8
Negative llh: 58.14829505671981
Dropout rate: 2.619048062917507e-10
Silencing rate: 1.5154313228486006e-10
Lambda: 0.0009768763746871895
Initial point 9. Random seed: 4704
Solving with ultrametric constraint
Optimal point found for initial point 9
Negative llh: 43.479433575209455
Dropout rate: 5.298601652950029e-10
Silencing rate: 3.92906332261355e-10
Lambda: 0.005804097823946689
Initial point 10. Random seed: 237
Solving with ultrametric constraint
Optimal point found for initial point 10
Negative llh: 43.479279601625606
Dropout rate: 2.1015602016848178e-10
Silencing rate: 1.3408247006477414e-10
Lambda: 0.005804833261422886
{'phi': 1.0000000000000002e-10, 'nu': 1e-10, 'lambda_param': 0.005805117891103477}
Runtime (s): 14.015351988375187
