Launching Problin version 0.5b
Problin was called as follow: /u/gh2161/Spatial-Division/problin/run_problin.py -c real_location_data/s16c5/k10_r4_character_matrix.csv -t real_location_data/s16c5/true_tree.nwk -S real_location_data/s16c5/leaf_locations.txt --delimiter comma -p real_location_data/s16c5/k10_priors.csv -o real_location_data/s16c5/k10_r4_spalin-divide-beta20.txt --nInitials 10 --ultrametric --randomreps 3 --divide --given_beta 20 --incl_beta_bound
Optimization by Spalin-Divide: Scipy-SLSQP using spatial information
Optimizing branch lengths, phi, and nu without topology search
Initial point 1. Random seed: 4466
Solving with ultrametric constraint
Optimal point found for initial point 1
Negative llh: 128.4651892227422
Dropout rate: 1e-10
Silencing rate: 1e-10
Sigma: 4.282491702370352
Initial point 2. Random seed: 4780
Solving with ultrametric constraint
Optimal point found for initial point 2
Negative llh: 128.46518708866563
Dropout rate: 1.189721679422728e-10
Silencing rate: 1.1562842154266282e-10
Sigma: 4.282762549673825
Initial point 3. Random seed: 9184
Solving with ultrametric constraint
Optimal point found for initial point 3
Negative llh: 128.46519277913364
Dropout rate: 1e-10
Silencing rate: 1e-10
Sigma: 4.282901580490413
Initial point 4. Random seed: 2224
Solving with ultrametric constraint
Optimal point found for initial point 4
Negative llh: 128.46519218354916
Dropout rate: 7.440374281895242e-10
Silencing rate: 5.146207502987739e-10
Sigma: 4.282361206231856
Initial point 5. Random seed: 6224
Solving with ultrametric constraint
Optimal point found for initial point 5
Negative llh: 128.46519680385398
Dropout rate: 1.5826114628986025e-10
Silencing rate: 1.461029298747246e-10
Sigma: 4.282547171689039
Initial point 6. Random seed: 6566
Solving with ultrametric constraint
Optimal point found for initial point 6
Negative llh: 128.46518784026446
Dropout rate: 7.392005216492116e-10
Silencing rate: 4.364783644460341e-10
Sigma: 4.282953194389666
Initial point 7. Random seed: 5125
Solving with ultrametric constraint
Optimal point found for initial point 7
Negative llh: 128.46520620100006
Dropout rate: 1.8153185152467948e-10
Silencing rate: 1.577228700662868e-10
Sigma: 4.282378770534889
Initial point 8. Random seed: 2741
Solving with ultrametric constraint
Optimal point found for initial point 8
Negative llh: 128.46518677228565
Dropout rate: 1e-10
Silencing rate: 1e-10
Sigma: 4.282743363415058
Initial point 9. Random seed: 9930
Solving with ultrametric constraint
Optimal point found for initial point 9
Negative llh: 128.4652011252251
Dropout rate: 2.854989025376295e-10
Silencing rate: 1.510511340346791e-10
Sigma: 4.282698900161181
Initial point 10. Random seed: 4426
Solving with ultrametric constraint
Optimal point found for initial point 10
Negative llh: 128.46519126506638
Dropout rate: 2.7130904225450504e-10
Silencing rate: 2.2342596976272372e-10
Sigma: 4.283444031237828
Runtime (s): 266.66621940396726
