Launching Problin version 0.5b
Problin was called as follow: /u/gh2161/Spatial-Division/problin/run_problin.py -c real_location_data/s16c5/k10_r3_character_matrix.csv -t real_location_data/s16c5/true_tree.nwk -S real_location_data/s16c5/leaf_locations.txt --delimiter comma -p real_location_data/s16c5/k10_priors.csv -o real_location_data/s16c5/k10_r3_spalin.txt --nInitials 10 --ultrametric --randomreps 3
Optimization by Spalin: Scipy-SLSQP using spatial information
Optimizing branch lengths, phi, and nu without topology search
Initial point 1. Random seed: 2548
Solving with ultrametric constraint
Optimal point found for initial point 1
Negative llh: 126.83671983813838
Dropout rate: 2.965368637536769e-10
Silencing rate: 1.1303594688426005e-10
Sigma: 3.090638424356419
Lambda: 0.0009766413818447694
Initial point 2. Random seed: 6431
Solving with ultrametric constraint
Optimal point found for initial point 2
Negative llh: 126.83681663323452
Dropout rate: 4.3341298422994956e-10
Silencing rate: 1.5207424372227638e-10
Sigma: 3.0974621779298404
Lambda: 0.0009766627079736815
Initial point 3. Random seed: 8972
Solving with ultrametric constraint
Optimal point found for initial point 3
Negative llh: 126.83671080988637
Dropout rate: 3.584821018848812e-10
Silencing rate: 2.0643534423341374e-10
Sigma: 3.0944861670688946
Lambda: 0.0009766525639853226
Initial point 4. Random seed: 2136
Solving with ultrametric constraint
Optimal point found for initial point 4
Negative llh: 112.55134819025918
Dropout rate: 2.3021012195887884e-10
Silencing rate: 1.7166065886736198e-10
Sigma: 3.7097735844206183
Lambda: 0.005628270369781
Initial point 5. Random seed: 6204
Solving with ultrametric constraint
Optimal point found for initial point 5
Negative llh: 126.83611465327783
Dropout rate: 1.8890056268764392e-10
Silencing rate: 1.2804007827942462e-10
Sigma: 3.0970424539245127
Lambda: 0.0009766785793520615
Initial point 6. Random seed: 3761
Solving with ultrametric constraint
Optimal point found for initial point 6
Negative llh: 126.83621774293346
Dropout rate: 2.346835782024768e-10
Silencing rate: 1.3308975766556222e-10
Sigma: 3.1008305600481503
Lambda: 0.0009767110878447463
Initial point 7. Random seed: 1340
Solving with ultrametric constraint
Optimal point found for initial point 7
Negative llh: 112.55134820543526
Dropout rate: 5.486428046809135e-10
Silencing rate: 4.087013683302679e-10
Sigma: 3.709866175047501
Lambda: 0.005628273780170182
Initial point 8. Random seed: 7274
Solving with ultrametric constraint
Optimal point found for initial point 8
Negative llh: 126.83695171096741
Dropout rate: 3.7327151928362146e-10
Silencing rate: 1.2337545285668548e-10
Sigma: 3.0968533778298855
Lambda: 0.0009766368124512858
Initial point 9. Random seed: 547
Solving with ultrametric constraint
Optimal point found for initial point 9
Negative llh: 112.55134853058703
Dropout rate: 2.281837750880795e-10
Silencing rate: 1.4514245868120524e-10
Sigma: 3.709831066427928
Lambda: 0.0056288724481761785
Initial point 10. Random seed: 8307
Solving with ultrametric constraint
Optimal point found for initial point 10
Negative llh: 112.55134822731183
Dropout rate: 1e-10
Silencing rate: 1e-10
Sigma: 3.710015313426877
Lambda: 0.005628028487765694
{'lambda_param': 0.005628270369781, 'phi': 2.3021012195887884e-10, 'nu': 1.7166065886736198e-10, 'sigma': 3.7097735844206183, 'locations': {'216_4': (488.0, 159.0), '216_3': (485.0, 181.0), '216_2': (455.0, 191.0), '216_1': (467.0, 210.0), '216_8': (451.0, 109.0), '216_7': (459.0, 136.0), '216_10': (451.0, 68.0), '216_9': (442.0, 90.0), '216_6': (500.0, 113.0), '216_5': (441.0, 151.0)}}
Runtime (s): 36.311536287888885
