Launching Problin version 0.5b
Problin was called as follow: /u/gh2161/Spatial-Division/problin/run_problin.py -c real_location_data/s16c5/k10_r3_character_matrix.csv -t real_location_data/s16c5/true_tree.nwk -S real_location_data/s16c5/leaf_locations.txt --delimiter comma -p real_location_data/s16c5/k10_priors.csv -o real_location_data/s16c5/k10_r3_spalin-divide-beta20.txt --nInitials 10 --ultrametric --randomreps 3 --divide --given_beta 20 --incl_beta_bound
Optimization by Spalin-Divide: Scipy-SLSQP using spatial information
Optimizing branch lengths, phi, and nu without topology search
Initial point 1. Random seed: 9491
Solving with ultrametric constraint
Optimal point found for initial point 1
Negative llh: 114.35960047708008
Dropout rate: 1.1418364371746196e-10
Silencing rate: 1.0599435794389479e-10
Sigma: 4.207434706767512
Initial point 2. Random seed: 9537
Solving with ultrametric constraint
Optimal point found for initial point 2
Negative llh: 114.35959686097802
Dropout rate: 1e-10
Silencing rate: 1e-10
Sigma: 4.208538451730116
Initial point 3. Random seed: 5437
Solving with ultrametric constraint
Optimal point found for initial point 3
Negative llh: 114.35962036365733
Dropout rate: 1e-10
Silencing rate: 1e-10
Sigma: 4.207855641935515
Initial point 4. Random seed: 5682
Solving with ultrametric constraint
Optimal point found for initial point 4
Negative llh: 114.3595936383157
Dropout rate: 2.6419203205525916e-10
Silencing rate: 1.8133046736820203e-10
Sigma: 4.20860423485564
Initial point 5. Random seed: 5349
Solving with ultrametric constraint
Optimal point found for initial point 5
Negative llh: 114.35959556325861
Dropout rate: 1e-10
Silencing rate: 1e-10
Sigma: 4.208686930314136
Initial point 6. Random seed: 6883
Solving with ultrametric constraint
Optimal point found for initial point 6
Negative llh: 114.35959345552766
Dropout rate: 1e-10
Silencing rate: 1e-10
Sigma: 4.2085653840058
Initial point 7. Random seed: 8178
Solving with ultrametric constraint
Optimal point found for initial point 7
Negative llh: 114.35959161303336
Dropout rate: 1.424785528799628e-10
Silencing rate: 1.4132836116072072e-10
Sigma: 4.208720974317111
Initial point 8. Random seed: 6768
Solving with ultrametric constraint
Optimal point found for initial point 8
Negative llh: 114.35959273244049
Dropout rate: 3.401824238368701e-10
Silencing rate: 2.4111652413798094e-10
Sigma: 4.208489525041116
Initial point 9. Random seed: 4742
Solving with ultrametric constraint
Optimal point found for initial point 9
Negative llh: 114.35959115743157
Dropout rate: 1.0824721971285699e-10
Silencing rate: 1.180760654708074e-10
Sigma: 4.208510241293686
Initial point 10. Random seed: 7
Solving with ultrametric constraint
Optimal point found for initial point 10
Negative llh: 114.35959173780215
Dropout rate: 1e-10
Silencing rate: 1e-10
Sigma: 4.208553442865119
Runtime (s): 267.59599651396275
