Launching Problin version 0.5b
Problin was called as follow: /u/gh2161/Spatial-Division/problin/run_problin.py -c real_location_data/s16c5/k10_r3_character_matrix.csv -t real_location_data/s16c5/true_tree.nwk -S real_location_data/s16c5/leaf_locations.txt --delimiter comma -p real_location_data/s16c5/k10_priors.csv -o real_location_data/s16c5/k10_r3_spalin-divide-beta8.txt --nInitials 10 --ultrametric --randomreps 3 --divide --given_beta 8 --incl_beta_bound
Optimization by Spalin-Divide: Scipy-SLSQP using spatial information
Optimizing branch lengths, phi, and nu without topology search
Initial point 1. Random seed: 6367
Solving with ultrametric constraint
Optimal point found for initial point 1
Negative llh: 115.48744362619595
Dropout rate: 1e-10
Silencing rate: 1e-10
Sigma: 5.482771127572495
Initial point 2. Random seed: 1652
Solving with ultrametric constraint
Optimal point found for initial point 2
Negative llh: 115.48744372964165
Dropout rate: 1e-10
Silencing rate: 1e-10
Sigma: 5.482763995392098
Initial point 3. Random seed: 7648
Solving with ultrametric constraint
Optimal point found for initial point 3
Negative llh: 115.487443929209
Dropout rate: 1.150053871982007e-09
Silencing rate: 2.6003099683915156e-09
Sigma: 5.482785007930278
Initial point 4. Random seed: 5465
Solving with ultrametric constraint
Optimal point found for initial point 4
Negative llh: 115.4874434276363
Dropout rate: 1.0000000000000002e-10
Silencing rate: 1e-10
Sigma: 5.4827913261054215
Initial point 5. Random seed: 9012
Solving with ultrametric constraint
Optimal point found for initial point 5
Negative llh: 115.48744356916643
Dropout rate: 4.365547400003374e-10
Silencing rate: 2.456426879146123e-10
Sigma: 5.482746051968047
Initial point 6. Random seed: 9932
Solving with ultrametric constraint
Optimal point found for initial point 6
Negative llh: 115.48744341291925
Dropout rate: 1e-10
Silencing rate: 1e-10
Sigma: 5.482776054413695
Initial point 7. Random seed: 7674
Solving with ultrametric constraint
Optimal point found for initial point 7
Negative llh: 115.48744344159127
Dropout rate: 2.0438902062887224e-10
Silencing rate: 1.748176935372393e-10
Sigma: 5.482776959970136
Initial point 8. Random seed: 6052
Solving with ultrametric constraint
Optimal point found for initial point 8
Negative llh: 115.4874439626243
Dropout rate: 1e-10
Silencing rate: 1.0018538868218241e-10
Sigma: 5.482872623426004
Initial point 9. Random seed: 5631
Solving with ultrametric constraint
Optimal point found for initial point 9
Negative llh: 115.48744448009859
Dropout rate: 3.924980580115993e-10
Silencing rate: 2.750576010759905e-10
Sigma: 5.48282497359388
Initial point 10. Random seed: 7035
Solving with ultrametric constraint
Optimal point found for initial point 10
Negative llh: 115.48744348681862
Dropout rate: 4.6336614485503103e-10
Silencing rate: 2.971058967255935e-10
Sigma: 5.482819025110868
Runtime (s): 212.3436658428982
