Launching Problin version 0.5b
Problin was called as follow: /u/gh2161/Spatial-Division/problin/run_problin.py -c real_location_data/s16c5/k10_r2_character_matrix.csv -t real_location_data/s16c5/true_tree.nwk -S real_location_data/s16c5/leaf_locations.txt --delimiter comma -p real_location_data/s16c5/k10_priors.csv -o real_location_data/s16c5/k10_r2_spalin-divide-beta9.txt --nInitials 10 --ultrametric --randomreps 3 --divide --given_beta 9 --incl_beta_bound
Optimization by Spalin-Divide: Scipy-SLSQP using spatial information
Optimizing branch lengths, phi, and nu without topology search
Initial point 1. Random seed: 7819
Solving with ultrametric constraint
Optimal point found for initial point 1
Negative llh: 107.71776908893673
Dropout rate: 1.000000146053174e-10
Silencing rate: 1.0000000838457191e-10
Sigma: 4.848812433804679
Initial point 2. Random seed: 2293
Solving with ultrametric constraint
Optimal point found for initial point 2
Negative llh: 107.7177724235523
Dropout rate: 1.1444968726046038e-09
Silencing rate: 1.6682589767657314e-09
Sigma: 4.848856082778612
Initial point 3. Random seed: 6530
Solving with ultrametric constraint
Optimal point found for initial point 3
Negative llh: 107.71777575715188
Dropout rate: 6.529142685565459e-10
Silencing rate: 5.708266148464333e-10
Sigma: 4.848280579510078
Initial point 4. Random seed: 8693
Solving with ultrametric constraint
Optimal point found for initial point 4
Negative llh: 107.71776912774958
Dropout rate: 2.4630050807413407e-10
Silencing rate: 2.1134796292616919e-10
Sigma: 4.848810328713207
Initial point 5. Random seed: 6210
Solving with ultrametric constraint
Optimal point found for initial point 5
Negative llh: 107.71776909418213
Dropout rate: 1e-10
Silencing rate: 1e-10
Sigma: 4.848815553328547
Initial point 6. Random seed: 3651
Solving with ultrametric constraint
Optimal point found for initial point 6
Negative llh: 107.7177691015155
Dropout rate: 1.0000000000000002e-10
Silencing rate: 1.0000000000000002e-10
Sigma: 4.848795774251001
Initial point 7. Random seed: 655
Solving with ultrametric constraint
Optimal point found for initial point 7
Negative llh: 107.71776960167676
Dropout rate: 1.0000000000000002e-10
Silencing rate: 1.0000000000000002e-10
Sigma: 4.848773394884409
Initial point 8. Random seed: 682
Solving with ultrametric constraint
Optimal point found for initial point 8
Negative llh: 107.71776909044235
Dropout rate: 1e-10
Silencing rate: 1e-10
Sigma: 4.848814635242528
Initial point 9. Random seed: 8440
Solving with ultrametric constraint
Optimal point found for initial point 9
Negative llh: 107.71776936184777
Dropout rate: 1e-10
Silencing rate: 1e-10
Sigma: 4.848666612775482
Initial point 10. Random seed: 4078
Solving with ultrametric constraint
Optimal point found for initial point 10
Negative llh: 107.7177692158831
Dropout rate: 2.8865600273934656e-10
Silencing rate: 2.083328284632388e-10
Sigma: 4.848828545211226
Runtime (s): 234.4925329424441
