Launching Problin version 0.5b
Problin was called as follow: /u/gh2161/Spatial-Division/problin/run_problin.py -c real_location_data/s16c5/k10_r5_character_matrix.csv -t real_location_data/s16c5/true_tree.nwk -S real_location_data/s16c5/leaf_locations.txt --delimiter comma -p real_location_data/s16c5/k10_priors.csv -o real_location_data/s16c5/k10_r5_spalin-divide-beta8.txt --nInitials 10 --ultrametric --randomreps 3 --divide --given_beta 8 --incl_beta_bound
Optimization by Spalin-Divide: Scipy-SLSQP using spatial information
Optimizing branch lengths, phi, and nu without topology search
Initial point 1. Random seed: 5041
Solving with ultrametric constraint
Optimal point found for initial point 1
Negative llh: 114.24316343067092
Dropout rate: 1.0000000000000002e-10
Silencing rate: 1e-10
Sigma: 5.5420927481508295
Initial point 2. Random seed: 5766
Solving with ultrametric constraint
Optimal point found for initial point 2
Negative llh: 114.24315637807656
Dropout rate: 1e-10
Silencing rate: 1e-10
Sigma: 5.54182710856138
Initial point 3. Random seed: 494
Solving with ultrametric constraint
Optimal point found for initial point 3
Negative llh: 114.24315583343719
Dropout rate: 9.999999999999996e-11
Silencing rate: 9.999999999999996e-11
Sigma: 5.541880352900966
Initial point 4. Random seed: 2051
Solving with ultrametric constraint
Optimal point found for initial point 4
Negative llh: 114.24315584430046
Dropout rate: 1e-10
Silencing rate: 1e-10
Sigma: 5.541884651814845
Initial point 5. Random seed: 64
Solving with ultrametric constraint
Fatal: failed to optimize using initial point 5
Initial point 6. Random seed: 8566
Solving with ultrametric constraint
Optimal point found for initial point 6
Negative llh: 114.24315897840356
Dropout rate: 1e-10
Silencing rate: 1e-10
Sigma: 5.541734728825361
Initial point 7. Random seed: 6665
Solving with ultrametric constraint
Optimal point found for initial point 7
Negative llh: 114.24316084096401
Dropout rate: 1.0000000000000002e-10
Silencing rate: 1.0000000000000002e-10
Sigma: 5.5416596839775485
Initial point 8. Random seed: 631
Solving with ultrametric constraint
Fatal: failed to optimize using initial point 8
Initial point 9. Random seed: 8707
Solving with ultrametric constraint
Optimal point found for initial point 9
Negative llh: 114.24315758406894
Dropout rate: 1e-10
Silencing rate: 1e-10
Sigma: 5.542008752334722
Initial point 10. Random seed: 7285
Solving with ultrametric constraint
Optimal point found for initial point 10
Negative llh: 114.24315584104241
Dropout rate: 1.0188922855268073e-10
Silencing rate: 1.0086056225403468e-10
Sigma: 5.541882663404232
Runtime (s): 239.6870656311512
