Launching Problin version 0.5b
Problin was called as follow: /u/gh2161/Spatial-Division/problin/run_problin.py -c simulated_seq_simulated_loc/s7c3/k200_character_matrix.csv -t simulated_seq_simulated_loc/s7c3/true_tree.nwk --delimiter comma -p simulated_seq_simulated_loc/s7c3/k200_priors.csv -o simulated_seq_simulated_loc/s7c3/k200_problin.txt --nInitials 10 --ultrametric --solver Scipy
Optimization by generic solver (Scipy-SLSQP)
Optimizing branch lengths, phi, and nu without topology search
Initial point 1. Random seed: 5796
Solving with ultrametric constraint
Optimal point found for initial point 1
Negative llh: 2384.102517162163
Dropout rate: 1.0000000000000007e-10
Silencing rate: 1.0000000000000007e-10
Initial point 2. Random seed: 1330
Solving with ultrametric constraint
Optimal point found for initial point 2
Negative llh: 2383.976843325825
Dropout rate: 1e-10
Silencing rate: 1e-10
Initial point 3. Random seed: 6268
Solving with ultrametric constraint
Fatal: failed to optimize using initial point 3
Initial point 4. Random seed: 5629
Solving with ultrametric constraint
Fatal: failed to optimize using initial point 4
Initial point 5. Random seed: 6433
Solving with ultrametric constraint
Optimal point found for initial point 5
Negative llh: 2383.7772265854883
Dropout rate: 4.439188528957192e-06
Silencing rate: 1.700380299944039e-06
Initial point 6. Random seed: 379
Solving with ultrametric constraint
Optimal point found for initial point 6
Negative llh: 2383.9011113036154
Dropout rate: 1e-10
Silencing rate: 1e-10
Initial point 7. Random seed: 3212
Solving with ultrametric constraint
Optimal point found for initial point 7
Negative llh: 2383.890319535411
Dropout rate: 6.458671359550823e-06
Silencing rate: 2.4756884342806013e-06
Initial point 8. Random seed: 1160
Solving with ultrametric constraint
Optimal point found for initial point 8
Negative llh: 2384.280410104045
Dropout rate: 1.0241511669451886e-10
Silencing rate: 1.0092518107364319e-10
Initial point 9. Random seed: 1622
Solving with ultrametric constraint
Optimal point found for initial point 9
Negative llh: 2383.8200785543727
Dropout rate: 7.850053648990547e-06
Silencing rate: 3.002130965812867e-06
Initial point 10. Random seed: 1682
Solving with ultrametric constraint
Fatal: failed to optimize using initial point 10
Runtime (s): 858.0320691433735
