Launching Problin version 0.5b
Problin was called as follow: /u/gh2161/Spatial-Division/problin/run_problin.py -c simulated_seq_simulated_loc/s21c5/k50_character_matrix.csv -t simulated_seq_simulated_loc/s21c5/true_tree.nwk --delimiter comma -p simulated_seq_simulated_loc/s21c5/k50_priors.csv -o simulated_seq_simulated_loc/s21c5/k50_problin.txt --nInitials 10 --ultrametric --randomreps 3
Optimization by EM algorithm
Optimizing branch lengths, phi, and nu without topology search
Initial point 1. Random seed: 7349
Solving with ultrametric constraint
Initial phi: 0.8044114436789347. Initial nu: 0.3628624493303418. Initial nllh: 45666.02598281302
EM finished after 13 iterations.
Optimal point found for initial point 1
Negative llh: 388.52426329351266
Dropout rate: 0
Silencing rate: 1.432711315071286e-07
Initial point 2. Random seed: 8481
Solving with ultrametric constraint
Initial phi: 0.932705762398965. Initial nu: 0.46625352939145864. Initial nllh: 2302.9934266514206
EM finished after 12 iterations.
Optimal point found for initial point 2
Negative llh: 388.52426298308893
Dropout rate: 0
Silencing rate: 1.4379963054271292e-07
Initial point 3. Random seed: 1650
Solving with ultrametric constraint
Initial phi: 0.6558918846904827. Initial nu: 0.844504422926622. Initial nllh: 1372.3371006359882
EM finished after 12 iterations.
Optimal point found for initial point 3
Negative llh: 388.52426404725765
Dropout rate: 0
Silencing rate: 1.4401698809004883e-07
Initial point 4. Random seed: 8784
Solving with ultrametric constraint
Initial phi: 0.9421122307770355. Initial nu: 0.12170849374272617. Initial nllh: 2282.386928266561
EM finished after 10 iterations.
Optimal point found for initial point 4
Negative llh: 388.5242629569636
Dropout rate: 0
Silencing rate: 1.4403625024957155e-07
Initial point 5. Random seed: 9236
Solving with ultrametric constraint
Initial phi: 0.5006264244652606. Initial nu: 0.9255939859590825. Initial nllh: 1158.1613874932511
EM finished after 12 iterations.
Optimal point found for initial point 5
Negative llh: 388.5242639892169
Dropout rate: 0
Silencing rate: 1.4331066858357062e-07
Initial point 6. Random seed: 2752
Solving with ultrametric constraint
Initial phi: 0.1263546135306415. Initial nu: 0.8626055702416022. Initial nllh: 772.9425676589655
EM finished after 12 iterations.
Optimal point found for initial point 6
Negative llh: 388.52426375753635
Dropout rate: 0
Silencing rate: 1.4304347475638834e-07
Initial point 7. Random seed: 4156
Solving with ultrametric constraint
Initial phi: 0.42666083676089467. Initial nu: 0.4204697030220309. Initial nllh: 894.687762471818
EM finished after 11 iterations.
Optimal point found for initial point 7
Negative llh: 388.5242644790846
Dropout rate: 0
Silencing rate: 1.440901088210218e-07
Initial point 8. Random seed: 4585
Solving with ultrametric constraint
Initial phi: 0.1144066985342695. Initial nu: 0.15183232423742626. Initial nllh: 519.7064467110274
EM finished after 10 iterations.
Optimal point found for initial point 8
Negative llh: 388.5242632595115
Dropout rate: 0
Silencing rate: 1.4364518242212828e-07
Initial point 9. Random seed: 2847
Solving with ultrametric constraint
Initial phi: 0.18657720539532865. Initial nu: 0.47350203552470843. Initial nllh: 685.5708904299245
EM finished after 12 iterations.
Optimal point found for initial point 9
Negative llh: 388.524262394913
Dropout rate: 0
Silencing rate: 1.4203209218797146e-07
Initial point 10. Random seed: 6458
Solving with ultrametric constraint
Initial phi: 0.10398289645414446. Initial nu: 0.8927069121618199. Initial nllh: 766.8597565558347
EM finished after 12 iterations.
Optimal point found for initial point 10
Negative llh: 388.52426417059695
Dropout rate: 0
Silencing rate: 1.4413868292164716e-07
Runtime (s): 10.429928130935878
