Launching Problin version 0.5b
Problin was called as follow: /u/gh2161/Spatial-Division/problin/run_problin.py -c real_location_data/s14c5/k10_r5_character_matrix.csv -t real_location_data/s14c5/true_tree.nwk -S real_location_data/s14c5/leaf_locations.txt --delimiter comma -p real_location_data/s14c5/k10_priors.csv -o real_location_data/s14c5/k10_r5_spalin-divide-beta7.txt --nInitials 10 --ultrametric --randomreps 3 --divide --radius 7
Optimization by Spalin-Divide: Scipy-SLSQP using spatial information
Optimizing branch lengths, phi, and nu without topology search
Initial point 1. Random seed: 2676
Solving with ultrametric constraint
Optimal point found for initial point 1
Negative llh: 297.2616296304212
Dropout rate: 6.067676592399804e-09
Silencing rate: 1e-10
Sigma: 1.1230023048424023
Initial point 2. Random seed: 964
Solving with ultrametric constraint
Optimal point found for initial point 2
Negative llh: 297.26049056587965
Dropout rate: 5.252915250829793e-10
Silencing rate: 1.0644537280264222e-10
Sigma: 1.12274923446055
Initial point 3. Random seed: 1205
Solving with ultrametric constraint
Optimal point found for initial point 3
Negative llh: 297.26038925351867
Dropout rate: 1.0000000000000007e-10
Silencing rate: 1e-10
Sigma: 1.1227413743038575
Initial point 4. Random seed: 6884
Solving with ultrametric constraint
Fatal: failed to optimize using initial point 4
Initial point 5. Random seed: 7452
Solving with ultrametric constraint
Optimal point found for initial point 5
Negative llh: 297.26134021575047
Dropout rate: 1.534774573019264e-10
Silencing rate: 1.5544255829719927e-10
Sigma: 1.122361708951536
Initial point 6. Random seed: 6628
Solving with ultrametric constraint
Optimal point found for initial point 6
Negative llh: 297.26069834264825
Dropout rate: 1e-10
Silencing rate: 1e-10
Sigma: 1.1230825810186842
Initial point 7. Random seed: 2351
Solving with ultrametric constraint
Optimal point found for initial point 7
Negative llh: 297.26178679643635
Dropout rate: 9.027704726326595e-09
Silencing rate: 1.0085583033979893e-10
Sigma: 1.1226241100234315
Initial point 8. Random seed: 3981
Solving with ultrametric constraint
Optimal point found for initial point 8
Negative llh: 297.2606005855583
Dropout rate: 1e-10
Silencing rate: 1e-10
Sigma: 1.1227276341529715
Initial point 9. Random seed: 4084
Solving with ultrametric constraint
Optimal point found for initial point 9
Negative llh: 297.26060549055745
Dropout rate: 1.0130694955760675e-10
Silencing rate: 1.6648881898321786e-10
Sigma: 1.122626177303742
Initial point 10. Random seed: 7461
Solving with ultrametric constraint
Optimal point found for initial point 10
Negative llh: 297.2606935225137
Dropout rate: 2.927954746671786e-09
Silencing rate: 1.0429622167994725e-10
Sigma: 1.1228077301876864
Runtime (s): 2619.7768163904548
