Launching Problin version 0.5b
Problin was called as follow: /u/gh2161/Spatial-Division/problin/run_problin.py -c real_location_data/s14c5/k10_r5_character_matrix.csv -t real_location_data/s14c5/true_tree.nwk -S real_location_data/s14c5/leaf_locations.txt --delimiter comma -p real_location_data/s14c5/k10_priors.csv -o real_location_data/s14c5/k10_r5_spalin-divide-beta3.txt --nInitials 10 --ultrametric --randomreps 3 --divide --radius 3
Optimization by Spalin-Divide: Scipy-SLSQP using spatial information
Optimizing branch lengths, phi, and nu without topology search
Initial point 1. Random seed: 1020
Solving with ultrametric constraint
Optimal point found for initial point 1
Negative llh: 323.9295429732029
Dropout rate: 5.8363638767972135e-09
Silencing rate: 2.766865161537298e-09
Sigma: 1.382012835669614
Initial point 2. Random seed: 6553
Solving with ultrametric constraint
Optimal point found for initial point 2
Negative llh: 323.92897430703914
Dropout rate: 4.262849358788057e-09
Silencing rate: 1.9373113159486318e-09
Sigma: 1.3817437757254327
Initial point 3. Random seed: 2071
Solving with ultrametric constraint
Optimal point found for initial point 3
Negative llh: 323.9290788765088
Dropout rate: 1.0000000000000002e-10
Silencing rate: 1e-10
Sigma: 1.3820314686728026
Initial point 4. Random seed: 1302
Solving with ultrametric constraint
Optimal point found for initial point 4
Negative llh: 323.92992607785845
Dropout rate: 1e-10
Silencing rate: 1e-10
Sigma: 1.3811811504550582
Initial point 5. Random seed: 5262
Solving with ultrametric constraint
Optimal point found for initial point 5
Negative llh: 323.92966966001495
Dropout rate: 1e-10
Silencing rate: 1e-10
Sigma: 1.3814100490455332
Initial point 6. Random seed: 8049
Solving with ultrametric constraint
Optimal point found for initial point 6
Negative llh: 323.92916405593724
Dropout rate: 1e-10
Silencing rate: 1e-10
Sigma: 1.3821067758429024
Initial point 7. Random seed: 6209
Solving with ultrametric constraint
Optimal point found for initial point 7
Negative llh: 323.92930027471965
Dropout rate: 1.0000000000000007e-10
Silencing rate: 1e-10
Sigma: 1.381895805490342
Initial point 8. Random seed: 9793
Solving with ultrametric constraint
Optimal point found for initial point 8
Negative llh: 323.92908074600376
Dropout rate: 1.0000000000000007e-10
Silencing rate: 1.0000000000000007e-10
Sigma: 1.3820496836189327
Initial point 9. Random seed: 4027
Solving with ultrametric constraint
Optimal point found for initial point 9
Negative llh: 323.9293354884605
Dropout rate: 1.8445864819538947e-09
Silencing rate: 8.236283562621649e-10
Sigma: 1.3815030304729465
Initial point 10. Random seed: 6938
Solving with ultrametric constraint
Optimal point found for initial point 10
Negative llh: 323.9291339693393
Dropout rate: 1e-10
Silencing rate: 1e-10
Sigma: 1.3817566401549848
Runtime (s): 1837.1742470953614
