Launching Problin version 0.5b
Problin was called as follow: /u/gh2161/Spatial-Division/problin/run_problin.py -c real_location_data/s14c5/k10_r3_character_matrix.csv -t real_location_data/s14c5/true_tree.nwk -S real_location_data/s14c5/leaf_locations.txt --delimiter comma -p real_location_data/s14c5/k10_priors.csv -o real_location_data/s14c5/k10_r3_spalin-divide-beta7.txt --nInitials 10 --ultrametric --randomreps 3 --divide --radius 7
Optimization by Spalin-Divide: Scipy-SLSQP using spatial information
Optimizing branch lengths, phi, and nu without topology search
Initial point 1. Random seed: 1410
Solving with ultrametric constraint
Optimal point found for initial point 1
Negative llh: 297.53635899326696
Dropout rate: 9.999999999999996e-11
Silencing rate: 1e-10
Sigma: 1.1526073396773642
Initial point 2. Random seed: 2760
Solving with ultrametric constraint
Optimal point found for initial point 2
Negative llh: 297.5359907341822
Dropout rate: 1.7317467520860475e-09
Silencing rate: 1.0266448579337916e-10
Sigma: 1.1522595150371893
Initial point 3. Random seed: 7539
Solving with ultrametric constraint
Optimal point found for initial point 3
Negative llh: 297.53640596321713
Dropout rate: 1.8331995521582355e-09
Silencing rate: 1.0000472549046759e-10
Sigma: 1.152015335358494
Initial point 4. Random seed: 5319
Solving with ultrametric constraint
Optimal point found for initial point 4
Negative llh: 297.53608683687133
Dropout rate: 3.3316028262659917e-09
Silencing rate: 1.0579712263464623e-10
Sigma: 1.152078100740402
Initial point 5. Random seed: 9957
Solving with ultrametric constraint
Optimal point found for initial point 5
Negative llh: 297.5363042636389
Dropout rate: 2.1185657382312948e-10
Silencing rate: 1.066203393576756e-10
Sigma: 1.1524306637543749
Initial point 6. Random seed: 9051
Solving with ultrametric constraint
Optimal point found for initial point 6
Negative llh: 297.53587799815045
Dropout rate: 1.840325194044227e-10
Silencing rate: 2.378374646916203e-10
Sigma: 1.1522244236144457
Initial point 7. Random seed: 2431
Solving with ultrametric constraint
Optimal point found for initial point 7
Negative llh: 297.53676839209317
Dropout rate: 1.7350208113659243e-09
Silencing rate: 1.3155925133629502e-09
Sigma: 1.152525920817652
Initial point 8. Random seed: 4153
Solving with ultrametric constraint
Optimal point found for initial point 8
Negative llh: 297.5360144555026
Dropout rate: 3.4277974854478657e-09
Silencing rate: 1.0013477149150055e-10
Sigma: 1.1519845407192528
Initial point 9. Random seed: 8785
Solving with ultrametric constraint
Optimal point found for initial point 9
Negative llh: 297.53588866474627
Dropout rate: 1.0009937796040536e-10
Silencing rate: 1.000471215151431e-10
Sigma: 1.1522762856633235
Initial point 10. Random seed: 2571
Solving with ultrametric constraint
Optimal point found for initial point 10
Negative llh: 297.5358966783917
Dropout rate: 1e-10
Silencing rate: 1e-10
Sigma: 1.1521493121268476
Runtime (s): 2287.0955752129667
