Launching Problin version 0.5b
Problin was called as follow: /u/gh2161/Spatial-Division/problin/run_problin.py -c real_location_data/s14c5/k10_r4_character_matrix.csv -t real_location_data/s14c5/true_tree.nwk -S real_location_data/s14c5/leaf_locations.txt --delimiter comma -p real_location_data/s14c5/k10_priors.csv -o real_location_data/s14c5/k10_r4_spalin-divide-beta1.txt --nInitials 10 --ultrametric --randomreps 3 --divide --radius 1
Optimization by Spalin-Divide: Scipy-SLSQP using spatial information
Optimizing branch lengths, phi, and nu without topology search
Initial point 1. Random seed: 5533
Solving with ultrametric constraint
Optimal point found for initial point 1
Negative llh: 307.53450611607377
Dropout rate: 1.0433665425102696e-09
Silencing rate: 5.292962530804363e-10
Sigma: 1.595796002659675
Initial point 2. Random seed: 6765
Solving with ultrametric constraint
Optimal point found for initial point 2
Negative llh: 307.5353825100791
Dropout rate: 9.999999999999924e-11
Silencing rate: 1e-10
Sigma: 1.5941340943368625
Initial point 3. Random seed: 6386
Solving with ultrametric constraint
Optimal point found for initial point 3
Negative llh: 307.5345107892236
Dropout rate: 3.029294225845874e-09
Silencing rate: 1.0017455491742368e-10
Sigma: 1.5957601586124919
Initial point 4. Random seed: 7478
Solving with ultrametric constraint
Optimal point found for initial point 4
Negative llh: 322.3223175492902
Dropout rate: 1.0000000000000007e-10
Silencing rate: 1e-10
Sigma: 1.4152620477306017
Initial point 5. Random seed: 3753
Solving with ultrametric constraint
Optimal point found for initial point 5
Negative llh: 307.5348246723296
Dropout rate: 2.5880927246475184e-09
Silencing rate: 1.1065689483184874e-10
Sigma: 1.594696371089615
Initial point 6. Random seed: 5499
Solving with ultrametric constraint
Optimal point found for initial point 6
Negative llh: 307.5345069765069
Dropout rate: 1e-10
Silencing rate: 1e-10
Sigma: 1.5959657971060717
Initial point 7. Random seed: 6277
Solving with ultrametric constraint
Fatal: failed to optimize using initial point 7
Initial point 8. Random seed: 2888
Solving with ultrametric constraint
Optimal point found for initial point 8
Negative llh: 307.5346890891054
Dropout rate: 1e-10
Silencing rate: 1e-10
Sigma: 1.5958269022733955
Initial point 9. Random seed: 4665
Solving with ultrametric constraint
Optimal point found for initial point 9
Negative llh: 307.5347739289134
Dropout rate: 1.0000000000000007e-10
Silencing rate: 9.999999999999996e-11
Sigma: 1.5954239924181295
Initial point 10. Random seed: 1164
Solving with ultrametric constraint
Optimal point found for initial point 10
Negative llh: 307.5347684599142
Dropout rate: 1.854232047875575e-09
Silencing rate: 1.0012983870147689e-10
Sigma: 1.5950247425739332
Runtime (s): 2188.409785343334
