Launching Problin version 0.5b
Problin was called as follow: /u/gh2161/Spatial-Division/problin/run_problin.py -c real_location_data/s14c5/k10_r3_character_matrix.csv -t real_location_data/s14c5/true_tree.nwk -S real_location_data/s14c5/leaf_locations.txt --delimiter comma -p real_location_data/s14c5/k10_priors.csv -o real_location_data/s14c5/k10_r3_spalin-divide-beta3.txt --nInitials 10 --ultrametric --randomreps 3 --divide --radius 3
Optimization by Spalin-Divide: Scipy-SLSQP using spatial information
Optimizing branch lengths, phi, and nu without topology search
Initial point 1. Random seed: 3565
Solving with ultrametric constraint
Optimal point found for initial point 1
Negative llh: 324.34369181405134
Dropout rate: 5.534921150035936e-10
Silencing rate: 3.2011068750069706e-10
Sigma: 1.3887137412307964
Initial point 2. Random seed: 5100
Solving with ultrametric constraint
Optimal point found for initial point 2
Negative llh: 324.3438191526058
Dropout rate: 3.047725270204709e-09
Silencing rate: 1.004988449930589e-10
Sigma: 1.3887228040835087
Initial point 3. Random seed: 3256
Solving with ultrametric constraint
Optimal point found for initial point 3
Negative llh: 474.1103271676651
Dropout rate: 2.328989221984265e-09
Silencing rate: 1.032983634149338e-10
Sigma: 1.6284036266909527
Initial point 4. Random seed: 378
Solving with ultrametric constraint
Optimal point found for initial point 4
Negative llh: 324.34424210488567
Dropout rate: 1e-10
Silencing rate: 1e-10
Sigma: 1.3883984285920141
Initial point 5. Random seed: 9045
Solving with ultrametric constraint
Optimal point found for initial point 5
Negative llh: 324.34387962241846
Dropout rate: 1.0000000000000007e-10
Silencing rate: 1e-10
Sigma: 1.3886003874435409
Initial point 6. Random seed: 3583
Solving with ultrametric constraint
Optimal point found for initial point 6
Negative llh: 324.3437808944959
Dropout rate: 3.845480394467569e-09
Silencing rate: 1.9763479582125163e-08
Sigma: 1.3886509170692256
Initial point 7. Random seed: 7868
Solving with ultrametric constraint
Optimal point found for initial point 7
Negative llh: 324.3438321864555
Dropout rate: 7.408043862484268e-10
Silencing rate: 4.26770446753937e-10
Sigma: 1.3882587927478438
Initial point 8. Random seed: 5101
Solving with ultrametric constraint
Optimal point found for initial point 8
Negative llh: 324.34380584243115
Dropout rate: 2.0741743986549024e-09
Silencing rate: 1.0066194447952525e-10
Sigma: 1.3887090599238767
Initial point 9. Random seed: 508
Solving with ultrametric constraint
Optimal point found for initial point 9
Negative llh: 324.3442413955207
Dropout rate: 1.9144742222357626e-09
Silencing rate: 1.0035564809236159e-10
Sigma: 1.3890836754203735
Initial point 10. Random seed: 5160
Solving with ultrametric constraint
Optimal point found for initial point 10
Negative llh: 324.3437634619765
Dropout rate: 1.200706930229234e-09
Silencing rate: 7.12579337075642e-10
Sigma: 1.388707982313807
Runtime (s): 3144.7675658529624
