Launching Problin version 0.5b
Problin was called as follow: /u/gh2161/Spatial-Division/problin/run_problin.py -c simulated_seq_simulated_loc/s20c4/k50_character_matrix.csv -t simulated_seq_simulated_loc/s20c4/true_tree.nwk --delimiter comma -p simulated_seq_simulated_loc/s20c4/k50_priors.csv -o simulated_seq_simulated_loc/s20c4/k50_problin.txt --nInitials 10 --ultrametric --randomreps 3
Optimization by EM algorithm
Optimizing branch lengths, phi, and nu without topology search
Initial point 1. Random seed: 7967
Solving with ultrametric constraint
Initial phi: 0.1228283830534008. Initial nu: 0.1326177210324535. Initial nllh: 19092.707019228925
EM finished after 8 iterations.
Optimal point found for initial point 1
Negative llh: 265.3701662826838
Dropout rate: 0
Silencing rate: 1.692642580154025e-07
Initial point 2. Random seed: 8751
Solving with ultrametric constraint
Initial phi: 0.19649449336608626. Initial nu: 0.013628982640857604. Initial nllh: 377.74496594707443
EM finished after 5 iterations.
Optimal point found for initial point 2
Negative llh: 265.3701658523341
Dropout rate: 0
Silencing rate: 1.683691901214267e-07
Initial point 3. Random seed: 5434
Solving with ultrametric constraint
Initial phi: 0.4198971940490733. Initial nu: 0.47848024516583837. Initial nllh: 642.5889412095714
EM finished after 8 iterations.
Optimal point found for initial point 3
Negative llh: 265.370166151992
Dropout rate: 0
Silencing rate: 1.685746105557872e-07
Initial point 4. Random seed: 3939
Solving with ultrametric constraint
Initial phi: 0.6508626343626237. Initial nu: 0.7809491594526875. Initial nllh: 962.7980791303095
EM finished after 9 iterations.
Optimal point found for initial point 4
Negative llh: 265.3701662193437
Dropout rate: 0
Silencing rate: 1.7022977074716077e-07
Initial point 5. Random seed: 8741
Solving with ultrametric constraint
Initial phi: 0.2152089088767479. Initial nu: 0.9775173617634574. Initial nllh: 600.9366657034728
EM finished after 11 iterations.
Optimal point found for initial point 5
Negative llh: 265.3701658214765
Dropout rate: 0
Silencing rate: 1.6879429098226717e-07
Initial point 6. Random seed: 5547
Solving with ultrametric constraint
Initial phi: 0.9310942973307229. Initial nu: 0.08521638596513725. Initial nllh: 1621.5686758354416
EM finished after 8 iterations.
Optimal point found for initial point 6
Negative llh: 265.37016576139416
Dropout rate: 0
Silencing rate: 1.6825489993307294e-07
Initial point 7. Random seed: 2031
Solving with ultrametric constraint
Initial phi: 0.16543054174716182. Initial nu: 0.21364596564539368. Initial nllh: 402.648251423921
EM finished after 8 iterations.
Optimal point found for initial point 7
Negative llh: 265.37015905639345
Dropout rate: 0
Silencing rate: 1.3737197253505094e-07
Initial point 8. Random seed: 4760
Solving with ultrametric constraint
Initial phi: 0.7704354761679999. Initial nu: 0.5153889034515754. Initial nllh: 1114.195245071966
EM finished after 7 iterations.
Optimal point found for initial point 8
Negative llh: 265.3701676167955
Dropout rate: 0
Silencing rate: 1.6885380020862787e-07
Initial point 9. Random seed: 3615
Solving with ultrametric constraint
Initial phi: 0.8023933805997351. Initial nu: 0.5914020688745985. Initial nllh: 1205.817352171266
EM finished after 8 iterations.
Optimal point found for initial point 9
Negative llh: 265.37016626184135
Dropout rate: 0
Silencing rate: 1.6882165472903016e-07
Initial point 10. Random seed: 3370
Solving with ultrametric constraint
Initial phi: 0.8134804655362177. Initial nu: 0.08000744467135308. Initial nllh: 1122.5275888572319
EM finished after 8 iterations.
Optimal point found for initial point 10
Negative llh: 265.3701589524001
Dropout rate: 0
Silencing rate: 1.374565094634547e-07
Runtime (s): 6.920713292900473
