Launching Problin version 0.5b
Problin was called as follow: /u/gh2161/Spatial-Division/problin/run_problin.py -c real_location_data/s3c5/k10_r4_character_matrix.csv -t real_location_data/s3c5/true_tree.nwk -S real_location_data/s3c5/leaf_locations.txt --delimiter comma -p real_location_data/s3c5/k10_priors.csv -o real_location_data/s3c5/k10_r4_spalin-divide-beta3.txt --nInitials 10 --ultrametric --randomreps 3 --divide --radius 3
Optimization by Spalin-Divide: Scipy-SLSQP using spatial information
Optimizing branch lengths, phi, and nu without topology search
Initial point 1. Random seed: 1348
Solving with ultrametric constraint
Optimal point found for initial point 1
Negative llh: 144.326882983304
Dropout rate: 9.999999999999996e-11
Silencing rate: 1e-10
Sigma: 1.2221312827228903
Initial point 2. Random seed: 1553
Solving with ultrametric constraint
Fatal: failed to optimize using initial point 2
Initial point 3. Random seed: 2409
Solving with ultrametric constraint
Optimal point found for initial point 3
Negative llh: 118.71225834783124
Dropout rate: 3.00560904788533e-10
Silencing rate: 1.006711746558971e-10
Sigma: 1.2735179110732393
Initial point 4. Random seed: 9342
Solving with ultrametric constraint
Optimal point found for initial point 4
Negative llh: 118.71236196800933
Dropout rate: 4.341075846257793e-10
Silencing rate: 1.0011622834973291e-10
Sigma: 1.271430225546497
Initial point 5. Random seed: 2848
Solving with ultrametric constraint
Optimal point found for initial point 5
Negative llh: 118.71263535878319
Dropout rate: 1.0000000000000002e-10
Silencing rate: 1e-10
Sigma: 1.2736994265209503
Initial point 6. Random seed: 1289
Solving with ultrametric constraint
Optimal point found for initial point 6
Negative llh: 118.7119694578358
Dropout rate: 1e-10
Silencing rate: 1e-10
Sigma: 1.2729859999078317
Initial point 7. Random seed: 5049
Solving with ultrametric constraint
Optimal point found for initial point 7
Negative llh: 118.71196815050607
Dropout rate: 7.376359206775436e-10
Silencing rate: 1.4642174203037654e-09
Sigma: 1.2729784332573804
Initial point 8. Random seed: 6826
Solving with ultrametric constraint
Optimal point found for initial point 8
Negative llh: 118.71227998845752
Dropout rate: 1e-10
Silencing rate: 1e-10
Sigma: 1.2736139598309932
Initial point 9. Random seed: 6615
Solving with ultrametric constraint
Fatal: failed to optimize using initial point 9
Initial point 10. Random seed: 3485
Solving with ultrametric constraint
Optimal point found for initial point 10
Negative llh: 118.7127420125544
Dropout rate: 3.860807149961933e-10
Silencing rate: 1.2331580868807495e-10
Sigma: 1.273767415722388
Runtime (s): 199.22726384364069
