Launching Problin version 0.5b
Problin was called as follow: /u/gh2161/Spatial-Division/problin/run_problin.py -c real_location_data/s3c5/k10_r4_character_matrix.csv -t real_location_data/s3c5/true_tree.nwk -S real_location_data/s3c5/leaf_locations.txt --delimiter comma -p real_location_data/s3c5/k10_priors.csv -o real_location_data/s3c5/k10_r4_spalin-divide-beta10.txt --nInitials 10 --ultrametric --randomreps 3 --divide --radius 10
Optimization by Spalin-Divide: Scipy-SLSQP using spatial information
Optimizing branch lengths, phi, and nu without topology search
Initial point 1. Random seed: 5636
Solving with ultrametric constraint
Optimal point found for initial point 1
Negative llh: 93.7598952987577
Dropout rate: 1e-10
Silencing rate: 1.0001672743739809e-10
Sigma: 0.7302763484899724
Initial point 2. Random seed: 4800
Solving with ultrametric constraint
Optimal point found for initial point 2
Negative llh: 218.0965179606251
Dropout rate: 9.55773227281107e-08
Silencing rate: 6.940346801165169e-06
Sigma: 37.575765316870495
Initial point 3. Random seed: 9934
Solving with ultrametric constraint
Optimal point found for initial point 3
Negative llh: 93.75965264003915
Dropout rate: 1.0715581155420458e-09
Silencing rate: 6.405185840392208e-10
Sigma: 0.7309585441066295
Initial point 4. Random seed: 4618
Solving with ultrametric constraint
Optimal point found for initial point 4
Negative llh: 93.76000991378262
Dropout rate: 1.40004232846927e-10
Silencing rate: 1e-10
Sigma: 0.730992196621346
Initial point 5. Random seed: 9335
Solving with ultrametric constraint
Optimal point found for initial point 5
Negative llh: 93.75965255158232
Dropout rate: 3.731944131126846e-10
Silencing rate: 1.000628762202728e-10
Sigma: 0.7309491386455483
Initial point 6. Random seed: 5130
Solving with ultrametric constraint
Optimal point found for initial point 6
Negative llh: 93.75965218195321
Dropout rate: 1e-10
Silencing rate: 1e-10
Sigma: 0.730949283054736
Initial point 7. Random seed: 3719
Solving with ultrametric constraint
Optimal point found for initial point 7
Negative llh: 93.76008660484412
Dropout rate: 1e-10
Silencing rate: 1e-10
Sigma: 0.7308506188024014
Initial point 8. Random seed: 4108
Solving with ultrametric constraint
Optimal point found for initial point 8
Negative llh: 93.75965264688895
Dropout rate: 4.62214596075998e-10
Silencing rate: 8.506771330941097e-10
Sigma: 0.7309650585085664
Initial point 9. Random seed: 8021
Solving with ultrametric constraint
Optimal point found for initial point 9
Negative llh: 93.75965272892185
Dropout rate: 1e-10
Silencing rate: 1e-10
Sigma: 0.7309558739819504
Initial point 10. Random seed: 4900
Solving with ultrametric constraint
Optimal point found for initial point 10
Negative llh: 93.75965220719357
Dropout rate: 3.2232116383426015e-10
Silencing rate: 1.0004296779316874e-10
Sigma: 0.7309456667825687
Runtime (s): 139.54122815839946
