Launching Problin version 0.5b
Problin was called as follow: /u/gh2161/Spatial-Division/problin/run_problin.py -c real_location_data/s3c5/k10_r5_character_matrix.csv -t real_location_data/s3c5/true_tree.nwk -S real_location_data/s3c5/leaf_locations.txt --delimiter comma -p real_location_data/s3c5/k10_priors.csv -o real_location_data/s3c5/k10_r5_spalin-divide-beta3.txt --nInitials 10 --ultrametric --randomreps 3 --divide --radius 3
Optimization by Spalin-Divide: Scipy-SLSQP using spatial information
Optimizing branch lengths, phi, and nu without topology search
Initial point 1. Random seed: 1836
Solving with ultrametric constraint
Optimal point found for initial point 1
Negative llh: 126.14940046593598
Dropout rate: 5.515938727106271e-10
Silencing rate: 1.0034622819405072e-10
Sigma: 1.245753750830442
Initial point 2. Random seed: 8828
Solving with ultrametric constraint
Optimal point found for initial point 2
Negative llh: 126.14925060739367
Dropout rate: 1e-10
Silencing rate: 1e-10
Sigma: 1.2450066584868822
Initial point 3. Random seed: 9398
Solving with ultrametric constraint
Optimal point found for initial point 3
Negative llh: 126.14915872326301
Dropout rate: 3.48162668442358e-10
Silencing rate: 2.2173305772396224e-10
Sigma: 1.245237100101593
Initial point 4. Random seed: 5336
Solving with ultrametric constraint
Optimal point found for initial point 4
Negative llh: 126.14923598549726
Dropout rate: 1e-10
Silencing rate: 1e-10
Sigma: 1.2452362484501422
Initial point 5. Random seed: 3206
Solving with ultrametric constraint
Optimal point found for initial point 5
Negative llh: 126.14952805487954
Dropout rate: 2.9126152849736916e-10
Silencing rate: 1.944989274874214e-10
Sigma: 1.2444548724483573
Initial point 6. Random seed: 7920
Solving with ultrametric constraint
Optimal point found for initial point 6
Negative llh: 144.8829243581162
Dropout rate: 6.168980812147193e-10
Silencing rate: 1.4662151520392167e-10
Sigma: 1.1782894933926265
Initial point 7. Random seed: 2582
Solving with ultrametric constraint
Optimal point found for initial point 7
Negative llh: 126.14915876689372
Dropout rate: 2.341191175467572e-10
Silencing rate: 1.649965303899412e-10
Sigma: 1.2452216692899654
Initial point 8. Random seed: 9336
Solving with ultrametric constraint
Optimal point found for initial point 8
Negative llh: 126.14930042164318
Dropout rate: 1e-10
Silencing rate: 1e-10
Sigma: 1.245122123785868
Initial point 9. Random seed: 2896
Solving with ultrametric constraint
Optimal point found for initial point 9
Negative llh: 126.14947933456693
Dropout rate: 6.118584600955145e-10
Silencing rate: 1.000097686906912e-10
Sigma: 1.2444616397508363
Initial point 10. Random seed: 6687
Solving with ultrametric constraint
Optimal point found for initial point 10
Negative llh: 126.14917843525285
Dropout rate: 1.1486800726769337e-10
Silencing rate: 1.0705376557158152e-10
Sigma: 1.2453201545512862
Runtime (s): 243.39126841537654
