Launching Problin version 0.5b
Problin was called as follow: /u/gh2161/Spatial-Division/problin/run_problin.py -c real_location_data/s2c6/k10_r2_character_matrix.csv -t real_location_data/s2c6/true_tree.nwk --delimiter comma -p real_location_data/s2c6/k10_priors.csv -o real_location_data/s2c6/k10_r2_problin.txt --nInitials 10 --ultrametric --randomreps 3 --solver Scipy
Optimization by generic solver (Scipy-SLSQP)
Optimizing branch lengths, phi, and nu without topology search
Initial point 1. Random seed: 4294
Solving with ultrametric constraint
Optimal point found for initial point 1
Negative llh: 120.12725407513423
Dropout rate: 1e-10
Silencing rate: 1e-10
Lambda: 0.006525346921336519
Initial point 2. Random seed: 5650
Solving with ultrametric constraint
Optimal point found for initial point 2
Negative llh: 120.12680167799887
Dropout rate: 1e-10
Silencing rate: 1e-10
Lambda: 0.006525981991569267
Initial point 3. Random seed: 8969
Solving with ultrametric constraint
Optimal point found for initial point 3
Negative llh: 120.12703006253398
Dropout rate: 3.0947302260651325e-09
Silencing rate: 1.5694189383699934e-09
Lambda: 0.006526247050078261
Initial point 4. Random seed: 9139
Solving with ultrametric constraint
Optimal point found for initial point 4
Negative llh: 120.12686807089094
Dropout rate: 1e-10
Silencing rate: 1e-10
Lambda: 0.006525749129619131
Initial point 5. Random seed: 8095
Solving with ultrametric constraint
Optimal point found for initial point 5
Negative llh: 120.12707611534407
Dropout rate: 1e-10
Silencing rate: 1e-10
Lambda: 0.006526098737938848
Initial point 6. Random seed: 2307
Solving with ultrametric constraint
Optimal point found for initial point 6
Negative llh: 120.12680071005622
Dropout rate: 9.999999999999924e-11
Silencing rate: 1.0000000000000007e-10
Lambda: 0.006525836775632102
Initial point 7. Random seed: 6948
Solving with ultrametric constraint
Optimal point found for initial point 7
Negative llh: 120.12687122586368
Dropout rate: 1e-10
Silencing rate: 1e-10
Lambda: 0.006525547380470883
Initial point 8. Random seed: 2999
Solving with ultrametric constraint
Optimal point found for initial point 8
Negative llh: 120.12728506604033
Dropout rate: 1.0000000000000007e-10
Silencing rate: 9.999999999999996e-11
Lambda: 0.006525493572218394
Initial point 9. Random seed: 5172
Solving with ultrametric constraint
Optimal point found for initial point 9
Negative llh: 120.12783897759184
Dropout rate: 1e-10
Silencing rate: 1e-10
Lambda: 0.006523990003187509
Initial point 10. Random seed: 158
Solving with ultrametric constraint
Optimal point found for initial point 10
Negative llh: 120.12680943519092
Dropout rate: 1e-10
Silencing rate: 1e-10
Lambda: 0.006526169052312917
{'phi': 9.999999999999924e-11, 'nu': 1.0000000000000007e-10, 'lambda_param': 0.006525836775632102}
Runtime (s): 317.00370052829385
