Launching Problin version 0.5b
Problin was called as follow: /u/gh2161/Spatial-Division/problin/run_problin.py -c real_location_data/s2c6/k10_r4_character_matrix.csv -t real_location_data/s2c6/true_tree.nwk -S real_location_data/s2c6/leaf_locations.txt --delimiter comma -p real_location_data/s2c6/k10_priors.csv -o real_location_data/s2c6/k10_r4_spalin-divide-beta10.txt --nInitials 10 --ultrametric --randomreps 3 --divide --radius 10
Optimization by Spalin-Divide: Scipy-SLSQP using spatial information
Optimizing branch lengths, phi, and nu without topology search
Initial point 1. Random seed: 6010
Solving with ultrametric constraint
Optimal point found for initial point 1
Negative llh: 320.33750355832603
Dropout rate: 3.542387690018213e-10
Silencing rate: 2.9992840162169273e-10
Sigma: 1.0701094493555696
Initial point 2. Random seed: 6528
Solving with ultrametric constraint
Optimal point found for initial point 2
Negative llh: 320.3373466026975
Dropout rate: 1.0000000000000007e-10
Silencing rate: 1e-10
Sigma: 1.0699792556437198
Initial point 3. Random seed: 327
Solving with ultrametric constraint
Optimal point found for initial point 3
Negative llh: 320.337074238903
Dropout rate: 7.507268166729268e-10
Silencing rate: 1.0033597267961353e-10
Sigma: 1.0702445330079866
Initial point 4. Random seed: 2684
Solving with ultrametric constraint
Fatal: failed to optimize using initial point 4
Initial point 5. Random seed: 4921
Solving with ultrametric constraint
Optimal point found for initial point 5
Negative llh: 320.33708493389224
Dropout rate: 1e-10
Silencing rate: 1e-10
Sigma: 1.0699815871946683
Initial point 6. Random seed: 6930
Solving with ultrametric constraint
Optimal point found for initial point 6
Negative llh: 320.3371388733393
Dropout rate: 4.8236104843024916e-09
Silencing rate: 1.063641934391237e-10
Sigma: 1.070092140747255
Initial point 7. Random seed: 8410
Solving with ultrametric constraint
Optimal point found for initial point 7
Negative llh: 320.33711170969724
Dropout rate: 2.101916198236014e-09
Silencing rate: 1.0463179037739139e-10
Sigma: 1.0701153224146842
Initial point 8. Random seed: 968
Solving with ultrametric constraint
Optimal point found for initial point 8
Negative llh: 320.3367225181329
Dropout rate: 1.0000000000000007e-10
Silencing rate: 1e-10
Sigma: 1.0699919011483805
Initial point 9. Random seed: 1193
Solving with ultrametric constraint
Optimal point found for initial point 9
Negative llh: 320.336733604247
Dropout rate: 1.0001792582973487e-10
Silencing rate: 1.0000877086244388e-10
Sigma: 1.0699663165847002
Initial point 10. Random seed: 5213
Solving with ultrametric constraint
Optimal point found for initial point 10
Negative llh: 320.3369504556342
Dropout rate: 1e-10
Silencing rate: 1e-10
Sigma: 1.0699740423432493
Runtime (s): 2890.1673634741455
