Launching Problin version 0.5b
Problin was called as follow: /u/gh2161/Spatial-Division/problin/run_problin.py -c intmem_real_data/s8c4/characters.txt -t intmem_real_data/s8c4/true_tree.nwk --delimiter comma -p intmem_real_data/s8c4/prior.csv -o intmem_real_data/s8c4/problin.txt --nInitials 10 --ultrametric --randomreps 3 --solver Scipy
Optimization by generic solver (Scipy-SLSQP)
Optimizing branch lengths, phi, and nu without topology search
Initial point 1. Random seed: 3167
Solving with ultrametric constraint
Optimal point found for initial point 1
Negative llh: 46.429773456290526
Dropout rate: 9.999999999999996e-11
Silencing rate: 1.0000000000000002e-10
Lambda: 0.00678681298186923
Initial point 2. Random seed: 1807
Solving with ultrametric constraint
Optimal point found for initial point 2
Negative llh: 66.19828945091199
Dropout rate: 9.43449479742026e-10
Silencing rate: 2.687592478570365e-10
Lambda: 0.0009768760219167254
Initial point 3. Random seed: 115
Solving with ultrametric constraint
Optimal point found for initial point 3
Negative llh: 46.42981658720628
Dropout rate: 4.437276643571411e-10
Silencing rate: 2.678041681612833e-10
Lambda: 0.006785885115700804
Initial point 4. Random seed: 8441
Solving with ultrametric constraint
Optimal point found for initial point 4
Negative llh: 46.42977400596203
Dropout rate: 5.881499231139837e-10
Silencing rate: 2.6828698328838167e-10
Lambda: 0.006787218632187369
Initial point 5. Random seed: 1225
Solving with ultrametric constraint
Optimal point found for initial point 5
Negative llh: 66.19855889430706
Dropout rate: 4.3296824798306774e-10
Silencing rate: 1.4411716402299165e-10
Lambda: 0.0009768652912987518
Initial point 6. Random seed: 5015
Solving with ultrametric constraint
Optimal point found for initial point 6
Negative llh: 46.42977351453043
Dropout rate: 1e-10
Silencing rate: 1e-10
Lambda: 0.006786801209269307
Initial point 7. Random seed: 2721
Solving with ultrametric constraint
Optimal point found for initial point 7
Negative llh: 46.4297735355992
Dropout rate: 5.887845350271334e-10
Silencing rate: 2.345126710493497e-10
Lambda: 0.006786677005357332
Initial point 8. Random seed: 63
Solving with ultrametric constraint
Optimal point found for initial point 8
Negative llh: 66.19758605426578
Dropout rate: 2.6272330480912547e-09
Silencing rate: 4.659024389828627e-10
Lambda: 0.0009769380831876127
Initial point 9. Random seed: 595
Solving with ultrametric constraint
Optimal point found for initial point 9
Negative llh: 66.1983777469063
Dropout rate: 1.0163832407086553e-09
Silencing rate: 2.6419977183361797e-10
Lambda: 0.0009768691862769758
Initial point 10. Random seed: 2446
Solving with ultrametric constraint
Optimal point found for initial point 10
Negative llh: 66.19826571931296
Dropout rate: 8.927325815125532e-10
Silencing rate: 2.355179221620483e-10
Lambda: 0.0009768777817404236
{'phi': 9.999999999999996e-11, 'nu': 1.0000000000000002e-10, 'lambda_param': 0.00678681298186923}
Runtime (s): 49.99771958775818
