Launching Problin version 0.5b
Problin was called as follow: /u/gh2161/Spatial-Division/problin/run_problin.py -c simulated_seq_simulated_loc/s8c1/k200_character_matrix.csv -t simulated_seq_simulated_loc/s8c1/true_tree.nwk --delimiter comma -p simulated_seq_simulated_loc/s8c1/k200_priors.csv -o simulated_seq_simulated_loc/s8c1/k200_problin.txt --nInitials 10 --ultrametric --solver Scipy
Optimization by generic solver (Scipy-SLSQP)
Optimizing branch lengths, phi, and nu without topology search
Initial point 1. Random seed: 1397
Solving with ultrametric constraint
Optimal point found for initial point 1
Negative llh: 1304.9693898277978
Dropout rate: 1e-10
Silencing rate: 1e-10
Initial point 2. Random seed: 3883
Solving with ultrametric constraint
Optimal point found for initial point 2
Negative llh: 1304.9664687432714
Dropout rate: 1.0000000000000751e-10
Silencing rate: 1.0000000000000751e-10
Initial point 3. Random seed: 2175
Solving with ultrametric constraint
Optimal point found for initial point 3
Negative llh: 1305.0081970509398
Dropout rate: 1e-10
Silencing rate: 1e-10
Initial point 4. Random seed: 8661
Solving with ultrametric constraint
Optimal point found for initial point 4
Negative llh: 1304.9615502711047
Dropout rate: 1e-10
Silencing rate: 1e-10
Initial point 5. Random seed: 2178
Solving with ultrametric constraint
Optimal point found for initial point 5
Negative llh: 1304.9817920888993
Dropout rate: 9.999999999979575e-11
Silencing rate: 1.0000000000000751e-10
Initial point 6. Random seed: 9873
Solving with ultrametric constraint
Optimal point found for initial point 6
Negative llh: 1305.0686487083542
Dropout rate: 1e-10
Silencing rate: 1e-10
Initial point 7. Random seed: 6567
Solving with ultrametric constraint
Optimal point found for initial point 7
Negative llh: 1304.9595480376995
Dropout rate: 1e-10
Silencing rate: 1e-10
Initial point 8. Random seed: 8867
Solving with ultrametric constraint
Optimal point found for initial point 8
Negative llh: 1304.9604235743143
Dropout rate: 1.0017527213458379e-10
Silencing rate: 1.0008249269285444e-10
Initial point 9. Random seed: 7480
Solving with ultrametric constraint
Optimal point found for initial point 9
Negative llh: 1304.9869245137002
Dropout rate: 1e-10
Silencing rate: 1e-10
Initial point 10. Random seed: 9999
Solving with ultrametric constraint
Optimal point found for initial point 10
Negative llh: 1304.961472392971
Dropout rate: 1e-10
Silencing rate: 1e-10
Runtime (s): 228.69194068433717
