Launching Problin version 0.5b
Problin was called as follow: /u/gh2161/Spatial-Division/problin/run_problin.py -c real_location_data/s9c5/k10_r5_character_matrix.csv -t real_location_data/s9c5/true_tree.nwk -S real_location_data/s9c5/leaf_locations.txt --delimiter comma -p real_location_data/s9c5/k10_priors.csv -o real_location_data/s9c5/k10_r5_spalin-spatialonly.txt --nInitials 10 --ultrametric --randomreps 3 --spatial_only
Optimization by Spalin: Scipy-SLSQP using spatial information
Optimizing branch lengths, phi, and nu without topology search
only spatial
Initial point 1. Random seed: 7513
Solving with ultrametric constraint
Optimal point found for initial point 1
Negative llh: 111.10504931011964
Dropout rate: 0.8655772425898755
Silencing rate: 0.058110466258199135
Sigma: 4.418408946731578
Lambda: 1.0
Initial point 2. Random seed: 5863
Solving with ultrametric constraint
Optimal point found for initial point 2
Negative llh: 111.10504931011964
Dropout rate: 0.7936508069304561
Silencing rate: 0.6395444852196489
Sigma: 4.418408946731578
Lambda: 1.0
Initial point 3. Random seed: 9732
Solving with ultrametric constraint
Optimal point found for initial point 3
Negative llh: 111.10504931011964
Dropout rate: 0.7332852350739234
Silencing rate: 0.4879570896672739
Sigma: 4.418408946731578
Lambda: 1.0
Initial point 4. Random seed: 3526
Solving with ultrametric constraint
Optimal point found for initial point 4
Negative llh: 111.10504931011964
Dropout rate: 0.03277247870753018
Silencing rate: 0.1557427037502601
Sigma: 4.418408946731578
Lambda: 1.0
Initial point 5. Random seed: 379
Solving with ultrametric constraint
Optimal point found for initial point 5
Negative llh: 111.10504931011964
Dropout rate: 0.3659102366289015
Silencing rate: 0.5855257644676352
Sigma: 4.418408946731578
Lambda: 1.0
Initial point 6. Random seed: 4306
Solving with ultrametric constraint
Optimal point found for initial point 6
Negative llh: 111.10504931011964
Dropout rate: 0.002510219213689897
Silencing rate: 0.28010613704335896
Sigma: 4.418408946731578
Lambda: 1.0
Initial point 7. Random seed: 7354
Solving with ultrametric constraint
Optimal point found for initial point 7
Negative llh: 111.10504931011964
Dropout rate: 0.2731441643851178
Silencing rate: 0.7181533860545728
Sigma: 4.418408946731578
Lambda: 1.0
Initial point 8. Random seed: 7525
Solving with ultrametric constraint
Optimal point found for initial point 8
Negative llh: 111.10504931011964
Dropout rate: 0.6102524118255922
Silencing rate: 0.2149430251320271
Sigma: 4.418408946731578
Lambda: 1.0
Initial point 9. Random seed: 9418
Solving with ultrametric constraint
Optimal point found for initial point 9
Negative llh: 111.10504931011964
Dropout rate: 0.5993059824496121
Silencing rate: 0.8761367155793016
Sigma: 4.418408946731578
Lambda: 1.0
Initial point 10. Random seed: 1408
Solving with ultrametric constraint
Optimal point found for initial point 10
Negative llh: 111.10504931011964
Dropout rate: 0.44639499876787053
Silencing rate: 0.18941264940789834
Sigma: 4.418408946731578
Lambda: 1.0
{'lambda_param': 1.0, 'phi': 0.8655772425898755, 'nu': 0.058110466258199135, 'sigma': 4.418408946731578, 'locations': {'216_30': (367.0, 212.0), '216_29': (329.0, 196.0), '216_28': (353.0, 222.0), '216_27': (341.0, 254.0), '216_24': (368.0, 193.0), '216_23': (386.0, 206.0), '216_15': (280.0, 187.0), '216_14': (264.0, 218.0), '216_13': (269.0, 238.0), '216_2': (274.0, 263.0), '216_1': (261.0, 282.0), '216_4': (279.0, 271.0), '216_3': (314.0, 276.0), '216_7': (255.0, 245.0), '216_6': (282.0, 250.0), '216_5': (316.0, 263.0)}}
Runtime (s): 118.84418950602412
