Launching Problin version 0.5b
Problin was called as follow: /u/gh2161/Spatial-Division/problin/run_problin.py -c real_location_data/s9c5/k10_r1_character_matrix.csv -t real_location_data/s9c5/true_tree.nwk -S real_location_data/s9c5/leaf_locations.txt --delimiter comma -p real_location_data/s9c5/k10_priors.csv -o real_location_data/s9c5/k10_r1_spalin-divide-beta10.txt --nInitials 10 --ultrametric --randomreps 3 --divide --radius 10
Optimization by Spalin-Divide: Scipy-SLSQP using spatial information
Optimizing branch lengths, phi, and nu without topology search
Initial point 1. Random seed: 610
Solving with ultrametric constraint
Optimal point found for initial point 1
Negative llh: 191.7242825735241
Dropout rate: 1.0000000000000002e-10
Silencing rate: 1e-10
Sigma: 1.2226170640134348
Initial point 2. Random seed: 7214
Solving with ultrametric constraint
Optimal point found for initial point 2
Negative llh: 191.72460921738605
Dropout rate: 4.891565823353156e-10
Silencing rate: 1.0317039966302163e-10
Sigma: 1.222916867292425
Initial point 3. Random seed: 7213
Solving with ultrametric constraint
Optimal point found for initial point 3
Negative llh: 191.72456087331295
Dropout rate: 9.462127523504038e-10
Silencing rate: 1.2469602622836477e-09
Sigma: 1.2222184689008677
Initial point 4. Random seed: 699
Solving with ultrametric constraint
Optimal point found for initial point 4
Negative llh: 191.72455316203138
Dropout rate: 1e-10
Silencing rate: 1e-10
Sigma: 1.2223317401718174
Initial point 5. Random seed: 8563
Solving with ultrametric constraint
Optimal point found for initial point 5
Negative llh: 191.72416650486483
Dropout rate: 9.999999999999996e-11
Silencing rate: 1e-10
Sigma: 1.2226388667810622
Initial point 6. Random seed: 4031
Solving with ultrametric constraint
Optimal point found for initial point 6
Negative llh: 191.72419615109524
Dropout rate: 3.2349037855313825e-10
Silencing rate: 8.097667179222408e-09
Sigma: 1.222789508752657
Initial point 7. Random seed: 2906
Solving with ultrametric constraint
Optimal point found for initial point 7
Negative llh: 191.72415233050017
Dropout rate: 7.700944448468494e-10
Silencing rate: 1.0035910511671402e-10
Sigma: 1.222676387724665
Initial point 8. Random seed: 6855
Solving with ultrametric constraint
Optimal point found for initial point 8
Negative llh: 161154.98229064984
Dropout rate: 1.4304525684425953e-09
Silencing rate: 5.44260533658722e-09
Sigma: 12.248654061377758
Initial point 9. Random seed: 4723
Solving with ultrametric constraint
Optimal point found for initial point 9
Negative llh: 191.7242480620513
Dropout rate: 8.403663506002759e-10
Silencing rate: 1.0013606912528911e-10
Sigma: 1.2226414309902385
Initial point 10. Random seed: 6982
Solving with ultrametric constraint
Optimal point found for initial point 10
Negative llh: 191.7241226897317
Dropout rate: 5.062527775909313e-10
Silencing rate: 2.481908827333971e-10
Sigma: 1.2226224657401858
Runtime (s): 486.7918156571686
