Launching Problin version 0.5b
Problin was called as follow: /u/gh2161/Spatial-Division/problin/run_problin.py -c intmem_real_data/s9c4/characters.txt -t intmem_real_data/s9c4/true_tree.nwk -S intmem_real_data/s9c4/leaf_locations.txt --delimiter comma -p intmem_real_data/s9c4/prior.csv -o intmem_real_data/s9c4/spalin_spatialonly.txt --nInitials 10 --ultrametric --spatial_only
Optimization by Spalin: Scipy-SLSQP using spatial information
Optimizing branch lengths, phi, and nu without topology search
only spatial
Initial point 1. Random seed: 6383
Solving with ultrametric constraint
Optimal point found for initial point 1
Negative llh: 155.6217932004069
Dropout rate: 0.12831014696503362
Silencing rate: 0.2891722712494047
Sigma: 4.504393538651056
Lambda: 1.0
Initial point 2. Random seed: 6931
Solving with ultrametric constraint
Optimal point found for initial point 2
Negative llh: 155.6217932004069
Dropout rate: 0.7348399919572981
Silencing rate: 0.018585234357403276
Sigma: 4.504393538651056
Lambda: 1.0
Initial point 3. Random seed: 7565
Solving with ultrametric constraint
Optimal point found for initial point 3
Negative llh: 155.6217932004069
Dropout rate: 0.7691395755015593
Silencing rate: 0.7750834469636431
Sigma: 4.504393538651056
Lambda: 1.0
Initial point 4. Random seed: 1254
Solving with ultrametric constraint
Optimal point found for initial point 4
Negative llh: 155.6217932004069
Dropout rate: 0.6136758849252067
Silencing rate: 0.9230556137343827
Sigma: 4.504393538651056
Lambda: 1.0
Initial point 5. Random seed: 1412
Solving with ultrametric constraint
Optimal point found for initial point 5
Negative llh: 155.6217932004069
Dropout rate: 0.4644714310436492
Silencing rate: 0.21650470068074615
Sigma: 4.504393538651056
Lambda: 1.0
Initial point 6. Random seed: 6669
Solving with ultrametric constraint
Optimal point found for initial point 6
Negative llh: 155.6217932004069
Dropout rate: 0.41227027531201693
Silencing rate: 0.03088683015540816
Sigma: 4.504393538651056
Lambda: 1.0
Initial point 7. Random seed: 8973
Solving with ultrametric constraint
Optimal point found for initial point 7
Negative llh: 155.6217932004069
Dropout rate: 0.42390178349554564
Silencing rate: 0.3616219121583918
Sigma: 4.504393538651056
Lambda: 1.0
Initial point 8. Random seed: 5678
Solving with ultrametric constraint
Optimal point found for initial point 8
Negative llh: 155.6217932004069
Dropout rate: 0.7595093478165631
Silencing rate: 0.4090397287677596
Sigma: 4.504393538651056
Lambda: 1.0
Initial point 9. Random seed: 4156
Solving with ultrametric constraint
Optimal point found for initial point 9
Negative llh: 155.6217932004069
Dropout rate: 0.7637297839946023
Silencing rate: 0.5175752758766741
Sigma: 4.504393538651056
Lambda: 1.0
Initial point 10. Random seed: 8324
Solving with ultrametric constraint
Optimal point found for initial point 10
Negative llh: 155.6217932004069
Dropout rate: 0.051533877780739035
Silencing rate: 0.4162689812031982
Sigma: 4.504393538651056
Lambda: 1.0
{'lambda_param': 1.0, 'phi': 0.12831014696503362, 'nu': 0.2891722712494047, 'sigma': 4.504393538651056, 'locations': {'216_15': (215.0, 201.0), '216_14': (256.0, 213.0), '216_25': (345.0, 122.0), '216_23': (411.0, 155.0), '216_22': (398.0, 193.0), '216_27': (350.0, 158.0), '216_26': (377.0, 161.0), '216_31': (336.0, 137.0), '216_30': (321.0, 144.0), '216_29': (300.0, 158.0), '216_28': (316.0, 162.0), '216_1': (275.0, 319.0), '216_3': (235.0, 250.0), '216_4': (259.0, 260.0), '216_5': (269.0, 251.0), '216_10': (252.0, 203.0), '216_13': (251.0, 185.0), '216_12': (234.0, 203.0), '216_9': (230.0, 226.0), '216_8': (207.0, 229.0), '216_7': (240.0, 228.0), '216_6': (257.0, 234.0)}}
Runtime (s): 257.54040560196154
