Launching Problin version 0.5b
Problin was called as follow: /u/gh2161/Spatial-Division/problin/run_problin.py -c real_location_data/s5c3/k10_r2_character_matrix.csv -t real_location_data/s5c3/true_tree.nwk -S real_location_data/s5c3/leaf_locations.txt --delimiter comma -p real_location_data/s5c3/k10_priors.csv -o real_location_data/s5c3/k10_r2_spalin-divide-beta6.txt --nInitials 10 --ultrametric --randomreps 3 --divide --given_beta 6 --incl_beta_bound
Optimization by Spalin-Divide: Scipy-SLSQP using spatial information
Optimizing branch lengths, phi, and nu without topology search
Initial point 1. Random seed: 6243
Solving with ultrametric constraint
Optimal point found for initial point 1
Negative llh: 280.20553959627046
Dropout rate: 8.909422776371218e-10
Silencing rate: 4.961785225864228e-10
Sigma: 4.117015146504594
Initial point 2. Random seed: 2082
Solving with ultrametric constraint
Optimal point found for initial point 2
Negative llh: 280.2055393613218
Dropout rate: 1e-10
Silencing rate: 1e-10
Sigma: 4.1170133089973335
Initial point 3. Random seed: 3769
Solving with ultrametric constraint
Optimal point found for initial point 3
Negative llh: 280.2055394215866
Dropout rate: 9.999999999999996e-11
Silencing rate: 1.0000000000000002e-10
Sigma: 4.117036110409775
Initial point 4. Random seed: 3132
Solving with ultrametric constraint
Optimal point found for initial point 4
Negative llh: 280.2055417269527
Dropout rate: 1.77133325928768e-10
Silencing rate: 1.3863763924981957e-10
Sigma: 4.117049831640173
Initial point 5. Random seed: 4810
Solving with ultrametric constraint
Optimal point found for initial point 5
Negative llh: 280.2055454944874
Dropout rate: 1.0109603431897274e-09
Silencing rate: 5.714255120262236e-10
Sigma: 4.117030836389793
Initial point 6. Random seed: 4245
Solving with ultrametric constraint
Fatal: failed to optimize using initial point 6
Initial point 7. Random seed: 4735
Solving with ultrametric constraint
Optimal point found for initial point 7
Negative llh: 280.20553912098137
Dropout rate: 4.5352904727515616e-10
Silencing rate: 2.7710726674229647e-10
Sigma: 4.117021331899437
Initial point 8. Random seed: 253
Solving with ultrametric constraint
Optimal point found for initial point 8
Negative llh: 280.205541763287
Dropout rate: 1.5752994809209739e-09
Silencing rate: 8.389681294637629e-10
Sigma: 4.117040635076588
Initial point 9. Random seed: 7708
Solving with ultrametric constraint
Optimal point found for initial point 9
Negative llh: 280.2055402256602
Dropout rate: 5.556011748495963e-10
Silencing rate: 3.2824124036345084e-10
Sigma: 4.117030966237145
Initial point 10. Random seed: 7304
Solving with ultrametric constraint
Optimal point found for initial point 10
Negative llh: 280.20554230974636
Dropout rate: 1.031464234494292e-09
Silencing rate: 5.66596172568876e-10
Sigma: 4.117023391147883
Runtime (s): 3112.88261888735
