Launching Problin version 0.5b
Problin was called as follow: /u/gh2161/Spatial-Division/problin/run_problin.py -c real_location_data/s5c3/k10_r5_character_matrix.csv -t real_location_data/s5c3/true_tree.nwk -S real_location_data/s5c3/leaf_locations.txt --delimiter comma -p real_location_data/s5c3/k10_priors.csv -o real_location_data/s5c3/k10_r5_spalin-divide-beta8.txt --nInitials 10 --ultrametric --randomreps 3 --divide --given_beta 8 --incl_beta_bound
Optimization by Spalin-Divide: Scipy-SLSQP using spatial information
Optimizing branch lengths, phi, and nu without topology search
Initial point 1. Random seed: 3528
Solving with ultrametric constraint
Optimal point found for initial point 1
Negative llh: 264.47344934343016
Dropout rate: 7.297445126891854e-10
Silencing rate: 2.6800374288801665e-10
Sigma: 4.061560462373708
Initial point 2. Random seed: 9472
Solving with ultrametric constraint
Optimal point found for initial point 2
Negative llh: 264.47344793704247
Dropout rate: 1.2903943479075725e-09
Silencing rate: 3.3769767574406506e-10
Sigma: 4.061536481470783
Initial point 3. Random seed: 1822
Solving with ultrametric constraint
Optimal point found for initial point 3
Negative llh: 264.47344504074147
Dropout rate: 1e-10
Silencing rate: 1e-10
Sigma: 4.06156363124828
Initial point 4. Random seed: 6223
Solving with ultrametric constraint
Fatal: failed to optimize using initial point 4
Initial point 5. Random seed: 637
Solving with ultrametric constraint
Fatal: failed to optimize using initial point 5
Initial point 6. Random seed: 8423
Solving with ultrametric constraint
Fatal: failed to optimize using initial point 6
Initial point 7. Random seed: 1448
Solving with ultrametric constraint
Optimal point found for initial point 7
Negative llh: 264.473450012339
Dropout rate: 1.654960192717486e-09
Silencing rate: 6.170628424532061e-10
Sigma: 4.061530937021741
Initial point 8. Random seed: 7530
Solving with ultrametric constraint
Optimal point found for initial point 8
Negative llh: 264.4734441141199
Dropout rate: 1.5916964804352144e-10
Silencing rate: 1.1967420939871626e-10
Sigma: 4.061586347823553
Initial point 9. Random seed: 9952
Solving with ultrametric constraint
Fatal: failed to optimize using initial point 9
Initial point 10. Random seed: 8201
Solving with ultrametric constraint
Fatal: failed to optimize using initial point 10
Runtime (s): 2886.0084713324904
