Launching Problin version 0.5b
Problin was called as follow: /u/gh2161/Spatial-Division/problin/run_problin.py -c real_location_data/s5c3/k10_r5_character_matrix.csv -t real_location_data/s5c3/true_tree.nwk -S real_location_data/s5c3/leaf_locations.txt --delimiter comma -p real_location_data/s5c3/k10_priors.csv -o real_location_data/s5c3/k10_r5_spalin-divide-beta05.txt --nInitials 10 --ultrametric --randomreps 3 --divide --radius 0.5
Optimization by Spalin-Divide: Scipy-SLSQP using spatial information
Optimizing branch lengths, phi, and nu without topology search
Initial point 1. Random seed: 9258
Solving with ultrametric constraint
Optimal point found for initial point 1
Negative llh: 317.3458649492716
Dropout rate: 1.0000000000000007e-10
Silencing rate: 1.0000000000000007e-10
Sigma: 1.6653750934882146
Initial point 2. Random seed: 1173
Solving with ultrametric constraint
Optimal point found for initial point 2
Negative llh: 317.34582342625635
Dropout rate: 1.772812345668535e-09
Silencing rate: 1.0019262148716934e-10
Sigma: 1.66551785504237
Initial point 3. Random seed: 7085
Solving with ultrametric constraint
Optimal point found for initial point 3
Negative llh: 317.345888721846
Dropout rate: 1e-10
Silencing rate: 1e-10
Sigma: 1.6652961487496305
Initial point 4. Random seed: 1064
Solving with ultrametric constraint
Optimal point found for initial point 4
Negative llh: 317.34589002970245
Dropout rate: 1e-10
Silencing rate: 1e-10
Sigma: 1.6650915007186493
Initial point 5. Random seed: 457
Solving with ultrametric constraint
Optimal point found for initial point 5
Negative llh: 317.345912449833
Dropout rate: 1.2456364245551432e-09
Silencing rate: 2.855408036507331e-10
Sigma: 1.6657920990853476
Initial point 6. Random seed: 9966
Solving with ultrametric constraint
Optimal point found for initial point 6
Negative llh: 317.34586095863557
Dropout rate: 1.7510627824142627e-10
Silencing rate: 1.000091082460976e-10
Sigma: 1.6652809137693108
Initial point 7. Random seed: 6850
Solving with ultrametric constraint
Optimal point found for initial point 7
Negative llh: 317.3459687948119
Dropout rate: 1.0000000000000007e-10
Silencing rate: 9.999999999999996e-11
Sigma: 1.665821650261782
Initial point 8. Random seed: 2264
Solving with ultrametric constraint
Optimal point found for initial point 8
Negative llh: 317.34590424136036
Dropout rate: 1.0000000000000002e-10
Silencing rate: 1e-10
Sigma: 1.6654637692755188
Initial point 9. Random seed: 4759
Solving with ultrametric constraint
Optimal point found for initial point 9
Negative llh: 317.3458106747755
Dropout rate: 1e-10
Silencing rate: 1e-10
Sigma: 1.665487144975481
Initial point 10. Random seed: 1226
Solving with ultrametric constraint
Optimal point found for initial point 10
Negative llh: 317.3460248566427
Dropout rate: 1.7250863404716122e-09
Silencing rate: 3.948304541592555e-10
Sigma: 1.6652271549420636
Runtime (s): 5118.265634463169
