Launching Problin version 0.5b
Problin was called as follow: /u/gh2161/Spatial-Division/problin/run_problin.py -c real_location_data/s5c3/k10_r5_character_matrix.csv -t real_location_data/s5c3/true_tree.nwk -S real_location_data/s5c3/leaf_locations.txt --delimiter comma -p real_location_data/s5c3/k10_priors.csv -o real_location_data/s5c3/k10_r5_spalin-divide-beta1.txt --nInitials 10 --ultrametric --randomreps 3 --divide --radius 1
Optimization by Spalin-Divide: Scipy-SLSQP using spatial information
Optimizing branch lengths, phi, and nu without topology search
Initial point 1. Random seed: 9680
Solving with ultrametric constraint
Optimal point found for initial point 1
Negative llh: 315.22247270377
Dropout rate: 1e-10
Silencing rate: 1e-10
Sigma: 1.6378904209777774
Initial point 2. Random seed: 9734
Solving with ultrametric constraint
Optimal point found for initial point 2
Negative llh: 315.2224810378848
Dropout rate: 1e-10
Silencing rate: 1e-10
Sigma: 1.637728477759904
Initial point 3. Random seed: 3013
Solving with ultrametric constraint
Optimal point found for initial point 3
Negative llh: 315.2223761447393
Dropout rate: 6.873262970693498e-10
Silencing rate: 1.0055463026632444e-10
Sigma: 1.6383372017872488
Initial point 4. Random seed: 6976
Solving with ultrametric constraint
Optimal point found for initial point 4
Negative llh: 315.2224361589173
Dropout rate: 1.5313944934656113e-09
Silencing rate: 1.0033708809588012e-10
Sigma: 1.6383422246812653
Initial point 5. Random seed: 5657
Solving with ultrametric constraint
Fatal: failed to optimize using initial point 5
Initial point 6. Random seed: 58
Solving with ultrametric constraint
Optimal point found for initial point 6
Negative llh: 315.2224418868867
Dropout rate: 1e-10
Silencing rate: 1e-10
Sigma: 1.637151783092816
Initial point 7. Random seed: 8165
Solving with ultrametric constraint
Fatal: failed to optimize using initial point 7
Initial point 8. Random seed: 7493
Solving with ultrametric constraint
Optimal point found for initial point 8
Negative llh: 315.2223878391878
Dropout rate: 1e-10
Silencing rate: 1e-10
Sigma: 1.6381956227017094
Initial point 9. Random seed: 9489
Solving with ultrametric constraint
Optimal point found for initial point 9
Negative llh: 315.2224566277887
Dropout rate: 1e-10
Silencing rate: 1e-10
Sigma: 1.6383660158013822
Initial point 10. Random seed: 1231
Solving with ultrametric constraint
Optimal point found for initial point 10
Negative llh: 315.2223753907987
Dropout rate: 1e-10
Silencing rate: 1e-10
Sigma: 1.6381707578477456
Runtime (s): 1821.5910301581025
