Launching Problin version 0.5b
Problin was called as follow: /u/gh2161/Spatial-Division/problin/run_problin.py -c real_location_data/s5c3/k10_r3_character_matrix.csv -t real_location_data/s5c3/true_tree.nwk -S real_location_data/s5c3/leaf_locations.txt --delimiter comma -p real_location_data/s5c3/k10_priors.csv -o real_location_data/s5c3/k10_r3_spalin-divide-ignore-beta.txt --nInitials 10 --ultrametric --randomreps 3 --divide
Optimization by Spalin-Divide: Scipy-SLSQP using spatial information
Optimizing branch lengths, phi, and nu without topology search
We need to optimize the radius
Initial point 1. Random seed: 9299
Solving with ultrametric constraint
Optimal point found for initial point 1
Negative llh: 275.4760336816522
Dropout rate: 1.0000000000000007e-10
Silencing rate: 1e-10
Sigma: 0.9206139160625934
Lambda: 0.006287244867187035
Initial point 2. Random seed: 3031
Solving with ultrametric constraint
Optimal point found for initial point 2
Negative llh: 275.47600305766514
Dropout rate: 1e-10
Silencing rate: 1e-10
Sigma: 0.920633195025651
Lambda: 0.006287305980825144
Initial point 3. Random seed: 4381
Solving with ultrametric constraint
Optimal point found for initial point 3
Negative llh: 275.47615371653484
Dropout rate: 1e-10
Silencing rate: 1e-10
Sigma: 0.9207467822451034
Lambda: 0.0062806592970910185
Initial point 4. Random seed: 5349
Solving with ultrametric constraint
Optimal point found for initial point 4
Negative llh: 275.47656478602426
Dropout rate: 1.0000000000000007e-10
Silencing rate: 1e-10
Sigma: 0.9206133358793404
Lambda: 0.006289128998904777
Initial point 5. Random seed: 7640
Solving with ultrametric constraint
Optimal point found for initial point 5
Negative llh: 275.476180614286
Dropout rate: 1e-10
Silencing rate: 1e-10
Sigma: 0.9207674119327653
Lambda: 0.00628137282308741
Initial point 6. Random seed: 4427
Solving with ultrametric constraint
Fatal: failed to optimize using initial point 6
Initial point 7. Random seed: 4888
Solving with ultrametric constraint
Optimal point found for initial point 7
Negative llh: 275.47571879979546
Dropout rate: 1e-10
Silencing rate: 1e-10
Sigma: 0.9207483115117844
Lambda: 0.00628291746982641
Initial point 8. Random seed: 4732
Solving with ultrametric constraint
Optimal point found for initial point 8
Negative llh: 275.47637603784574
Dropout rate: 5.131146295178795e-09
Silencing rate: 2.4037061452155255e-09
Sigma: 0.9206805736202247
Lambda: 0.00627734058376683
Initial point 9. Random seed: 1010
Solving with ultrametric constraint
Fatal: failed to optimize using initial point 9
Initial point 10. Random seed: 9779
Solving with ultrametric constraint
Optimal point found for initial point 10
Negative llh: 275.4757967117961
Dropout rate: 1.169317541851875e-09
Silencing rate: 5.907517212761558e-10
Sigma: 0.920567594561365
Lambda: 0.006281937357555841
{'lambda_param': 0.00628291746982641, 'phi': 1e-10, 'nu': 1e-10, 'sigma': 0.9207483115117844, 'locations': {'216_8': (247.0, 318.0), '216_7': (232.0, 336.0), '216_6': (264.0, 346.0), '216_5': (243.0, 354.0), '216_4': (272.0, 356.0), '216_3': (259.0, 361.0), '216_2': (248.0, 377.0), '216_1': (266.0, 383.0), '216_16': (266.0, 296.0), '216_15': (280.0, 305.0), '216_14': (296.0, 307.0), '216_13': (305.0, 333.0), '216_10': (289.0, 328.0), '216_9': (276.0, 344.0), '216_12': (282.0, 320.0), '216_33': (326.0, 299.0), '216_31': (318.0, 331.0), '216_29': (267.0, 334.0), '216_28': (288.0, 340.0), '216_23': (280.0, 383.0), '216_18': (332.0, 375.0), '216_17': (314.0, 375.0), '216_25': (323.0, 348.0), '216_24': (342.0, 360.0), '216_27': (313.0, 310.0), '216_26': (306.0, 323.0)}, 'radius': 11.217122285793954, 'thetas': {'210_13': 3.1415928268601085, '132_5': -0.17795366800444426, '206_18': 2.0647347668760716, '211_21': 6.84650181706865, '172_10': 4.169684323574549, '83_3': 1.9455469198458937, '190_18': 6.561483188699259, '149_13': 2.99460785214781, '90_5': 2.2821750921189117, '42_2': 1.5727107138425327, '190_5': 2.253116880548766, '145_5': 1.5378532719376545, '189_8': 7.520737915784701, '189_9': 0.571336950498062, '147_7': 0.6170253950114254, '91_2': 1.8207719982631523, '210_1': 0.32175317386376123, '211_3': 2.7744177030257324, '172_1': 1.9549404522709268, '212_5': 9.060798834252946, '213_7': 2.265534169294872, '177_3': 1.0240085578950755, '133_1': 1.0951368781562696, '48_1': 5.40255110128363, 'virtual': 6.401987664528325}}
Runtime (s): 3334.764762410894
