Launching Problin version 0.5b
Problin was called as follow: /u/gh2161/Spatial-Division/problin/run_problin.py -c real_location_data/s5c3/k10_r4_character_matrix.csv -t real_location_data/s5c3/true_tree.nwk -S real_location_data/s5c3/leaf_locations.txt --delimiter comma -p real_location_data/s5c3/k10_priors.csv -o real_location_data/s5c3/k10_r4_spalin-divide-beta6.txt --nInitials 10 --ultrametric --randomreps 3 --divide --given_beta 6 --incl_beta_bound
Optimization by Spalin-Divide: Scipy-SLSQP using spatial information
Optimizing branch lengths, phi, and nu without topology search
Initial point 1. Random seed: 9287
Solving with ultrametric constraint
Optimal point found for initial point 1
Negative llh: 289.698888199709
Dropout rate: 1.4478516092488148e-09
Silencing rate: 8.257796430915952e-10
Sigma: 3.998227383607347
Initial point 2. Random seed: 8898
Solving with ultrametric constraint
Optimal point found for initial point 2
Negative llh: 289.6988850335067
Dropout rate: 1e-10
Silencing rate: 1e-10
Sigma: 3.9981062109563106
Initial point 3. Random seed: 3018
Solving with ultrametric constraint
Optimal point found for initial point 3
Negative llh: 289.6988858038633
Dropout rate: 2.936697188219441e-10
Silencing rate: 2.0428677428580955e-10
Sigma: 3.998111979994929
Initial point 4. Random seed: 1543
Solving with ultrametric constraint
Optimal point found for initial point 4
Negative llh: 289.6988861065624
Dropout rate: 1.0000000000000007e-10
Silencing rate: 1.0000000000000007e-10
Sigma: 3.998121707211698
Initial point 5. Random seed: 8451
Solving with ultrametric constraint
Fatal: failed to optimize using initial point 5
Initial point 6. Random seed: 2161
Solving with ultrametric constraint
Fatal: failed to optimize using initial point 6
Initial point 7. Random seed: 5874
Solving with ultrametric constraint
Optimal point found for initial point 7
Negative llh: 289.69888556266636
Dropout rate: 1.2749657045000065e-09
Silencing rate: 7.326307846852644e-10
Sigma: 3.9981432653169406
Initial point 8. Random seed: 7326
Solving with ultrametric constraint
Optimal point found for initial point 8
Negative llh: 289.6988833479895
Dropout rate: 4.761491787762144e-10
Silencing rate: 3.025133645328548e-10
Sigma: 3.998090859738359
Initial point 9. Random seed: 1813
Solving with ultrametric constraint
Optimal point found for initial point 9
Negative llh: 289.69889737421977
Dropout rate: 5.708676363817304e-09
Silencing rate: 5.888754797936886e-09
Sigma: 3.998278233210212
Initial point 10. Random seed: 2130
Solving with ultrametric constraint
Optimal point found for initial point 10
Negative llh: 289.69888499362133
Dropout rate: 7.271739537304636e-10
Silencing rate: 4.377302175150663e-10
Sigma: 3.998128352932101
Runtime (s): 4916.362473410089
