Launching Problin version 0.5b
Problin was called as follow: /u/gh2161/Spatial-Division/problin/run_problin.py -c real_location_data/s5c3/k10_r1_character_matrix.csv -t real_location_data/s5c3/true_tree.nwk -S real_location_data/s5c3/leaf_locations.txt --delimiter comma -p real_location_data/s5c3/k10_priors.csv -o real_location_data/s5c3/k10_r1_spalin-divide-beta10.txt --nInitials 10 --ultrametric --randomreps 3 --divide --radius 10
Optimization by Spalin-Divide: Scipy-SLSQP using spatial information
Optimizing branch lengths, phi, and nu without topology search
Initial point 1. Random seed: 8980
Solving with ultrametric constraint
Optimal point found for initial point 1
Negative llh: 265.42548024723783
Dropout rate: 1.8625042106326216e-09
Silencing rate: 1.0014011807753949e-10
Sigma: 0.974197306807937
Initial point 2. Random seed: 2269
Solving with ultrametric constraint
Optimal point found for initial point 2
Negative llh: 265.42479957089176
Dropout rate: 2.6626134199993446e-09
Silencing rate: 1.0848844684737524e-09
Sigma: 0.9737093883728468
Initial point 3. Random seed: 6971
Solving with ultrametric constraint
Optimal point found for initial point 3
Negative llh: 265.42555646715965
Dropout rate: 1.0000000000000002e-10
Silencing rate: 1.1452597379943815e-10
Sigma: 0.9734012720743244
Initial point 4. Random seed: 5139
Solving with ultrametric constraint
Optimal point found for initial point 4
Negative llh: 265.42457818300693
Dropout rate: 1.0000000000000007e-10
Silencing rate: 1e-10
Sigma: 0.974044568174966
Initial point 5. Random seed: 2660
Solving with ultrametric constraint
Optimal point found for initial point 5
Negative llh: 265.424474800428
Dropout rate: 1e-10
Silencing rate: 1e-10
Sigma: 0.9740086095489687
Initial point 6. Random seed: 1093
Solving with ultrametric constraint
Optimal point found for initial point 6
Negative llh: 265.42455083081506
Dropout rate: 1.0000636873664923e-10
Silencing rate: 1.000032116531657e-10
Sigma: 0.9739605940137519
Initial point 7. Random seed: 4161
Solving with ultrametric constraint
Optimal point found for initial point 7
Negative llh: 265.4244752585178
Dropout rate: 2.901947409936155e-10
Silencing rate: 3.0305332653030396e-10
Sigma: 0.9740028673829668
Initial point 8. Random seed: 4703
Solving with ultrametric constraint
Optimal point found for initial point 8
Negative llh: 265.4254259153479
Dropout rate: 1e-10
Silencing rate: 1e-10
Sigma: 0.9738345429218207
Initial point 9. Random seed: 7756
Solving with ultrametric constraint
Optimal point found for initial point 9
Negative llh: 5163.375618439886
Dropout rate: 4.844940384633056e-05
Silencing rate: 1.861478899733154e-05
Sigma: 4.069642289024539
Initial point 10. Random seed: 1539
Solving with ultrametric constraint
Optimal point found for initial point 10
Negative llh: 265.42514407664163
Dropout rate: 1e-10
Silencing rate: 1e-10
Sigma: 0.9739924419000814
Runtime (s): 3523.885201798752
