Launching Problin version 0.5b
Problin was called as follow: /u/gh2161/Spatial-Division/problin/run_problin.py -c real_location_data/s5c3/k10_r4_character_matrix.csv -t real_location_data/s5c3/true_tree.nwk -S real_location_data/s5c3/leaf_locations.txt --delimiter comma -p real_location_data/s5c3/k10_priors.csv -o real_location_data/s5c3/k10_r4_spalin-spatialonly.txt --nInitials 10 --ultrametric --randomreps 3 --spatial_only
Optimization by Spalin: Scipy-SLSQP using spatial information
Optimizing branch lengths, phi, and nu without topology search
only spatial
Initial point 1. Random seed: 6325
Solving with ultrametric constraint
Optimal point found for initial point 1
Negative llh: 172.0797151194088
Dropout rate: 0.6239782972802029
Silencing rate: 0.292528460465592
Sigma: 3.039429232530458
Lambda: 1.0
Initial point 2. Random seed: 1635
Solving with ultrametric constraint
Optimal point found for initial point 2
Negative llh: 172.0797151194088
Dropout rate: 0.4091558987873875
Silencing rate: 0.7076881463596798
Sigma: 3.039429232530458
Lambda: 1.0
Initial point 3. Random seed: 4963
Solving with ultrametric constraint
Optimal point found for initial point 3
Negative llh: 172.0797151194088
Dropout rate: 0.7478148365586628
Silencing rate: 0.750127145486409
Sigma: 3.039429232530458
Lambda: 1.0
Initial point 4. Random seed: 6607
Solving with ultrametric constraint
Optimal point found for initial point 4
Negative llh: 172.0797151194088
Dropout rate: 0.026648060437044794
Silencing rate: 0.274760705388199
Sigma: 3.039429232530458
Lambda: 1.0
Initial point 5. Random seed: 6210
Solving with ultrametric constraint
Optimal point found for initial point 5
Negative llh: 172.0797151194088
Dropout rate: 0.8697406849149097
Silencing rate: 0.72294951163552
Sigma: 3.039429232530458
Lambda: 1.0
Initial point 6. Random seed: 7108
Solving with ultrametric constraint
Optimal point found for initial point 6
Negative llh: 172.0797151194088
Dropout rate: 0.5122388939090259
Silencing rate: 0.38872038383621804
Sigma: 3.039429232530458
Lambda: 1.0
Initial point 7. Random seed: 462
Solving with ultrametric constraint
Optimal point found for initial point 7
Negative llh: 172.0797151194088
Dropout rate: 0.5656564197068148
Silencing rate: 0.8520903387773161
Sigma: 3.039429232530458
Lambda: 1.0
Initial point 8. Random seed: 4212
Solving with ultrametric constraint
Optimal point found for initial point 8
Negative llh: 172.0797151194088
Dropout rate: 0.6317278898616385
Silencing rate: 0.616180567098144
Sigma: 3.039429232530458
Lambda: 1.0
Initial point 9. Random seed: 7907
Solving with ultrametric constraint
Optimal point found for initial point 9
Negative llh: 172.0797151194088
Dropout rate: 0.21058903974770243
Silencing rate: 0.8392905418710822
Sigma: 3.039429232530458
Lambda: 1.0
Initial point 10. Random seed: 5197
Solving with ultrametric constraint
Optimal point found for initial point 10
Negative llh: 172.0797151194088
Dropout rate: 0.45332120570542533
Silencing rate: 0.8251657140370244
Sigma: 3.039429232530458
Lambda: 1.0
{'lambda_param': 1.0, 'phi': 0.6239782972802029, 'nu': 0.292528460465592, 'sigma': 3.039429232530458, 'locations': {'216_8': (247.0, 318.0), '216_7': (232.0, 336.0), '216_6': (264.0, 346.0), '216_5': (243.0, 354.0), '216_4': (272.0, 356.0), '216_3': (259.0, 361.0), '216_2': (248.0, 377.0), '216_1': (266.0, 383.0), '216_16': (266.0, 296.0), '216_15': (280.0, 305.0), '216_14': (296.0, 307.0), '216_13': (305.0, 333.0), '216_10': (289.0, 328.0), '216_9': (276.0, 344.0), '216_12': (282.0, 320.0), '216_33': (326.0, 299.0), '216_31': (318.0, 331.0), '216_29': (267.0, 334.0), '216_28': (288.0, 340.0), '216_23': (280.0, 383.0), '216_18': (332.0, 375.0), '216_17': (314.0, 375.0), '216_25': (323.0, 348.0), '216_24': (342.0, 360.0), '216_27': (313.0, 310.0), '216_26': (306.0, 323.0)}}
Runtime (s): 348.7882593963295
