Launching Problin version 0.5b
Problin was called as follow: /u/gh2161/Spatial-Division/problin/run_problin.py -c real_location_data/s5c3/k10_r4_character_matrix.csv -t real_location_data/s5c3/true_tree.nwk -S real_location_data/s5c3/leaf_locations.txt --delimiter comma -p real_location_data/s5c3/k10_priors.csv -o real_location_data/s5c3/k10_r4_spalin-divide-beta3.txt --nInitials 10 --ultrametric --randomreps 3 --divide --radius 3
Optimization by Spalin-Divide: Scipy-SLSQP using spatial information
Optimizing branch lengths, phi, and nu without topology search
Initial point 1. Random seed: 122
Solving with ultrametric constraint
Optimal point found for initial point 1
Negative llh: 310.94334662983
Dropout rate: 1.0000000000000007e-10
Silencing rate: 1.0000000000000002e-10
Sigma: 1.3870269886938469
Initial point 2. Random seed: 1973
Solving with ultrametric constraint
Optimal point found for initial point 2
Negative llh: 310.9439180764568
Dropout rate: 9.578340649026686e-10
Silencing rate: 1.6777676047933817e-10
Sigma: 1.3864677416490396
Initial point 3. Random seed: 5985
Solving with ultrametric constraint
Optimal point found for initial point 3
Negative llh: 310.9432470177071
Dropout rate: 9.999999999999996e-11
Silencing rate: 1.0000000000000002e-10
Sigma: 1.3868665538775766
Initial point 4. Random seed: 7264
Solving with ultrametric constraint
Optimal point found for initial point 4
Negative llh: 310.94330388862323
Dropout rate: 1e-10
Silencing rate: 1e-10
Sigma: 1.3869629326238377
Initial point 5. Random seed: 4006
Solving with ultrametric constraint
Optimal point found for initial point 5
Negative llh: 310.9431649015934
Dropout rate: 3.0068872678924246e-09
Silencing rate: 9.686639053030003e-09
Sigma: 1.3869302988551209
Initial point 6. Random seed: 6537
Solving with ultrametric constraint
Optimal point found for initial point 6
Negative llh: 310.943549560669
Dropout rate: 9.999999999999996e-11
Silencing rate: 1e-10
Sigma: 1.3869090092815237
Initial point 7. Random seed: 8848
Solving with ultrametric constraint
Optimal point found for initial point 7
Negative llh: 310.9435082370736
Dropout rate: 1e-10
Silencing rate: 1e-10
Sigma: 1.387220419857019
Initial point 8. Random seed: 3738
Solving with ultrametric constraint
Optimal point found for initial point 8
Negative llh: 310.9431599652424
Dropout rate: 9.999999999999996e-11
Silencing rate: 1e-10
Sigma: 1.3869745573634122
Initial point 9. Random seed: 1096
Solving with ultrametric constraint
Optimal point found for initial point 9
Negative llh: 310.94338561011585
Dropout rate: 3.0094174512606867e-09
Silencing rate: 1.663268591032692e-09
Sigma: 1.387036990616758
Initial point 10. Random seed: 6818
Solving with ultrametric constraint
Optimal point found for initial point 10
Negative llh: 310.9436056567654
Dropout rate: 2.0320196273040827e-09
Silencing rate: 7.51962322819049e-10
Sigma: 1.3868733616215994
Runtime (s): 3482.228358146269
