Launching Problin version 0.5b
Problin was called as follow: /u/gh2161/Spatial-Division/problin/run_problin.py -c real_location_data/s5c3/k10_r2_character_matrix.csv -t real_location_data/s5c3/true_tree.nwk -S real_location_data/s5c3/leaf_locations.txt --delimiter comma -p real_location_data/s5c3/k10_priors.csv -o real_location_data/s5c3/k10_r2_spalin-divide-beta5_10_range.txt --nInitials 10 --ultrametric --randomreps 3 --divide --given_lower_beta 5 --given_upper_beta 10 --incl_beta_bound
Optimization by Spalin-Divide: Scipy-SLSQP using spatial information
{'sigma': 22, 'nu': 1e-10, 'phi': 1e-10, 'lower_beta': 5.0, 'upper_beta': 10.0, 'incl_beta_bound': True, 'displacement_amounts': {}}
Optimizing branch lengths, phi, and nu without topology search
Initial point 1. Random seed: 4095
Solving with ultrametric constraint
Optimal point found for initial point 1
Negative llh: 300.4033594136809
Dropout rate: 1.2151461590186189e-07
Silencing rate: 5.811965782352762e-08
Sigma: 4.724166944575651
Initial point 2. Random seed: 3614
Solving with ultrametric constraint
Optimal point found for initial point 2
Negative llh: 300.35673169471187
Dropout rate: 1.5695376497169863e-08
Silencing rate: 8.008804638730498e-09
Sigma: 4.700030280294014
Initial point 3. Random seed: 7815
Solving with ultrametric constraint
Optimal point found for initial point 3
Negative llh: 300.38537927761104
Dropout rate: 2.8933829849419586e-08
Silencing rate: 1.4492078636402952e-08
Sigma: 4.703566294060792
Initial point 4. Random seed: 4777
Solving with ultrametric constraint
Optimal point found for initial point 4
Negative llh: 295.4607625549895
Dropout rate: 8.096166081078934e-08
Silencing rate: 4.470269473755322e-08
Sigma: 4.490706103124324
Initial point 5. Random seed: 9174
Solving with ultrametric constraint
Optimal point found for initial point 5
Negative llh: 301.08840672202507
Dropout rate: 6.037581421465906e-08
Silencing rate: 1.7469861179808774e-09
Sigma: 4.509662646485095
Initial point 6. Random seed: 2935
Solving with ultrametric constraint
Optimal point found for initial point 6
Negative llh: 288.82944170173477
Dropout rate: 1.0000000000000751e-10
Silencing rate: 1.0000000000000751e-10
Sigma: 4.376413407625335
Initial point 7. Random seed: 1430
Solving with ultrametric constraint
Optimal point found for initial point 7
Negative llh: 300.3660825668817
Dropout rate: 5.692040885191221e-10
Silencing rate: 3.194287672026548e-10
Sigma: 4.696519777052849
Initial point 8. Random seed: 2105
Solving with ultrametric constraint
Optimal point found for initial point 8
Negative llh: 300.38418955387425
Dropout rate: 2.1414647758634617e-08
Silencing rate: 1.0938751771073386e-08
Sigma: 4.702180199676705
Initial point 9. Random seed: 5398
Solving with ultrametric constraint
Optimal point found for initial point 9
Negative llh: 300.3910236559195
Dropout rate: 1.0001504148782625e-10
Silencing rate: 1.0000832989672307e-10
Sigma: 4.7038206948681545
Initial point 10. Random seed: 4668
Solving with ultrametric constraint
Optimal point found for initial point 10
Negative llh: 301.5322597880128
Dropout rate: 1.872858869059209e-07
Silencing rate: 4.024713742754951e-08
Sigma: 4.527164042142148
Runtime (s): 1824.1990936398506
