Launching Problin version 0.5b
Problin was called as follow: /u/gh2161/Spatial-Division/problin/run_problin.py -c real_location_data/s5c3/k10_r1_character_matrix.csv -t real_location_data/s5c3/true_tree.nwk -S real_location_data/s5c3/leaf_locations.txt --delimiter comma -p real_location_data/s5c3/k10_priors.csv -o real_location_data/s5c3/k10_r1_spalin-divide-beta1.txt --nInitials 10 --ultrametric --randomreps 3 --divide --radius 1
Optimization by Spalin-Divide: Scipy-SLSQP using spatial information
Optimizing branch lengths, phi, and nu without topology search
Initial point 1. Random seed: 312
Solving with ultrametric constraint
Optimal point found for initial point 1
Negative llh: 328.703588854897
Dropout rate: 4.68686681652162e-09
Silencing rate: 1.1389005859430795e-10
Sigma: 1.4920984481085837
Initial point 2. Random seed: 9544
Solving with ultrametric constraint
Optimal point found for initial point 2
Negative llh: 324.50883443097234
Dropout rate: 5.942424413768329e-10
Silencing rate: 3.8518413558330173e-10
Sigma: 1.5051941200724654
Initial point 3. Random seed: 6016
Solving with ultrametric constraint
Fatal: failed to optimize using initial point 3
Initial point 4. Random seed: 1668
Solving with ultrametric constraint
Optimal point found for initial point 4
Negative llh: 324.5083729806724
Dropout rate: 1.000005427599071e-10
Silencing rate: 1.0000028783374032e-10
Sigma: 1.5051035945487505
Initial point 5. Random seed: 2011
Solving with ultrametric constraint
Fatal: failed to optimize using initial point 5
Initial point 6. Random seed: 5479
Solving with ultrametric constraint
Optimal point found for initial point 6
Negative llh: 324.5083747957999
Dropout rate: 1.1730357302576497e-09
Silencing rate: 6.615997999614974e-10
Sigma: 1.5051531949615693
Initial point 7. Random seed: 1596
Solving with ultrametric constraint
Optimal point found for initial point 7
Negative llh: 324.5084789033491
Dropout rate: 2.93424368716143e-09
Silencing rate: 1.7358308101823483e-09
Sigma: 1.5051082405680745
Initial point 8. Random seed: 146
Solving with ultrametric constraint
Fatal: failed to optimize using initial point 8
Initial point 9. Random seed: 6387
Solving with ultrametric constraint
Optimal point found for initial point 9
Negative llh: 324.5083798180472
Dropout rate: 1e-10
Silencing rate: 1e-10
Sigma: 1.5050082373931473
Initial point 10. Random seed: 3015
Solving with ultrametric constraint
Optimal point found for initial point 10
Negative llh: 324.5085812724519
Dropout rate: 1e-10
Silencing rate: 1e-10
Sigma: 1.5050471315732659
Runtime (s): 2216.093088435009
