Launching Problin version 0.5b
Problin was called as follow: /u/gh2161/Spatial-Division/problin/run_problin.py -c real_location_data/s5c3/k10_r5_character_matrix.csv -t real_location_data/s5c3/true_tree.nwk -S real_location_data/s5c3/leaf_locations.txt --delimiter comma -p real_location_data/s5c3/k10_priors.csv -o real_location_data/s5c3/k10_r5_spalin-divide-beta6.txt --nInitials 10 --ultrametric --randomreps 3 --divide --given_beta 6 --incl_beta_bound
Optimization by Spalin-Divide: Scipy-SLSQP using spatial information
Optimizing branch lengths, phi, and nu without topology search
Initial point 1. Random seed: 1394
Solving with ultrametric constraint
Optimal point found for initial point 1
Negative llh: 282.76611432691584
Dropout rate: 3.496947708796983e-10
Silencing rate: 1.7623781454038654e-10
Sigma: 4.734018995951433
Initial point 2. Random seed: 1030
Solving with ultrametric constraint
Fatal: failed to optimize using initial point 2
Initial point 3. Random seed: 2962
Solving with ultrametric constraint
Optimal point found for initial point 3
Negative llh: 282.7661268340331
Dropout rate: 4.23919875177448e-09
Silencing rate: 1.414038440597082e-09
Sigma: 4.733979004733832
Initial point 4. Random seed: 2785
Solving with ultrametric constraint
Optimal point found for initial point 4
Negative llh: 282.7661161180083
Dropout rate: 4.109256561996685e-10
Silencing rate: 1.9871753999648796e-10
Sigma: 4.733966028434415
Initial point 5. Random seed: 4571
Solving with ultrametric constraint
Fatal: failed to optimize using initial point 5
Initial point 6. Random seed: 4132
Solving with ultrametric constraint
Optimal point found for initial point 6
Negative llh: 282.7661148481192
Dropout rate: 9.446520340250445e-10
Silencing rate: 3.6811489706304984e-10
Sigma: 4.734031307228087
Initial point 7. Random seed: 1391
Solving with ultrametric constraint
Optimal point found for initial point 7
Negative llh: 282.766114269758
Dropout rate: 1.605438733587065e-10
Silencing rate: 1.192215430397145e-10
Sigma: 4.734021675979252
Initial point 8. Random seed: 3076
Solving with ultrametric constraint
Optimal point found for initial point 8
Negative llh: 282.7661159987674
Dropout rate: 1.0000000000000002e-10
Silencing rate: 1.0000000000000002e-10
Sigma: 4.7341257821437726
Initial point 9. Random seed: 2103
Solving with ultrametric constraint
Optimal point found for initial point 9
Negative llh: 282.76611926896464
Dropout rate: 1.4727113701873898e-09
Silencing rate: 5.358783483525891e-10
Sigma: 4.733905301412374
Initial point 10. Random seed: 2966
Solving with ultrametric constraint
Optimal point found for initial point 10
Negative llh: 282.76611214355694
Dropout rate: 9.22729423219523e-10
Silencing rate: 3.6119593782470117e-10
Sigma: 4.73401122150507
Runtime (s): 5555.044677445898
