Launching Problin version 0.5b
Problin was called as follow: /u/gh2161/Spatial-Division/problin/run_problin.py -c real_location_data/s5c3/k10_r2_character_matrix.csv -t real_location_data/s5c3/true_tree.nwk -S real_location_data/s5c3/leaf_locations.txt --delimiter comma -p real_location_data/s5c3/k10_priors.csv -o real_location_data/s5c3/k10_r2_spalin.txt --nInitials 10 --ultrametric --randomreps 3
Optimization by Spalin: Scipy-SLSQP using spatial information
Optimizing branch lengths, phi, and nu without topology search
Initial point 1. Random seed: 8140
Solving with ultrametric constraint
Optimal point found for initial point 1
Negative llh: 272.51135991715444
Dropout rate: 1e-10
Silencing rate: 1e-10
Sigma: 2.5750861360951514
Lambda: 0.007562907638598785
Initial point 2. Random seed: 3856
Solving with ultrametric constraint
Optimal point found for initial point 2
Negative llh: 272.5115421800607
Dropout rate: 1.0000812460736477e-10
Silencing rate: 1.0000411589950048e-10
Sigma: 2.572872465678367
Lambda: 0.0075667328640041985
Initial point 3. Random seed: 5185
Solving with ultrametric constraint
Optimal point found for initial point 3
Negative llh: 300180.5373607765
Dropout rate: 1.191932510694728e-05
Silencing rate: 0.11705157881373682
Sigma: 11.849334823445428
Lambda: 91.10347938243258
Initial point 4. Random seed: 9885
Solving with ultrametric constraint
Optimal point found for initial point 4
Negative llh: 272.51350015642726
Dropout rate: 1e-10
Silencing rate: 1e-10
Sigma: 2.57511550438591
Lambda: 0.007563010548195332
Initial point 5. Random seed: 1205
Solving with ultrametric constraint
Optimal point found for initial point 5
Negative llh: 272.511424851303
Dropout rate: 1.0049832212161697e-10
Silencing rate: 8.085065338057344e-10
Sigma: 2.5742309503147376
Lambda: 0.007562196372417959
Initial point 6. Random seed: 4732
Solving with ultrametric constraint
Optimal point found for initial point 6
Negative llh: 272.5115434331077
Dropout rate: 1e-10
Silencing rate: 1e-10
Sigma: 2.5744699205416617
Lambda: 0.0075634680726156004
Initial point 7. Random seed: 4471
Solving with ultrametric constraint
Optimal point found for initial point 7
Negative llh: 272.51131235582807
Dropout rate: 1e-10
Silencing rate: 1e-10
Sigma: 2.574503317651469
Lambda: 0.007562542069001778
Initial point 8. Random seed: 9127
Solving with ultrametric constraint
Optimal point found for initial point 8
Negative llh: 272.51292773347086
Dropout rate: 1.2805918586908478e-08
Silencing rate: 6.7133281847114365e-09
Sigma: 2.576028596313626
Lambda: 0.007576109767144194
Initial point 9. Random seed: 2449
Solving with ultrametric constraint
Optimal point found for initial point 9
Negative llh: 272.511557359712
Dropout rate: 1.0000000000000002e-10
Silencing rate: 1.0000000000000007e-10
Sigma: 2.5754028114023204
Lambda: 0.007560577835454565
Initial point 10. Random seed: 7426
Solving with ultrametric constraint
Optimal point found for initial point 10
Negative llh: 272.51154389472305
Dropout rate: 1.2340283042614286e-09
Silencing rate: 7.305552560131722e-10
Sigma: 2.5744505647605322
Lambda: 0.0075759655064813495
{'lambda_param': 0.007562542069001778, 'phi': 1e-10, 'nu': 1e-10, 'sigma': 2.574503317651469, 'locations': {'216_8': (247.0, 318.0), '216_7': (232.0, 336.0), '216_6': (264.0, 346.0), '216_5': (243.0, 354.0), '216_4': (272.0, 356.0), '216_3': (259.0, 361.0), '216_2': (248.0, 377.0), '216_1': (266.0, 383.0), '216_16': (266.0, 296.0), '216_15': (280.0, 305.0), '216_14': (296.0, 307.0), '216_13': (305.0, 333.0), '216_10': (289.0, 328.0), '216_9': (276.0, 344.0), '216_12': (282.0, 320.0), '216_33': (326.0, 299.0), '216_31': (318.0, 331.0), '216_29': (267.0, 334.0), '216_28': (288.0, 340.0), '216_23': (280.0, 383.0), '216_18': (332.0, 375.0), '216_17': (314.0, 375.0), '216_25': (323.0, 348.0), '216_24': (342.0, 360.0), '216_27': (313.0, 310.0), '216_26': (306.0, 323.0)}}
Runtime (s): 786.0501437913626
