Launching Problin version 0.5b
Problin was called as follow: /u/gh2161/Spatial-Division/problin/run_problin.py -c intmem_real_data/s5c12/characters.txt -t intmem_real_data/s5c12/true_tree.nwk --delimiter comma -p intmem_real_data/s5c12/prior.csv -o intmem_real_data/s5c12/problin.txt --nInitials 10 --ultrametric --randomreps 3 --solver Scipy
Optimization by generic solver (Scipy-SLSQP)
Optimizing branch lengths, phi, and nu without topology search
Initial point 1. Random seed: 2180
Solving with ultrametric constraint
Optimal point found for initial point 1
Negative llh: 98.28034370561777
Dropout rate: 1e-10
Silencing rate: 1e-10
Lambda: 0.004329589142103926
Initial point 2. Random seed: 7915
Solving with ultrametric constraint
Optimal point found for initial point 2
Negative llh: 98.28064502590539
Dropout rate: 1e-10
Silencing rate: 1e-10
Lambda: 0.004323242799715927
Initial point 3. Random seed: 2141
Solving with ultrametric constraint
Optimal point found for initial point 3
Negative llh: 98.28069739149659
Dropout rate: 1e-10
Silencing rate: 1e-10
Lambda: 0.004328069752671242
Initial point 4. Random seed: 3234
Solving with ultrametric constraint
Optimal point found for initial point 4
Negative llh: 98.28184348661935
Dropout rate: 4.675801126130996e-10
Silencing rate: 2.572540102544209e-10
Lambda: 0.004329561128419801
Initial point 5. Random seed: 4900
Solving with ultrametric constraint
Optimal point found for initial point 5
Negative llh: 98.28035301335943
Dropout rate: 1e-10
Silencing rate: 1e-10
Lambda: 0.004329826721832817
Initial point 6. Random seed: 2193
Solving with ultrametric constraint
Optimal point found for initial point 6
Negative llh: 98.28034830171359
Dropout rate: 1e-10
Silencing rate: 1e-10
Lambda: 0.004329947329053548
Initial point 7. Random seed: 2594
Solving with ultrametric constraint
Optimal point found for initial point 7
Negative llh: 98.28135698365125
Dropout rate: 2.2672769277429403e-09
Silencing rate: 7.089215625043544e-10
Lambda: 0.004331035876299783
Initial point 8. Random seed: 769
Solving with ultrametric constraint
Optimal point found for initial point 8
Negative llh: 98.28094444795086
Dropout rate: 1e-10
Silencing rate: 1e-10
Lambda: 0.004322654754092378
Initial point 9. Random seed: 3686
Solving with ultrametric constraint
Optimal point found for initial point 9
Negative llh: 98.28168338921886
Dropout rate: 1e-10
Silencing rate: 1e-10
Lambda: 0.004331408702598446
Initial point 10. Random seed: 875
Solving with ultrametric constraint
Optimal point found for initial point 10
Negative llh: 98.2812722117695
Dropout rate: 1.0000131753222695e-10
Silencing rate: 1.0000033258532359e-10
Lambda: 0.0043281613770025824
{'phi': 1e-10, 'nu': 1e-10, 'lambda_param': 0.004329589142103926}
Runtime (s): 271.55027389898896
