Launching Problin version 0.5b
Problin was called as follow: /u/gh2161/Spatial-Division/problin/run_problin.py -c intmem_real_data/s15c1/characters.txt -t intmem_real_data/s15c1/true_tree.nwk -S intmem_real_data/s15c1/leaf_locations.txt --delimiter comma -p intmem_real_data/s15c1/prior.csv -o intmem_real_data/s15c1/spalin-divide-beta5.txt --nInitials 10 --ultrametric --randomreps 3 --divide --radius 5
Optimization by Spalin-Divide: Scipy-SLSQP using spatial information
Optimizing branch lengths, phi, and nu without topology search
Initial point 1. Random seed: 8593
Solving with ultrametric constraint
Optimal point found for initial point 1
Negative llh: 194.77443360763107
Dropout rate: 5.509432505820742e-10
Silencing rate: 1.6483344509813147e-10
Sigma: 1.278274759138025
Lambda: 0.004826498576045489
Initial point 2. Random seed: 8453
Solving with ultrametric constraint
Optimal point found for initial point 2
Negative llh: 195.07959851476443
Dropout rate: 1.3761549258476483e-09
Silencing rate: 8.993239523031401e-10
Sigma: 1.2914477933130735
Lambda: 0.005578972797812085
Initial point 3. Random seed: 8994
Solving with ultrametric constraint
Optimal point found for initial point 3
Negative llh: 194.77350102707692
Dropout rate: 4.491042115094978e-10
Silencing rate: 3.063858375478452e-09
Sigma: 1.2785257347929841
Lambda: 0.0048320883188190285
Initial point 4. Random seed: 7143
Solving with ultrametric constraint
Optimal point found for initial point 4
Negative llh: 194.77351040138618
Dropout rate: 1.0658412878914065e-09
Silencing rate: 7.449086746181776e-10
Sigma: 1.2785597612719444
Lambda: 0.004832360470962718
Initial point 5. Random seed: 9976
Solving with ultrametric constraint
Optimal point found for initial point 5
Negative llh: 194.7735009461563
Dropout rate: 1e-10
Silencing rate: 1e-10
Sigma: 1.2785241180492857
Lambda: 0.004831830473530369
Initial point 6. Random seed: 3802
Solving with ultrametric constraint
Optimal point found for initial point 6
Negative llh: 194.77350097104062
Dropout rate: 7.194478906258279e-10
Silencing rate: 4.762076670470966e-10
Sigma: 1.2785188213295102
Lambda: 0.004831915040800621
Initial point 7. Random seed: 5203
Solving with ultrametric constraint
Optimal point found for initial point 7
Negative llh: 194.77350101709746
Dropout rate: 1.2768972545524952e-10
Silencing rate: 1.1170960740804913e-10
Sigma: 1.2785443287279996
Lambda: 0.004832206893180739
Initial point 8. Random seed: 5782
Solving with ultrametric constraint
Optimal point found for initial point 8
Negative llh: 194.77441856717837
Dropout rate: 1e-10
Silencing rate: 1e-10
Sigma: 1.278119878311685
Lambda: 0.004835195684485857
Initial point 9. Random seed: 6520
Solving with ultrametric constraint
Optimal point found for initial point 9
Negative llh: 194.77350100104576
Dropout rate: 1e-10
Silencing rate: 1e-10
Sigma: 1.2785693542822893
Lambda: 0.0048322059883169075
Initial point 10. Random seed: 4056
Solving with ultrametric constraint
Optimal point found for initial point 10
Negative llh: 194.77350109641924
Dropout rate: 1e-10
Silencing rate: 1e-10
Sigma: 1.278536205955234
Lambda: 0.004831646259591741
{'lambda_param': 0.004831830473530369, 'phi': 1e-10, 'nu': 1e-10, 'sigma': 1.2785241180492857, 'locations': {'216_14': (102.0, 432.0), '216_13': (105.0, 462.0), '216_10': (78.0, 418.0), '216_9': (66.0, 431.0), '216_12': (94.0, 351.0), '216_11': (95.0, 372.0), '216_2': (97.0, 442.0), '216_4': (110.0, 394.0), '216_3': (91.0, 403.0), '216_6': (28.0, 405.0), '216_5': (40.0, 415.0), '216_8': (63.0, 383.0), '216_7': (51.0, 398.0)}, 'radius': 5.0, 'thetas': {'176_4': 8.528829336430787, '179_3': 0.6945959532908363, '122_2': 5.5799300798551466, '185_2': 2.699469998150065, '127_1': 4.842065242855273, '70_1': 3.475594418132878, '187_9': 1.5232094319241212, '192_8': -22.816230305573818, '135_5': 5.100858279390112, '190_11': 1.471151338127283, '81_3': 4.257905849327363, '24_1': 3.65062166525559}}
Runtime (s): 649.8777110725641
