Launching Problin version 0.5b
Problin was called as follow: run_problin.py -c spalin_simulations_with_sep/s15c6/k10_character_matrix.csv -t spalin_simulations_with_sep/s15c6/true_tree.nwk --delimiter comma -p spalin_simulations_with_sep/s15c6/k10_priors.csv -o spalin_simulations_with_sep/s15c6/k10_problin --nInitials 10 --ultrametric
Optimization by EM algorithm
Optimizing branch lengths, phi, and nu without topology search
Initial point 1. Random seed: 3603
Solving with ultrametric constraint
Initial phi: 0.40807804702699746. Initial nu: 0.9146762956770206. Initial nllh: 9156.615183355794
EM finished after 20 iterations.
Optimal point found for initial point 1
Negative llh: 41.24829369973768
Dropout rate: 0
Silencing rate: 5.491881265206438e-07
Initial point 2. Random seed: 5660
Solving with ultrametric constraint
Initial phi: 0.5638717511167247. Initial nu: 0.16469182485867667. Initial nllh: 151.98936210899325
EM finished after 12 iterations.
Optimal point found for initial point 2
Negative llh: 41.2482945088858
Dropout rate: 0
Silencing rate: 5.384543615224147e-07
Initial point 3. Random seed: 6403
Solving with ultrametric constraint
Initial phi: 0.6870574096028232. Initial nu: 0.4722128716579725. Initial nllh: 212.66145866961185
EM finished after 20 iterations.
Optimal point found for initial point 3
Negative llh: 41.248291187330494
Dropout rate: 0
Silencing rate: 5.13544287388967e-07
Initial point 4. Random seed: 6991
Solving with ultrametric constraint
Initial phi: 0.027641031495994128. Initial nu: 0.3815488741738162. Initial nllh: 70.47357922115485
EM finished after 16 iterations.
Optimal point found for initial point 4
Negative llh: 41.2482985234307
Dropout rate: 0
Silencing rate: 6.177352706271454e-07
Initial point 5. Random seed: 8644
Solving with ultrametric constraint
Initial phi: 0.6851049009550143. Initial nu: 0.4250452777541714. Initial nllh: 208.7194092459228
EM finished after 19 iterations.
Optimal point found for initial point 5
Negative llh: 41.248297242029196
Dropout rate: 0
Silencing rate: 6.027282295006215e-07
Initial point 6. Random seed: 9466
Solving with ultrametric constraint
Initial phi: 0.13293658679164855. Initial nu: 0.03078554225371855. Initial nllh: 60.452098110150175
EM finished after 9 iterations.
Optimal point found for initial point 6
Negative llh: 41.24829206516888
Dropout rate: 0
Silencing rate: 5.161412785304509e-07
Initial point 7. Random seed: 9509
Solving with ultrametric constraint
Initial phi: 0.17841369634536045. Initial nu: 0.713390160509644. Initial nllh: 113.1824503544479
EM finished after 18 iterations.
Optimal point found for initial point 7
Negative llh: 41.248291106406434
Dropout rate: 0
Silencing rate: 5.106089645844818e-07
Initial point 8. Random seed: 3776
Solving with ultrametric constraint
Initial phi: 0.9064130578287947. Initial nu: 0.26358287992349183. Initial nllh: 343.3776091348501
EM finished after 20 iterations.
Optimal point found for initial point 8
Negative llh: 41.24829093961052
Dropout rate: 0
Silencing rate: 5.1017013408737e-07
Initial point 9. Random seed: 1103
Solving with ultrametric constraint
Initial phi: 0.42668318230010344. Initial nu: 0.3489273250789725. Initial nllh: 131.65690452848705
EM finished after 18 iterations.
Optimal point found for initial point 9
Negative llh: 41.24829102397992
Dropout rate: 0
Silencing rate: 5.105182645328153e-07
Initial point 10. Random seed: 3458
Solving with ultrametric constraint
Initial phi: 0.03566204325352779. Initial nu: 0.9662650419905813. Initial nllh: 111.09972166395234
EM finished after 17 iterations.
Optimal point found for initial point 10
Negative llh: 41.24829770875962
Dropout rate: 0
Silencing rate: 6.0408939903586e-07
Runtime (s): 12.225309978006408
