Launching Problin version 0.5b
Problin was called as follow: /u/gh2161/Spatial-Division/problin/run_problin.py -c real_location_data/s2c9/k10_r5_character_matrix.csv -t real_location_data/s2c9/true_tree.nwk -S real_location_data/s2c9/leaf_locations.txt --delimiter comma -p real_location_data/s2c9/k10_priors.csv -o real_location_data/s2c9/k10_r5_spalin-divide-beta9.txt --nInitials 10 --ultrametric --randomreps 3 --divide --given_beta 9 --incl_beta_bound
Optimization by Spalin-Divide: Scipy-SLSQP using spatial information
Optimizing branch lengths, phi, and nu without topology search
Initial point 1. Random seed: 6292
Solving with ultrametric constraint
Optimal point found for initial point 1
Negative llh: 119.18438279548329
Dropout rate: 1.0000000000000002e-10
Silencing rate: 1e-10
Sigma: 3.5951392859650797
Initial point 2. Random seed: 2154
Solving with ultrametric constraint
Optimal point found for initial point 2
Negative llh: 119.18438203265441
Dropout rate: 3.144474115973933e-10
Silencing rate: 3.0531088589410156e-10
Sigma: 3.5950895085869576
Initial point 3. Random seed: 7019
Solving with ultrametric constraint
Optimal point found for initial point 3
Negative llh: 119.18438204842494
Dropout rate: 4.3139054112553615e-10
Silencing rate: 2.0803145442597773e-10
Sigma: 3.595077570402304
Initial point 4. Random seed: 1272
Solving with ultrametric constraint
Optimal point found for initial point 4
Negative llh: 119.18438194130911
Dropout rate: 1e-10
Silencing rate: 1e-10
Sigma: 3.595084027253138
Initial point 5. Random seed: 7906
Solving with ultrametric constraint
Optimal point found for initial point 5
Negative llh: 119.18438197534357
Dropout rate: 9.999999999999996e-11
Silencing rate: 1.0000000000000002e-10
Sigma: 3.5950779300862052
Initial point 6. Random seed: 4618
Solving with ultrametric constraint
Optimal point found for initial point 6
Negative llh: 119.18438249453553
Dropout rate: 1e-10
Silencing rate: 1e-10
Sigma: 3.5951013024188385
Initial point 7. Random seed: 3623
Solving with ultrametric constraint
Optimal point found for initial point 7
Negative llh: 119.18438195086236
Dropout rate: 1e-10
Silencing rate: 1e-10
Sigma: 3.595066038011527
Initial point 8. Random seed: 9151
Solving with ultrametric constraint
Optimal point found for initial point 8
Negative llh: 119.1843818955494
Dropout rate: 1e-10
Silencing rate: 1e-10
Sigma: 3.5950778913623123
Initial point 9. Random seed: 8351
Solving with ultrametric constraint
Optimal point found for initial point 9
Negative llh: 119.1843820776646
Dropout rate: 2.0388228489960733e-10
Silencing rate: 1.3450329050499904e-10
Sigma: 3.595051764286567
Initial point 10. Random seed: 6483
Solving with ultrametric constraint
Optimal point found for initial point 10
Negative llh: 119.18438232103404
Dropout rate: 1e-10
Silencing rate: 1e-10
Sigma: 3.5952885794284306
Runtime (s): 476.84408113360405
