Launching Problin version 0.5b
Problin was called as follow: /u/gh2161/Spatial-Division/problin/run_problin.py -c real_location_data/s2c9/k10_r5_character_matrix.csv -t real_location_data/s2c9/true_tree.nwk -S real_location_data/s2c9/leaf_locations.txt --delimiter comma -p real_location_data/s2c9/k10_priors.csv -o real_location_data/s2c9/k10_r5_spalin-divide-beta3.txt --nInitials 10 --ultrametric --randomreps 3 --divide --radius 3
Optimization by Spalin-Divide: Scipy-SLSQP using spatial information
Optimizing branch lengths, phi, and nu without topology search
Initial point 1. Random seed: 8047
Solving with ultrametric constraint
Optimal point found for initial point 1
Negative llh: 139.70879917404812
Dropout rate: 1.207522262218532e-10
Silencing rate: 1.0586084841007637e-10
Sigma: 1.4117716859032778
Initial point 2. Random seed: 5066
Solving with ultrametric constraint
Optimal point found for initial point 2
Negative llh: 139.7088809482102
Dropout rate: 4.379227998513664e-10
Silencing rate: 2.9648918061117294e-10
Sigma: 1.4117276729371164
Initial point 3. Random seed: 4890
Solving with ultrametric constraint
Optimal point found for initial point 3
Negative llh: 139.70919321430577
Dropout rate: 1.7210022167972068e-09
Silencing rate: 8.405343801784168e-10
Sigma: 1.4116548301278922
Initial point 4. Random seed: 2736
Solving with ultrametric constraint
Optimal point found for initial point 4
Negative llh: 139.7088099869149
Dropout rate: 1.0000000000000007e-10
Silencing rate: 1e-10
Sigma: 1.412000295329926
Initial point 5. Random seed: 7091
Solving with ultrametric constraint
Optimal point found for initial point 5
Negative llh: 139.70880583859343
Dropout rate: 3.1877005033904147e-10
Silencing rate: 2.1137137905292246e-10
Sigma: 1.4118361587466797
Initial point 6. Random seed: 8637
Solving with ultrametric constraint
Optimal point found for initial point 6
Negative llh: 139.7087993705934
Dropout rate: 1e-10
Silencing rate: 1e-10
Sigma: 1.4117741672812265
Initial point 7. Random seed: 3692
Solving with ultrametric constraint
Optimal point found for initial point 7
Negative llh: 153.42605232812548
Dropout rate: 1.0000000000000007e-10
Silencing rate: 9.999999999999996e-11
Sigma: 1.2213643288427722
Initial point 8. Random seed: 255
Solving with ultrametric constraint
Optimal point found for initial point 8
Negative llh: 139.70879933820464
Dropout rate: 1.2504299576949554e-09
Silencing rate: 4.959483898936546e-10
Sigma: 1.4118107835087468
Initial point 9. Random seed: 6949
Solving with ultrametric constraint
Optimal point found for initial point 9
Negative llh: 139.70879963562734
Dropout rate: 1.2258365815652791e-10
Silencing rate: 1.1297261096750172e-10
Sigma: 1.4117401378319845
Initial point 10. Random seed: 6608
Solving with ultrametric constraint
Optimal point found for initial point 10
Negative llh: 139.70879962939918
Dropout rate: 9.999999999999996e-11
Silencing rate: 1.0000000000000002e-10
Sigma: 1.4118939630530334
Runtime (s): 305.6321081966162
