Launching Problin version 0.5b
Problin was called as follow: /u/gh2161/Spatial-Division/problin/run_problin.py -c real_location_data/s2c9/k10_r1_character_matrix.csv -t real_location_data/s2c9/true_tree.nwk -S real_location_data/s2c9/leaf_locations.txt --delimiter comma -p real_location_data/s2c9/k10_priors.csv -o real_location_data/s2c9/k10_r1_spalin-divide-beta20.txt --nInitials 10 --ultrametric --randomreps 3 --divide --given_beta 20 --incl_beta_bound
Optimization by Spalin-Divide: Scipy-SLSQP using spatial information
Optimizing branch lengths, phi, and nu without topology search
Initial point 1. Random seed: 3217
Solving with ultrametric constraint
Optimal point found for initial point 1
Negative llh: 143.61386519937503
Dropout rate: 1e-10
Silencing rate: 1e-10
Sigma: 4.0523201943371365
Initial point 2. Random seed: 5161
Solving with ultrametric constraint
Optimal point found for initial point 2
Negative llh: 143.61386517411998
Dropout rate: 1e-10
Silencing rate: 1e-10
Sigma: 4.052336761091206
Initial point 3. Random seed: 2453
Solving with ultrametric constraint
Optimal point found for initial point 3
Negative llh: 143.61386762282382
Dropout rate: 4.2846819900484663e-10
Silencing rate: 2.47076936077268e-10
Sigma: 4.052404572637925
Initial point 4. Random seed: 7265
Solving with ultrametric constraint
Optimal point found for initial point 4
Negative llh: 143.61388812043413
Dropout rate: 1e-10
Silencing rate: 1e-10
Sigma: 4.052970524202129
Initial point 5. Random seed: 5922
Solving with ultrametric constraint
Optimal point found for initial point 5
Negative llh: 143.6139187511866
Dropout rate: 1e-10
Silencing rate: 1e-10
Sigma: 4.051159156600697
Initial point 6. Random seed: 7690
Solving with ultrametric constraint
Optimal point found for initial point 6
Negative llh: 143.61386436418854
Dropout rate: 1e-10
Silencing rate: 1e-10
Sigma: 4.0521602300200135
Initial point 7. Random seed: 4645
Solving with ultrametric constraint
Optimal point found for initial point 7
Negative llh: 143.6138760327088
Dropout rate: 1e-10
Silencing rate: 1e-10
Sigma: 4.051710858300461
Initial point 8. Random seed: 3220
Solving with ultrametric constraint
Optimal point found for initial point 8
Negative llh: 143.613894124633
Dropout rate: 6.958942200690921e-10
Silencing rate: 1.1289309297722497e-10
Sigma: 4.052196300383911
Initial point 9. Random seed: 6165
Solving with ultrametric constraint
Optimal point found for initial point 9
Negative llh: 143.6138653355145
Dropout rate: 1.792421659408462e-10
Silencing rate: 1.7785244434170045e-10
Sigma: 4.052354727571043
Initial point 10. Random seed: 7665
Solving with ultrametric constraint
Optimal point found for initial point 10
Negative llh: 143.6138698188824
Dropout rate: 1e-10
Silencing rate: 1e-10
Sigma: 4.052451660215295
Runtime (s): 588.0500781498849
