Launching Problin version 0.5b
Problin was called as follow: /u/gh2161/Spatial-Division/problin/run_problin.py -c real_location_data/s2c9/k10_r3_character_matrix.csv -t real_location_data/s2c9/true_tree.nwk -S real_location_data/s2c9/leaf_locations.txt --delimiter comma -p real_location_data/s2c9/k10_priors.csv -o real_location_data/s2c9/k10_r3_spalin-divide-beta7.txt --nInitials 10 --ultrametric --randomreps 3 --divide --radius 7
Optimization by Spalin-Divide: Scipy-SLSQP using spatial information
Optimizing branch lengths, phi, and nu without topology search
Initial point 1. Random seed: 3229
Solving with ultrametric constraint
Optimal point found for initial point 1
Negative llh: 140.15845056027473
Dropout rate: 2.6823038572401e-10
Silencing rate: 1.9162747954846437e-10
Sigma: 1.0731773650484846
Initial point 2. Random seed: 3009
Solving with ultrametric constraint
Optimal point found for initial point 2
Negative llh: 140.15845043349373
Dropout rate: 1e-10
Silencing rate: 1e-10
Sigma: 1.0731860765314365
Initial point 3. Random seed: 417
Solving with ultrametric constraint
Optimal point found for initial point 3
Negative llh: 140.1584504533991
Dropout rate: 9.999999999999996e-11
Silencing rate: 1.0000000000000002e-10
Sigma: 1.073176023741332
Initial point 4. Random seed: 2328
Solving with ultrametric constraint
Optimal point found for initial point 4
Negative llh: 160.18726082145372
Dropout rate: 1.9257500313790214e-10
Silencing rate: 1.1326566899410032e-10
Sigma: 0.9569735238008825
Initial point 5. Random seed: 2311
Solving with ultrametric constraint
Optimal point found for initial point 5
Negative llh: 160.1862506501779
Dropout rate: 1.0000000000000002e-10
Silencing rate: 1e-10
Sigma: 0.9570003392785208
Initial point 6. Random seed: 707
Solving with ultrametric constraint
Optimal point found for initial point 6
Negative llh: 160.18611780154822
Dropout rate: 5.152260931984853e-10
Silencing rate: 1.7842149966177994e-10
Sigma: 0.9570591169175985
Initial point 7. Random seed: 9453
Solving with ultrametric constraint
Optimal point found for initial point 7
Negative llh: 160.18720205394084
Dropout rate: 1e-10
Silencing rate: 1e-10
Sigma: 0.95699025153088
Initial point 8. Random seed: 5009
Solving with ultrametric constraint
Optimal point found for initial point 8
Negative llh: 160.1929173946499
Dropout rate: 7.323796044822778e-10
Silencing rate: 2.548526888684626e-10
Sigma: 0.9574082065399886
Initial point 9. Random seed: 4795
Solving with ultrametric constraint
Optimal point found for initial point 9
Negative llh: 140.15845075460828
Dropout rate: 1e-10
Silencing rate: 1e-10
Sigma: 1.0731715872527356
Initial point 10. Random seed: 8793
Solving with ultrametric constraint
Optimal point found for initial point 10
Negative llh: 140.15845052389884
Dropout rate: 1e-10
Silencing rate: 1e-10
Sigma: 1.0731732837598618
Runtime (s): 470.04021374695003
