Launching Problin version 0.5b
Problin was called as follow: /u/gh2161/Spatial-Division/problin/run_problin.py -c real_location_data/s2c9/k10_r5_character_matrix.csv -t real_location_data/s2c9/true_tree.nwk -S real_location_data/s2c9/leaf_locations.txt --delimiter comma -p real_location_data/s2c9/k10_priors.csv -o real_location_data/s2c9/k10_r5_spalin-divide-beta7.txt --nInitials 10 --ultrametric --randomreps 3 --divide --radius 7
Optimization by Spalin-Divide: Scipy-SLSQP using spatial information
Optimizing branch lengths, phi, and nu without topology search
Initial point 1. Random seed: 7106
Solving with ultrametric constraint
Optimal point found for initial point 1
Negative llh: 142.79464368815212
Dropout rate: 2.6631767400017454e-10
Silencing rate: 1.4283196920028274e-10
Sigma: 1.0120688430023295
Initial point 2. Random seed: 2188
Solving with ultrametric constraint
Optimal point found for initial point 2
Negative llh: 128.98330680146933
Dropout rate: 1.0695520859403044e-09
Silencing rate: 4.5920981698887e-10
Sigma: 1.1650721389102598
Initial point 3. Random seed: 2570
Solving with ultrametric constraint
Optimal point found for initial point 3
Negative llh: 142.79463502626442
Dropout rate: 1e-10
Silencing rate: 1e-10
Sigma: 1.0112894097628407
Initial point 4. Random seed: 1153
Solving with ultrametric constraint
Optimal point found for initial point 4
Negative llh: 142.79466521120872
Dropout rate: 1.0000000000000002e-10
Silencing rate: 1e-10
Sigma: 1.0118098891394842
Initial point 5. Random seed: 7142
Solving with ultrametric constraint
Optimal point found for initial point 5
Negative llh: 142.79484124046678
Dropout rate: 1.0000000000000002e-10
Silencing rate: 1e-10
Sigma: 1.0111301341935603
Initial point 6. Random seed: 6992
Solving with ultrametric constraint
Optimal point found for initial point 6
Negative llh: 128.98330656730317
Dropout rate: 6.970044036664273e-10
Silencing rate: 2.9809315795420695e-10
Sigma: 1.1650950296270481
Initial point 7. Random seed: 8093
Solving with ultrametric constraint
Optimal point found for initial point 7
Negative llh: 142.79454554375826
Dropout rate: 9.999999999999996e-11
Silencing rate: 1e-10
Sigma: 1.0115012364794744
Initial point 8. Random seed: 6333
Solving with ultrametric constraint
Optimal point found for initial point 8
Negative llh: 142.79437538953837
Dropout rate: 1e-10
Silencing rate: 1e-10
Sigma: 1.0118134002008141
Initial point 9. Random seed: 7726
Solving with ultrametric constraint
Optimal point found for initial point 9
Negative llh: 128.98331045971318
Dropout rate: 3.284541591469346e-10
Silencing rate: 1.5840090667040705e-10
Sigma: 1.1650762341347183
Initial point 10. Random seed: 5568
Solving with ultrametric constraint
Optimal point found for initial point 10
Negative llh: 142.79470811043385
Dropout rate: 6.161860012988292e-10
Silencing rate: 1.8132937137771408e-10
Sigma: 1.0114196614942155
Runtime (s): 241.85462709516287
