Launching Problin version 0.5b
Problin was called as follow: /u/gh2161/Spatial-Division/problin/run_problin.py -c real_location_data/s2c9/k10_r1_character_matrix.csv -t real_location_data/s2c9/true_tree.nwk -S real_location_data/s2c9/leaf_locations.txt --delimiter comma -p real_location_data/s2c9/k10_priors.csv -o real_location_data/s2c9/k10_r1_spalin-divide-beta5_10_range.txt --nInitials 10 --ultrametric --randomreps 3 --divide --given_lower_beta 5 --given_upper_beta 10 --incl_beta_bound
Optimization by Spalin-Divide: Scipy-SLSQP using spatial information
{'sigma': 22, 'nu': 1e-10, 'phi': 1e-10, 'lower_beta': 5.0, 'upper_beta': 10.0, 'incl_beta_bound': True, 'displacement_amounts': {}}
Optimizing branch lengths, phi, and nu without topology search
Initial point 1. Random seed: 5459
Solving with ultrametric constraint
Optimal point found for initial point 1
Negative llh: 153.7268550355991
Dropout rate: 4.242289679990787e-08
Silencing rate: 8.671609690955663e-08
Sigma: 4.708033021147997
Initial point 2. Random seed: 6694
Solving with ultrametric constraint
Optimal point found for initial point 2
Negative llh: 147.85604365386277
Dropout rate: 1.1741240113603431e-09
Silencing rate: 5.75849965604475e-10
Sigma: 4.173138094584474
Initial point 3. Random seed: 4080
Solving with ultrametric constraint
Optimal point found for initial point 3
Negative llh: 153.1939968547738
Dropout rate: 9.999999999999924e-11
Silencing rate: 1.0000000000000007e-10
Sigma: 4.6923765042384336
Initial point 4. Random seed: 3995
Solving with ultrametric constraint
Optimal point found for initial point 4
Negative llh: 150.08374269371194
Dropout rate: 1.2381986343272018e-08
Silencing rate: 2.0573379489220717e-10
Sigma: 4.339951475578634
Initial point 5. Random seed: 8250
Solving with ultrametric constraint
Optimal point found for initial point 5
Negative llh: 154.3227400450884
Dropout rate: 1.8938755085515426e-07
Silencing rate: 1.9895260445671615e-09
Sigma: 5.102679943748283
Initial point 6. Random seed: 3806
Solving with ultrametric constraint
Optimal point found for initial point 6
Negative llh: 150.12844551362699
Dropout rate: 3.9580591074221446e-10
Silencing rate: 1e-10
Sigma: 4.422533326833019
Initial point 7. Random seed: 9365
Solving with ultrametric constraint
Optimal point found for initial point 7
Negative llh: 153.76626004875402
Dropout rate: 3.0851580641717676e-08
Silencing rate: 1.549368099130376e-08
Sigma: 4.7215063211361725
Initial point 8. Random seed: 8477
Solving with ultrametric constraint
Optimal point found for initial point 8
Negative llh: 147.85603938358184
Dropout rate: 7.747514879736104e-10
Silencing rate: 4.2869585219212085e-10
Sigma: 4.173204534815764
Initial point 9. Random seed: 6786
Solving with ultrametric constraint
Optimal point found for initial point 9
Negative llh: 153.72712886287707
Dropout rate: 5.572040314260299e-09
Silencing rate: 2.4121416999602987e-09
Sigma: 4.7071032440675085
Initial point 10. Random seed: 852
Solving with ultrametric constraint
Optimal point found for initial point 10
Negative llh: 153.78224574923772
Dropout rate: 1.0072659668867775e-10
Silencing rate: 1.0006032765870918e-10
Sigma: 4.747459647647344
Runtime (s): 502.1438581238035
