Launching Problin version 0.5b
Problin was called as follow: /u/gh2161/Spatial-Division/problin/run_problin.py -c real_location_data/s2c9/k10_r5_character_matrix.csv -t real_location_data/s2c9/true_tree.nwk -S real_location_data/s2c9/leaf_locations.txt --delimiter comma -p real_location_data/s2c9/k10_priors.csv -o real_location_data/s2c9/k10_r5_spalin-divide-ignore-beta.txt --nInitials 10 --ultrametric --randomreps 3 --divide
Optimization by Spalin-Divide: Scipy-SLSQP using spatial information
Optimizing branch lengths, phi, and nu without topology search
We need to optimize the radius
Initial point 1. Random seed: 69
Solving with ultrametric constraint
Optimal point found for initial point 1
Negative llh: 111.7517461810116
Dropout rate: 5.279808075362069e-10
Silencing rate: 2.9675066729222687e-10
Sigma: 0.87640690398317
Lambda: 0.005938446333591477
Initial point 2. Random seed: 1884
Solving with ultrametric constraint
Optimal point found for initial point 2
Negative llh: 124.94008083900547
Dropout rate: 4.904687425642133e-10
Silencing rate: 1.3477224369475603e-10
Sigma: 0.7908530740189186
Lambda: 0.0009765369554766988
Initial point 3. Random seed: 1558
Solving with ultrametric constraint
Optimal point found for initial point 3
Negative llh: 111.75174617653494
Dropout rate: 1e-10
Silencing rate: 1e-10
Sigma: 0.8764348474524423
Lambda: 0.005938216207124954
Initial point 4. Random seed: 5447
Solving with ultrametric constraint
Optimal point found for initial point 4
Negative llh: 111.75174638874131
Dropout rate: 1.0000000000000002e-10
Silencing rate: 1.0000000000000002e-10
Sigma: 0.8764348956292743
Lambda: 0.0059382582443717104
Initial point 5. Random seed: 1080
Solving with ultrametric constraint
Optimal point found for initial point 5
Negative llh: 111.75174638171328
Dropout rate: 1.9592957518267636e-10
Silencing rate: 1.5029944297072087e-10
Sigma: 0.8764262735185465
Lambda: 0.0059391355373737045
Initial point 6. Random seed: 6304
Solving with ultrametric constraint
Optimal point found for initial point 6
Negative llh: 111.75174608467128
Dropout rate: 1.105123279682409e-09
Silencing rate: 5.909377129334758e-10
Sigma: 0.876417964065591
Lambda: 0.005938060143288371
Initial point 7. Random seed: 3533
Solving with ultrametric constraint
Optimal point found for initial point 7
Negative llh: 124.93858317723723
Dropout rate: 1e-10
Silencing rate: 1e-10
Sigma: 0.7909230743517693
Lambda: 0.0009766721911854145
Initial point 8. Random seed: 5444
Solving with ultrametric constraint
Optimal point found for initial point 8
Negative llh: 111.7518007629547
Dropout rate: 1e-10
Silencing rate: 1e-10
Sigma: 0.8761420739650181
Lambda: 0.005934633387198767
Initial point 9. Random seed: 3817
Solving with ultrametric constraint
Optimal point found for initial point 9
Negative llh: 124.93861859012924
Dropout rate: 4.940730637746959e-10
Silencing rate: 1.6715383166712285e-10
Sigma: 0.7909738240872571
Lambda: 0.0009766650785353872
Initial point 10. Random seed: 3221
Solving with ultrametric constraint
Optimal point found for initial point 10
Negative llh: 124.93824369100945
Dropout rate: 3.370812942580702e-10
Silencing rate: 1.271803881431849e-10
Sigma: 0.7906928496669678
Lambda: 0.0009766945067332022
{'lambda_param': 0.005938060143288371, 'phi': 1.105123279682409e-09, 'nu': 5.909377129334758e-10, 'sigma': 0.876417964065591, 'locations': {'216_20': (224.0, 255.0), '216_19': (202.0, 247.0), '216_22': (215.0, 229.0), '216_21': (230.0, 243.0), '216_18': (211.0, 251.0), '216_17': (235.0, 258.0), '216_15': (187.0, 260.0), '216_12': (204.0, 271.0), '216_11': (171.0, 275.0), '216_13': (200.0, 235.0), '216_8': (195.0, 269.0), '216_10': (234.0, 276.0), '216_9': (234.0, 285.0)}, 'radius': 12.00774249294518, 'thetas': {'202_8': 7.853988112345032, '164_4': 0.2810108207752665, '209_11': 3.0209667038330923, '164_5': 1.897426148130973, '124_4': 7.008739827054974, '205_15': 6.566978305144023, '165_8': -0.15164976242522293, '201_15': 0.7509236528680977, '203_16': 3.4903638558105916, '165_9': 5.276672261889186, '125_6': 2.3079048730919185, '83_3': 8.268147049703927}}
Runtime (s): 451.9871004484594
