Launching Problin version 0.5b
Problin was called as follow: /u/gh2161/Spatial-Division/problin/run_problin.py -c real_location_data/s2c9/k10_r4_character_matrix.csv -t real_location_data/s2c9/true_tree.nwk -S real_location_data/s2c9/leaf_locations.txt --delimiter comma -p real_location_data/s2c9/k10_priors.csv -o real_location_data/s2c9/k10_r4_spalin-divide-beta8.txt --nInitials 10 --ultrametric --randomreps 3 --divide --given_beta 8 --incl_beta_bound
Optimization by Spalin-Divide: Scipy-SLSQP using spatial information
Optimizing branch lengths, phi, and nu without topology search
Initial point 1. Random seed: 1625
Solving with ultrametric constraint
Optimal point found for initial point 1
Negative llh: 143.54845405863867
Dropout rate: 5.672412325602613e-10
Silencing rate: 3.5114995368493464e-10
Sigma: 3.8484822096868188
Initial point 2. Random seed: 2492
Solving with ultrametric constraint
Optimal point found for initial point 2
Negative llh: 143.54846016763173
Dropout rate: 1.5461877187033416e-09
Silencing rate: 1.320395901875429e-09
Sigma: 3.8481336616521187
Initial point 3. Random seed: 6159
Solving with ultrametric constraint
Optimal point found for initial point 3
Negative llh: 143.54845526238472
Dropout rate: 1.993926887093713e-09
Silencing rate: 1.8571390682574955e-09
Sigma: 3.8486716531746827
Initial point 4. Random seed: 7073
Solving with ultrametric constraint
Optimal point found for initial point 4
Negative llh: 143.54845606946503
Dropout rate: 1e-10
Silencing rate: 1e-10
Sigma: 3.8483962947976065
Initial point 5. Random seed: 1914
Solving with ultrametric constraint
Optimal point found for initial point 5
Negative llh: 143.5484612667022
Dropout rate: 1e-10
Silencing rate: 1e-10
Sigma: 3.848406621189445
Initial point 6. Random seed: 9996
Solving with ultrametric constraint
Optimal point found for initial point 6
Negative llh: 143.54845369164775
Dropout rate: 1e-10
Silencing rate: 1e-10
Sigma: 3.848507945835046
Initial point 7. Random seed: 4346
Solving with ultrametric constraint
Optimal point found for initial point 7
Negative llh: 143.56103462028454
Dropout rate: 9.999999999999996e-11
Silencing rate: 9.999999999999996e-11
Sigma: 3.8408342050447843
Initial point 8. Random seed: 2277
Solving with ultrametric constraint
Optimal point found for initial point 8
Negative llh: 143.54845543382618
Dropout rate: 2.550215945267858e-10
Silencing rate: 2.6080207227342e-10
Sigma: 3.848441002529677
Initial point 9. Random seed: 3220
Solving with ultrametric constraint
Optimal point found for initial point 9
Negative llh: 143.5484576568702
Dropout rate: 1.0000000000000002e-10
Silencing rate: 1.0000000000000002e-10
Sigma: 3.848791002020742
Initial point 10. Random seed: 3189
Solving with ultrametric constraint
Optimal point found for initial point 10
Negative llh: 143.54845468822182
Dropout rate: 9.017469731338616e-10
Silencing rate: 7.962475882517553e-10
Sigma: 3.848620605538249
Runtime (s): 662.2145701010013
