Launching Problin version 0.5b
Problin was called as follow: /u/gh2161/Spatial-Division/problin/run_problin.py -c real_location_data/s2c9/k10_r1_character_matrix.csv -t real_location_data/s2c9/true_tree.nwk -S real_location_data/s2c9/leaf_locations.txt --delimiter comma -p real_location_data/s2c9/k10_priors.csv -o real_location_data/s2c9/k10_r1_spalin-divide-beta6.txt --nInitials 10 --ultrametric --randomreps 3 --divide --given_beta 6 --incl_beta_bound
Optimization by Spalin-Divide: Scipy-SLSQP using spatial information
Optimizing branch lengths, phi, and nu without topology search
Initial point 1. Random seed: 3131
Solving with ultrametric constraint
Optimal point found for initial point 1
Negative llh: 147.1517591615637
Dropout rate: 1.0000000000000002e-10
Silencing rate: 1.0000000000000002e-10
Sigma: 4.106805808095788
Initial point 2. Random seed: 1367
Solving with ultrametric constraint
Optimal point found for initial point 2
Negative llh: 147.1517604845591
Dropout rate: 6.287245690645572e-10
Silencing rate: 4.794684768165345e-10
Sigma: 4.106628911079737
Initial point 3. Random seed: 3445
Solving with ultrametric constraint
Optimal point found for initial point 3
Negative llh: 147.15175882534112
Dropout rate: 3.9748137909461784e-10
Silencing rate: 3.926662285084134e-10
Sigma: 4.106701277165261
Initial point 4. Random seed: 251
Solving with ultrametric constraint
Optimal point found for initial point 4
Negative llh: 147.1517590180173
Dropout rate: 2.071397114023636e-10
Silencing rate: 1.5472589705213983e-10
Sigma: 4.106611199864651
Initial point 5. Random seed: 238
Solving with ultrametric constraint
Optimal point found for initial point 5
Negative llh: 147.15175890773799
Dropout rate: 1e-10
Silencing rate: 1e-10
Sigma: 4.10669704410617
Initial point 6. Random seed: 6671
Solving with ultrametric constraint
Optimal point found for initial point 6
Negative llh: 147.15175879667459
Dropout rate: 1.2029648283108706e-10
Silencing rate: 1.0890587424868023e-10
Sigma: 4.106736310778941
Initial point 7. Random seed: 7972
Solving with ultrametric constraint
Optimal point found for initial point 7
Negative llh: 147.1517595673743
Dropout rate: 2.8913261910102177e-10
Silencing rate: 2.357643272104549e-10
Sigma: 4.106697683775712
Initial point 8. Random seed: 2502
Solving with ultrametric constraint
Optimal point found for initial point 8
Negative llh: 147.15176218044456
Dropout rate: 1.3152001231615042e-09
Silencing rate: 1.0735298372739399e-09
Sigma: 4.10665752953322
Initial point 9. Random seed: 4017
Solving with ultrametric constraint
Optimal point found for initial point 9
Negative llh: 147.15175877431633
Dropout rate: 1e-10
Silencing rate: 1e-10
Sigma: 4.10669714139601
Initial point 10. Random seed: 9209
Solving with ultrametric constraint
Optimal point found for initial point 10
Negative llh: 147.15175890370335
Dropout rate: 1e-10
Silencing rate: 1e-10
Sigma: 4.106672329228173
Runtime (s): 759.375002412009
