Launching Problin version 0.5b
Problin was called as follow: /u/gh2161/Spatial-Division/problin/run_problin.py -c intmem_real_data/s5c1/characters.txt -t intmem_real_data/s5c1/true_tree.nwk --delimiter comma -p intmem_real_data/s5c1/prior.csv -o intmem_real_data/s5c1/problin.txt --nInitials 10 --ultrametric --randomreps 3 --solver Scipy
Optimization by generic solver (Scipy-SLSQP)
Optimizing branch lengths, phi, and nu without topology search
Initial point 1. Random seed: 2148
Solving with ultrametric constraint
Optimal point found for initial point 1
Negative llh: 50.66839209845056
Dropout rate: 1.0000000000000002e-10
Silencing rate: 1.0000000000000002e-10
Lambda: 0.00843417157191113
Initial point 2. Random seed: 4815
Solving with ultrametric constraint
Optimal point found for initial point 2
Negative llh: 80.14919102054321
Dropout rate: 1.1484004229273738e-10
Silencing rate: 1.0137515114575814e-10
Lambda: 0.0009769323443564418
Initial point 3. Random seed: 7844
Solving with ultrametric constraint
Optimal point found for initial point 3
Negative llh: 50.66839213591814
Dropout rate: 1.0000000000000002e-10
Silencing rate: 1.0000000000000002e-10
Lambda: 0.008434697993234324
Initial point 4. Random seed: 4314
Solving with ultrametric constraint
Optimal point found for initial point 4
Negative llh: 80.14946588029706
Dropout rate: 1.639243600845569e-10
Silencing rate: 1.2451261348560364e-10
Lambda: 0.0009769192159569042
Initial point 5. Random seed: 3671
Solving with ultrametric constraint
Optimal point found for initial point 5
Negative llh: 50.66839248522458
Dropout rate: 1.8804513848829408e-10
Silencing rate: 1.5414305406935503e-10
Lambda: 0.00843459424529687
Initial point 6. Random seed: 1223
Solving with ultrametric constraint
Optimal point found for initial point 6
Negative llh: 80.14938560873266
Dropout rate: 2.556769208221736e-10
Silencing rate: 1.4505927865843726e-10
Lambda: 0.0009769230578233123
Initial point 7. Random seed: 4742
Solving with ultrametric constraint
Optimal point found for initial point 7
Negative llh: 50.668392877857244
Dropout rate: 1.0000000000000002e-10
Silencing rate: 1.0000000000000002e-10
Lambda: 0.008433881900595418
Initial point 8. Random seed: 4588
Solving with ultrametric constraint
Optimal point found for initial point 8
Negative llh: 50.66839241559628
Dropout rate: 1.9898405245386264e-10
Silencing rate: 1.8684421795156712e-10
Lambda: 0.008434974267291296
Initial point 9. Random seed: 2489
Solving with ultrametric constraint
Optimal point found for initial point 9
Negative llh: 80.14932833428185
Dropout rate: 1e-10
Silencing rate: 1e-10
Lambda: 0.0009769257830107994
Initial point 10. Random seed: 1094
Solving with ultrametric constraint
Optimal point found for initial point 10
Negative llh: 80.14928746078745
Dropout rate: 1e-10
Silencing rate: 1e-10
Lambda: 0.0009769277232697423
{'phi': 1.0000000000000002e-10, 'nu': 1.0000000000000002e-10, 'lambda_param': 0.00843417157191113}
Runtime (s): 18.48463613167405
