Launching Problin version 0.5b
Problin was called as follow: /u/gh2161/Spatial-Division/problin/run_problin.py -c real_location_data/s15c6/k10_r4_character_matrix.csv -t real_location_data/s15c6/true_tree.nwk -S real_location_data/s15c6/leaf_locations.txt --delimiter comma -p real_location_data/s15c6/k10_priors.csv -o real_location_data/s15c6/k10_r4_spalin-divide-beta3.txt --nInitials 10 --ultrametric --randomreps 3 --divide --radius 3
Optimization by Spalin-Divide: Scipy-SLSQP using spatial information
Optimizing branch lengths, phi, and nu without topology search
Initial point 1. Random seed: 157
Solving with ultrametric constraint
Optimal point found for initial point 1
Negative llh: 146.12971516935124
Dropout rate: 6.25021226177293e-10
Silencing rate: 1.0006245108539676e-10
Sigma: 1.549680846027384
Initial point 2. Random seed: 7823
Solving with ultrametric constraint
Optimal point found for initial point 2
Negative llh: 146.12969707584426
Dropout rate: 4.243803688279981e-10
Silencing rate: 1.0009837532643171e-10
Sigma: 1.5497868285975216
Initial point 3. Random seed: 189
Solving with ultrametric constraint
Optimal point found for initial point 3
Negative llh: 146.1297159411605
Dropout rate: 1.0000000000000002e-10
Silencing rate: 1e-10
Sigma: 1.5497562836336933
Initial point 4. Random seed: 2286
Solving with ultrametric constraint
Optimal point found for initial point 4
Negative llh: 146.12980404165504
Dropout rate: 1.0000000000000002e-10
Silencing rate: 1e-10
Sigma: 1.5500212965940499
Initial point 5. Random seed: 2906
Solving with ultrametric constraint
Optimal point found for initial point 5
Negative llh: 146.12997502099543
Dropout rate: 5.695986121027547e-10
Silencing rate: 1.0001367970628122e-10
Sigma: 1.5495502337710418
Initial point 6. Random seed: 1450
Solving with ultrametric constraint
Optimal point found for initial point 6
Negative llh: 167.55306728515728
Dropout rate: 1.325265597079021e-10
Silencing rate: 1.0783658233977863e-10
Sigma: 1.478926486500217
Initial point 7. Random seed: 7079
Solving with ultrametric constraint
Optimal point found for initial point 7
Negative llh: 146.1296979748148
Dropout rate: 1.0000000000000007e-10
Silencing rate: 9.999999999999996e-11
Sigma: 1.5498223878784694
Initial point 8. Random seed: 9181
Solving with ultrametric constraint
Optimal point found for initial point 8
Negative llh: 167.55355609690963
Dropout rate: 9.077119326422323e-10
Silencing rate: 4.08225472515529e-10
Sigma: 1.4791632676563442
Initial point 9. Random seed: 6701
Solving with ultrametric constraint
Optimal point found for initial point 9
Negative llh: 146.1297640722181
Dropout rate: 2.0711436660225536e-10
Silencing rate: 1.0000503236484356e-10
Sigma: 1.5499533067999587
Initial point 10. Random seed: 8563
Solving with ultrametric constraint
Optimal point found for initial point 10
Negative llh: 146.12969997502034
Dropout rate: 8.121860548707207e-10
Silencing rate: 1.0027399438618316e-10
Sigma: 1.5497803430791532
Runtime (s): 241.07287140004337
