Launching Problin version 0.5b
Problin was called as follow: /u/gh2161/Spatial-Division/problin/run_problin.py -c real_location_data/s15c6/k10_r3_character_matrix.csv -t real_location_data/s15c6/true_tree.nwk -S real_location_data/s15c6/leaf_locations.txt --delimiter comma -p real_location_data/s15c6/k10_priors.csv -o real_location_data/s15c6/k10_r3_spalin-divide-beta2.txt --nInitials 10 --ultrametric --randomreps 3 --divide --given_beta 2 --incl_beta_bound
Optimization by Spalin-Divide: Scipy-SLSQP using spatial information
Optimizing branch lengths, phi, and nu without topology search
Initial point 1. Random seed: 7197
Solving with ultrametric constraint
Optimal point found for initial point 1
Negative llh: 149.14142716949772
Dropout rate: 1e-10
Silencing rate: 1e-10
Sigma: 5.863520225732735
Initial point 2. Random seed: 180
Solving with ultrametric constraint
Optimal point found for initial point 2
Negative llh: 149.14142561458635
Dropout rate: 1e-10
Silencing rate: 1e-10
Sigma: 5.863459263712819
Initial point 3. Random seed: 3943
Solving with ultrametric constraint
Optimal point found for initial point 3
Negative llh: 149.14142581989944
Dropout rate: 1e-10
Silencing rate: 1e-10
Sigma: 5.863485627065907
Initial point 4. Random seed: 1256
Solving with ultrametric constraint
Optimal point found for initial point 4
Negative llh: 149.1414257904721
Dropout rate: 1e-10
Silencing rate: 1e-10
Sigma: 5.863447998575762
Initial point 5. Random seed: 8687
Solving with ultrametric constraint
Optimal point found for initial point 5
Negative llh: 149.14142706721336
Dropout rate: 5.617704497951565e-10
Silencing rate: 3.019930261048996e-10
Sigma: 5.863430288935478
Initial point 6. Random seed: 4790
Solving with ultrametric constraint
Optimal point found for initial point 6
Negative llh: 149.14142572199103
Dropout rate: 9.999999999999996e-11
Silencing rate: 1.0000000000000002e-10
Sigma: 5.863471694631364
Initial point 7. Random seed: 5057
Solving with ultrametric constraint
Optimal point found for initial point 7
Negative llh: 149.14142566169664
Dropout rate: 1e-10
Silencing rate: 1e-10
Sigma: 5.8634813210424905
Initial point 8. Random seed: 5218
Solving with ultrametric constraint
Optimal point found for initial point 8
Negative llh: 149.14142569607668
Dropout rate: 1.0000000000000002e-10
Silencing rate: 1e-10
Sigma: 5.863424321496975
Initial point 9. Random seed: 7398
Solving with ultrametric constraint
Optimal point found for initial point 9
Negative llh: 149.1414257464745
Dropout rate: 1e-10
Silencing rate: 1e-10
Sigma: 5.863468624586372
Initial point 10. Random seed: 8208
Solving with ultrametric constraint
Optimal point found for initial point 10
Negative llh: 149.141427086517
Dropout rate: 1e-10
Silencing rate: 1e-10
Sigma: 5.863472170032524
Runtime (s): 482.2977456599474
