Launching Problin version 0.5b
Problin was called as follow: /u/gh2161/Spatial-Division/problin/run_problin.py -c real_location_data/s15c6/k10_r1_character_matrix.csv -t real_location_data/s15c6/true_tree.nwk -S real_location_data/s15c6/leaf_locations.txt --delimiter comma -p real_location_data/s15c6/k10_priors.csv -o real_location_data/s15c6/k10_r1_spalin-divide-beta05.txt --nInitials 10 --ultrametric --randomreps 3 --divide --radius 0.5
Optimization by Spalin-Divide: Scipy-SLSQP using spatial information
Optimizing branch lengths, phi, and nu without topology search
Initial point 1. Random seed: 8153
Solving with ultrametric constraint
Optimal point found for initial point 1
Negative llh: 165.42883481641934
Dropout rate: 3.5024087203751906e-10
Silencing rate: 3.0620301947980203e-10
Sigma: 1.5038590431427872
Initial point 2. Random seed: 3225
Solving with ultrametric constraint
Optimal point found for initial point 2
Negative llh: 165.42899548468336
Dropout rate: 9.999999999999996e-11
Silencing rate: 1.0000000000000002e-10
Sigma: 1.5039228376732408
Initial point 3. Random seed: 1264
Solving with ultrametric constraint
Optimal point found for initial point 3
Negative llh: 165.42895499911145
Dropout rate: 1.0000000000000002e-10
Silencing rate: 1e-10
Sigma: 1.504231638362637
Initial point 4. Random seed: 602
Solving with ultrametric constraint
Optimal point found for initial point 4
Negative llh: 165.42893560186064
Dropout rate: 1.4279155261166837e-10
Silencing rate: 3.3256813261557484e-10
Sigma: 1.503897280297604
Initial point 5. Random seed: 9049
Solving with ultrametric constraint
Optimal point found for initial point 5
Negative llh: 191.05708943981278
Dropout rate: 1e-10
Silencing rate: 1e-10
Sigma: 1.469776395114457
Initial point 6. Random seed: 1114
Solving with ultrametric constraint
Optimal point found for initial point 6
Negative llh: 165.4288352148005
Dropout rate: 1.0520279048507391e-10
Silencing rate: 1.0480508145910173e-10
Sigma: 1.5037732647003308
Initial point 7. Random seed: 5512
Solving with ultrametric constraint
Optimal point found for initial point 7
Negative llh: 165.4289069834478
Dropout rate: 1e-10
Silencing rate: 1e-10
Sigma: 1.5035524994405038
Initial point 8. Random seed: 4207
Solving with ultrametric constraint
Optimal point found for initial point 8
Negative llh: 165.42919759085558
Dropout rate: 2.3919816997552784e-10
Silencing rate: 1.677699973215435e-10
Sigma: 1.503596805645788
Initial point 9. Random seed: 1947
Solving with ultrametric constraint
Optimal point found for initial point 9
Negative llh: 191.0564982204419
Dropout rate: 6.042458596323244e-10
Silencing rate: 2.8409994718832735e-10
Sigma: 1.469692972770825
Initial point 10. Random seed: 8312
Solving with ultrametric constraint
Optimal point found for initial point 10
Negative llh: 165.42883481949414
Dropout rate: 3.164061059943836e-10
Silencing rate: 2.052375975531732e-10
Sigma: 1.503861691645908
Runtime (s): 590.4789548330009
