Launching Problin version 0.5b
Problin was called as follow: /u/gh2161/Spatial-Division/problin/run_problin.py -c real_location_data/s15c6/k10_r4_character_matrix.csv -t real_location_data/s15c6/true_tree.nwk -S real_location_data/s15c6/leaf_locations.txt --delimiter comma -p real_location_data/s15c6/k10_priors.csv -o real_location_data/s15c6/k10_r4_spalin-divide-beta6.txt --nInitials 10 --ultrametric --randomreps 3 --divide --given_beta 6 --incl_beta_bound
Optimization by Spalin-Divide: Scipy-SLSQP using spatial information
Optimizing branch lengths, phi, and nu without topology search
Initial point 1. Random seed: 2572
Solving with ultrametric constraint
Optimal point found for initial point 1
Negative llh: 137.55936601988756
Dropout rate: 4.2807343657383705e-10
Silencing rate: 2.3539164663279434e-10
Sigma: 4.63216769638923
Initial point 2. Random seed: 5829
Solving with ultrametric constraint
Optimal point found for initial point 2
Negative llh: 137.5593663187073
Dropout rate: 1.62581694346009e-10
Silencing rate: 1.260865069802766e-10
Sigma: 4.632162791401007
Initial point 3. Random seed: 7072
Solving with ultrametric constraint
Optimal point found for initial point 3
Negative llh: 137.5593656383433
Dropout rate: 1e-10
Silencing rate: 1e-10
Sigma: 4.632128395239034
Initial point 4. Random seed: 4574
Solving with ultrametric constraint
Optimal point found for initial point 4
Negative llh: 137.55937051763954
Dropout rate: 1.1268969527309973e-09
Silencing rate: 8.579375798279957e-10
Sigma: 4.632408797455212
Initial point 5. Random seed: 3368
Solving with ultrametric constraint
Optimal point found for initial point 5
Negative llh: 137.55937298000293
Dropout rate: 2.6796933402531736e-10
Silencing rate: 1.692277053592666e-10
Sigma: 4.632310318373995
Initial point 6. Random seed: 3411
Solving with ultrametric constraint
Optimal point found for initial point 6
Negative llh: 137.55936650640854
Dropout rate: 2.9275459547825856e-10
Silencing rate: 1.795585137053774e-10
Sigma: 4.632180219507383
Initial point 7. Random seed: 2094
Solving with ultrametric constraint
Optimal point found for initial point 7
Negative llh: 137.55936587847185
Dropout rate: 1.4796497257381705e-10
Silencing rate: 1.197855992745382e-10
Sigma: 4.632154235715751
Initial point 8. Random seed: 5138
Solving with ultrametric constraint
Optimal point found for initial point 8
Negative llh: 137.55936538329155
Dropout rate: 1e-10
Silencing rate: 1e-10
Sigma: 4.632173434503068
Initial point 9. Random seed: 2388
Solving with ultrametric constraint
Optimal point found for initial point 9
Negative llh: 137.55936733867634
Dropout rate: 5.588548441252791e-10
Silencing rate: 3.807050260970364e-10
Sigma: 4.6322308880178
Initial point 10. Random seed: 2647
Solving with ultrametric constraint
Optimal point found for initial point 10
Negative llh: 137.55936578559022
Dropout rate: 1e-10
Silencing rate: 1e-10
Sigma: 4.632144610270078
Runtime (s): 595.8717401340837
