Launching Problin version 0.5b
Problin was called as follow: /u/gh2161/Spatial-Division/problin/run_problin.py -c real_location_data/s15c6/k10_r1_character_matrix.csv -t real_location_data/s15c6/true_tree.nwk -S real_location_data/s15c6/leaf_locations.txt --delimiter comma -p real_location_data/s15c6/k10_priors.csv -o real_location_data/s15c6/k10_r1_spalin.txt --nInitials 10 --ultrametric --randomreps 3
Optimization by Spalin: Scipy-SLSQP using spatial information
Optimizing branch lengths, phi, and nu without topology search
Initial point 1. Random seed: 8217
Solving with ultrametric constraint
Optimal point found for initial point 1
Negative llh: 145.99377826411867
Dropout rate: 1e-10
Silencing rate: 1e-10
Sigma: 2.3262146768360035
Lambda: 0.006403501605156629
Initial point 2. Random seed: 5374
Solving with ultrametric constraint
Optimal point found for initial point 2
Negative llh: 145.99364323093738
Dropout rate: 6.220311797177039e-10
Silencing rate: 5.074606596689e-10
Sigma: 2.3260059006543763
Lambda: 0.006402367467609103
Initial point 3. Random seed: 9622
Solving with ultrametric constraint
Optimal point found for initial point 3
Negative llh: 145.99364315891236
Dropout rate: 1e-10
Silencing rate: 1e-10
Sigma: 2.325929499480137
Lambda: 0.006402337703394636
Initial point 4. Random seed: 1568
Solving with ultrametric constraint
Optimal point found for initial point 4
Negative llh: 145.99371895332217
Dropout rate: 2.460758694621034e-10
Silencing rate: 1.0165940526137085e-10
Sigma: 2.325781440363282
Lambda: 0.006405222823630083
Initial point 5. Random seed: 6486
Solving with ultrametric constraint
Optimal point found for initial point 5
Negative llh: 145.9937817158725
Dropout rate: 1.1276070408386427e-10
Silencing rate: 1.0000174819000608e-10
Sigma: 2.3263669875562636
Lambda: 0.006400002395322382
Initial point 6. Random seed: 7929
Solving with ultrametric constraint
Optimal point found for initial point 6
Negative llh: 145.99364317545667
Dropout rate: 1e-10
Silencing rate: 1e-10
Sigma: 2.325911446338105
Lambda: 0.006402107845612796
Initial point 7. Random seed: 4469
Solving with ultrametric constraint
Optimal point found for initial point 7
Negative llh: 145.99382383576642
Dropout rate: 1e-10
Silencing rate: 1e-10
Sigma: 2.3260924054084686
Lambda: 0.00640245489035747
Initial point 8. Random seed: 1695
Solving with ultrametric constraint
Optimal point found for initial point 8
Negative llh: 145.9938145383578
Dropout rate: 9.999999999999996e-11
Silencing rate: 1.0000000000000002e-10
Sigma: 2.325760419367735
Lambda: 0.006408185668961266
Initial point 9. Random seed: 7003
Solving with ultrametric constraint
Optimal point found for initial point 9
Negative llh: 186.75178702717983
Dropout rate: 6.596716545553288e-10
Silencing rate: 7.622852763555966e-10
Sigma: 4.185083275134221
Lambda: 0.03340004954537177
Initial point 10. Random seed: 9715
Solving with ultrametric constraint
Optimal point found for initial point 10
Negative llh: 145.9936430994391
Dropout rate: 1.412417937848005e-10
Silencing rate: 1.2214406196284923e-10
Sigma: 2.3260182629770636
Lambda: 0.006402482588679814
{'lambda_param': 0.006402482588679814, 'phi': 1.412417937848005e-10, 'nu': 1.2214406196284923e-10, 'sigma': 2.3260182629770636, 'locations': {'216_9': (292.0, 335.0), '216_8': (314.0, 344.0), '216_7': (248.0, 349.0), '216_6': (233.0, 354.0), '216_5': (255.0, 342.0), '216_4': (255.0, 358.0), '216_11': (199.0, 288.0), '216_10': (210.0, 278.0), '216_13': (186.0, 282.0), '216_12': (199.0, 303.0), '216_15': (205.0, 253.0), '216_14': (221.0, 268.0)}}
Runtime (s): 70.08223717287183
