Launching Problin version 0.5b
Problin was called as follow: run_problin.py -c spalin_simulations_with_sep/s17c1/k10_character_matrix.csv -t spalin_simulations_with_sep/s17c1/true_tree.nwk --delimiter comma -p spalin_simulations_with_sep/s17c1/k10_priors.csv -o spalin_simulations_with_sep/s17c1/k10_problin --nInitials 10 --ultrametric
Optimization by EM algorithm
Optimizing branch lengths, phi, and nu without topology search
Initial point 1. Random seed: 5489
Solving with ultrametric constraint
Initial phi: 0.9255395894145488. Initial nu: 0.7478577547367012. Initial nllh: 20460.010928575597
EM finished after 26 iterations.
Optimal point found for initial point 1
Negative llh: 113.68173672617469
Dropout rate: 0
Silencing rate: 7.286796242572659e-07
Initial point 2. Random seed: 3888
Solving with ultrametric constraint
Initial phi: 0.788821173486044. Initial nu: 0.15305010898433458. Initial nllh: 440.4383481670866
EM finished after 9 iterations.
Optimal point found for initial point 2
Negative llh: 113.68173614849724
Dropout rate: 0
Silencing rate: 7.207904837308835e-07
Initial point 3. Random seed: 8750
Solving with ultrametric constraint
Initial phi: 0.22382724729202125. Initial nu: 0.8695679155253577. Initial nllh: 253.8236528719504
EM finished after 20 iterations.
Optimal point found for initial point 3
Negative llh: 113.68173954833424
Dropout rate: 0
Silencing rate: 7.552989855520174e-07
Initial point 4. Random seed: 4656
Solving with ultrametric constraint
Initial phi: 0.7486017087229271. Initial nu: 0.9209503492015032. Initial nllh: 484.57827821961195
EM finished after 20 iterations.
Optimal point found for initial point 4
Negative llh: 113.68173672978995
Dropout rate: 0
Silencing rate: 7.285167274602258e-07
Initial point 5. Random seed: 6601
Solving with ultrametric constraint
Initial phi: 0.8769120746319703. Initial nu: 0.3315496106329689. Initial nllh: 566.7647543947314
EM finished after 14 iterations.
Optimal point found for initial point 5
Negative llh: 113.68173661975693
Dropout rate: 0
Silencing rate: 7.278970529256543e-07
Initial point 6. Random seed: 4386
Solving with ultrametric constraint
Initial phi: 0.7039790184145317. Initial nu: 0.019556428247165508. Initial nllh: 359.15874330735255
EM finished after 5 iterations.
Optimal point found for initial point 6
Negative llh: 113.68173994172507
Dropout rate: 0
Silencing rate: 7.516057717345118e-07
Initial point 7. Random seed: 3640
Solving with ultrametric constraint
Initial phi: 0.45168234833841747. Initial nu: 0.7233832697906851. Initial nllh: 308.28470749550496
EM finished after 18 iterations.
Optimal point found for initial point 7
Negative llh: 113.68173679081858
Dropout rate: 0
Silencing rate: 7.281975062323077e-07
Initial point 8. Random seed: 5767
Solving with ultrametric constraint
Initial phi: 0.5130418843350556. Initial nu: 0.9056857486596781. Initial nllh: 350.77927029277186
EM finished after 20 iterations.
Optimal point found for initial point 8
Negative llh: 113.68173683106232
Dropout rate: 0
Silencing rate: 7.296184480808285e-07
Initial point 9. Random seed: 9159
Solving with ultrametric constraint
Initial phi: 0.9407820773800438. Initial nu: 0.8399688832443363. Initial nllh: 765.4090288705879
EM finished after 19 iterations.
Optimal point found for initial point 9
Negative llh: 113.68173691342274
Dropout rate: 0
Silencing rate: 7.2940103666117e-07
Initial point 10. Random seed: 208
Solving with ultrametric constraint
Initial phi: 0.8486468202009132. Initial nu: 0.9404250163183379. Initial nllh: 588.0658165225141
EM finished after 20 iterations.
Optimal point found for initial point 10
Negative llh: 113.68173607876757
Dropout rate: 0
Silencing rate: 7.220519630349875e-07
Runtime (s): 14.61015644390136
