Launching Problin version 0.5b
Problin was called as follow: /u/gh2161/Spatial-Division/problin/run_problin.py -c intmem_real_data/s21c4/characters.txt -t intmem_real_data/s21c4/true_tree.nwk -S intmem_real_data/s21c4/leaf_locations.txt --delimiter comma -p intmem_real_data/s21c4/prior.csv -o intmem_real_data/s21c4/spalin_spatialonly.txt --nInitials 10 --ultrametric --spatial_only
Optimization by Spalin: Scipy-SLSQP using spatial information
Optimizing branch lengths, phi, and nu without topology search
only spatial
Initial point 1. Random seed: 2685
Solving with ultrametric constraint
Optimal point found for initial point 1
Negative llh: 214.24637503216866
Dropout rate: 0.541438921009028
Silencing rate: 0.7763283255047473
Sigma: 3.7610231928607356
Lambda: 1.0
Initial point 2. Random seed: 5820
Solving with ultrametric constraint
Optimal point found for initial point 2
Negative llh: 214.24637503216866
Dropout rate: 0.6303056200468693
Silencing rate: 0.8144195763796163
Sigma: 3.7610231928607356
Lambda: 1.0
Initial point 3. Random seed: 8961
Solving with ultrametric constraint
Optimal point found for initial point 3
Negative llh: 214.24637503216866
Dropout rate: 0.5436974390410347
Silencing rate: 0.9339164651922666
Sigma: 3.7610231928607356
Lambda: 1.0
Initial point 4. Random seed: 1919
Solving with ultrametric constraint
Optimal point found for initial point 4
Negative llh: 214.24637503216866
Dropout rate: 0.9193673708727269
Silencing rate: 0.47050536616620214
Sigma: 3.7610231928607356
Lambda: 1.0
Initial point 5. Random seed: 7789
Solving with ultrametric constraint
Optimal point found for initial point 5
Negative llh: 214.24637503216866
Dropout rate: 0.5650816137012807
Silencing rate: 0.021261642882255266
Sigma: 3.7610231928607356
Lambda: 1.0
Initial point 6. Random seed: 428
Solving with ultrametric constraint
Optimal point found for initial point 6
Negative llh: 214.24637503216866
Dropout rate: 0.5192115566880582
Silencing rate: 0.510635800376093
Sigma: 3.7610231928607356
Lambda: 1.0
Initial point 7. Random seed: 5285
Solving with ultrametric constraint
Optimal point found for initial point 7
Negative llh: 214.24637503216866
Dropout rate: 0.3093935828431393
Silencing rate: 0.003999494439672863
Sigma: 3.7610231928607356
Lambda: 1.0
Initial point 8. Random seed: 8070
Solving with ultrametric constraint
Optimal point found for initial point 8
Negative llh: 214.24637503216866
Dropout rate: 0.45217082372568523
Silencing rate: 0.9082010289402895
Sigma: 3.7610231928607356
Lambda: 1.0
Initial point 9. Random seed: 6991
Solving with ultrametric constraint
Optimal point found for initial point 9
Negative llh: 214.24637503216866
Dropout rate: 0.8803787026539232
Silencing rate: 0.28307126150536405
Sigma: 3.7610231928607356
Lambda: 1.0
Initial point 10. Random seed: 8233
Solving with ultrametric constraint
Optimal point found for initial point 10
Negative llh: 214.24637503216866
Dropout rate: 0.6439328127655845
Silencing rate: 0.7961046200696112
Sigma: 3.7610231928607356
Lambda: 1.0
{'lambda_param': 1.0, 'phi': 0.541438921009028, 'nu': 0.7763283255047473, 'sigma': 3.7610231928607356, 'locations': {'216_24': (282.0, 101.0), '216_23': (287.0, 108.0), '216_22': (297.0, 135.0), '216_21': (301.0, 151.0), '216_20': (310.0, 142.0), '216_19': (328.0, 153.0), '216_18': (307.0, 160.0), '216_17': (299.0, 181.0), '216_28': (316.0, 182.0), '216_27': (324.0, 202.0), '216_26': (312.0, 204.0), '216_25': (321.0, 226.0), '216_32': (349.0, 113.0), '216_31': (355.0, 138.0), '216_30': (345.0, 153.0), '216_29': (350.0, 178.0), '216_14': (285.0, 158.0), '216_13': (283.0, 173.0), '216_16': (268.0, 140.0), '216_15': (275.0, 147.0), '216_12': (299.0, 202.0), '216_11': (305.0, 216.0), '216_10': (274.0, 236.0), '216_9': (289.0, 242.0), '216_2': (297.0, 228.0), '216_1': (306.0, 251.0), '216_4': (330.0, 213.0), '216_3': (329.0, 237.0), '216_8': (359.0, 158.0), '216_7': (341.0, 143.0), '216_6': (311.0, 171.0), '216_5': (332.0, 176.0)}}
Runtime (s): 980.9274427182972
