Launching Problin version 0.5b
Problin was called as follow: /u/gh2161/Spatial-Division/problin/run_problin.py -c real_location_data/s2c4/k10_r3_character_matrix.csv -t real_location_data/s2c4/true_tree.nwk -S real_location_data/s2c4/leaf_locations.txt --delimiter comma -p real_location_data/s2c4/k10_priors.csv -o real_location_data/s2c4/k10_r3_spalin-spatialonly.txt --nInitials 10 --ultrametric --randomreps 3 --spatial_only
Optimization by Spalin: Scipy-SLSQP using spatial information
Optimizing branch lengths, phi, and nu without topology search
only spatial
Initial point 1. Random seed: 7855
Solving with ultrametric constraint
Optimal point found for initial point 1
Negative llh: 62.06214802517293
Dropout rate: 0.036234698133452176
Silencing rate: 0.6228451603222172
Sigma: 2.516445866122604
Lambda: 1.0
Initial point 2. Random seed: 6124
Solving with ultrametric constraint
Optimal point found for initial point 2
Negative llh: 62.06214802517293
Dropout rate: 0.5174168572615553
Silencing rate: 0.9395420014841457
Sigma: 2.516445866122604
Lambda: 1.0
Initial point 3. Random seed: 353
Solving with ultrametric constraint
Optimal point found for initial point 3
Negative llh: 62.06214802517293
Dropout rate: 0.43545897760257185
Silencing rate: 0.9887590576083637
Sigma: 2.516445866122604
Lambda: 1.0
Initial point 4. Random seed: 1585
Solving with ultrametric constraint
Optimal point found for initial point 4
Negative llh: 62.06214802517293
Dropout rate: 0.8092200755884135
Silencing rate: 0.30732541244281036
Sigma: 2.516445866122604
Lambda: 1.0
Initial point 5. Random seed: 7345
Solving with ultrametric constraint
Optimal point found for initial point 5
Negative llh: 62.06214802517293
Dropout rate: 0.9602570004375174
Silencing rate: 0.3816697298769341
Sigma: 2.516445866122604
Lambda: 1.0
Initial point 6. Random seed: 3208
Solving with ultrametric constraint
Optimal point found for initial point 6
Negative llh: 62.06214802517293
Dropout rate: 0.5944345394799035
Silencing rate: 0.5545841562573032
Sigma: 2.516445866122604
Lambda: 1.0
Initial point 7. Random seed: 2869
Solving with ultrametric constraint
Optimal point found for initial point 7
Negative llh: 62.06214802517293
Dropout rate: 0.7186400938786146
Silencing rate: 0.3312004180612431
Sigma: 2.516445866122604
Lambda: 1.0
Initial point 8. Random seed: 6673
Solving with ultrametric constraint
Optimal point found for initial point 8
Negative llh: 62.06214802517293
Dropout rate: 0.5052828457298072
Silencing rate: 0.11505510277926514
Sigma: 2.516445866122604
Lambda: 1.0
Initial point 9. Random seed: 877
Solving with ultrametric constraint
Optimal point found for initial point 9
Negative llh: 62.06214802517293
Dropout rate: 0.8733094912381516
Silencing rate: 0.8965327921111713
Sigma: 2.516445866122604
Lambda: 1.0
Initial point 10. Random seed: 5673
Solving with ultrametric constraint
Optimal point found for initial point 10
Negative llh: 62.06214802517293
Dropout rate: 0.15029703625641005
Silencing rate: 0.08606799312288034
Sigma: 2.516445866122604
Lambda: 1.0
{'lambda_param': 1.0, 'phi': 0.036234698133452176, 'nu': 0.6228451603222172, 'sigma': 2.516445866122604, 'locations': {'216_2': (461.0, 201.0), '216_1': (442.0, 222.0), '216_4': (472.0, 198.0), '216_8': (450.0, 210.0), '216_7': (432.0, 209.0), '216_5': (426.0, 223.0), '216_10': (438.0, 174.0), '216_9': (430.0, 188.0), '216_11': (404.0, 193.0), '216_13': (413.0, 152.0)}}
Runtime (s): 16.753895211964846
