Launching Problin version 0.5b
Problin was called as follow: /u/gh2161/Spatial-Division/problin/run_problin.py -c real_location_data/s15c7/k10_r3_character_matrix.csv -t real_location_data/s15c7/true_tree.nwk -S real_location_data/s15c7/leaf_locations.txt --delimiter comma -p real_location_data/s15c7/k10_priors.csv -o real_location_data/s15c7/k10_r3_spalin-divide-beta10.txt --nInitials 10 --ultrametric --randomreps 3 --divide --radius 10
Optimization by Spalin-Divide: Scipy-SLSQP using spatial information
Optimizing branch lengths, phi, and nu without topology search
Initial point 1. Random seed: 8083
Solving with ultrametric constraint
Optimal point found for initial point 1
Negative llh: 300.5991644766439
Dropout rate: 1e-10
Silencing rate: 1e-10
Sigma: 1.1540407113656128
Initial point 2. Random seed: 4600
Solving with ultrametric constraint
Optimal point found for initial point 2
Negative llh: 601.2575532919028
Dropout rate: 1.3491962590129665e-05
Silencing rate: 3.37415785449839e-05
Sigma: 8.449244078879547
Initial point 3. Random seed: 4417
Solving with ultrametric constraint
Optimal point found for initial point 3
Negative llh: 300.59922089032784
Dropout rate: 4.800111584604119e-10
Silencing rate: 1.0232485638072214e-10
Sigma: 1.1540108012840424
Initial point 4. Random seed: 8814
Solving with ultrametric constraint
Optimal point found for initial point 4
Negative llh: 300.60050210266013
Dropout rate: 7.519004139791307e-09
Silencing rate: 1.0022117438442814e-10
Sigma: 1.1542017547807948
Initial point 5. Random seed: 6715
Solving with ultrametric constraint
Optimal point found for initial point 5
Negative llh: 300.5996598935043
Dropout rate: 9.999999999999924e-11
Silencing rate: 1e-10
Sigma: 1.1539856666862849
Initial point 6. Random seed: 8192
Solving with ultrametric constraint
Optimal point found for initial point 6
Negative llh: 300.59941066985994
Dropout rate: 1.0000000000000002e-10
Silencing rate: 1e-10
Sigma: 1.153752692598644
Initial point 7. Random seed: 4742
Solving with ultrametric constraint
Optimal point found for initial point 7
Negative llh: 377.93856863523183
Dropout rate: 1e-10
Silencing rate: 1e-10
Sigma: 1.0510266446413798
Initial point 8. Random seed: 219
Solving with ultrametric constraint
Optimal point found for initial point 8
Negative llh: 300.59902064821705
Dropout rate: 1.0001247226336316e-10
Silencing rate: 1.0000624376474468e-10
Sigma: 1.1540516218710593
Initial point 9. Random seed: 7689
Solving with ultrametric constraint
Optimal point found for initial point 9
Negative llh: 300.599063544257
Dropout rate: 1.0064227087916291e-10
Silencing rate: 1.0032153638818414e-10
Sigma: 1.1540599217334788
Initial point 10. Random seed: 7693
Solving with ultrametric constraint
Optimal point found for initial point 10
Negative llh: 300.5991420001964
Dropout rate: 9.999999999999924e-11
Silencing rate: 1e-10
Sigma: 1.1539148892577107
Runtime (s): 3166.589038283564
