Launching Problin version 0.5b
Problin was called as follow: /u/gh2161/Spatial-Division/problin/run_problin.py -c real_location_data/s15c7/k10_r2_character_matrix.csv -t real_location_data/s15c7/true_tree.nwk -S real_location_data/s15c7/leaf_locations.txt --delimiter comma -p real_location_data/s15c7/k10_priors.csv -o real_location_data/s15c7/k10_r2_spalin-divide-beta1.txt --nInitials 10 --ultrametric --randomreps 3 --divide --radius 1
Optimization by Spalin-Divide: Scipy-SLSQP using spatial information
Optimizing branch lengths, phi, and nu without topology search
Initial point 1. Random seed: 3951
Solving with ultrametric constraint
Fatal: failed to optimize using initial point 1
Initial point 2. Random seed: 8204
Solving with ultrametric constraint
Fatal: failed to optimize using initial point 2
Initial point 3. Random seed: 4510
Solving with ultrametric constraint
Optimal point found for initial point 3
Negative llh: 405.41734225045883
Dropout rate: 1.0000000000000007e-10
Silencing rate: 1e-10
Sigma: 1.5750424727685461
Initial point 4. Random seed: 5475
Solving with ultrametric constraint
Optimal point found for initial point 4
Negative llh: 405.4171203955134
Dropout rate: 1.1368893839056194e-09
Silencing rate: 1.0023196856773005e-10
Sigma: 1.5754102106860972
Initial point 5. Random seed: 5185
Solving with ultrametric constraint
Optimal point found for initial point 5
Negative llh: 405.41702093749046
Dropout rate: 1e-10
Silencing rate: 1e-10
Sigma: 1.5754378417148283
Initial point 6. Random seed: 9868
Solving with ultrametric constraint
Fatal: failed to optimize using initial point 6
Initial point 7. Random seed: 145
Solving with ultrametric constraint
Optimal point found for initial point 7
Negative llh: 405.41704067944744
Dropout rate: 1.0000000000000007e-10
Silencing rate: 1.0000000000000007e-10
Sigma: 1.5754713569069254
Initial point 8. Random seed: 3053
Solving with ultrametric constraint
Optimal point found for initial point 8
Negative llh: 405.41683943920555
Dropout rate: 4.784088940115907e-09
Silencing rate: 1.7786541002893402e-09
Sigma: 1.575459387885965
Initial point 9. Random seed: 3507
Solving with ultrametric constraint
Optimal point found for initial point 9
Negative llh: 405.417011113983
Dropout rate: 1e-10
Silencing rate: 1e-10
Sigma: 1.5753280964179723
Initial point 10. Random seed: 3508
Solving with ultrametric constraint
Optimal point found for initial point 10
Negative llh: 405.41690415991957
Dropout rate: 4.068577700598703e-09
Silencing rate: 1.5227965945098198e-09
Sigma: 1.5754989967375144
Runtime (s): 3813.1547211557627
