Launching Problin version 0.5b
Problin was called as follow: /u/gh2161/Spatial-Division/problin/run_problin.py -c real_location_data/s15c7/k10_r4_character_matrix.csv -t real_location_data/s15c7/true_tree.nwk -S real_location_data/s15c7/leaf_locations.txt --delimiter comma -p real_location_data/s15c7/k10_priors.csv -o real_location_data/s15c7/k10_r4_spalin-divide-beta7.txt --nInitials 10 --ultrametric --randomreps 3 --divide --radius 7
Optimization by Spalin-Divide: Scipy-SLSQP using spatial information
Optimizing branch lengths, phi, and nu without topology search
Initial point 1. Random seed: 475
Solving with ultrametric constraint
Optimal point found for initial point 1
Negative llh: 331.0835929045395
Dropout rate: 2.545017773800946e-09
Silencing rate: 1.1683680311668024e-09
Sigma: 1.3011442244573455
Initial point 2. Random seed: 5814
Solving with ultrametric constraint
Optimal point found for initial point 2
Negative llh: 331.0838392109325
Dropout rate: 1e-10
Silencing rate: 1e-10
Sigma: 1.3009225873176813
Initial point 3. Random seed: 8245
Solving with ultrametric constraint
Optimal point found for initial point 3
Negative llh: 331.08353613778456
Dropout rate: 5.61173898035949e-10
Silencing rate: 5.635803244386785e-10
Sigma: 1.3006599279605462
Initial point 4. Random seed: 5031
Solving with ultrametric constraint
Optimal point found for initial point 4
Negative llh: 331.08351016566536
Dropout rate: 1.0000000000000007e-10
Silencing rate: 1.0000000000000002e-10
Sigma: 1.3010197143407132
Initial point 5. Random seed: 8276
Solving with ultrametric constraint
Optimal point found for initial point 5
Negative llh: 331.08382427683296
Dropout rate: 5.136493094702749e-09
Silencing rate: 2.24254486191797e-09
Sigma: 1.30087297811986
Initial point 6. Random seed: 5518
Solving with ultrametric constraint
Optimal point found for initial point 6
Negative llh: 331.0833481953198
Dropout rate: 1.671396134328495e-10
Silencing rate: 2.601175989889363e-10
Sigma: 1.3008045786087545
Initial point 7. Random seed: 4401
Solving with ultrametric constraint
Optimal point found for initial point 7
Negative llh: 331.0839360411968
Dropout rate: 1.3377690683578527e-09
Silencing rate: 1.1189211114686859e-10
Sigma: 1.3006385885866818
Initial point 8. Random seed: 1390
Solving with ultrametric constraint
Fatal: failed to optimize using initial point 8
Initial point 9. Random seed: 905
Solving with ultrametric constraint
Optimal point found for initial point 9
Negative llh: 331.08397507865226
Dropout rate: 1e-10
Silencing rate: 1e-10
Sigma: 1.3009273271154205
Initial point 10. Random seed: 7999
Solving with ultrametric constraint
Optimal point found for initial point 10
Negative llh: 331.0834400026052
Dropout rate: 1.4019897062965092e-10
Silencing rate: 1.3350424959879312e-09
Sigma: 1.3008472773522546
Runtime (s): 2919.552843769081
