Launching Problin version 0.5b
Problin was called as follow: /u/gh2161/Spatial-Division/problin/run_problin.py -c real_location_data/s15c7/k10_r2_character_matrix.csv -t real_location_data/s15c7/true_tree.nwk -S real_location_data/s15c7/leaf_locations.txt --delimiter comma -p real_location_data/s15c7/k10_priors.csv -o real_location_data/s15c7/k10_r2_spalin-divide-beta10.txt --nInitials 10 --ultrametric --randomreps 3 --divide --radius 10
Optimization by Spalin-Divide: Scipy-SLSQP using spatial information
Optimizing branch lengths, phi, and nu without topology search
Initial point 1. Random seed: 6285
Solving with ultrametric constraint
Optimal point found for initial point 1
Negative llh: 348.5185214163184
Dropout rate: 1.0405344064886786e-10
Silencing rate: 1.013825155665395e-10
Sigma: 1.0912644213326856
Initial point 2. Random seed: 992
Solving with ultrametric constraint
Optimal point found for initial point 2
Negative llh: 348.5184934298697
Dropout rate: 3.925962686056761e-09
Silencing rate: 2.426498499892994e-10
Sigma: 1.091393966305426
Initial point 3. Random seed: 2160
Solving with ultrametric constraint
Optimal point found for initial point 3
Negative llh: 348.5187820762295
Dropout rate: 1.0000000000000007e-10
Silencing rate: 1.0000000000000007e-10
Sigma: 1.0914601934118644
Initial point 4. Random seed: 6214
Solving with ultrametric constraint
Optimal point found for initial point 4
Negative llh: 348.51849951863016
Dropout rate: 9.999999999999924e-11
Silencing rate: 1e-10
Sigma: 1.0912764986970125
Initial point 5. Random seed: 7930
Solving with ultrametric constraint
Optimal point found for initial point 5
Negative llh: 348.5191012715502
Dropout rate: 2.3370371839726423e-09
Silencing rate: 1.0011682099572444e-10
Sigma: 1.0910751064969706
Initial point 6. Random seed: 1700
Solving with ultrametric constraint
Optimal point found for initial point 6
Negative llh: 348.51939360961876
Dropout rate: 7.012705346550543e-09
Silencing rate: 1.0340799191982341e-10
Sigma: 1.0913768464929123
Initial point 7. Random seed: 6015
Solving with ultrametric constraint
Optimal point found for initial point 7
Negative llh: 348.5189231998097
Dropout rate: 4.26126946355081e-09
Silencing rate: 1.9671386223100575e-10
Sigma: 1.0914532402839252
Initial point 8. Random seed: 3552
Solving with ultrametric constraint
Optimal point found for initial point 8
Negative llh: 348.5186166886016
Dropout rate: 4.762285124570978e-09
Silencing rate: 1.7006134612673742e-09
Sigma: 1.0913355205312898
Initial point 9. Random seed: 8289
Solving with ultrametric constraint
Optimal point found for initial point 9
Negative llh: 348.51845813739897
Dropout rate: 1e-10
Silencing rate: 1e-10
Sigma: 1.091387628705686
Initial point 10. Random seed: 4221
Solving with ultrametric constraint
Fatal: failed to optimize using initial point 10
Runtime (s): 2363.384333429858
