Launching Problin version 0.5b
Problin was called as follow: /u/gh2161/Spatial-Division/problin/run_problin.py -c intmem_real_data/s2c1/characters.txt -t intmem_real_data/s2c1/true_tree.nwk -S intmem_real_data/s2c1/leaf_locations.txt --delimiter comma -p intmem_real_data/s2c1/prior.csv -o intmem_real_data/s2c1/spalin.txt --nInitials 10 --ultrametric --randomreps 3
Optimization by Spalin: Scipy-SLSQP using spatial information
Optimizing branch lengths, phi, and nu without topology search
Initial point 1. Random seed: 1640
Solving with ultrametric constraint
Optimal point found for initial point 1
Negative llh: 413.7274574006342
Dropout rate: 8.611350049979187e-09
Silencing rate: 6.0539459109640235e-09
Sigma: 2.976494603685362
Lambda: 0.008223138038883257
Initial point 2. Random seed: 4103
Solving with ultrametric constraint
Optimal point found for initial point 2
Negative llh: 413.7272329612786
Dropout rate: 1.913849923869338e-09
Silencing rate: 1.4470911539432475e-09
Sigma: 2.9767457912692965
Lambda: 0.008232733937594619
Initial point 3. Random seed: 7733
Solving with ultrametric constraint
Optimal point found for initial point 3
Negative llh: 413.72766983602537
Dropout rate: 1.0081268469269293e-08
Silencing rate: 7.086364750087996e-09
Sigma: 2.976893865198107
Lambda: 0.008229026371122895
Initial point 4. Random seed: 1144
Solving with ultrametric constraint
Optimal point found for initial point 4
Negative llh: 413.72707923369353
Dropout rate: 1e-10
Silencing rate: 1e-10
Sigma: 2.981123426668224
Lambda: 0.00823179633239227
Initial point 5. Random seed: 3551
Solving with ultrametric constraint
Optimal point found for initial point 5
Negative llh: 413.7262515295788
Dropout rate: 1.0000000559452553e-10
Silencing rate: 1.0000000391703048e-10
Sigma: 2.9763567351912394
Lambda: 0.008227159476282653
Initial point 6. Random seed: 4560
Solving with ultrametric constraint
Optimal point found for initial point 6
Negative llh: 413.7262238338477
Dropout rate: 1e-10
Silencing rate: 1e-10
Sigma: 2.9782698347991037
Lambda: 0.008227387247975263
Initial point 7. Random seed: 256
Solving with ultrametric constraint
Optimal point found for initial point 7
Negative llh: 413.7264181726217
Dropout rate: 1e-10
Silencing rate: 1e-10
Sigma: 2.975440421132958
Lambda: 0.008229826770763818
Initial point 8. Random seed: 6287
Solving with ultrametric constraint
Optimal point found for initial point 8
Negative llh: 413.7261531380789
Dropout rate: 1.9345805797923155e-09
Silencing rate: 1.3840050361246964e-09
Sigma: 2.9769226501843904
Lambda: 0.008229488107533852
Initial point 9. Random seed: 6489
Solving with ultrametric constraint
Optimal point found for initial point 9
Negative llh: 413.7263244341025
Dropout rate: 7.614646049431684e-10
Silencing rate: 5.796916507266265e-10
Sigma: 2.97789620298643
Lambda: 0.008228688296494984
Initial point 10. Random seed: 7446
Solving with ultrametric constraint
Optimal point found for initial point 10
Negative llh: 413.72613941530426
Dropout rate: 1e-10
Silencing rate: 1e-10
Sigma: 2.9775091917743306
Lambda: 0.008227997188574478
{'lambda_param': 0.008227997188574478, 'phi': 1e-10, 'nu': 1e-10, 'sigma': 2.9775091917743306, 'locations': {'216_7': (333.0, 406.0), '216_6': (352.0, 406.0), '216_1': (338.0, 443.0), '216_3': (328.0, 419.0), '216_10': (261.0, 368.0), '216_9': (283.0, 374.0), '216_8': (265.0, 383.0), '216_14': (327.0, 364.0), '216_13': (312.0, 359.0), '216_12': (308.0, 372.0), '216_11': (298.0, 371.0), '216_42': (313.0, 332.0), '216_41': (328.0, 350.0), '216_40': (287.0, 343.0), '216_39': (298.0, 358.0), '216_46': (315.0, 280.0), '216_45': (317.0, 296.0), '216_44': (304.0, 298.0), '216_43': (295.0, 325.0), '216_36': (295.0, 386.0), '216_35': (298.0, 411.0), '216_32': (281.0, 400.0), '216_31': (303.0, 424.0), '216_30': (284.0, 315.0), '216_29': (264.0, 337.0), '216_27': (246.0, 356.0), '216_26': (247.0, 385.0), '216_22': (240.0, 403.0), '216_21': (257.0, 421.0), '216_20': (225.0, 399.0), '216_19': (194.0, 401.0), '216_16': (299.0, 487.0), '216_15': (268.0, 487.0), '216_18': (274.0, 443.0)}}
Runtime (s): 3263.0322073204443
