Launching Problin version 0.5b
Problin was called as follow: /u/gh2161/Spatial-Division/problin/run_problin.py -c real_location_data/s9c4/k10_r3_character_matrix.csv -t real_location_data/s9c4/true_tree.nwk -S real_location_data/s9c4/leaf_locations.txt --delimiter comma -p real_location_data/s9c4/k10_priors.csv -o real_location_data/s9c4/k10_r3_spalin-divide-beta05.txt --nInitials 10 --ultrametric --randomreps 3 --divide --radius 0.5
Optimization by Spalin-Divide: Scipy-SLSQP using spatial information
Optimizing branch lengths, phi, and nu without topology search
Initial point 1. Random seed: 3597
Solving with ultrametric constraint
Optimal point found for initial point 1
Negative llh: 312.40976175843423
Dropout rate: 3.0701370876703916e-10
Silencing rate: 1.7440525724479797e-10
Sigma: 1.8343327281759432
Initial point 2. Random seed: 7752
Solving with ultrametric constraint
Optimal point found for initial point 2
Negative llh: 312.4095899176787
Dropout rate: 1.735093758474823e-09
Silencing rate: 1.0015180142271983e-10
Sigma: 1.8338843780885814
Initial point 3. Random seed: 7227
Solving with ultrametric constraint
Optimal point found for initial point 3
Negative llh: 312.4096429407676
Dropout rate: 1e-10
Silencing rate: 1e-10
Sigma: 1.834033501114236
Initial point 4. Random seed: 4227
Solving with ultrametric constraint
Optimal point found for initial point 4
Negative llh: 312.40977876936506
Dropout rate: 1.9493732233523795e-09
Silencing rate: 1.0260778097859877e-10
Sigma: 1.8338011335672493
Initial point 5. Random seed: 1994
Solving with ultrametric constraint
Optimal point found for initial point 5
Negative llh: 312.4101480465391
Dropout rate: 1.0000000000000007e-10
Silencing rate: 1e-10
Sigma: 1.8338034219250823
Initial point 6. Random seed: 415
Solving with ultrametric constraint
Optimal point found for initial point 6
Negative llh: 312.40968723909504
Dropout rate: 1.741506314162418e-10
Silencing rate: 1e-10
Sigma: 1.8338494007260122
Initial point 7. Random seed: 6971
Solving with ultrametric constraint
Optimal point found for initial point 7
Negative llh: 312.40975701746004
Dropout rate: 5.589537019171428e-10
Silencing rate: 2.7850523275852673e-10
Sigma: 1.834034259652885
Initial point 8. Random seed: 3848
Solving with ultrametric constraint
Optimal point found for initial point 8
Negative llh: 312.4305869108208
Dropout rate: 1.0000308020275876e-10
Silencing rate: 1.0000110283338769e-10
Sigma: 1.8340893915765772
Initial point 9. Random seed: 6776
Solving with ultrametric constraint
Optimal point found for initial point 9
Negative llh: 312.4096607522641
Dropout rate: 6.00701532061762e-09
Silencing rate: 2.216903173000141e-09
Sigma: 1.8335941652763228
Initial point 10. Random seed: 1014
Solving with ultrametric constraint
Optimal point found for initial point 10
Negative llh: 312.4099467173528
Dropout rate: 8.490728283333819e-10
Silencing rate: 1.0007490477820206e-10
Sigma: 1.8333246447924905
Runtime (s): 1934.170363234356
