Launching Problin version 0.5b
Problin was called as follow: /u/gh2161/Spatial-Division/problin/run_problin.py -c real_location_data/s9c4/k10_r5_character_matrix.csv -t real_location_data/s9c4/true_tree.nwk -S real_location_data/s9c4/leaf_locations.txt --delimiter comma -p real_location_data/s9c4/k10_priors.csv -o real_location_data/s9c4/k10_r5_spalin-divide-beta2.txt --nInitials 10 --ultrametric --randomreps 3 --divide --given_beta 2 --incl_beta_bound
Optimization by Spalin-Divide: Scipy-SLSQP using spatial information
Optimizing branch lengths, phi, and nu without topology search
Initial point 1. Random seed: 3792
Solving with ultrametric constraint
Optimal point found for initial point 1
Negative llh: 295.41851513641325
Dropout rate: 2.8280314719403257e-10
Silencing rate: 1.6774138711245617e-10
Sigma: 6.897411967651506
Initial point 2. Random seed: 3434
Solving with ultrametric constraint
Optimal point found for initial point 2
Negative llh: 295.41851530158795
Dropout rate: 1.175994504644444e-10
Silencing rate: 1.0652179191793313e-10
Sigma: 6.897412522159269
Initial point 3. Random seed: 5963
Solving with ultrametric constraint
Optimal point found for initial point 3
Negative llh: 295.41851518181517
Dropout rate: 2.8814919957113605e-10
Silencing rate: 1.7116055581180133e-10
Sigma: 6.897429336127701
Initial point 4. Random seed: 8182
Solving with ultrametric constraint
Fatal: failed to optimize using initial point 4
Initial point 5. Random seed: 9270
Solving with ultrametric constraint
Optimal point found for initial point 5
Negative llh: 295.4185148361014
Dropout rate: 1.386029116501728e-10
Silencing rate: 1.1430426061538167e-10
Sigma: 6.897500015395394
Initial point 6. Random seed: 3221
Solving with ultrametric constraint
Optimal point found for initial point 6
Negative llh: 295.41851579769286
Dropout rate: 1.2521055977101352e-10
Silencing rate: 1.093437677351431e-10
Sigma: 6.897403241069477
Initial point 7. Random seed: 4367
Solving with ultrametric constraint
Optimal point found for initial point 7
Negative llh: 295.418515468564
Dropout rate: 2.316793968645719e-10
Silencing rate: 1.5632843771611242e-10
Sigma: 6.897438614059766
Initial point 8. Random seed: 4247
Solving with ultrametric constraint
Optimal point found for initial point 8
Negative llh: 295.4185150348577
Dropout rate: 1.0166687830741757e-10
Silencing rate: 1.0061767004633847e-10
Sigma: 6.897446573389763
Initial point 9. Random seed: 5453
Solving with ultrametric constraint
Optimal point found for initial point 9
Negative llh: 295.4185154348068
Dropout rate: 1.2791733055642582e-10
Silencing rate: 1.1034506860845547e-10
Sigma: 6.897442053599511
Initial point 10. Random seed: 8928
Solving with ultrametric constraint
Optimal point found for initial point 10
Negative llh: 295.41851472100007
Dropout rate: 1.0069460784064305e-10
Silencing rate: 1.0025738611217678e-10
Sigma: 6.897418728507044
Runtime (s): 1971.2255350071937
