Launching Problin version 0.5b
Problin was called as follow: /u/gh2161/Spatial-Division/problin/run_problin.py -c real_location_data/s9c4/k10_r1_character_matrix.csv -t real_location_data/s9c4/true_tree.nwk -S real_location_data/s9c4/leaf_locations.txt --delimiter comma -p real_location_data/s9c4/k10_priors.csv -o real_location_data/s9c4/k10_r1_spalin-divide-beta3.txt --nInitials 10 --ultrametric --randomreps 3 --divide --radius 3
Optimization by Spalin-Divide: Scipy-SLSQP using spatial information
Optimizing branch lengths, phi, and nu without topology search
Initial point 1. Random seed: 2914
Solving with ultrametric constraint
Optimal point found for initial point 1
Negative llh: 300.3093776044058
Dropout rate: 1.0000000000000007e-10
Silencing rate: 1.0000000000000007e-10
Sigma: 1.8010583489059222
Initial point 2. Random seed: 6274
Solving with ultrametric constraint
Fatal: failed to optimize using initial point 2
Initial point 3. Random seed: 595
Solving with ultrametric constraint
Optimal point found for initial point 3
Negative llh: 300.30904544139594
Dropout rate: 1.0000000000000007e-10
Silencing rate: 1e-10
Sigma: 1.801193890180323
Initial point 4. Random seed: 2681
Solving with ultrametric constraint
Optimal point found for initial point 4
Negative llh: 300.30921102088075
Dropout rate: 2.6975184014324555e-09
Silencing rate: 1.0028195491639017e-10
Sigma: 1.8011543784934274
Initial point 5. Random seed: 9781
Solving with ultrametric constraint
Optimal point found for initial point 5
Negative llh: 300.30909927939524
Dropout rate: 1.3283908785913383e-09
Silencing rate: 2.0845787324601024e-10
Sigma: 1.8012457693687318
Initial point 6. Random seed: 7539
Solving with ultrametric constraint
Optimal point found for initial point 6
Negative llh: 300.3092351060541
Dropout rate: 1e-10
Silencing rate: 1e-10
Sigma: 1.801561099524826
Initial point 7. Random seed: 8229
Solving with ultrametric constraint
Optimal point found for initial point 7
Negative llh: 300.30903406434106
Dropout rate: 4.1402392031920406e-10
Silencing rate: 1.0158262138526674e-10
Sigma: 1.8012409668411862
Initial point 8. Random seed: 5469
Solving with ultrametric constraint
Optimal point found for initial point 8
Negative llh: 300.3090312415933
Dropout rate: 1.200150350143134e-09
Silencing rate: 1.0003124825272203e-10
Sigma: 1.8011130650061093
Initial point 9. Random seed: 3973
Solving with ultrametric constraint
Optimal point found for initial point 9
Negative llh: 300.30892573603694
Dropout rate: 1.0000000000000007e-10
Silencing rate: 1e-10
Sigma: 1.8013579815412037
Initial point 10. Random seed: 4591
Solving with ultrametric constraint
Optimal point found for initial point 10
Negative llh: 300.3089437608447
Dropout rate: 3.5741681202335497e-10
Silencing rate: 1.0000834722645718e-10
Sigma: 1.8014665852150995
Runtime (s): 1238.5184726640582
