Launching Problin version 0.5b
Problin was called as follow: /u/gh2161/Spatial-Division/problin/run_problin.py -c real_location_data/s9c4/k10_r2_character_matrix.csv -t real_location_data/s9c4/true_tree.nwk -S real_location_data/s9c4/leaf_locations.txt --delimiter comma -p real_location_data/s9c4/k10_priors.csv -o real_location_data/s9c4/k10_r2_spalin-divide-beta2.txt --nInitials 10 --ultrametric --randomreps 3 --divide --given_beta 2 --incl_beta_bound
Optimization by Spalin-Divide: Scipy-SLSQP using spatial information
Optimizing branch lengths, phi, and nu without topology search
Initial point 1. Random seed: 7231
Solving with ultrametric constraint
Optimal point found for initial point 1
Negative llh: 287.5983848207693
Dropout rate: 1e-10
Silencing rate: 1e-10
Sigma: 6.80661841113628
Initial point 2. Random seed: 4679
Solving with ultrametric constraint
Optimal point found for initial point 2
Negative llh: 287.59838481408735
Dropout rate: 1.1808358888228782e-10
Silencing rate: 1.0729757970873688e-10
Sigma: 6.806671232172705
Initial point 3. Random seed: 9830
Solving with ultrametric constraint
Optimal point found for initial point 3
Negative llh: 287.59838586657116
Dropout rate: 6.044394595026511e-10
Silencing rate: 3.035417489757011e-10
Sigma: 6.806725634668263
Initial point 4. Random seed: 2055
Solving with ultrametric constraint
Optimal point found for initial point 4
Negative llh: 287.5983851863584
Dropout rate: 4.889301812214729e-10
Silencing rate: 2.7257995678818603e-10
Sigma: 6.806590998416819
Initial point 5. Random seed: 3328
Solving with ultrametric constraint
Optimal point found for initial point 5
Negative llh: 287.5983847140742
Dropout rate: 1.0000000000000002e-10
Silencing rate: 1.0000000000000002e-10
Sigma: 6.806660595938797
Initial point 6. Random seed: 8781
Solving with ultrametric constraint
Optimal point found for initial point 6
Negative llh: 287.5983847024002
Dropout rate: 4.624763865595272e-10
Silencing rate: 2.770261872676972e-10
Sigma: 6.806639771392314
Initial point 7. Random seed: 6326
Solving with ultrametric constraint
Optimal point found for initial point 7
Negative llh: 287.5983845056523
Dropout rate: 1e-10
Silencing rate: 1e-10
Sigma: 6.8066363881250265
Initial point 8. Random seed: 7885
Solving with ultrametric constraint
Optimal point found for initial point 8
Negative llh: 287.5983863255129
Dropout rate: 1.1979226490061894e-10
Silencing rate: 1.0798729975083866e-10
Sigma: 6.806683777726105
Initial point 9. Random seed: 4199
Solving with ultrametric constraint
Optimal point found for initial point 9
Negative llh: 287.598385264139
Dropout rate: 5.627054988395936e-10
Silencing rate: 2.867186725641018e-10
Sigma: 6.806656664244365
Initial point 10. Random seed: 2287
Solving with ultrametric constraint
Optimal point found for initial point 10
Negative llh: 287.598384657897
Dropout rate: 1e-10
Silencing rate: 1e-10
Sigma: 6.806678778703329
Runtime (s): 1709.0413205046207
