Launching Problin version 0.5b
Problin was called as follow: /u/gh2161/Spatial-Division/problin/run_problin.py -c real_location_data/s9c4/k10_r2_character_matrix.csv -t real_location_data/s9c4/true_tree.nwk -S real_location_data/s9c4/leaf_locations.txt --delimiter comma -p real_location_data/s9c4/k10_priors.csv -o real_location_data/s9c4/k10_r2_spalin-divide-beta20.txt --nInitials 10 --ultrametric --randomreps 3 --divide --given_beta 20 --incl_beta_bound
Optimization by Spalin-Divide: Scipy-SLSQP using spatial information
Optimizing branch lengths, phi, and nu without topology search
Initial point 1. Random seed: 1998
Solving with ultrametric constraint
Optimal point found for initial point 1
Negative llh: 271.5789418964624
Dropout rate: 1.404090092398269e-10
Silencing rate: 1.169411511165149e-10
Sigma: 5.0102331743096125
Initial point 2. Random seed: 1110
Solving with ultrametric constraint
Optimal point found for initial point 2
Negative llh: 271.5789400594621
Dropout rate: 1e-10
Silencing rate: 1e-10
Sigma: 5.01021079234271
Initial point 3. Random seed: 6645
Solving with ultrametric constraint
Optimal point found for initial point 3
Negative llh: 271.5789402648791
Dropout rate: 1e-10
Silencing rate: 1e-10
Sigma: 5.010211338660976
Initial point 4. Random seed: 7311
Solving with ultrametric constraint
Fatal: failed to optimize using initial point 4
Initial point 5. Random seed: 8709
Solving with ultrametric constraint
Optimal point found for initial point 5
Negative llh: 271.57894364173796
Dropout rate: 1.041530232356268e-09
Silencing rate: 5.112099369540325e-10
Sigma: 5.010215993588734
Initial point 6. Random seed: 4303
Solving with ultrametric constraint
Optimal point found for initial point 6
Negative llh: 271.57894170715474
Dropout rate: 4.918094007314186e-10
Silencing rate: 2.2892491336446018e-10
Sigma: 5.010213239764015
Initial point 7. Random seed: 542
Solving with ultrametric constraint
Optimal point found for initial point 7
Negative llh: 271.57894845789576
Dropout rate: 1e-10
Silencing rate: 1e-10
Sigma: 5.01021097657026
Initial point 8. Random seed: 7801
Solving with ultrametric constraint
Optimal point found for initial point 8
Negative llh: 271.57894153888674
Dropout rate: 9.999999999999996e-11
Silencing rate: 1.0000000000000002e-10
Sigma: 5.010185161979599
Initial point 9. Random seed: 1220
Solving with ultrametric constraint
Optimal point found for initial point 9
Negative llh: 271.5789427324901
Dropout rate: 9.999999999999996e-11
Silencing rate: 1.0000000000000002e-10
Sigma: 5.010211770083997
Initial point 10. Random seed: 603
Solving with ultrametric constraint
Optimal point found for initial point 10
Negative llh: 271.5789414243156
Dropout rate: 1e-10
Silencing rate: 1e-10
Sigma: 5.010217526909006
Runtime (s): 5360.769182657823
