Launching Problin version 0.5b
Problin was called as follow: /u/gh2161/Spatial-Division/problin/run_problin.py -c real_location_data/s10c2/k10_r5_character_matrix.csv -t real_location_data/s10c2/true_tree.nwk -S real_location_data/s10c2/leaf_locations.txt --delimiter comma -p real_location_data/s10c2/k10_priors.csv -o real_location_data/s10c2/k10_r5_spalin-divide-beta8.txt --nInitials 10 --ultrametric --randomreps 3 --divide --given_beta 8 --incl_beta_bound
Optimization by Spalin-Divide: Scipy-SLSQP using spatial information
Optimizing branch lengths, phi, and nu without topology search
Initial point 1. Random seed: 8129
Solving with ultrametric constraint
Optimal point found for initial point 1
Negative llh: 236.29892651923052
Dropout rate: 1.7952367219020323e-09
Silencing rate: 1.0212669448692394e-09
Sigma: 4.648726120499474
Initial point 2. Random seed: 4104
Solving with ultrametric constraint
Optimal point found for initial point 2
Negative llh: 236.29892281289693
Dropout rate: 2.471480074770855e-10
Silencing rate: 1.611203881475439e-10
Sigma: 4.648740556927517
Initial point 3. Random seed: 6767
Solving with ultrametric constraint
Optimal point found for initial point 3
Negative llh: 236.29892510511968
Dropout rate: 3.5640317950865263e-10
Silencing rate: 2.3274227577204705e-10
Sigma: 4.648663168205846
Initial point 4. Random seed: 1225
Solving with ultrametric constraint
Optimal point found for initial point 4
Negative llh: 236.29892759613352
Dropout rate: 1.0000000000000002e-10
Silencing rate: 9.999999999999999e-11
Sigma: 4.648778484475984
Initial point 5. Random seed: 8135
Solving with ultrametric constraint
Optimal point found for initial point 5
Negative llh: 236.2989250677581
Dropout rate: 2.434921299758616e-10
Silencing rate: 1.643805313466193e-10
Sigma: 4.648723924918387
Initial point 6. Random seed: 2464
Solving with ultrametric constraint
Fatal: failed to optimize using initial point 6
Initial point 7. Random seed: 139
Solving with ultrametric constraint
Optimal point found for initial point 7
Negative llh: 236.2989225960807
Dropout rate: 4.2659140563584394e-10
Silencing rate: 3.155062801901426e-10
Sigma: 4.648729135816179
Initial point 8. Random seed: 6370
Solving with ultrametric constraint
Optimal point found for initial point 8
Negative llh: 236.29892316268732
Dropout rate: 1.0000000000000002e-10
Silencing rate: 1.0000000000000002e-10
Sigma: 4.64876409992851
Initial point 9. Random seed: 6860
Solving with ultrametric constraint
Optimal point found for initial point 9
Negative llh: 236.29892318771925
Dropout rate: 4.1950398109627895e-10
Silencing rate: 2.3270936621135705e-10
Sigma: 4.648725965919501
Initial point 10. Random seed: 5531
Solving with ultrametric constraint
Optimal point found for initial point 10
Negative llh: 236.29893277041725
Dropout rate: 8.4139830491776e-10
Silencing rate: 5.861664978279204e-10
Sigma: 4.648803726240862
Runtime (s): 1201.6351949200034
