Launching Problin version 0.5b
Problin was called as follow: /u/gh2161/Spatial-Division/problin/run_problin.py -c real_location_data/s10c2/k10_r1_character_matrix.csv -t real_location_data/s10c2/true_tree.nwk -S real_location_data/s10c2/leaf_locations.txt --delimiter comma -p real_location_data/s10c2/k10_priors.csv -o real_location_data/s10c2/k10_r1_spalin-divide-beta3.txt --nInitials 10 --ultrametric --randomreps 3 --divide --radius 3
Optimization by Spalin-Divide: Scipy-SLSQP using spatial information
Optimizing branch lengths, phi, and nu without topology search
Initial point 1. Random seed: 2590
Solving with ultrametric constraint
Optimal point found for initial point 1
Negative llh: 271.14562576617527
Dropout rate: 1.0000000000000007e-10
Silencing rate: 1e-10
Sigma: 1.5541168431754275
Initial point 2. Random seed: 654
Solving with ultrametric constraint
Fatal: failed to optimize using initial point 2
Initial point 3. Random seed: 1064
Solving with ultrametric constraint
Optimal point found for initial point 3
Negative llh: 271.1458573411829
Dropout rate: 1.9810570945329657e-09
Silencing rate: 9.305860329706007e-10
Sigma: 1.5542796897353852
Initial point 4. Random seed: 2870
Solving with ultrametric constraint
Optimal point found for initial point 4
Negative llh: 271.14631630494347
Dropout rate: 1.6120132612168644e-10
Silencing rate: 1.0000457922272704e-10
Sigma: 1.5536877708919545
Initial point 5. Random seed: 3685
Solving with ultrametric constraint
Optimal point found for initial point 5
Negative llh: 271.14605709473636
Dropout rate: 1.0000000000000007e-10
Silencing rate: 1.0012657349285367e-10
Sigma: 1.554629385105464
Initial point 6. Random seed: 1370
Solving with ultrametric constraint
Optimal point found for initial point 6
Negative llh: 271.1459188030541
Dropout rate: 1.0000000000000002e-10
Silencing rate: 1.0000000000000002e-10
Sigma: 1.5539531069567618
Initial point 7. Random seed: 1316
Solving with ultrametric constraint
Optimal point found for initial point 7
Negative llh: 271.1499208879263
Dropout rate: 1e-10
Silencing rate: 1e-10
Sigma: 1.5547429884105166
Initial point 8. Random seed: 8076
Solving with ultrametric constraint
Fatal: failed to optimize using initial point 8
Initial point 9. Random seed: 6587
Solving with ultrametric constraint
Optimal point found for initial point 9
Negative llh: 268746.0356409136
Dropout rate: 0.00035087332269094257
Silencing rate: 0.003880510811419303
Sigma: 11.038688968880273
Initial point 10. Random seed: 6605
Solving with ultrametric constraint
Fatal: failed to optimize using initial point 10
Runtime (s): 579.3979020193219
