Launching Problin version 0.5b
Problin was called as follow: /u/gh2161/Spatial-Division/problin/run_problin.py -c real_location_data/s10c2/k10_r4_character_matrix.csv -t real_location_data/s10c2/true_tree.nwk -S real_location_data/s10c2/leaf_locations.txt --delimiter comma -p real_location_data/s10c2/k10_priors.csv -o real_location_data/s10c2/k10_r4_spalin-divide-beta20.txt --nInitials 10 --ultrametric --randomreps 3 --divide --given_beta 20 --incl_beta_bound
Optimization by Spalin-Divide: Scipy-SLSQP using spatial information
Optimizing branch lengths, phi, and nu without topology search
Initial point 1. Random seed: 3928
Solving with ultrametric constraint
Optimal point found for initial point 1
Negative llh: 240.89976778626118
Dropout rate: 1e-10
Silencing rate: 1.848440940116791e-10
Sigma: 3.8886519625455027
Initial point 2. Random seed: 4510
Solving with ultrametric constraint
Optimal point found for initial point 2
Negative llh: 240.89975117190062
Dropout rate: 1e-10
Silencing rate: 1e-10
Sigma: 3.8890631590563083
Initial point 3. Random seed: 4111
Solving with ultrametric constraint
Optimal point found for initial point 3
Negative llh: 240.89975675413098
Dropout rate: 9.999999999999996e-11
Silencing rate: 1.0000000000000002e-10
Sigma: 3.889399308855839
Initial point 4. Random seed: 762
Solving with ultrametric constraint
Optimal point found for initial point 4
Negative llh: 240.89974988583614
Dropout rate: 9.611393563264302e-10
Silencing rate: 4.3246065243715473e-10
Sigma: 3.8890517644232587
Initial point 5. Random seed: 3501
Solving with ultrametric constraint
Optimal point found for initial point 5
Negative llh: 240.89975338249263
Dropout rate: 1e-10
Silencing rate: 1e-10
Sigma: 3.889111136372256
Initial point 6. Random seed: 6978
Solving with ultrametric constraint
Optimal point found for initial point 6
Negative llh: 240.89976012883716
Dropout rate: 1.0588864661777734e-09
Silencing rate: 2.736811748838728e-10
Sigma: 3.889137506605411
Initial point 7. Random seed: 5752
Solving with ultrametric constraint
Optimal point found for initial point 7
Negative llh: 240.8997506360363
Dropout rate: 1.2946127186867127e-09
Silencing rate: 4.994882145149137e-10
Sigma: 3.8889933782926227
Initial point 8. Random seed: 9527
Solving with ultrametric constraint
Optimal point found for initial point 8
Negative llh: 240.8997517170126
Dropout rate: 6.219058730472815e-10
Silencing rate: 3.900496272069965e-10
Sigma: 3.8889832764136543
Initial point 9. Random seed: 8146
Solving with ultrametric constraint
Optimal point found for initial point 9
Negative llh: 240.89975188438177
Dropout rate: 1.2471821940382119e-09
Silencing rate: 7.09194925652482e-10
Sigma: 3.8889514776571064
Initial point 10. Random seed: 7811
Solving with ultrametric constraint
Optimal point found for initial point 10
Negative llh: 240.89975292901534
Dropout rate: 1e-10
Silencing rate: 1e-10
Sigma: 3.889058550567162
Runtime (s): 1365.1558688096702
