Launching Problin version 0.5b
Problin was called as follow: /u/gh2161/Spatial-Division/problin/run_problin.py -c real_location_data/s10c2/k10_r2_character_matrix.csv -t real_location_data/s10c2/true_tree.nwk -S real_location_data/s10c2/leaf_locations.txt --delimiter comma -p real_location_data/s10c2/k10_priors.csv -o real_location_data/s10c2/k10_r2_spalin.txt --nInitials 10 --ultrametric --randomreps 3
Optimization by Spalin: Scipy-SLSQP using spatial information
Optimizing branch lengths, phi, and nu without topology search
Initial point 1. Random seed: 6722
Solving with ultrametric constraint
Optimal point found for initial point 1
Negative llh: 214.69092890312396
Dropout rate: 1e-10
Silencing rate: 1e-10
Sigma: 3.3954197798252768
Lambda: 0.005733791076499128
Initial point 2. Random seed: 2287
Solving with ultrametric constraint
Optimal point found for initial point 2
Negative llh: 214.69141579096976
Dropout rate: 6.703491280371911e-10
Silencing rate: 4.0175724711242045e-10
Sigma: 3.389129204412979
Lambda: 0.00572842489187997
Initial point 3. Random seed: 1931
Solving with ultrametric constraint
Optimal point found for initial point 3
Negative llh: 214.69073971260892
Dropout rate: 4.629921513559781e-10
Silencing rate: 2.494526918729107e-10
Sigma: 3.3947608376298555
Lambda: 0.005731778919732153
Initial point 4. Random seed: 7208
Solving with ultrametric constraint
Optimal point found for initial point 4
Negative llh: 214.69073652825813
Dropout rate: 1.0000000000000007e-10
Silencing rate: 1.0000000000000007e-10
Sigma: 3.395048196806986
Lambda: 0.005729054815015675
Initial point 5. Random seed: 6896
Solving with ultrametric constraint
Optimal point found for initial point 5
Negative llh: 214.6906634402115
Dropout rate: 1e-10
Silencing rate: 1e-10
Sigma: 3.394822756068602
Lambda: 0.005728321134318624
Initial point 6. Random seed: 764
Solving with ultrametric constraint
Optimal point found for initial point 6
Negative llh: 214.69073553619546
Dropout rate: 2.0200643069316775e-09
Silencing rate: 8.925186106653235e-10
Sigma: 3.3945477567743274
Lambda: 0.0057269277469780226
Initial point 7. Random seed: 2399
Solving with ultrametric constraint
Optimal point found for initial point 7
Negative llh: 214.69093304547462
Dropout rate: 9.651407954076313e-10
Silencing rate: 5.364283393558759e-10
Sigma: 3.3928496268523967
Lambda: 0.005727222882627673
Initial point 8. Random seed: 7726
Solving with ultrametric constraint
Optimal point found for initial point 8
Negative llh: 214.6909556062838
Dropout rate: 1.3580519869140367e-09
Silencing rate: 7.158402256121763e-10
Sigma: 3.3941295381453607
Lambda: 0.00572590002040723
Initial point 9. Random seed: 3710
Solving with ultrametric constraint
Optimal point found for initial point 9
Negative llh: 214.69074162599878
Dropout rate: 1.1685459673649818e-10
Silencing rate: 1.0604857936636253e-10
Sigma: 3.3948991943003226
Lambda: 0.005728077492158561
Initial point 10. Random seed: 8189
Solving with ultrametric constraint
Optimal point found for initial point 10
Negative llh: 214.69126900231413
Dropout rate: 3.685889204187623e-10
Silencing rate: 5.38831588990093e-10
Sigma: 3.3970804766657485
Lambda: 0.005721674492471269
{'lambda_param': 0.005728321134318624, 'phi': 1e-10, 'nu': 1e-10, 'sigma': 3.394822756068602, 'locations': {'216_14': (250.0, 232.0), '216_13': (232.0, 233.0), '216_15': (189.0, 230.0), '216_20': (205.0, 196.0), '216_19': (172.0, 199.0), '216_18': (128.0, 218.0), '216_17': (135.0, 232.0), '216_12': (159.0, 214.0), '216_11': (168.0, 231.0), '216_10': (233.0, 248.0), '216_9': (223.0, 279.0), '216_2': (160.0, 290.0), '216_1': (168.0, 313.0), '216_4': (177.0, 278.0), '216_3': (184.0, 303.0), '216_6': (198.0, 283.0), '216_5': (196.0, 311.0), '216_8': (206.0, 254.0), '216_7': (177.0, 265.0)}}
Runtime (s): 339.7054207045585
