Launching Problin version 0.5b
Problin was called as follow: /u/gh2161/Spatial-Division/problin/run_problin.py -c real_location_data/s10c2/k10_r3_character_matrix.csv -t real_location_data/s10c2/true_tree.nwk -S real_location_data/s10c2/leaf_locations.txt --delimiter comma -p real_location_data/s10c2/k10_priors.csv -o real_location_data/s10c2/k10_r3_spalin-divide-beta5-spatialonly.txt --nInitials 10 --ultrametric --randomreps 3 --divide --radius 5 --spatial_only
Optimization by Spalin-Divide: Scipy-SLSQP using spatial information
Optimizing branch lengths, phi, and nu without topology search
only spatial
only spatial
Initial point 1. Random seed: 5186
Solving with ultrametric constraint
Optimal point found for initial point 1
Negative llh: 148.77045941940682
Dropout rate: 0.323386870082528
Silencing rate: 0.5754022480453438
Sigma: 1.3921206506785448
Lambda: 1.0
Initial point 2. Random seed: 8380
Solving with ultrametric constraint
Optimal point found for initial point 2
Negative llh: 148.7690912730227
Dropout rate: 0.5924122743450305
Silencing rate: 0.34467775604454576
Sigma: 1.3927686735752527
Lambda: 1.0
Initial point 3. Random seed: 8388
Solving with ultrametric constraint
Optimal point found for initial point 3
Negative llh: 148.76525692249882
Dropout rate: 0.23408885506219365
Silencing rate: 0.8346277004794993
Sigma: 1.3953430473198998
Lambda: 1.0
Initial point 4. Random seed: 491
Solving with ultrametric constraint
Optimal point found for initial point 4
Negative llh: 148.7991626103933
Dropout rate: 0.9129001208276849
Silencing rate: 0.919128361150855
Sigma: 1.5777928579416398
Lambda: 1.0
Initial point 5. Random seed: 2001
Solving with ultrametric constraint
Optimal point found for initial point 5
Negative llh: 148.76525788571647
Dropout rate: 0.3273395493813556
Silencing rate: 0.023878835542044938
Sigma: 1.3954984480531243
Lambda: 1.0
Initial point 6. Random seed: 2389
Solving with ultrametric constraint
Optimal point found for initial point 6
Negative llh: 148.76587425768832
Dropout rate: 0.9090016313595551
Silencing rate: 0.2598857883318738
Sigma: 1.3941655809062263
Lambda: 1.0
Initial point 7. Random seed: 7579
Solving with ultrametric constraint
Optimal point found for initial point 7
Negative llh: 148.76525744897918
Dropout rate: 0.1943484778159491
Silencing rate: 0.19662905247950008
Sigma: 1.3954490984813552
Lambda: 1.0
Initial point 8. Random seed: 402
Solving with ultrametric constraint
Optimal point found for initial point 8
Negative llh: 148.76525705880857
Dropout rate: 0.8121018471797085
Silencing rate: 0.8083085515816323
Sigma: 1.3953467190707651
Lambda: 1.0
Initial point 9. Random seed: 3794
Solving with ultrametric constraint
Optimal point found for initial point 9
Negative llh: 148.7652570505336
Dropout rate: 0.961886849785035
Silencing rate: 0.41278543687370495
Sigma: 1.3953740447182612
Lambda: 1.0
Initial point 10. Random seed: 3315
Solving with ultrametric constraint
Optimal point found for initial point 10
Negative llh: 148.7658674168939
Dropout rate: 0.2679422774735981
Silencing rate: 0.6970807711570787
Sigma: 1.3941770958296864
Lambda: 1.0
{'lambda_param': 1.0, 'phi': 0.23408885506219365, 'nu': 0.8346277004794993, 'sigma': 1.3953430473198998, 'locations': {'216_14': (250.0, 232.0), '216_13': (232.0, 233.0), '216_15': (189.0, 230.0), '216_20': (205.0, 196.0), '216_19': (172.0, 199.0), '216_18': (128.0, 218.0), '216_17': (135.0, 232.0), '216_12': (159.0, 214.0), '216_11': (168.0, 231.0), '216_10': (233.0, 248.0), '216_9': (223.0, 279.0), '216_2': (160.0, 290.0), '216_1': (168.0, 313.0), '216_4': (177.0, 278.0), '216_3': (184.0, 303.0), '216_6': (198.0, 283.0), '216_5': (196.0, 311.0), '216_8': (206.0, 254.0), '216_7': (177.0, 265.0)}, 'radius': 5.0, 'thetas': {'201_4': 2.779016227208405, '210_4': 1.6421591467046668, '157_2': 4.576189534860189, '205_2': 1.2978064360889454, '210_1': 1.2360728500989353, '162_1': -0.5861771841074963, '108_1': 5.641181056200873, '174_5': 1.8828566380074865, '174_6': 7.36707926298312, '119_3': 0.5658198525203363, '62_1': 1.9215405123591207, '175_11': 1.1071283151472568, '175_12': 3.0509485015351197, '119_5': 2.6600436173053166, '188_9': 3.0860950966765084, '125_5': 0.04720272808389105, '62_2': 3.5338455763850645, '20_1': 1.4408554787882555}}
Runtime (s): 1320.6699334038422
