Launching Problin version 0.5b
Problin was called as follow: /u/gh2161/Spatial-Division/problin/run_problin.py -c real_location_data/s10c2/k10_r5_character_matrix.csv -t real_location_data/s10c2/true_tree.nwk --delimiter comma -p real_location_data/s10c2/k10_priors.csv -o real_location_data/s10c2/k10_r5_problin.txt --nInitials 10 --ultrametric --randomreps 3 --solver Scipy
Optimization by generic solver (Scipy-SLSQP)
Optimizing branch lengths, phi, and nu without topology search
Initial point 1. Random seed: 5980
Solving with ultrametric constraint
Optimal point found for initial point 1
Negative llh: 94.13422709971712
Dropout rate: 1.7616055506791226e-09
Silencing rate: 8.120006824717513e-10
Lambda: 0.005652839558150346
Initial point 2. Random seed: 3134
Solving with ultrametric constraint
Optimal point found for initial point 2
Negative llh: 94.13435964698894
Dropout rate: 1.3623725562765597e-09
Silencing rate: 6.32123176096241e-10
Lambda: 0.0056514756528200545
Initial point 3. Random seed: 4736
Solving with ultrametric constraint
Optimal point found for initial point 3
Negative llh: 94.13425309609609
Dropout rate: 1e-10
Silencing rate: 1e-10
Lambda: 0.005653506813240791
Initial point 4. Random seed: 3169
Solving with ultrametric constraint
Optimal point found for initial point 4
Negative llh: 94.13456309572936
Dropout rate: 1.0000000000000007e-10
Silencing rate: 1.0000000000000002e-10
Lambda: 0.0056537112120876665
Initial point 5. Random seed: 6624
Solving with ultrametric constraint
Optimal point found for initial point 5
Negative llh: 94.1341643820567
Dropout rate: 1.0000000000000002e-10
Silencing rate: 1e-10
Lambda: 0.005653807932718761
Initial point 6. Random seed: 7458
Solving with ultrametric constraint
Optimal point found for initial point 6
Negative llh: 94.13414291339616
Dropout rate: 1.0345858667466773e-10
Silencing rate: 2.5824637693280914e-10
Lambda: 0.005653136209322542
Initial point 7. Random seed: 484
Solving with ultrametric constraint
Optimal point found for initial point 7
Negative llh: 94.13491913938208
Dropout rate: 2.013462535379431e-09
Silencing rate: 8.343169959299699e-10
Lambda: 0.005642826582105921
Initial point 8. Random seed: 8904
Solving with ultrametric constraint
Optimal point found for initial point 8
Negative llh: 94.13419460289094
Dropout rate: 1e-10
Silencing rate: 1e-10
Lambda: 0.00565268538210841
Initial point 9. Random seed: 1741
Solving with ultrametric constraint
Optimal point found for initial point 9
Negative llh: 94.13439367965586
Dropout rate: 1e-10
Silencing rate: 1e-10
Lambda: 0.005653717330517078
Initial point 10. Random seed: 4019
Solving with ultrametric constraint
Optimal point found for initial point 10
Negative llh: 94.1348503598986
Dropout rate: 1.2138848670046843e-10
Silencing rate: 3.438644931397158e-10
Lambda: 0.0056486935913875784
{'phi': 1.0345858667466773e-10, 'nu': 2.5824637693280914e-10, 'lambda_param': 0.005653136209322542}
Runtime (s): 81.24497813917696
