Launching Problin version 0.5b
Problin was called as follow: /u/gh2161/Spatial-Division/problin/run_problin.py -c real_location_data/s10c2/k10_r4_character_matrix.csv -t real_location_data/s10c2/true_tree.nwk -S real_location_data/s10c2/leaf_locations.txt --delimiter comma -p real_location_data/s10c2/k10_priors.csv -o real_location_data/s10c2/k10_r4_spalin-divide-beta3.txt --nInitials 10 --ultrametric --randomreps 3 --divide --radius 3
Optimization by Spalin-Divide: Scipy-SLSQP using spatial information
Optimizing branch lengths, phi, and nu without topology search
Initial point 1. Random seed: 792
Solving with ultrametric constraint
Optimal point found for initial point 1
Negative llh: 268.9366215807321
Dropout rate: 9.999999999999996e-11
Silencing rate: 1e-10
Sigma: 1.4991951722684262
Initial point 2. Random seed: 2386
Solving with ultrametric constraint
Optimal point found for initial point 2
Negative llh: 268.93624241522974
Dropout rate: 8.472909707360539e-10
Silencing rate: 3.5059378075832523e-10
Sigma: 1.4997788522609607
Initial point 3. Random seed: 3075
Solving with ultrametric constraint
Optimal point found for initial point 3
Negative llh: 294.1901324441054
Dropout rate: 1e-10
Silencing rate: 1e-10
Sigma: 1.9725851658261766
Initial point 4. Random seed: 7194
Solving with ultrametric constraint
Fatal: failed to optimize using initial point 4
Initial point 5. Random seed: 9022
Solving with ultrametric constraint
Optimal point found for initial point 5
Negative llh: 268.9360459373411
Dropout rate: 3.4405433007396796e-10
Silencing rate: 1.0004199094672045e-10
Sigma: 1.4980067924319902
Initial point 6. Random seed: 745
Solving with ultrametric constraint
Optimal point found for initial point 6
Negative llh: 268.93605811071006
Dropout rate: 1e-10
Silencing rate: 1e-10
Sigma: 1.4988563186126
Initial point 7. Random seed: 2512
Solving with ultrametric constraint
Optimal point found for initial point 7
Negative llh: 396771.7374701375
Dropout rate: 4.518331755356066e-06
Silencing rate: 0.31555919267285304
Sigma: 9.759569133620044
Initial point 8. Random seed: 7134
Solving with ultrametric constraint
Optimal point found for initial point 8
Negative llh: 32759.861814071275
Dropout rate: 5.8778377941903656e-05
Silencing rate: 0.016982509345876372
Sigma: 5.252667907297746
Initial point 9. Random seed: 4284
Solving with ultrametric constraint
Optimal point found for initial point 9
Negative llh: 268.93642450714754
Dropout rate: 4.182305147671856e-10
Silencing rate: 2.1123349848546723e-10
Sigma: 1.4987713297073009
Initial point 10. Random seed: 4085
Solving with ultrametric constraint
Optimal point found for initial point 10
Negative llh: 268.9358040979661
Dropout rate: 1.0000000000000007e-10
Silencing rate: 1.0000502772352953e-10
Sigma: 1.4992904168642056
Runtime (s): 545.4756637476385
