Launching Problin version 0.5b
Problin was called as follow: /u/gh2161/Spatial-Division/problin/run_problin.py -c intmem_real_data/s1c2/characters.txt -t intmem_real_data/s1c2/true_tree.nwk --delimiter comma -p intmem_real_data/s1c2/prior.csv -o intmem_real_data/s1c2/problin.txt --nInitials 10 --ultrametric --randomreps 3 --solver Scipy
Optimization by generic solver (Scipy-SLSQP)
Optimizing branch lengths, phi, and nu without topology search
Initial point 1. Random seed: 4857
Solving with ultrametric constraint
Optimal point found for initial point 1
Negative llh: 24.23412898880611
Dropout rate: 1.0984271248433422e-10
Silencing rate: 1.0368541211976866e-10
Lambda: 0.0009766769631769892
Initial point 2. Random seed: 377
Solving with ultrametric constraint
Optimal point found for initial point 2
Negative llh: 17.73700008734837
Dropout rate: 1.6461047926118232e-10
Silencing rate: 1.24663186374231e-10
Lambda: 0.005089310575077766
Initial point 3. Random seed: 5965
Solving with ultrametric constraint
Optimal point found for initial point 3
Negative llh: 24.23410880351944
Dropout rate: 1e-10
Silencing rate: 1e-10
Lambda: 0.000976680062670229
Initial point 4. Random seed: 7485
Solving with ultrametric constraint
Optimal point found for initial point 4
Negative llh: 17.736999664422758
Dropout rate: 1.5000684396738814e-10
Silencing rate: 1.1496855044407171e-10
Lambda: 0.005089569972968575
Initial point 5. Random seed: 1528
Solving with ultrametric constraint
Optimal point found for initial point 5
Negative llh: 17.73699982904078
Dropout rate: 1e-10
Silencing rate: 1e-10
Lambda: 0.005090622500668792
Initial point 6. Random seed: 3815
Solving with ultrametric constraint
Optimal point found for initial point 6
Negative llh: 17.736999495090817
Dropout rate: 1e-10
Silencing rate: 1e-10
Lambda: 0.005090087008953395
Initial point 7. Random seed: 4935
Solving with ultrametric constraint
Optimal point found for initial point 7
Negative llh: 17.73699988320622
Dropout rate: 1.1065184121833724e-10
Silencing rate: 1.0331929094769495e-10
Lambda: 0.005089265353784248
Initial point 8. Random seed: 3244
Solving with ultrametric constraint
Optimal point found for initial point 8
Negative llh: 17.736999505898314
Dropout rate: 1.109979222084785e-10
Silencing rate: 1.0624784014660899e-10
Lambda: 0.00509023677944484
Initial point 9. Random seed: 2935
Solving with ultrametric constraint
Optimal point found for initial point 9
Negative llh: 17.736999543300346
Dropout rate: 1e-10
Silencing rate: 1e-10
Lambda: 0.005089890471474666
Initial point 10. Random seed: 3809
Solving with ultrametric constraint
Optimal point found for initial point 10
Negative llh: 24.23408315461711
Dropout rate: 1e-10
Silencing rate: 1e-10
Lambda: 0.0009766840144289667
{'phi': 1e-10, 'nu': 1e-10, 'lambda_param': 0.005090087008953395}
Runtime (s): 1.3042670711874962
