Launching Problin version 0.5b
Problin was called as follow: /u/gh2161/Spatial-Division/problin/run_problin.py -c real_location_data/s10c4/k10_r5_character_matrix.csv -t real_location_data/s10c4/true_tree.nwk -S real_location_data/s10c4/leaf_locations.txt --delimiter comma -p real_location_data/s10c4/k10_priors.csv -o real_location_data/s10c4/k10_r5_spalin-divide-beta3.txt --nInitials 10 --ultrametric --randomreps 3 --divide --radius 3
Optimization by Spalin-Divide: Scipy-SLSQP using spatial information
Optimizing branch lengths, phi, and nu without topology search
Initial point 1. Random seed: 2731
Solving with ultrametric constraint
Optimal point found for initial point 1
Negative llh: 112.84884226266429
Dropout rate: 4.3993246230605335e-10
Silencing rate: 1.0024523357817279e-10
Sigma: 1.6506970479316105
Initial point 2. Random seed: 5318
Solving with ultrametric constraint
Optimal point found for initial point 2
Negative llh: 112.84884197511778
Dropout rate: 1e-10
Silencing rate: 1e-10
Sigma: 1.6507592847934247
Initial point 3. Random seed: 8184
Solving with ultrametric constraint
Optimal point found for initial point 3
Negative llh: 112.84911277569228
Dropout rate: 1.0000000000000002e-10
Silencing rate: 1e-10
Sigma: 1.6501459689206088
Initial point 4. Random seed: 5926
Solving with ultrametric constraint
Optimal point found for initial point 4
Negative llh: 112.84884199904111
Dropout rate: 1e-10
Silencing rate: 1e-10
Sigma: 1.6507360497722467
Initial point 5. Random seed: 8117
Solving with ultrametric constraint
Optimal point found for initial point 5
Negative llh: 112.84884284935367
Dropout rate: 1e-10
Silencing rate: 1e-10
Sigma: 1.650834041872814
Initial point 6. Random seed: 9781
Solving with ultrametric constraint
Optimal point found for initial point 6
Negative llh: 133.01423883156724
Dropout rate: 1e-10
Silencing rate: 1e-10
Sigma: 1.5611294093080244
Initial point 7. Random seed: 3967
Solving with ultrametric constraint
Optimal point found for initial point 7
Negative llh: 112.84885726451162
Dropout rate: 1e-10
Silencing rate: 1e-10
Sigma: 1.6510338951810841
Initial point 8. Random seed: 9619
Solving with ultrametric constraint
Optimal point found for initial point 8
Negative llh: 112.84884246721268
Dropout rate: 4.229864937735882e-10
Silencing rate: 1.0066207156371174e-10
Sigma: 1.6507071048316986
Initial point 9. Random seed: 7336
Solving with ultrametric constraint
Optimal point found for initial point 9
Negative llh: 112.84886934715666
Dropout rate: 3.049876516782455e-10
Silencing rate: 1.0000178068052224e-10
Sigma: 1.6507852680036976
Initial point 10. Random seed: 3606
Solving with ultrametric constraint
Optimal point found for initial point 10
Negative llh: 133.01294713053497
Dropout rate: 1e-10
Silencing rate: 1e-10
Sigma: 1.5613036902669362
Runtime (s): 281.5101351570338
