Launching Problin version 0.5b
Problin was called as follow: /u/gh2161/Spatial-Division/problin/run_problin.py -c real_location_data/s10c4/k10_r4_character_matrix.csv -t real_location_data/s10c4/true_tree.nwk -S real_location_data/s10c4/leaf_locations.txt --delimiter comma -p real_location_data/s10c4/k10_priors.csv -o real_location_data/s10c4/k10_r4_spalin-divide-beta1.txt --nInitials 10 --ultrametric --randomreps 3 --divide --radius 1
Optimization by Spalin-Divide: Scipy-SLSQP using spatial information
Optimizing branch lengths, phi, and nu without topology search
Initial point 1. Random seed: 5579
Solving with ultrametric constraint
Optimal point found for initial point 1
Negative llh: 133.937819444331
Dropout rate: 1e-10
Silencing rate: 1e-10
Sigma: 1.5608738301727474
Initial point 2. Random seed: 2399
Solving with ultrametric constraint
Optimal point found for initial point 2
Negative llh: 133.93865647292031
Dropout rate: 2.7821186587433575e-10
Silencing rate: 1.0093174994062058e-10
Sigma: 1.5611737222289714
Initial point 3. Random seed: 1459
Solving with ultrametric constraint
Optimal point found for initial point 3
Negative llh: 138.96770938730023
Dropout rate: 3.778926194299683e-10
Silencing rate: 1.3002076084061246e-10
Sigma: 1.388697967981825
Initial point 4. Random seed: 1196
Solving with ultrametric constraint
Optimal point found for initial point 4
Negative llh: 138.9683046968127
Dropout rate: 1.7638481825517937e-10
Silencing rate: 1.6269044589238607e-10
Sigma: 1.3881637949706376
Initial point 5. Random seed: 5350
Solving with ultrametric constraint
Optimal point found for initial point 5
Negative llh: 133.93786243985426
Dropout rate: 3.229520774599262e-10
Silencing rate: 1.0541411584158912e-10
Sigma: 1.5609565311427067
Initial point 6. Random seed: 6360
Solving with ultrametric constraint
Optimal point found for initial point 6
Negative llh: 133.93816733555042
Dropout rate: 1.0000000000000002e-10
Silencing rate: 1e-10
Sigma: 1.562154182390199
Initial point 7. Random seed: 2730
Solving with ultrametric constraint
Optimal point found for initial point 7
Negative llh: 133.93784373872506
Dropout rate: 3.0499402775186047e-10
Silencing rate: 1.0000905204431773e-10
Sigma: 1.56098490919828
Initial point 8. Random seed: 9143
Solving with ultrametric constraint
Optimal point found for initial point 8
Negative llh: 133.93790612945293
Dropout rate: 1.6906575341003825e-10
Silencing rate: 1.0005109547826586e-10
Sigma: 1.5607973011464256
Initial point 9. Random seed: 6330
Solving with ultrametric constraint
Optimal point found for initial point 9
Negative llh: 133.9383024105244
Dropout rate: 1.6816539343231547e-10
Silencing rate: 1.1656022596631084e-10
Sigma: 1.5615739217408888
Initial point 10. Random seed: 3284
Solving with ultrametric constraint
Optimal point found for initial point 10
Negative llh: 133.93812372087686
Dropout rate: 1e-10
Silencing rate: 1e-10
Sigma: 1.5613658565403787
Runtime (s): 253.5967489280738
