Launching Problin version 0.5b
Problin was called as follow: run_problin.py -c spalin_simulations_with_sep/s2c9/k10_character_matrix.csv -t spalin_simulations_with_sep/s2c9/true_tree.nwk --delimiter comma -p spalin_simulations_with_sep/s2c9/k10_priors.csv -o spalin_simulations_with_sep/s2c9/k10_problin --nInitials 10 --ultrametric
Optimization by EM algorithm
Optimizing branch lengths, phi, and nu without topology search
Initial point 1. Random seed: 2963
Solving with ultrametric constraint
Initial phi: 0.040707413322001076. Initial nu: 0.0875663505995531. Initial nllh: 4234.090012160395
EM finished after 8 iterations.
Optimal point found for initial point 1
Negative llh: 51.45966526581988
Dropout rate: 0
Silencing rate: 1.474619198601568e-06
Initial point 2. Random seed: 1561
Solving with ultrametric constraint
Initial phi: 0.24391496100926927. Initial nu: 0.0299123284363902. Initial nllh: 88.82931217968095
EM finished after 4 iterations.
Optimal point found for initial point 2
Negative llh: 51.45966619356636
Dropout rate: 0
Silencing rate: 1.4757040625159204e-06
Initial point 3. Random seed: 9706
Solving with ultrametric constraint
Initial phi: 0.23329831078087285. Initial nu: 0.37579475518447997. Initial nllh: 98.82815013570394
EM finished after 9 iterations.
Optimal point found for initial point 3
Negative llh: 51.45966523087624
Dropout rate: 0
Silencing rate: 1.4754630446417806e-06
Initial point 4. Random seed: 369
Solving with ultrametric constraint
Initial phi: 0.9882628719966999. Initial nu: 0.8580559941191336. Initial nllh: 658.6124775556905
EM finished after 9 iterations.
Optimal point found for initial point 4
Negative llh: 51.459665203716966
Dropout rate: 0
Silencing rate: 1.4745826268779574e-06
Initial point 5. Random seed: 4308
Solving with ultrametric constraint
Initial phi: 0.9055560824083265. Initial nu: 0.14652984942988198. Initial nllh: 363.23105960677833
EM finished after 7 iterations.
Optimal point found for initial point 5
Negative llh: 51.4596652952985
Dropout rate: 0
Silencing rate: 1.4762480412601658e-06
Initial point 6. Random seed: 1698
Solving with ultrametric constraint
Initial phi: 0.922929754947583. Initial nu: 0.18669022397594154. Initial nllh: 391.0300776194451
EM finished after 8 iterations.
Optimal point found for initial point 6
Negative llh: 51.459665171576624
Dropout rate: 0
Silencing rate: 1.4745970936154217e-06
Initial point 7. Random seed: 2015
Solving with ultrametric constraint
Initial phi: 0.1204357261564076. Initial nu: 0.2372632042152056. Initial nllh: 76.24499576187722
EM finished after 8 iterations.
Optimal point found for initial point 7
Negative llh: 51.45966524291988
Dropout rate: 0
Silencing rate: 1.4763845828484097e-06
Initial point 8. Random seed: 1400
Solving with ultrametric constraint
Initial phi: 0.25830231170681517. Initial nu: 0.049370122964751385. Initial nllh: 91.99138852437832
EM finished after 6 iterations.
Optimal point found for initial point 8
Negative llh: 51.45966514625292
Dropout rate: 0
Silencing rate: 1.4724077951164296e-06
Initial point 9. Random seed: 6361
Solving with ultrametric constraint
Initial phi: 0.7508200855115057. Initial nu: 0.8715301967247009. Initial nllh: 261.8680525137933
EM finished after 9 iterations.
Optimal point found for initial point 9
Negative llh: 51.45966521740676
Dropout rate: 0
Silencing rate: 1.4758145800959678e-06
Initial point 10. Random seed: 3654
Solving with ultrametric constraint
Initial phi: 0.6009047062768568. Initial nu: 0.7881025668915389. Initial nllh: 197.78586007826505
EM finished after 9 iterations.
Optimal point found for initial point 10
Negative llh: 51.45966521951458
Dropout rate: 0
Silencing rate: 1.4748574560986091e-06
Runtime (s): 5.690565362805501
