Launching Problin version 0.5b
Problin was called as follow: /u/gh2161/Spatial-Division/problin/run_problin.py -c real_location_data/s10c4/k10_r2_character_matrix.csv -t real_location_data/s10c4/true_tree.nwk -S real_location_data/s10c4/leaf_locations.txt --delimiter comma -p real_location_data/s10c4/k10_priors.csv -o real_location_data/s10c4/k10_r2_spalin-divide-beta9.txt --nInitials 10 --ultrametric --randomreps 3 --divide --given_beta 9 --incl_beta_bound
Optimization by Spalin-Divide: Scipy-SLSQP using spatial information
Optimizing branch lengths, phi, and nu without topology search
Initial point 1. Random seed: 1376
Solving with ultrametric constraint
Optimal point found for initial point 1
Negative llh: 105.38196616049512
Dropout rate: 9.729915855467179e-10
Silencing rate: 1.0522602704194987e-09
Sigma: 4.0982316367110485
Initial point 2. Random seed: 3794
Solving with ultrametric constraint
Optimal point found for initial point 2
Negative llh: 105.38196484071756
Dropout rate: 2.641801258114676e-10
Silencing rate: 2.356434270705501e-10
Sigma: 4.098171057051318
Initial point 3. Random seed: 5152
Solving with ultrametric constraint
Optimal point found for initial point 3
Negative llh: 105.38196482994688
Dropout rate: 1.00012420745189e-10
Silencing rate: 1e-10
Sigma: 4.098004957682105
Initial point 4. Random seed: 1422
Solving with ultrametric constraint
Optimal point found for initial point 4
Negative llh: 105.38196418311148
Dropout rate: 3.6258421854915135e-10
Silencing rate: 2.811573252725801e-10
Sigma: 4.098083714017327
Initial point 5. Random seed: 599
Solving with ultrametric constraint
Optimal point found for initial point 5
Negative llh: 105.38196410159797
Dropout rate: 1.020916118642038e-10
Silencing rate: 1.0100986347325433e-10
Sigma: 4.098153211108198
Initial point 6. Random seed: 5813
Solving with ultrametric constraint
Optimal point found for initial point 6
Negative llh: 105.3819641111865
Dropout rate: 1e-10
Silencing rate: 1e-10
Sigma: 4.098160677528218
Initial point 7. Random seed: 7914
Solving with ultrametric constraint
Optimal point found for initial point 7
Negative llh: 105.38196416005651
Dropout rate: 1.7419973997353462e-10
Silencing rate: 1.5103150186128413e-10
Sigma: 4.098182405321654
Initial point 8. Random seed: 2841
Solving with ultrametric constraint
Optimal point found for initial point 8
Negative llh: 105.38196411837467
Dropout rate: 1.0814667825409955e-10
Silencing rate: 1.0393337442029687e-10
Sigma: 4.098157002549792
Initial point 9. Random seed: 1032
Solving with ultrametric constraint
Optimal point found for initial point 9
Negative llh: 105.38196777315736
Dropout rate: 3.9965146959573403e-10
Silencing rate: 2.516365975615344e-10
Sigma: 4.098747591805234
Initial point 10. Random seed: 8491
Solving with ultrametric constraint
Optimal point found for initial point 10
Negative llh: 105.38196413007257
Dropout rate: 2.2343344840615504e-10
Silencing rate: 1.8908600388980011e-10
Sigma: 4.0981611584667075
Runtime (s): 261.931836290285
