Launching Problin version 0.5b
Problin was called as follow: /u/gh2161/Spatial-Division/problin/run_problin.py -c real_location_data/s10c4/k10_r4_character_matrix.csv -t real_location_data/s10c4/true_tree.nwk -S real_location_data/s10c4/leaf_locations.txt --delimiter comma -p real_location_data/s10c4/k10_priors.csv -o real_location_data/s10c4/k10_r4_spalin-divide-beta20.txt --nInitials 10 --ultrametric --randomreps 3 --divide --given_beta 20 --incl_beta_bound
Optimization by Spalin-Divide: Scipy-SLSQP using spatial information
Optimizing branch lengths, phi, and nu without topology search
Initial point 1. Random seed: 4107
Solving with ultrametric constraint
Optimal point found for initial point 1
Negative llh: 104.6022975947023
Dropout rate: 1.37035364240659e-10
Silencing rate: 1.0989141780441175e-10
Sigma: 2.870587958982705
Initial point 2. Random seed: 5443
Solving with ultrametric constraint
Optimal point found for initial point 2
Negative llh: 104.60229752122257
Dropout rate: 1.3352082123635037e-10
Silencing rate: 1.22132122675384e-10
Sigma: 2.8706747034394438
Initial point 3. Random seed: 8237
Solving with ultrametric constraint
Optimal point found for initial point 3
Negative llh: 104.6022973868188
Dropout rate: 1e-10
Silencing rate: 1e-10
Sigma: 2.87064715530511
Initial point 4. Random seed: 3121
Solving with ultrametric constraint
Optimal point found for initial point 4
Negative llh: 104.60229698719347
Dropout rate: 1e-10
Silencing rate: 1e-10
Sigma: 2.8705792571496236
Initial point 5. Random seed: 6227
Solving with ultrametric constraint
Optimal point found for initial point 5
Negative llh: 104.60229700559692
Dropout rate: 1e-10
Silencing rate: 1e-10
Sigma: 2.8707037914823763
Initial point 6. Random seed: 2511
Solving with ultrametric constraint
Optimal point found for initial point 6
Negative llh: 104.60229666083612
Dropout rate: 9.293766135030329e-10
Silencing rate: 4.077555113695755e-10
Sigma: 2.870605115932252
Initial point 7. Random seed: 4832
Solving with ultrametric constraint
Optimal point found for initial point 7
Negative llh: 104.60230182552648
Dropout rate: 3.6962565443605263e-10
Silencing rate: 1.319376338595337e-10
Sigma: 2.8708001908594762
Initial point 8. Random seed: 7332
Solving with ultrametric constraint
Optimal point found for initial point 8
Negative llh: 104.60229737068306
Dropout rate: 3.5607208769145647e-10
Silencing rate: 1.6682253575864107e-10
Sigma: 2.870700168106558
Initial point 9. Random seed: 1585
Solving with ultrametric constraint
Optimal point found for initial point 9
Negative llh: 104.60229758307926
Dropout rate: 1e-10
Silencing rate: 1e-10
Sigma: 2.8706581510394984
Initial point 10. Random seed: 9997
Solving with ultrametric constraint
Optimal point found for initial point 10
Negative llh: 104.6022979092578
Dropout rate: 5.122713867124868e-10
Silencing rate: 4.1144586031705355e-10
Sigma: 2.870633082655226
Runtime (s): 416.22820093890186
