Launching Problin version 0.5b
Problin was called as follow: /u/gh2161/Spatial-Division/problin/run_problin.py -c real_location_data/s10c4/k10_r2_character_matrix.csv -t real_location_data/s10c4/true_tree.nwk -S real_location_data/s10c4/leaf_locations.txt --delimiter comma -p real_location_data/s10c4/k10_priors.csv -o real_location_data/s10c4/k10_r2_spalin-divide-beta20.txt --nInitials 10 --ultrametric --randomreps 3 --divide --given_beta 20 --incl_beta_bound
Optimization by Spalin-Divide: Scipy-SLSQP using spatial information
Optimizing branch lengths, phi, and nu without topology search
Initial point 1. Random seed: 2480
Solving with ultrametric constraint
Optimal point found for initial point 1
Negative llh: 90.07237047952786
Dropout rate: 1e-10
Silencing rate: 1e-10
Sigma: 2.730670094809364
Initial point 2. Random seed: 1861
Solving with ultrametric constraint
Optimal point found for initial point 2
Negative llh: 90.07237123731011
Dropout rate: 1e-10
Silencing rate: 1e-10
Sigma: 2.7306665154104603
Initial point 3. Random seed: 9508
Solving with ultrametric constraint
Optimal point found for initial point 3
Negative llh: 90.07237070195808
Dropout rate: 1e-10
Silencing rate: 1e-10
Sigma: 2.7306903659748736
Initial point 4. Random seed: 4983
Solving with ultrametric constraint
Optimal point found for initial point 4
Negative llh: 90.07237570564072
Dropout rate: 2.9954070830551456e-10
Silencing rate: 1e-10
Sigma: 2.7307515244991607
Initial point 5. Random seed: 6553
Solving with ultrametric constraint
Optimal point found for initial point 5
Negative llh: 90.07237170603504
Dropout rate: 1e-10
Silencing rate: 1e-10
Sigma: 2.7307023132509274
Initial point 6. Random seed: 2056
Solving with ultrametric constraint
Optimal point found for initial point 6
Negative llh: 90.07237069448936
Dropout rate: 2.4866892447538266e-09
Silencing rate: 1e-10
Sigma: 2.7306976231324214
Initial point 7. Random seed: 7340
Solving with ultrametric constraint
Optimal point found for initial point 7
Negative llh: 90.07238015710256
Dropout rate: 1e-10
Silencing rate: 1.372148396280924e-10
Sigma: 2.730763555761448
Initial point 8. Random seed: 7165
Solving with ultrametric constraint
Optimal point found for initial point 8
Negative llh: 90.07237795280551
Dropout rate: 2.593485325497078e-10
Silencing rate: 1.2296107759830537e-10
Sigma: 2.7305604269120263
Initial point 9. Random seed: 7392
Solving with ultrametric constraint
Optimal point found for initial point 9
Negative llh: 90.07237999863527
Dropout rate: 1.0000000000000002e-10
Silencing rate: 1.0000000000000002e-10
Sigma: 2.730430019869403
Initial point 10. Random seed: 5435
Solving with ultrametric constraint
Optimal point found for initial point 10
Negative llh: 90.0723830612775
Dropout rate: 5.692703594881756e-10
Silencing rate: 3.331596677306522e-10
Sigma: 2.730925354502104
Runtime (s): 306.7381169758737
