Launching Problin version 0.5b
Problin was called as follow: /u/gh2161/Spatial-Division/problin/run_problin.py -c real_location_data/s10c4/k10_r3_character_matrix.csv -t real_location_data/s10c4/true_tree.nwk -S real_location_data/s10c4/leaf_locations.txt --delimiter comma -p real_location_data/s10c4/k10_priors.csv -o real_location_data/s10c4/k10_r3_spalin-divide-beta9.txt --nInitials 10 --ultrametric --randomreps 3 --divide --given_beta 9 --incl_beta_bound
Optimization by Spalin-Divide: Scipy-SLSQP using spatial information
Optimizing branch lengths, phi, and nu without topology search
Initial point 1. Random seed: 9428
Solving with ultrametric constraint
Optimal point found for initial point 1
Negative llh: 108.43855269642707
Dropout rate: 1.069729526205783e-10
Silencing rate: 1.0376753291788467e-10
Sigma: 4.167661394195169
Initial point 2. Random seed: 8995
Solving with ultrametric constraint
Optimal point found for initial point 2
Negative llh: 108.4385527412409
Dropout rate: 1e-10
Silencing rate: 1e-10
Sigma: 4.167646821718414
Initial point 3. Random seed: 9995
Solving with ultrametric constraint
Optimal point found for initial point 3
Negative llh: 108.43855383857907
Dropout rate: 1e-10
Silencing rate: 1e-10
Sigma: 4.167628065546079
Initial point 4. Random seed: 9292
Solving with ultrametric constraint
Optimal point found for initial point 4
Negative llh: 108.4385527529779
Dropout rate: 2.5447167119918503e-10
Silencing rate: 2.6079041226551995e-10
Sigma: 4.167717114952915
Initial point 5. Random seed: 5180
Solving with ultrametric constraint
Optimal point found for initial point 5
Negative llh: 108.43855754258811
Dropout rate: 2.9721829334766634e-10
Silencing rate: 1.8228713616173749e-10
Sigma: 4.168548103124733
Initial point 6. Random seed: 5781
Solving with ultrametric constraint
Optimal point found for initial point 6
Negative llh: 108.43855393086123
Dropout rate: 1.529030508592598e-10
Silencing rate: 1.2518328736058738e-10
Sigma: 4.167608759169627
Initial point 7. Random seed: 943
Solving with ultrametric constraint
Optimal point found for initial point 7
Negative llh: 108.43855274137232
Dropout rate: 3.0182463265732635e-10
Silencing rate: 2.2341269929009097e-10
Sigma: 4.167658770261235
Initial point 8. Random seed: 1965
Solving with ultrametric constraint
Optimal point found for initial point 8
Negative llh: 108.43855380468744
Dropout rate: 1e-10
Silencing rate: 1e-10
Sigma: 4.167610315564122
Initial point 9. Random seed: 9055
Solving with ultrametric constraint
Optimal point found for initial point 9
Negative llh: 108.43855311352397
Dropout rate: 2.9154336441840466e-10
Silencing rate: 2.1015719102555977e-10
Sigma: 4.167683610552388
Initial point 10. Random seed: 866
Solving with ultrametric constraint
Optimal point found for initial point 10
Negative llh: 108.43855468951082
Dropout rate: 6.963933177901103e-10
Silencing rate: 4.6377972482826e-10
Sigma: 4.167492979687712
Runtime (s): 366.34559771604836
