Launching Problin version 0.5b
Problin was called as follow: /u/gh2161/Spatial-Division/problin/run_problin.py -c real_location_data/s10c4/k10_r1_character_matrix.csv -t real_location_data/s10c4/true_tree.nwk -S real_location_data/s10c4/leaf_locations.txt --delimiter comma -p real_location_data/s10c4/k10_priors.csv -o real_location_data/s10c4/k10_r1_spalin-spatialonly.txt --nInitials 10 --ultrametric --randomreps 3 --spatial_only
Optimization by Spalin: Scipy-SLSQP using spatial information
Optimizing branch lengths, phi, and nu without topology search
only spatial
Initial point 1. Random seed: 7501
Solving with ultrametric constraint
Optimal point found for initial point 1
Negative llh: 65.0670663916729
Dropout rate: 0.6221662818982348
Silencing rate: 0.030334505192401953
Sigma: 2.3239621592221926
Lambda: 1.0
Initial point 2. Random seed: 5491
Solving with ultrametric constraint
Optimal point found for initial point 2
Negative llh: 65.0670663916729
Dropout rate: 0.1908633509636697
Silencing rate: 0.8384832090877801
Sigma: 2.3239621592221926
Lambda: 1.0
Initial point 3. Random seed: 6842
Solving with ultrametric constraint
Optimal point found for initial point 3
Negative llh: 65.0670663916729
Dropout rate: 0.4566559048036083
Silencing rate: 0.2819090811359472
Sigma: 2.3239621592221926
Lambda: 1.0
Initial point 4. Random seed: 6261
Solving with ultrametric constraint
Optimal point found for initial point 4
Negative llh: 65.0670663916729
Dropout rate: 0.28841496582176596
Silencing rate: 0.24536136651651366
Sigma: 2.3239621592221926
Lambda: 1.0
Initial point 5. Random seed: 2937
Solving with ultrametric constraint
Optimal point found for initial point 5
Negative llh: 65.0670663916729
Dropout rate: 0.20865528693300195
Silencing rate: 0.01636435536130452
Sigma: 2.3239621592221926
Lambda: 1.0
Initial point 6. Random seed: 231
Solving with ultrametric constraint
Optimal point found for initial point 6
Negative llh: 65.0670663916729
Dropout rate: 0.8575117985355991
Silencing rate: 0.8570102652596586
Sigma: 2.3239621592221926
Lambda: 1.0
Initial point 7. Random seed: 6942
Solving with ultrametric constraint
Optimal point found for initial point 7
Negative llh: 65.0670663916729
Dropout rate: 0.8769185774404482
Silencing rate: 0.36728800436354714
Sigma: 2.3239621592221926
Lambda: 1.0
Initial point 8. Random seed: 8159
Solving with ultrametric constraint
Optimal point found for initial point 8
Negative llh: 65.0670663916729
Dropout rate: 0.7540131257379669
Silencing rate: 0.667751342780332
Sigma: 2.3239621592221926
Lambda: 1.0
Initial point 9. Random seed: 3587
Solving with ultrametric constraint
Optimal point found for initial point 9
Negative llh: 65.0670663916729
Dropout rate: 0.8828061401633736
Silencing rate: 0.06780579290214583
Sigma: 2.3239621592221926
Lambda: 1.0
Initial point 10. Random seed: 61
Solving with ultrametric constraint
Optimal point found for initial point 10
Negative llh: 65.0670663916729
Dropout rate: 0.28885059789453826
Silencing rate: 0.29350561042614176
Sigma: 2.3239621592221926
Lambda: 1.0
{'lambda_param': 1.0, 'phi': 0.6221662818982348, 'nu': 0.030334505192401953, 'sigma': 2.3239621592221926, 'locations': {'216_2': (304.0, 256.0), '216_1': (322.0, 282.0), '216_4': (336.0, 274.0), '216_3': (367.0, 284.0), '216_10': (364.0, 247.0), '216_9': (387.0, 244.0), '216_8': (352.0, 254.0), '216_7': (354.0, 289.0), '216_6': (327.0, 242.0), '216_5': (316.0, 270.0)}}
Runtime (s): 19.495478499680758
