Launching Problin version 0.5b
Problin was called as follow: /u/gh2161/Spatial-Division/problin/run_problin.py -c real_location_data/s10c4/k10_r3_character_matrix.csv -t real_location_data/s10c4/true_tree.nwk -S real_location_data/s10c4/leaf_locations.txt --delimiter comma -p real_location_data/s10c4/k10_priors.csv -o real_location_data/s10c4/k10_r3_spalin-divide-beta20.txt --nInitials 10 --ultrametric --randomreps 3 --divide --given_beta 20 --incl_beta_bound
Optimization by Spalin-Divide: Scipy-SLSQP using spatial information
Optimizing branch lengths, phi, and nu without topology search
Initial point 1. Random seed: 7469
Solving with ultrametric constraint
Optimal point found for initial point 1
Negative llh: 91.68000845459576
Dropout rate: 1.5538123497838487e-10
Silencing rate: 1e-10
Sigma: 2.689356884560309
Initial point 2. Random seed: 21
Solving with ultrametric constraint
Optimal point found for initial point 2
Negative llh: 91.68000839720682
Dropout rate: 1.1488356170713746e-10
Silencing rate: 1e-10
Sigma: 2.6893496667811556
Initial point 3. Random seed: 5543
Solving with ultrametric constraint
Optimal point found for initial point 3
Negative llh: 91.68000842599167
Dropout rate: 2.541965481604452e-10
Silencing rate: 1.2333185003786347e-10
Sigma: 2.689342353932139
Initial point 4. Random seed: 3405
Solving with ultrametric constraint
Optimal point found for initial point 4
Negative llh: 91.68000843442528
Dropout rate: 1e-10
Silencing rate: 1e-10
Sigma: 2.689311271013571
Initial point 5. Random seed: 8047
Solving with ultrametric constraint
Optimal point found for initial point 5
Negative llh: 91.68000883637177
Dropout rate: 1.0000000000000002e-10
Silencing rate: 1e-10
Sigma: 2.6893253755406508
Initial point 6. Random seed: 4031
Solving with ultrametric constraint
Optimal point found for initial point 6
Negative llh: 91.68000821991099
Dropout rate: 2.6427073510552744e-10
Silencing rate: 1e-10
Sigma: 2.689288821016229
Initial point 7. Random seed: 7498
Solving with ultrametric constraint
Optimal point found for initial point 7
Negative llh: 91.6800115757116
Dropout rate: 2.269656842461112e-10
Silencing rate: 1.8882190332773156e-10
Sigma: 2.6893749419603403
Initial point 8. Random seed: 8519
Solving with ultrametric constraint
Optimal point found for initial point 8
Negative llh: 91.68001343343059
Dropout rate: 5.262434596949113e-10
Silencing rate: 3.3247065932847486e-10
Sigma: 2.6886986585565475
Initial point 9. Random seed: 7032
Solving with ultrametric constraint
Optimal point found for initial point 9
Negative llh: 91.68000824080721
Dropout rate: 1.471352086985075e-10
Silencing rate: 2.742593199289703e-10
Sigma: 2.6893158646647
Initial point 10. Random seed: 3403
Solving with ultrametric constraint
Optimal point found for initial point 10
Negative llh: 91.68002386059752
Dropout rate: 3.3315025627215584e-10
Silencing rate: 1.0000000000000002e-10
Sigma: 2.690169255655511
Runtime (s): 469.0441722329706
