Launching Problin version 0.5b
Problin was called as follow: /u/gh2161/Spatial-Division/problin/run_problin.py -c intmem_real_data/s4c7/characters.txt -t intmem_real_data/s4c7/true_tree.nwk -S intmem_real_data/s4c7/leaf_locations.txt --delimiter comma -p intmem_real_data/s4c7/prior.csv -o intmem_real_data/s4c7/spalin_spatialonly.txt --nInitials 10 --ultrametric --spatial_only
Optimization by Spalin: Scipy-SLSQP using spatial information
Optimizing branch lengths, phi, and nu without topology search
only spatial
Initial point 1. Random seed: 3658
Solving with ultrametric constraint
Optimal point found for initial point 1
Negative llh: 21.247698571503452
Dropout rate: 0.5311546171530911
Silencing rate: 0.4696575751838337
Sigma: 3.46559659790694
Lambda: 1.0
Initial point 2. Random seed: 7382
Solving with ultrametric constraint
Optimal point found for initial point 2
Negative llh: 21.247698675154854
Dropout rate: 0.4669433605264227
Silencing rate: 0.4559909343812291
Sigma: 3.4709430430435586
Lambda: 1.0
Initial point 3. Random seed: 1370
Solving with ultrametric constraint
Optimal point found for initial point 3
Negative llh: 21.247698518362064
Dropout rate: 0.7824993921603594
Silencing rate: 0.06095326075837237
Sigma: 3.465777377148786
Lambda: 1.0
Initial point 4. Random seed: 4580
Solving with ultrametric constraint
Optimal point found for initial point 4
Negative llh: 21.2476986178234
Dropout rate: 0.2315766362349903
Silencing rate: 0.08345487497934789
Sigma: 3.4740924765142713
Lambda: 1.0
Initial point 5. Random seed: 3427
Solving with ultrametric constraint
Optimal point found for initial point 5
Negative llh: 21.24769857564694
Dropout rate: 0.6510852660305406
Silencing rate: 0.9564605888580803
Sigma: 3.471837649461012
Lambda: 1.0
Initial point 6. Random seed: 8519
Solving with ultrametric constraint
Optimal point found for initial point 6
Negative llh: 21.247698585459087
Dropout rate: 0.45749849497664397
Silencing rate: 0.9482894246932808
Sigma: 3.4720424902729143
Lambda: 1.0
Initial point 7. Random seed: 8994
Solving with ultrametric constraint
Optimal point found for initial point 7
Negative llh: 21.247698927011513
Dropout rate: 0.33377606084521094
Silencing rate: 0.6023213848990544
Sigma: 3.4695097284903054
Lambda: 1.0
Initial point 8. Random seed: 983
Solving with ultrametric constraint
Optimal point found for initial point 8
Negative llh: 21.247698558168217
Dropout rate: 0.8805422521272875
Silencing rate: 0.5860638602604248
Sigma: 3.4741329274488733
Lambda: 1.0
Initial point 9. Random seed: 3947
Solving with ultrametric constraint
Optimal point found for initial point 9
Negative llh: 21.247698577489757
Dropout rate: 0.3426545406927518
Silencing rate: 0.31498052717307623
Sigma: 3.4735202780149668
Lambda: 1.0
Initial point 10. Random seed: 5865
Solving with ultrametric constraint
Optimal point found for initial point 10
Negative llh: 21.247698593763822
Dropout rate: 0.8943336700121641
Silencing rate: 0.9500807805449504
Sigma: 3.472288691354628
Lambda: 1.0
{'lambda_param': 1.0, 'phi': 0.7824993921603594, 'nu': 0.06095326075837237, 'sigma': 3.465777377148786, 'locations': {'216_11': (197.0, 339.0), '216_10': (158.0, 331.0), '216_2': (232.0, 303.0), '216_1': (237.0, 312.0)}}
Runtime (s): 1.591710887150839
