Launching Problin version 0.5b
Problin was called as follow: /u/gh2161/Spatial-Division/problin/run_problin.py -c intmem_real_data/s4c7/characters.txt -t intmem_real_data/s4c7/true_tree.nwk -S intmem_real_data/s4c7/leaf_locations.txt --delimiter comma -p intmem_real_data/s4c7/prior.csv -o intmem_real_data/s4c7/spalin-divide-beta5.txt --nInitials 10 --ultrametric --randomreps 3 --divide --radius 5
Optimization by Spalin-Divide: Scipy-SLSQP using spatial information
Optimizing branch lengths, phi, and nu without topology search
Initial point 1. Random seed: 4902
Solving with ultrametric constraint
Optimal point found for initial point 1
Negative llh: 40.491559271234976
Dropout rate: 1e-10
Silencing rate: 1e-10
Sigma: 1.3543321068469634
Lambda: 0.01297552189465934
Initial point 2. Random seed: 2975
Solving with ultrametric constraint
Optimal point found for initial point 2
Negative llh: 59.66363023729429
Dropout rate: 1.1162088180001239e-10
Silencing rate: 1.0312493898662828e-10
Sigma: 1.4641949354528765
Lambda: 0.0009766559645478746
Initial point 3. Random seed: 4474
Solving with ultrametric constraint
Optimal point found for initial point 3
Negative llh: 40.491559749133444
Dropout rate: 1.1309351814350619e-10
Silencing rate: 1e-10
Sigma: 1.3544190999513563
Lambda: 0.012976573568057424
Initial point 4. Random seed: 9856
Solving with ultrametric constraint
Optimal point found for initial point 4
Negative llh: 59.66367800301528
Dropout rate: 1e-10
Silencing rate: 1e-10
Sigma: 1.4640293955413082
Lambda: 0.0009766521517790066
Initial point 5. Random seed: 5897
Solving with ultrametric constraint
Optimal point found for initial point 5
Negative llh: 40.49155934459412
Dropout rate: 1.8618997646699372e-10
Silencing rate: 1.1697253921915836e-10
Sigma: 1.3543871480761456
Lambda: 0.012975232968574087
Initial point 6. Random seed: 4962
Solving with ultrametric constraint
Optimal point found for initial point 6
Negative llh: 40.49155952644449
Dropout rate: 2.2054692149221946e-10
Silencing rate: 1e-10
Sigma: 1.3543420437395226
Lambda: 0.012975835335326232
Initial point 7. Random seed: 333
Solving with ultrametric constraint
Optimal point found for initial point 7
Negative llh: 40.491560351858325
Dropout rate: 1.0000000000000007e-10
Silencing rate: 1.000000000000009e-10
Sigma: 1.3543598866249489
Lambda: 0.012975633272952173
Initial point 8. Random seed: 87
Solving with ultrametric constraint
Optimal point found for initial point 8
Negative llh: 40.49156008642598
Dropout rate: 1e-10
Silencing rate: 1e-10
Sigma: 1.3543434906513023
Lambda: 0.012975628434445684
Initial point 9. Random seed: 2322
Solving with ultrametric constraint
Optimal point found for initial point 9
Negative llh: 40.4915593493767
Dropout rate: 1.0000000000000002e-10
Silencing rate: 1.0000000000000002e-10
Sigma: 1.354369801768227
Lambda: 0.012976795551540604
Initial point 10. Random seed: 6990
Solving with ultrametric constraint
Optimal point found for initial point 10
Negative llh: 59.66370409822723
Dropout rate: 1e-10
Silencing rate: 1e-10
Sigma: 1.4638739701960888
Lambda: 0.0009766503845560067
{'lambda_param': 0.01297552189465934, 'phi': 1e-10, 'nu': 1e-10, 'sigma': 1.3543321068469634, 'locations': {'216_11': (197.0, 339.0), '216_10': (158.0, 331.0), '216_2': (232.0, 303.0), '216_1': (237.0, 312.0)}, 'radius': 5.0, 'thetas': {'165_8': -40.63838498468465, '189_1': 7.346883007304418, '32_1': 21.54163432221512}}
Runtime (s): 13.12707537226379
