Launching Problin version 0.5b
Problin was called as follow: /u/gh2161/Spatial-Division/problin/run_problin.py -c real_location_data/s14c6/k10_r2_character_matrix.csv -t real_location_data/s14c6/true_tree.nwk -S real_location_data/s14c6/leaf_locations.txt --delimiter comma -p real_location_data/s14c6/k10_priors.csv -o real_location_data/s14c6/k10_r2_spalin-divide-beta05.txt --nInitials 10 --ultrametric --randomreps 3 --divide --radius 0.5
Optimization by Spalin-Divide: Scipy-SLSQP using spatial information
Optimizing branch lengths, phi, and nu without topology search
Initial point 1. Random seed: 7447
Solving with ultrametric constraint
Optimal point found for initial point 1
Negative llh: 117.48561028133896
Dropout rate: 5.251734658649031e-10
Silencing rate: 1.0012053339175173e-10
Sigma: 1.6565272095868926
Initial point 2. Random seed: 6807
Solving with ultrametric constraint
Optimal point found for initial point 2
Negative llh: 117.4861691512739
Dropout rate: 1.8439155255500504e-10
Silencing rate: 1.0226834843742503e-10
Sigma: 1.6570517375344604
Initial point 3. Random seed: 1760
Solving with ultrametric constraint
Optimal point found for initial point 3
Negative llh: 117.48587201297613
Dropout rate: 1.214759107897701e-10
Silencing rate: 1.064224057924002e-10
Sigma: 1.6565862601805885
Initial point 4. Random seed: 8503
Solving with ultrametric constraint
Optimal point found for initial point 4
Negative llh: 140.6037423594532
Dropout rate: 1.806884611171051e-10
Silencing rate: 1.0657833865098105e-10
Sigma: 1.588303868399238
Initial point 5. Random seed: 3666
Solving with ultrametric constraint
Optimal point found for initial point 5
Negative llh: 117.48591031216165
Dropout rate: 1.2107178110886988e-10
Silencing rate: 1.009749236872156e-10
Sigma: 1.656659731991404
Initial point 6. Random seed: 9515
Solving with ultrametric constraint
Optimal point found for initial point 6
Negative llh: 140.6274794835598
Dropout rate: 1e-10
Silencing rate: 1e-10
Sigma: 1.5848247270540394
Initial point 7. Random seed: 6820
Solving with ultrametric constraint
Optimal point found for initial point 7
Negative llh: 117.48564049744982
Dropout rate: 1e-10
Silencing rate: 1e-10
Sigma: 1.6579068814001727
Initial point 8. Random seed: 7681
Solving with ultrametric constraint
Optimal point found for initial point 8
Negative llh: 117.48641315983943
Dropout rate: 9.999999999999996e-11
Silencing rate: 1e-10
Sigma: 1.6556368186729513
Initial point 9. Random seed: 8362
Solving with ultrametric constraint
Optimal point found for initial point 9
Negative llh: 117.48561558494109
Dropout rate: 3.33341963902752e-10
Silencing rate: 1.0017572132042533e-10
Sigma: 1.6566347430301178
Initial point 10. Random seed: 6810
Solving with ultrametric constraint
Optimal point found for initial point 10
Negative llh: 117.48560714333263
Dropout rate: 1e-10
Silencing rate: 1e-10
Sigma: 1.6565889754803769
Runtime (s): 384.64651341177523
