Launching Problin version 0.5b
Problin was called as follow: /u/gh2161/Spatial-Division/problin/run_problin.py -c real_location_data/s14c6/k10_r4_character_matrix.csv -t real_location_data/s14c6/true_tree.nwk -S real_location_data/s14c6/leaf_locations.txt --delimiter comma -p real_location_data/s14c6/k10_priors.csv -o real_location_data/s14c6/k10_r4_spalin-divide-beta7.txt --nInitials 10 --ultrametric --randomreps 3 --divide --radius 7
Optimization by Spalin-Divide: Scipy-SLSQP using spatial information
Optimizing branch lengths, phi, and nu without topology search
Initial point 1. Random seed: 3981
Solving with ultrametric constraint
Optimal point found for initial point 1
Negative llh: 120.9181674470139
Dropout rate: 1e-10
Silencing rate: 1e-10
Sigma: 0.9802571173539214
Initial point 2. Random seed: 6662
Solving with ultrametric constraint
Optimal point found for initial point 2
Negative llh: 120.91816773569968
Dropout rate: 4.711648977013674e-10
Silencing rate: 1.0003653363593561e-10
Sigma: 0.9802579232440515
Initial point 3. Random seed: 2371
Solving with ultrametric constraint
Optimal point found for initial point 3
Negative llh: 120.91818800234086
Dropout rate: 3.3742972384408603e-10
Silencing rate: 1.0001765715962079e-10
Sigma: 0.9803118094712782
Initial point 4. Random seed: 7561
Solving with ultrametric constraint
Optimal point found for initial point 4
Negative llh: 120.91924799397441
Dropout rate: 1e-10
Silencing rate: 1e-10
Sigma: 0.9796209301808098
Initial point 5. Random seed: 7127
Solving with ultrametric constraint
Optimal point found for initial point 5
Negative llh: 134.54111005281175
Dropout rate: 2.1194283581929348e-10
Silencing rate: 1.103324078882434e-10
Sigma: 0.949336325155733
Initial point 6. Random seed: 1002
Solving with ultrametric constraint
Optimal point found for initial point 6
Negative llh: 120.91816718659656
Dropout rate: 1e-10
Silencing rate: 1e-10
Sigma: 0.9803135987448337
Initial point 7. Random seed: 6719
Solving with ultrametric constraint
Optimal point found for initial point 7
Negative llh: 120.91816699484166
Dropout rate: 1e-10
Silencing rate: 1e-10
Sigma: 0.9803165123691648
Initial point 8. Random seed: 2572
Solving with ultrametric constraint
Optimal point found for initial point 8
Negative llh: 120.91826772512874
Dropout rate: 2.832050581577357e-10
Silencing rate: 1e-10
Sigma: 0.9803835435059425
Initial point 9. Random seed: 6990
Solving with ultrametric constraint
Optimal point found for initial point 9
Negative llh: 134.54924118225037
Dropout rate: 1e-10
Silencing rate: 1e-10
Sigma: 0.9489129238315437
Initial point 10. Random seed: 3377
Solving with ultrametric constraint
Optimal point found for initial point 10
Negative llh: 120.91818590155653
Dropout rate: 1e-10
Silencing rate: 1e-10
Sigma: 0.9804233567488204
Runtime (s): 350.04382064566016
