Launching Problin version 0.5b
Problin was called as follow: /u/gh2161/Spatial-Division/problin/run_problin.py -c real_location_data/s14c6/k10_r2_character_matrix.csv -t real_location_data/s14c6/true_tree.nwk -S real_location_data/s14c6/leaf_locations.txt --delimiter comma -p real_location_data/s14c6/k10_priors.csv -o real_location_data/s14c6/k10_r2_spalin-divide-beta2.txt --nInitials 10 --ultrametric --randomreps 3 --divide --given_beta 2 --incl_beta_bound
Optimization by Spalin-Divide: Scipy-SLSQP using spatial information
Optimizing branch lengths, phi, and nu without topology search
Initial point 1. Random seed: 8142
Solving with ultrametric constraint
Optimal point found for initial point 1
Negative llh: 114.02421380625364
Dropout rate: 1.9200282637059392e-10
Silencing rate: 1.4991624488320686e-10
Sigma: 5.055263505751717
Initial point 2. Random seed: 6643
Solving with ultrametric constraint
Optimal point found for initial point 2
Negative llh: 114.02421376213888
Dropout rate: 9.999999999999996e-11
Silencing rate: 9.999999999999996e-11
Sigma: 5.055321413151213
Initial point 3. Random seed: 3723
Solving with ultrametric constraint
Optimal point found for initial point 3
Negative llh: 114.02421376684666
Dropout rate: 1e-10
Silencing rate: 1e-10
Sigma: 5.05524717428361
Initial point 4. Random seed: 5283
Solving with ultrametric constraint
Optimal point found for initial point 4
Negative llh: 114.0242137941706
Dropout rate: 9.999999999999996e-11
Silencing rate: 1.0000000000000002e-10
Sigma: 5.055253167199726
Initial point 5. Random seed: 5511
Solving with ultrametric constraint
Optimal point found for initial point 5
Negative llh: 114.02421618443837
Dropout rate: 1e-10
Silencing rate: 1e-10
Sigma: 5.055157662487915
Initial point 6. Random seed: 4482
Solving with ultrametric constraint
Optimal point found for initial point 6
Negative llh: 114.02421392374413
Dropout rate: 1.0114933139549329e-10
Silencing rate: 1.0129836311456367e-10
Sigma: 5.055202504938166
Initial point 7. Random seed: 7982
Solving with ultrametric constraint
Optimal point found for initial point 7
Negative llh: 114.02421482829435
Dropout rate: 1.254125182855767e-10
Silencing rate: 1.1640939912042502e-10
Sigma: 5.056068524340597
Initial point 8. Random seed: 9417
Solving with ultrametric constraint
Optimal point found for initial point 8
Negative llh: 114.02421375832213
Dropout rate: 1e-10
Silencing rate: 1e-10
Sigma: 5.055261359852479
Initial point 9. Random seed: 9024
Solving with ultrametric constraint
Optimal point found for initial point 9
Negative llh: 114.02421898630888
Dropout rate: 1e-10
Silencing rate: 1e-10
Sigma: 5.0548316646373275
Initial point 10. Random seed: 1110
Solving with ultrametric constraint
Optimal point found for initial point 10
Negative llh: 114.02421378424832
Dropout rate: 1e-10
Silencing rate: 1e-10
Sigma: 5.055249662174408
Runtime (s): 475.60739852674305
