Launching Problin version 0.5b
Problin was called as follow: /u/gh2161/Spatial-Division/problin/run_problin.py -c real_location_data/s14c6/k10_r4_character_matrix.csv -t real_location_data/s14c6/true_tree.nwk -S real_location_data/s14c6/leaf_locations.txt --delimiter comma -p real_location_data/s14c6/k10_priors.csv -o real_location_data/s14c6/k10_r4_spalin-divide-beta10.txt --nInitials 10 --ultrametric --randomreps 3 --divide --radius 10
Optimization by Spalin-Divide: Scipy-SLSQP using spatial information
Optimizing branch lengths, phi, and nu without topology search
Initial point 1. Random seed: 8891
Solving with ultrametric constraint
Optimal point found for initial point 1
Negative llh: 111.48850356974546
Dropout rate: 1.020327207125039e-09
Silencing rate: 1.0071355334225329e-10
Sigma: 0.7976014857283051
Initial point 2. Random seed: 7901
Solving with ultrametric constraint
Optimal point found for initial point 2
Negative llh: 111.48793270034662
Dropout rate: 3.0708262338036366e-10
Silencing rate: 2.2607119848331895e-10
Sigma: 0.7974056943955111
Initial point 3. Random seed: 7076
Solving with ultrametric constraint
Optimal point found for initial point 3
Negative llh: 111.4879325297349
Dropout rate: 1e-10
Silencing rate: 1.0028958918916819e-10
Sigma: 0.797426398478948
Initial point 4. Random seed: 154
Solving with ultrametric constraint
Optimal point found for initial point 4
Negative llh: 111.48793289383622
Dropout rate: 2.608543800944061e-10
Silencing rate: 1.575510355691396e-10
Sigma: 0.7974219116653345
Initial point 5. Random seed: 9782
Solving with ultrametric constraint
Optimal point found for initial point 5
Negative llh: 111.48793262591964
Dropout rate: 1.9202197633679344e-10
Silencing rate: 1.0014191198090777e-10
Sigma: 0.7974194766385484
Initial point 6. Random seed: 4028
Solving with ultrametric constraint
Optimal point found for initial point 6
Negative llh: 111.48793270616108
Dropout rate: 3.140714545946912e-10
Silencing rate: 1.238785032420169e-10
Sigma: 0.7974172696152659
Initial point 7. Random seed: 2317
Solving with ultrametric constraint
Optimal point found for initial point 7
Negative llh: 111.487932576026
Dropout rate: 1.2693102637911774e-10
Silencing rate: 1.0939980189618279e-10
Sigma: 0.7974176138716914
Initial point 8. Random seed: 7897
Solving with ultrametric constraint
Optimal point found for initial point 8
Negative llh: 111.4879328356416
Dropout rate: 1e-10
Silencing rate: 1e-10
Sigma: 0.7974105466464284
Initial point 9. Random seed: 2530
Solving with ultrametric constraint
Optimal point found for initial point 9
Negative llh: 111.48793279651494
Dropout rate: 1e-10
Silencing rate: 1e-10
Sigma: 0.7974152075372606
Initial point 10. Random seed: 3349
Solving with ultrametric constraint
Fatal: failed to optimize using initial point 10
Runtime (s): 433.8663665307686
