Launching Problin version 0.5b
Problin was called as follow: /u/gh2161/Spatial-Division/problin/run_problin.py -c real_location_data/s14c6/k10_r4_character_matrix.csv -t real_location_data/s14c6/true_tree.nwk -S real_location_data/s14c6/leaf_locations.txt --delimiter comma -p real_location_data/s14c6/k10_priors.csv -o real_location_data/s14c6/k10_r4_spalin-divide-beta05.txt --nInitials 10 --ultrametric --randomreps 3 --divide --radius 0.5
Optimization by Spalin-Divide: Scipy-SLSQP using spatial information
Optimizing branch lengths, phi, and nu without topology search
Initial point 1. Random seed: 7545
Solving with ultrametric constraint
Optimal point found for initial point 1
Negative llh: 139.92239027191147
Dropout rate: 1e-10
Silencing rate: 1e-10
Sigma: 1.4215984131132302
Initial point 2. Random seed: 6445
Solving with ultrametric constraint
Optimal point found for initial point 2
Negative llh: 139.92264245777432
Dropout rate: 3.805369747379841e-10
Silencing rate: 1.9853153456750507e-10
Sigma: 1.421342507253777
Initial point 3. Random seed: 5681
Solving with ultrametric constraint
Optimal point found for initial point 3
Negative llh: 139.92251449664258
Dropout rate: 2.029241620136439e-10
Silencing rate: 1.243832738878926e-10
Sigma: 1.4216021814800013
Initial point 4. Random seed: 8673
Solving with ultrametric constraint
Optimal point found for initial point 4
Negative llh: 151.63162487047322
Dropout rate: 8.127975690941147e-10
Silencing rate: 2.2486643749077758e-10
Sigma: 1.3029286545776795
Initial point 5. Random seed: 5520
Solving with ultrametric constraint
Optimal point found for initial point 5
Negative llh: 139.9224042056441
Dropout rate: 1.0000000000000002e-10
Silencing rate: 1e-10
Sigma: 1.421618255335172
Initial point 6. Random seed: 1936
Solving with ultrametric constraint
Optimal point found for initial point 6
Negative llh: 139.92239033244368
Dropout rate: 3.2389027599323577e-10
Silencing rate: 1.0003812649092358e-10
Sigma: 1.4215602825584444
Initial point 7. Random seed: 4715
Solving with ultrametric constraint
Optimal point found for initial point 7
Negative llh: 139.9223899435672
Dropout rate: 3.045833352267388e-10
Silencing rate: 1.0001100243171751e-10
Sigma: 1.4215759777982828
Initial point 8. Random seed: 2797
Solving with ultrametric constraint
Optimal point found for initial point 8
Negative llh: 139.92240662963363
Dropout rate: 1e-10
Silencing rate: 1e-10
Sigma: 1.421575832196659
Initial point 9. Random seed: 8407
Solving with ultrametric constraint
Optimal point found for initial point 9
Negative llh: 139.92289969975292
Dropout rate: 1.0960656045049363e-10
Silencing rate: 1.025120635680502e-10
Sigma: 1.4217335410244727
Initial point 10. Random seed: 8564
Solving with ultrametric constraint
Optimal point found for initial point 10
Negative llh: 139.9223898796809
Dropout rate: 3.046477040248622e-10
Silencing rate: 1.1063409684311936e-10
Sigma: 1.4215609260236004
Runtime (s): 250.90956009738147
