Launching Problin version 0.5b
Problin was called as follow: /u/gh2161/Spatial-Division/problin/run_problin.py -c real_location_data/s19c2/k10_r4_character_matrix.csv -t real_location_data/s19c2/true_tree.nwk -S real_location_data/s19c2/leaf_locations.txt --delimiter comma -p real_location_data/s19c2/k10_priors.csv -o real_location_data/s19c2/k10_r4_spalin-divide-beta3.txt --nInitials 10 --ultrametric --randomreps 3 --divide --radius 3
Optimization by Spalin-Divide: Scipy-SLSQP using spatial information
Optimizing branch lengths, phi, and nu without topology search
Initial point 1. Random seed: 7969
Solving with ultrametric constraint
Optimal point found for initial point 1
Negative llh: 166127.5090239618
Dropout rate: 3.7585066233859655e-06
Silencing rate: 0.014896389743410187
Sigma: 3.4523127676053664
Initial point 2. Random seed: 7457
Solving with ultrametric constraint
Optimal point found for initial point 2
Negative llh: 209.0619073834828
Dropout rate: 8.241696474357326e-10
Silencing rate: 4.714066946477605e-10
Sigma: 1.424025813829201
Initial point 3. Random seed: 7432
Solving with ultrametric constraint
Optimal point found for initial point 3
Negative llh: 209.06157481124836
Dropout rate: 3.761913056060737e-10
Silencing rate: 1.1415850547511182e-10
Sigma: 1.4234523263197183
Initial point 4. Random seed: 718
Solving with ultrametric constraint
Optimal point found for initial point 4
Negative llh: 209.06155612381153
Dropout rate: 1e-10
Silencing rate: 1e-10
Sigma: 1.423019721462153
Initial point 5. Random seed: 11
Solving with ultrametric constraint
Optimal point found for initial point 5
Negative llh: 209.0614963500397
Dropout rate: 1e-10
Silencing rate: 1e-10
Sigma: 1.4230237874671101
Initial point 6. Random seed: 6881
Solving with ultrametric constraint
Optimal point found for initial point 6
Negative llh: 209.06203696675425
Dropout rate: 9.999999999999996e-11
Silencing rate: 1.0000000000000002e-10
Sigma: 1.4227937952375658
Initial point 7. Random seed: 5505
Solving with ultrametric constraint
Fatal: failed to optimize using initial point 7
Initial point 8. Random seed: 90
Solving with ultrametric constraint
Optimal point found for initial point 8
Negative llh: 209.0614960828082
Dropout rate: 1.0000000000000002e-10
Silencing rate: 1.0000000000000002e-10
Sigma: 1.4230009060931175
Initial point 9. Random seed: 1672
Solving with ultrametric constraint
Optimal point found for initial point 9
Negative llh: 209.06203281218708
Dropout rate: 1.784552095456104e-10
Silencing rate: 1.4117203375048876e-10
Sigma: 1.422398802156754
Initial point 10. Random seed: 5279
Solving with ultrametric constraint
Optimal point found for initial point 10
Negative llh: 209.0618201456776
Dropout rate: 9.999999999999996e-11
Silencing rate: 1.0000000000000002e-10
Sigma: 1.4237594402945921
Runtime (s): 413.1978307599202
