Launching Problin version 0.5b
Problin was called as follow: /u/gh2161/Spatial-Division/problin/run_problin.py -c real_location_data/s19c2/k10_r4_character_matrix.csv -t real_location_data/s19c2/true_tree.nwk -S real_location_data/s19c2/leaf_locations.txt --delimiter comma -p real_location_data/s19c2/k10_priors.csv -o real_location_data/s19c2/k10_r4_spalin-spatialonly.txt --nInitials 10 --ultrametric --randomreps 3 --spatial_only
Optimization by Spalin: Scipy-SLSQP using spatial information
Optimizing branch lengths, phi, and nu without topology search
only spatial
Initial point 1. Random seed: 5739
Solving with ultrametric constraint
Optimal point found for initial point 1
Negative llh: 99.71934844919414
Dropout rate: 0.03224606405619206
Silencing rate: 0.30677788530050204
Sigma: 2.6468791033183323
Lambda: 1.0
Initial point 2. Random seed: 5449
Solving with ultrametric constraint
Optimal point found for initial point 2
Negative llh: 99.71934844919414
Dropout rate: 0.2491277591840403
Silencing rate: 0.3802722107024069
Sigma: 2.6468791033183323
Lambda: 1.0
Initial point 3. Random seed: 5609
Solving with ultrametric constraint
Optimal point found for initial point 3
Negative llh: 99.71934844919414
Dropout rate: 0.15192632191025865
Silencing rate: 0.9680798565421396
Sigma: 2.6468791033183323
Lambda: 1.0
Initial point 4. Random seed: 605
Solving with ultrametric constraint
Optimal point found for initial point 4
Negative llh: 99.71934844919414
Dropout rate: 0.7864444406604792
Silencing rate: 0.7519652066636779
Sigma: 2.6468791033183323
Lambda: 1.0
Initial point 5. Random seed: 7174
Solving with ultrametric constraint
Optimal point found for initial point 5
Negative llh: 99.71934844919414
Dropout rate: 0.24582272969089677
Silencing rate: 0.23663191463967728
Sigma: 2.6468791033183323
Lambda: 1.0
Initial point 6. Random seed: 7563
Solving with ultrametric constraint
Optimal point found for initial point 6
Negative llh: 99.71934844919414
Dropout rate: 0.52346752906646
Silencing rate: 0.5103927235243544
Sigma: 2.6468791033183323
Lambda: 1.0
Initial point 7. Random seed: 2925
Solving with ultrametric constraint
Optimal point found for initial point 7
Negative llh: 99.71934844919414
Dropout rate: 0.2862948876589566
Silencing rate: 0.8643418418512623
Sigma: 2.6468791033183323
Lambda: 1.0
Initial point 8. Random seed: 6414
Solving with ultrametric constraint
Optimal point found for initial point 8
Negative llh: 99.71934844919414
Dropout rate: 0.5266230055830226
Silencing rate: 0.9397384233091273
Sigma: 2.6468791033183323
Lambda: 1.0
Initial point 9. Random seed: 330
Solving with ultrametric constraint
Optimal point found for initial point 9
Negative llh: 99.71934844919414
Dropout rate: 0.5950045967015075
Silencing rate: 0.17053112028063383
Sigma: 2.6468791033183323
Lambda: 1.0
Initial point 10. Random seed: 8720
Solving with ultrametric constraint
Optimal point found for initial point 10
Negative llh: 99.71934844919414
Dropout rate: 0.44660248732025504
Silencing rate: 0.05467727755561256
Sigma: 2.6468791033183323
Lambda: 1.0
{'lambda_param': 1.0, 'phi': 0.03224606405619206, 'nu': 0.30677788530050204, 'sigma': 2.6468791033183323, 'locations': {'216_2': (179.0, 449.0), '216_14': (222.0, 392.0), '216_13': (212.0, 428.0), '216_16': (177.0, 432.0), '216_15': (164.0, 440.0), '216_18': (214.0, 378.0), '216_17': (186.0, 398.0), '216_11': (170.0, 404.0), '216_10': (174.0, 417.0), '216_9': (186.0, 439.0), '216_8': (179.0, 465.0), '216_5': (198.0, 434.0), '216_4': (194.0, 453.0), '216_7': (232.0, 397.0), '216_6': (209.0, 446.0)}}
Runtime (s): 61.710106156766415
