Launching Problin version 0.5b
Problin was called as follow: /u/gh2161/Spatial-Division/problin/run_problin.py -c real_location_data/s19c2/k10_r5_character_matrix.csv -t real_location_data/s19c2/true_tree.nwk -S real_location_data/s19c2/leaf_locations.txt --delimiter comma -p real_location_data/s19c2/k10_priors.csv -o real_location_data/s19c2/k10_r5_spalin.txt --nInitials 10 --ultrametric --randomreps 3
Optimization by Spalin: Scipy-SLSQP using spatial information
Optimizing branch lengths, phi, and nu without topology search
Initial point 1. Random seed: 4165
Solving with ultrametric constraint
Optimal point found for initial point 1
Negative llh: 190.89450625977915
Dropout rate: 9.999999999999996e-11
Silencing rate: 1.0000000000000002e-10
Sigma: 2.332762918019729
Lambda: 0.0037879224969307457
Initial point 2. Random seed: 3021
Solving with ultrametric constraint
Optimal point found for initial point 2
Negative llh: 205.94811745627572
Dropout rate: 2.654444878661393e-10
Silencing rate: 1.272139623960227e-10
Sigma: 1.8979780261446926
Lambda: 0.0009767843970422828
Initial point 3. Random seed: 1068
Solving with ultrametric constraint
Optimal point found for initial point 3
Negative llh: 190.894461104465
Dropout rate: 9.132466157721656e-10
Silencing rate: 3.9603903580568757e-10
Sigma: 2.3326100979474087
Lambda: 0.003788276856579822
Initial point 4. Random seed: 9714
Solving with ultrametric constraint
Optimal point found for initial point 4
Negative llh: 190.8946504234749
Dropout rate: 1e-10
Silencing rate: 1e-10
Sigma: 2.3326500755528947
Lambda: 0.0037900724635303138
Initial point 5. Random seed: 327
Solving with ultrametric constraint
Optimal point found for initial point 5
Negative llh: 190.8946123914153
Dropout rate: 9.063783375095599e-10
Silencing rate: 4.50341330124381e-10
Sigma: 2.331991343260379
Lambda: 0.003789734308762417
Initial point 6. Random seed: 3244
Solving with ultrametric constraint
Optimal point found for initial point 6
Negative llh: 190.89483731491435
Dropout rate: 1.7918596086529857e-10
Silencing rate: 1.2869405001322824e-10
Sigma: 2.3320637068092225
Lambda: 0.0037887570620490827
Initial point 7. Random seed: 8680
Solving with ultrametric constraint
Optimal point found for initial point 7
Negative llh: 190.89448359517087
Dropout rate: 1.1110681125527026e-10
Silencing rate: 1.0408214322662158e-10
Sigma: 2.332734620847564
Lambda: 0.003787143819496658
Initial point 8. Random seed: 331
Solving with ultrametric constraint
Optimal point found for initial point 8
Negative llh: 190.89530162588972
Dropout rate: 3.044708006610992e-10
Silencing rate: 1.7084434147566821e-10
Sigma: 2.33236075387706
Lambda: 0.003787120709295484
Initial point 9. Random seed: 6957
Solving with ultrametric constraint
Optimal point found for initial point 9
Negative llh: 205.9481492204536
Dropout rate: 1.0000000000000002e-10
Silencing rate: 1e-10
Sigma: 1.898064569219715
Lambda: 0.0009767834842862597
Initial point 10. Random seed: 1533
Solving with ultrametric constraint
Optimal point found for initial point 10
Negative llh: 190.8945746991227
Dropout rate: 1e-10
Silencing rate: 1e-10
Sigma: 2.33264462891745
Lambda: 0.0037870660794613806
{'lambda_param': 0.003788276856579822, 'phi': 9.132466157721656e-10, 'nu': 3.9603903580568757e-10, 'sigma': 2.3326100979474087, 'locations': {'216_2': (179.0, 449.0), '216_14': (222.0, 392.0), '216_13': (212.0, 428.0), '216_16': (177.0, 432.0), '216_15': (164.0, 440.0), '216_18': (214.0, 378.0), '216_17': (186.0, 398.0), '216_11': (170.0, 404.0), '216_10': (174.0, 417.0), '216_9': (186.0, 439.0), '216_8': (179.0, 465.0), '216_5': (198.0, 434.0), '216_4': (194.0, 453.0), '216_7': (232.0, 397.0), '216_6': (209.0, 446.0)}}
Runtime (s): 226.59476307220757
