Launching Problin version 0.5b
Problin was called as follow: /u/gh2161/Spatial-Division/problin/run_problin.py -c real_location_data/s19c2/k10_r3_character_matrix.csv -t real_location_data/s19c2/true_tree.nwk -S real_location_data/s19c2/leaf_locations.txt --delimiter comma -p real_location_data/s19c2/k10_priors.csv -o real_location_data/s19c2/k10_r3_spalin-divide-beta20.txt --nInitials 10 --ultrametric --randomreps 3 --divide --given_beta 20 --incl_beta_bound
Optimization by Spalin-Divide: Scipy-SLSQP using spatial information
Optimizing branch lengths, phi, and nu without topology search
Initial point 1. Random seed: 5507
Solving with ultrametric constraint
Optimal point found for initial point 1
Negative llh: 148.56256422372778
Dropout rate: 3.9687648336396515e-10
Silencing rate: 5.052164094920691e-10
Sigma: 4.098962283168714
Initial point 2. Random seed: 7485
Solving with ultrametric constraint
Optimal point found for initial point 2
Negative llh: 148.56256445866563
Dropout rate: 1e-10
Silencing rate: 1.631550827969457e-10
Sigma: 4.0996675064622154
Initial point 3. Random seed: 7346
Solving with ultrametric constraint
Optimal point found for initial point 3
Negative llh: 148.56256235102964
Dropout rate: 5.23897190285156e-10
Silencing rate: 1.0000000000000002e-10
Sigma: 4.099298757716887
Initial point 4. Random seed: 6500
Solving with ultrametric constraint
Optimal point found for initial point 4
Negative llh: 148.5625601121582
Dropout rate: 1.1067676038842025e-10
Silencing rate: 2.4505099309843573e-10
Sigma: 4.099264350000132
Initial point 5. Random seed: 4478
Solving with ultrametric constraint
Optimal point found for initial point 5
Negative llh: 148.5625610330178
Dropout rate: 1e-10
Silencing rate: 1e-10
Sigma: 4.099275840539349
Initial point 6. Random seed: 5212
Solving with ultrametric constraint
Optimal point found for initial point 6
Negative llh: 148.56256051337306
Dropout rate: 1e-10
Silencing rate: 1e-10
Sigma: 4.099177493080587
Initial point 7. Random seed: 5725
Solving with ultrametric constraint
Optimal point found for initial point 7
Negative llh: 148.5625604110265
Dropout rate: 2.0919452273568298e-10
Silencing rate: 1.362924596192026e-10
Sigma: 4.099180361514737
Initial point 8. Random seed: 7566
Solving with ultrametric constraint
Optimal point found for initial point 8
Negative llh: 148.5625642004449
Dropout rate: 4.873956281175584e-10
Silencing rate: 3.470745429872247e-10
Sigma: 4.099332014228055
Initial point 9. Random seed: 5570
Solving with ultrametric constraint
Optimal point found for initial point 9
Negative llh: 148.5625661479126
Dropout rate: 2.469855779610358e-10
Silencing rate: 1.428105437554862e-10
Sigma: 4.099626906370399
Initial point 10. Random seed: 9564
Solving with ultrametric constraint
Optimal point found for initial point 10
Negative llh: 148.56256012918087
Dropout rate: 1.016717046097916e-10
Silencing rate: 1.0046657879402326e-10
Sigma: 4.099276697922059
Runtime (s): 1318.5773650460178
