Launching Problin version 0.5b
Problin was called as follow: /u/gh2161/Spatial-Division/problin/run_problin.py -c real_location_data/s19c2/k10_r1_character_matrix.csv -t real_location_data/s19c2/true_tree.nwk -S real_location_data/s19c2/leaf_locations.txt --delimiter comma -p real_location_data/s19c2/k10_priors.csv -o real_location_data/s19c2/k10_r1_spalin-divide-beta2.txt --nInitials 10 --ultrametric --randomreps 3 --divide --given_beta 2 --incl_beta_bound
Optimization by Spalin-Divide: Scipy-SLSQP using spatial information
Optimizing branch lengths, phi, and nu without topology search
Initial point 1. Random seed: 2919
Solving with ultrametric constraint
Optimal point found for initial point 1
Negative llh: 178.7569471326749
Dropout rate: 9.999999999999996e-11
Silencing rate: 1.0000000000000002e-10
Sigma: 5.586961254769102
Initial point 2. Random seed: 9735
Solving with ultrametric constraint
Optimal point found for initial point 2
Negative llh: 178.75694900683183
Dropout rate: 2.0006307901792728e-10
Silencing rate: 1.4855366458520993e-10
Sigma: 5.587085707053047
Initial point 3. Random seed: 8620
Solving with ultrametric constraint
Optimal point found for initial point 3
Negative llh: 178.7569454951821
Dropout rate: 1.0000000000000007e-10
Silencing rate: 9.999999999999996e-11
Sigma: 5.587134092639457
Initial point 4. Random seed: 7691
Solving with ultrametric constraint
Optimal point found for initial point 4
Negative llh: 178.7569461981843
Dropout rate: 1.886004517640028e-10
Silencing rate: 1.4354181231457223e-10
Sigma: 5.5871107709236805
Initial point 5. Random seed: 5062
Solving with ultrametric constraint
Optimal point found for initial point 5
Negative llh: 178.7569631862032
Dropout rate: 1.0000000000000002e-10
Silencing rate: 1.0000000000000002e-10
Sigma: 5.586910429776017
Initial point 6. Random seed: 6326
Solving with ultrametric constraint
Optimal point found for initial point 6
Negative llh: 178.75694810115306
Dropout rate: 1e-10
Silencing rate: 1e-10
Sigma: 5.587323422400726
Initial point 7. Random seed: 7065
Solving with ultrametric constraint
Optimal point found for initial point 7
Negative llh: 178.75694558771923
Dropout rate: 1.033050866213029e-10
Silencing rate: 1.0157824224109126e-10
Sigma: 5.587105120745471
Initial point 8. Random seed: 2072
Solving with ultrametric constraint
Optimal point found for initial point 8
Negative llh: 178.75694938539579
Dropout rate: 1e-10
Silencing rate: 1e-10
Sigma: 5.587256468028429
Initial point 9. Random seed: 6009
Solving with ultrametric constraint
Optimal point found for initial point 9
Negative llh: 178.75695288731126
Dropout rate: 3.697676129580178e-10
Silencing rate: 2.3470918443196845e-10
Sigma: 5.587111631183713
Initial point 10. Random seed: 7900
Solving with ultrametric constraint
Optimal point found for initial point 10
Negative llh: 178.75695501217706
Dropout rate: 1e-10
Silencing rate: 1e-10
Sigma: 5.586869490765898
Runtime (s): 651.3847417440265
