Launching Problin version 0.5b
Problin was called as follow: /u/gh2161/Spatial-Division/problin/run_problin.py -c real_location_data/s19c2/k10_r3_character_matrix.csv -t real_location_data/s19c2/true_tree.nwk -S real_location_data/s19c2/leaf_locations.txt --delimiter comma -p real_location_data/s19c2/k10_priors.csv -o real_location_data/s19c2/k10_r3_spalin-divide-beta05.txt --nInitials 10 --ultrametric --randomreps 3 --divide --radius 0.5
Optimization by Spalin-Divide: Scipy-SLSQP using spatial information
Optimizing branch lengths, phi, and nu without topology search
Initial point 1. Random seed: 9639
Solving with ultrametric constraint
Optimal point found for initial point 1
Negative llh: 178.03714212860183
Dropout rate: 1e-10
Silencing rate: 1.0023260056300791e-10
Sigma: 1.8510325922222999
Initial point 2. Random seed: 3149
Solving with ultrametric constraint
Optimal point found for initial point 2
Negative llh: 178.03714644466544
Dropout rate: 1e-10
Silencing rate: 1e-10
Sigma: 1.8513269387855154
Initial point 3. Random seed: 7922
Solving with ultrametric constraint
Optimal point found for initial point 3
Negative llh: 178.03712464106218
Dropout rate: 1e-10
Silencing rate: 1e-10
Sigma: 1.8506913706364545
Initial point 4. Random seed: 45
Solving with ultrametric constraint
Optimal point found for initial point 4
Negative llh: 178.0371075230667
Dropout rate: 9.999999999999996e-11
Silencing rate: 1.0000000000000002e-10
Sigma: 1.8513129217374684
Initial point 5. Random seed: 2637
Solving with ultrametric constraint
Optimal point found for initial point 5
Negative llh: 178.0372351136665
Dropout rate: 2.296087184102719e-10
Silencing rate: 1.520824558984673e-10
Sigma: 1.8512408307642674
Initial point 6. Random seed: 6460
Solving with ultrametric constraint
Optimal point found for initial point 6
Negative llh: 178.03710767105707
Dropout rate: 1e-10
Silencing rate: 1e-10
Sigma: 1.8512036008523463
Initial point 7. Random seed: 7271
Solving with ultrametric constraint
Optimal point found for initial point 7
Negative llh: 188.8074855012012
Dropout rate: 1e-10
Silencing rate: 1e-10
Sigma: 1.691540685438627
Initial point 8. Random seed: 2668
Solving with ultrametric constraint
Optimal point found for initial point 8
Negative llh: 178.03716219337878
Dropout rate: 1.1488356990772037e-09
Silencing rate: 3.6862224408849813e-10
Sigma: 1.8517692599082056
Initial point 9. Random seed: 6275
Solving with ultrametric constraint
Optimal point found for initial point 9
Negative llh: 178.03710705828348
Dropout rate: 1e-10
Silencing rate: 1e-10
Sigma: 1.8512781791926758
Initial point 10. Random seed: 3227
Solving with ultrametric constraint
Optimal point found for initial point 10
Negative llh: 178.0371074790644
Dropout rate: 1e-10
Silencing rate: 1e-10
Sigma: 1.8513132921775877
Runtime (s): 652.319618659094
