Launching Problin version 0.5b
Problin was called as follow: /u/gh2161/Spatial-Division/problin/run_problin.py -c real_location_data/s19c2/k10_r2_character_matrix.csv -t real_location_data/s19c2/true_tree.nwk -S real_location_data/s19c2/leaf_locations.txt --delimiter comma -p real_location_data/s19c2/k10_priors.csv -o real_location_data/s19c2/k10_r2_spalin.txt --nInitials 10 --ultrametric --randomreps 3
Optimization by Spalin: Scipy-SLSQP using spatial information
Optimizing branch lengths, phi, and nu without topology search
Initial point 1. Random seed: 5963
Solving with ultrametric constraint
Optimal point found for initial point 1
Negative llh: 198.32053267713155
Dropout rate: 1.0000000000000002e-10
Silencing rate: 1e-10
Sigma: 2.1999597735543923
Lambda: 0.004893371246206701
Initial point 2. Random seed: 3410
Solving with ultrametric constraint
Optimal point found for initial point 2
Negative llh: 198.32055707380437
Dropout rate: 1.2911222406922373e-09
Silencing rate: 7.865259296306512e-10
Sigma: 2.199653112784421
Lambda: 0.004892102245363998
Initial point 3. Random seed: 8983
Solving with ultrametric constraint
Optimal point found for initial point 3
Negative llh: 198.32067796529967
Dropout rate: 1e-10
Silencing rate: 1e-10
Sigma: 2.2003957577285735
Lambda: 0.00489358800632833
Initial point 4. Random seed: 8230
Solving with ultrametric constraint
Optimal point found for initial point 4
Negative llh: 198.32054219054413
Dropout rate: 1e-10
Silencing rate: 1e-10
Sigma: 2.200176100939815
Lambda: 0.0048932026901551354
Initial point 5. Random seed: 8125
Solving with ultrametric constraint
Optimal point found for initial point 5
Negative llh: 198.32073079165747
Dropout rate: 1e-10
Silencing rate: 1e-10
Sigma: 2.199458836258676
Lambda: 0.004892818711395317
Initial point 6. Random seed: 3289
Solving with ultrametric constraint
Optimal point found for initial point 6
Negative llh: 198.3207424549459
Dropout rate: 8.622464876310716e-10
Silencing rate: 4.758903444602233e-10
Sigma: 2.2016644994978614
Lambda: 0.004897496211245058
Initial point 7. Random seed: 8569
Solving with ultrametric constraint
Optimal point found for initial point 7
Negative llh: 198.32090376990544
Dropout rate: 1.0057403026769231e-10
Silencing rate: 1.002960596005806e-10
Sigma: 2.1984663337758734
Lambda: 0.004893600410270325
Initial point 8. Random seed: 4809
Solving with ultrametric constraint
Optimal point found for initial point 8
Negative llh: 198.3205326987216
Dropout rate: 1e-10
Silencing rate: 1.0000000000000002e-10
Sigma: 2.1998505796257026
Lambda: 0.004893175318583422
Initial point 9. Random seed: 5251
Solving with ultrametric constraint
Optimal point found for initial point 9
Negative llh: 198.32053268961198
Dropout rate: 9.999999999999996e-11
Silencing rate: 1.0000000000000002e-10
Sigma: 2.1999403971101947
Lambda: 0.004893334167280172
Initial point 10. Random seed: 7474
Solving with ultrametric constraint
Optimal point found for initial point 10
Negative llh: 198.3205732992302
Dropout rate: 1e-10
Silencing rate: 1e-10
Sigma: 2.1995986239526695
Lambda: 0.00489119236564821
{'lambda_param': 0.004893371246206701, 'phi': 1.0000000000000002e-10, 'nu': 1e-10, 'sigma': 2.1999597735543923, 'locations': {'216_2': (179.0, 449.0), '216_14': (222.0, 392.0), '216_13': (212.0, 428.0), '216_16': (177.0, 432.0), '216_15': (164.0, 440.0), '216_18': (214.0, 378.0), '216_17': (186.0, 398.0), '216_11': (170.0, 404.0), '216_10': (174.0, 417.0), '216_9': (186.0, 439.0), '216_8': (179.0, 465.0), '216_5': (198.0, 434.0), '216_4': (194.0, 453.0), '216_7': (232.0, 397.0), '216_6': (209.0, 446.0)}}
Runtime (s): 275.88109480403364
