Launching Problin version 0.5b
Problin was called as follow: /u/gh2161/Spatial-Division/problin/run_problin.py -c real_location_data/s19c2/k10_r4_character_matrix.csv -t real_location_data/s19c2/true_tree.nwk -S real_location_data/s19c2/leaf_locations.txt --delimiter comma -p real_location_data/s19c2/k10_priors.csv -o real_location_data/s19c2/k10_r4_spalin-divide-beta20.txt --nInitials 10 --ultrametric --randomreps 3 --divide --given_beta 20 --incl_beta_bound
Optimization by Spalin-Divide: Scipy-SLSQP using spatial information
Optimizing branch lengths, phi, and nu without topology search
Initial point 1. Random seed: 7479
Solving with ultrametric constraint
Optimal point found for initial point 1
Negative llh: 189.96478869885345
Dropout rate: 1.0000000000000002e-10
Silencing rate: 1e-10
Sigma: 3.470071348557828
Initial point 2. Random seed: 21
Solving with ultrametric constraint
Optimal point found for initial point 2
Negative llh: 189.96478030734082
Dropout rate: 1e-10
Silencing rate: 1e-10
Sigma: 3.4702865061128136
Initial point 3. Random seed: 131
Solving with ultrametric constraint
Optimal point found for initial point 3
Negative llh: 189.96478210801297
Dropout rate: 1.040137002847718e-09
Silencing rate: 1.711989434084332e-10
Sigma: 3.470333307914128
Initial point 4. Random seed: 7713
Solving with ultrametric constraint
Optimal point found for initial point 4
Negative llh: 189.9647821199936
Dropout rate: 1.0000000000000007e-10
Silencing rate: 9.999999999999996e-11
Sigma: 3.4701738569444633
Initial point 5. Random seed: 6
Solving with ultrametric constraint
Optimal point found for initial point 5
Negative llh: 189.96478403545376
Dropout rate: 1.2172278125272118e-09
Silencing rate: 2.238068547970386e-10
Sigma: 3.470462103110444
Initial point 6. Random seed: 1185
Solving with ultrametric constraint
Optimal point found for initial point 6
Negative llh: 189.9647802332675
Dropout rate: 3.4749299669996267e-10
Silencing rate: 2.297553866687278e-10
Sigma: 3.470281484164326
Initial point 7. Random seed: 6017
Solving with ultrametric constraint
Optimal point found for initial point 7
Negative llh: 189.9647800772525
Dropout rate: 9.999999999999996e-11
Silencing rate: 1.0000000000000002e-10
Sigma: 3.470303601415645
Initial point 8. Random seed: 9411
Solving with ultrametric constraint
Optimal point found for initial point 8
Negative llh: 189.96478007033096
Dropout rate: 1.3562966053198416e-10
Silencing rate: 1.1631231963067116e-10
Sigma: 3.4702741727778297
Initial point 9. Random seed: 362
Solving with ultrametric constraint
Optimal point found for initial point 9
Negative llh: 189.96478137218844
Dropout rate: 3.1051194598617773e-10
Silencing rate: 1.5300348158164621e-10
Sigma: 3.4702889763643743
Initial point 10. Random seed: 4045
Solving with ultrametric constraint
Optimal point found for initial point 10
Negative llh: 189.96478125150225
Dropout rate: 3.5603453426909504e-10
Silencing rate: 2.171155989675535e-10
Sigma: 3.4700879894485857
Runtime (s): 1215.2045603200095
