Launching Problin version 0.5b
Problin was called as follow: /u/gh2161/Spatial-Division/problin/run_problin.py -c real_location_data/s8c4/k10_r1_character_matrix.csv -t real_location_data/s8c4/true_tree.nwk -S real_location_data/s8c4/leaf_locations.txt --delimiter comma -p real_location_data/s8c4/k10_priors.csv -o real_location_data/s8c4/k10_r1_spalin-divide-beta6.txt --nInitials 10 --ultrametric --randomreps 3 --divide --given_beta 6 --incl_beta_bound
Optimization by Spalin-Divide: Scipy-SLSQP using spatial information
Optimizing branch lengths, phi, and nu without topology search
Initial point 1. Random seed: 7104
Solving with ultrametric constraint
Optimal point found for initial point 1
Negative llh: 188.88278554597372
Dropout rate: 1e-10
Silencing rate: 1e-10
Sigma: 4.4526341395966496
Initial point 2. Random seed: 7898
Solving with ultrametric constraint
Optimal point found for initial point 2
Negative llh: 188.8827900633794
Dropout rate: 1.352548905697527e-10
Silencing rate: 1.270351095536903e-10
Sigma: 4.452515517902741
Initial point 3. Random seed: 6810
Solving with ultrametric constraint
Optimal point found for initial point 3
Negative llh: 188.88278577596571
Dropout rate: 1.708762382550057e-10
Silencing rate: 1.40717225189405e-10
Sigma: 4.452670074587904
Initial point 4. Random seed: 8643
Solving with ultrametric constraint
Optimal point found for initial point 4
Negative llh: 188.88278554842265
Dropout rate: 1e-10
Silencing rate: 1e-10
Sigma: 4.452703932908238
Initial point 5. Random seed: 9365
Solving with ultrametric constraint
Fatal: failed to optimize using initial point 5
Initial point 6. Random seed: 3409
Solving with ultrametric constraint
Optimal point found for initial point 6
Negative llh: 188.8827855870583
Dropout rate: 9.999999999999996e-11
Silencing rate: 1.0000000000000002e-10
Sigma: 4.452769380248954
Initial point 7. Random seed: 55
Solving with ultrametric constraint
Optimal point found for initial point 7
Negative llh: 188.88278926917675
Dropout rate: 1e-10
Silencing rate: 1e-10
Sigma: 4.452699154797527
Initial point 8. Random seed: 3373
Solving with ultrametric constraint
Optimal point found for initial point 8
Negative llh: 188.88278546877797
Dropout rate: 1.0004797376670703e-10
Silencing rate: 1.0002747782465316e-10
Sigma: 4.452681052283556
Initial point 9. Random seed: 1172
Solving with ultrametric constraint
Optimal point found for initial point 9
Negative llh: 188.88281703615513
Dropout rate: 4.5018115908056583e-10
Silencing rate: 5.696218588397617e-10
Sigma: 4.453711443250807
Initial point 10. Random seed: 7330
Solving with ultrametric constraint
Optimal point found for initial point 10
Negative llh: 188.88278957727826
Dropout rate: 1.0000000000000002e-10
Silencing rate: 1e-10
Sigma: 4.452646932984052
Runtime (s): 1122.8262928260956
