Launching Problin version 0.5b
Problin was called as follow: /u/gh2161/Spatial-Division/problin/run_problin.py -c real_location_data/s8c4/k10_r2_character_matrix.csv -t real_location_data/s8c4/true_tree.nwk -S real_location_data/s8c4/leaf_locations.txt --delimiter comma -p real_location_data/s8c4/k10_priors.csv -o real_location_data/s8c4/k10_r2_spalin-divide-beta20.txt --nInitials 10 --ultrametric --randomreps 3 --divide --given_beta 20 --incl_beta_bound
Optimization by Spalin-Divide: Scipy-SLSQP using spatial information
Optimizing branch lengths, phi, and nu without topology search
Initial point 1. Random seed: 5173
Solving with ultrametric constraint
Optimal point found for initial point 1
Negative llh: 205.8641177401334
Dropout rate: 1.627157616975155e-10
Silencing rate: 1.2482731217321462e-10
Sigma: 3.9090522511414485
Initial point 2. Random seed: 4516
Solving with ultrametric constraint
Optimal point found for initial point 2
Negative llh: 205.8641172114142
Dropout rate: 1.891717579849268e-09
Silencing rate: 1.2677144597510817e-09
Sigma: 3.9088538092306524
Initial point 3. Random seed: 5096
Solving with ultrametric constraint
Optimal point found for initial point 3
Negative llh: 205.8641167533276
Dropout rate: 1.2313859295819707e-10
Silencing rate: 1.1152681959767135e-10
Sigma: 3.9090336172272586
Initial point 4. Random seed: 4506
Solving with ultrametric constraint
Optimal point found for initial point 4
Negative llh: 205.86411643455148
Dropout rate: 1e-10
Silencing rate: 1e-10
Sigma: 3.9088741744892936
Initial point 5. Random seed: 9442
Solving with ultrametric constraint
Optimal point found for initial point 5
Negative llh: 205.86412355940178
Dropout rate: 1e-10
Silencing rate: 1e-10
Sigma: 3.9089562957899355
Initial point 6. Random seed: 7153
Solving with ultrametric constraint
Optimal point found for initial point 6
Negative llh: 205.86412366114033
Dropout rate: 9.999999999999996e-11
Silencing rate: 1.0000000000000007e-10
Sigma: 3.90889192320203
Initial point 7. Random seed: 6683
Solving with ultrametric constraint
Optimal point found for initial point 7
Negative llh: 205.86411755527175
Dropout rate: 1.5035889166333322e-10
Silencing rate: 1.227047820191646e-10
Sigma: 3.9090928406161702
Initial point 8. Random seed: 263
Solving with ultrametric constraint
Optimal point found for initial point 8
Negative llh: 205.86414056896456
Dropout rate: 1e-10
Silencing rate: 1e-10
Sigma: 3.908854208807617
Initial point 9. Random seed: 3153
Solving with ultrametric constraint
Optimal point found for initial point 9
Negative llh: 205.86411661018343
Dropout rate: 1e-10
Silencing rate: 1e-10
Sigma: 3.9089207547368217
Initial point 10. Random seed: 9611
Solving with ultrametric constraint
Optimal point found for initial point 10
Negative llh: 205.86412544873616
Dropout rate: 4.1791471028875717e-10
Silencing rate: 2.825060955218657e-10
Sigma: 3.909066360834963
Runtime (s): 880.1979519501328
