Launching Problin version 0.5b
Problin was called as follow: /u/gh2161/Spatial-Division/problin/run_problin.py -c real_location_data/s8c4/k10_r5_character_matrix.csv -t real_location_data/s8c4/true_tree.nwk -S real_location_data/s8c4/leaf_locations.txt --delimiter comma -p real_location_data/s8c4/k10_priors.csv -o real_location_data/s8c4/k10_r5_spalin-divide-beta6.txt --nInitials 10 --ultrametric --randomreps 3 --divide --given_beta 6 --incl_beta_bound
Optimization by Spalin-Divide: Scipy-SLSQP using spatial information
Optimizing branch lengths, phi, and nu without topology search
Initial point 1. Random seed: 2147
Solving with ultrametric constraint
Optimal point found for initial point 1
Negative llh: 200.82742491256266
Dropout rate: 1.2772819992531448e-09
Silencing rate: 4.809066075856315e-10
Sigma: 4.929760893672918
Initial point 2. Random seed: 7017
Solving with ultrametric constraint
Optimal point found for initial point 2
Negative llh: 200.82741833133417
Dropout rate: 1e-10
Silencing rate: 1e-10
Sigma: 4.929897477844553
Initial point 3. Random seed: 3327
Solving with ultrametric constraint
Optimal point found for initial point 3
Negative llh: 200.82741880847988
Dropout rate: 1.0000000000000007e-10
Silencing rate: 9.999999999999996e-11
Sigma: 4.929862223160819
Initial point 4. Random seed: 8310
Solving with ultrametric constraint
Optimal point found for initial point 4
Negative llh: 200.8274182894586
Dropout rate: 1.0362182206379263e-10
Silencing rate: 1.3315858842581233e-10
Sigma: 4.929939038036595
Initial point 5. Random seed: 4498
Solving with ultrametric constraint
Optimal point found for initial point 5
Negative llh: 200.82741937960998
Dropout rate: 2.2043804751809616e-10
Silencing rate: 1.7992382431356152e-10
Sigma: 4.930062726109007
Initial point 6. Random seed: 7480
Solving with ultrametric constraint
Optimal point found for initial point 6
Negative llh: 200.82741925551647
Dropout rate: 1.1789144281550104e-09
Silencing rate: 1.1496961886684566e-09
Sigma: 4.92979696109473
Initial point 7. Random seed: 4762
Solving with ultrametric constraint
Optimal point found for initial point 7
Negative llh: 200.82741833702818
Dropout rate: 1.0000000000000007e-10
Silencing rate: 1.0000000000000002e-10
Sigma: 4.929902408445918
Initial point 8. Random seed: 9649
Solving with ultrametric constraint
Optimal point found for initial point 8
Negative llh: 200.82741751489067
Dropout rate: 1e-10
Silencing rate: 1e-10
Sigma: 4.929877678337475
Initial point 9. Random seed: 7658
Solving with ultrametric constraint
Optimal point found for initial point 9
Negative llh: 200.82741745174852
Dropout rate: 1.0786140552328375e-10
Silencing rate: 1.102400830877207e-10
Sigma: 4.929889921358391
Initial point 10. Random seed: 8814
Solving with ultrametric constraint
Optimal point found for initial point 10
Negative llh: 200.82741896407373
Dropout rate: 1e-10
Silencing rate: 1e-10
Sigma: 4.929786314375657
Runtime (s): 1029.5850207060575
