Launching Problin version 0.5b
Problin was called as follow: /u/gh2161/Spatial-Division/problin/run_problin.py -c real_location_data/s8c4/k10_r4_character_matrix.csv -t real_location_data/s8c4/true_tree.nwk -S real_location_data/s8c4/leaf_locations.txt --delimiter comma -p real_location_data/s8c4/k10_priors.csv -o real_location_data/s8c4/k10_r4_spalin.txt --nInitials 10 --ultrametric --randomreps 3
Optimization by Spalin: Scipy-SLSQP using spatial information
Optimizing branch lengths, phi, and nu without topology search
Initial point 1. Random seed: 9051
Solving with ultrametric constraint
Optimal point found for initial point 1
Negative llh: 204.81244773345236
Dropout rate: 9.668833623662185e-10
Silencing rate: 4.49712089253578e-10
Sigma: 2.344956611730246
Lambda: 0.004740214062140785
Initial point 2. Random seed: 9602
Solving with ultrametric constraint
Optimal point found for initial point 2
Negative llh: 204.81158729279434
Dropout rate: 1.0000000000000007e-10
Silencing rate: 1.0000000000000007e-10
Sigma: 2.345416585812798
Lambda: 0.004738782320979006
Initial point 3. Random seed: 3289
Solving with ultrametric constraint
Optimal point found for initial point 3
Negative llh: 204.8117972633687
Dropout rate: 5.005794352991519e-10
Silencing rate: 2.6140220389115715e-10
Sigma: 2.34487172785323
Lambda: 0.004733903577611778
Initial point 4. Random seed: 8523
Solving with ultrametric constraint
Optimal point found for initial point 4
Negative llh: 204.81160924759874
Dropout rate: 1e-10
Silencing rate: 1e-10
Sigma: 2.3448161892607415
Lambda: 0.004737497606252344
Initial point 5. Random seed: 8952
Solving with ultrametric constraint
Optimal point found for initial point 5
Negative llh: 204.81173237368657
Dropout rate: 1e-10
Silencing rate: 1e-10
Sigma: 2.34427236644452
Lambda: 0.004734155469324657
Initial point 6. Random seed: 923
Solving with ultrametric constraint
Optimal point found for initial point 6
Negative llh: 204.8118553182408
Dropout rate: 1.0000000000000002e-10
Silencing rate: 1e-10
Sigma: 2.345333491248833
Lambda: 0.00473849681133476
Initial point 7. Random seed: 1089
Solving with ultrametric constraint
Optimal point found for initial point 7
Negative llh: 204.81158330949822
Dropout rate: 8.036637230635363e-10
Silencing rate: 4.719123987695535e-10
Sigma: 2.345401875505364
Lambda: 0.004737774635519552
Initial point 8. Random seed: 9490
Solving with ultrametric constraint
Optimal point found for initial point 8
Negative llh: 204.81164920914898
Dropout rate: 1.0000000000000007e-10
Silencing rate: 9.999999999999996e-11
Sigma: 2.345592606255441
Lambda: 0.004737458848137575
Initial point 9. Random seed: 164
Solving with ultrametric constraint
Optimal point found for initial point 9
Negative llh: 204.8133871231409
Dropout rate: 1e-10
Silencing rate: 1e-10
Sigma: 2.3464134179209744
Lambda: 0.004748753449758071
Initial point 10. Random seed: 1623
Solving with ultrametric constraint
Optimal point found for initial point 10
Negative llh: 204.8116012774006
Dropout rate: 1.0000000000000002e-10
Silencing rate: 1.0000000000000002e-10
Sigma: 2.3451436499989784
Lambda: 0.004739226522642536
{'lambda_param': 0.004737774635519552, 'phi': 8.036637230635363e-10, 'nu': 4.719123987695535e-10, 'sigma': 2.345401875505364, 'locations': {'216_6': (227.0, 174.0), '216_5': (203.0, 186.0), '216_8': (232.0, 156.0), '216_2': (191.0, 229.0), '216_1': (197.0, 242.0), '216_4': (222.0, 188.0), '216_3': (236.0, 202.0), '216_9': (247.0, 152.0), '216_11': (259.0, 149.0), '216_15': (220.0, 95.0), '216_14': (207.0, 117.0), '216_20': (207.0, 154.0), '216_19': (211.0, 174.0), '216_18': (192.0, 109.0), '216_17': (212.0, 116.0), '216_16': (215.0, 131.0)}}
Runtime (s): 255.73328360542655
