Launching Problin version 0.5b
Problin was called as follow: /u/gh2161/Spatial-Division/problin/run_problin.py -c real_location_data/s8c4/k10_r5_character_matrix.csv -t real_location_data/s8c4/true_tree.nwk -S real_location_data/s8c4/leaf_locations.txt --delimiter comma -p real_location_data/s8c4/k10_priors.csv -o real_location_data/s8c4/k10_r5_spalin-divide-beta7.txt --nInitials 10 --ultrametric --randomreps 3 --divide --radius 7
Optimization by Spalin-Divide: Scipy-SLSQP using spatial information
Optimizing branch lengths, phi, and nu without topology search
Initial point 1. Random seed: 9133
Solving with ultrametric constraint
Optimal point found for initial point 1
Negative llh: 211.14133385212887
Dropout rate: 1.9189613052598006e-09
Silencing rate: 1.1509962183264266e-09
Sigma: 1.5072476736138112
Initial point 2. Random seed: 3402
Solving with ultrametric constraint
Optimal point found for initial point 2
Negative llh: 198.03915604003788
Dropout rate: 9.999999999999996e-11
Silencing rate: 1e-10
Sigma: 1.2487923064395938
Initial point 3. Random seed: 104
Solving with ultrametric constraint
Optimal point found for initial point 3
Negative llh: 198.03873810145396
Dropout rate: 1.0000000000000007e-10
Silencing rate: 1.0000000000000002e-10
Sigma: 1.248406187612948
Initial point 4. Random seed: 1967
Solving with ultrametric constraint
Optimal point found for initial point 4
Negative llh: 198.03906481450701
Dropout rate: 2.92141927483788e-10
Silencing rate: 1.6879401797245848e-10
Sigma: 1.248611331886991
Initial point 5. Random seed: 547
Solving with ultrametric constraint
Optimal point found for initial point 5
Negative llh: 198.0388146107434
Dropout rate: 1e-10
Silencing rate: 1e-10
Sigma: 1.2484798040424603
Initial point 6. Random seed: 5497
Solving with ultrametric constraint
Optimal point found for initial point 6
Negative llh: 198.03898777369375
Dropout rate: 1e-10
Silencing rate: 1e-10
Sigma: 1.248549822425864
Initial point 7. Random seed: 3844
Solving with ultrametric constraint
Optimal point found for initial point 7
Negative llh: 198.0387369871042
Dropout rate: 1e-10
Silencing rate: 1e-10
Sigma: 1.248440879526942
Initial point 8. Random seed: 1605
Solving with ultrametric constraint
Optimal point found for initial point 8
Negative llh: 220.00230104942878
Dropout rate: 1.0000000000000002e-10
Silencing rate: 1.0000000000000002e-10
Sigma: 1.61905204509029
Initial point 9. Random seed: 4354
Solving with ultrametric constraint
Optimal point found for initial point 9
Negative llh: 198.03885782816158
Dropout rate: 9.999999999999996e-11
Silencing rate: 1e-10
Sigma: 1.2487600980728875
Initial point 10. Random seed: 6345
Solving with ultrametric constraint
Optimal point found for initial point 10
Negative llh: 215.2531133044202
Dropout rate: 1.6161192084863844e-09
Silencing rate: 1.1080796313591026e-09
Sigma: 1.5612020512390423
Runtime (s): 714.3690546262078
