Launching Problin version 0.5b
Problin was called as follow: /u/gh2161/Spatial-Division/problin/run_problin.py -c real_location_data/s8c4/k10_r5_character_matrix.csv -t real_location_data/s8c4/true_tree.nwk -S real_location_data/s8c4/leaf_locations.txt --delimiter comma -p real_location_data/s8c4/k10_priors.csv -o real_location_data/s8c4/k10_r5_spalin.txt --nInitials 10 --ultrametric --randomreps 3
Optimization by Spalin: Scipy-SLSQP using spatial information
Optimizing branch lengths, phi, and nu without topology search
Initial point 1. Random seed: 2695
Solving with ultrametric constraint
Optimal point found for initial point 1
Negative llh: 190.48342691499005
Dropout rate: 1e-10
Silencing rate: 1e-10
Sigma: 2.6634486889364033
Lambda: 0.004753338347503347
Initial point 2. Random seed: 3020
Solving with ultrametric constraint
Optimal point found for initial point 2
Negative llh: 210.08738760931567
Dropout rate: 5.144173170714227e-10
Silencing rate: 2.0566152152878351e-10
Sigma: 2.3286833499075352
Lambda: 0.0009767581022343203
Initial point 3. Random seed: 4110
Solving with ultrametric constraint
Optimal point found for initial point 3
Negative llh: 210.08710851585005
Dropout rate: 1e-10
Silencing rate: 1e-10
Sigma: 2.328836730027039
Lambda: 0.0009767741940480321
Initial point 4. Random seed: 4880
Solving with ultrametric constraint
Optimal point found for initial point 4
Negative llh: 190.48352738613514
Dropout rate: 1e-10
Silencing rate: 1e-10
Sigma: 2.6631793352643127
Lambda: 0.0047603072600950385
Initial point 5. Random seed: 6520
Solving with ultrametric constraint
Fatal: failed to optimize using initial point 5
Initial point 6. Random seed: 3319
Solving with ultrametric constraint
Optimal point found for initial point 6
Negative llh: 210.08710767301818
Dropout rate: 5.858681789410936e-10
Silencing rate: 2.6550659062022044e-10
Sigma: 2.328886289464448
Lambda: 0.0009767741230185308
Initial point 7. Random seed: 6796
Solving with ultrametric constraint
Optimal point found for initial point 7
Negative llh: 210.08729643751172
Dropout rate: 1e-10
Silencing rate: 1e-10
Sigma: 2.328756674040422
Lambda: 0.0009767628747469376
Initial point 8. Random seed: 9426
Solving with ultrametric constraint
Optimal point found for initial point 8
Negative llh: 210.0871653769659
Dropout rate: 1.0000000000000002e-10
Silencing rate: 1e-10
Sigma: 2.3284373348367216
Lambda: 0.0009767714507192167
Initial point 9. Random seed: 8101
Solving with ultrametric constraint
Optimal point found for initial point 9
Negative llh: 190.48339745083968
Dropout rate: 1e-10
Silencing rate: 1e-10
Sigma: 2.664274524916396
Lambda: 0.004756295369620842
Initial point 10. Random seed: 8033
Solving with ultrametric constraint
Optimal point found for initial point 10
Negative llh: 190.48343015433494
Dropout rate: 1.0000000000000007e-10
Silencing rate: 1.0000000000000007e-10
Sigma: 2.6632289478944187
Lambda: 0.004761409811230333
{'lambda_param': 0.004756295369620842, 'phi': 1e-10, 'nu': 1e-10, 'sigma': 2.664274524916396, 'locations': {'216_6': (227.0, 174.0), '216_5': (203.0, 186.0), '216_8': (232.0, 156.0), '216_2': (191.0, 229.0), '216_1': (197.0, 242.0), '216_4': (222.0, 188.0), '216_3': (236.0, 202.0), '216_9': (247.0, 152.0), '216_11': (259.0, 149.0), '216_15': (220.0, 95.0), '216_14': (207.0, 117.0), '216_20': (207.0, 154.0), '216_19': (211.0, 174.0), '216_18': (192.0, 109.0), '216_17': (212.0, 116.0), '216_16': (215.0, 131.0)}}
Runtime (s): 125.7311000097543
