Launching Problin version 0.5b
Problin was called as follow: /u/gh2161/Spatial-Division/problin/run_problin.py -c real_location_data/s8c4/k10_r1_character_matrix.csv -t real_location_data/s8c4/true_tree.nwk -S real_location_data/s8c4/leaf_locations.txt --delimiter comma -p real_location_data/s8c4/k10_priors.csv -o real_location_data/s8c4/k10_r1_spalin-divide-beta05.txt --nInitials 10 --ultrametric --randomreps 3 --divide --radius 0.5
Optimization by Spalin-Divide: Scipy-SLSQP using spatial information
Optimizing branch lengths, phi, and nu without topology search
Initial point 1. Random seed: 1199
Solving with ultrametric constraint
Optimal point found for initial point 1
Negative llh: 207.54391635296713
Dropout rate: 2.0062222120341056e-09
Silencing rate: 1.0394500622597003e-10
Sigma: 1.6324241492862
Initial point 2. Random seed: 7876
Solving with ultrametric constraint
Optimal point found for initial point 2
Negative llh: 207.54378078920453
Dropout rate: 6.921966178521401e-10
Silencing rate: 3.907480088118051e-10
Sigma: 1.6323329020336226
Initial point 3. Random seed: 4588
Solving with ultrametric constraint
Optimal point found for initial point 3
Negative llh: 207.54425846827658
Dropout rate: 7.490568032647561e-10
Silencing rate: 4.5390702213764925e-10
Sigma: 1.6313501017588943
Initial point 4. Random seed: 7957
Solving with ultrametric constraint
Optimal point found for initial point 4
Negative llh: 207.54360791428724
Dropout rate: 9.999999999999996e-11
Silencing rate: 9.999999999999996e-11
Sigma: 1.6318004302568245
Initial point 5. Random seed: 9627
Solving with ultrametric constraint
Optimal point found for initial point 5
Negative llh: 207.54360199215324
Dropout rate: 7.731125076549205e-10
Silencing rate: 4.867018797465019e-10
Sigma: 1.6317023417952747
Initial point 6. Random seed: 8247
Solving with ultrametric constraint
Optimal point found for initial point 6
Negative llh: 207.54375707014447
Dropout rate: 1.6739568905002002e-10
Silencing rate: 1.3822579682903347e-10
Sigma: 1.6312682561381344
Initial point 7. Random seed: 8818
Solving with ultrametric constraint
Optimal point found for initial point 7
Negative llh: 207.54369969004927
Dropout rate: 1.0000000000000007e-10
Silencing rate: 1e-10
Sigma: 1.6318479905174252
Initial point 8. Random seed: 165
Solving with ultrametric constraint
Optimal point found for initial point 8
Negative llh: 207.54424839674707
Dropout rate: 1.0000000000000007e-10
Silencing rate: 1e-10
Sigma: 1.6324688511024656
Initial point 9. Random seed: 6296
Solving with ultrametric constraint
Optimal point found for initial point 9
Negative llh: 207.54428325580972
Dropout rate: 1.2608911798914878e-09
Silencing rate: 1.8654185238464195e-10
Sigma: 1.63110232846767
Initial point 10. Random seed: 3373
Solving with ultrametric constraint
Optimal point found for initial point 10
Negative llh: 207.5441852166751
Dropout rate: 1.0000000000000002e-10
Silencing rate: 1.0000000000000002e-10
Sigma: 1.6324294746532637
Runtime (s): 1152.2574119959027
