Launching Problin version 0.5b
Problin was called as follow: /u/gh2161/Spatial-Division/problin/run_problin.py -c real_location_data/s8c4/k10_r3_character_matrix.csv -t real_location_data/s8c4/true_tree.nwk -S real_location_data/s8c4/leaf_locations.txt --delimiter comma -p real_location_data/s8c4/k10_priors.csv -o real_location_data/s8c4/k10_r3_spalin-divide-beta05.txt --nInitials 10 --ultrametric --randomreps 3 --divide --radius 0.5
Optimization by Spalin-Divide: Scipy-SLSQP using spatial information
Optimizing branch lengths, phi, and nu without topology search
Initial point 1. Random seed: 9769
Solving with ultrametric constraint
Optimal point found for initial point 1
Negative llh: 217.0397631223895
Dropout rate: 1e-10
Silencing rate: 1e-10
Sigma: 1.6441010868888657
Initial point 2. Random seed: 6524
Solving with ultrametric constraint
Optimal point found for initial point 2
Negative llh: 217.03967519682692
Dropout rate: 1.305124828984424e-09
Silencing rate: 1.0001189851218942e-10
Sigma: 1.6439318064303852
Initial point 3. Random seed: 5652
Solving with ultrametric constraint
Optimal point found for initial point 3
Negative llh: 217.03915748294182
Dropout rate: 1.2301959784062341e-09
Silencing rate: 4.3688335211644983e-10
Sigma: 1.6441497768667284
Initial point 4. Random seed: 5567
Solving with ultrametric constraint
Optimal point found for initial point 4
Negative llh: 217.03922917013517
Dropout rate: 1.0000000000000007e-10
Silencing rate: 1.0000000000000002e-10
Sigma: 1.6442563772130276
Initial point 5. Random seed: 3629
Solving with ultrametric constraint
Optimal point found for initial point 5
Negative llh: 217.03965254889619
Dropout rate: 9.999999999999996e-11
Silencing rate: 1.0000000000000002e-10
Sigma: 1.644055592245203
Initial point 6. Random seed: 6151
Solving with ultrametric constraint
Optimal point found for initial point 6
Negative llh: 217.03969620723763
Dropout rate: 1e-10
Silencing rate: 1e-10
Sigma: 1.6439781506401048
Initial point 7. Random seed: 6598
Solving with ultrametric constraint
Optimal point found for initial point 7
Negative llh: 217.03931508232793
Dropout rate: 6.582012180566493e-10
Silencing rate: 1.8688508635871748e-10
Sigma: 1.6446460430709307
Initial point 8. Random seed: 9261
Solving with ultrametric constraint
Optimal point found for initial point 8
Negative llh: 217.04024498190032
Dropout rate: 1e-10
Silencing rate: 1e-10
Sigma: 1.6443884085325513
Initial point 9. Random seed: 6910
Solving with ultrametric constraint
Optimal point found for initial point 9
Negative llh: 217.0392921915359
Dropout rate: 9.019174443825566e-10
Silencing rate: 1.000147614117293e-10
Sigma: 1.6440289098783856
Initial point 10. Random seed: 5485
Solving with ultrametric constraint
Optimal point found for initial point 10
Negative llh: 217.03915753022983
Dropout rate: 1e-10
Silencing rate: 1e-10
Sigma: 1.6441109297393472
Runtime (s): 1381.9001735956408
