Launching Problin version 0.5b
Problin was called as follow: /u/gh2161/Spatial-Division/problin/run_problin.py -c real_location_data/s8c4/k10_r5_character_matrix.csv -t real_location_data/s8c4/true_tree.nwk -S real_location_data/s8c4/leaf_locations.txt --delimiter comma -p real_location_data/s8c4/k10_priors.csv -o real_location_data/s8c4/k10_r5_spalin-divide-beta8.txt --nInitials 10 --ultrametric --randomreps 3 --divide --given_beta 8 --incl_beta_bound
Optimization by Spalin-Divide: Scipy-SLSQP using spatial information
Optimizing branch lengths, phi, and nu without topology search
Initial point 1. Random seed: 8704
Solving with ultrametric constraint
Optimal point found for initial point 1
Negative llh: 193.9373067295986
Dropout rate: 9.545976462287095e-10
Silencing rate: 4.79375557353259e-10
Sigma: 4.453248180142755
Initial point 2. Random seed: 5363
Solving with ultrametric constraint
Optimal point found for initial point 2
Negative llh: 193.9373080078763
Dropout rate: 9.902613821559832e-10
Silencing rate: 4.745882566121438e-10
Sigma: 4.4533202633351845
Initial point 3. Random seed: 532
Solving with ultrametric constraint
Optimal point found for initial point 3
Negative llh: 193.93730584064315
Dropout rate: 1.3470895204055484e-10
Silencing rate: 1.1245184870654935e-10
Sigma: 4.453314566854997
Initial point 4. Random seed: 8452
Solving with ultrametric constraint
Optimal point found for initial point 4
Negative llh: 193.9373150383684
Dropout rate: 1.01831843070184e-09
Silencing rate: 5.366952013226752e-10
Sigma: 4.453324183300239
Initial point 5. Random seed: 5711
Solving with ultrametric constraint
Optimal point found for initial point 5
Negative llh: 193.93730655712528
Dropout rate: 1.0617234733591278e-10
Silencing rate: 1.0221410146310241e-10
Sigma: 4.4533049223311085
Initial point 6. Random seed: 4071
Solving with ultrametric constraint
Optimal point found for initial point 6
Negative llh: 193.9373092244109
Dropout rate: 6.035377974004705e-10
Silencing rate: 5.120109687542067e-10
Sigma: 4.453338116325669
Initial point 7. Random seed: 275
Solving with ultrametric constraint
Optimal point found for initial point 7
Negative llh: 193.93730584039224
Dropout rate: 1e-10
Silencing rate: 1e-10
Sigma: 4.453321779228332
Initial point 8. Random seed: 934
Solving with ultrametric constraint
Optimal point found for initial point 8
Negative llh: 193.93730586507274
Dropout rate: 1.0142549813802919e-10
Silencing rate: 1.0051123733199483e-10
Sigma: 4.453317233484847
Initial point 9. Random seed: 8425
Solving with ultrametric constraint
Optimal point found for initial point 9
Negative llh: 193.93730572363614
Dropout rate: 1.0471545387943605e-10
Silencing rate: 1.0169189204114884e-10
Sigma: 4.453304002955542
Initial point 10. Random seed: 1143
Solving with ultrametric constraint
Optimal point found for initial point 10
Negative llh: 193.93730582006611
Dropout rate: 9.999999999999996e-11
Silencing rate: 1.0000000000000002e-10
Sigma: 4.453300442056077
Runtime (s): 674.5313723012805
