Launching Problin version 0.5b
Problin was called as follow: /u/gh2161/Spatial-Division/problin/run_problin.py -c real_location_data/s8c4/k10_r4_character_matrix.csv -t real_location_data/s8c4/true_tree.nwk -S real_location_data/s8c4/leaf_locations.txt --delimiter comma -p real_location_data/s8c4/k10_priors.csv -o real_location_data/s8c4/k10_r4_spalin-divide-beta05.txt --nInitials 10 --ultrametric --randomreps 3 --divide --radius 0.5
Optimization by Spalin-Divide: Scipy-SLSQP using spatial information
Optimizing branch lengths, phi, and nu without topology search
Initial point 1. Random seed: 8174
Solving with ultrametric constraint
Optimal point found for initial point 1
Negative llh: 231.39571316325174
Dropout rate: 1e-10
Silencing rate: 1e-10
Sigma: 1.5100586000515646
Initial point 2. Random seed: 8474
Solving with ultrametric constraint
Optimal point found for initial point 2
Negative llh: 231.39553099385427
Dropout rate: 1.0979831237486014e-09
Silencing rate: 1e-10
Sigma: 1.5100505833648372
Initial point 3. Random seed: 5137
Solving with ultrametric constraint
Optimal point found for initial point 3
Negative llh: 231.39569666019275
Dropout rate: 1e-10
Silencing rate: 1e-10
Sigma: 1.5102615047867665
Initial point 4. Random seed: 3663
Solving with ultrametric constraint
Optimal point found for initial point 4
Negative llh: 231.39553098717533
Dropout rate: 1.0757728790442266e-09
Silencing rate: 4.877607941415867e-10
Sigma: 1.5100476273885208
Initial point 5. Random seed: 1736
Solving with ultrametric constraint
Optimal point found for initial point 5
Negative llh: 324.79065351097825
Dropout rate: 2.620081402874414e-08
Silencing rate: 5.568591735894894e-07
Sigma: 8.538878392812503
Initial point 6. Random seed: 2761
Solving with ultrametric constraint
Optimal point found for initial point 6
Negative llh: 231.3959712447915
Dropout rate: 4.078070116857102e-10
Silencing rate: 2.2401621918210287e-10
Sigma: 1.5100694970962287
Initial point 7. Random seed: 4922
Solving with ultrametric constraint
Optimal point found for initial point 7
Negative llh: 231.39593336731178
Dropout rate: 3.3945426886242286e-10
Silencing rate: 1.968511382226243e-10
Sigma: 1.5100173536775616
Initial point 8. Random seed: 5127
Solving with ultrametric constraint
Optimal point found for initial point 8
Negative llh: 231.39642440038227
Dropout rate: 1.1401039023838564e-09
Silencing rate: 5.197430578996568e-10
Sigma: 1.510036780948346
Initial point 9. Random seed: 5049
Solving with ultrametric constraint
Optimal point found for initial point 9
Negative llh: 231.39580700612512
Dropout rate: 5.429005633552494e-10
Silencing rate: 1.0061979169552103e-10
Sigma: 1.5095397658009695
Initial point 10. Random seed: 9333
Solving with ultrametric constraint
Optimal point found for initial point 10
Negative llh: 231.3957996428092
Dropout rate: 7.291215834287824e-10
Silencing rate: 3.537871488163735e-10
Sigma: 1.5101178787035499
Runtime (s): 800.2543700952083
