Launching Problin version 0.5b
Problin was called as follow: /u/gh2161/Spatial-Division/problin/run_problin.py -c real_location_data/s15c2/k10_r1_character_matrix.csv -t real_location_data/s15c2/true_tree.nwk -S real_location_data/s15c2/leaf_locations.txt --delimiter comma -p real_location_data/s15c2/k10_priors.csv -o real_location_data/s15c2/k10_r1_spalin-divide-beta3.txt --nInitials 10 --ultrametric --randomreps 3 --divide --radius 3
Optimization by Spalin-Divide: Scipy-SLSQP using spatial information
Optimizing branch lengths, phi, and nu without topology search
Initial point 1. Random seed: 9556
Solving with ultrametric constraint
Fatal: failed to optimize using initial point 1
Initial point 2. Random seed: 4953
Solving with ultrametric constraint
Optimal point found for initial point 2
Negative llh: 233.27990055840507
Dropout rate: 1.2790516817300566e-09
Silencing rate: 1.0264608764456938e-10
Sigma: 1.4629888894169532
Initial point 3. Random seed: 13
Solving with ultrametric constraint
Optimal point found for initial point 3
Negative llh: 233.27971575483951
Dropout rate: 6.7938014393331e-10
Silencing rate: 1.4530088324037598e-10
Sigma: 1.4632979111385984
Initial point 4. Random seed: 8837
Solving with ultrametric constraint
Optimal point found for initial point 4
Negative llh: 233.27983499952364
Dropout rate: 1e-10
Silencing rate: 1e-10
Sigma: 1.4636471539684692
Initial point 5. Random seed: 2457
Solving with ultrametric constraint
Optimal point found for initial point 5
Negative llh: 233.28008110558093
Dropout rate: 3.060166344703595e-10
Silencing rate: 1.6366527215121306e-10
Sigma: 1.4634662392468838
Initial point 6. Random seed: 4065
Solving with ultrametric constraint
Optimal point found for initial point 6
Negative llh: 233.2797133946395
Dropout rate: 2.1031574529590639e-10
Silencing rate: 1.4542877359137853e-10
Sigma: 1.463920637406011
Initial point 7. Random seed: 7428
Solving with ultrametric constraint
Optimal point found for initial point 7
Negative llh: 233.28156516869038
Dropout rate: 2.216085385984278e-10
Silencing rate: 2.837047362091117e-10
Sigma: 1.462225910666613
Initial point 8. Random seed: 8696
Solving with ultrametric constraint
Optimal point found for initial point 8
Negative llh: 233.2796382954145
Dropout rate: 9.66503699427112e-10
Silencing rate: 1.0002937034584579e-10
Sigma: 1.4633655836280792
Initial point 9. Random seed: 2210
Solving with ultrametric constraint
Optimal point found for initial point 9
Negative llh: 233.28008924041035
Dropout rate: 1e-10
Silencing rate: 1e-10
Sigma: 1.4627702839194874
Initial point 10. Random seed: 5697
Solving with ultrametric constraint
Optimal point found for initial point 10
Negative llh: 233.27959931187613
Dropout rate: 1.0000000000000007e-10
Silencing rate: 1.0000000000000007e-10
Sigma: 1.4635920394596076
Runtime (s): 1161.414211823605
