Launching Problin version 0.5b
Problin was called as follow: /u/gh2161/Spatial-Division/problin/run_problin.py -c real_location_data/s2c4/k10_r4_character_matrix.csv -t real_location_data/s2c4/true_tree.nwk --delimiter comma -p real_location_data/s2c4/k10_priors.csv -o real_location_data/s2c4/k10_r4_problin.txt --nInitials 10 --ultrametric --randomreps 3 --solver Scipy
Optimization by generic solver (Scipy-SLSQP)
Optimizing branch lengths, phi, and nu without topology search
Initial point 1. Random seed: 2999
Solving with ultrametric constraint
Optimal point found for initial point 1
Negative llh: 70.07611051061683
Dropout rate: 1e-10
Silencing rate: 1e-10
Lambda: 0.005361812118037629
Initial point 2. Random seed: 5901
Solving with ultrametric constraint
Optimal point found for initial point 2
Negative llh: 70.07611271007308
Dropout rate: 2.0794223463360581e-10
Silencing rate: 1.7039260708964185e-10
Lambda: 0.005361396362944691
Initial point 3. Random seed: 730
Solving with ultrametric constraint
Optimal point found for initial point 3
Negative llh: 70.07609941567928
Dropout rate: 1e-10
Silencing rate: 1e-10
Lambda: 0.0053613120917914495
Initial point 4. Random seed: 7035
Solving with ultrametric constraint
Optimal point found for initial point 4
Negative llh: 70.07638278094092
Dropout rate: 5.212432986717961e-10
Silencing rate: 3.1472590840826197e-10
Lambda: 0.005360389471815616
Initial point 5. Random seed: 5674
Solving with ultrametric constraint
Optimal point found for initial point 5
Negative llh: 94.00822109909461
Dropout rate: 2.420030262116001e-10
Silencing rate: 1.5795648688015976e-10
Lambda: 0.0009766810277000062
Initial point 6. Random seed: 5076
Solving with ultrametric constraint
Optimal point found for initial point 6
Negative llh: 70.07615731200129
Dropout rate: 1.294618657314765e-10
Silencing rate: 1.184227861403151e-10
Lambda: 0.0053627041595907384
Initial point 7. Random seed: 4902
Solving with ultrametric constraint
Optimal point found for initial point 7
Negative llh: 70.07636946638439
Dropout rate: 5.501203575747869e-10
Silencing rate: 4.4516411458637425e-10
Lambda: 0.00536159583108234
Initial point 8. Random seed: 9717
Solving with ultrametric constraint
Optimal point found for initial point 8
Negative llh: 70.07609941405693
Dropout rate: 1e-10
Silencing rate: 1e-10
Lambda: 0.005361426174074032
Initial point 9. Random seed: 1351
Solving with ultrametric constraint
Optimal point found for initial point 9
Negative llh: 70.07622780576814
Dropout rate: 9.999999999999996e-11
Silencing rate: 9.999999999999996e-11
Lambda: 0.005361322989411064
Initial point 10. Random seed: 7652
Solving with ultrametric constraint
Optimal point found for initial point 10
Negative llh: 70.07609940024336
Dropout rate: 1.0000000000000002e-10
Silencing rate: 1.0000000000000002e-10
Lambda: 0.00536146579932286
{'phi': 1.0000000000000002e-10, 'nu': 1.0000000000000002e-10, 'lambda_param': 0.00536146579932286}
Runtime (s): 19.03571454063058
