Launching Problin version 0.5b
Problin was called as follow: /u/gh2161/Spatial-Division/problin/run_problin.py -c real_location_data/s2c4/k10_r1_character_matrix.csv -t real_location_data/s2c4/true_tree.nwk -S real_location_data/s2c4/leaf_locations.txt --delimiter comma -p real_location_data/s2c4/k10_priors.csv -o real_location_data/s2c4/k10_r1_spalin-divide-beta6.txt --nInitials 10 --ultrametric --randomreps 3 --divide --given_beta 6 --incl_beta_bound
Optimization by Spalin-Divide: Scipy-SLSQP using spatial information
Optimizing branch lengths, phi, and nu without topology search
Initial point 1. Random seed: 8577
Solving with ultrametric constraint
Optimal point found for initial point 1
Negative llh: 134.47906523157528
Dropout rate: 1e-10
Silencing rate: 1e-10
Sigma: 3.6043825911699847
Initial point 2. Random seed: 9942
Solving with ultrametric constraint
Optimal point found for initial point 2
Negative llh: 134.47906487621208
Dropout rate: 1.2249423720236712e-10
Silencing rate: 1.2217600003108142e-10
Sigma: 3.604389302311045
Initial point 3. Random seed: 164
Solving with ultrametric constraint
Optimal point found for initial point 3
Negative llh: 134.47906500772962
Dropout rate: 1.0000000000000002e-10
Silencing rate: 1e-10
Sigma: 3.604376986281391
Initial point 4. Random seed: 8921
Solving with ultrametric constraint
Optimal point found for initial point 4
Negative llh: 134.47906496721754
Dropout rate: 7.022926856769074e-10
Silencing rate: 5.920094362134169e-10
Sigma: 3.6043965732593115
Initial point 5. Random seed: 3449
Solving with ultrametric constraint
Optimal point found for initial point 5
Negative llh: 134.47906501448463
Dropout rate: 2.401506868880731e-10
Silencing rate: 1.8946838753499984e-10
Sigma: 3.6043805835477656
Initial point 6. Random seed: 2320
Solving with ultrametric constraint
Optimal point found for initial point 6
Negative llh: 134.47906488443726
Dropout rate: 1.610085373512718e-10
Silencing rate: 1.4284794793329544e-10
Sigma: 3.604388149728502
Initial point 7. Random seed: 3682
Solving with ultrametric constraint
Optimal point found for initial point 7
Negative llh: 134.47906493441138
Dropout rate: 1e-10
Silencing rate: 1e-10
Sigma: 3.604391575078423
Initial point 8. Random seed: 3402
Solving with ultrametric constraint
Optimal point found for initial point 8
Negative llh: 134.47906491651554
Dropout rate: 1.1052144643061957e-10
Silencing rate: 1.1119731082232232e-10
Sigma: 3.6044130401534646
Initial point 9. Random seed: 3956
Solving with ultrametric constraint
Optimal point found for initial point 9
Negative llh: 134.4790651419081
Dropout rate: 1.0000000000000002e-10
Silencing rate: 1.0000000000000002e-10
Sigma: 3.604412367412755
Initial point 10. Random seed: 8434
Solving with ultrametric constraint
Optimal point found for initial point 10
Negative llh: 134.47906487328362
Dropout rate: 2.0806317129502216e-10
Silencing rate: 1.6663334941607295e-10
Sigma: 3.60439185160207
Runtime (s): 302.36393662402406
