Launching Problin version 0.5b
Problin was called as follow: /u/gh2161/Spatial-Division/problin/run_problin.py -c real_location_data/s2c4/k10_r1_character_matrix.csv -t real_location_data/s2c4/true_tree.nwk -S real_location_data/s2c4/leaf_locations.txt --delimiter comma -p real_location_data/s2c4/k10_priors.csv -o real_location_data/s2c4/k10_r1_spalin-divide-beta20.txt --nInitials 10 --ultrametric --randomreps 3 --divide --given_beta 20 --incl_beta_bound
Optimization by Spalin-Divide: Scipy-SLSQP using spatial information
Optimizing branch lengths, phi, and nu without topology search
Initial point 1. Random seed: 6376
Solving with ultrametric constraint
Optimal point found for initial point 1
Negative llh: 133.74474960416384
Dropout rate: 1.0000000000000002e-10
Silencing rate: 1e-10
Sigma: 3.2091265517407974
Initial point 2. Random seed: 5677
Solving with ultrametric constraint
Optimal point found for initial point 2
Negative llh: 133.7447517974265
Dropout rate: 1.8778321077715506e-10
Silencing rate: 1.591443159763938e-10
Sigma: 3.2089675904189754
Initial point 3. Random seed: 8146
Solving with ultrametric constraint
Optimal point found for initial point 3
Negative llh: 133.7447472554058
Dropout rate: 1.3849258543191824e-10
Silencing rate: 1.0202638279328512e-10
Sigma: 3.2090915015794828
Initial point 4. Random seed: 1026
Solving with ultrametric constraint
Optimal point found for initial point 4
Negative llh: 133.74474932665973
Dropout rate: 1e-10
Silencing rate: 1e-10
Sigma: 3.209021236809842
Initial point 5. Random seed: 1850
Solving with ultrametric constraint
Optimal point found for initial point 5
Negative llh: 133.74474748386473
Dropout rate: 1e-10
Silencing rate: 1e-10
Sigma: 3.2089863629162996
Initial point 6. Random seed: 3885
Solving with ultrametric constraint
Optimal point found for initial point 6
Negative llh: 133.74474812782054
Dropout rate: 1e-10
Silencing rate: 1e-10
Sigma: 3.2090510690734217
Initial point 7. Random seed: 3751
Solving with ultrametric constraint
Optimal point found for initial point 7
Negative llh: 133.7447476163016
Dropout rate: 1.0000000000000002e-10
Silencing rate: 1e-10
Sigma: 3.2090325112762774
Initial point 8. Random seed: 1086
Solving with ultrametric constraint
Optimal point found for initial point 8
Negative llh: 133.74475411069915
Dropout rate: 4.531948624008372e-10
Silencing rate: 3.3300934939872243e-10
Sigma: 3.2089108445029266
Initial point 9. Random seed: 405
Solving with ultrametric constraint
Optimal point found for initial point 9
Negative llh: 133.74475728243056
Dropout rate: 9.999999999999999e-11
Silencing rate: 1e-10
Sigma: 3.208908566569311
Initial point 10. Random seed: 1238
Solving with ultrametric constraint
Optimal point found for initial point 10
Negative llh: 133.74474768726446
Dropout rate: 1e-10
Silencing rate: 1e-10
Sigma: 3.208987172812581
Runtime (s): 395.2813630680321
