Launching Problin version 0.5b
Problin was called as follow: /u/gh2161/Spatial-Division/problin/run_problin.py -c real_location_data/s2c4/k10_r3_character_matrix.csv -t real_location_data/s2c4/true_tree.nwk -S real_location_data/s2c4/leaf_locations.txt --delimiter comma -p real_location_data/s2c4/k10_priors.csv -o real_location_data/s2c4/k10_r3_spalin-divide-beta6.txt --nInitials 10 --ultrametric --randomreps 3 --divide --given_beta 6 --incl_beta_bound
Optimization by Spalin-Divide: Scipy-SLSQP using spatial information
Optimizing branch lengths, phi, and nu without topology search
Initial point 1. Random seed: 3025
Solving with ultrametric constraint
Optimal point found for initial point 1
Negative llh: 127.29532055986039
Dropout rate: 1.0031978051256581e-10
Silencing rate: 1.0017388414614279e-10
Sigma: 4.134723574021872
Initial point 2. Random seed: 6220
Solving with ultrametric constraint
Optimal point found for initial point 2
Negative llh: 127.29531989812244
Dropout rate: 1e-10
Silencing rate: 1e-10
Sigma: 4.134646682337657
Initial point 3. Random seed: 7007
Solving with ultrametric constraint
Optimal point found for initial point 3
Negative llh: 127.29531994601972
Dropout rate: 4.4728804225763006e-10
Silencing rate: 3.5885286041445903e-10
Sigma: 4.13463033414244
Initial point 4. Random seed: 8083
Solving with ultrametric constraint
Optimal point found for initial point 4
Negative llh: 127.29531931125436
Dropout rate: 1e-10
Silencing rate: 1e-10
Sigma: 4.134650211212868
Initial point 5. Random seed: 7713
Solving with ultrametric constraint
Optimal point found for initial point 5
Negative llh: 127.295319368528
Dropout rate: 1.897038040007392e-10
Silencing rate: 2.0053708698427358e-10
Sigma: 4.134687615540516
Initial point 6. Random seed: 6053
Solving with ultrametric constraint
Optimal point found for initial point 6
Negative llh: 127.29531915484037
Dropout rate: 1e-10
Silencing rate: 1e-10
Sigma: 4.134665127029572
Initial point 7. Random seed: 5324
Solving with ultrametric constraint
Optimal point found for initial point 7
Negative llh: 127.29531923140294
Dropout rate: 1.0000000000000002e-10
Silencing rate: 1e-10
Sigma: 4.134663441303027
Initial point 8. Random seed: 1273
Solving with ultrametric constraint
Optimal point found for initial point 8
Negative llh: 127.29531928396315
Dropout rate: 1e-10
Silencing rate: 1e-10
Sigma: 4.1346697163483705
Initial point 9. Random seed: 8361
Solving with ultrametric constraint
Optimal point found for initial point 9
Negative llh: 127.29531932299655
Dropout rate: 1.0000000000000002e-10
Silencing rate: 1.0000000000000002e-10
Sigma: 4.1346801228115835
Initial point 10. Random seed: 1125
Solving with ultrametric constraint
Optimal point found for initial point 10
Negative llh: 127.29531967522003
Dropout rate: 2.1430940298431837e-10
Silencing rate: 1.5109792540612974e-10
Sigma: 4.134724419026027
Runtime (s): 190.17727009858936
