Launching Problin version 0.5b
Problin was called as follow: /u/gh2161/Spatial-Division/problin/run_problin.py -c real_location_data/s2c4/k10_r2_character_matrix.csv -t real_location_data/s2c4/true_tree.nwk -S real_location_data/s2c4/leaf_locations.txt --delimiter comma -p real_location_data/s2c4/k10_priors.csv -o real_location_data/s2c4/k10_r2_spalin-divide-beta9.txt --nInitials 10 --ultrametric --randomreps 3 --divide --given_beta 9 --incl_beta_bound
Optimization by Spalin-Divide: Scipy-SLSQP using spatial information
Optimizing branch lengths, phi, and nu without topology search
Initial point 1. Random seed: 7847
Solving with ultrametric constraint
Optimal point found for initial point 1
Negative llh: 113.59046285143353
Dropout rate: 1e-10
Silencing rate: 1e-10
Sigma: 3.1839297512194067
Initial point 2. Random seed: 6582
Solving with ultrametric constraint
Optimal point found for initial point 2
Negative llh: 113.59046607316877
Dropout rate: 5.483489314102749e-10
Silencing rate: 3.4917653539768817e-10
Sigma: 3.1841047613913327
Initial point 3. Random seed: 1668
Solving with ultrametric constraint
Optimal point found for initial point 3
Negative llh: 113.5904667687698
Dropout rate: 1.0625868697229696e-09
Silencing rate: 6.350191875530845e-10
Sigma: 3.18399809551075
Initial point 4. Random seed: 5855
Solving with ultrametric constraint
Optimal point found for initial point 4
Negative llh: 113.59046356121937
Dropout rate: 2.603905938824797e-10
Silencing rate: 1.7899453492673737e-10
Sigma: 3.183836573238654
Initial point 5. Random seed: 9015
Solving with ultrametric constraint
Optimal point found for initial point 5
Negative llh: 113.59046288864158
Dropout rate: 1e-10
Silencing rate: 1e-10
Sigma: 3.1839206911806963
Initial point 6. Random seed: 2075
Solving with ultrametric constraint
Optimal point found for initial point 6
Negative llh: 113.59046316281334
Dropout rate: 1e-10
Silencing rate: 1e-10
Sigma: 3.1839191197806267
Initial point 7. Random seed: 1896
Solving with ultrametric constraint
Optimal point found for initial point 7
Negative llh: 113.59046290579138
Dropout rate: 1.2126064499202138e-10
Silencing rate: 1.1175468671658547e-10
Sigma: 3.1839277320760018
Initial point 8. Random seed: 8747
Solving with ultrametric constraint
Optimal point found for initial point 8
Negative llh: 113.59046291322719
Dropout rate: 1.3364781072371238e-10
Silencing rate: 1.1869840552825772e-10
Sigma: 3.183934355330002
Initial point 9. Random seed: 7850
Solving with ultrametric constraint
Optimal point found for initial point 9
Negative llh: 113.59046286328146
Dropout rate: 1e-10
Silencing rate: 1e-10
Sigma: 3.1839347296915537
Initial point 10. Random seed: 8799
Solving with ultrametric constraint
Optimal point found for initial point 10
Negative llh: 113.59046317032676
Dropout rate: 1e-10
Silencing rate: 1e-10
Sigma: 3.1839544284315937
Runtime (s): 225.86450386606157
