Launching Problin version 0.5b
Problin was called as follow: /u/gh2161/Spatial-Division/problin/run_problin.py -c real_location_data/s21c4/k10_r5_character_matrix.csv -t real_location_data/s21c4/true_tree.nwk -S real_location_data/s21c4/leaf_locations.txt --delimiter comma -p real_location_data/s21c4/k10_priors.csv -o real_location_data/s21c4/k10_r5_spalin-divide-beta7.txt --nInitials 10 --ultrametric --randomreps 3 --divide --radius 7
Optimization by Spalin-Divide: Scipy-SLSQP using spatial information
Optimizing branch lengths, phi, and nu without topology search
Initial point 1. Random seed: 3985
Solving with ultrametric constraint
Optimal point found for initial point 1
Negative llh: 339.0408302378278
Dropout rate: 4.263522562491942e-09
Silencing rate: 1.1428391180634916e-10
Sigma: 1.299651283721655
Initial point 2. Random seed: 7249
Solving with ultrametric constraint
Optimal point found for initial point 2
Negative llh: 339.040230715248
Dropout rate: 4.9712135787476015e-09
Silencing rate: 2.4822164575489262e-09
Sigma: 1.2993695584823544
Initial point 3. Random seed: 8447
Solving with ultrametric constraint
Optimal point found for initial point 3
Negative llh: 339.0397713917285
Dropout rate: 1.0000002974291964e-10
Silencing rate: 1.00000014544836e-10
Sigma: 1.2995716614580106
Initial point 4. Random seed: 417
Solving with ultrametric constraint
Optimal point found for initial point 4
Negative llh: 339.03991017092267
Dropout rate: 1.0000000000000007e-10
Silencing rate: 9.999999999999996e-11
Sigma: 1.2991548127991754
Initial point 5. Random seed: 7956
Solving with ultrametric constraint
Optimal point found for initial point 5
Negative llh: 339.03988349151786
Dropout rate: 2.4478641039074915e-09
Silencing rate: 1.1425200381119613e-10
Sigma: 1.299271335122577
Initial point 6. Random seed: 5648
Solving with ultrametric constraint
Optimal point found for initial point 6
Negative llh: 339.040427930488
Dropout rate: 1e-10
Silencing rate: 1.000187146249412e-10
Sigma: 1.2992991669416052
Initial point 7. Random seed: 4187
Solving with ultrametric constraint
Optimal point found for initial point 7
Negative llh: 339.04839976065415
Dropout rate: 6.993799581912833e-08
Silencing rate: 1.8889899951016866e-08
Sigma: 1.300513280139987
Initial point 8. Random seed: 811
Solving with ultrametric constraint
Optimal point found for initial point 8
Negative llh: 339.0408962781298
Dropout rate: 2.053943442447769e-09
Silencing rate: 6.049918137531866e-10
Sigma: 1.2989306234023008
Initial point 9. Random seed: 711
Solving with ultrametric constraint
Optimal point found for initial point 9
Negative llh: 339.0399352840666
Dropout rate: 1e-10
Silencing rate: 1e-10
Sigma: 1.2995586317185686
Initial point 10. Random seed: 5649
Solving with ultrametric constraint
Optimal point found for initial point 10
Negative llh: 339.0400129879816
Dropout rate: 1e-10
Silencing rate: 1e-10
Sigma: 1.2997544456544041
Runtime (s): 4028.06357760448
