Launching Problin version 0.5b
Problin was called as follow: /u/gh2161/Spatial-Division/problin/run_problin.py -c real_location_data/s21c4/k10_r1_character_matrix.csv -t real_location_data/s21c4/true_tree.nwk -S real_location_data/s21c4/leaf_locations.txt --delimiter comma -p real_location_data/s21c4/k10_priors.csv -o real_location_data/s21c4/k10_r1_spalin-divide-beta7.txt --nInitials 10 --ultrametric --randomreps 3 --divide --radius 7
Optimization by Spalin-Divide: Scipy-SLSQP using spatial information
Optimizing branch lengths, phi, and nu without topology search
Initial point 1. Random seed: 9734
Solving with ultrametric constraint
Optimal point found for initial point 1
Negative llh: 365.2886595677928
Dropout rate: 3.469766203408992e-10
Silencing rate: 1.9141815000514923e-10
Sigma: 1.2662127627940634
Initial point 2. Random seed: 5785
Solving with ultrametric constraint
Optimal point found for initial point 2
Negative llh: 365.28796595214044
Dropout rate: 4.166815973763131e-09
Silencing rate: 1.5283907264682317e-09
Sigma: 1.266245166109361
Initial point 3. Random seed: 4113
Solving with ultrametric constraint
Optimal point found for initial point 3
Negative llh: 365.28809958825343
Dropout rate: 1.0004122813555203e-10
Silencing rate: 1.0001447507016026e-10
Sigma: 1.2659750219892723
Initial point 4. Random seed: 1989
Solving with ultrametric constraint
Optimal point found for initial point 4
Negative llh: 365.2882827548608
Dropout rate: 5.497632894026135e-09
Silencing rate: 1.9952483069983686e-09
Sigma: 1.2659180029834924
Initial point 5. Random seed: 6030
Solving with ultrametric constraint
Optimal point found for initial point 5
Negative llh: 365.2880084761889
Dropout rate: 3.571769852630429e-09
Silencing rate: 1.3190640188187728e-09
Sigma: 1.2666221989839972
Initial point 6. Random seed: 473
Solving with ultrametric constraint
Optimal point found for initial point 6
Negative llh: 15145.488713841123
Dropout rate: 2.7053968576000532e-05
Silencing rate: 0.000337439606984084
Sigma: 3.5075624063865147
Initial point 7. Random seed: 5789
Solving with ultrametric constraint
Optimal point found for initial point 7
Negative llh: 365.2883603945245
Dropout rate: 1.0000000000000007e-10
Silencing rate: 1.0000000000000002e-10
Sigma: 1.266611250066884
Initial point 8. Random seed: 2375
Solving with ultrametric constraint
Optimal point found for initial point 8
Negative llh: 365.28848189606657
Dropout rate: 4.72401168821913e-09
Silencing rate: 1.7245722168258114e-09
Sigma: 1.2662917321842593
Initial point 9. Random seed: 2230
Solving with ultrametric constraint
Optimal point found for initial point 9
Negative llh: 365.28804435466816
Dropout rate: 1.4961484603883355e-09
Silencing rate: 6.267392423188414e-10
Sigma: 1.2662291528622869
Initial point 10. Random seed: 4356
Solving with ultrametric constraint
Optimal point found for initial point 10
Negative llh: 529.6533428515105
Dropout rate: 5.257984509512609e-09
Silencing rate: 1.9040498883989096e-06
Sigma: 6.055944363961638
Runtime (s): 2658.854960145429
