Launching Problin version 0.5b
Problin was called as follow: /u/gh2161/Spatial-Division/problin/run_problin.py -c real_location_data/s21c4/k10_r1_character_matrix.csv -t real_location_data/s21c4/true_tree.nwk --delimiter comma -p real_location_data/s21c4/k10_priors.csv -o real_location_data/s21c4/k10_r1_problin.txt --nInitials 10 --ultrametric --randomreps 3 --solver Scipy
Optimization by generic solver (Scipy-SLSQP)
Optimizing branch lengths, phi, and nu without topology search
Initial point 1. Random seed: 4007
Solving with ultrametric constraint
Optimal point found for initial point 1
Negative llh: 130.14940124247897
Dropout rate: 6.092655752066506e-09
Silencing rate: 2.2254303077075005e-09
Lambda: 0.006002415174664232
Initial point 2. Random seed: 5690
Solving with ultrametric constraint
Optimal point found for initial point 2
Negative llh: 130.1489235792565
Dropout rate: 1e-10
Silencing rate: 1e-10
Lambda: 0.006008261975548063
Initial point 3. Random seed: 3366
Solving with ultrametric constraint
Optimal point found for initial point 3
Negative llh: 130.15740955577286
Dropout rate: 2.3582894913063574e-10
Silencing rate: 1.908709293544818e-10
Lambda: 0.006000231011487919
Initial point 4. Random seed: 9083
Solving with ultrametric constraint
Optimal point found for initial point 4
Negative llh: 130.1490091026465
Dropout rate: 1.0000000000000007e-10
Silencing rate: 1.0000000000000007e-10
Lambda: 0.006007767295479767
Initial point 5. Random seed: 8153
Solving with ultrametric constraint
Optimal point found for initial point 5
Negative llh: 130.14948282131033
Dropout rate: 1.0000000000000007e-10
Silencing rate: 1.0000000000000007e-10
Lambda: 0.006009530838712017
Initial point 6. Random seed: 6298
Solving with ultrametric constraint
Optimal point found for initial point 6
Negative llh: 130.1487889454119
Dropout rate: 1e-10
Silencing rate: 1e-10
Lambda: 0.006009161296474427
Initial point 7. Random seed: 3131
Solving with ultrametric constraint
Optimal point found for initial point 7
Negative llh: 130.1490789085452
Dropout rate: 1e-10
Silencing rate: 1e-10
Lambda: 0.006009173980128043
Initial point 8. Random seed: 8518
Solving with ultrametric constraint
Optimal point found for initial point 8
Negative llh: 130.14889256434816
Dropout rate: 1e-10
Silencing rate: 1e-10
Lambda: 0.006012521546384908
Initial point 9. Random seed: 5553
Solving with ultrametric constraint
Optimal point found for initial point 9
Negative llh: 130.14873855503967
Dropout rate: 9.999999999999924e-11
Silencing rate: 1.0000000000000007e-10
Lambda: 0.006008985594544414
Initial point 10. Random seed: 6919
Solving with ultrametric constraint
Optimal point found for initial point 10
Negative llh: 130.14889476616744
Dropout rate: 1e-10
Silencing rate: 1e-10
Lambda: 0.006010505553748741
{'phi': 9.999999999999924e-11, 'nu': 1.0000000000000007e-10, 'lambda_param': 0.006008985594544414}
Runtime (s): 470.19872356392443
