Launching Problin version 0.5b
Problin was called as follow: /u/gh2161/Spatial-Division/problin/run_problin.py -c real_location_data/s21c4/k10_r5_character_matrix.csv -t real_location_data/s21c4/true_tree.nwk -S real_location_data/s21c4/leaf_locations.txt --delimiter comma -p real_location_data/s21c4/k10_priors.csv -o real_location_data/s21c4/k10_r5_spalin.txt --nInitials 10 --ultrametric --randomreps 3
Optimization by Spalin: Scipy-SLSQP using spatial information
Optimizing branch lengths, phi, and nu without topology search
Initial point 1. Random seed: 8804
Solving with ultrametric constraint
Optimal point found for initial point 1
Negative llh: 325.40366007720746
Dropout rate: 1.5834073784875583e-09
Silencing rate: 5.997197801248499e-09
Sigma: 2.8867179554166214
Lambda: 0.008721102381307574
Initial point 2. Random seed: 9316
Solving with ultrametric constraint
Optimal point found for initial point 2
Negative llh: 325.4033548773634
Dropout rate: 1.0000000000000007e-10
Silencing rate: 1.0000000000000007e-10
Sigma: 2.883712570286554
Lambda: 0.008725331022117712
Initial point 3. Random seed: 803
Solving with ultrametric constraint
Optimal point found for initial point 3
Negative llh: 325.4031113865935
Dropout rate: 1e-10
Silencing rate: 4.469835166668145e-10
Sigma: 2.8853597427220548
Lambda: 0.008718452452519553
Initial point 4. Random seed: 3220
Solving with ultrametric constraint
Optimal point found for initial point 4
Negative llh: 325.40312156319965
Dropout rate: 9.999999999999996e-11
Silencing rate: 1.0000000000000007e-10
Sigma: 2.885005780081353
Lambda: 0.008721669603535638
Initial point 5. Random seed: 6394
Solving with ultrametric constraint
Optimal point found for initial point 5
Negative llh: 325.40323730638806
Dropout rate: 1e-10
Silencing rate: 1e-10
Sigma: 2.8841312714852765
Lambda: 0.008715621751537585
Initial point 6. Random seed: 2709
Solving with ultrametric constraint
Optimal point found for initial point 6
Negative llh: 325.40314913112536
Dropout rate: 1.495385319235502e-09
Silencing rate: 8.039985589239804e-10
Sigma: 2.88534488500697
Lambda: 0.00871702604445209
Initial point 7. Random seed: 8090
Solving with ultrametric constraint
Optimal point found for initial point 7
Negative llh: 325.4030499126927
Dropout rate: 1e-10
Silencing rate: 1e-10
Sigma: 2.885248065281444
Lambda: 0.008720453645191245
Initial point 8. Random seed: 4435
Solving with ultrametric constraint
Fatal: failed to optimize using initial point 8
Initial point 9. Random seed: 6052
Solving with ultrametric constraint
Optimal point found for initial point 9
Negative llh: 325.403597888171
Dropout rate: 1e-10
Silencing rate: 1e-10
Sigma: 2.8850375964685897
Lambda: 0.008722397378206558
Initial point 10. Random seed: 7420
Solving with ultrametric constraint
Optimal point found for initial point 10
Negative llh: 325.4034032002205
Dropout rate: 6.680856670637036e-09
Silencing rate: 3.4235990309742745e-09
Sigma: 2.882282670701359
Lambda: 0.008716050391259564
{'lambda_param': 0.008720453645191245, 'phi': 1e-10, 'nu': 1e-10, 'sigma': 2.885248065281444, 'locations': {'216_24': (282.0, 101.0), '216_23': (287.0, 108.0), '216_22': (297.0, 135.0), '216_21': (301.0, 151.0), '216_20': (310.0, 142.0), '216_19': (328.0, 153.0), '216_18': (307.0, 160.0), '216_17': (299.0, 181.0), '216_28': (316.0, 182.0), '216_27': (324.0, 202.0), '216_26': (312.0, 204.0), '216_25': (321.0, 226.0), '216_32': (349.0, 113.0), '216_31': (355.0, 138.0), '216_30': (345.0, 153.0), '216_29': (350.0, 178.0), '216_14': (285.0, 158.0), '216_13': (283.0, 173.0), '216_16': (268.0, 140.0), '216_15': (275.0, 147.0), '216_12': (299.0, 202.0), '216_11': (305.0, 216.0), '216_10': (274.0, 236.0), '216_9': (289.0, 242.0), '216_2': (297.0, 228.0), '216_1': (306.0, 251.0), '216_4': (330.0, 213.0), '216_3': (329.0, 237.0), '216_8': (359.0, 158.0), '216_7': (341.0, 143.0), '216_6': (311.0, 171.0), '216_5': (332.0, 176.0)}}
Runtime (s): 1216.0578365959227
