Launching Problin version 0.5b
Problin was called as follow: /u/gh2161/Spatial-Division/problin/run_problin.py -c real_location_data/s21c4/k10_r1_character_matrix.csv -t real_location_data/s21c4/true_tree.nwk -S real_location_data/s21c4/leaf_locations.txt --delimiter comma -p real_location_data/s21c4/k10_priors.csv -o real_location_data/s21c4/k10_r1_spalin-divide-beta9.txt --nInitials 10 --ultrametric --randomreps 3 --divide --given_beta 9 --incl_beta_bound
Optimization by Spalin-Divide: Scipy-SLSQP using spatial information
Optimizing branch lengths, phi, and nu without topology search
Initial point 1. Random seed: 8430
Solving with ultrametric constraint
Optimal point found for initial point 1
Negative llh: 347.8114451442552
Dropout rate: 7.208167354477137e-10
Silencing rate: 3.200730401003122e-10
Sigma: 4.040797031552318
Initial point 2. Random seed: 5745
Solving with ultrametric constraint
Fatal: failed to optimize using initial point 2
Initial point 3. Random seed: 6500
Solving with ultrametric constraint
Fatal: failed to optimize using initial point 3
Initial point 4. Random seed: 8424
Solving with ultrametric constraint
Optimal point found for initial point 4
Negative llh: 347.81144646753484
Dropout rate: 1.6558900410713754e-09
Silencing rate: 7.40832477015189e-10
Sigma: 4.040795225427898
Initial point 5. Random seed: 6914
Solving with ultrametric constraint
Fatal: failed to optimize using initial point 5
Initial point 6. Random seed: 7349
Solving with ultrametric constraint
Fatal: failed to optimize using initial point 6
Initial point 7. Random seed: 5773
Solving with ultrametric constraint
Fatal: failed to optimize using initial point 7
Initial point 8. Random seed: 938
Solving with ultrametric constraint
Optimal point found for initial point 8
Negative llh: 347.81144311701735
Dropout rate: 1.1308540489448515e-10
Silencing rate: 1.0463846669619274e-10
Sigma: 4.04077188329871
Initial point 9. Random seed: 3926
Solving with ultrametric constraint
Fatal: failed to optimize using initial point 9
Initial point 10. Random seed: 4625
Solving with ultrametric constraint
Optimal point found for initial point 10
Negative llh: 347.81144137790716
Dropout rate: 1.548373897404566e-10
Silencing rate: 2.2661942170471733e-10
Sigma: 4.040792665032829
Runtime (s): 8742.277982797008
