Launching Problin version 0.5b
Problin was called as follow: /u/gh2161/Spatial-Division/problin/run_problin.py -c real_location_data/s21c4/k10_r4_character_matrix.csv -t real_location_data/s21c4/true_tree.nwk -S real_location_data/s21c4/leaf_locations.txt --delimiter comma -p real_location_data/s21c4/k10_priors.csv -o real_location_data/s21c4/k10_r4_spalin-divide-beta10.txt --nInitials 10 --ultrametric --randomreps 3 --divide --radius 10
Optimization by Spalin-Divide: Scipy-SLSQP using spatial information
Optimizing branch lengths, phi, and nu without topology search
Initial point 1. Random seed: 6675
Solving with ultrametric constraint
Optimal point found for initial point 1
Negative llh: 366.8115587979849
Dropout rate: 1.8148680349267524e-08
Silencing rate: 6.043368283629831e-09
Sigma: 1.0809383004576014
Initial point 2. Random seed: 4170
Solving with ultrametric constraint
Optimal point found for initial point 2
Negative llh: 366.8115571596753
Dropout rate: 2.168589857695823e-09
Silencing rate: 1.9440238735264709e-10
Sigma: 1.0806093112841075
Initial point 3. Random seed: 1743
Solving with ultrametric constraint
Optimal point found for initial point 3
Negative llh: 366.81133851144114
Dropout rate: 1e-10
Silencing rate: 1e-10
Sigma: 1.0807897945500453
Initial point 4. Random seed: 2212
Solving with ultrametric constraint
Optimal point found for initial point 4
Negative llh: 366.8113208160973
Dropout rate: 1.0000000000000007e-10
Silencing rate: 1e-10
Sigma: 1.0805827166092432
Initial point 5. Random seed: 3520
Solving with ultrametric constraint
Optimal point found for initial point 5
Negative llh: 366.81138891988866
Dropout rate: 3.919532439939066e-09
Silencing rate: 1.3567525953959447e-09
Sigma: 1.0804362490683879
Initial point 6. Random seed: 5181
Solving with ultrametric constraint
Optimal point found for initial point 6
Negative llh: 366.8119794561153
Dropout rate: 2.837328439832308e-09
Silencing rate: 1.0274003522545872e-09
Sigma: 1.080629291223568
Initial point 7. Random seed: 7051
Solving with ultrametric constraint
Optimal point found for initial point 7
Negative llh: 366.81129512725414
Dropout rate: 1.6547024044433558e-09
Silencing rate: 6.119859127042299e-10
Sigma: 1.0805280327257805
Initial point 8. Random seed: 7490
Solving with ultrametric constraint
Optimal point found for initial point 8
Negative llh: 366.8114567062295
Dropout rate: 1e-10
Silencing rate: 1e-10
Sigma: 1.0807583759934984
Initial point 9. Random seed: 804
Solving with ultrametric constraint
Optimal point found for initial point 9
Negative llh: 366.8114892441297
Dropout rate: 2.2825882624731395e-10
Silencing rate: 1.4222510894412855e-10
Sigma: 1.0807693727434715
Initial point 10. Random seed: 7353
Solving with ultrametric constraint
Fatal: failed to optimize using initial point 10
Runtime (s): 3342.864104284905
