Launching Problin version 0.5b
Problin was called as follow: /u/gh2161/Spatial-Division/problin/run_problin.py -c real_location_data/s21c4/k10_r4_character_matrix.csv -t real_location_data/s21c4/true_tree.nwk -S real_location_data/s21c4/leaf_locations.txt --delimiter comma -p real_location_data/s21c4/k10_priors.csv -o real_location_data/s21c4/k10_r4_spalin-divide-beta05.txt --nInitials 10 --ultrametric --randomreps 3 --divide --radius 0.5
Optimization by Spalin-Divide: Scipy-SLSQP using spatial information
Optimizing branch lengths, phi, and nu without topology search
Initial point 1. Random seed: 5626
Solving with ultrametric constraint
Optimal point found for initial point 1
Negative llh: 423.94324653604787
Dropout rate: 1.0000000000000007e-10
Silencing rate: 1e-10
Sigma: 1.56931458183063
Initial point 2. Random seed: 7693
Solving with ultrametric constraint
Optimal point found for initial point 2
Negative llh: 423.9431003010327
Dropout rate: 1.0000000000000007e-10
Silencing rate: 1.0000000000000007e-10
Sigma: 1.5690822693923279
Initial point 3. Random seed: 5583
Solving with ultrametric constraint
Optimal point found for initial point 3
Negative llh: 423.94283518375204
Dropout rate: 1.179070916215258e-09
Silencing rate: 1.9365227798184412e-10
Sigma: 1.569472716690752
Initial point 4. Random seed: 7404
Solving with ultrametric constraint
Optimal point found for initial point 4
Negative llh: 423.9430230222298
Dropout rate: 7.426527406170394e-09
Silencing rate: 1.0050766635964277e-10
Sigma: 1.569409778712629
Initial point 5. Random seed: 1252
Solving with ultrametric constraint
Optimal point found for initial point 5
Negative llh: 423.94281627181846
Dropout rate: 9.653683726482453e-10
Silencing rate: 3.9778602225313735e-10
Sigma: 1.569066111610771
Initial point 6. Random seed: 5913
Solving with ultrametric constraint
Optimal point found for initial point 6
Negative llh: 423.9429346132699
Dropout rate: 1.0000000000000002e-10
Silencing rate: 1e-10
Sigma: 1.569406134457886
Initial point 7. Random seed: 5267
Solving with ultrametric constraint
Optimal point found for initial point 7
Negative llh: 423.9429362125068
Dropout rate: 9.999999999999924e-11
Silencing rate: 1e-10
Sigma: 1.56950184916438
Initial point 8. Random seed: 2023
Solving with ultrametric constraint
Fatal: failed to optimize using initial point 8
Initial point 9. Random seed: 8822
Solving with ultrametric constraint
Optimal point found for initial point 9
Negative llh: 423.9431363994489
Dropout rate: 4.186268478067976e-09
Silencing rate: 3.915225761496294e-10
Sigma: 1.5691994947227568
Initial point 10. Random seed: 8822
Solving with ultrametric constraint
Optimal point found for initial point 10
Negative llh: 423.94356081205535
Dropout rate: 1e-10
Silencing rate: 1e-10
Sigma: 1.569293131535663
Runtime (s): 5535.907943550497
