Launching Problin version 0.5b
Problin was called as follow: /u/gh2161/Spatial-Division/problin/run_problin.py -c real_location_data/s8c5/k10_r4_character_matrix.csv -t real_location_data/s8c5/true_tree.nwk -S real_location_data/s8c5/leaf_locations.txt --delimiter comma -p real_location_data/s8c5/k10_priors.csv -o real_location_data/s8c5/k10_r4_spalin-divide-ignore-beta.txt --nInitials 10 --ultrametric --randomreps 3 --divide
Optimization by Spalin-Divide: Scipy-SLSQP using spatial information
Optimizing branch lengths, phi, and nu without topology search
We need to optimize the radius
Initial point 1. Random seed: 8991
Solving with ultrametric constraint
Optimal point found for initial point 1
Negative llh: 251.51925638683318
Dropout rate: 1.87362649154681e-09
Silencing rate: 6.542921667362034e-10
Sigma: 1.2239349156689403
Lambda: 0.006050123374196809
Initial point 2. Random seed: 81
Solving with ultrametric constraint
Optimal point found for initial point 2
Negative llh: 251.5200426921831
Dropout rate: 1e-10
Silencing rate: 1.0062676872651733e-10
Sigma: 1.22601362596415
Lambda: 0.006056510496147161
Initial point 3. Random seed: 8349
Solving with ultrametric constraint
Optimal point found for initial point 3
Negative llh: 251.519863993558
Dropout rate: 1.085995305569414e-09
Silencing rate: 1.0425728381397253e-10
Sigma: 1.2251884114000204
Lambda: 0.006055178335254735
Initial point 4. Random seed: 4524
Solving with ultrametric constraint
Optimal point found for initial point 4
Negative llh: 251.41925321691286
Dropout rate: 1.5151130886133044e-09
Silencing rate: 7.764669272425377e-10
Sigma: 1.1801021892919832
Lambda: 0.005950186213778953
Initial point 5. Random seed: 9368
Solving with ultrametric constraint
Optimal point found for initial point 5
Negative llh: 251.4192885373957
Dropout rate: 1.0000000000000007e-10
Silencing rate: 9.999999999999996e-11
Sigma: 1.1802749778719397
Lambda: 0.005948104940383354
Initial point 6. Random seed: 4393
Solving with ultrametric constraint
Optimal point found for initial point 6
Negative llh: 267.7501633281846
Dropout rate: 1.0000000000000007e-10
Silencing rate: 1.0000000000000007e-10
Sigma: 1.445888635844202
Lambda: 0.01776059282245767
Initial point 7. Random seed: 9744
Solving with ultrametric constraint
Optimal point found for initial point 7
Negative llh: 251.51898316804386
Dropout rate: 4.2113257049770526e-10
Silencing rate: 2.415772113670704e-10
Sigma: 1.2241979964980267
Lambda: 0.006054241879228296
Initial point 8. Random seed: 2062
Solving with ultrametric constraint
Optimal point found for initial point 8
Negative llh: 251.51906068952553
Dropout rate: 7.433423501694929e-10
Silencing rate: 3.34285944530675e-10
Sigma: 1.2241638415182567
Lambda: 0.00605640690257238
Initial point 9. Random seed: 5940
Solving with ultrametric constraint
Optimal point found for initial point 9
Negative llh: 251.51898398765917
Dropout rate: 1.9924333607711995e-09
Silencing rate: 7.86518643048e-10
Sigma: 1.2242409201038946
Lambda: 0.006054195190104441
Initial point 10. Random seed: 9711
Solving with ultrametric constraint
Optimal point found for initial point 10
Negative llh: 251.41907182115136
Dropout rate: 1e-10
Silencing rate: 1e-10
Sigma: 1.180016379053392
Lambda: 0.0059499932678221245
{'lambda_param': 0.0059499932678221245, 'phi': 1e-10, 'nu': 1e-10, 'sigma': 1.180016379053392, 'locations': {'216_3': (363.0, 125.0), '216_8': (360.0, 112.0), '216_10': (310.0, 94.0), '216_9': (297.0, 108.0), '216_5': (285.0, 188.0), '216_7': (285.0, 144.0), '216_6': (294.0, 154.0), '216_23': (356.0, 86.0), '216_22': (374.0, 102.0), '216_25': (365.0, 59.0), '216_24': (375.0, 89.0), '216_19': (409.0, 116.0), '216_18': (435.0, 131.0), '216_21': (395.0, 87.0), '216_20': (391.0, 112.0), '216_27': (298.0, 70.0), '216_26': (276.0, 80.0), '216_35': (354.0, 48.0), '216_34': (315.0, 50.0), '216_31': (340.0, 69.0), '216_30': (348.0, 76.0), '216_33': (312.0, 70.0), '216_32': (331.0, 74.0)}, 'radius': 14.71724867177563, 'thetas': {'211_28': 0.20749746330905972, '215_30': 0.7188306741283533, '177_16': 3.129722217822122, '183_21': 3.090306279159522, '139_9': 1.6767555312529896, '179_15': 2.714961228269901, '87_4': 5.866642707113611, '182_12': 1.7294756334597552, '185_11': 0.5232791992333581, '141_6': 3.840828937823884, '194_17': 1.2490497291336002, '196_17': 7.009837121895456, '146_9': 4.957328270051647, '90_3': 6.912752820713457, '39_2': 3.535429010468483, '211_6': 7.121233817711641, '174_3': 4.786863381006807, '214_9': 2.31913700083121, '178_5': 3.3470445130744055, '135_2': 2.1897321545222774, '90_1': 2.9195665752786026, 'virtual': 5.004490843032482}}
Runtime (s): 1660.8119982797652
