Launching Problin version 0.5b
Problin was called as follow: /u/gh2161/Spatial-Division/problin/run_problin.py -c real_location_data/s8c5/k10_r3_character_matrix.csv -t real_location_data/s8c5/true_tree.nwk -S real_location_data/s8c5/leaf_locations.txt --delimiter comma -p real_location_data/s8c5/k10_priors.csv -o real_location_data/s8c5/k10_r3_spalin-divide-beta8.txt --nInitials 10 --ultrametric --randomreps 3 --divide --given_beta 8 --incl_beta_bound
Optimization by Spalin-Divide: Scipy-SLSQP using spatial information
Optimizing branch lengths, phi, and nu without topology search
Initial point 1. Random seed: 3991
Solving with ultrametric constraint
Optimal point found for initial point 1
Negative llh: 265.0343319565087
Dropout rate: 1.3953732648352518e-10
Silencing rate: 1.1910390519778613e-10
Sigma: 4.711996934382467
Initial point 2. Random seed: 912
Solving with ultrametric constraint
Optimal point found for initial point 2
Negative llh: 265.034330681146
Dropout rate: 4.846998653837605e-10
Silencing rate: 2.8591477302853275e-10
Sigma: 4.712015633964814
Initial point 3. Random seed: 1686
Solving with ultrametric constraint
Optimal point found for initial point 3
Negative llh: 265.0343310619024
Dropout rate: 1.0000000000000007e-10
Silencing rate: 1.0000000000000007e-10
Sigma: 4.7119733708385185
Initial point 4. Random seed: 3263
Solving with ultrametric constraint
Fatal: failed to optimize using initial point 4
Initial point 5. Random seed: 9303
Solving with ultrametric constraint
Optimal point found for initial point 5
Negative llh: 265.03432945123836
Dropout rate: 2.2700675853679987e-10
Silencing rate: 1.6139197659127845e-10
Sigma: 4.712019787402357
Initial point 6. Random seed: 6730
Solving with ultrametric constraint
Optimal point found for initial point 6
Negative llh: 265.0343329965755
Dropout rate: 1e-10
Silencing rate: 1e-10
Sigma: 4.711974115973886
Initial point 7. Random seed: 1023
Solving with ultrametric constraint
Fatal: failed to optimize using initial point 7
Initial point 8. Random seed: 3360
Solving with ultrametric constraint
Optimal point found for initial point 8
Negative llh: 265.03433272195605
Dropout rate: 6.107458767828032e-10
Silencing rate: 3.4682703309357684e-10
Sigma: 4.711955819813251
Initial point 9. Random seed: 7026
Solving with ultrametric constraint
Fatal: failed to optimize using initial point 9
Initial point 10. Random seed: 1193
Solving with ultrametric constraint
Fatal: failed to optimize using initial point 10
Runtime (s): 2330.06598489359
