Launching Problin version 0.5b
Problin was called as follow: /u/gh2161/Spatial-Division/problin/run_problin.py -c real_location_data/s8c5/k10_r4_character_matrix.csv -t real_location_data/s8c5/true_tree.nwk -S real_location_data/s8c5/leaf_locations.txt --delimiter comma -p real_location_data/s8c5/k10_priors.csv -o real_location_data/s8c5/k10_r4_spalin-divide-beta20.txt --nInitials 10 --ultrametric --randomreps 3 --divide --given_beta 20 --incl_beta_bound
Optimization by Spalin-Divide: Scipy-SLSQP using spatial information
Optimizing branch lengths, phi, and nu without topology search
Initial point 1. Random seed: 6727
Solving with ultrametric constraint
Optimal point found for initial point 1
Negative llh: 259.02230362261736
Dropout rate: 1.1026398675888612e-09
Silencing rate: 5.148403150836458e-10
Sigma: 4.204018997847752
Initial point 2. Random seed: 4732
Solving with ultrametric constraint
Optimal point found for initial point 2
Negative llh: 259.0223031839039
Dropout rate: 1e-10
Silencing rate: 1e-10
Sigma: 4.204038262373907
Initial point 3. Random seed: 1471
Solving with ultrametric constraint
Optimal point found for initial point 3
Negative llh: 259.0223020195342
Dropout rate: 1.9341794283186135e-10
Silencing rate: 1.3866951100960882e-10
Sigma: 4.204009078942247
Initial point 4. Random seed: 4802
Solving with ultrametric constraint
Optimal point found for initial point 4
Negative llh: 259.02230401077
Dropout rate: 1.5034805372865318e-09
Silencing rate: 6.66365469677783e-10
Sigma: 4.204105527207194
Initial point 5. Random seed: 9683
Solving with ultrametric constraint
Optimal point found for initial point 5
Negative llh: 259.0223012835989
Dropout rate: 1e-10
Silencing rate: 1e-10
Sigma: 4.204077861425828
Initial point 6. Random seed: 691
Solving with ultrametric constraint
Optimal point found for initial point 6
Negative llh: 259.02230268327554
Dropout rate: 1.0000000000000007e-10
Silencing rate: 9.999999999999996e-11
Sigma: 4.204039298984816
Initial point 7. Random seed: 4252
Solving with ultrametric constraint
Fatal: failed to optimize using initial point 7
Initial point 8. Random seed: 6873
Solving with ultrametric constraint
Optimal point found for initial point 8
Negative llh: 259.022300559623
Dropout rate: 1.4058778521058722e-10
Silencing rate: 1.1580783616597511e-10
Sigma: 4.204057805819331
Initial point 9. Random seed: 2466
Solving with ultrametric constraint
Optimal point found for initial point 9
Negative llh: 259.0223008029676
Dropout rate: 2.2010378981661625e-10
Silencing rate: 1.0991827788246065e-10
Sigma: 4.2040081980418496
Initial point 10. Random seed: 7870
Solving with ultrametric constraint
Optimal point found for initial point 10
Negative llh: 259.02230562932766
Dropout rate: 4.589868974486588e-10
Silencing rate: 2.48618678262739e-10
Sigma: 4.204091902270105
Runtime (s): 5223.763629226014
