Launching Problin version 0.5b
Problin was called as follow: /u/gh2161/Spatial-Division/problin/run_problin.py -c real_location_data/s8c5/k10_r2_character_matrix.csv -t real_location_data/s8c5/true_tree.nwk -S real_location_data/s8c5/leaf_locations.txt --delimiter comma -p real_location_data/s8c5/k10_priors.csv -o real_location_data/s8c5/k10_r2_spalin-divide-ignore-beta.txt --nInitials 10 --ultrametric --randomreps 3 --divide
Optimization by Spalin-Divide: Scipy-SLSQP using spatial information
Optimizing branch lengths, phi, and nu without topology search
We need to optimize the radius
Initial point 1. Random seed: 8991
Solving with ultrametric constraint
Optimal point found for initial point 1
Negative llh: 289.4388498790422
Dropout rate: 1.0000000000000002e-10
Silencing rate: 1.0000000000000002e-10
Sigma: 1.1469479551174258
Lambda: 0.005477506295216676
Initial point 2. Random seed: 5936
Solving with ultrametric constraint
Optimal point found for initial point 2
Negative llh: 289.4385613451276
Dropout rate: 3.524707071472152e-09
Silencing rate: 1.0034478054968273e-10
Sigma: 1.1470854845013636
Lambda: 0.005477226664170662
Initial point 3. Random seed: 5519
Solving with ultrametric constraint
Optimal point found for initial point 3
Negative llh: 289.4398765562674
Dropout rate: 1e-10
Silencing rate: 1e-10
Sigma: 1.1474921183008133
Lambda: 0.005482181903425489
Initial point 4. Random seed: 2616
Solving with ultrametric constraint
Optimal point found for initial point 4
Negative llh: 289.43866706857887
Dropout rate: 1e-10
Silencing rate: 1e-10
Sigma: 1.147424067720103
Lambda: 0.005479987233034139
Initial point 5. Random seed: 3607
Solving with ultrametric constraint
Optimal point found for initial point 5
Negative llh: 289.4383949781533
Dropout rate: 1.7769603860587122e-09
Silencing rate: 1.034918111526374e-10
Sigma: 1.1471967755824417
Lambda: 0.0054784410483909645
Initial point 6. Random seed: 392
Solving with ultrametric constraint
Optimal point found for initial point 6
Negative llh: 289.4387062213302
Dropout rate: 9.837215860335003e-10
Silencing rate: 1e-10
Sigma: 1.1476647658109576
Lambda: 0.0054747696185222456
Initial point 7. Random seed: 2585
Solving with ultrametric constraint
Optimal point found for initial point 7
Negative llh: 289.43906389955606
Dropout rate: 3.80907316748289e-09
Silencing rate: 1.0033023118289773e-10
Sigma: 1.1469837148610056
Lambda: 0.0054794365556888455
Initial point 8. Random seed: 8915
Solving with ultrametric constraint
Optimal point found for initial point 8
Negative llh: 289.43863712893955
Dropout rate: 6.249121115954972e-10
Silencing rate: 7.394882924773185e-10
Sigma: 1.1473139316923602
Lambda: 0.005477213796037295
Initial point 9. Random seed: 5680
Solving with ultrametric constraint
Optimal point found for initial point 9
Negative llh: 314.24109741658646
Dropout rate: 1e-10
Silencing rate: 1e-10
Sigma: 1.120237403716155
Lambda: 0.005451982267237341
Initial point 10. Random seed: 3987
Solving with ultrametric constraint
Optimal point found for initial point 10
Negative llh: 289.43833736853827
Dropout rate: 1.0000000000000007e-10
Silencing rate: 1.0000000000000002e-10
Sigma: 1.1473561628507916
Lambda: 0.005477494000097372
{'lambda_param': 0.005477494000097372, 'phi': 1.0000000000000007e-10, 'nu': 1.0000000000000002e-10, 'sigma': 1.1473561628507916, 'locations': {'216_3': (363.0, 125.0), '216_8': (360.0, 112.0), '216_10': (310.0, 94.0), '216_9': (297.0, 108.0), '216_5': (285.0, 188.0), '216_7': (285.0, 144.0), '216_6': (294.0, 154.0), '216_23': (356.0, 86.0), '216_22': (374.0, 102.0), '216_25': (365.0, 59.0), '216_24': (375.0, 89.0), '216_19': (409.0, 116.0), '216_18': (435.0, 131.0), '216_21': (395.0, 87.0), '216_20': (391.0, 112.0), '216_27': (298.0, 70.0), '216_26': (276.0, 80.0), '216_35': (354.0, 48.0), '216_34': (315.0, 50.0), '216_31': (340.0, 69.0), '216_30': (348.0, 76.0), '216_33': (312.0, 70.0), '216_32': (331.0, 74.0)}, 'radius': 12.58447405754537, 'thetas': {'211_28': 0.20746161607294328, '215_30': 19.56837267086035, '177_16': -15.668970887958078, '183_21': 9.373540830238207, '139_9': 1.6422862215996759, '179_15': 8.998164908334369, '87_4': 18.51155770025653, '182_12': 8.012640143592984, '185_11': -5.759907276194168, '141_6': 3.8280987542265765, '194_17': -5.03414076142883, '196_17': 7.009829545546609, '146_9': 4.968618806286995, '90_3': 6.848389296439549, '39_2': 34.93093874641346, '211_6': 0.8379771619774337, '174_3': 4.811577709144537, '214_9': 8.602377067779791, '178_5': 41.03746130328749, '135_2': 14.748619669753731, '90_1': 9.196777043009638, 'virtual': -13.78384378160735}}
Runtime (s): 2891.742844182998
