Launching Problin version 0.5b
Problin was called as follow: /u/gh2161/Spatial-Division/problin/run_problin.py -c real_location_data/s8c5/k10_r2_character_matrix.csv -t real_location_data/s8c5/true_tree.nwk -S real_location_data/s8c5/leaf_locations.txt --delimiter comma -p real_location_data/s8c5/k10_priors.csv -o real_location_data/s8c5/k10_r2_spalin-spatialonly.txt --nInitials 10 --ultrametric --randomreps 3 --spatial_only
Optimization by Spalin: Scipy-SLSQP using spatial information
Optimizing branch lengths, phi, and nu without topology search
only spatial
Initial point 1. Random seed: 7501
Solving with ultrametric constraint
Optimal point found for initial point 1
Negative llh: 159.19704190185848
Dropout rate: 0.054276052353722654
Silencing rate: 0.9384982901276644
Sigma: 4.192427271136998
Lambda: 1.0
Initial point 2. Random seed: 144
Solving with ultrametric constraint
Optimal point found for initial point 2
Negative llh: 159.19704190185848
Dropout rate: 0.14963981292772832
Silencing rate: 0.42993142657497707
Sigma: 4.192427271136998
Lambda: 1.0
Initial point 3. Random seed: 7303
Solving with ultrametric constraint
Optimal point found for initial point 3
Negative llh: 159.19704190185848
Dropout rate: 0.30880126861427476
Silencing rate: 0.8477668196866766
Sigma: 4.192427271136998
Lambda: 1.0
Initial point 4. Random seed: 7118
Solving with ultrametric constraint
Optimal point found for initial point 4
Negative llh: 159.19704190185848
Dropout rate: 0.39560860773295664
Silencing rate: 0.5997378741062613
Sigma: 4.192427271136998
Lambda: 1.0
Initial point 5. Random seed: 3408
Solving with ultrametric constraint
Optimal point found for initial point 5
Negative llh: 159.19704190185848
Dropout rate: 0.0884884048706648
Silencing rate: 0.27128733680984546
Sigma: 4.192427271136998
Lambda: 1.0
Initial point 6. Random seed: 8795
Solving with ultrametric constraint
Optimal point found for initial point 6
Negative llh: 159.19704190185848
Dropout rate: 0.8697924486668204
Silencing rate: 0.5641082951652882
Sigma: 4.192427271136998
Lambda: 1.0
Initial point 7. Random seed: 4818
Solving with ultrametric constraint
Optimal point found for initial point 7
Negative llh: 159.19704190185848
Dropout rate: 0.2237980137807743
Silencing rate: 0.38545097867615064
Sigma: 4.192427271136998
Lambda: 1.0
Initial point 8. Random seed: 4257
Solving with ultrametric constraint
Optimal point found for initial point 8
Negative llh: 159.19704190185848
Dropout rate: 0.287705642984696
Silencing rate: 0.8287484864795945
Sigma: 4.192427271136998
Lambda: 1.0
Initial point 9. Random seed: 4546
Solving with ultrametric constraint
Optimal point found for initial point 9
Negative llh: 159.19704190185848
Dropout rate: 0.5532889872414454
Silencing rate: 0.48563088873172783
Sigma: 4.192427271136998
Lambda: 1.0
Initial point 10. Random seed: 7024
Solving with ultrametric constraint
Optimal point found for initial point 10
Negative llh: 159.19704190185848
Dropout rate: 0.5653004025347093
Silencing rate: 0.8794229348429885
Sigma: 4.192427271136998
Lambda: 1.0
{'lambda_param': 1.0, 'phi': 0.054276052353722654, 'nu': 0.9384982901276644, 'sigma': 4.192427271136998, 'locations': {'216_3': (363.0, 125.0), '216_8': (360.0, 112.0), '216_10': (310.0, 94.0), '216_9': (297.0, 108.0), '216_5': (285.0, 188.0), '216_7': (285.0, 144.0), '216_6': (294.0, 154.0), '216_23': (356.0, 86.0), '216_22': (374.0, 102.0), '216_25': (365.0, 59.0), '216_24': (375.0, 89.0), '216_19': (409.0, 116.0), '216_18': (435.0, 131.0), '216_21': (395.0, 87.0), '216_20': (391.0, 112.0), '216_27': (298.0, 70.0), '216_26': (276.0, 80.0), '216_35': (354.0, 48.0), '216_34': (315.0, 50.0), '216_31': (340.0, 69.0), '216_30': (348.0, 76.0), '216_33': (312.0, 70.0), '216_32': (331.0, 74.0)}}
Runtime (s): 238.30761341564357
