Launching Problin version 0.5b
Problin was called as follow: /u/gh2161/Spatial-Division/problin/run_problin.py -c real_location_data/s8c5/k10_r1_character_matrix.csv -t real_location_data/s8c5/true_tree.nwk -S real_location_data/s8c5/leaf_locations.txt --delimiter comma -p real_location_data/s8c5/k10_priors.csv -o real_location_data/s8c5/k10_r1_spalin-spatialonly.txt --nInitials 10 --ultrametric --randomreps 3 --spatial_only
Optimization by Spalin: Scipy-SLSQP using spatial information
Optimizing branch lengths, phi, and nu without topology search
only spatial
Initial point 1. Random seed: 1182
Solving with ultrametric constraint
Optimal point found for initial point 1
Negative llh: 159.19704223653693
Dropout rate: 0.44339291282098625
Silencing rate: 0.18834228147082538
Sigma: 4.192448077497419
Lambda: 1.0
Initial point 2. Random seed: 2186
Solving with ultrametric constraint
Optimal point found for initial point 2
Negative llh: 159.19704223653693
Dropout rate: 0.19660154589295964
Silencing rate: 0.056678101818223095
Sigma: 4.192448077497419
Lambda: 1.0
Initial point 3. Random seed: 4161
Solving with ultrametric constraint
Optimal point found for initial point 3
Negative llh: 159.19704223653693
Dropout rate: 0.05025532717014619
Silencing rate: 0.3374301250881352
Sigma: 4.192448077497419
Lambda: 1.0
Initial point 4. Random seed: 1786
Solving with ultrametric constraint
Optimal point found for initial point 4
Negative llh: 159.19704223653693
Dropout rate: 0.11041101302966926
Silencing rate: 0.8280105033851334
Sigma: 4.192448077497419
Lambda: 1.0
Initial point 5. Random seed: 3121
Solving with ultrametric constraint
Optimal point found for initial point 5
Negative llh: 159.19704223653693
Dropout rate: 0.0801361222796538
Silencing rate: 0.21526162702280868
Sigma: 4.192448077497419
Lambda: 1.0
Initial point 6. Random seed: 3794
Solving with ultrametric constraint
Optimal point found for initial point 6
Negative llh: 159.19704223653693
Dropout rate: 0.8826073730383711
Silencing rate: 0.14423062801091377
Sigma: 4.192448077497419
Lambda: 1.0
Initial point 7. Random seed: 6079
Solving with ultrametric constraint
Optimal point found for initial point 7
Negative llh: 159.19704223653693
Dropout rate: 0.2796885463268
Silencing rate: 0.6163681923173021
Sigma: 4.192448077497419
Lambda: 1.0
Initial point 8. Random seed: 3278
Solving with ultrametric constraint
Optimal point found for initial point 8
Negative llh: 159.19704223653693
Dropout rate: 0.968628745919114
Silencing rate: 0.2890341225213714
Sigma: 4.192448077497419
Lambda: 1.0
Initial point 9. Random seed: 5043
Solving with ultrametric constraint
Optimal point found for initial point 9
Negative llh: 159.19704223653693
Dropout rate: 0.9888134318739786
Silencing rate: 0.40707014184253487
Sigma: 4.192448077497419
Lambda: 1.0
Initial point 10. Random seed: 4697
Solving with ultrametric constraint
Optimal point found for initial point 10
Negative llh: 159.19704223653693
Dropout rate: 0.36485146787019357
Silencing rate: 0.4752706856050982
Sigma: 4.192448077497419
Lambda: 1.0
{'lambda_param': 1.0, 'phi': 0.44339291282098625, 'nu': 0.18834228147082538, 'sigma': 4.192448077497419, 'locations': {'216_3': (363.0, 125.0), '216_8': (360.0, 112.0), '216_10': (310.0, 94.0), '216_9': (297.0, 108.0), '216_5': (285.0, 188.0), '216_7': (285.0, 144.0), '216_6': (294.0, 154.0), '216_23': (356.0, 86.0), '216_22': (374.0, 102.0), '216_25': (365.0, 59.0), '216_24': (375.0, 89.0), '216_19': (409.0, 116.0), '216_18': (435.0, 131.0), '216_21': (395.0, 87.0), '216_20': (391.0, 112.0), '216_27': (298.0, 70.0), '216_26': (276.0, 80.0), '216_35': (354.0, 48.0), '216_34': (315.0, 50.0), '216_31': (340.0, 69.0), '216_30': (348.0, 76.0), '216_33': (312.0, 70.0), '216_32': (331.0, 74.0)}}
Runtime (s): 421.29702314175665
