Launching Problin version 0.5b
Problin was called as follow: /u/gh2161/Spatial-Division/problin/run_problin.py -c real_location_data/s4c10/k10_r3_character_matrix.csv -t real_location_data/s4c10/true_tree.nwk -S real_location_data/s4c10/leaf_locations.txt --delimiter comma -p real_location_data/s4c10/k10_priors.csv -o real_location_data/s4c10/k10_r3_spalin-divide-beta6.txt --nInitials 10 --ultrametric --randomreps 3 --divide --given_beta 6 --incl_beta_bound
Optimization by Spalin-Divide: Scipy-SLSQP using spatial information
Optimizing branch lengths, phi, and nu without topology search
Initial point 1. Random seed: 1793
Solving with ultrametric constraint
Optimal point found for initial point 1
Negative llh: 136.37136977751987
Dropout rate: 9.999999999999996e-11
Silencing rate: 1.0000000000000002e-10
Sigma: 4.773717165492744
Initial point 2. Random seed: 9331
Solving with ultrametric constraint
Optimal point found for initial point 2
Negative llh: 136.37140944293748
Dropout rate: 1.0710114729207064e-09
Silencing rate: 5.157714881353188e-10
Sigma: 4.773464864487634
Initial point 3. Random seed: 6669
Solving with ultrametric constraint
Optimal point found for initial point 3
Negative llh: 136.37137031924703
Dropout rate: 2.1593289037860377e-10
Silencing rate: 1.6596648528911046e-10
Sigma: 4.773666720017283
Initial point 4. Random seed: 2917
Solving with ultrametric constraint
Optimal point found for initial point 4
Negative llh: 136.37136989399556
Dropout rate: 1e-10
Silencing rate: 1.0000000000000007e-10
Sigma: 4.773763021307742
Initial point 5. Random seed: 1245
Solving with ultrametric constraint
Optimal point found for initial point 5
Negative llh: 136.37137005235058
Dropout rate: 1.0000000000000002e-10
Silencing rate: 1.0000000000000002e-10
Sigma: 4.773644190055151
Initial point 6. Random seed: 2325
Solving with ultrametric constraint
Optimal point found for initial point 6
Negative llh: 136.3713787754959
Dropout rate: 1.0000000000000002e-10
Silencing rate: 1e-10
Sigma: 4.773922605433842
Initial point 7. Random seed: 598
Solving with ultrametric constraint
Optimal point found for initial point 7
Negative llh: 136.37141104367052
Dropout rate: 1e-10
Silencing rate: 1e-10
Sigma: 4.774419973323519
Initial point 8. Random seed: 4810
Solving with ultrametric constraint
Optimal point found for initial point 8
Negative llh: 136.37137154634252
Dropout rate: 4.897440350478992e-10
Silencing rate: 1.8674514856155846e-10
Sigma: 4.773675005213084
Initial point 9. Random seed: 4673
Solving with ultrametric constraint
Optimal point found for initial point 9
Negative llh: 136.37140549683227
Dropout rate: 1.4642657537611893e-09
Silencing rate: 4.3163372443325786e-10
Sigma: 4.774328370447503
Initial point 10. Random seed: 8478
Solving with ultrametric constraint
Optimal point found for initial point 10
Negative llh: 136.37136945258882
Dropout rate: 1e-10
Silencing rate: 1e-10
Sigma: 4.773680299716869
Runtime (s): 613.6489636880578
