Launching Problin version 0.5b
Problin was called as follow: /u/gh2161/Spatial-Division/problin/run_problin.py -c real_location_data/s4c10/k10_r3_character_matrix.csv -t real_location_data/s4c10/true_tree.nwk -S real_location_data/s4c10/leaf_locations.txt --delimiter comma -p real_location_data/s4c10/k10_priors.csv -o real_location_data/s4c10/k10_r3_spalin-divide-beta05.txt --nInitials 10 --ultrametric --randomreps 3 --divide --radius 0.5
Optimization by Spalin-Divide: Scipy-SLSQP using spatial information
Optimizing branch lengths, phi, and nu without topology search
Initial point 1. Random seed: 3630
Solving with ultrametric constraint
Optimal point found for initial point 1
Negative llh: 150.89236611278173
Dropout rate: 2.405879279100675e-10
Silencing rate: 1.6956084573698737e-10
Sigma: 1.7188926857382647
Initial point 2. Random seed: 1688
Solving with ultrametric constraint
Optimal point found for initial point 2
Negative llh: 150.8923658059178
Dropout rate: 1e-10
Silencing rate: 1e-10
Sigma: 1.7189210165962285
Initial point 3. Random seed: 7826
Solving with ultrametric constraint
Optimal point found for initial point 3
Negative llh: 168.90802422397047
Dropout rate: 5.947326061786747e-10
Silencing rate: 1.7346540539971314e-10
Sigma: 1.6092549043024762
Initial point 4. Random seed: 5109
Solving with ultrametric constraint
Optimal point found for initial point 4
Negative llh: 150.89248117541428
Dropout rate: 3.995462408355344e-10
Silencing rate: 2.185994001995259e-10
Sigma: 1.717860245423617
Initial point 5. Random seed: 3355
Solving with ultrametric constraint
Optimal point found for initial point 5
Negative llh: 150.89236586559733
Dropout rate: 1.0000000000000002e-10
Silencing rate: 1e-10
Sigma: 1.7189317846581225
Initial point 6. Random seed: 2162
Solving with ultrametric constraint
Optimal point found for initial point 6
Negative llh: 150.89236615995654
Dropout rate: 1e-10
Silencing rate: 1e-10
Sigma: 1.718929861786218
Initial point 7. Random seed: 8936
Solving with ultrametric constraint
Optimal point found for initial point 7
Negative llh: 168.90754228222647
Dropout rate: 3.1416898011409185e-10
Silencing rate: 1.2206269795953488e-10
Sigma: 1.6072768601206535
Initial point 8. Random seed: 1108
Solving with ultrametric constraint
Optimal point found for initial point 8
Negative llh: 150.89236620717125
Dropout rate: 1e-10
Silencing rate: 1e-10
Sigma: 1.7189671550185852
Initial point 9. Random seed: 1276
Solving with ultrametric constraint
Optimal point found for initial point 9
Negative llh: 150.89236609536263
Dropout rate: 1.0663233079774075e-09
Silencing rate: 4.983989895874601e-10
Sigma: 1.718895984656399
Initial point 10. Random seed: 8230
Solving with ultrametric constraint
Optimal point found for initial point 10
Negative llh: 150.89236610428748
Dropout rate: 1.0000000000000002e-10
Silencing rate: 1e-10
Sigma: 1.7188716678861076
Runtime (s): 410.70841818861663
