Launching Problin version 0.5b
Problin was called as follow: /u/gh2161/Spatial-Division/problin/run_problin.py -c real_location_data/s4c10/k10_r1_character_matrix.csv -t real_location_data/s4c10/true_tree.nwk --delimiter comma -p real_location_data/s4c10/k10_priors.csv -o real_location_data/s4c10/k10_r1_problin.txt --nInitials 10 --ultrametric --randomreps 3 --solver Scipy
Optimization by generic solver (Scipy-SLSQP)
Optimizing branch lengths, phi, and nu without topology search
Initial point 1. Random seed: 7821
Solving with ultrametric constraint
Optimal point found for initial point 1
Negative llh: 44.16784687815412
Dropout rate: 1e-10
Silencing rate: 1e-10
Lambda: 0.009711672159067833
Initial point 2. Random seed: 4912
Solving with ultrametric constraint
Optimal point found for initial point 2
Negative llh: 74.43979451374148
Dropout rate: 3.817925702902507e-10
Silencing rate: 1.4949131901758163e-10
Lambda: 0.0009768736801990699
Initial point 3. Random seed: 1707
Solving with ultrametric constraint
Optimal point found for initial point 3
Negative llh: 74.43980996597564
Dropout rate: 2.58390932783145e-10
Silencing rate: 1.1888510206698267e-10
Lambda: 0.0009768731782808116
Initial point 4. Random seed: 4805
Solving with ultrametric constraint
Optimal point found for initial point 4
Negative llh: 44.16767442877273
Dropout rate: 1e-10
Silencing rate: 1e-10
Lambda: 0.009709843010747576
Initial point 5. Random seed: 2087
Solving with ultrametric constraint
Optimal point found for initial point 5
Negative llh: 44.16733428043449
Dropout rate: 1.2437042771565596e-10
Silencing rate: 1.1566590051700746e-10
Lambda: 0.00971315667469249
Initial point 6. Random seed: 2496
Solving with ultrametric constraint
Optimal point found for initial point 6
Negative llh: 44.16745418635824
Dropout rate: 1e-10
Silencing rate: 1e-10
Lambda: 0.009713083547320133
Initial point 7. Random seed: 7134
Solving with ultrametric constraint
Optimal point found for initial point 7
Negative llh: 44.16733416089683
Dropout rate: 7.012705480034148e-10
Silencing rate: 4.91776574375194e-10
Lambda: 0.009712308647877789
Initial point 8. Random seed: 6581
Solving with ultrametric constraint
Optimal point found for initial point 8
Negative llh: 44.16733420999053
Dropout rate: 2.1585959286364495e-10
Silencing rate: 1.6370865214659416e-10
Lambda: 0.009712195476519494
Initial point 9. Random seed: 131
Solving with ultrametric constraint
Optimal point found for initial point 9
Negative llh: 74.440062703339
Dropout rate: 8.611622510246439e-10
Silencing rate: 2.790888309809462e-10
Lambda: 0.0009768565774599348
Initial point 10. Random seed: 7939
Solving with ultrametric constraint
Optimal point found for initial point 10
Negative llh: 44.16733438941351
Dropout rate: 1e-10
Silencing rate: 1e-10
Lambda: 0.009714423878778753
{'phi': 7.012705480034148e-10, 'nu': 4.91776574375194e-10, 'lambda_param': 0.009712308647877789}
Runtime (s): 52.73080646619201
