Launching Problin version 0.5b
Problin was called as follow: /u/gh2161/Spatial-Division/problin/run_problin.py -c real_location_data/s4c10/k10_r1_character_matrix.csv -t real_location_data/s4c10/true_tree.nwk -S real_location_data/s4c10/leaf_locations.txt --delimiter comma -p real_location_data/s4c10/k10_priors.csv -o real_location_data/s4c10/k10_r1_spalin-divide-beta05.txt --nInitials 10 --ultrametric --randomreps 3 --divide --radius 0.5
Optimization by Spalin-Divide: Scipy-SLSQP using spatial information
Optimizing branch lengths, phi, and nu without topology search
Initial point 1. Random seed: 8869
Solving with ultrametric constraint
Optimal point found for initial point 1
Negative llh: 145.5159624993416
Dropout rate: 3.122900307158104e-10
Silencing rate: 2.613636943654736e-10
Sigma: 1.6738001466376637
Initial point 2. Random seed: 3518
Solving with ultrametric constraint
Optimal point found for initial point 2
Negative llh: 145.5159477912766
Dropout rate: 1.5147188288471593e-09
Silencing rate: 1.083986688595449e-09
Sigma: 1.6737829950894907
Initial point 3. Random seed: 3912
Solving with ultrametric constraint
Optimal point found for initial point 3
Negative llh: 145.51594761777008
Dropout rate: 9.999999999999996e-11
Silencing rate: 9.999999999999996e-11
Sigma: 1.6736988498759444
Initial point 4. Random seed: 7151
Solving with ultrametric constraint
Optimal point found for initial point 4
Negative llh: 173.9881810035784
Dropout rate: 1e-10
Silencing rate: 1e-10
Sigma: 1.5667740681246578
Initial point 5. Random seed: 123
Solving with ultrametric constraint
Optimal point found for initial point 5
Negative llh: 173.98584351525463
Dropout rate: 1e-10
Silencing rate: 1e-10
Sigma: 1.5663055653307378
Initial point 6. Random seed: 2508
Solving with ultrametric constraint
Optimal point found for initial point 6
Negative llh: 145.5159474633311
Dropout rate: 1e-10
Silencing rate: 1e-10
Sigma: 1.6737350319337305
Initial point 7. Random seed: 3027
Solving with ultrametric constraint
Optimal point found for initial point 7
Negative llh: 145.5159474960698
Dropout rate: 1e-10
Silencing rate: 1e-10
Sigma: 1.6737320379684257
Initial point 8. Random seed: 6836
Solving with ultrametric constraint
Optimal point found for initial point 8
Negative llh: 173.98667366022391
Dropout rate: 1e-10
Silencing rate: 1e-10
Sigma: 1.567995945227591
Initial point 9. Random seed: 95
Solving with ultrametric constraint
Optimal point found for initial point 9
Negative llh: 173.9876454599627
Dropout rate: 2.0394435987413576e-10
Silencing rate: 1.1903113508929897e-10
Sigma: 1.5688317642344738
Initial point 10. Random seed: 7982
Solving with ultrametric constraint
Optimal point found for initial point 10
Negative llh: 145.51594752550392
Dropout rate: 1e-10
Silencing rate: 1e-10
Sigma: 1.673783370354894
Runtime (s): 574.6699728858657
