Launching Problin version 0.5b
Problin was called as follow: /u/gh2161/Spatial-Division/problin/run_problin.py -c real_location_data/s4c10/k10_r2_character_matrix.csv -t real_location_data/s4c10/true_tree.nwk -S real_location_data/s4c10/leaf_locations.txt --delimiter comma -p real_location_data/s4c10/k10_priors.csv -o real_location_data/s4c10/k10_r2_spalin-divide-beta6.txt --nInitials 10 --ultrametric --randomreps 3 --divide --given_beta 6 --incl_beta_bound
Optimization by Spalin-Divide: Scipy-SLSQP using spatial information
Optimizing branch lengths, phi, and nu without topology search
Initial point 1. Random seed: 6410
Solving with ultrametric constraint
Optimal point found for initial point 1
Negative llh: 125.07948153046226
Dropout rate: 1.0105516679054223e-09
Silencing rate: 4.2060347043848573e-10
Sigma: 5.243630344195114
Initial point 2. Random seed: 4686
Solving with ultrametric constraint
Optimal point found for initial point 2
Negative llh: 125.07949053981517
Dropout rate: 1e-10
Silencing rate: 1e-10
Sigma: 5.244687143321847
Initial point 3. Random seed: 7473
Solving with ultrametric constraint
Optimal point found for initial point 3
Negative llh: 125.07947361033725
Dropout rate: 9.999999999999996e-11
Silencing rate: 5.559326567719849e-10
Sigma: 5.243632213803301
Initial point 4. Random seed: 9897
Solving with ultrametric constraint
Optimal point found for initial point 4
Negative llh: 125.07947366995401
Dropout rate: 1e-10
Silencing rate: 1e-10
Sigma: 5.243680226558715
Initial point 5. Random seed: 3483
Solving with ultrametric constraint
Optimal point found for initial point 5
Negative llh: 125.07948549149388
Dropout rate: 9.901866469112857e-10
Silencing rate: 3.4948815789896876e-10
Sigma: 5.2436810594008145
Initial point 6. Random seed: 5919
Solving with ultrametric constraint
Optimal point found for initial point 6
Negative llh: 125.07947361514593
Dropout rate: 2.0013540135568598e-10
Silencing rate: 1e-10
Sigma: 5.243640519027276
Initial point 7. Random seed: 6304
Solving with ultrametric constraint
Optimal point found for initial point 7
Negative llh: 125.07950539937417
Dropout rate: 1.0000000000000007e-10
Silencing rate: 1.0000000000000002e-10
Sigma: 5.243600648980486
Initial point 8. Random seed: 392
Solving with ultrametric constraint
Optimal point found for initial point 8
Negative llh: 125.07947524486727
Dropout rate: 1.0000000000000002e-10
Silencing rate: 1.0000000000000002e-10
Sigma: 5.243512814191596
Initial point 9. Random seed: 5572
Solving with ultrametric constraint
Optimal point found for initial point 9
Negative llh: 125.07947600991704
Dropout rate: 1e-10
Silencing rate: 1e-10
Sigma: 5.243582460093869
Initial point 10. Random seed: 1143
Solving with ultrametric constraint
Optimal point found for initial point 10
Negative llh: 125.07947402332145
Dropout rate: 1e-10
Silencing rate: 1e-10
Sigma: 5.243526720098734
Runtime (s): 326.6874304395169
