Launching Problin version 0.5b
Problin was called as follow: /u/gh2161/Spatial-Division/problin/run_problin.py -c real_location_data/s4c10/k10_r5_character_matrix.csv -t real_location_data/s4c10/true_tree.nwk -S real_location_data/s4c10/leaf_locations.txt --delimiter comma -p real_location_data/s4c10/k10_priors.csv -o real_location_data/s4c10/k10_r5_spalin.txt --nInitials 10 --ultrametric --randomreps 3
Optimization by Spalin: Scipy-SLSQP using spatial information
Optimizing branch lengths, phi, and nu without topology search
Initial point 1. Random seed: 5553
Solving with ultrametric constraint
Optimal point found for initial point 1
Negative llh: 119.49486698859431
Dropout rate: 9.999999999999996e-11
Silencing rate: 9.999999999999996e-11
Sigma: 2.8936638353706066
Lambda: 0.009341468562236303
Initial point 2. Random seed: 1380
Solving with ultrametric constraint
Optimal point found for initial point 2
Negative llh: 149.53354234921414
Dropout rate: 2.8829134255093874e-10
Silencing rate: 1.2753910709096933e-10
Sigma: 2.728723587227374
Lambda: 0.0009768231216753629
Initial point 3. Random seed: 3609
Solving with ultrametric constraint
Optimal point found for initial point 3
Negative llh: 149.53300769587173
Dropout rate: 1e-10
Silencing rate: 1e-10
Sigma: 2.728545182455493
Lambda: 0.0009768501323051066
Initial point 4. Random seed: 8496
Solving with ultrametric constraint
Optimal point found for initial point 4
Negative llh: 149.53535522437124
Dropout rate: 1.280701956053605e-10
Silencing rate: 1.0376100127295212e-10
Sigma: 2.7285229383247427
Lambda: 0.0009767392015909131
Initial point 5. Random seed: 2201
Solving with ultrametric constraint
Optimal point found for initial point 5
Negative llh: 149.5343643895988
Dropout rate: 3.8692957767734024e-10
Silencing rate: 1.2533249921346895e-10
Sigma: 2.7273333526258465
Lambda: 0.0009767850792107063
Initial point 6. Random seed: 9251
Solving with ultrametric constraint
Optimal point found for initial point 6
Negative llh: 119.49486692280819
Dropout rate: 6.181882294241556e-10
Silencing rate: 4.966941848884735e-10
Sigma: 2.8934064676373157
Lambda: 0.009339945377568461
Initial point 7. Random seed: 171
Solving with ultrametric constraint
Optimal point found for initial point 7
Negative llh: 119.49486653346558
Dropout rate: 1e-10
Silencing rate: 1e-10
Sigma: 2.8935679353091808
Lambda: 0.009338834405973656
Initial point 8. Random seed: 355
Solving with ultrametric constraint
Optimal point found for initial point 8
Negative llh: 119.49486650282805
Dropout rate: 2.4985631075200913e-10
Silencing rate: 1.8982433736573872e-10
Sigma: 2.8935012372817988
Lambda: 0.00933959650005767
Initial point 9. Random seed: 7411
Solving with ultrametric constraint
Optimal point found for initial point 9
Negative llh: 119.49486689744361
Dropout rate: 6.030157057057372e-10
Silencing rate: 4.109815668093372e-10
Sigma: 2.8939147666518474
Lambda: 0.009339759969146577
Initial point 10. Random seed: 5169
Solving with ultrametric constraint
Optimal point found for initial point 10
Negative llh: 149.53442118405127
Dropout rate: 1.566020178226112e-10
Silencing rate: 1.0494575727458099e-10
Sigma: 2.725532879715408
Lambda: 0.0009767852816681764
{'lambda_param': 0.00933959650005767, 'phi': 2.4985631075200913e-10, 'nu': 1.8982433736573872e-10, 'sigma': 2.8935012372817988, 'locations': {'216_6': (77.0, 389.0), '216_5': (91.0, 393.0), '216_4': (94.0, 407.0), '216_21': (138.0, 352.0), '216_19': (167.0, 368.0), '216_18': (154.0, 368.0), '216_15': (153.0, 405.0), '216_14': (179.0, 413.0), '216_16': (145.0, 388.0), '216_10': (156.0, 414.0), '216_8': (136.0, 430.0), '216_7': (163.0, 457.0)}}
Runtime (s): 138.658733102493
