Launching Problin version 0.5b
Problin was called as follow: /u/gh2161/Spatial-Division/problin/run_problin.py -c real_location_data/s4c10/k10_r3_character_matrix.csv -t real_location_data/s4c10/true_tree.nwk -S real_location_data/s4c10/leaf_locations.txt --delimiter comma -p real_location_data/s4c10/k10_priors.csv -o real_location_data/s4c10/k10_r3_spalin-spatialonly.txt --nInitials 10 --ultrametric --randomreps 3 --spatial_only
Optimization by Spalin: Scipy-SLSQP using spatial information
Optimizing branch lengths, phi, and nu without topology search
only spatial
Initial point 1. Random seed: 4443
Solving with ultrametric constraint
Optimal point found for initial point 1
Negative llh: 77.51114634824444
Dropout rate: 0.9340800666652176
Silencing rate: 0.8128173019292955
Sigma: 3.8024354424211393
Lambda: 1.0
Initial point 2. Random seed: 147
Solving with ultrametric constraint
Optimal point found for initial point 2
Negative llh: 77.51114634824444
Dropout rate: 0.49849332434700333
Silencing rate: 0.9079088248236044
Sigma: 3.8024354424211393
Lambda: 1.0
Initial point 3. Random seed: 7843
Solving with ultrametric constraint
Optimal point found for initial point 3
Negative llh: 77.51114634824444
Dropout rate: 0.2111858056082124
Silencing rate: 0.6714854061859453
Sigma: 3.8024354424211393
Lambda: 1.0
Initial point 4. Random seed: 7628
Solving with ultrametric constraint
Optimal point found for initial point 4
Negative llh: 77.51114634824444
Dropout rate: 0.8502282510974979
Silencing rate: 0.9812746059407541
Sigma: 3.8024354424211393
Lambda: 1.0
Initial point 5. Random seed: 9785
Solving with ultrametric constraint
Optimal point found for initial point 5
Negative llh: 77.51114634824444
Dropout rate: 0.49536485992381324
Silencing rate: 0.2068847664971176
Sigma: 3.8024354424211393
Lambda: 1.0
Initial point 6. Random seed: 6022
Solving with ultrametric constraint
Optimal point found for initial point 6
Negative llh: 77.51114634824444
Dropout rate: 0.2920904208079811
Silencing rate: 0.012222441986780448
Sigma: 3.8024354424211393
Lambda: 1.0
Initial point 7. Random seed: 7554
Solving with ultrametric constraint
Optimal point found for initial point 7
Negative llh: 77.51114634824444
Dropout rate: 0.6025544250508794
Silencing rate: 0.6502928479938115
Sigma: 3.8024354424211393
Lambda: 1.0
Initial point 8. Random seed: 9901
Solving with ultrametric constraint
Optimal point found for initial point 8
Negative llh: 77.51114634824444
Dropout rate: 0.44440140147115376
Silencing rate: 0.39929022630889854
Sigma: 3.8024354424211393
Lambda: 1.0
Initial point 9. Random seed: 8959
Solving with ultrametric constraint
Optimal point found for initial point 9
Negative llh: 77.51114634824444
Dropout rate: 0.5720717952537228
Silencing rate: 0.013812840858675715
Sigma: 3.8024354424211393
Lambda: 1.0
Initial point 10. Random seed: 9360
Solving with ultrametric constraint
Optimal point found for initial point 10
Negative llh: 77.51114634824444
Dropout rate: 0.9484055888959566
Silencing rate: 0.43201580933192485
Sigma: 3.8024354424211393
Lambda: 1.0
{'lambda_param': 1.0, 'phi': 0.9340800666652176, 'nu': 0.8128173019292955, 'sigma': 3.8024354424211393, 'locations': {'216_6': (77.0, 389.0), '216_5': (91.0, 393.0), '216_4': (94.0, 407.0), '216_21': (138.0, 352.0), '216_19': (167.0, 368.0), '216_18': (154.0, 368.0), '216_15': (153.0, 405.0), '216_14': (179.0, 413.0), '216_16': (145.0, 388.0), '216_10': (156.0, 414.0), '216_8': (136.0, 430.0), '216_7': (163.0, 457.0)}}
Runtime (s): 42.18684664182365
