Launching Problin version 0.5b
Problin was called as follow: /u/gh2161/Spatial-Division/problin/run_problin.py -c intmem_real_data/s5c2/characters.txt -t intmem_real_data/s5c2/true_tree.nwk --delimiter comma -p intmem_real_data/s5c2/prior.csv -o intmem_real_data/s5c2/problin.txt --nInitials 10 --ultrametric --randomreps 3 --solver Scipy
Optimization by generic solver (Scipy-SLSQP)
Optimizing branch lengths, phi, and nu without topology search
Initial point 1. Random seed: 363
Solving with ultrametric constraint
Optimal point found for initial point 1
Negative llh: 47.82070872680386
Dropout rate: 1.0000000000000002e-10
Silencing rate: 1e-10
Lambda: 0.0009767028006726277
Initial point 2. Random seed: 8576
Solving with ultrametric constraint
Optimal point found for initial point 2
Negative llh: 47.82035559872665
Dropout rate: 7.972325278955506e-10
Silencing rate: 1.4950765253761986e-10
Lambda: 0.0009767294202322212
Initial point 3. Random seed: 5021
Solving with ultrametric constraint
Optimal point found for initial point 3
Negative llh: 22.77623601137508
Dropout rate: 1e-10
Silencing rate: 1e-10
Lambda: 0.014669636509044673
Initial point 4. Random seed: 314
Solving with ultrametric constraint
Optimal point found for initial point 4
Negative llh: 47.82113202730494
Dropout rate: 1.0855315279002325e-10
Silencing rate: 1.0273769089649713e-10
Lambda: 0.000976683846700199
Initial point 5. Random seed: 1052
Solving with ultrametric constraint
Optimal point found for initial point 5
Negative llh: 22.77623622796621
Dropout rate: 1.3466056528533447e-10
Silencing rate: 1.186731917987482e-10
Lambda: 0.014669741899843831
Initial point 6. Random seed: 3018
Solving with ultrametric constraint
Optimal point found for initial point 6
Negative llh: 47.82093924314218
Dropout rate: 1.4959077312775685e-10
Silencing rate: 1.0955482835916169e-10
Lambda: 0.0009766869308784028
Initial point 7. Random seed: 5423
Solving with ultrametric constraint
Optimal point found for initial point 7
Negative llh: 22.776235733480775
Dropout rate: 3.040368238054564e-10
Silencing rate: 2.67153543124237e-10
Lambda: 0.01466924147857095
Initial point 8. Random seed: 374
Solving with ultrametric constraint
Optimal point found for initial point 8
Negative llh: 22.77623565645076
Dropout rate: 9.999999999999996e-11
Silencing rate: 9.999999999999996e-11
Lambda: 0.014668939444365372
Initial point 9. Random seed: 1602
Solving with ultrametric constraint
Optimal point found for initial point 9
Negative llh: 47.8205202957322
Dropout rate: 6.214146137990735e-10
Silencing rate: 1.6732191417602125e-10
Lambda: 0.00097671606788869
Initial point 10. Random seed: 604
Solving with ultrametric constraint
Optimal point found for initial point 10
Negative llh: 47.82107172742848
Dropout rate: 4.5144233381365633e-10
Silencing rate: 1.6025029984357992e-10
Lambda: 0.0009766890055392448
{'phi': 9.999999999999996e-11, 'nu': 9.999999999999996e-11, 'lambda_param': 0.014668939444365372}
Runtime (s): 25.872067511081696
