Launching Problin version 0.5b
Problin was called as follow: /u/gh2161/Spatial-Division/problin/run_problin.py -c simulated_seq_simulated_loc/s9c1/k10_character_matrix.csv -t simulated_seq_simulated_loc/s9c1/true_tree.nwk --delimiter comma -p simulated_seq_simulated_loc/s9c1/k10_priors.csv -o simulated_seq_simulated_loc/s9c1/k10_problin.txt --nInitials 10 --ultrametric --solver Scipy
Optimization by generic solver (Scipy-SLSQP)
Optimizing branch lengths, phi, and nu without topology search
Initial point 1. Random seed: 7331
Solving with ultrametric constraint
Optimal point found for initial point 1
Negative llh: 87.40292894328758
Dropout rate: 1e-10
Silencing rate: 1e-10
Initial point 2. Random seed: 7607
Solving with ultrametric constraint
Optimal point found for initial point 2
Negative llh: 87.4029368399995
Dropout rate: 1.9375710312073266e-09
Silencing rate: 7.877913338930088e-10
Initial point 3. Random seed: 3946
Solving with ultrametric constraint
Optimal point found for initial point 3
Negative llh: 87.40311595838814
Dropout rate: 1.6260066607006752e-09
Silencing rate: 1.0470858337393897e-09
Initial point 4. Random seed: 6739
Solving with ultrametric constraint
Optimal point found for initial point 4
Negative llh: 87.40286415578511
Dropout rate: 9.008778233208417e-10
Silencing rate: 4.4847443575190367e-10
Initial point 5. Random seed: 5096
Solving with ultrametric constraint
Optimal point found for initial point 5
Negative llh: 87.40292105168413
Dropout rate: 1.4775390709546403e-10
Silencing rate: 1.259735366317113e-10
Initial point 6. Random seed: 1629
Solving with ultrametric constraint
Optimal point found for initial point 6
Negative llh: 87.40288984661528
Dropout rate: 2.220360194020862e-09
Silencing rate: 9.153982204080897e-10
Initial point 7. Random seed: 7449
Solving with ultrametric constraint
Optimal point found for initial point 7
Negative llh: 87.402857283701
Dropout rate: 1e-10
Silencing rate: 1e-10
Initial point 8. Random seed: 8207
Solving with ultrametric constraint
Optimal point found for initial point 8
Negative llh: 87.40360455587161
Dropout rate: 1e-10
Silencing rate: 1e-10
Initial point 9. Random seed: 1843
Solving with ultrametric constraint
Optimal point found for initial point 9
Negative llh: 87.40285849990066
Dropout rate: 1.5551728179171456e-09
Silencing rate: 6.107311406218087e-10
Initial point 10. Random seed: 7753
Solving with ultrametric constraint
Optimal point found for initial point 10
Negative llh: 87.40294936294156
Dropout rate: 1.0000000000000007e-10
Silencing rate: 1.0000000000000007e-10
Runtime (s): 103.19963300600648
