Launching Problin version 0.5b
Problin was called as follow: /u/gh2161/Spatial-Division/problin/run_problin.py -c real_location_data/s2c9/k10_r2_character_matrix.csv -t real_location_data/s2c9/true_tree.nwk -S real_location_data/s2c9/leaf_locations.txt --delimiter comma -p real_location_data/s2c9/k10_priors.csv -o real_location_data/s2c9/k10_r2_spalin-divide-beta10.txt --nInitials 10 --ultrametric --randomreps 3 --divide --radius 10
Optimization by Spalin-Divide: Scipy-SLSQP using spatial information
Optimizing branch lengths, phi, and nu without topology search
Initial point 1. Random seed: 8885
Solving with ultrametric constraint
Optimal point found for initial point 1
Negative llh: 129.56327500951923
Dropout rate: 9.999999999999996e-11
Silencing rate: 1.0000000000000002e-10
Sigma: 0.9088902317423728
Initial point 2. Random seed: 160
Solving with ultrametric constraint
Optimal point found for initial point 2
Negative llh: 129.56327534017345
Dropout rate: 1.1624842753145975e-09
Silencing rate: 6.019523402502112e-10
Sigma: 0.9089135178925909
Initial point 3. Random seed: 1217
Solving with ultrametric constraint
Optimal point found for initial point 3
Negative llh: 129.56327514454745
Dropout rate: 9.93218842498634e-10
Silencing rate: 6.582427055701352e-10
Sigma: 0.9089000046702574
Initial point 4. Random seed: 2623
Solving with ultrametric constraint
Optimal point found for initial point 4
Negative llh: 129.56327515847738
Dropout rate: 1.878131664749816e-10
Silencing rate: 1.4638915596846312e-10
Sigma: 0.9088717708802955
Initial point 5. Random seed: 3001
Solving with ultrametric constraint
Optimal point found for initial point 5
Negative llh: 129.56327506437117
Dropout rate: 3.5039820800474714e-10
Silencing rate: 2.011185215640162e-10
Sigma: 0.908883815929884
Initial point 6. Random seed: 235
Solving with ultrametric constraint
Optimal point found for initial point 6
Negative llh: 129.56327540905795
Dropout rate: 5.870182576344691e-10
Silencing rate: 3.541649679983763e-10
Sigma: 0.9088544875201269
Initial point 7. Random seed: 6850
Solving with ultrametric constraint
Optimal point found for initial point 7
Negative llh: 150.517777740134
Dropout rate: 9.092400912878565e-10
Silencing rate: 2.9179767499814417e-10
Sigma: 0.8255245772409856
Initial point 8. Random seed: 9765
Solving with ultrametric constraint
Optimal point found for initial point 8
Negative llh: 150.51757242021407
Dropout rate: 1e-10
Silencing rate: 1e-10
Sigma: 0.8254530795032371
Initial point 9. Random seed: 8770
Solving with ultrametric constraint
Optimal point found for initial point 9
Negative llh: 150.51219863039657
Dropout rate: 1.0000000000000007e-10
Silencing rate: 1.0000000000000002e-10
Sigma: 0.8256337535968123
Initial point 10. Random seed: 6215
Solving with ultrametric constraint
Optimal point found for initial point 10
Negative llh: 129.563275300556
Dropout rate: 9.999999999999996e-11
Silencing rate: 9.999999999999996e-11
Sigma: 0.9088814583716421
Runtime (s): 546.0731331319548
