Launching Problin version 0.5b
Problin was called as follow: /u/gh2161/Spatial-Division/problin/run_problin.py -c real_location_data/s2c9/k10_r3_character_matrix.csv -t real_location_data/s2c9/true_tree.nwk --delimiter comma -p real_location_data/s2c9/k10_priors.csv -o real_location_data/s2c9/k10_r3_problin.txt --nInitials 10 --ultrametric --randomreps 3 --solver Scipy
Optimization by generic solver (Scipy-SLSQP)
Optimizing branch lengths, phi, and nu without topology search
Initial point 1. Random seed: 2237
Solving with ultrametric constraint
Optimal point found for initial point 1
Negative llh: 50.625601144725195
Dropout rate: 1e-10
Silencing rate: 1e-10
Lambda: 0.007299052823567745
Initial point 2. Random seed: 2741
Solving with ultrametric constraint
Optimal point found for initial point 2
Negative llh: 69.22240347595454
Dropout rate: 1.0000000000000002e-10
Silencing rate: 1e-10
Lambda: 0.0009769937286492854
Initial point 3. Random seed: 9253
Solving with ultrametric constraint
Optimal point found for initial point 3
Negative llh: 50.625601503536615
Dropout rate: 9.999999999999996e-11
Silencing rate: 1.0000000000000002e-10
Lambda: 0.007298655741909044
Initial point 4. Random seed: 8035
Solving with ultrametric constraint
Optimal point found for initial point 4
Negative llh: 50.625601126862136
Dropout rate: 3.5844901589810064e-10
Silencing rate: 1.9874659321403262e-10
Lambda: 0.007299591437786597
Initial point 5. Random seed: 667
Solving with ultrametric constraint
Optimal point found for initial point 5
Negative llh: 69.22241859479523
Dropout rate: 1.0000000000000002e-10
Silencing rate: 1e-10
Lambda: 0.0009769917013079518
Initial point 6. Random seed: 3920
Solving with ultrametric constraint
Optimal point found for initial point 6
Negative llh: 69.22241257387981
Dropout rate: 2.836533633711484e-10
Silencing rate: 1.6333642270176878e-10
Lambda: 0.0009769920188472862
Initial point 7. Random seed: 1254
Solving with ultrametric constraint
Optimal point found for initial point 7
Negative llh: 69.22238997262409
Dropout rate: 1.4500152203153924e-10
Silencing rate: 1.0428469088814623e-10
Lambda: 0.000976993516505112
Initial point 8. Random seed: 3325
Solving with ultrametric constraint
Optimal point found for initial point 8
Negative llh: 69.22241038305057
Dropout rate: 5.438477713050364e-10
Silencing rate: 1.4202786043058487e-10
Lambda: 0.00097699203996863
Initial point 9. Random seed: 8110
Solving with ultrametric constraint
Optimal point found for initial point 9
Negative llh: 50.62560122181836
Dropout rate: 7.543732426183621e-10
Silencing rate: 3.432913784988734e-10
Lambda: 0.007299808195057184
Initial point 10. Random seed: 3422
Solving with ultrametric constraint
Optimal point found for initial point 10
Negative llh: 50.62560143604728
Dropout rate: 1e-10
Silencing rate: 1e-10
Lambda: 0.00730025016597247
{'phi': 3.5844901589810064e-10, 'nu': 1.9874659321403262e-10, 'lambda_param': 0.007299591437786597}
Runtime (s): 35.76977537199855
