Launching Problin version 0.5b
Problin was called as follow: /u/gh2161/Spatial-Division/problin/run_problin.py -c real_location_data/s2c9/k10_r4_character_matrix.csv -t real_location_data/s2c9/true_tree.nwk -S real_location_data/s2c9/leaf_locations.txt --delimiter comma -p real_location_data/s2c9/k10_priors.csv -o real_location_data/s2c9/k10_r4_spalin-divide-beta3.txt --nInitials 10 --ultrametric --randomreps 3 --divide --radius 3
Optimization by Spalin-Divide: Scipy-SLSQP using spatial information
Optimizing branch lengths, phi, and nu without topology search
Initial point 1. Random seed: 2341
Solving with ultrametric constraint
Optimal point found for initial point 1
Negative llh: 166.17997233062852
Dropout rate: 9.999999999999996e-11
Silencing rate: 1e-10
Sigma: 1.1198946408697958
Initial point 2. Random seed: 7442
Solving with ultrametric constraint
Optimal point found for initial point 2
Negative llh: 166.18462644093705
Dropout rate: 2.945825896636769e-10
Silencing rate: 1.448035636869242e-10
Sigma: 1.1199559850789134
Initial point 3. Random seed: 8
Solving with ultrametric constraint
Optimal point found for initial point 3
Negative llh: 166.1857342816171
Dropout rate: 1e-10
Silencing rate: 1e-10
Sigma: 1.1197943234450594
Initial point 4. Random seed: 1878
Solving with ultrametric constraint
Optimal point found for initial point 4
Negative llh: 166.18378522635788
Dropout rate: 1e-10
Silencing rate: 1e-10
Sigma: 1.1194975905713362
Initial point 5. Random seed: 5425
Solving with ultrametric constraint
Optimal point found for initial point 5
Negative llh: 156.01903363617285
Dropout rate: 1e-10
Silencing rate: 1e-10
Sigma: 1.2985509546258418
Initial point 6. Random seed: 4631
Solving with ultrametric constraint
Optimal point found for initial point 6
Negative llh: 166.18013662087807
Dropout rate: 6.363774455415115e-10
Silencing rate: 1.6270499311297108e-10
Sigma: 1.1199013989446343
Initial point 7. Random seed: 4048
Solving with ultrametric constraint
Optimal point found for initial point 7
Negative llh: 166.18440634774535
Dropout rate: 8.343373028336906e-10
Silencing rate: 3.391954004713575e-10
Sigma: 1.1194982719754605
Initial point 8. Random seed: 7600
Solving with ultrametric constraint
Optimal point found for initial point 8
Negative llh: 156.0190334151519
Dropout rate: 1.0000000000000002e-10
Silencing rate: 1e-10
Sigma: 1.2985118855255973
Initial point 9. Random seed: 1062
Solving with ultrametric constraint
Optimal point found for initial point 9
Negative llh: 166.18582160498494
Dropout rate: 7.529817014701925e-10
Silencing rate: 2.905009765875489e-10
Sigma: 1.119510219914582
Initial point 10. Random seed: 4375
Solving with ultrametric constraint
Optimal point found for initial point 10
Negative llh: 166.18334445448272
Dropout rate: 3.681241979959001e-10
Silencing rate: 1.882618223423398e-10
Sigma: 1.1196191010497125
Runtime (s): 376.08995714969933
