Launching Problin version 0.5b
Problin was called as follow: /u/gh2161/Spatial-Division/problin/run_problin.py -c simulated_seq_simulated_loc/s16c1/k200_character_matrix.csv -t simulated_seq_simulated_loc/s16c1/true_tree.nwk --delimiter comma -p simulated_seq_simulated_loc/s16c1/k200_priors.csv -o simulated_seq_simulated_loc/s16c1/k200_problin.txt --nInitials 10 --ultrametric --solver Scipy
Optimization by generic solver (Scipy-SLSQP)
Optimizing branch lengths, phi, and nu without topology search
Initial point 1. Random seed: 9738
Solving with ultrametric constraint
Optimal point found for initial point 1
Negative llh: 2035.5080179421511
Dropout rate: 1e-10
Silencing rate: 1e-10
Initial point 2. Random seed: 6620
Solving with ultrametric constraint
Optimal point found for initial point 2
Negative llh: 2035.546821561153
Dropout rate: 1.0000000000000751e-10
Silencing rate: 1.0000000000000751e-10
Initial point 3. Random seed: 3423
Solving with ultrametric constraint
Optimal point found for initial point 3
Negative llh: 2035.4059389223
Dropout rate: 1.3431569758763174e-06
Silencing rate: 5.536225907107983e-07
Initial point 4. Random seed: 8930
Solving with ultrametric constraint
Optimal point found for initial point 4
Negative llh: 2035.4584009330874
Dropout rate: 1e-10
Silencing rate: 1e-10
Initial point 5. Random seed: 5637
Solving with ultrametric constraint
Optimal point found for initial point 5
Negative llh: 2035.31881625789
Dropout rate: 1e-10
Silencing rate: 1e-10
Initial point 6. Random seed: 9722
Solving with ultrametric constraint
Fatal: failed to optimize using initial point 6
Initial point 7. Random seed: 6979
Solving with ultrametric constraint
Optimal point found for initial point 7
Negative llh: 2035.3027320202498
Dropout rate: 1e-10
Silencing rate: 1e-10
Initial point 8. Random seed: 1760
Solving with ultrametric constraint
Optimal point found for initial point 8
Negative llh: 2035.6257919373732
Dropout rate: 1.0117474195656156e-10
Silencing rate: 1.0048708240198318e-10
Initial point 9. Random seed: 5575
Solving with ultrametric constraint
Optimal point found for initial point 9
Negative llh: 2035.406779209604
Dropout rate: 1.0024284457421836e-10
Silencing rate: 1.0009990111077591e-10
Initial point 10. Random seed: 3954
Solving with ultrametric constraint
Optimal point found for initial point 10
Negative llh: 2035.3263921859962
Dropout rate: 1e-10
Silencing rate: 1e-10
Runtime (s): 615.6815242092125
