Launching Problin version 0.5b
Problin was called as follow: /u/gh2161/Spatial-Division/problin/run_problin.py -c simulated_seq_simulated_loc/s7c5/k50_character_matrix.csv -t simulated_seq_simulated_loc/s7c5/true_tree.nwk --delimiter comma -p simulated_seq_simulated_loc/s7c5/k50_priors.csv -o simulated_seq_simulated_loc/s7c5/k50_problin.txt --nInitials 10 --ultrametric --solver Scipy
Optimization by generic solver (Scipy-SLSQP)
Optimizing branch lengths, phi, and nu without topology search
Initial point 1. Random seed: 5518
Solving with ultrametric constraint
Optimal point found for initial point 1
Negative llh: 292.46314090178055
Dropout rate: 2.4943097519341346e-08
Silencing rate: 1.2211828947150311e-08
Initial point 2. Random seed: 8643
Solving with ultrametric constraint
Optimal point found for initial point 2
Negative llh: 292.4631020812309
Dropout rate: 1.890889691469292e-08
Silencing rate: 8.025879739363712e-09
Initial point 3. Random seed: 9392
Solving with ultrametric constraint
Optimal point found for initial point 3
Negative llh: 292.46306329952904
Dropout rate: 1e-10
Silencing rate: 1e-10
Initial point 4. Random seed: 7230
Solving with ultrametric constraint
Fatal: failed to optimize using initial point 4
Initial point 5. Random seed: 1630
Solving with ultrametric constraint
Optimal point found for initial point 5
Negative llh: 292.4641007317918
Dropout rate: 9.999999999999428e-11
Silencing rate: 1.000000000000009e-10
Initial point 6. Random seed: 3718
Solving with ultrametric constraint
Optimal point found for initial point 6
Negative llh: 292.46305843791583
Dropout rate: 1.0025105086539937e-10
Silencing rate: 1.0010579043755367e-10
Initial point 7. Random seed: 1165
Solving with ultrametric constraint
Optimal point found for initial point 7
Negative llh: 292.46305725650393
Dropout rate: 1.0000011524981993e-10
Silencing rate: 1.0000004856772138e-10
Initial point 8. Random seed: 561
Solving with ultrametric constraint
Fatal: failed to optimize using initial point 8
Initial point 9. Random seed: 7475
Solving with ultrametric constraint
Optimal point found for initial point 9
Negative llh: 292.46445028314065
Dropout rate: 1e-10
Silencing rate: 1e-10
Initial point 10. Random seed: 8147
Solving with ultrametric constraint
Optimal point found for initial point 10
Negative llh: 292.4630574981285
Dropout rate: 1e-10
Silencing rate: 1e-10
Runtime (s): 167.70220925891772
