Launching Problin version 0.5b
Problin was called as follow: /u/gh2161/Spatial-Division/problin/run_problin.py -c intmem_real_data/s2c4/characters.txt -t intmem_real_data/s2c4/true_tree.nwk -S intmem_real_data/s2c4/leaf_locations.txt --delimiter comma -p intmem_real_data/s2c4/prior.csv -o intmem_real_data/s2c4/spalin-divide-beta5_spatialonly.txt --nInitials 10 --ultrametric --randomreps 3 --divide --radius 5 --spatial_only
Optimization by Spalin-Divide: Scipy-SLSQP using spatial information
Optimizing branch lengths, phi, and nu without topology search
only spatial
only spatial
Initial point 1. Random seed: 407
Solving with ultrametric constraint
Optimal point found for initial point 1
Negative llh: 69.29445860195062
Dropout rate: 0.745847668118325
Silencing rate: 0.2900653486830377
Sigma: 1.3506021918728897
Lambda: 1.0
Initial point 2. Random seed: 8603
Solving with ultrametric constraint
Optimal point found for initial point 2
Negative llh: 69.29887551444945
Dropout rate: 0.024145989831258843
Silencing rate: 0.9339752864071862
Sigma: 1.4141852775512265
Lambda: 1.0
Initial point 3. Random seed: 9339
Solving with ultrametric constraint
Optimal point found for initial point 3
Negative llh: 69.31098914178308
Dropout rate: 0.17539872558362474
Silencing rate: 0.27484356770394885
Sigma: 1.5514902235445753
Lambda: 1.0
Initial point 4. Random seed: 8527
Solving with ultrametric constraint
Optimal point found for initial point 4
Negative llh: 69.29565231011092
Dropout rate: 0.4188494802177947
Silencing rate: 0.13179257247256043
Sigma: 1.3687715761810746
Lambda: 1.0
Initial point 5. Random seed: 8365
Solving with ultrametric constraint
Optimal point found for initial point 5
Negative llh: 69.29441041429158
Dropout rate: 0.5928600181086062
Silencing rate: 0.5214481699462309
Sigma: 1.3498356994920953
Lambda: 1.0
Initial point 6. Random seed: 263
Solving with ultrametric constraint
Optimal point found for initial point 6
Negative llh: 69.2946101769998
Dropout rate: 0.5642861166483207
Silencing rate: 0.6354581137670602
Sigma: 1.3529275675518848
Lambda: 1.0
Initial point 7. Random seed: 8461
Solving with ultrametric constraint
Optimal point found for initial point 7
Negative llh: 69.29468321184507
Dropout rate: 0.7537437621213531
Silencing rate: 0.5528698694360398
Sigma: 1.3540662131507248
Lambda: 1.0
Initial point 8. Random seed: 7011
Solving with ultrametric constraint
Optimal point found for initial point 8
Negative llh: 69.31437108217702
Dropout rate: 0.7246344544267267
Silencing rate: 0.6196487884791804
Sigma: 1.5831455372830625
Lambda: 1.0
Initial point 9. Random seed: 4973
Solving with ultrametric constraint
Optimal point found for initial point 9
Negative llh: 69.29458515262142
Dropout rate: 0.6841925183527131
Silencing rate: 0.41147471244376344
Sigma: 1.3525174223814918
Lambda: 1.0
Initial point 10. Random seed: 6125
Solving with ultrametric constraint
Optimal point found for initial point 10
Negative llh: 69.2955786748783
Dropout rate: 0.18294796598520532
Silencing rate: 0.5182925897695598
Sigma: 1.3676861136890806
Lambda: 1.0
{'lambda_param': 1.0, 'phi': 0.5928600181086062, 'nu': 0.5214481699462309, 'sigma': 1.3498356994920953, 'locations': {'216_2': (461.0, 201.0), '216_1': (442.0, 222.0), '216_4': (472.0, 198.0), '216_8': (450.0, 210.0), '216_7': (432.0, 209.0), '216_5': (426.0, 223.0), '216_10': (438.0, 174.0), '216_9': (430.0, 188.0), '216_11': (404.0, 193.0), '216_13': (413.0, 152.0)}, 'radius': 5.0, 'thetas': {'167_6': 1.7868781734534294, '168_5': 2.089940466650446, '119_4': 3.526764977096941, '192_7': 3.1971054312844047, '126_3': -0.7257314684541885, '67_2': 4.291481137620921, '182_1': 2.3062394151800207, '126_1': 2.5167010520166784, '11_1': 3.498019334052698}}
Runtime (s): 140.5837608333677
