Launching Problin version 0.5b
Problin was called as follow: /u/gh2161/Spatial-Division/problin/run_problin.py -c intmem_real_data/s15c3/characters.txt -t intmem_real_data/s15c3/true_tree.nwk -S intmem_real_data/s15c3/leaf_locations.txt --delimiter comma -p intmem_real_data/s15c3/prior.csv -o intmem_real_data/s15c3/spalin-divide-beta1.txt --nInitials 10 --ultrametric --randomreps 3 --divide --radius 1
Optimization by Spalin-Divide: Scipy-SLSQP using spatial information
Optimizing branch lengths, phi, and nu without topology search
Initial point 1. Random seed: 202
Solving with ultrametric constraint
Optimal point found for initial point 1
Negative llh: 76.10943067281768
Dropout rate: 1.0694429006556407e-10
Silencing rate: 1.0010713843590953e-10
Sigma: 1.1610121895594174
Lambda: 0.00592969698135836
Initial point 2. Random seed: 3562
Solving with ultrametric constraint
Optimal point found for initial point 2
Negative llh: 76.10943281711938
Dropout rate: 1.4027627911320627e-10
Silencing rate: 1.0019866703929241e-10
Sigma: 1.1610575172787037
Lambda: 0.005930882901553693
Initial point 3. Random seed: 7374
Solving with ultrametric constraint
Optimal point found for initial point 3
Negative llh: 90.39899731979955
Dropout rate: 1.0492930156255447e-10
Silencing rate: 1.0311168930025239e-10
Sigma: 1.8094463019893807
Lambda: 0.009002198695094287
Initial point 4. Random seed: 7435
Solving with ultrametric constraint
Optimal point found for initial point 4
Negative llh: 93.54135604735566
Dropout rate: 1e-10
Silencing rate: 1e-10
Sigma: 1.0927110755608955
Lambda: 0.0009766525485557472
Initial point 5. Random seed: 2209
Solving with ultrametric constraint
Optimal point found for initial point 5
Negative llh: 76.10943274890238
Dropout rate: 1.1627818107877303e-10
Silencing rate: 1.1447695867565099e-10
Sigma: 1.1610848114708283
Lambda: 0.005930857675092347
Initial point 6. Random seed: 4964
Solving with ultrametric constraint
Optimal point found for initial point 6
Negative llh: 76.10946799906179
Dropout rate: 1e-10
Silencing rate: 1e-10
Sigma: 1.1609408104864574
Lambda: 0.005929664518271405
Initial point 7. Random seed: 7441
Solving with ultrametric constraint
Optimal point found for initial point 7
Negative llh: 76.10943112487017
Dropout rate: 1e-10
Silencing rate: 1e-10
Sigma: 1.1610596097330943
Lambda: 0.005930590373146928
Initial point 8. Random seed: 6361
Solving with ultrametric constraint
Optimal point found for initial point 8
Negative llh: 76.10943078897279
Dropout rate: 1.1411205806963833e-10
Silencing rate: 1.1329511218959157e-10
Sigma: 1.1610380654489219
Lambda: 0.005929484868352523
Initial point 9. Random seed: 5294
Solving with ultrametric constraint
Optimal point found for initial point 9
Negative llh: 76.10943044723624
Dropout rate: 1e-10
Silencing rate: 1e-10
Sigma: 1.1610538018888756
Lambda: 0.005930308100678074
Initial point 10. Random seed: 3625
Solving with ultrametric constraint
Optimal point found for initial point 10
Negative llh: 76.10943044860926
Dropout rate: 1e-10
Silencing rate: 1e-10
Sigma: 1.1610537953896338
Lambda: 0.005930340050654575
{'lambda_param': 0.005930308100678074, 'phi': 1e-10, 'nu': 1e-10, 'sigma': 1.1610538018888756, 'locations': {'216_8': (66.0, 146.0), '216_4': (66.0, 161.0), '216_3': (78.0, 172.0), '216_2': (46.0, 152.0), '216_1': (63.0, 197.0)}, 'radius': 1.0, 'thetas': {'166_3': 45.1919072529685, '169_5': 0.7424075063932243, '120_2': -3.5739403388617985, '73_2': 1.6849332456649064}}
Runtime (s): 42.90990876406431
