Launching Problin version 0.5b
Problin was called as follow: /u/gh2161/Spatial-Division/problin/run_problin.py -c intmem_real_data/s15c3/characters.txt -t intmem_real_data/s15c3/true_tree.nwk -S intmem_real_data/s15c3/leaf_locations.txt --delimiter comma -p intmem_real_data/s15c3/prior.csv -o intmem_real_data/s15c3/spalin-divide-beta7.txt --nInitials 10 --ultrametric --randomreps 3 --divide --radius 7
Optimization by Spalin-Divide: Scipy-SLSQP using spatial information
Optimizing branch lengths, phi, and nu without topology search
Initial point 1. Random seed: 9372
Solving with ultrametric constraint
Optimal point found for initial point 1
Negative llh: 72.20152757867429
Dropout rate: 1.2240910985400498e-10
Silencing rate: 1.0498032267410086e-10
Sigma: 0.9092814318738451
Lambda: 0.005927607752879801
Initial point 2. Random seed: 8484
Solving with ultrametric constraint
Optimal point found for initial point 2
Negative llh: 72.20152859653854
Dropout rate: 1e-10
Silencing rate: 1e-10
Sigma: 0.9092670288161978
Lambda: 0.005928109135808994
Initial point 3. Random seed: 6850
Solving with ultrametric constraint
Optimal point found for initial point 3
Negative llh: 72.20152977131887
Dropout rate: 1e-10
Silencing rate: 1e-10
Sigma: 0.9092703843405082
Lambda: 0.005928057071546447
Initial point 4. Random seed: 691
Solving with ultrametric constraint
Optimal point found for initial point 4
Negative llh: 72.20152753947013
Dropout rate: 1e-10
Silencing rate: 1e-10
Sigma: 0.9092571709800199
Lambda: 0.005927721278900021
Initial point 5. Random seed: 963
Solving with ultrametric constraint
Optimal point found for initial point 5
Negative llh: 72.20153119842878
Dropout rate: 1e-10
Silencing rate: 1e-10
Sigma: 0.9092706986616605
Lambda: 0.005928275908002103
Initial point 6. Random seed: 3773
Solving with ultrametric constraint
Optimal point found for initial point 6
Negative llh: 72.20152780898894
Dropout rate: 1.0201088195707349e-10
Silencing rate: 1e-10
Sigma: 0.9092400145357138
Lambda: 0.005927449273304543
Initial point 7. Random seed: 9864
Solving with ultrametric constraint
Optimal point found for initial point 7
Negative llh: 72.20152777307008
Dropout rate: 1e-10
Silencing rate: 1e-10
Sigma: 0.9091869363656829
Lambda: 0.005927263374141392
Initial point 8. Random seed: 2650
Solving with ultrametric constraint
Optimal point found for initial point 8
Negative llh: 72.20153030808925
Dropout rate: 1e-10
Silencing rate: 1.0000000000000002e-10
Sigma: 0.9092951645797877
Lambda: 0.0059280785736081625
Initial point 9. Random seed: 8226
Solving with ultrametric constraint
Optimal point found for initial point 9
Negative llh: 72.20153098679033
Dropout rate: 1e-10
Silencing rate: 1e-10
Sigma: 0.9093340799570913
Lambda: 0.0059283894349222085
Initial point 10. Random seed: 1130
Solving with ultrametric constraint
Optimal point found for initial point 10
Negative llh: 72.20153105727948
Dropout rate: 1e-10
Silencing rate: 1e-10
Sigma: 0.9092710296921287
Lambda: 0.005928107367839245
{'lambda_param': 0.005927721278900021, 'phi': 1e-10, 'nu': 1e-10, 'sigma': 0.9092571709800199, 'locations': {'216_8': (66.0, 146.0), '216_4': (66.0, 161.0), '216_3': (78.0, 172.0), '216_2': (46.0, 152.0), '216_1': (63.0, 197.0)}, 'radius': 7.0, 'thetas': {'166_3': 7.49278887674275, '169_5': 0.7419960682797482, '120_2': 2.710778514469836, '73_2': 1.6835561034613695}}
Runtime (s): 36.37444924376905
