Launching Problin version 0.5b
Problin was called as follow: /u/gh2161/Spatial-Division/problin/run_problin.py -c real_location_data/s5c12/k10_r5_character_matrix.csv -t real_location_data/s5c12/true_tree.nwk -S real_location_data/s5c12/leaf_locations.txt --delimiter comma -p real_location_data/s5c12/k10_priors.csv -o real_location_data/s5c12/k10_r5_spalin.txt --nInitials 10 --ultrametric --randomreps 3
Optimization by Spalin: Scipy-SLSQP using spatial information
Optimizing branch lengths, phi, and nu without topology search
Initial point 1. Random seed: 8417
Solving with ultrametric constraint
Optimal point found for initial point 1
Negative llh: 286.75937621648865
Dropout rate: 1e-10
Silencing rate: 1e-10
Sigma: 2.9323374847743633
Lambda: 0.004867803942956139
Initial point 2. Random seed: 6431
Solving with ultrametric constraint
Optimal point found for initial point 2
Negative llh: 286.75948444346454
Dropout rate: 1.0000000000000007e-10
Silencing rate: 1.0000000000000002e-10
Sigma: 2.9309934529896466
Lambda: 0.004874625199956969
Initial point 3. Random seed: 5985
Solving with ultrametric constraint
Optimal point found for initial point 3
Negative llh: 286.75994742954174
Dropout rate: 1e-10
Silencing rate: 1e-10
Sigma: 2.9317436312973664
Lambda: 0.004863342692259118
Initial point 4. Random seed: 1463
Solving with ultrametric constraint
Optimal point found for initial point 4
Negative llh: 286.7593541719645
Dropout rate: 3.8581109838375115e-10
Silencing rate: 1.8976338155399e-10
Sigma: 2.9332163481682563
Lambda: 0.004867396671943366
Initial point 5. Random seed: 939
Solving with ultrametric constraint
Optimal point found for initial point 5
Negative llh: 407.99803051018216
Dropout rate: 0.00016096396114621096
Silencing rate: 1.9675096087458097
Sigma: 9.859316208151373
Lambda: 0.00040484499685255093
Initial point 6. Random seed: 9652
Solving with ultrametric constraint
Optimal point found for initial point 6
Negative llh: 286.75935449025224
Dropout rate: 1e-10
Silencing rate: 1e-10
Sigma: 2.9325468963926324
Lambda: 0.004871014981369083
Initial point 7. Random seed: 1598
Solving with ultrametric constraint
Optimal point found for initial point 7
Negative llh: 286.7603238096654
Dropout rate: 4.0385259259896005e-09
Silencing rate: 1.0728652024925972e-08
Sigma: 2.9324353340597633
Lambda: 0.004874167538813486
Initial point 8. Random seed: 7934
Solving with ultrametric constraint
Optimal point found for initial point 8
Negative llh: 286.75937198587764
Dropout rate: 1.0000000000000007e-10
Silencing rate: 9.999999999999996e-11
Sigma: 2.9335229404680034
Lambda: 0.004875815987758524
Initial point 9. Random seed: 7372
Solving with ultrametric constraint
Optimal point found for initial point 9
Negative llh: 286.7595739803272
Dropout rate: 4.23742861992735e-10
Silencing rate: 1.9819147609870603e-10
Sigma: 2.933469633920573
Lambda: 0.00486752896591637
Initial point 10. Random seed: 8769
Solving with ultrametric constraint
Optimal point found for initial point 10
Negative llh: 286.75976620788185
Dropout rate: 1.0000000000000002e-10
Silencing rate: 1e-10
Sigma: 2.9332819963846544
Lambda: 0.00486749495314677
{'lambda_param': 0.004867396671943366, 'phi': 3.8581109838375115e-10, 'nu': 1.8976338155399e-10, 'sigma': 2.9332163481682563, 'locations': {'216_4': (143.0, 314.0), '216_3': (131.0, 317.0), '216_2': (119.0, 300.0), '216_1': (130.0, 303.0), '216_30': (182.0, 267.0), '216_29': (176.0, 293.0), '216_28': (169.0, 305.0), '216_27': (163.0, 319.0), '216_26': (213.0, 303.0), '216_25': (195.0, 320.0), '216_24': (129.0, 275.0), '216_23': (140.0, 291.0), '216_22': (181.0, 315.0), '216_21': (152.0, 324.0), '216_16': (155.0, 273.0), '216_15': (139.0, 279.0), '216_14': (127.0, 291.0), '216_13': (99.0, 293.0), '216_17': (151.0, 299.0), '216_20': (201.0, 288.0), '216_19': (192.0, 306.0), '216_8': (159.0, 263.0), '216_7': (168.0, 279.0), '216_6': (198.0, 269.0), '216_5': (189.0, 293.0), '216_9': (190.0, 334.0), '216_12': (209.0, 280.0)}}
Runtime (s): 1272.5602965597063
