Launching Problin version 0.5b
Problin was called as follow: /u/gh2161/Spatial-Division/problin/run_problin.py -c real_location_data/s5c12/k10_r5_character_matrix.csv -t real_location_data/s5c12/true_tree.nwk -S real_location_data/s5c12/leaf_locations.txt --delimiter comma -p real_location_data/s5c12/k10_priors.csv -o real_location_data/s5c12/k10_r5_spalin-divide-ignore-beta.txt --nInitials 10 --ultrametric --randomreps 3 --divide
Optimization by Spalin-Divide: Scipy-SLSQP using spatial information
Optimizing branch lengths, phi, and nu without topology search
We need to optimize the radius
Initial point 1. Random seed: 2001
Solving with ultrametric constraint
Optimal point found for initial point 1
Negative llh: 272.00104189698027
Dropout rate: 1.899799991895028e-09
Silencing rate: 1.0026160170057644e-10
Sigma: 0.9843478213418867
Lambda: 0.004738233447689014
Initial point 2. Random seed: 2081
Solving with ultrametric constraint
Optimal point found for initial point 2
Negative llh: 272.0009459903778
Dropout rate: 9.999999999999924e-11
Silencing rate: 1e-10
Sigma: 0.9842891779074818
Lambda: 0.0047387742275197785
Initial point 3. Random seed: 7083
Solving with ultrametric constraint
Optimal point found for initial point 3
Negative llh: 299.25405495604605
Dropout rate: 1e-10
Silencing rate: 1e-10
Sigma: 1.1431661329684693
Lambda: 0.014283866367632394
Initial point 4. Random seed: 7979
Solving with ultrametric constraint
Optimal point found for initial point 4
Negative llh: 272.00073284362935
Dropout rate: 2.1913120502255934e-09
Silencing rate: 1e-10
Sigma: 0.9843059624231517
Lambda: 0.004738232969045694
Initial point 5. Random seed: 7926
Solving with ultrametric constraint
Optimal point found for initial point 5
Negative llh: 272.0012173781149
Dropout rate: 3.1716768201805903e-09
Silencing rate: 1.0098330367468194e-10
Sigma: 0.9847344121439908
Lambda: 0.004739505116527343
Initial point 6. Random seed: 7092
Solving with ultrametric constraint
Optimal point found for initial point 6
Negative llh: 272.0010097320021
Dropout rate: 3.739130617420843e-09
Silencing rate: 1.0980587509097837e-09
Sigma: 0.9844488255068949
Lambda: 0.004737486286325578
Initial point 7. Random seed: 6254
Solving with ultrametric constraint
Optimal point found for initial point 7
Negative llh: 272.00096617670687
Dropout rate: 1.0000000000000007e-10
Silencing rate: 1e-10
Sigma: 0.9842291454214375
Lambda: 0.004737810100194768
Initial point 8. Random seed: 9187
Solving with ultrametric constraint
Optimal point found for initial point 8
Negative llh: 272.00136344841985
Dropout rate: 9.999999999999924e-11
Silencing rate: 1.0000000000000007e-10
Sigma: 0.9843690861887271
Lambda: 0.004737717874332558
Initial point 9. Random seed: 7937
Solving with ultrametric constraint
Optimal point found for initial point 9
Negative llh: 272.0010273723478
Dropout rate: 1.0000000000000007e-10
Silencing rate: 1.0000000000000007e-10
Sigma: 0.9846004203683749
Lambda: 0.004741993226169717
Initial point 10. Random seed: 9123
Solving with ultrametric constraint
Optimal point found for initial point 10
Negative llh: 272.00109499261293
Dropout rate: 1.0000000000000007e-10
Silencing rate: 1e-10
Sigma: 0.9837794933725879
Lambda: 0.0047367627151849645
{'lambda_param': 0.004738232969045694, 'phi': 2.1913120502255934e-09, 'nu': 1e-10, 'sigma': 0.9843059624231517, 'locations': {'216_4': (143.0, 314.0), '216_3': (131.0, 317.0), '216_2': (119.0, 300.0), '216_1': (130.0, 303.0), '216_30': (182.0, 267.0), '216_29': (176.0, 293.0), '216_28': (169.0, 305.0), '216_27': (163.0, 319.0), '216_26': (213.0, 303.0), '216_25': (195.0, 320.0), '216_24': (129.0, 275.0), '216_23': (140.0, 291.0), '216_22': (181.0, 315.0), '216_21': (152.0, 324.0), '216_16': (155.0, 273.0), '216_15': (139.0, 279.0), '216_14': (127.0, 291.0), '216_13': (99.0, 293.0), '216_17': (151.0, 299.0), '216_20': (201.0, 288.0), '216_19': (192.0, 306.0), '216_8': (159.0, 263.0), '216_7': (168.0, 279.0), '216_6': (198.0, 269.0), '216_5': (189.0, 293.0), '216_9': (190.0, 334.0), '216_12': (209.0, 280.0)}, 'radius': 13.132193697500956, 'thetas': {'162_5': -1.2324577644946029, '204_3': 1.9295646091792413, '205_5': 1.0584036189290056, '165_5': 0.3278547093719864, '124_5': 7.250873493960502, '209_16': 2.034445514138509, '169_10': 6.242668477915749, '205_10': 3.0702845373654606, '213_14': 2.7828207712314215, '170_9': 2.690358656633478, '129_7': 6.611790245959463, '85_3': 0.021596916894962608, '176_13': 2.840673546399803, '180_15': 7.2516889817509895, '130_9': 0.8556561352270139, '209_21': 2.3847622765340475, '213_24': 1.9757188543580972, '172_15': -0.03153560216009317, '178_18': 1.7975938573200685, '132_11': 7.700192867143344, '86_5': 3.0832579519681658, '42_2': -0.8655461815019726, '207_1': 0.26626156141989377, '213_3': 9.179786162701404, '163_3': -2.3018376113622536, 'virtual': 5.949027175581136}}
Runtime (s): 2293.684410765767
