Launching Problin version 0.5b
Problin was called as follow: /u/gh2161/Spatial-Division/problin/run_problin.py -c real_location_data/s5c12/k10_r4_character_matrix.csv -t real_location_data/s5c12/true_tree.nwk -S real_location_data/s5c12/leaf_locations.txt --delimiter comma -p real_location_data/s5c12/k10_priors.csv -o real_location_data/s5c12/k10_r4_spalin-divide-beta2.txt --nInitials 10 --ultrametric --randomreps 3 --divide --given_beta 2 --incl_beta_bound
Optimization by Spalin-Divide: Scipy-SLSQP using spatial information
Optimizing branch lengths, phi, and nu without topology search
Initial point 1. Random seed: 4620
Solving with ultrametric constraint
Optimal point found for initial point 1
Negative llh: 330.4419843842202
Dropout rate: 3.8002864124306414e-10
Silencing rate: 5.152691263092143e-10
Sigma: 4.831790399685768
Initial point 2. Random seed: 2700
Solving with ultrametric constraint
Fatal: failed to optimize using initial point 2
Initial point 3. Random seed: 8008
Solving with ultrametric constraint
Optimal point found for initial point 3
Negative llh: 330.4419961287674
Dropout rate: 1e-10
Silencing rate: 1e-10
Sigma: 4.831787965619495
Initial point 4. Random seed: 8943
Solving with ultrametric constraint
Optimal point found for initial point 4
Negative llh: 330.4419841616336
Dropout rate: 1.2762754703310471e-10
Silencing rate: 1.1726484308625403e-10
Sigma: 4.831802322800108
Initial point 5. Random seed: 3584
Solving with ultrametric constraint
Fatal: failed to optimize using initial point 5
Initial point 6. Random seed: 7874
Solving with ultrametric constraint
Optimal point found for initial point 6
Negative llh: 330.4419945321483
Dropout rate: 1.200837956404424e-09
Silencing rate: 7.879109635672031e-10
Sigma: 4.831825360026776
Initial point 7. Random seed: 6150
Solving with ultrametric constraint
Optimal point found for initial point 7
Negative llh: 330.4419852854722
Dropout rate: 8.414567358704696e-10
Silencing rate: 5.777685452869029e-10
Sigma: 4.831817799982349
Initial point 8. Random seed: 6242
Solving with ultrametric constraint
Optimal point found for initial point 8
Negative llh: 330.4419915503549
Dropout rate: 4.800268814818167e-10
Silencing rate: 3.3750089394949363e-10
Sigma: 4.8317529483591795
Initial point 9. Random seed: 8384
Solving with ultrametric constraint
Optimal point found for initial point 9
Negative llh: 330.4419813561488
Dropout rate: 1.0000000000000002e-10
Silencing rate: 1.0000000000000007e-10
Sigma: 4.831872884386912
Initial point 10. Random seed: 4349
Solving with ultrametric constraint
Optimal point found for initial point 10
Negative llh: 330.4419816909716
Dropout rate: 1.5803514413486786e-10
Silencing rate: 1.3625916770482676e-10
Sigma: 4.831797884631769
Runtime (s): 2987.499225694686
