Launching Problin version 0.5b
Problin was called as follow: /u/gh2161/Spatial-Division/problin/run_problin.py -c real_location_data/s5c12/k10_r4_character_matrix.csv -t real_location_data/s5c12/true_tree.nwk -S real_location_data/s5c12/leaf_locations.txt --delimiter comma -p real_location_data/s5c12/k10_priors.csv -o real_location_data/s5c12/k10_r4_spalin-divide-beta20.txt --nInitials 10 --ultrametric --randomreps 3 --divide --given_beta 20 --incl_beta_bound
Optimization by Spalin-Divide: Scipy-SLSQP using spatial information
Optimizing branch lengths, phi, and nu without topology search
Initial point 1. Random seed: 1953
Solving with ultrametric constraint
Optimal point found for initial point 1
Negative llh: 309.6817454438516
Dropout rate: 1.3537192924665592e-10
Silencing rate: 1.2437774817890033e-10
Sigma: 3.3960366754914695
Initial point 2. Random seed: 9944
Solving with ultrametric constraint
Optimal point found for initial point 2
Negative llh: 309.681779299946
Dropout rate: 1.0000000000000007e-10
Silencing rate: 1.0000000000000007e-10
Sigma: 3.3957023059844595
Initial point 3. Random seed: 2605
Solving with ultrametric constraint
Fatal: failed to optimize using initial point 3
Initial point 4. Random seed: 8636
Solving with ultrametric constraint
Optimal point found for initial point 4
Negative llh: 309.6817899240208
Dropout rate: 1.0000000000000002e-10
Silencing rate: 1e-10
Sigma: 3.396275638013649
Initial point 5. Random seed: 9375
Solving with ultrametric constraint
Optimal point found for initial point 5
Negative llh: 309.68175063292114
Dropout rate: 1.0000000000000002e-10
Silencing rate: 1.0000000000000002e-10
Sigma: 3.396071214001497
Initial point 6. Random seed: 5354
Solving with ultrametric constraint
Optimal point found for initial point 6
Negative llh: 309.68175762938256
Dropout rate: 7.636732937944036e-10
Silencing rate: 6.076479554183166e-10
Sigma: 3.3960276364630997
Initial point 7. Random seed: 1262
Solving with ultrametric constraint
Optimal point found for initial point 7
Negative llh: 309.68175290395834
Dropout rate: 1.0000000000000002e-10
Silencing rate: 1.0000000000000002e-10
Sigma: 3.3959346533445776
Initial point 8. Random seed: 1088
Solving with ultrametric constraint
Optimal point found for initial point 8
Negative llh: 309.6817567397507
Dropout rate: 1.440797848700659e-10
Silencing rate: 1.2612327856195023e-10
Sigma: 3.3960370190763687
Initial point 9. Random seed: 7012
Solving with ultrametric constraint
Optimal point found for initial point 9
Negative llh: 309.6817576603512
Dropout rate: 2.574980033508221e-10
Silencing rate: 2.085436393736887e-10
Sigma: 3.395951405597177
Initial point 10. Random seed: 7930
Solving with ultrametric constraint
Optimal point found for initial point 10
Negative llh: 309.6817465884188
Dropout rate: 1e-10
Silencing rate: 1e-10
Sigma: 3.396065807244802
Runtime (s): 6934.539163048961
