Launching Problin version 0.5b
Problin was called as follow: /u/gh2161/Spatial-Division/problin/run_problin.py -c real_location_data/s5c5/k10_r4_character_matrix.csv -t real_location_data/s5c5/true_tree.nwk -S real_location_data/s5c5/leaf_locations.txt --delimiter comma -p real_location_data/s5c5/k10_priors.csv -o real_location_data/s5c5/k10_r4_spalin-divide-beta6.txt --nInitials 10 --ultrametric --randomreps 3 --divide --given_beta 6 --incl_beta_bound
Optimization by Spalin-Divide: Scipy-SLSQP using spatial information
Optimizing branch lengths, phi, and nu without topology search
Initial point 1. Random seed: 5849
Solving with ultrametric constraint
Optimal point found for initial point 1
Negative llh: 167.6182369971687
Dropout rate: 9.999999999999996e-11
Silencing rate: 1.0000000000000002e-10
Sigma: 4.201673380889638
Initial point 2. Random seed: 1821
Solving with ultrametric constraint
Optimal point found for initial point 2
Negative llh: 167.61823660045522
Dropout rate: 1.0202701739025546e-10
Silencing rate: 1.0081530897560645e-10
Sigma: 4.201623779427456
Initial point 3. Random seed: 3121
Solving with ultrametric constraint
Optimal point found for initial point 3
Negative llh: 167.61823762682116
Dropout rate: 1e-10
Silencing rate: 1e-10
Sigma: 4.20168182076418
Initial point 4. Random seed: 1252
Solving with ultrametric constraint
Optimal point found for initial point 4
Negative llh: 167.6182368925554
Dropout rate: 1.0704388378776924e-10
Silencing rate: 1.0283334131791811e-10
Sigma: 4.2016356325738915
Initial point 5. Random seed: 6587
Solving with ultrametric constraint
Optimal point found for initial point 5
Negative llh: 167.61823667297082
Dropout rate: 1.0000000000000002e-10
Silencing rate: 1.0000000000000002e-10
Sigma: 4.201624076300705
Initial point 6. Random seed: 6846
Solving with ultrametric constraint
Optimal point found for initial point 6
Negative llh: 167.61823784160546
Dropout rate: 1.0000000000000007e-10
Silencing rate: 9.999999999999996e-11
Sigma: 4.201648128406321
Initial point 7. Random seed: 4367
Solving with ultrametric constraint
Optimal point found for initial point 7
Negative llh: 167.61823674451992
Dropout rate: 1e-10
Silencing rate: 1e-10
Sigma: 4.201603940927394
Initial point 8. Random seed: 2901
Solving with ultrametric constraint
Optimal point found for initial point 8
Negative llh: 167.6182366166894
Dropout rate: 1.439849824137677e-10
Silencing rate: 1.1769506945398312e-10
Sigma: 4.201629276662062
Initial point 9. Random seed: 7836
Solving with ultrametric constraint
Optimal point found for initial point 9
Negative llh: 167.6182366270123
Dropout rate: 1.581909607793322e-10
Silencing rate: 1.9939097460893695e-10
Sigma: 4.201625251706653
Initial point 10. Random seed: 9364
Solving with ultrametric constraint
Optimal point found for initial point 10
Negative llh: 167.61823660079108
Dropout rate: 1e-10
Silencing rate: 1e-10
Sigma: 4.2016216652061935
Runtime (s): 489.0212167520076
