Launching Problin version 0.5b
Problin was called as follow: /u/gh2161/Spatial-Division/problin/run_problin.py -c real_location_data/s5c5/k10_r1_character_matrix.csv -t real_location_data/s5c5/true_tree.nwk -S real_location_data/s5c5/leaf_locations.txt --delimiter comma -p real_location_data/s5c5/k10_priors.csv -o real_location_data/s5c5/k10_r1_spalin-divide-beta20.txt --nInitials 10 --ultrametric --randomreps 3 --divide --given_beta 20 --incl_beta_bound
Optimization by Spalin-Divide: Scipy-SLSQP using spatial information
Optimizing branch lengths, phi, and nu without topology search
Initial point 1. Random seed: 1485
Solving with ultrametric constraint
Optimal point found for initial point 1
Negative llh: 179.12384571814826
Dropout rate: 4.502227261352795e-10
Silencing rate: 2.1309041245497905e-10
Sigma: 3.889156728186947
Initial point 2. Random seed: 5924
Solving with ultrametric constraint
Optimal point found for initial point 2
Negative llh: 179.12384495084933
Dropout rate: 2.0470439207682743e-10
Silencing rate: 1.5276445875372217e-10
Sigma: 3.889210577848488
Initial point 3. Random seed: 2513
Solving with ultrametric constraint
Optimal point found for initial point 3
Negative llh: 179.12384597418554
Dropout rate: 9.999999999999996e-11
Silencing rate: 9.999999999999996e-11
Sigma: 3.889177239940724
Initial point 4. Random seed: 4267
Solving with ultrametric constraint
Optimal point found for initial point 4
Negative llh: 179.1238530810737
Dropout rate: 1e-10
Silencing rate: 1e-10
Sigma: 3.8891109352178894
Initial point 5. Random seed: 4477
Solving with ultrametric constraint
Optimal point found for initial point 5
Negative llh: 179.12384942018468
Dropout rate: 1.0000000000000007e-10
Silencing rate: 1.0000000000000002e-10
Sigma: 3.8891322706123383
Initial point 6. Random seed: 955
Solving with ultrametric constraint
Optimal point found for initial point 6
Negative llh: 179.12384981004632
Dropout rate: 3.6835000656034517e-10
Silencing rate: 2.252883313860198e-10
Sigma: 3.8891380008356853
Initial point 7. Random seed: 4409
Solving with ultrametric constraint
Optimal point found for initial point 7
Negative llh: 179.12384422577935
Dropout rate: 1e-10
Silencing rate: 1e-10
Sigma: 3.889172687598604
Initial point 8. Random seed: 4801
Solving with ultrametric constraint
Optimal point found for initial point 8
Negative llh: 179.12384455409844
Dropout rate: 1.0000000000000007e-10
Silencing rate: 9.999999999999996e-11
Sigma: 3.8891806289390636
Initial point 9. Random seed: 9691
Solving with ultrametric constraint
Optimal point found for initial point 9
Negative llh: 179.1238880086854
Dropout rate: 3.990894292024863e-10
Silencing rate: 2.4374193551611295e-10
Sigma: 3.8890412615334546
Initial point 10. Random seed: 8671
Solving with ultrametric constraint
Optimal point found for initial point 10
Negative llh: 179.123846288578
Dropout rate: 1.189063794538276e-09
Silencing rate: 6.702576597606799e-10
Sigma: 3.889195153204961
Runtime (s): 972.2625394529896
