Launching Problin version 0.5b
Problin was called as follow: /u/gh2161/Spatial-Division/problin/run_problin.py -c real_location_data/s5c5/k10_r2_character_matrix.csv -t real_location_data/s5c5/true_tree.nwk -S real_location_data/s5c5/leaf_locations.txt --delimiter comma -p real_location_data/s5c5/k10_priors.csv -o real_location_data/s5c5/k10_r2_spalin-divide-beta05.txt --nInitials 10 --ultrametric --randomreps 3 --divide --radius 0.5
Optimization by Spalin-Divide: Scipy-SLSQP using spatial information
Optimizing branch lengths, phi, and nu without topology search
Initial point 1. Random seed: 2468
Solving with ultrametric constraint
Optimal point found for initial point 1
Negative llh: 295933.590616734
Dropout rate: 7.845895047353755e-07
Silencing rate: 0.044514309675473145
Sigma: 12.132240742461821
Initial point 2. Random seed: 3443
Solving with ultrametric constraint
Optimal point found for initial point 2
Negative llh: 198.48913430535617
Dropout rate: 1.0000000000000007e-10
Silencing rate: 1e-10
Sigma: 1.3731421585514083
Initial point 3. Random seed: 3885
Solving with ultrametric constraint
Optimal point found for initial point 3
Negative llh: 198.48906555163285
Dropout rate: 1.6375831014218488e-10
Silencing rate: 1.266100816499327e-10
Sigma: 1.372937729919716
Initial point 4. Random seed: 8606
Solving with ultrametric constraint
Optimal point found for initial point 4
Negative llh: 349759.84392582404
Dropout rate: 8.036220020361728e-07
Silencing rate: 0.2280528858478193
Sigma: 11.13997146704774
Initial point 5. Random seed: 9877
Solving with ultrametric constraint
Optimal point found for initial point 5
Negative llh: 198.4891993257423
Dropout rate: 4.476755682827952e-10
Silencing rate: 1.3553420051563042e-10
Sigma: 1.3730181383613251
Initial point 6. Random seed: 4728
Solving with ultrametric constraint
Optimal point found for initial point 6
Negative llh: 198.4890702564167
Dropout rate: 1.6181268226172387e-10
Silencing rate: 1.2737209650079796e-10
Sigma: 1.3730894147980632
Initial point 7. Random seed: 4648
Solving with ultrametric constraint
Optimal point found for initial point 7
Negative llh: 198.48920908553862
Dropout rate: 1e-10
Silencing rate: 1e-10
Sigma: 1.3731145416146298
Initial point 8. Random seed: 2822
Solving with ultrametric constraint
Optimal point found for initial point 8
Negative llh: 198.4894381424617
Dropout rate: 2.734961043146845e-10
Silencing rate: 1.3094783710221544e-10
Sigma: 1.3724560897575475
Initial point 9. Random seed: 1907
Solving with ultrametric constraint
Optimal point found for initial point 9
Negative llh: 198.48906071666835
Dropout rate: 1e-10
Silencing rate: 1e-10
Sigma: 1.3730778030739907
Initial point 10. Random seed: 9446
Solving with ultrametric constraint
Optimal point found for initial point 10
Negative llh: 198.48916429680492
Dropout rate: 6.055249578281168e-10
Silencing rate: 1.0629042982989922e-10
Sigma: 1.372992308144893
Runtime (s): 341.17304663546383
