Launching Problin version 0.5b
Problin was called as follow: /u/gh2161/Spatial-Division/problin/run_problin.py -c real_location_data/s5c5/k10_r3_character_matrix.csv -t real_location_data/s5c5/true_tree.nwk -S real_location_data/s5c5/leaf_locations.txt --delimiter comma -p real_location_data/s5c5/k10_priors.csv -o real_location_data/s5c5/k10_r3_spalin-divide-ignore-beta.txt --nInitials 10 --ultrametric --randomreps 3 --divide
Optimization by Spalin-Divide: Scipy-SLSQP using spatial information
Optimizing branch lengths, phi, and nu without topology search
We need to optimize the radius
Initial point 1. Random seed: 6185
Solving with ultrametric constraint
Optimal point found for initial point 1
Negative llh: 162.34611572491647
Dropout rate: 1e-10
Silencing rate: 1e-10
Sigma: 0.8967287444318613
Lambda: 0.004505564072807075
Initial point 2. Random seed: 138
Solving with ultrametric constraint
Optimal point found for initial point 2
Negative llh: 162.3461158382568
Dropout rate: 9.999999999999996e-11
Silencing rate: 1e-10
Sigma: 0.896726711238273
Lambda: 0.00450576268784717
Initial point 3. Random seed: 1426
Solving with ultrametric constraint
Optimal point found for initial point 3
Negative llh: 162.34651077879516
Dropout rate: 3.504795276444493e-10
Silencing rate: 1.0000104088410153e-10
Sigma: 0.896580154685044
Lambda: 0.004499963759404439
Initial point 4. Random seed: 4369
Solving with ultrametric constraint
Optimal point found for initial point 4
Negative llh: 162.34629891009251
Dropout rate: 1.0000000000000007e-10
Silencing rate: 1.0000000000000007e-10
Sigma: 0.8967318265022284
Lambda: 0.004512440066757784
Initial point 5. Random seed: 5480
Solving with ultrametric constraint
Optimal point found for initial point 5
Negative llh: 162.3471485991106
Dropout rate: 1e-10
Silencing rate: 1.0114182899367786e-10
Sigma: 0.8977702473284962
Lambda: 0.004543173838089384
Initial point 6. Random seed: 7212
Solving with ultrametric constraint
Optimal point found for initial point 6
Negative llh: 162.34690752119334
Dropout rate: 6.577660885815692e-10
Silencing rate: 3.0736512382468377e-10
Sigma: 0.8970213437869292
Lambda: 0.004512980311716094
Initial point 7. Random seed: 5204
Solving with ultrametric constraint
Optimal point found for initial point 7
Negative llh: 15855.475226074725
Dropout rate: 2.3947032653646483e-05
Silencing rate: 1.880037516530133e-10
Sigma: 1.1408108931472403
Lambda: 7.675941536346125
Initial point 8. Random seed: 7038
Solving with ultrametric constraint
Optimal point found for initial point 8
Negative llh: 162.34611581302278
Dropout rate: 1e-10
Silencing rate: 1.0003348797603958e-10
Sigma: 0.8967432871168668
Lambda: 0.004505797257410806
Initial point 9. Random seed: 6255
Solving with ultrametric constraint
Optimal point found for initial point 9
Negative llh: 162.34632018533574
Dropout rate: 1.0000000000000002e-10
Silencing rate: 1e-10
Sigma: 0.897165306611758
Lambda: 0.0045187996862237545
Initial point 10. Random seed: 4331
Solving with ultrametric constraint
Optimal point found for initial point 10
Negative llh: 162.3461644260289
Dropout rate: 2.8862628075151617e-10
Silencing rate: 1.6565227969115218e-10
Sigma: 0.8966942320805481
Lambda: 0.004503070630163399
{'lambda_param': 0.004505564072807075, 'phi': 1e-10, 'nu': 1e-10, 'sigma': 0.8967287444318613, 'locations': {'216_4': (386.0, 236.0), '216_3': (400.0, 242.0), '216_6': (388.0, 210.0), '216_5': (402.0, 228.0), '216_2': (371.0, 246.0), '216_1': (361.0, 268.0), '216_12': (341.0, 302.0), '216_14': (338.0, 262.0), '216_13': (346.0, 268.0), '216_15': (330.0, 254.0), '216_11': (379.0, 261.0), '216_10': (373.0, 283.0), '216_8': (374.0, 305.0), '216_7': (386.0, 317.0)}, 'radius': 11.753855753589608, 'thetas': {'181_9': 8.120245355326663, '214_7': 0.7853983185924915, '127_3': 4.664703033988186, '213_12': 0.643532669380347, '177_9': -1.5520116590642294, '130_5': 1.251360724872136, '80_2': 6.822543041919726, '183_6': 7.192935126974403, '185_5': 0.40490666414167004, '141_3': -1.4865158737002095, '178_1': 1.9974260916586297, '88_1': 5.483654848851378, '35_1': 2.0397377317074334}}
Runtime (s): 575.5180171784014
