Launching Problin version 0.5b
Problin was called as follow: /u/gh2161/Spatial-Division/problin/run_problin.py -c real_location_data/s5c5/k10_r3_character_matrix.csv -t real_location_data/s5c5/true_tree.nwk -S real_location_data/s5c5/leaf_locations.txt --delimiter comma -p real_location_data/s5c5/k10_priors.csv -o real_location_data/s5c5/k10_r3_spalin-divide-beta8.txt --nInitials 10 --ultrametric --randomreps 3 --divide --given_beta 8 --incl_beta_bound
Optimization by Spalin-Divide: Scipy-SLSQP using spatial information
Optimizing branch lengths, phi, and nu without topology search
Initial point 1. Random seed: 759
Solving with ultrametric constraint
Optimal point found for initial point 1
Negative llh: 165.57686818709993
Dropout rate: 1e-10
Silencing rate: 1e-10
Sigma: 3.8043317051717005
Initial point 2. Random seed: 2541
Solving with ultrametric constraint
Optimal point found for initial point 2
Negative llh: 165.57687666921933
Dropout rate: 1e-10
Silencing rate: 1e-10
Sigma: 3.8044969791034755
Initial point 3. Random seed: 4597
Solving with ultrametric constraint
Optimal point found for initial point 3
Negative llh: 165.57686833236477
Dropout rate: 5.875496899813988e-10
Silencing rate: 3.823244678922152e-10
Sigma: 3.8043342513965426
Initial point 4. Random seed: 7877
Solving with ultrametric constraint
Optimal point found for initial point 4
Negative llh: 165.576868165382
Dropout rate: 1.0079189808330606e-10
Silencing rate: 1.0030956739073955e-10
Sigma: 3.804323497343535
Initial point 5. Random seed: 1993
Solving with ultrametric constraint
Optimal point found for initial point 5
Negative llh: 165.57687007722672
Dropout rate: 1.0000000000000002e-10
Silencing rate: 1.0000000000000002e-10
Sigma: 3.804284915966349
Initial point 6. Random seed: 6768
Solving with ultrametric constraint
Optimal point found for initial point 6
Negative llh: 165.57686838297852
Dropout rate: 1.1016069960006637e-10
Silencing rate: 1.0396740418263497e-10
Sigma: 3.804332274331451
Initial point 7. Random seed: 1418
Solving with ultrametric constraint
Optimal point found for initial point 7
Negative llh: 165.57686820670585
Dropout rate: 1.0143321557452325e-10
Silencing rate: 1.0055987955376937e-10
Sigma: 3.8043026692808275
Initial point 8. Random seed: 1977
Solving with ultrametric constraint
Optimal point found for initial point 8
Negative llh: 165.57686950428624
Dropout rate: 3.3599756302059204e-10
Silencing rate: 2.0762167140182097e-10
Sigma: 3.8043403013677297
Initial point 9. Random seed: 8565
Solving with ultrametric constraint
Optimal point found for initial point 9
Negative llh: 165.57686834202033
Dropout rate: 1.289858952033322e-10
Silencing rate: 1.113213926243587e-10
Sigma: 3.8043389875853393
Initial point 10. Random seed: 1667
Solving with ultrametric constraint
Optimal point found for initial point 10
Negative llh: 165.57686817729774
Dropout rate: 1e-10
Silencing rate: 1e-10
Sigma: 3.804329802704368
Runtime (s): 833.0625054578995
