Launching Problin version 0.5b
Problin was called as follow: /u/gh2161/Spatial-Division/problin/run_problin.py -c real_location_data/s5c5/k10_r3_character_matrix.csv -t real_location_data/s5c5/true_tree.nwk -S real_location_data/s5c5/leaf_locations.txt --delimiter comma -p real_location_data/s5c5/k10_priors.csv -o real_location_data/s5c5/k10_r3_spalin-divide-beta9.txt --nInitials 10 --ultrametric --randomreps 3 --divide --given_beta 9 --incl_beta_bound
Optimization by Spalin-Divide: Scipy-SLSQP using spatial information
Optimizing branch lengths, phi, and nu without topology search
Initial point 1. Random seed: 4884
Solving with ultrametric constraint
Optimal point found for initial point 1
Negative llh: 163.9250447478811
Dropout rate: 7.944284065583155e-10
Silencing rate: 8.758503146032535e-10
Sigma: 3.7305490408332553
Initial point 2. Random seed: 1504
Solving with ultrametric constraint
Optimal point found for initial point 2
Negative llh: 163.92501635015282
Dropout rate: 1.0559072382205302e-09
Silencing rate: 5.597142116020415e-10
Sigma: 3.7305969016935125
Initial point 3. Random seed: 1871
Solving with ultrametric constraint
Optimal point found for initial point 3
Negative llh: 163.92501626152693
Dropout rate: 1.0000000000000002e-10
Silencing rate: 1e-10
Sigma: 3.7305974026407105
Initial point 4. Random seed: 2783
Solving with ultrametric constraint
Optimal point found for initial point 4
Negative llh: 163.9250182570309
Dropout rate: 1e-10
Silencing rate: 1e-10
Sigma: 3.7306582870434433
Initial point 5. Random seed: 5521
Solving with ultrametric constraint
Optimal point found for initial point 5
Negative llh: 163.92501612997188
Dropout rate: 1e-10
Silencing rate: 1e-10
Sigma: 3.730595445269995
Initial point 6. Random seed: 3489
Solving with ultrametric constraint
Optimal point found for initial point 6
Negative llh: 163.92501796132666
Dropout rate: 2.160520077514597e-10
Silencing rate: 1.385094131545398e-10
Sigma: 3.730704642409161
Initial point 7. Random seed: 4585
Solving with ultrametric constraint
Optimal point found for initial point 7
Negative llh: 163.9250186292029
Dropout rate: 9.531227178562068e-10
Silencing rate: 3.9228304587015376e-10
Sigma: 3.730622847035673
Initial point 8. Random seed: 8067
Solving with ultrametric constraint
Optimal point found for initial point 8
Negative llh: 163.9250167484347
Dropout rate: 1.8120449363761561e-10
Silencing rate: 1.5534241708098623e-10
Sigma: 3.7305472622730225
Initial point 9. Random seed: 3560
Solving with ultrametric constraint
Optimal point found for initial point 9
Negative llh: 163.92501617758336
Dropout rate: 1.0000000000000002e-10
Silencing rate: 1e-10
Sigma: 3.7305957893727277
Initial point 10. Random seed: 4819
Solving with ultrametric constraint
Optimal point found for initial point 10
Negative llh: 163.9250161398156
Dropout rate: 1.3837289832021295e-10
Silencing rate: 1.1426093143627242e-10
Sigma: 3.7305995363020825
Runtime (s): 462.46560537070036
