Launching Problin version 0.5b
Problin was called as follow: /u/gh2161/Spatial-Division/problin/run_problin.py -c real_location_data/s5c5/k10_r5_character_matrix.csv -t real_location_data/s5c5/true_tree.nwk -S real_location_data/s5c5/leaf_locations.txt --delimiter comma -p real_location_data/s5c5/k10_priors.csv -o real_location_data/s5c5/k10_r5_spalin-divide-beta20.txt --nInitials 10 --ultrametric --randomreps 3 --divide --given_beta 20 --incl_beta_bound
Optimization by Spalin-Divide: Scipy-SLSQP using spatial information
Optimizing branch lengths, phi, and nu without topology search
Initial point 1. Random seed: 6838
Solving with ultrametric constraint
Optimal point found for initial point 1
Negative llh: 175.84662774098666
Dropout rate: 1e-10
Silencing rate: 1e-10
Sigma: 3.841441095604997
Initial point 2. Random seed: 3378
Solving with ultrametric constraint
Optimal point found for initial point 2
Negative llh: 175.84662527599767
Dropout rate: 1.8715214090097103e-10
Silencing rate: 1.5483154082424154e-10
Sigma: 3.8416074024882536
Initial point 3. Random seed: 1722
Solving with ultrametric constraint
Optimal point found for initial point 3
Negative llh: 175.84662533806443
Dropout rate: 2.858370789200406e-10
Silencing rate: 1.7716106021542565e-10
Sigma: 3.841470399785882
Initial point 4. Random seed: 9688
Solving with ultrametric constraint
Optimal point found for initial point 4
Negative llh: 175.84662453989114
Dropout rate: 1e-10
Silencing rate: 1e-10
Sigma: 3.84155094877891
Initial point 5. Random seed: 3763
Solving with ultrametric constraint
Optimal point found for initial point 5
Negative llh: 175.8466290464875
Dropout rate: 1e-10
Silencing rate: 1e-10
Sigma: 3.841677183603424
Initial point 6. Random seed: 2072
Solving with ultrametric constraint
Optimal point found for initial point 6
Negative llh: 175.84662601936742
Dropout rate: 1.0000000000000002e-10
Silencing rate: 1e-10
Sigma: 3.84162997856063
Initial point 7. Random seed: 2774
Solving with ultrametric constraint
Optimal point found for initial point 7
Negative llh: 175.84662474095833
Dropout rate: 1e-10
Silencing rate: 1e-10
Sigma: 3.8415597529584895
Initial point 8. Random seed: 5550
Solving with ultrametric constraint
Optimal point found for initial point 8
Negative llh: 175.84663625185084
Dropout rate: 1.0291720084024393e-09
Silencing rate: 4.2447482520261507e-10
Sigma: 3.841570855266504
Initial point 9. Random seed: 6537
Solving with ultrametric constraint
Optimal point found for initial point 9
Negative llh: 175.8466405056111
Dropout rate: 9.999999999999996e-11
Silencing rate: 1.0000000000000002e-10
Sigma: 3.841426885522385
Initial point 10. Random seed: 2239
Solving with ultrametric constraint
Optimal point found for initial point 10
Negative llh: 175.84662432482807
Dropout rate: 1.2482131281829036e-10
Silencing rate: 1.1214837839092988e-10
Sigma: 3.8416088506681914
Runtime (s): 883.7619783245027
