Launching Problin version 0.5b
Problin was called as follow: /u/gh2161/Spatial-Division/problin/run_problin.py -c real_location_data/s16c6/k10_r4_character_matrix.csv -t real_location_data/s16c6/true_tree.nwk -S real_location_data/s16c6/leaf_locations.txt --delimiter comma -p real_location_data/s16c6/k10_priors.csv -o real_location_data/s16c6/k10_r4_spalin-divide-beta1.txt --nInitials 10 --ultrametric --randomreps 3 --divide --radius 1
Optimization by Spalin-Divide: Scipy-SLSQP using spatial information
Optimizing branch lengths, phi, and nu without topology search
Initial point 1. Random seed: 6895
Solving with ultrametric constraint
Optimal point found for initial point 1
Negative llh: 271.0193553603745
Dropout rate: 9.999999999999996e-11
Silencing rate: 1e-10
Sigma: 1.644934776394437
Initial point 2. Random seed: 7342
Solving with ultrametric constraint
Optimal point found for initial point 2
Negative llh: 271.0184408700551
Dropout rate: 1.0000000000000007e-10
Silencing rate: 9.999999999999996e-11
Sigma: 1.6456732964597274
Initial point 3. Random seed: 7221
Solving with ultrametric constraint
Optimal point found for initial point 3
Negative llh: 271.0187837084114
Dropout rate: 3.626206352935054e-10
Silencing rate: 2.1644171278804477e-10
Sigma: 1.6453315723023103
Initial point 4. Random seed: 6115
Solving with ultrametric constraint
Optimal point found for initial point 4
Negative llh: 399.9554875911832
Dropout rate: 3.406565046483743e-05
Silencing rate: 0.6107906290054818
Sigma: 7.35057148530511
Initial point 5. Random seed: 9282
Solving with ultrametric constraint
Optimal point found for initial point 5
Negative llh: 271.01873070746234
Dropout rate: 2.9383781877155195e-10
Silencing rate: 1.0012742613261073e-10
Sigma: 1.645327451546683
Initial point 6. Random seed: 6150
Solving with ultrametric constraint
Optimal point found for initial point 6
Negative llh: 271.0189472525641
Dropout rate: 1.714527890669092e-09
Silencing rate: 8.173348166996679e-10
Sigma: 1.6449595408320659
Initial point 7. Random seed: 9409
Solving with ultrametric constraint
Optimal point found for initial point 7
Negative llh: 271.0184828999629
Dropout rate: 1e-10
Silencing rate: 1e-10
Sigma: 1.6453814544925105
Initial point 8. Random seed: 4138
Solving with ultrametric constraint
Optimal point found for initial point 8
Negative llh: 271.0187407739213
Dropout rate: 1e-10
Silencing rate: 1e-10
Sigma: 1.6448728771021426
Initial point 9. Random seed: 5769
Solving with ultrametric constraint
Optimal point found for initial point 9
Negative llh: 271.018483076925
Dropout rate: 1e-10
Silencing rate: 1e-10
Sigma: 1.6455079259989724
Initial point 10. Random seed: 3429
Solving with ultrametric constraint
Optimal point found for initial point 10
Negative llh: 271.01856391640774
Dropout rate: 1e-10
Silencing rate: 1e-10
Sigma: 1.6456494682268894
Runtime (s): 1525.2404108718038
