Launching Problin version 0.5b
Problin was called as follow: /u/gh2161/Spatial-Division/problin/run_problin.py -c real_location_data/s16c6/k10_r1_character_matrix.csv -t real_location_data/s16c6/true_tree.nwk -S real_location_data/s16c6/leaf_locations.txt --delimiter comma -p real_location_data/s16c6/k10_priors.csv -o real_location_data/s16c6/k10_r1_spalin-divide-beta05.txt --nInitials 10 --ultrametric --randomreps 3 --divide --radius 0.5
Optimization by Spalin-Divide: Scipy-SLSQP using spatial information
Optimizing branch lengths, phi, and nu without topology search
Initial point 1. Random seed: 4536
Solving with ultrametric constraint
Optimal point found for initial point 1
Negative llh: 245.67012031381645
Dropout rate: 5.669911978433903e-10
Silencing rate: 1.0004252575951318e-10
Sigma: 1.8468419110572902
Initial point 2. Random seed: 1654
Solving with ultrametric constraint
Optimal point found for initial point 2
Negative llh: 245.66997623586033
Dropout rate: 1.0000000000000007e-10
Silencing rate: 1.0000000000000007e-10
Sigma: 1.8475539212613512
Initial point 3. Random seed: 2773
Solving with ultrametric constraint
Optimal point found for initial point 3
Negative llh: 245.66996718781297
Dropout rate: 1e-10
Silencing rate: 1e-10
Sigma: 1.8478581696762597
Initial point 4. Random seed: 7704
Solving with ultrametric constraint
Optimal point found for initial point 4
Negative llh: 245.67010009882273
Dropout rate: 1.0000000000000002e-10
Silencing rate: 1e-10
Sigma: 1.8469335630820813
Initial point 5. Random seed: 5639
Solving with ultrametric constraint
Optimal point found for initial point 5
Negative llh: 245.66997952367308
Dropout rate: 3.6337352319510105e-10
Silencing rate: 2.0732890859625977e-10
Sigma: 1.8474336191067577
Initial point 6. Random seed: 5666
Solving with ultrametric constraint
Optimal point found for initial point 6
Negative llh: 245.6705353398003
Dropout rate: 5.3329994104941066e-09
Silencing rate: 8.020751007287534e-09
Sigma: 1.8483228803574476
Initial point 7. Random seed: 9272
Solving with ultrametric constraint
Optimal point found for initial point 7
Negative llh: 245.66993055003388
Dropout rate: 1.0000000000000007e-10
Silencing rate: 9.999999999999996e-11
Sigma: 1.8474719446419448
Initial point 8. Random seed: 141
Solving with ultrametric constraint
Optimal point found for initial point 8
Negative llh: 245.6699662742594
Dropout rate: 1.5506179173074262e-09
Silencing rate: 6.947218451253975e-10
Sigma: 1.8477053943352388
Initial point 9. Random seed: 747
Solving with ultrametric constraint
Optimal point found for initial point 9
Negative llh: 245.67018964261803
Dropout rate: 9.999999999999996e-11
Silencing rate: 1.0000000000000002e-10
Sigma: 1.847148782672244
Initial point 10. Random seed: 3387
Solving with ultrametric constraint
Optimal point found for initial point 10
Negative llh: 245.66999374164374
Dropout rate: 1.0000000000000007e-10
Silencing rate: 1.0000000000000002e-10
Sigma: 1.8472977722796597
Runtime (s): 2408.4633469260298
