Launching Problin version 0.5b
Problin was called as follow: /u/gh2161/Spatial-Division/problin/run_problin.py -c real_location_data/s16c6/k10_r2_character_matrix.csv -t real_location_data/s16c6/true_tree.nwk -S real_location_data/s16c6/leaf_locations.txt --delimiter comma -p real_location_data/s16c6/k10_priors.csv -o real_location_data/s16c6/k10_r2_spalin-divide-ignore-beta.txt --nInitials 10 --ultrametric --randomreps 3 --divide
Optimization by Spalin-Divide: Scipy-SLSQP using spatial information
Optimizing branch lengths, phi, and nu without topology search
We need to optimize the radius
Initial point 1. Random seed: 6044
Solving with ultrametric constraint
Optimal point found for initial point 1
Negative llh: 230.19181370249896
Dropout rate: 2.3491853987049123e-09
Silencing rate: 2.9821249280422987e-09
Sigma: 1.1448681964823426
Lambda: 0.005068175446080723
Initial point 2. Random seed: 2628
Solving with ultrametric constraint
Optimal point found for initial point 2
Negative llh: 230.191641420264
Dropout rate: 1.0000000000000007e-10
Silencing rate: 1.0000000000000007e-10
Sigma: 1.145075203715128
Lambda: 0.005068018253903121
Initial point 3. Random seed: 6053
Solving with ultrametric constraint
Optimal point found for initial point 3
Negative llh: 230.1920530080163
Dropout rate: 1.0000002049163768e-10
Silencing rate: 1.0000000765268502e-10
Sigma: 1.1449575561123895
Lambda: 0.005069840720895854
Initial point 4. Random seed: 4290
Solving with ultrametric constraint
Optimal point found for initial point 4
Negative llh: 230.19194872878666
Dropout rate: 1.275266911495476e-09
Silencing rate: 5.386308778123643e-10
Sigma: 1.144965150404703
Lambda: 0.005071079055712914
Initial point 5. Random seed: 2639
Solving with ultrametric constraint
Optimal point found for initial point 5
Negative llh: 230.19298261311192
Dropout rate: 4.73283477850586e-10
Silencing rate: 2.3936094318652434e-10
Sigma: 1.1448614310673753
Lambda: 0.005059431270514616
Initial point 6. Random seed: 9898
Solving with ultrametric constraint
Optimal point found for initial point 6
Negative llh: 230.19190537490803
Dropout rate: 5.703559748035014e-10
Silencing rate: 2.279073357231951e-10
Sigma: 1.145548932541652
Lambda: 0.005073370909351875
Initial point 7. Random seed: 8910
Solving with ultrametric constraint
Optimal point found for initial point 7
Negative llh: 230.19197543369478
Dropout rate: 3.3114992612869985e-10
Silencing rate: 1.9406561665649754e-10
Sigma: 1.144794020124374
Lambda: 0.005068381658634083
Initial point 8. Random seed: 7940
Solving with ultrametric constraint
Optimal point found for initial point 8
Negative llh: 230.1923538478377
Dropout rate: 1.680886606099985e-09
Silencing rate: 1.0191805939201788e-10
Sigma: 1.144858572193011
Lambda: 0.005071751977865328
Initial point 9. Random seed: 2467
Solving with ultrametric constraint
Optimal point found for initial point 9
Negative llh: 230.1922361558598
Dropout rate: 1.0000000000000007e-10
Silencing rate: 1e-10
Sigma: 1.1452164084509386
Lambda: 0.005071599582831806
Initial point 10. Random seed: 3595
Solving with ultrametric constraint
Optimal point found for initial point 10
Negative llh: 230.19177410168797
Dropout rate: 6.282693270379319e-10
Silencing rate: 1e-10
Sigma: 1.1451556092083142
Lambda: 0.00506980719785955
{'lambda_param': 0.005068018253903121, 'phi': 1.0000000000000007e-10, 'nu': 1.0000000000000007e-10, 'sigma': 1.145075203715128, 'locations': {'216_16': (382.0, 86.0), '216_15': (411.0, 75.0), '216_17': (402.0, 56.0), '216_18': (381.0, 40.0), '216_21': (321.0, 53.0), '216_20': (328.0, 73.0), '216_23': (354.0, 64.0), '216_22': (345.0, 78.0), '216_24': (309.0, 49.0), '216_7': (397.0, 87.0), '216_6': (425.0, 101.0), '216_1': (396.0, 164.0), '216_3': (417.0, 143.0), '216_14': (354.0, 46.0), '216_13': (336.0, 41.0), '216_12': (373.0, 48.0), '216_11': (367.0, 66.0), '216_10': (392.0, 71.0), '216_9': (381.0, 107.0), '216_8': (365.0, 120.0)}, 'radius': 10.403611335552267, 'thetas': {'213_6': 2.4592747498407594, '174_3': 1.9907329864861036, '211_8': 1.8925485839012663, '213_10': 3.412540396875975, '175_5': 0.4951748698496271, '127_2': 7.321090899256941, '176_1': 5.497776834403261, '177_3': 3.60519997199395, '132_1': 1.656773984855036, '76_1': 4.065779519486053, '208_15': 2.1421270779519626, '175_9': 0.49936015209901574, '203_13': 1.2341226052855914, '128_5': -1.6619835810670025, '178_10': 0.6510787379712645, '181_9': 5.920631820612651, '135_5': -1.8120864111851145, '78_3': 3.1644551068460802, '24_1': 7.121226718270561}}
Runtime (s): 978.5729568600655
