Launching Problin version 0.5b
Problin was called as follow: /u/gh2161/Spatial-Division/problin/run_problin.py -c real_location_data/s16c6/k10_r1_character_matrix.csv -t real_location_data/s16c6/true_tree.nwk -S real_location_data/s16c6/leaf_locations.txt --delimiter comma -p real_location_data/s16c6/k10_priors.csv -o real_location_data/s16c6/k10_r1_spalin-divide-beta9.txt --nInitials 10 --ultrametric --randomreps 3 --divide --given_beta 9 --incl_beta_bound
Optimization by Spalin-Divide: Scipy-SLSQP using spatial information
Optimizing branch lengths, phi, and nu without topology search
Initial point 1. Random seed: 9823
Solving with ultrametric constraint
Fatal: failed to optimize using initial point 1
Initial point 2. Random seed: 4430
Solving with ultrametric constraint
Optimal point found for initial point 2
Negative llh: 208.75637849648112
Dropout rate: 3.4632228523940276e-10
Silencing rate: 2.1064687625653331e-10
Sigma: 4.291249344076201
Initial point 3. Random seed: 8389
Solving with ultrametric constraint
Optimal point found for initial point 3
Negative llh: 208.75638720759167
Dropout rate: 1.3559082166579217e-10
Silencing rate: 1.1622800234444393e-10
Sigma: 4.2912397303853655
Initial point 4. Random seed: 35
Solving with ultrametric constraint
Fatal: failed to optimize using initial point 4
Initial point 5. Random seed: 93
Solving with ultrametric constraint
Fatal: failed to optimize using initial point 5
Initial point 6. Random seed: 605
Solving with ultrametric constraint
Optimal point found for initial point 6
Negative llh: 208.75637846714545
Dropout rate: 3.2179409604668113e-10
Silencing rate: 1.9963949184008747e-10
Sigma: 4.291247609068299
Initial point 7. Random seed: 2041
Solving with ultrametric constraint
Optimal point found for initial point 7
Negative llh: 208.75640643075351
Dropout rate: 1.0000000000000007e-10
Silencing rate: 9.999999999999996e-11
Sigma: 4.291321324924411
Initial point 8. Random seed: 9559
Solving with ultrametric constraint
Optimal point found for initial point 8
Negative llh: 208.75638155400935
Dropout rate: 1e-10
Silencing rate: 1e-10
Sigma: 4.291255859428852
Initial point 9. Random seed: 7859
Solving with ultrametric constraint
Optimal point found for initial point 9
Negative llh: 208.75638193245481
Dropout rate: 9.999999999999996e-11
Silencing rate: 1.0000000000000002e-10
Sigma: 4.29120114704184
Initial point 10. Random seed: 1835
Solving with ultrametric constraint
Optimal point found for initial point 10
Negative llh: 208.756387458006
Dropout rate: 9.999999999999996e-11
Silencing rate: 1.0000000000000002e-10
Sigma: 4.2913397851279385
Runtime (s): 1867.93137620762
