Launching Problin version 0.5b
Problin was called as follow: /u/gh2161/Spatial-Division/problin/run_problin.py -c real_location_data/s16c6/k10_r4_character_matrix.csv -t real_location_data/s16c6/true_tree.nwk -S real_location_data/s16c6/leaf_locations.txt --delimiter comma -p real_location_data/s16c6/k10_priors.csv -o real_location_data/s16c6/k10_r4_spalin-divide-beta20.txt --nInitials 10 --ultrametric --randomreps 3 --divide --given_beta 20 --incl_beta_bound
Optimization by Spalin-Divide: Scipy-SLSQP using spatial information
Optimizing branch lengths, phi, and nu without topology search
Initial point 1. Random seed: 2125
Solving with ultrametric constraint
Optimal point found for initial point 1
Negative llh: 245.3206147654403
Dropout rate: 1.0000000000000007e-10
Silencing rate: 9.999999999999996e-11
Sigma: 3.8791518462437953
Initial point 2. Random seed: 1316
Solving with ultrametric constraint
Optimal point found for initial point 2
Negative llh: 245.3206151469816
Dropout rate: 6.16686351166586e-10
Silencing rate: 3.398177074521276e-10
Sigma: 3.87914978452435
Initial point 3. Random seed: 3136
Solving with ultrametric constraint
Optimal point found for initial point 3
Negative llh: 245.32061581679596
Dropout rate: 2.773175634453091e-10
Silencing rate: 1.9226029486649143e-10
Sigma: 3.8791580710698867
Initial point 4. Random seed: 7202
Solving with ultrametric constraint
Optimal point found for initial point 4
Negative llh: 245.32061834545175
Dropout rate: 1.3467460088374946e-10
Silencing rate: 1.1718868539888404e-10
Sigma: 3.8793018285802927
Initial point 5. Random seed: 4395
Solving with ultrametric constraint
Optimal point found for initial point 5
Negative llh: 245.3206188944487
Dropout rate: 1.229548227613997e-10
Silencing rate: 1.2425876381533465e-10
Sigma: 3.879222023289299
Initial point 6. Random seed: 8151
Solving with ultrametric constraint
Optimal point found for initial point 6
Negative llh: 245.3206159546382
Dropout rate: 7.122358253730012e-10
Silencing rate: 3.4614611722034126e-10
Sigma: 3.87914831734361
Initial point 7. Random seed: 8206
Solving with ultrametric constraint
Optimal point found for initial point 7
Negative llh: 245.32062437680514
Dropout rate: 4.3179480273365325e-10
Silencing rate: 2.5654723632058273e-10
Sigma: 3.879333813668102
Initial point 8. Random seed: 7180
Solving with ultrametric constraint
Optimal point found for initial point 8
Negative llh: 245.32061747942194
Dropout rate: 1.9207842162900394e-09
Silencing rate: 9.453275468926155e-10
Sigma: 3.8791497514725295
Initial point 9. Random seed: 5190
Solving with ultrametric constraint
Optimal point found for initial point 9
Negative llh: 245.32061573861483
Dropout rate: 4.6505437307481153e-10
Silencing rate: 2.6944979921389896e-10
Sigma: 3.8791286051943366
Initial point 10. Random seed: 6515
Solving with ultrametric constraint
Optimal point found for initial point 10
Negative llh: 245.32061645893472
Dropout rate: 1.868952085614828e-10
Silencing rate: 1.4034734042285946e-10
Sigma: 3.8791138238623577
Runtime (s): 1903.2332303114235
