Launching Problin version 0.5b
Problin was called as follow: /u/gh2161/Spatial-Division/problin/run_problin.py -c real_location_data/s16c6/k10_r2_character_matrix.csv -t real_location_data/s16c6/true_tree.nwk -S real_location_data/s16c6/leaf_locations.txt --delimiter comma -p real_location_data/s16c6/k10_priors.csv -o real_location_data/s16c6/k10_r2_spalin-divide-beta5_10_range.txt --nInitials 10 --ultrametric --randomreps 3 --divide --given_lower_beta 5 --given_upper_beta 10 --incl_beta_bound
Optimization by Spalin-Divide: Scipy-SLSQP using spatial information
{'sigma': 22, 'nu': 1e-10, 'phi': 1e-10, 'lower_beta': 5.0, 'upper_beta': 10.0, 'incl_beta_bound': True, 'displacement_amounts': {}}
Optimizing branch lengths, phi, and nu without topology search
Initial point 1. Random seed: 3579
Solving with ultrametric constraint
Optimal point found for initial point 1
Negative llh: 264.56599571400903
Dropout rate: 1.3787924925936643e-07
Silencing rate: 5.596061320097559e-08
Sigma: 5.960329963402823
Initial point 2. Random seed: 200
Solving with ultrametric constraint
Optimal point found for initial point 2
Negative llh: 264.67295801159696
Dropout rate: 3.9357371220716406e-08
Silencing rate: 7.153811069535134e-09
Sigma: 5.9743410331322755
Initial point 3. Random seed: 9782
Solving with ultrametric constraint
Optimal point found for initial point 3
Negative llh: 264.5365160245213
Dropout rate: 2.0147717313278003e-08
Silencing rate: 6.875500784083195e-09
Sigma: 5.965538103062993
Initial point 4. Random seed: 8398
Solving with ultrametric constraint
Optimal point found for initial point 4
Negative llh: 264.52782799429355
Dropout rate: 1.3350117568096391e-08
Silencing rate: 4.958940387811762e-09
Sigma: 5.958740152051654
Initial point 5. Random seed: 3067
Solving with ultrametric constraint
Optimal point found for initial point 5
Negative llh: 264.5638703944321
Dropout rate: 2.674501818957479e-09
Silencing rate: 1.0358235881621415e-09
Sigma: 5.962661812838572
Initial point 6. Random seed: 5834
Solving with ultrametric constraint
Optimal point found for initial point 6
Negative llh: 264.5507887523646
Dropout rate: 9.707670500336993e-08
Silencing rate: 4.417634195423406e-08
Sigma: 5.959830658631395
Initial point 7. Random seed: 436
Solving with ultrametric constraint
Optimal point found for initial point 7
Negative llh: 260.0186072991421
Dropout rate: 1.1360088618499797e-10
Silencing rate: 1.051855284408187e-10
Sigma: 5.758422577178685
Initial point 8. Random seed: 7983
Solving with ultrametric constraint
Optimal point found for initial point 8
Negative llh: 256.8332775845298
Dropout rate: 1e-10
Silencing rate: 1e-10
Sigma: 5.615129386975879
Initial point 9. Random seed: 5062
Solving with ultrametric constraint
Optimal point found for initial point 9
Negative llh: 264.7280406421662
Dropout rate: 3.9447829621280454e-08
Silencing rate: 2.350570016751927e-09
Sigma: 5.983901968649383
Initial point 10. Random seed: 6101
Solving with ultrametric constraint
Optimal point found for initial point 10
Negative llh: 264.7134469569954
Dropout rate: 6.323529110751702e-08
Silencing rate: 1.909774170339676e-08
Sigma: 5.981327750148024
Runtime (s): 896.2875601388514
