Launching Problin version 0.5b
Problin was called as follow: /u/gh2161/Spatial-Division/problin/run_problin.py -c real_location_data/s16c6/k10_r5_character_matrix.csv -t real_location_data/s16c6/true_tree.nwk -S real_location_data/s16c6/leaf_locations.txt --delimiter comma -p real_location_data/s16c6/k10_priors.csv -o real_location_data/s16c6/k10_r5_spalin-divide-beta6.txt --nInitials 10 --ultrametric --randomreps 3 --divide --given_beta 6 --incl_beta_bound
Optimization by Spalin-Divide: Scipy-SLSQP using spatial information
Optimizing branch lengths, phi, and nu without topology search
Initial point 1. Random seed: 8932
Solving with ultrametric constraint
Optimal point found for initial point 1
Negative llh: 226.89121093439684
Dropout rate: 2.011883127642549e-09
Silencing rate: 8.790828630193042e-10
Sigma: 5.729666671295856
Initial point 2. Random seed: 9732
Solving with ultrametric constraint
Optimal point found for initial point 2
Negative llh: 226.8912028080162
Dropout rate: 1e-10
Silencing rate: 1e-10
Sigma: 5.729763779285873
Initial point 3. Random seed: 4630
Solving with ultrametric constraint
Optimal point found for initial point 3
Negative llh: 226.891203102266
Dropout rate: 7.514270890733178e-10
Silencing rate: 2.9365008379866795e-10
Sigma: 5.729669653133464
Initial point 4. Random seed: 7298
Solving with ultrametric constraint
Optimal point found for initial point 4
Negative llh: 226.89120153603346
Dropout rate: 3.697125328112413e-10
Silencing rate: 1.8017169501648782e-10
Sigma: 5.7297314598347535
Initial point 5. Random seed: 7922
Solving with ultrametric constraint
Optimal point found for initial point 5
Negative llh: 226.8912012529055
Dropout rate: 1.3247864901770733e-10
Silencing rate: 1.0974887870057756e-10
Sigma: 5.729726705411597
Initial point 6. Random seed: 9317
Solving with ultrametric constraint
Optimal point found for initial point 6
Negative llh: 226.8912009182866
Dropout rate: 1.0366250344544038e-10
Silencing rate: 1.024136076775681e-10
Sigma: 5.729736457371912
Initial point 7. Random seed: 9226
Solving with ultrametric constraint
Optimal point found for initial point 7
Negative llh: 226.89120179482148
Dropout rate: 1.0963287746778735e-10
Silencing rate: 1.0286336896449584e-10
Sigma: 5.729730600990493
Initial point 8. Random seed: 3946
Solving with ultrametric constraint
Optimal point found for initial point 8
Negative llh: 226.89120196479809
Dropout rate: 1.1119526641046842e-10
Silencing rate: 1.0332793978021096e-10
Sigma: 5.729740014594364
Initial point 9. Random seed: 6469
Solving with ultrametric constraint
Optimal point found for initial point 9
Negative llh: 226.89120595471348
Dropout rate: 7.618406770386836e-10
Silencing rate: 5.197532751581735e-10
Sigma: 5.729527484595633
Initial point 10. Random seed: 8863
Solving with ultrametric constraint
Optimal point found for initial point 10
Negative llh: 226.891201744032
Dropout rate: 1.0364885047287868e-10
Silencing rate: 1.0108464730913495e-10
Sigma: 5.729741325543328
Runtime (s): 1707.1086644316092
