Launching Problin version 0.5b
Problin was called as follow: /u/gh2161/Spatial-Division/problin/run_problin.py -c simulated_seq_simulated_loc/s9c5/k10_character_matrix.csv -t simulated_seq_simulated_loc/s9c5/true_tree.nwk --delimiter comma -p simulated_seq_simulated_loc/s9c5/k10_priors.csv -o simulated_seq_simulated_loc/s9c5/k10_problin.txt --nInitials 10 --ultrametric --solver Scipy
Optimization by generic solver (Scipy-SLSQP)
Optimizing branch lengths, phi, and nu without topology search
Initial point 1. Random seed: 1367
Solving with ultrametric constraint
Optimal point found for initial point 1
Negative llh: 101.39711375101402
Dropout rate: 3.241324594625333e-10
Silencing rate: 1.4667131020607407e-10
Initial point 2. Random seed: 1206
Solving with ultrametric constraint
Optimal point found for initial point 2
Negative llh: 80.96299256686619
Dropout rate: 1.145089224805724e-09
Silencing rate: 4.6545119895768806e-10
Initial point 3. Random seed: 4997
Solving with ultrametric constraint
Optimal point found for initial point 3
Negative llh: 101.39725097021626
Dropout rate: 4.603940187406341e-10
Silencing rate: 1.8697928453223288e-10
Initial point 4. Random seed: 8488
Solving with ultrametric constraint
Optimal point found for initial point 4
Negative llh: 80.96224347945616
Dropout rate: 5.697906417394652e-10
Silencing rate: 3.278409809862471e-10
Initial point 5. Random seed: 4953
Solving with ultrametric constraint
Optimal point found for initial point 5
Negative llh: 80.96221534840616
Dropout rate: 1.0039072802372408e-09
Silencing rate: 4.397171402787335e-10
Initial point 6. Random seed: 7186
Solving with ultrametric constraint
Optimal point found for initial point 6
Negative llh: 80.96323527902555
Dropout rate: 1.7537935716948825e-09
Silencing rate: 8.606022455526929e-10
Initial point 7. Random seed: 8751
Solving with ultrametric constraint
Optimal point found for initial point 7
Negative llh: 80.96221602077433
Dropout rate: 4.925391161990412e-10
Silencing rate: 2.8035035990156263e-10
Initial point 8. Random seed: 4818
Solving with ultrametric constraint
Optimal point found for initial point 8
Negative llh: 80.96288244522744
Dropout rate: 1.0000000000000007e-10
Silencing rate: 1.0000000000000002e-10
Initial point 9. Random seed: 8712
Solving with ultrametric constraint
Optimal point found for initial point 9
Negative llh: 80.96235282927476
Dropout rate: 9.824773537953943e-10
Silencing rate: 4.1021444172314176e-10
Initial point 10. Random seed: 2900
Solving with ultrametric constraint
Optimal point found for initial point 10
Negative llh: 101.39677023328294
Dropout rate: 2.2234958213004343e-10
Silencing rate: 1.2162304950382505e-10
Runtime (s): 86.4326793239452
