Launching Problin version 0.5b
Problin was called as follow: /u/gh2161/Spatial-Division/problin/run_problin.py -c real_location_data/s8c1/k10_r1_character_matrix.csv -t real_location_data/s8c1/true_tree.nwk -S real_location_data/s8c1/leaf_locations.txt --delimiter comma -p real_location_data/s8c1/k10_priors.csv -o real_location_data/s8c1/k10_r1_spalin-spatialonly.txt --nInitials 10 --ultrametric --randomreps 3 --spatial_only
Optimization by Spalin: Scipy-SLSQP using spatial information
Optimizing branch lengths, phi, and nu without topology search
only spatial
Initial point 1. Random seed: 5362
Solving with ultrametric constraint
Optimal point found for initial point 1
Negative llh: 73.04478373183795
Dropout rate: 0.2785883089721931
Silencing rate: 0.7432335946441888
Sigma: 3.3756655977250603
Lambda: 1.0
Initial point 2. Random seed: 4457
Solving with ultrametric constraint
Optimal point found for initial point 2
Negative llh: 73.04478373183795
Dropout rate: 0.9003014110849135
Silencing rate: 0.5107669552068724
Sigma: 3.3756655977250603
Lambda: 1.0
Initial point 3. Random seed: 7841
Solving with ultrametric constraint
Optimal point found for initial point 3
Negative llh: 73.04478373183795
Dropout rate: 0.08311468547447066
Silencing rate: 0.9134624009910531
Sigma: 3.3756655977250603
Lambda: 1.0
Initial point 4. Random seed: 8872
Solving with ultrametric constraint
Optimal point found for initial point 4
Negative llh: 73.04478373183795
Dropout rate: 0.9352693224066998
Silencing rate: 0.91341395461002
Sigma: 3.3756655977250603
Lambda: 1.0
Initial point 5. Random seed: 3777
Solving with ultrametric constraint
Optimal point found for initial point 5
Negative llh: 73.04478373183795
Dropout rate: 0.29804588787133796
Silencing rate: 0.5902845728780973
Sigma: 3.3756655977250603
Lambda: 1.0
Initial point 6. Random seed: 2876
Solving with ultrametric constraint
Optimal point found for initial point 6
Negative llh: 73.04478373183795
Dropout rate: 0.023204016783577253
Silencing rate: 0.333413043671888
Sigma: 3.3756655977250603
Lambda: 1.0
Initial point 7. Random seed: 1126
Solving with ultrametric constraint
Optimal point found for initial point 7
Negative llh: 73.04478373183795
Dropout rate: 0.7716440386690446
Silencing rate: 0.6965220940000533
Sigma: 3.3756655977250603
Lambda: 1.0
Initial point 8. Random seed: 4971
Solving with ultrametric constraint
Optimal point found for initial point 8
Negative llh: 73.04478373183795
Dropout rate: 0.950575956780129
Silencing rate: 0.3423542414080037
Sigma: 3.3756655977250603
Lambda: 1.0
Initial point 9. Random seed: 1487
Solving with ultrametric constraint
Optimal point found for initial point 9
Negative llh: 73.04478373183795
Dropout rate: 0.20618126180175195
Silencing rate: 0.09889894029686963
Sigma: 3.3756655977250603
Lambda: 1.0
Initial point 10. Random seed: 8942
Solving with ultrametric constraint
Optimal point found for initial point 10
Negative llh: 73.04478373183795
Dropout rate: 0.3392703446789928
Silencing rate: 0.02419265954048413
Sigma: 3.3756655977250603
Lambda: 1.0
{'lambda_param': 1.0, 'phi': 0.2785883089721931, 'nu': 0.7432335946441888, 'sigma': 3.3756655977250603, 'locations': {'216_12': (146.0, 338.0), '216_11': (137.0, 373.0), '216_8': (152.0, 360.0), '216_7': (158.0, 389.0), '216_10': (126.0, 338.0), '216_9': (141.0, 350.0), '216_2': (136.0, 412.0), '216_1': (121.0, 408.0), '216_6': (147.0, 405.0), '216_5': (146.0, 423.0), '216_4': (160.0, 407.0), '216_3': (156.0, 429.0)}}
Runtime (s): 28.024786790832877
