Launching Problin version 0.5b
Problin was called as follow: /u/gh2161/Spatial-Division/problin/run_problin.py -c real_location_data/s8c1/k10_r3_character_matrix.csv -t real_location_data/s8c1/true_tree.nwk -S real_location_data/s8c1/leaf_locations.txt --delimiter comma -p real_location_data/s8c1/k10_priors.csv -o real_location_data/s8c1/k10_r3_spalin-divide-beta7.txt --nInitials 10 --ultrametric --randomreps 3 --divide --radius 7
Optimization by Spalin-Divide: Scipy-SLSQP using spatial information
Optimizing branch lengths, phi, and nu without topology search
Initial point 1. Random seed: 8717
Solving with ultrametric constraint
Optimal point found for initial point 1
Negative llh: 162.81120935142582
Dropout rate: 8.79664571386401e-10
Silencing rate: 3.2188331321778246e-10
Sigma: 1.0547839420983176
Initial point 2. Random seed: 5435
Solving with ultrametric constraint
Optimal point found for initial point 2
Negative llh: 134.09222152728782
Dropout rate: 9.999999999999996e-11
Silencing rate: 1.0000000000000002e-10
Sigma: 1.0804534929614404
Initial point 3. Random seed: 2031
Solving with ultrametric constraint
Optimal point found for initial point 3
Negative llh: 162.81242598577336
Dropout rate: 1e-10
Silencing rate: 1e-10
Sigma: 1.0539418422883433
Initial point 4. Random seed: 1257
Solving with ultrametric constraint
Optimal point found for initial point 4
Negative llh: 221863.0037730153
Dropout rate: 0.28995575614535024
Silencing rate: 0.013371336687169156
Sigma: 11.496145842101223
Initial point 5. Random seed: 8155
Solving with ultrametric constraint
Optimal point found for initial point 5
Negative llh: 134.09230569252972
Dropout rate: 8.025745646044896e-10
Silencing rate: 9.999999999999428e-11
Sigma: 1.0804554585681239
Initial point 6. Random seed: 5136
Solving with ultrametric constraint
Optimal point found for initial point 6
Negative llh: 134.09222176588793
Dropout rate: 1.5822478254052094e-10
Silencing rate: 1.3881621659290924e-10
Sigma: 1.080454769021987
Initial point 7. Random seed: 1284
Solving with ultrametric constraint
Optimal point found for initial point 7
Negative llh: 134.0926644407008
Dropout rate: 2.0353835656720784e-10
Silencing rate: 1.0090528149947231e-10
Sigma: 1.0808524369868033
Initial point 8. Random seed: 6869
Solving with ultrametric constraint
Optimal point found for initial point 8
Negative llh: 162.80997163140472
Dropout rate: 1.0000000000000002e-10
Silencing rate: 1e-10
Sigma: 1.0546022628819627
Initial point 9. Random seed: 8461
Solving with ultrametric constraint
Optimal point found for initial point 9
Negative llh: 162.81050245235593
Dropout rate: 4.522305780003212e-10
Silencing rate: 2.5707453530578795e-10
Sigma: 1.0549440852179586
Initial point 10. Random seed: 4255
Solving with ultrametric constraint
Optimal point found for initial point 10
Negative llh: 134.0922222802642
Dropout rate: 1.0000000000000002e-10
Silencing rate: 1.0000000000000002e-10
Sigma: 1.0804224614805304
Runtime (s): 214.66627189610153
