Launching Problin version 0.5b
Problin was called as follow: /u/gh2161/Spatial-Division/problin/run_problin.py -c real_location_data/s8c1/k10_r3_character_matrix.csv -t real_location_data/s8c1/true_tree.nwk -S real_location_data/s8c1/leaf_locations.txt --delimiter comma -p real_location_data/s8c1/k10_priors.csv -o real_location_data/s8c1/k10_r3_spalin-divide-beta1.txt --nInitials 10 --ultrametric --randomreps 3 --divide --radius 1
Optimization by Spalin-Divide: Scipy-SLSQP using spatial information
Optimizing branch lengths, phi, and nu without topology search
Initial point 1. Random seed: 5946
Solving with ultrametric constraint
Optimal point found for initial point 1
Negative llh: 152.45077878320404
Dropout rate: 1e-10
Silencing rate: 1e-10
Sigma: 1.4577578997638283
Initial point 2. Random seed: 5039
Solving with ultrametric constraint
Optimal point found for initial point 2
Negative llh: 152.45090707615742
Dropout rate: 2.7467222604329636e-10
Silencing rate: 2.1284819218291027e-10
Sigma: 1.4579932991997822
Initial point 3. Random seed: 9767
Solving with ultrametric constraint
Optimal point found for initial point 3
Negative llh: 180.3442417379116
Dropout rate: 6.603505678295414e-10
Silencing rate: 2.9796324468020557e-10
Sigma: 1.3764017462587206
Initial point 4. Random seed: 2760
Solving with ultrametric constraint
Optimal point found for initial point 4
Negative llh: 152.4507793228012
Dropout rate: 2.604000533935509e-10
Silencing rate: 2.0546795872599516e-10
Sigma: 1.4576451682967713
Initial point 5. Random seed: 8947
Solving with ultrametric constraint
Optimal point found for initial point 5
Negative llh: 180.34729034277566
Dropout rate: 1e-10
Silencing rate: 1e-10
Sigma: 1.3767460058758252
Initial point 6. Random seed: 2196
Solving with ultrametric constraint
Optimal point found for initial point 6
Negative llh: 152.4520086075704
Dropout rate: 3.633895969297136e-10
Silencing rate: 2.4396672103738334e-10
Sigma: 1.4575399758170617
Initial point 7. Random seed: 2874
Solving with ultrametric constraint
Optimal point found for initial point 7
Negative llh: 152.45088067979887
Dropout rate: 1.742728966396475e-10
Silencing rate: 1.0056773923419515e-10
Sigma: 1.4583319829477208
Initial point 8. Random seed: 9084
Solving with ultrametric constraint
Optimal point found for initial point 8
Negative llh: 152.4508287577234
Dropout rate: 1.0000000000000002e-10
Silencing rate: 1.0000000000000002e-10
Sigma: 1.457935131235626
Initial point 9. Random seed: 6311
Solving with ultrametric constraint
Optimal point found for initial point 9
Negative llh: 152.45077879022088
Dropout rate: 4.2494475464022614e-10
Silencing rate: 1.0010409494871347e-10
Sigma: 1.457756846744688
Initial point 10. Random seed: 4096
Solving with ultrametric constraint
Optimal point found for initial point 10
Negative llh: 180.3494861037191
Dropout rate: 1.0000000000000007e-10
Silencing rate: 1.0000000000000002e-10
Sigma: 1.3772295233190084
Runtime (s): 318.2530978601426
