Launching Problin version 0.5b
Problin was called as follow: /u/gh2161/Spatial-Division/problin/run_problin.py -c intmem_real_data/s6c1/characters.txt -t intmem_real_data/s6c1/true_tree.nwk -S intmem_real_data/s6c1/leaf_locations.txt --delimiter comma -p intmem_real_data/s6c1/prior.csv -o intmem_real_data/s6c1/spalin-divide-beta1.txt --nInitials 10 --ultrametric --randomreps 3 --divide --radius 1
Optimization by Spalin-Divide: Scipy-SLSQP using spatial information
Optimizing branch lengths, phi, and nu without topology search
Initial point 1. Random seed: 7770
Solving with ultrametric constraint
Optimal point found for initial point 1
Negative llh: 99.62309471162489
Dropout rate: 1e-10
Silencing rate: 1e-10
Sigma: 1.8731833322587543
Lambda: 0.006197673324307175
Initial point 2. Random seed: 468
Solving with ultrametric constraint
Optimal point found for initial point 2
Negative llh: 99.62310137343027
Dropout rate: 2.8221061206918137e-10
Silencing rate: 1.7394681188487784e-10
Sigma: 1.8731418957465453
Lambda: 0.006198951354142479
Initial point 3. Random seed: 46
Solving with ultrametric constraint
Optimal point found for initial point 3
Negative llh: 99.62309498027662
Dropout rate: 1e-10
Silencing rate: 1e-10
Sigma: 1.8732475272608888
Lambda: 0.006198058879129737
Initial point 4. Random seed: 8888
Solving with ultrametric constraint
Optimal point found for initial point 4
Negative llh: 99.62326036883573
Dropout rate: 1e-10
Silencing rate: 1e-10
Sigma: 1.871030476030636
Lambda: 0.006195835651653486
Initial point 5. Random seed: 2694
Solving with ultrametric constraint
Optimal point found for initial point 5
Negative llh: 99.62366466916882
Dropout rate: 1e-10
Silencing rate: 1e-10
Sigma: 1.8705514141485104
Lambda: 0.0062026508180460255
Initial point 6. Random seed: 6047
Solving with ultrametric constraint
Optimal point found for initial point 6
Negative llh: 99.62347803207291
Dropout rate: 1e-10
Silencing rate: 1e-10
Sigma: 1.874508645134293
Lambda: 0.006187751911386643
Initial point 7. Random seed: 9639
Solving with ultrametric constraint
Optimal point found for initial point 7
Negative llh: 99.62309826295163
Dropout rate: 1e-10
Silencing rate: 1e-10
Sigma: 1.8732491276373184
Lambda: 0.006198927535811328
Initial point 8. Random seed: 2558
Solving with ultrametric constraint
Optimal point found for initial point 8
Negative llh: 99.62309478560623
Dropout rate: 1e-10
Silencing rate: 1e-10
Sigma: 1.8732132766750027
Lambda: 0.006197358859866393
Initial point 9. Random seed: 4346
Solving with ultrametric constraint
Optimal point found for initial point 9
Negative llh: 99.62315029415782
Dropout rate: 1.0249554777302851e-10
Silencing rate: 1.0002903198857514e-10
Sigma: 1.8720022051627763
Lambda: 0.006194833583453007
Initial point 10. Random seed: 2611
Solving with ultrametric constraint
Optimal point found for initial point 10
Negative llh: 99.62309469272037
Dropout rate: 1e-10
Silencing rate: 1e-10
Sigma: 1.8731577247890765
Lambda: 0.006197644125165071
{'lambda_param': 0.006197644125165071, 'phi': 1e-10, 'nu': 1e-10, 'sigma': 1.8731577247890765, 'locations': {'216_8': (257.0, 317.0), '216_7': (230.0, 335.0), '216_6': (248.0, 302.0), '216_5': (302.0, 359.0), '216_4': (216.0, 332.0), '216_3': (217.0, 363.0), '216_2': (252.0, 374.0), '216_1': (251.0, 349.0)}, 'radius': 1.0, 'thetas': {'185_1': 4.6723513978055236, '197_3': 1.538714598801248, '136_1': -6.020157671535807, '191_4': 0.8123317586473277, '196_6': 2.5534489457671032, '140_3': -6.238270969187696, '93_1': 2.5124445467832692}}
Runtime (s): 142.84147983137518
