Launching Problin version 0.5b
Problin was called as follow: /u/gh2161/Spatial-Division/problin/run_problin.py -c real_location_data/s7c5/k10_r4_character_matrix.csv -t real_location_data/s7c5/true_tree.nwk --delimiter comma -p real_location_data/s7c5/k10_priors.csv -o real_location_data/s7c5/k10_r4_problin.txt --nInitials 10 --ultrametric --randomreps 3 --solver Scipy
Optimization by generic solver (Scipy-SLSQP)
Optimizing branch lengths, phi, and nu without topology search
Initial point 1. Random seed: 9525
Solving with ultrametric constraint
Optimal point found for initial point 1
Negative llh: 70.36298933278765
Dropout rate: 1.7278253431494217e-10
Silencing rate: 1.0753802761298242e-10
Lambda: 0.0009767884972275529
Initial point 2. Random seed: 7998
Solving with ultrametric constraint
Optimal point found for initial point 2
Negative llh: 43.83400789219271
Dropout rate: 9.999999999999996e-11
Silencing rate: 1.0000000000000002e-10
Lambda: 0.0073328751177703195
Initial point 3. Random seed: 3240
Solving with ultrametric constraint
Optimal point found for initial point 3
Negative llh: 70.36201127837761
Dropout rate: 9.999999999999996e-11
Silencing rate: 1e-10
Lambda: 0.000976832841140461
Initial point 4. Random seed: 5658
Solving with ultrametric constraint
Optimal point found for initial point 4
Negative llh: 43.83400766648002
Dropout rate: 1e-10
Silencing rate: 1e-10
Lambda: 0.007333382081242986
Initial point 5. Random seed: 4897
Solving with ultrametric constraint
Optimal point found for initial point 5
Negative llh: 70.3627407165443
Dropout rate: 8.180228782451517e-10
Silencing rate: 2.7466961418385406e-10
Lambda: 0.0009767889394891288
Initial point 6. Random seed: 1559
Solving with ultrametric constraint
Optimal point found for initial point 6
Negative llh: 70.36194813918942
Dropout rate: 1e-10
Silencing rate: 1e-10
Lambda: 0.0009768370684899814
Initial point 7. Random seed: 8599
Solving with ultrametric constraint
Optimal point found for initial point 7
Negative llh: 70.3627234079661
Dropout rate: 1.2680576068227341e-10
Silencing rate: 1.0332077844870836e-10
Lambda: 0.0009767897297371442
Initial point 8. Random seed: 1285
Solving with ultrametric constraint
Optimal point found for initial point 8
Negative llh: 70.36268509191157
Dropout rate: 5.268316556332608e-10
Silencing rate: 1.6428307625102478e-10
Lambda: 0.000976792402663971
Initial point 9. Random seed: 6999
Solving with ultrametric constraint
Optimal point found for initial point 9
Negative llh: 43.834007605678046
Dropout rate: 1e-10
Silencing rate: 1e-10
Lambda: 0.007332375193067382
Initial point 10. Random seed: 2373
Solving with ultrametric constraint
Optimal point found for initial point 10
Negative llh: 43.83400736759106
Dropout rate: 1e-10
Silencing rate: 1e-10
Lambda: 0.007332887037555167
{'phi': 1e-10, 'nu': 1e-10, 'lambda_param': 0.007332887037555167}
Runtime (s): 30.717575816437602
