Launching Problin version 0.5b
Problin was called as follow: /u/gh2161/Spatial-Division/problin/run_problin.py -c real_location_data/s7c5/k10_r1_character_matrix.csv -t real_location_data/s7c5/true_tree.nwk -S real_location_data/s7c5/leaf_locations.txt --delimiter comma -p real_location_data/s7c5/k10_priors.csv -o real_location_data/s7c5/k10_r1_spalin-divide-beta05.txt --nInitials 10 --ultrametric --randomreps 3 --divide --radius 0.5
Optimization by Spalin-Divide: Scipy-SLSQP using spatial information
Optimizing branch lengths, phi, and nu without topology search
Initial point 1. Random seed: 1600
Solving with ultrametric constraint
Optimal point found for initial point 1
Negative llh: 163.76347633677034
Dropout rate: 1e-10
Silencing rate: 1e-10
Sigma: 1.8824721541472822
Initial point 2. Random seed: 7320
Solving with ultrametric constraint
Optimal point found for initial point 2
Negative llh: 187.77053394843267
Dropout rate: 1e-10
Silencing rate: 1e-10
Sigma: 1.7834509737358193
Initial point 3. Random seed: 1927
Solving with ultrametric constraint
Optimal point found for initial point 3
Negative llh: 187.7709750010939
Dropout rate: 4.331538865084165e-10
Silencing rate: 1.4763016297842864e-10
Sigma: 1.7836993011665028
Initial point 4. Random seed: 3638
Solving with ultrametric constraint
Optimal point found for initial point 4
Negative llh: 163.7634764933439
Dropout rate: 6.436017014070996e-10
Silencing rate: 3.639685471082178e-10
Sigma: 1.8824678365672958
Initial point 5. Random seed: 4846
Solving with ultrametric constraint
Optimal point found for initial point 5
Negative llh: 187.77087229549335
Dropout rate: 2.1304804319678884e-10
Silencing rate: 1.2202809155109482e-10
Sigma: 1.7833790206123252
Initial point 6. Random seed: 5736
Solving with ultrametric constraint
Optimal point found for initial point 6
Negative llh: 163.76365693987864
Dropout rate: 9.999999999999996e-11
Silencing rate: 1.0000000000000002e-10
Sigma: 1.8821554229314175
Initial point 7. Random seed: 5154
Solving with ultrametric constraint
Optimal point found for initial point 7
Negative llh: 187.77076489702605
Dropout rate: 1.1404373918937165e-09
Silencing rate: 3.114452719718212e-10
Sigma: 1.7838733414192889
Initial point 8. Random seed: 878
Solving with ultrametric constraint
Optimal point found for initial point 8
Negative llh: 163.7634763843778
Dropout rate: 1e-10
Silencing rate: 1e-10
Sigma: 1.88245691996295
Initial point 9. Random seed: 2524
Solving with ultrametric constraint
Optimal point found for initial point 9
Negative llh: 187.77039337434678
Dropout rate: 4.029355945161691e-10
Silencing rate: 1.3910289951727178e-10
Sigma: 1.7837643304424025
Initial point 10. Random seed: 4593
Solving with ultrametric constraint
Optimal point found for initial point 10
Negative llh: 163.76347655780302
Dropout rate: 6.944196992307323e-10
Silencing rate: 4.2189456837778045e-10
Sigma: 1.8824719735983617
Runtime (s): 749.5075087719597
