Launching Problin version 0.5b
Problin was called as follow: /u/gh2161/Spatial-Division/problin/run_problin.py -c real_location_data/s7c5/k10_r1_character_matrix.csv -t real_location_data/s7c5/true_tree.nwk -S real_location_data/s7c5/leaf_locations.txt --delimiter comma -p real_location_data/s7c5/k10_priors.csv -o real_location_data/s7c5/k10_r1_spalin.txt --nInitials 10 --ultrametric --randomreps 3
Optimization by Spalin: Scipy-SLSQP using spatial information
Optimizing branch lengths, phi, and nu without topology search
Initial point 1. Random seed: 1690
Solving with ultrametric constraint
Optimal point found for initial point 1
Negative llh: 142.47237316916568
Dropout rate: 8.813354342921303e-10
Silencing rate: 5.950183086368287e-10
Sigma: 3.6373099081850526
Lambda: 0.007054946913097064
Initial point 2. Random seed: 661
Solving with ultrametric constraint
Optimal point found for initial point 2
Negative llh: 142.47193989676228
Dropout rate: 1.0000000000000002e-10
Silencing rate: 1e-10
Sigma: 3.632473033253
Lambda: 0.007057963693954075
Initial point 3. Random seed: 1305
Solving with ultrametric constraint
Optimal point found for initial point 3
Negative llh: 166.46393441577604
Dropout rate: 4.3588461806636223e-10
Silencing rate: 1.480138502960816e-10
Sigma: 3.2557896760861356
Lambda: 0.0009766916416012951
Initial point 4. Random seed: 6249
Solving with ultrametric constraint
Optimal point found for initial point 4
Negative llh: 142.47193942777136
Dropout rate: 1e-10
Silencing rate: 1e-10
Sigma: 3.6325573907950592
Lambda: 0.007057397318109704
Initial point 5. Random seed: 7892
Solving with ultrametric constraint
Optimal point found for initial point 5
Negative llh: 166.46390582959833
Dropout rate: 1e-10
Silencing rate: 1e-10
Sigma: 3.2559047881905845
Lambda: 0.0009766918582765829
Initial point 6. Random seed: 5285
Solving with ultrametric constraint
Optimal point found for initial point 6
Negative llh: 142.4721430350783
Dropout rate: 1.0000000000000007e-10
Silencing rate: 9.999999999999996e-11
Sigma: 3.634704736829288
Lambda: 0.007056651119512426
Initial point 7. Random seed: 7998
Solving with ultrametric constraint
Optimal point found for initial point 7
Negative llh: 142.4719395834262
Dropout rate: 1e-10
Silencing rate: 1e-10
Sigma: 3.632253891809762
Lambda: 0.007056728916106686
Initial point 8. Random seed: 6742
Solving with ultrametric constraint
Optimal point found for initial point 8
Negative llh: 142.47193970480402
Dropout rate: 6.515584682121672e-10
Silencing rate: 3.701148714009232e-10
Sigma: 3.6323954433765935
Lambda: 0.007057071004860271
Initial point 9. Random seed: 7311
Solving with ultrametric constraint
Optimal point found for initial point 9
Negative llh: 166.46410665484734
Dropout rate: 4.3648840509619866e-10
Silencing rate: 1.4959725766017729e-10
Sigma: 3.2549147100414526
Lambda: 0.0009766867990745989
Initial point 10. Random seed: 9111
Solving with ultrametric constraint
Optimal point found for initial point 10
Negative llh: 166.463769302345
Dropout rate: 1.0000000000000002e-10
Silencing rate: 1e-10
Sigma: 3.2544830113047434
Lambda: 0.000976700842231147
{'lambda_param': 0.007057397318109704, 'phi': 1e-10, 'nu': 1e-10, 'sigma': 3.6325573907950592, 'locations': {'216_4': (178.0, 214.0), '216_3': (154.0, 258.0), '216_5': (150.0, 209.0), '216_7': (122.0, 175.0), '216_6': (103.0, 185.0), '216_9': (162.0, 180.0), '216_8': (165.0, 198.0), '216_11': (151.0, 142.0), '216_10': (172.0, 156.0), '216_13': (202.0, 164.0), '216_12': (187.0, 191.0), '216_15': (185.0, 120.0), '216_14': (198.0, 137.0)}}
Runtime (s): 94.84423431940377
