Launching Problin version 0.5b
Problin was called as follow: /u/gh2161/Spatial-Division/problin/run_problin.py -c real_location_data/s7c5/k10_r2_character_matrix.csv -t real_location_data/s7c5/true_tree.nwk -S real_location_data/s7c5/leaf_locations.txt --delimiter comma -p real_location_data/s7c5/k10_priors.csv -o real_location_data/s7c5/k10_r2_spalin-divide-beta05.txt --nInitials 10 --ultrametric --randomreps 3 --divide --radius 0.5
Optimization by Spalin-Divide: Scipy-SLSQP using spatial information
Optimizing branch lengths, phi, and nu without topology search
Initial point 1. Random seed: 5507
Solving with ultrametric constraint
Optimal point found for initial point 1
Negative llh: 166.18171226922624
Dropout rate: 1e-10
Silencing rate: 1e-10
Sigma: 1.8869193637333406
Initial point 2. Random seed: 6156
Solving with ultrametric constraint
Optimal point found for initial point 2
Negative llh: 184.01930203893392
Dropout rate: 2.5727649973747716e-10
Silencing rate: 1.275387726073913e-10
Sigma: 1.7490498954573095
Initial point 3. Random seed: 9529
Solving with ultrametric constraint
Optimal point found for initial point 3
Negative llh: 184.01975514063884
Dropout rate: 1.0000000000000002e-10
Silencing rate: 1e-10
Sigma: 1.748739746110709
Initial point 4. Random seed: 7543
Solving with ultrametric constraint
Optimal point found for initial point 4
Negative llh: 184.02041949637558
Dropout rate: 1.7212687547653497e-10
Silencing rate: 1.1225347737302418e-10
Sigma: 1.748650800784634
Initial point 5. Random seed: 7417
Solving with ultrametric constraint
Optimal point found for initial point 5
Negative llh: 184.01983887146028
Dropout rate: 5.703082404014453e-10
Silencing rate: 2.2864566991256688e-10
Sigma: 1.7487018304553803
Initial point 6. Random seed: 4771
Solving with ultrametric constraint
Optimal point found for initial point 6
Negative llh: 184.01958718018
Dropout rate: 1e-10
Silencing rate: 1e-10
Sigma: 1.7491317778575908
Initial point 7. Random seed: 379
Solving with ultrametric constraint
Optimal point found for initial point 7
Negative llh: 166.18170000927708
Dropout rate: 5.068781609382622e-10
Silencing rate: 2.558536061164081e-10
Sigma: 1.8866964852045192
Initial point 8. Random seed: 9334
Solving with ultrametric constraint
Optimal point found for initial point 8
Negative llh: 166.18176270695218
Dropout rate: 2.374345528188943e-10
Silencing rate: 1.6609821213073243e-10
Sigma: 1.8867997465583404
Initial point 9. Random seed: 5137
Solving with ultrametric constraint
Optimal point found for initial point 9
Negative llh: 184.01989787531357
Dropout rate: 1e-10
Silencing rate: 1e-10
Sigma: 1.748825983698557
Initial point 10. Random seed: 7776
Solving with ultrametric constraint
Optimal point found for initial point 10
Negative llh: 184.01987688245893
Dropout rate: 1e-10
Silencing rate: 1e-10
Sigma: 1.7487354274355402
Runtime (s): 381.539032548666
