Launching Problin version 0.5b
Problin was called as follow: /u/gh2161/Spatial-Division/problin/run_problin.py -c real_location_data/s7c5/k10_r2_character_matrix.csv -t real_location_data/s7c5/true_tree.nwk -S real_location_data/s7c5/leaf_locations.txt --delimiter comma -p real_location_data/s7c5/k10_priors.csv -o real_location_data/s7c5/k10_r2_spalin-divide-beta1.txt --nInitials 10 --ultrametric --randomreps 3 --divide --radius 1
Optimization by Spalin-Divide: Scipy-SLSQP using spatial information
Optimizing branch lengths, phi, and nu without topology search
Initial point 1. Random seed: 971
Solving with ultrametric constraint
Optimal point found for initial point 1
Negative llh: 165.43095389405352
Dropout rate: 1.0000000000000007e-10
Silencing rate: 9.999999999999996e-11
Sigma: 1.8623627137745944
Initial point 2. Random seed: 1315
Solving with ultrametric constraint
Optimal point found for initial point 2
Negative llh: 165.43102454657077
Dropout rate: 7.630122393851404e-10
Silencing rate: 4.425594784359746e-10
Sigma: 1.8622993467408266
Initial point 3. Random seed: 7552
Solving with ultrametric constraint
Optimal point found for initial point 3
Negative llh: 183.29967447437144
Dropout rate: 1e-10
Silencing rate: 1e-10
Sigma: 1.7277756738699075
Initial point 4. Random seed: 6755
Solving with ultrametric constraint
Optimal point found for initial point 4
Negative llh: 165.43094723066764
Dropout rate: 9.999999999999996e-11
Silencing rate: 1.0000000000000002e-10
Sigma: 1.862131878752693
Initial point 5. Random seed: 4442
Solving with ultrametric constraint
Optimal point found for initial point 5
Negative llh: 165.43094426975972
Dropout rate: 3.286716176143206e-10
Silencing rate: 2.220998574771354e-10
Sigma: 1.8622386415164183
Initial point 6. Random seed: 5941
Solving with ultrametric constraint
Optimal point found for initial point 6
Negative llh: 183.2993202226022
Dropout rate: 1e-10
Silencing rate: 1e-10
Sigma: 1.7281273574739306
Initial point 7. Random seed: 368
Solving with ultrametric constraint
Optimal point found for initial point 7
Negative llh: 183.29925556442254
Dropout rate: 3.5408709914141203e-10
Silencing rate: 1.2278045248064453e-10
Sigma: 1.7281932486443663
Initial point 8. Random seed: 4568
Solving with ultrametric constraint
Optimal point found for initial point 8
Negative llh: 183.2997459359552
Dropout rate: 1e-10
Silencing rate: 1e-10
Sigma: 1.7274747071426897
Initial point 9. Random seed: 8286
Solving with ultrametric constraint
Optimal point found for initial point 9
Negative llh: 183.2997980670274
Dropout rate: 1.0000000000000002e-10
Silencing rate: 1e-10
Sigma: 1.7275666029016967
Initial point 10. Random seed: 7394
Solving with ultrametric constraint
Optimal point found for initial point 10
Negative llh: 165.43101021165728
Dropout rate: 1e-10
Silencing rate: 1e-10
Sigma: 1.8619440868145911
Runtime (s): 545.729576323647
