Launching Problin version 0.5b
Problin was called as follow: /u/gh2161/Spatial-Division/problin/run_problin.py -c real_location_data/s7c5/k10_r5_character_matrix.csv -t real_location_data/s7c5/true_tree.nwk --delimiter comma -p real_location_data/s7c5/k10_priors.csv -o real_location_data/s7c5/k10_r5_problin.txt --nInitials 10 --ultrametric --randomreps 3 --solver Scipy
Optimization by generic solver (Scipy-SLSQP)
Optimizing branch lengths, phi, and nu without topology search
Initial point 1. Random seed: 7604
Solving with ultrametric constraint
Optimal point found for initial point 1
Negative llh: 41.68818583714462
Dropout rate: 1e-10
Silencing rate: 1e-10
Lambda: 0.004601299770865865
Initial point 2. Random seed: 321
Solving with ultrametric constraint
Optimal point found for initial point 2
Negative llh: 54.048453186701316
Dropout rate: 2.970331519990769e-10
Silencing rate: 1.5268145318734246e-10
Lambda: 0.00097679263263779
Initial point 3. Random seed: 3730
Solving with ultrametric constraint
Optimal point found for initial point 3
Negative llh: 54.04843552717289
Dropout rate: 1.0000000000000002e-10
Silencing rate: 1e-10
Lambda: 0.000976790365562518
Initial point 4. Random seed: 4327
Solving with ultrametric constraint
Optimal point found for initial point 4
Negative llh: 54.04837368204119
Dropout rate: 8.912829521156517e-10
Silencing rate: 1.3509046957465987e-10
Lambda: 0.0009767945130999918
Initial point 5. Random seed: 9354
Solving with ultrametric constraint
Optimal point found for initial point 5
Negative llh: 54.048397041786224
Dropout rate: 1e-10
Silencing rate: 1e-10
Lambda: 0.000976792270410557
Initial point 6. Random seed: 2534
Solving with ultrametric constraint
Optimal point found for initial point 6
Negative llh: 54.04826904600491
Dropout rate: 4.4705894353183497e-10
Silencing rate: 1.2083705739244025e-10
Lambda: 0.0009768024732240308
Initial point 7. Random seed: 6190
Solving with ultrametric constraint
Optimal point found for initial point 7
Negative llh: 54.04844353678734
Dropout rate: 9.129370192212398e-10
Silencing rate: 2.1907771313496762e-10
Lambda: 0.0009767925335239722
Initial point 8. Random seed: 674
Solving with ultrametric constraint
Optimal point found for initial point 8
Negative llh: 41.688186097615464
Dropout rate: 3.016579412766254e-10
Silencing rate: 1.4442180231104974e-10
Lambda: 0.004601384859084175
Initial point 9. Random seed: 6053
Solving with ultrametric constraint
Optimal point found for initial point 9
Negative llh: 54.04840705287921
Dropout rate: 5.897590985895467e-10
Silencing rate: 1.922249029272389e-10
Lambda: 0.0009767920120517866
Initial point 10. Random seed: 5569
Solving with ultrametric constraint
Optimal point found for initial point 10
Negative llh: 54.048397653577446
Dropout rate: 2.761415945393909e-10
Silencing rate: 1.2055118502213015e-10
Lambda: 0.0009767921330304857
{'phi': 1e-10, 'nu': 1e-10, 'lambda_param': 0.004601299770865865}
Runtime (s): 24.39705502986908
