Launching Problin version 0.5b
Problin was called as follow: /u/gh2161/Spatial-Division/problin/run_problin.py -c real_location_data/s7c5/k10_r5_character_matrix.csv -t real_location_data/s7c5/true_tree.nwk -S real_location_data/s7c5/leaf_locations.txt --delimiter comma -p real_location_data/s7c5/k10_priors.csv -o real_location_data/s7c5/k10_r5_spalin-divide-beta1.txt --nInitials 10 --ultrametric --randomreps 3 --divide --radius 1
Optimization by Spalin-Divide: Scipy-SLSQP using spatial information
Optimizing branch lengths, phi, and nu without topology search
Initial point 1. Random seed: 3938
Solving with ultrametric constraint
Optimal point found for initial point 1
Negative llh: 155.21128921572412
Dropout rate: 2.513035340788383e-10
Silencing rate: 1.3689220399892496e-10
Sigma: 2.0838166524239763
Initial point 2. Random seed: 8957
Solving with ultrametric constraint
Optimal point found for initial point 2
Negative llh: 167.03952503158666
Dropout rate: 1.0000000000000002e-10
Silencing rate: 1e-10
Sigma: 1.8909311708405943
Initial point 3. Random seed: 3855
Solving with ultrametric constraint
Optimal point found for initial point 3
Negative llh: 167.03986206187102
Dropout rate: 2.8469212055783666e-10
Silencing rate: 1.3733538568160337e-10
Sigma: 1.8909318581501393
Initial point 4. Random seed: 1972
Solving with ultrametric constraint
Optimal point found for initial point 4
Negative llh: 167.03989651858782
Dropout rate: 7.999589550809171e-10
Silencing rate: 2.987968201422544e-10
Sigma: 1.8916548787175833
Initial point 5. Random seed: 3610
Solving with ultrametric constraint
Optimal point found for initial point 5
Negative llh: 155.21128940539575
Dropout rate: 1e-10
Silencing rate: 1e-10
Sigma: 2.0840304480390315
Initial point 6. Random seed: 164
Solving with ultrametric constraint
Optimal point found for initial point 6
Negative llh: 167.03927892817285
Dropout rate: 9.999999999999996e-11
Silencing rate: 1.0000000000000002e-10
Sigma: 1.8909796137109978
Initial point 7. Random seed: 1439
Solving with ultrametric constraint
Optimal point found for initial point 7
Negative llh: 167.03941595096873
Dropout rate: 4.497363443278429e-10
Silencing rate: 1.644103932103291e-10
Sigma: 1.890412732723575
Initial point 8. Random seed: 1025
Solving with ultrametric constraint
Optimal point found for initial point 8
Negative llh: 167.0400373856833
Dropout rate: 1.0000000000000002e-10
Silencing rate: 1e-10
Sigma: 1.8920511002870195
Initial point 9. Random seed: 4374
Solving with ultrametric constraint
Optimal point found for initial point 9
Negative llh: 155.2112890447725
Dropout rate: 1.0652707950341846e-09
Silencing rate: 3.853652058593378e-10
Sigma: 2.0838523759152694
Initial point 10. Random seed: 8964
Solving with ultrametric constraint
Optimal point found for initial point 10
Negative llh: 155.21128898148086
Dropout rate: 1.0000000000000002e-10
Silencing rate: 1.0000000000000002e-10
Sigma: 2.0839016948060856
Runtime (s): 331.8185553047806
