Launching Problin version 0.5b
Problin was called as follow: /u/gh2161/Spatial-Division/problin/run_problin.py -c real_location_data/s7c5/k10_r5_character_matrix.csv -t real_location_data/s7c5/true_tree.nwk -S real_location_data/s7c5/leaf_locations.txt --delimiter comma -p real_location_data/s7c5/k10_priors.csv -o real_location_data/s7c5/k10_r5_spalin-divide-beta05.txt --nInitials 10 --ultrametric --randomreps 3 --divide --radius 0.5
Optimization by Spalin-Divide: Scipy-SLSQP using spatial information
Optimizing branch lengths, phi, and nu without topology search
Initial point 1. Random seed: 7289
Solving with ultrametric constraint
Optimal point found for initial point 1
Negative llh: 155.99606056030353
Dropout rate: 8.576182665150483e-10
Silencing rate: 3.0046347634087444e-10
Sigma: 2.1105807427803627
Initial point 2. Random seed: 519
Solving with ultrametric constraint
Optimal point found for initial point 2
Negative llh: 167.8044167358628
Dropout rate: 8.048478466354585e-10
Silencing rate: 1.539598493539421e-10
Sigma: 1.9136385432395813
Initial point 3. Random seed: 8217
Solving with ultrametric constraint
Optimal point found for initial point 3
Negative llh: 155.9960605882307
Dropout rate: 1e-10
Silencing rate: 1e-10
Sigma: 2.110578205928255
Initial point 4. Random seed: 1903
Solving with ultrametric constraint
Optimal point found for initial point 4
Negative llh: 155.99606038469653
Dropout rate: 7.619835552585765e-10
Silencing rate: 2.674927591473305e-10
Sigma: 2.110675906875159
Initial point 5. Random seed: 3803
Solving with ultrametric constraint
Optimal point found for initial point 5
Negative llh: 167.80463565346486
Dropout rate: 1.9033610758150352e-10
Silencing rate: 1.0895883761711376e-10
Sigma: 1.9139927018978857
Initial point 6. Random seed: 4556
Solving with ultrametric constraint
Optimal point found for initial point 6
Negative llh: 155.9961400328225
Dropout rate: 9.944604344596274e-10
Silencing rate: 3.99014403429052e-10
Sigma: 2.111203866524066
Initial point 7. Random seed: 2323
Solving with ultrametric constraint
Optimal point found for initial point 7
Negative llh: 167.80449642441806
Dropout rate: 1.645667640510251e-10
Silencing rate: 1.0813822539346369e-10
Sigma: 1.9132672651002944
Initial point 8. Random seed: 7108
Solving with ultrametric constraint
Optimal point found for initial point 8
Negative llh: 167.8046021880109
Dropout rate: 1.0000000000000002e-10
Silencing rate: 1e-10
Sigma: 1.9131034033801604
Initial point 9. Random seed: 8581
Solving with ultrametric constraint
Optimal point found for initial point 9
Negative llh: 155.9960603874349
Dropout rate: 8.174432594201731e-10
Silencing rate: 3.569832045198404e-10
Sigma: 2.1106840786230308
Initial point 10. Random seed: 902
Solving with ultrametric constraint
Optimal point found for initial point 10
Negative llh: 167.80463873927226
Dropout rate: 1.0000000000000002e-10
Silencing rate: 1e-10
Sigma: 1.9129285576245512
Runtime (s): 418.9091780371964
