Launching Problin version 0.5b
Problin was called as follow: /u/gh2161/Spatial-Division/problin/run_problin.py -c real_location_data/s7c5/k10_r5_character_matrix.csv -t real_location_data/s7c5/true_tree.nwk -S real_location_data/s7c5/leaf_locations.txt --delimiter comma -p real_location_data/s7c5/k10_priors.csv -o real_location_data/s7c5/k10_r5_spalin-divide-beta5_10_range.txt --nInitials 10 --ultrametric --randomreps 3 --divide --given_lower_beta 5 --given_upper_beta 10 --incl_beta_bound
Optimization by Spalin-Divide: Scipy-SLSQP using spatial information
{'sigma': 22, 'nu': 1e-10, 'phi': 1e-10, 'lower_beta': 5.0, 'upper_beta': 10.0, 'incl_beta_bound': True, 'displacement_amounts': {}}
Optimizing branch lengths, phi, and nu without topology search
Initial point 1. Random seed: 4547
Solving with ultrametric constraint
Optimal point found for initial point 1
Negative llh: 146.1537002693915
Dropout rate: 8.909326512889048e-09
Silencing rate: 2.774249730161502e-09
Sigma: 7.31801865396807
Initial point 2. Random seed: 3301
Solving with ultrametric constraint
Optimal point found for initial point 2
Negative llh: 146.10993928549019
Dropout rate: 1.0000988644153544e-10
Silencing rate: 1.1212991581454849e-09
Sigma: 7.300301143567242
Initial point 3. Random seed: 957
Solving with ultrametric constraint
Optimal point found for initial point 3
Negative llh: 150.95661710584824
Dropout rate: 1.1568837725335656e-08
Silencing rate: 3.168988388265838e-09
Sigma: 7.683859281511661
Initial point 4. Random seed: 8562
Solving with ultrametric constraint
Optimal point found for initial point 4
Negative llh: 151.07353932267185
Dropout rate: 1e-10
Silencing rate: 1e-10
Sigma: 7.708188214303607
Initial point 5. Random seed: 2692
Solving with ultrametric constraint
Optimal point found for initial point 5
Negative llh: 150.98284487707272
Dropout rate: 8.102568553918356e-10
Silencing rate: 2.7764025547605757e-10
Sigma: 7.684130502963363
Initial point 6. Random seed: 9483
Solving with ultrametric constraint
Optimal point found for initial point 6
Negative llh: 144.91080114733774
Dropout rate: 1e-10
Silencing rate: 1e-10
Sigma: 6.906762834553865
Initial point 7. Random seed: 3544
Solving with ultrametric constraint
Optimal point found for initial point 7
Negative llh: 149.44159979668353
Dropout rate: 1e-10
Silencing rate: 1e-10
Sigma: 7.709988885517529
Initial point 8. Random seed: 6860
Solving with ultrametric constraint
Optimal point found for initial point 8
Negative llh: 149.5776262896028
Dropout rate: 3.0277775262317064e-08
Silencing rate: 9.85591048896449e-09
Sigma: 7.502539046567868
Initial point 9. Random seed: 9525
Solving with ultrametric constraint
Optimal point found for initial point 9
Negative llh: 151.10175634850037
Dropout rate: 1.2204619897184827e-10
Silencing rate: 1.0546054829991244e-10
Sigma: 7.7418350321739196
Initial point 10. Random seed: 9120
Solving with ultrametric constraint
Optimal point found for initial point 10
Negative llh: 151.09419881694063
Dropout rate: 9.999999999999428e-11
Silencing rate: 1.000000000000009e-10
Sigma: 7.66097679670807
Runtime (s): 496.1332250200212
