Launching Problin version 0.5b
Problin was called as follow: /u/gh2161/Spatial-Division/problin/run_problin.py -c real_location_data/s7c5/k10_r3_character_matrix.csv -t real_location_data/s7c5/true_tree.nwk -S real_location_data/s7c5/leaf_locations.txt --delimiter comma -p real_location_data/s7c5/k10_priors.csv -o real_location_data/s7c5/k10_r3_spalin-divide-beta2.txt --nInitials 10 --ultrametric --randomreps 3 --divide --given_beta 2 --incl_beta_bound
Optimization by Spalin-Divide: Scipy-SLSQP using spatial information
Optimizing branch lengths, phi, and nu without topology search
Initial point 1. Random seed: 5237
Solving with ultrametric constraint
Optimal point found for initial point 1
Negative llh: 161.29250392844096
Dropout rate: 1.0000000000000002e-10
Silencing rate: 1e-10
Sigma: 6.830714541549993
Initial point 2. Random seed: 555
Solving with ultrametric constraint
Optimal point found for initial point 2
Negative llh: 161.2925049656439
Dropout rate: 7.272972852337482e-10
Silencing rate: 4.389012933783345e-10
Sigma: 6.830866003412656
Initial point 3. Random seed: 9598
Solving with ultrametric constraint
Optimal point found for initial point 3
Negative llh: 161.29250487391616
Dropout rate: 9.918132183168148e-10
Silencing rate: 4.594908509365934e-10
Sigma: 6.831081739662928
Initial point 4. Random seed: 6266
Solving with ultrametric constraint
Optimal point found for initial point 4
Negative llh: 161.29250402785348
Dropout rate: 1.2463360309038236e-10
Silencing rate: 1.374003785243038e-10
Sigma: 6.830751090291237
Initial point 5. Random seed: 4307
Solving with ultrametric constraint
Optimal point found for initial point 5
Negative llh: 161.29250444353556
Dropout rate: 1.0760524114923083e-09
Silencing rate: 6.533118703227014e-10
Sigma: 6.83048562527896
Initial point 6. Random seed: 2466
Solving with ultrametric constraint
Optimal point found for initial point 6
Negative llh: 161.2925051291163
Dropout rate: 1.0000000000000002e-10
Silencing rate: 1.0000000000000002e-10
Sigma: 6.830437372819284
Initial point 7. Random seed: 5445
Solving with ultrametric constraint
Optimal point found for initial point 7
Negative llh: 161.29250497409026
Dropout rate: 2.3903294426265005e-10
Silencing rate: 1.6623532828754828e-10
Sigma: 6.830930904872939
Initial point 8. Random seed: 2742
Solving with ultrametric constraint
Optimal point found for initial point 8
Negative llh: 161.29250465911736
Dropout rate: 1e-10
Silencing rate: 1e-10
Sigma: 6.831246938502395
Initial point 9. Random seed: 264
Solving with ultrametric constraint
Optimal point found for initial point 9
Negative llh: 161.2925052442601
Dropout rate: 1e-10
Silencing rate: 1e-10
Sigma: 6.830987073163734
Initial point 10. Random seed: 9501
Solving with ultrametric constraint
Optimal point found for initial point 10
Negative llh: 161.29250408194673
Dropout rate: 1e-10
Silencing rate: 1e-10
Sigma: 6.830737072124843
Runtime (s): 390.78731071576476
