Launching Problin version 0.5b
Problin was called as follow: /u/gh2161/Spatial-Division/problin/run_problin.py -c real_location_data/s7c5/k10_r4_character_matrix.csv -t real_location_data/s7c5/true_tree.nwk -S real_location_data/s7c5/leaf_locations.txt --delimiter comma -p real_location_data/s7c5/k10_priors.csv -o real_location_data/s7c5/k10_r4_spalin-divide-beta3.txt --nInitials 10 --ultrametric --randomreps 3 --divide --radius 3
Optimization by Spalin-Divide: Scipy-SLSQP using spatial information
Optimizing branch lengths, phi, and nu without topology search
Initial point 1. Random seed: 1276
Solving with ultrametric constraint
Optimal point found for initial point 1
Negative llh: 154.134544703259
Dropout rate: 4.969268897400366e-10
Silencing rate: 3.341059639885776e-10
Sigma: 1.8752367701832848
Initial point 2. Random seed: 4951
Solving with ultrametric constraint
Optimal point found for initial point 2
Negative llh: 180.235634334866
Dropout rate: 1.7358659307548634e-10
Silencing rate: 1.156955952381887e-10
Sigma: 1.829686019904181
Initial point 3. Random seed: 7329
Solving with ultrametric constraint
Optimal point found for initial point 3
Negative llh: 154.13457236806647
Dropout rate: 8.182798418001582e-10
Silencing rate: 5.73096678225687e-10
Sigma: 1.8750785452354883
Initial point 4. Random seed: 1380
Solving with ultrametric constraint
Optimal point found for initial point 4
Negative llh: 180.2356170219909
Dropout rate: 2.192310157587918e-10
Silencing rate: 1.1318228272343987e-10
Sigma: 1.8293489303409391
Initial point 5. Random seed: 6881
Solving with ultrametric constraint
Optimal point found for initial point 5
Negative llh: 180.23613384998094
Dropout rate: 1.0000000000000002e-10
Silencing rate: 1e-10
Sigma: 1.8301733488090308
Initial point 6. Random seed: 4332
Solving with ultrametric constraint
Optimal point found for initial point 6
Negative llh: 154.13454452592424
Dropout rate: 1.0000000000000002e-10
Silencing rate: 1.0000000000000002e-10
Sigma: 1.8752489439055786
Initial point 7. Random seed: 2183
Solving with ultrametric constraint
Optimal point found for initial point 7
Negative llh: 154.13454473037692
Dropout rate: 1.3510646420575653e-09
Silencing rate: 8.686793140984642e-10
Sigma: 1.875314781209067
Initial point 8. Random seed: 5397
Solving with ultrametric constraint
Optimal point found for initial point 8
Negative llh: 154.13454455916784
Dropout rate: 2.631499412871712e-10
Silencing rate: 1.7329565153688785e-10
Sigma: 1.875190852968915
Initial point 9. Random seed: 191
Solving with ultrametric constraint
Optimal point found for initial point 9
Negative llh: 154.13454493087224
Dropout rate: 2.1248788733874017e-09
Silencing rate: 1.3234593969214762e-09
Sigma: 1.8751707791665404
Initial point 10. Random seed: 1872
Solving with ultrametric constraint
Optimal point found for initial point 10
Negative llh: 180.235862252942
Dropout rate: 2.641890295500093e-10
Silencing rate: 1.3026327029484714e-10
Sigma: 1.8297439689377835
Runtime (s): 353.378657463938
