Launching Problin version 0.5b
Problin was called as follow: /u/gh2161/Spatial-Division/problin/run_problin.py -c intmem_real_data/s16c3/characters.txt -t intmem_real_data/s16c3/true_tree.nwk -S intmem_real_data/s16c3/leaf_locations.txt --delimiter comma -p intmem_real_data/s16c3/prior.csv -o intmem_real_data/s16c3/spalin.txt --nInitials 10 --ultrametric --randomreps 3
Optimization by Spalin: Scipy-SLSQP using spatial information
Optimizing branch lengths, phi, and nu without topology search
Initial point 1. Random seed: 6434
Solving with ultrametric constraint
Optimal point found for initial point 1
Negative llh: 92.32301188577705
Dropout rate: 1e-10
Silencing rate: 1e-10
Sigma: 3.995206333280502
Lambda: 0.0032953243990933067
Initial point 2. Random seed: 8201
Solving with ultrametric constraint
Optimal point found for initial point 2
Negative llh: 92.32301213609821
Dropout rate: 2.7434914567392e-10
Silencing rate: 1.952418695647494e-10
Sigma: 3.9948393677647345
Lambda: 0.0032955054215481317
Initial point 3. Random seed: 2349
Solving with ultrametric constraint
Optimal point found for initial point 3
Negative llh: 98.83468573980028
Dropout rate: 1.660383838151054e-10
Silencing rate: 1.2847026845353245e-10
Sigma: 3.7139200800055296
Lambda: 0.0009766496041408589
Initial point 4. Random seed: 7223
Solving with ultrametric constraint
Optimal point found for initial point 4
Negative llh: 92.32301198863203
Dropout rate: 1e-10
Silencing rate: 1e-10
Sigma: 3.9949826841742775
Lambda: 0.003295283588219065
Initial point 5. Random seed: 8610
Solving with ultrametric constraint
Optimal point found for initial point 5
Negative llh: 92.32301220430712
Dropout rate: 1.5243495945861668e-10
Silencing rate: 1.2603081169109305e-10
Sigma: 3.9950138184979522
Lambda: 0.0032959896238732795
Initial point 6. Random seed: 6378
Solving with ultrametric constraint
Optimal point found for initial point 6
Negative llh: 92.3230129618317
Dropout rate: 1.5144825715166486e-10
Silencing rate: 1.2430951395589938e-10
Sigma: 3.994367097847239
Lambda: 0.003295149384853369
Initial point 7. Random seed: 234
Solving with ultrametric constraint
Optimal point found for initial point 7
Negative llh: 92.32301192534067
Dropout rate: 1.0000000000000002e-10
Silencing rate: 1e-10
Sigma: 3.9951049921580384
Lambda: 0.0032954486871151797
Initial point 8. Random seed: 8171
Solving with ultrametric constraint
Optimal point found for initial point 8
Negative llh: 92.3230120578126
Dropout rate: 1.0208625001841762e-10
Silencing rate: 1.0079284780539523e-10
Sigma: 3.995529959786954
Lambda: 0.0032955970906592743
Initial point 9. Random seed: 3386
Solving with ultrametric constraint
Optimal point found for initial point 9
Negative llh: 98.83288249193575
Dropout rate: 1.0000000000000002e-10
Silencing rate: 1e-10
Sigma: 3.708218647490739
Lambda: 0.0009766628974248312
Initial point 10. Random seed: 2152
Solving with ultrametric constraint
Optimal point found for initial point 10
Negative llh: 92.32301197314533
Dropout rate: 1.1279659539578813e-10
Silencing rate: 1.0760017912411834e-10
Sigma: 3.995004588045007
Lambda: 0.00329532974959094
{'lambda_param': 0.0032953243990933067, 'phi': 1e-10, 'nu': 1e-10, 'sigma': 3.995206333280502, 'locations': {'216_2': (344.0, 225.0), '216_1': (367.0, 217.0), '216_4': (306.0, 164.0), '216_3': (316.0, 187.0), '216_12': (300.0, 66.0), '216_11': (280.0, 79.0), '216_10': (303.0, 77.0)}}
Runtime (s): 23.93337906524539
