Launching Problin version 0.5b
Problin was called as follow: /u/gh2161/Spatial-Division/problin/run_problin.py -c intmem_real_data/s20c5/characters.txt -t intmem_real_data/s20c5/true_tree.nwk -S intmem_real_data/s20c5/leaf_locations.txt --delimiter comma -p intmem_real_data/s20c5/prior.csv -o intmem_real_data/s20c5/spalin.txt --nInitials 10 --ultrametric --randomreps 3
Optimization by Spalin: Scipy-SLSQP using spatial information
Optimizing branch lengths, phi, and nu without topology search
Initial point 1. Random seed: 9588
Solving with ultrametric constraint
Optimal point found for initial point 1
Negative llh: 206.97829163485295
Dropout rate: 7.928529315087023e-10
Silencing rate: 2.0734040740180034e-09
Sigma: 2.601210038381275
Lambda: 0.006395331166156648
Initial point 2. Random seed: 8465
Solving with ultrametric constraint
Optimal point found for initial point 2
Negative llh: 206.9781929643251
Dropout rate: 7.42261680639984e-10
Silencing rate: 7.336406663299727e-10
Sigma: 2.601039135521445
Lambda: 0.006396004187873175
Initial point 3. Random seed: 3015
Solving with ultrametric constraint
Optimal point found for initial point 3
Negative llh: 206.97841030790943
Dropout rate: 4.6015798925122156e-10
Silencing rate: 1.1740970252747799e-09
Sigma: 2.6018693584272437
Lambda: 0.006396291092858373
Initial point 4. Random seed: 8138
Solving with ultrametric constraint
Optimal point found for initial point 4
Negative llh: 206.9781387095466
Dropout rate: 1.0001400146895826e-10
Silencing rate: 1.0001196857773657e-10
Sigma: 2.601648950418793
Lambda: 0.006396259260402225
Initial point 5. Random seed: 1479
Solving with ultrametric constraint
Optimal point found for initial point 5
Negative llh: 206.97811611931763
Dropout rate: 1.4825774553157997e-10
Silencing rate: 1.4445319256218825e-10
Sigma: 2.601624032451181
Lambda: 0.0063958272838835015
Initial point 6. Random seed: 3615
Solving with ultrametric constraint
Optimal point found for initial point 6
Negative llh: 206.97822219236065
Dropout rate: 6.150288407276283e-10
Silencing rate: 5.630993142280926e-10
Sigma: 2.60132150519779
Lambda: 0.0063952339436777784
Initial point 7. Random seed: 4318
Solving with ultrametric constraint
Optimal point found for initial point 7
Negative llh: 206.9787218451433
Dropout rate: 2.372000178029028e-10
Silencing rate: 2.204008337145778e-10
Sigma: 2.60129140131671
Lambda: 0.006395240786768454
Initial point 8. Random seed: 3657
Solving with ultrametric constraint
Optimal point found for initial point 8
Negative llh: 206.97913407680045
Dropout rate: 1e-10
Silencing rate: 1e-10
Sigma: 2.6022859498648256
Lambda: 0.006398305542177461
Initial point 9. Random seed: 8107
Solving with ultrametric constraint
Optimal point found for initial point 9
Negative llh: 206.97835930144663
Dropout rate: 1e-10
Silencing rate: 1e-10
Sigma: 2.6022843136091782
Lambda: 0.006396492274648136
Initial point 10. Random seed: 3354
Solving with ultrametric constraint
Optimal point found for initial point 10
Negative llh: 206.9781198149982
Dropout rate: 1.542785122125414e-09
Silencing rate: 1.36939250181003e-09
Sigma: 2.601881047001302
Lambda: 0.006395863864888042
{'lambda_param': 0.0063958272838835015, 'phi': 1.4825774553157997e-10, 'nu': 1.4445319256218825e-10, 'sigma': 2.601624032451181, 'locations': {'216_10': (160.0, 222.0), '216_9': (172.0, 232.0), '216_8': (202.0, 220.0), '216_7': (145.0, 259.0), '216_14': (247.0, 227.0), '216_13': (218.0, 223.0), '216_12': (189.0, 213.0), '216_11': (176.0, 223.0), '216_1': (259.0, 258.0), '216_6': (233.0, 221.0), '216_5': (191.0, 224.0), '216_4': (123.0, 244.0), '216_3': (159.0, 235.0), '216_2': (152.0, 296.0)}}
Runtime (s): 183.88219926320016
