Launching Problin version 0.5b
Problin was called as follow: /u/gh2161/Spatial-Division/problin/run_problin.py -c real_location_data/s13c1/k10_r1_character_matrix.csv -t real_location_data/s13c1/true_tree.nwk -S real_location_data/s13c1/leaf_locations.txt --delimiter comma -p real_location_data/s13c1/k10_priors.csv -o real_location_data/s13c1/k10_r1_spalin-divide-beta20.txt --nInitials 10 --ultrametric --randomreps 3 --divide --given_beta 20 --incl_beta_bound
Optimization by Spalin-Divide: Scipy-SLSQP using spatial information
Optimizing branch lengths, phi, and nu without topology search
Initial point 1. Random seed: 1104
Solving with ultrametric constraint
Fatal: failed to optimize using initial point 1
Initial point 2. Random seed: 1654
Solving with ultrametric constraint
Optimal point found for initial point 2
Negative llh: 453.44622549552963
Dropout rate: 4.49881541661606e-09
Silencing rate: 2.1620145841175436e-09
Sigma: 4.19674363482048
Initial point 3. Random seed: 3822
Solving with ultrametric constraint
Fatal: failed to optimize using initial point 3
Initial point 4. Random seed: 6823
Solving with ultrametric constraint
Fatal: failed to optimize using initial point 4
Initial point 5. Random seed: 1619
Solving with ultrametric constraint
Optimal point found for initial point 5
Negative llh: 453.44621798967694
Dropout rate: 8.304418403540653e-10
Silencing rate: 4.498337521396153e-10
Sigma: 4.196649288449275
Initial point 6. Random seed: 2105
Solving with ultrametric constraint
Fatal: failed to optimize using initial point 6
Initial point 7. Random seed: 7402
Solving with ultrametric constraint
Optimal point found for initial point 7
Negative llh: 453.4462318305971
Dropout rate: 2.834702626196738e-09
Silencing rate: 1.3806480548877966e-09
Sigma: 4.19667506720663
Initial point 8. Random seed: 1794
Solving with ultrametric constraint
Fatal: failed to optimize using initial point 8
Initial point 9. Random seed: 5307
Solving with ultrametric constraint
Fatal: failed to optimize using initial point 9
Initial point 10. Random seed: 4156
Solving with ultrametric constraint
Fatal: failed to optimize using initial point 10
Runtime (s): 20540.960655342788
