Launching Problin version 0.5b
Problin was called as follow: /u/gh2161/Spatial-Division/problin/run_problin.py -c real_location_data/s13c1/k10_r2_character_matrix.csv -t real_location_data/s13c1/true_tree.nwk -S real_location_data/s13c1/leaf_locations.txt --delimiter comma -p real_location_data/s13c1/k10_priors.csv -o real_location_data/s13c1/k10_r2_spalin-divide-ignore-beta.txt --nInitials 10 --ultrametric --randomreps 3 --divide
Optimization by Spalin-Divide: Scipy-SLSQP using spatial information
Optimizing branch lengths, phi, and nu without topology search
We need to optimize the radius
Initial point 1. Random seed: 9440
Solving with ultrametric constraint
Optimal point found for initial point 1
Negative llh: 445.98014289521313
Dropout rate: 3.6941110155562747e-09
Silencing rate: 1.90163429144757e-09
Sigma: 1.219252311543539
Lambda: 0.0055714938879205785
Initial point 2. Random seed: 9172
Solving with ultrametric constraint
Optimal point found for initial point 2
Negative llh: 445.97879087225726
Dropout rate: 4.197003409566348e-09
Silencing rate: 1.5818750034411636e-09
Sigma: 1.2194047638784713
Lambda: 0.005567795131939191
Initial point 3. Random seed: 4497
Solving with ultrametric constraint
Optimal point found for initial point 3
Negative llh: 445.97909728703087
Dropout rate: 1e-10
Silencing rate: 1.4594685594249277e-10
Sigma: 1.2199084426249496
Lambda: 0.005566198509366164
Initial point 4. Random seed: 1942
Solving with ultrametric constraint
Optimal point found for initial point 4
Negative llh: 445.97938450301183
Dropout rate: 1.1787656730551281e-08
Silencing rate: 4.326232098178557e-09
Sigma: 1.219209177676481
Lambda: 0.0055692333042392395
Initial point 5. Random seed: 5855
Solving with ultrametric constraint
Optimal point found for initial point 5
Negative llh: 445.9807564859346
Dropout rate: 3.758976643709188e-08
Silencing rate: 2.4406775440475326e-08
Sigma: 1.2197265438057128
Lambda: 0.005569275586046269
Initial point 6. Random seed: 492
Solving with ultrametric constraint
Fatal: failed to optimize using initial point 6
Initial point 7. Random seed: 7770
Solving with ultrametric constraint
Optimal point found for initial point 7
Negative llh: 445.97955937493975
Dropout rate: 9.032425757144535e-09
Silencing rate: 3.5966563781151592e-09
Sigma: 1.2196265652430631
Lambda: 0.005567387899183888
Initial point 8. Random seed: 5992
Solving with ultrametric constraint
Fatal: failed to optimize using initial point 8
Initial point 9. Random seed: 51
Solving with ultrametric constraint
Fatal: failed to optimize using initial point 9
Initial point 10. Random seed: 4082
Solving with ultrametric constraint
Fatal: failed to optimize using initial point 10
{'lambda_param': 0.005567795131939191, 'phi': 4.197003409566348e-09, 'nu': 1.5818750034411636e-09, 'sigma': 1.2194047638784713, 'locations': {'216_6': (94.0, 220.0), '216_5': (103.0, 235.0), '216_8': (116.0, 193.0), '216_7': (81.0, 237.0), '216_4': (102.0, 207.0), '216_3': (50.0, 259.0), '216_2': (92.0, 237.0), '216_1': (97.0, 254.0), '216_12': (158.0, 250.0), '216_10': (192.0, 293.0), '216_9': (179.0, 317.0), '216_16': (187.0, 157.0), '216_15': (177.0, 172.0), '216_14': (115.0, 215.0), '216_13': (129.0, 231.0), '216_34': (149.0, 208.0), '216_33': (135.0, 221.0), '216_36': (166.0, 207.0), '216_35': (159.0, 228.0), '216_44': (201.0, 227.0), '216_43': (204.0, 253.0), '216_46': (188.0, 188.0), '216_45': (202.0, 217.0), '216_20': (183.0, 282.0), '216_19': (174.0, 294.0), '216_18': (158.0, 299.0), '216_17': (168.0, 327.0), '216_24': (120.0, 239.0), '216_23': (157.0, 264.0), '216_22': (108.0, 250.0), '216_21': (128.0, 275.0), '216_32': (169.0, 225.0), '216_31': (189.0, 238.0), '216_30': (156.0, 238.0), '216_29': (135.0, 243.0), '216_28': (171.0, 271.0), '216_27': (147.0, 276.0), '216_26': (128.0, 291.0), '216_25': (144.0, 289.0)}, 'radius': 12.199295861199133, 'thetas': {'192_24': 6.158728134944013, '196_27': 2.936195405920695, '158_13': 2.492864971865357, '197_29': 2.9078479360625744, '199_31': 6.8595652396725715, '163_15': 9.16227301391126, '116_6': 1.8803748486985983, '188_17': 7.179151806829505, '191_19': 6.877276287950542, '155_10': 2.6092850733674746, '191_15': 1.2277312844561827, '191_16': 2.213987716711148, '156_9': 2.1461942429725003, '117_5': 3.941342053969463, '67_3': 4.866641444756509, '197_37': 1.1209882088052792, '198_37': 7.739093637762981, '163_19': 4.519244514861993, '205_34': 1.8925474871190557, '211_33': 2.393249877173367, '170_17': 0.14644689806485423, '74_5': 0.08911055363720255, '23_2': 1.974924913015708, '180_9': 0.8522113202452574, '185_11': 8.442068490782148, '131_6': 2.4062377034411324, '191_9': 2.0671568877051882, '140_5': 7.3866212012144645, '75_2': -1.8445336786688749, '174_1': 1.284811372090304, '177_3': 2.356189801581121, '126_1': 0.5640473826061914, '185_6': 8.525751060475045, '187_5': 1.0300158159795805, '130_3': -1.7024569190733552, '76_1': 2.25588536889071, '27_1': 0.06034639235967408, 'virtual': 0.36439010736871186}}
Runtime (s): 6330.135378593579
