Launching Problin version 0.5b
Problin was called as follow: /u/gh2161/Spatial-Division/problin/run_problin.py -c real_location_data/s5c7/k10_r4_character_matrix.csv -t real_location_data/s5c7/true_tree.nwk -S real_location_data/s5c7/leaf_locations.txt --delimiter comma -p real_location_data/s5c7/k10_priors.csv -o real_location_data/s5c7/k10_r4_spalin-divide-beta5.txt --nInitials 10 --ultrametric --randomreps 3 --divide --radius 5
Optimization by Spalin-Divide: Scipy-SLSQP using spatial information
Optimizing branch lengths, phi, and nu without topology search
Initial point 1. Random seed: 2034
Solving with ultrametric constraint
Optimal point found for initial point 1
Negative llh: 393.6081368148099
Dropout rate: 1.246868169231964e-10
Silencing rate: 1.6061502899236507e-10
Sigma: 1.5564811620204015
Lambda: 0.006378986265461609
Initial point 2. Random seed: 8311
Solving with ultrametric constraint
Optimal point found for initial point 2
Negative llh: 393.60536345910145
Dropout rate: 3.341585699810082e-09
Silencing rate: 4.379190468914315e-10
Sigma: 1.556761328737366
Lambda: 0.006367091627495627
Initial point 3. Random seed: 4758
Solving with ultrametric constraint
Optimal point found for initial point 3
Negative llh: 393.60540556898025
Dropout rate: 1.009755192344708e-10
Silencing rate: 1.0041432910027381e-10
Sigma: 1.5568826445367094
Lambda: 0.006369088426226234
Initial point 4. Random seed: 8376
Solving with ultrametric constraint
Optimal point found for initial point 4
Negative llh: 393.6060116551332
Dropout rate: 4.200015983148936e-09
Silencing rate: 1.4432297592634852e-10
Sigma: 1.5571442038623724
Lambda: 0.006371350247057103
Initial point 5. Random seed: 4295
Solving with ultrametric constraint
Optimal point found for initial point 5
Negative llh: 393.60559266109175
Dropout rate: 1e-10
Silencing rate: 1e-10
Sigma: 1.5573654470235954
Lambda: 0.006378320795571396
Initial point 6. Random seed: 5399
Solving with ultrametric constraint
Fatal: failed to optimize using initial point 6
Initial point 7. Random seed: 5999
Solving with ultrametric constraint
Fatal: failed to optimize using initial point 7
Initial point 8. Random seed: 8564
Solving with ultrametric constraint
Optimal point found for initial point 8
Negative llh: 393.6058630579719
Dropout rate: 1e-10
Silencing rate: 1e-10
Sigma: 1.557005174697697
Lambda: 0.006372451557126706
Initial point 9. Random seed: 9662
Solving with ultrametric constraint
Optimal point found for initial point 9
Negative llh: 393.60571274403094
Dropout rate: 1e-10
Silencing rate: 1e-10
Sigma: 1.5574645185551375
Lambda: 0.0063721431187622815
Initial point 10. Random seed: 1443
Solving with ultrametric constraint
Optimal point found for initial point 10
Negative llh: 393.6053123544358
Dropout rate: 1e-10
Silencing rate: 1e-10
Sigma: 1.5570926474200921
Lambda: 0.006367939108099787
{'lambda_param': 0.006367939108099787, 'phi': 1e-10, 'nu': 1e-10, 'sigma': 1.5570926474200921, 'locations': {'216_4': (283.0, 150.0), '216_3': (304.0, 163.0), '216_17': (355.0, 145.0), '216_11': (270.0, 143.0), '216_10': (257.0, 151.0), '216_13': (255.0, 116.0), '216_12': (255.0, 138.0), '216_39': (272.0, 163.0), '216_38': (266.0, 194.0), '216_37': (250.0, 200.0), '216_36': (253.0, 229.0), '216_35': (253.0, 186.0), '216_34': (261.0, 217.0), '216_33': (287.0, 225.0), '216_32': (281.0, 246.0), '216_47': (266.0, 126.0), '216_46': (287.0, 140.0), '216_45': (315.0, 159.0), '216_44': (329.0, 176.0), '216_41': (280.0, 219.0), '216_40': (279.0, 188.0), '216_43': (306.0, 181.0), '216_42': (316.0, 197.0), '216_23': (204.0, 247.0), '216_22': (179.0, 242.0), '216_21': (166.0, 233.0), '216_20': (168.0, 251.0), '216_25': (219.0, 253.0), '216_24': (248.0, 243.0), '216_27': (233.0, 189.0), '216_26': (235.0, 223.0)}, 'radius': 5.0, 'thetas': {'194_29': 13.578564578720336, '200_33': -1.6030668065571412, '155_17': -0.44928839674898413, '196_33': 0.8818123790142837, '196_34': 0.5880133737352016, '155_18': 6.937039054366233, '109_9': 1.6786787437393658, '202_30': 1.8490946902855891, '203_32': 1.3182416534955808, '162_15': 0.8924939903507422, '204_34': 1.4677245191683521, '204_35': 1.761983402831886, '162_16': 8.305179054366103, '112_9': 0.962321879382942, '64_7': 5.48055488274117, '196_21': 1.5120437238233946, '197_20': 5.951129460488956, '151_10': -1.5610492302714087, '194_16': -4.822998398169779, '198_19': 3.3389825398232316, '154_9': 3.246097992107618, '107_5': 6.0741802125968185, '18_2': -0.5427392790982402, '201_10': 7.8539972396758975, '207_9': 2.589895073987462, '167_5': -1.9237985139430052, '120_3': 3.2633692838333452, '194_3': 6.837457807537791, '20_1': 5.210858439278047, 'virtual': 2.229709392110628}}
Runtime (s): 3843.309573555365
