Launching Problin version 0.5b
Problin was called as follow: /u/gh2161/Spatial-Division/problin/run_problin.py -c real_location_data/s5c7/k10_r2_character_matrix.csv -t real_location_data/s5c7/true_tree.nwk -S real_location_data/s5c7/leaf_locations.txt --delimiter comma -p real_location_data/s5c7/k10_priors.csv -o real_location_data/s5c7/k10_r2_spalin-divide-beta5.txt --nInitials 10 --ultrametric --randomreps 3 --divide --radius 5
Optimization by Spalin-Divide: Scipy-SLSQP using spatial information
Optimizing branch lengths, phi, and nu without topology search
Initial point 1. Random seed: 1223
Solving with ultrametric constraint
Optimal point found for initial point 1
Negative llh: 387.81102068495727
Dropout rate: 1.0008095179282388e-10
Silencing rate: 1.0002931193421325e-10
Sigma: 1.5907731327544747
Lambda: 0.006285353065985161
Initial point 2. Random seed: 8335
Solving with ultrametric constraint
Optimal point found for initial point 2
Negative llh: 387.8113943740158
Dropout rate: 1e-10
Silencing rate: 1e-10
Sigma: 1.5907587047631992
Lambda: 0.006288076354496308
Initial point 3. Random seed: 2873
Solving with ultrametric constraint
Optimal point found for initial point 3
Negative llh: 387.8118108414879
Dropout rate: 1.6145265205203808e-09
Silencing rate: 3.039502635078779e-09
Sigma: 1.5908000392223163
Lambda: 0.006284521998998577
Initial point 4. Random seed: 5150
Solving with ultrametric constraint
Optimal point found for initial point 4
Negative llh: 387.811888878132
Dropout rate: 6.987396762564424e-09
Silencing rate: 2.594086706533045e-09
Sigma: 1.5909750536228948
Lambda: 0.006286289604312389
Initial point 5. Random seed: 1929
Solving with ultrametric constraint
Optimal point found for initial point 5
Negative llh: 387.81122757876545
Dropout rate: 1e-10
Silencing rate: 1e-10
Sigma: 1.590992679752548
Lambda: 0.006286361446318744
Initial point 6. Random seed: 9188
Solving with ultrametric constraint
Optimal point found for initial point 6
Negative llh: 387.8112867377453
Dropout rate: 4.040671806799839e-09
Silencing rate: 1.3315526883233756e-10
Sigma: 1.59148631713009
Lambda: 0.006291033149534865
Initial point 7. Random seed: 7790
Solving with ultrametric constraint
Optimal point found for initial point 7
Negative llh: 387.8116999092877
Dropout rate: 3.001314975328068e-09
Silencing rate: 1.000440637831404e-10
Sigma: 1.5910599311929907
Lambda: 0.006285528375485619
Initial point 8. Random seed: 3626
Solving with ultrametric constraint
Optimal point found for initial point 8
Negative llh: 387.81117864606654
Dropout rate: 2.491196126297632e-09
Silencing rate: 1.0212201949744773e-10
Sigma: 1.5908196018512255
Lambda: 0.006285344764220622
Initial point 9. Random seed: 9099
Solving with ultrametric constraint
Fatal: failed to optimize using initial point 9
Initial point 10. Random seed: 902
Solving with ultrametric constraint
Optimal point found for initial point 10
Negative llh: 387.811063750457
Dropout rate: 1.000000000000009e-10
Silencing rate: 1.0000000000000002e-10
Sigma: 1.5907501777990776
Lambda: 0.006285747661887481
{'lambda_param': 0.006285353065985161, 'phi': 1.0008095179282388e-10, 'nu': 1.0002931193421325e-10, 'sigma': 1.5907731327544747, 'locations': {'216_4': (283.0, 150.0), '216_3': (304.0, 163.0), '216_17': (355.0, 145.0), '216_11': (270.0, 143.0), '216_10': (257.0, 151.0), '216_13': (255.0, 116.0), '216_12': (255.0, 138.0), '216_39': (272.0, 163.0), '216_38': (266.0, 194.0), '216_37': (250.0, 200.0), '216_36': (253.0, 229.0), '216_35': (253.0, 186.0), '216_34': (261.0, 217.0), '216_33': (287.0, 225.0), '216_32': (281.0, 246.0), '216_47': (266.0, 126.0), '216_46': (287.0, 140.0), '216_45': (315.0, 159.0), '216_44': (329.0, 176.0), '216_41': (280.0, 219.0), '216_40': (279.0, 188.0), '216_43': (306.0, 181.0), '216_42': (316.0, 197.0), '216_23': (204.0, 247.0), '216_22': (179.0, 242.0), '216_21': (166.0, 233.0), '216_20': (168.0, 251.0), '216_25': (219.0, 253.0), '216_24': (248.0, 243.0), '216_27': (233.0, 189.0), '216_26': (235.0, 223.0)}, 'radius': 5.0, 'thetas': {'194_29': 7.2953816849587865, '200_33': 4.680144502402635, '155_17': -0.4805872377905511, '196_33': 7.165051649887193, '196_34': 6.871180409095117, '155_18': 0.6198845221669999, '109_9': 1.789291192497585, '202_30': 1.8490978132717995, '203_32': 1.3182361773454467, '162_15': 0.889341919792709, '204_34': 1.4677143750448398, '204_35': 1.7619833191169494, '162_16': 2.0230961976533686, '112_9': 7.445593721611393, '64_7': 5.409494595823403, '196_21': 1.5120441048886806, '197_20': -0.3320571836618654, '151_10': 4.7382743881389535, '194_16': 1.4601386664098681, '198_19': 3.338988986508293, '154_9': 3.262718159589943, '107_5': -0.2511450938272481, '18_2': -0.5549535843429645, '201_10': 7.853963681060236, '207_9': 2.5899352814980787, '167_5': 4.2707858473207745, '120_3': 3.251094828878108, '194_3': 6.837519927341659, '20_1': 11.602634803772855, 'virtual': 2.2121386693821306}}
Runtime (s): 3919.2023562360555
