Launching Problin version 0.5b
Problin was called as follow: /u/gh2161/Spatial-Division/problin/run_problin.py -c real_location_data/s10c5/k10_r2_character_matrix.csv -t real_location_data/s10c5/true_tree.nwk -S real_location_data/s10c5/leaf_locations.txt --delimiter comma -p real_location_data/s10c5/k10_priors.csv -o real_location_data/s10c5/k10_r2_spalin-divide-beta6.txt --nInitials 10 --ultrametric --randomreps 3 --divide --given_beta 6 --incl_beta_bound
Optimization by Spalin-Divide: Scipy-SLSQP using spatial information
Optimizing branch lengths, phi, and nu without topology search
Initial point 1. Random seed: 4719
Solving with ultrametric constraint
Optimal point found for initial point 1
Negative llh: 112.95229896876246
Dropout rate: 1.9634137577659815e-10
Silencing rate: 1.6722681966505679e-10
Sigma: 4.469185596030297
Initial point 2. Random seed: 815
Solving with ultrametric constraint
Optimal point found for initial point 2
Negative llh: 112.95230260525724
Dropout rate: 1.1449427280660267e-10
Silencing rate: 1.1560162707729383e-10
Sigma: 4.46859972968795
Initial point 3. Random seed: 360
Solving with ultrametric constraint
Optimal point found for initial point 3
Negative llh: 112.9522984959643
Dropout rate: 1.1250375296518415e-10
Silencing rate: 1.0596368337890553e-10
Sigma: 4.469200597154494
Initial point 4. Random seed: 119
Solving with ultrametric constraint
Optimal point found for initial point 4
Negative llh: 112.95229853862102
Dropout rate: 1e-10
Silencing rate: 1e-10
Sigma: 4.469228438502968
Initial point 5. Random seed: 7872
Solving with ultrametric constraint
Optimal point found for initial point 5
Negative llh: 112.95229850940028
Dropout rate: 1e-10
Silencing rate: 1e-10
Sigma: 4.469198076213929
Initial point 6. Random seed: 5128
Solving with ultrametric constraint
Optimal point found for initial point 6
Negative llh: 112.95230279372518
Dropout rate: 1.0000000000000002e-10
Silencing rate: 1e-10
Sigma: 4.469232546175922
Initial point 7. Random seed: 315
Solving with ultrametric constraint
Optimal point found for initial point 7
Negative llh: 112.95230441932435
Dropout rate: 1e-10
Silencing rate: 1e-10
Sigma: 4.469347029154402
Initial point 8. Random seed: 4172
Solving with ultrametric constraint
Optimal point found for initial point 8
Negative llh: 112.95229950110325
Dropout rate: 1e-10
Silencing rate: 1e-10
Sigma: 4.469143956959571
Initial point 9. Random seed: 5630
Solving with ultrametric constraint
Optimal point found for initial point 9
Negative llh: 112.95230321198835
Dropout rate: 1.0300702697057174e-10
Silencing rate: 1.0228944690215637e-10
Sigma: 4.469188897628416
Initial point 10. Random seed: 6984
Solving with ultrametric constraint
Optimal point found for initial point 10
Negative llh: 112.95229851657356
Dropout rate: 1e-10
Silencing rate: 1e-10
Sigma: 4.469175825601971
Runtime (s): 387.85018884192687
