Launching Problin version 0.5b
Problin was called as follow: /u/gh2161/Spatial-Division/problin/run_problin.py -c real_location_data/s10c5/k10_r3_character_matrix.csv -t real_location_data/s10c5/true_tree.nwk -S real_location_data/s10c5/leaf_locations.txt --delimiter comma -p real_location_data/s10c5/k10_priors.csv -o real_location_data/s10c5/k10_r3_spalin-divide-beta3.txt --nInitials 10 --ultrametric --randomreps 3 --divide --radius 3
Optimization by Spalin-Divide: Scipy-SLSQP using spatial information
Optimizing branch lengths, phi, and nu without topology search
Initial point 1. Random seed: 3291
Solving with ultrametric constraint
Optimal point found for initial point 1
Negative llh: 120.021270028863
Dropout rate: 4.919302571902035e-10
Silencing rate: 1.0025240731030262e-10
Sigma: 1.5382117994171634
Initial point 2. Random seed: 3687
Solving with ultrametric constraint
Optimal point found for initial point 2
Negative llh: 139.73502650288543
Dropout rate: 2.4514041580241207e-10
Silencing rate: 1.1466839528992803e-10
Sigma: 1.4340018306847035
Initial point 3. Random seed: 9240
Solving with ultrametric constraint
Optimal point found for initial point 3
Negative llh: 120.02156535362275
Dropout rate: 1e-10
Silencing rate: 1e-10
Sigma: 1.5381656809944175
Initial point 4. Random seed: 4559
Solving with ultrametric constraint
Optimal point found for initial point 4
Negative llh: 120.02119582063722
Dropout rate: 1e-10
Silencing rate: 1e-10
Sigma: 1.5382470553531584
Initial point 5. Random seed: 6845
Solving with ultrametric constraint
Optimal point found for initial point 5
Negative llh: 139.73831546379813
Dropout rate: 1e-10
Silencing rate: 1e-10
Sigma: 1.434109243876229
Initial point 6. Random seed: 4008
Solving with ultrametric constraint
Optimal point found for initial point 6
Negative llh: 120.02119556805076
Dropout rate: 1e-10
Silencing rate: 1e-10
Sigma: 1.5382052695503803
Initial point 7. Random seed: 8040
Solving with ultrametric constraint
Optimal point found for initial point 7
Negative llh: 120.02159612675008
Dropout rate: 3.0055234281905954e-10
Silencing rate: 1.4621007989835206e-10
Sigma: 1.5378014848347894
Initial point 8. Random seed: 3426
Solving with ultrametric constraint
Optimal point found for initial point 8
Negative llh: 120.02121965107631
Dropout rate: 1e-10
Silencing rate: 1e-10
Sigma: 1.5382296391033519
Initial point 9. Random seed: 8093
Solving with ultrametric constraint
Optimal point found for initial point 9
Negative llh: 120.02122869744551
Dropout rate: 4.749239969447613e-10
Silencing rate: 1.0039845327386841e-10
Sigma: 1.5381898335788595
Initial point 10. Random seed: 1373
Solving with ultrametric constraint
Optimal point found for initial point 10
Negative llh: 120.02119601413594
Dropout rate: 9.999999999999999e-11
Silencing rate: 1e-10
Sigma: 1.538229434526784
Runtime (s): 168.4028021134436
