Launching Problin version 0.5b
Problin was called as follow: /u/gh2161/Spatial-Division/problin/run_problin.py -c real_location_data/s10c5/k10_r3_character_matrix.csv -t real_location_data/s10c5/true_tree.nwk -S real_location_data/s10c5/leaf_locations.txt --delimiter comma -p real_location_data/s10c5/k10_priors.csv -o real_location_data/s10c5/k10_r3_spalin-divide-beta20.txt --nInitials 10 --ultrametric --randomreps 3 --divide --given_beta 20 --incl_beta_bound
Optimization by Spalin-Divide: Scipy-SLSQP using spatial information
Optimizing branch lengths, phi, and nu without topology search
Initial point 1. Random seed: 9139
Solving with ultrametric constraint
Optimal point found for initial point 1
Negative llh: 111.07291551549811
Dropout rate: 2.7133875305505173e-10
Silencing rate: 1.4363992878637718e-10
Sigma: 3.6149155998869515
Initial point 2. Random seed: 6080
Solving with ultrametric constraint
Optimal point found for initial point 2
Negative llh: 111.07290408465963
Dropout rate: 2.410771403849357e-10
Silencing rate: 1.4231048833939996e-10
Sigma: 3.615389287903779
Initial point 3. Random seed: 6826
Solving with ultrametric constraint
Optimal point found for initial point 3
Negative llh: 111.07290189279297
Dropout rate: 1.0000000000000002e-10
Silencing rate: 1e-10
Sigma: 3.6153266229046106
Initial point 4. Random seed: 7662
Solving with ultrametric constraint
Optimal point found for initial point 4
Negative llh: 111.07290454539645
Dropout rate: 1e-10
Silencing rate: 1e-10
Sigma: 3.615239125732036
Initial point 5. Random seed: 4752
Solving with ultrametric constraint
Optimal point found for initial point 5
Negative llh: 111.07290495301818
Dropout rate: 6.78879180897128e-10
Silencing rate: 1.7684091256268588e-10
Sigma: 3.6149974484842162
Initial point 6. Random seed: 424
Solving with ultrametric constraint
Optimal point found for initial point 6
Negative llh: 111.07290163723005
Dropout rate: 2.0387653205862166e-10
Silencing rate: 1.4264850494305392e-10
Sigma: 3.61528262394316
Initial point 7. Random seed: 3039
Solving with ultrametric constraint
Optimal point found for initial point 7
Negative llh: 111.0729047065401
Dropout rate: 9.999999999999924e-11
Silencing rate: 1.469093165968369e-10
Sigma: 3.6153940610902877
Initial point 8. Random seed: 9954
Solving with ultrametric constraint
Optimal point found for initial point 8
Negative llh: 111.07290628907236
Dropout rate: 1e-10
Silencing rate: 1e-10
Sigma: 3.6154316824048602
Initial point 9. Random seed: 5398
Solving with ultrametric constraint
Optimal point found for initial point 9
Negative llh: 111.0729038232154
Dropout rate: 1.4664248980987882e-10
Silencing rate: 1.1614302735745452e-10
Sigma: 3.6153188571065766
Initial point 10. Random seed: 2360
Solving with ultrametric constraint
Optimal point found for initial point 10
Negative llh: 111.07291621557846
Dropout rate: 1.0000000000000002e-10
Silencing rate: 1.0000000000000002e-10
Sigma: 3.6152247927523153
Runtime (s): 464.85738734004553
