Launching Problin version 0.5b
Problin was called as follow: /u/gh2161/Spatial-Division/problin/run_problin.py -c real_location_data/s10c5/k10_r5_character_matrix.csv -t real_location_data/s10c5/true_tree.nwk -S real_location_data/s10c5/leaf_locations.txt --delimiter comma -p real_location_data/s10c5/k10_priors.csv -o real_location_data/s10c5/k10_r5_spalin-divide-beta20.txt --nInitials 10 --ultrametric --randomreps 3 --divide --given_beta 20 --incl_beta_bound
Optimization by Spalin-Divide: Scipy-SLSQP using spatial information
Optimizing branch lengths, phi, and nu without topology search
Initial point 1. Random seed: 2557
Solving with ultrametric constraint
Optimal point found for initial point 1
Negative llh: 107.80839881283443
Dropout rate: 1e-10
Silencing rate: 1e-10
Sigma: 3.532252372926636
Initial point 2. Random seed: 4547
Solving with ultrametric constraint
Optimal point found for initial point 2
Negative llh: 107.80839661279191
Dropout rate: 1e-10
Silencing rate: 1e-10
Sigma: 3.531958924232597
Initial point 3. Random seed: 4118
Solving with ultrametric constraint
Optimal point found for initial point 3
Negative llh: 107.80839167028716
Dropout rate: 9.999999999999996e-11
Silencing rate: 9.999999999999996e-11
Sigma: 3.5322294005648787
Initial point 4. Random seed: 4006
Solving with ultrametric constraint
Optimal point found for initial point 4
Negative llh: 107.80839196363166
Dropout rate: 1.6614349583481623e-10
Silencing rate: 1.4058561715990492e-10
Sigma: 3.5322156812223495
Initial point 5. Random seed: 7374
Solving with ultrametric constraint
Optimal point found for initial point 5
Negative llh: 107.80839236748852
Dropout rate: 1e-10
Silencing rate: 1e-10
Sigma: 3.5322636311304567
Initial point 6. Random seed: 9887
Solving with ultrametric constraint
Optimal point found for initial point 6
Negative llh: 107.80839200970946
Dropout rate: 1.0000000000000002e-10
Silencing rate: 1e-10
Sigma: 3.5321591879142935
Initial point 7. Random seed: 6251
Solving with ultrametric constraint
Optimal point found for initial point 7
Negative llh: 107.80839466947202
Dropout rate: 1.9565565915653735e-10
Silencing rate: 1.9978467381476118e-10
Sigma: 3.531942418410107
Initial point 8. Random seed: 3897
Solving with ultrametric constraint
Optimal point found for initial point 8
Negative llh: 107.80839644028563
Dropout rate: 1e-10
Silencing rate: 1e-10
Sigma: 3.532096148303459
Initial point 9. Random seed: 3378
Solving with ultrametric constraint
Optimal point found for initial point 9
Negative llh: 107.80839390114426
Dropout rate: 1e-10
Silencing rate: 1e-10
Sigma: 3.5324761184492313
Initial point 10. Random seed: 3036
Solving with ultrametric constraint
Optimal point found for initial point 10
Negative llh: 107.80839170817686
Dropout rate: 4.232640823770798e-10
Silencing rate: 1.9403826441626615e-10
Sigma: 3.5322462567367023
Runtime (s): 540.3908595009707
