Launching Problin version 0.5b
Problin was called as follow: /u/gh2161/Spatial-Division/problin/run_problin.py -c real_location_data/s10c5/k10_r1_character_matrix.csv -t real_location_data/s10c5/true_tree.nwk -S real_location_data/s10c5/leaf_locations.txt --delimiter comma -p real_location_data/s10c5/k10_priors.csv -o real_location_data/s10c5/k10_r1_spalin-divide-beta5_10_range.txt --nInitials 10 --ultrametric --randomreps 3 --divide --given_lower_beta 5 --given_upper_beta 10 --incl_beta_bound
Optimization by Spalin-Divide: Scipy-SLSQP using spatial information
{'sigma': 22, 'nu': 1e-10, 'phi': 1e-10, 'lower_beta': 5.0, 'upper_beta': 10.0, 'incl_beta_bound': True, 'displacement_amounts': {}}
Optimizing branch lengths, phi, and nu without topology search
Initial point 1. Random seed: 2675
Solving with ultrametric constraint
Optimal point found for initial point 1
Negative llh: 112.71719389992649
Dropout rate: 2.2855199292613567e-10
Silencing rate: 2.354415554917547e-10
Sigma: 4.809942634158337
Initial point 2. Random seed: 6954
Solving with ultrametric constraint
Optimal point found for initial point 2
Negative llh: 117.73137256256737
Dropout rate: 1.0000277957031195e-10
Silencing rate: 1.0000114718212591e-10
Sigma: 5.541517105527839
Initial point 3. Random seed: 6627
Solving with ultrametric constraint
Optimal point found for initial point 3
Negative llh: 117.764677860964
Dropout rate: 4.329433249008791e-09
Silencing rate: 1.855538626618273e-09
Sigma: 5.511511299219257
Initial point 4. Random seed: 2112
Solving with ultrametric constraint
Optimal point found for initial point 4
Negative llh: 118.01129290218003
Dropout rate: 2.96517884715544e-08
Silencing rate: 1.063622383716524e-08
Sigma: 5.5200078423365895
Initial point 5. Random seed: 7172
Solving with ultrametric constraint
Optimal point found for initial point 5
Negative llh: 117.7334154917531
Dropout rate: 1.2320065156962593e-09
Silencing rate: 4.604805515860016e-10
Sigma: 5.544597685713668
Initial point 6. Random seed: 3302
Solving with ultrametric constraint
Optimal point found for initial point 6
Negative llh: 117.7392628225979
Dropout rate: 1.1021410379107778e-07
Silencing rate: 4.35173894346721e-08
Sigma: 5.562511085191512
Initial point 7. Random seed: 7021
Solving with ultrametric constraint
Optimal point found for initial point 7
Negative llh: 117.82712232959494
Dropout rate: 9.999999999999428e-11
Silencing rate: 2.5270458631513266e-09
Sigma: 5.6285461138483
Initial point 8. Random seed: 8127
Solving with ultrametric constraint
Optimal point found for initial point 8
Negative llh: 115.22649895371072
Dropout rate: 1e-10
Silencing rate: 1e-10
Sigma: 5.366424032960153
Initial point 9. Random seed: 9649
Solving with ultrametric constraint
Optimal point found for initial point 9
Negative llh: 117.95518826681628
Dropout rate: 3.254675089980029e-08
Silencing rate: 2.4951817912415956e-09
Sigma: 5.594476416949063
Initial point 10. Random seed: 7306
Solving with ultrametric constraint
Optimal point found for initial point 10
Negative llh: 113.13315058752534
Dropout rate: 1.0000234706812198e-10
Silencing rate: 1.0000007483618232e-10
Sigma: 4.9390895080767
Runtime (s): 156.97175572253764
