Launching Problin version 0.5b
Problin was called as follow: /u/gh2161/Spatial-Division/problin/run_problin.py -c real_location_data/s10c5/k10_r2_character_matrix.csv -t real_location_data/s10c5/true_tree.nwk -S real_location_data/s10c5/leaf_locations.txt --delimiter comma -p real_location_data/s10c5/k10_priors.csv -o real_location_data/s10c5/k10_r2_spalin-divide-beta7.txt --nInitials 10 --ultrametric --randomreps 3 --divide --radius 7
Optimization by Spalin-Divide: Scipy-SLSQP using spatial information
Optimizing branch lengths, phi, and nu without topology search
Initial point 1. Random seed: 6924
Solving with ultrametric constraint
Optimal point found for initial point 1
Negative llh: 111.0953345476893
Dropout rate: 1.0000000000000002e-10
Silencing rate: 1e-10
Sigma: 1.2460539034673643
Initial point 2. Random seed: 7189
Solving with ultrametric constraint
Optimal point found for initial point 2
Negative llh: 111.09533419859329
Dropout rate: 2.0758875635761405e-10
Silencing rate: 1.7679225441502426e-10
Sigma: 1.2460514798763267
Initial point 3. Random seed: 8205
Solving with ultrametric constraint
Optimal point found for initial point 3
Negative llh: 111.09533386763894
Dropout rate: 1.0034188019275168e-10
Silencing rate: 1.0010117079612945e-10
Sigma: 1.2460565003025923
Initial point 4. Random seed: 9861
Solving with ultrametric constraint
Optimal point found for initial point 4
Negative llh: 111.0954511995873
Dropout rate: 2.877511606007061e-10
Silencing rate: 1.0001038535480005e-10
Sigma: 1.2457278066338173
Initial point 5. Random seed: 4448
Solving with ultrametric constraint
Optimal point found for initial point 5
Negative llh: 111.09533551022079
Dropout rate: 2.5984654273417854e-10
Silencing rate: 1.0021204535294122e-10
Sigma: 1.246040252538998
Initial point 6. Random seed: 9201
Solving with ultrametric constraint
Optimal point found for initial point 6
Negative llh: 111.09556875583633
Dropout rate: 3.692072647264251e-10
Silencing rate: 1.0000639801107369e-10
Sigma: 1.2456476948566342
Initial point 7. Random seed: 2455
Solving with ultrametric constraint
Optimal point found for initial point 7
Negative llh: 111.09569791135007
Dropout rate: 6.883362796173022e-10
Silencing rate: 1.0005542347542856e-10
Sigma: 1.2476373948772097
Initial point 8. Random seed: 3578
Solving with ultrametric constraint
Optimal point found for initial point 8
Negative llh: 111.09533384702142
Dropout rate: 1.0000000000000002e-10
Silencing rate: 1.0000000000000002e-10
Sigma: 1.2460129113868843
Initial point 9. Random seed: 1203
Solving with ultrametric constraint
Optimal point found for initial point 9
Negative llh: 111.0953340656267
Dropout rate: 5.678065351094358e-10
Silencing rate: 1.0720964604202735e-10
Sigma: 1.2461214041605222
Initial point 10. Random seed: 8751
Solving with ultrametric constraint
Optimal point found for initial point 10
Negative llh: 111.09557556689383
Dropout rate: 1e-10
Silencing rate: 1e-10
Sigma: 1.245586740329105
Runtime (s): 150.5616659745574
