Launching Problin version 0.5b
Problin was called as follow: /u/gh2161/Spatial-Division/problin/run_problin.py -c real_location_data/s10c5/k10_r1_character_matrix.csv -t real_location_data/s10c5/true_tree.nwk -S real_location_data/s10c5/leaf_locations.txt --delimiter comma -p real_location_data/s10c5/k10_priors.csv -o real_location_data/s10c5/k10_r1_spalin-divide-beta20.txt --nInitials 10 --ultrametric --randomreps 3 --divide --given_beta 20 --incl_beta_bound
Optimization by Spalin-Divide: Scipy-SLSQP using spatial information
Optimizing branch lengths, phi, and nu without topology search
Initial point 1. Random seed: 1409
Solving with ultrametric constraint
Optimal point found for initial point 1
Negative llh: 104.54337231187735
Dropout rate: 1.0000000000000002e-10
Silencing rate: 1.016598223227215e-10
Sigma: 3.4765820046239533
Initial point 2. Random seed: 5129
Solving with ultrametric constraint
Optimal point found for initial point 2
Negative llh: 104.54337272512541
Dropout rate: 2.2167981649576067e-10
Silencing rate: 1.1194016292511556e-10
Sigma: 3.4766070533857594
Initial point 3. Random seed: 74
Solving with ultrametric constraint
Optimal point found for initial point 3
Negative llh: 104.54341908879114
Dropout rate: 9.999999999999996e-11
Silencing rate: 9.999999999999996e-11
Sigma: 3.477428351960552
Initial point 4. Random seed: 8636
Solving with ultrametric constraint
Optimal point found for initial point 4
Negative llh: 104.54338390781189
Dropout rate: 1.2343951622094966e-10
Silencing rate: 1.0884732296520371e-10
Sigma: 3.476508402252803
Initial point 5. Random seed: 218
Solving with ultrametric constraint
Optimal point found for initial point 5
Negative llh: 104.54337230834065
Dropout rate: 1.0000000000000002e-10
Silencing rate: 1e-10
Sigma: 3.4766258459042163
Initial point 6. Random seed: 9463
Solving with ultrametric constraint
Optimal point found for initial point 6
Negative llh: 104.54337259514102
Dropout rate: 2.1351968601740439e-10
Silencing rate: 1.4633259618409163e-10
Sigma: 3.4765728892419534
Initial point 7. Random seed: 1491
Solving with ultrametric constraint
Optimal point found for initial point 7
Negative llh: 104.54337431971132
Dropout rate: 1.01495231669222e-10
Silencing rate: 1.0164590059348306e-10
Sigma: 3.4765961695612124
Initial point 8. Random seed: 2451
Solving with ultrametric constraint
Optimal point found for initial point 8
Negative llh: 104.54338609336915
Dropout rate: 2.2638739823537361e-10
Silencing rate: 1.2190900373853613e-10
Sigma: 3.4761575595648133
Initial point 9. Random seed: 4943
Solving with ultrametric constraint
Optimal point found for initial point 9
Negative llh: 104.54337254106318
Dropout rate: 1.160081432289302e-10
Silencing rate: 1.0736310643755482e-10
Sigma: 3.476590955306752
Initial point 10. Random seed: 7149
Solving with ultrametric constraint
Optimal point found for initial point 10
Negative llh: 104.54337273745237
Dropout rate: 1e-10
Silencing rate: 1e-10
Sigma: 3.4765785158145635
Runtime (s): 500.77892535203137
