Launching Problin version 0.5b
Problin was called as follow: /u/gh2161/Spatial-Division/problin/run_problin.py -c real_location_data/s16c1/k10_r2_character_matrix.csv -t real_location_data/s16c1/true_tree.nwk -S real_location_data/s16c1/leaf_locations.txt --delimiter comma -p real_location_data/s16c1/k10_priors.csv -o real_location_data/s16c1/k10_r2_spalin.txt --nInitials 10 --ultrametric --randomreps 3
Optimization by Spalin: Scipy-SLSQP using spatial information
Optimizing branch lengths, phi, and nu without topology search
Initial point 1. Random seed: 7664
Solving with ultrametric constraint
Optimal point found for initial point 1
Negative llh: 224.01286967367207
Dropout rate: 2.6637088863131703e-09
Silencing rate: 1.6334864871807486e-09
Sigma: 2.8991882067889763
Lambda: 0.008232929830142031
Initial point 2. Random seed: 3390
Solving with ultrametric constraint
Optimal point found for initial point 2
Negative llh: 224.01302514888604
Dropout rate: 1e-10
Silencing rate: 1e-10
Sigma: 2.898431085192567
Lambda: 0.008231454512576878
Initial point 3. Random seed: 3577
Solving with ultrametric constraint
Optimal point found for initial point 3
Negative llh: 224.0128620222877
Dropout rate: 1e-10
Silencing rate: 1e-10
Sigma: 2.8989357327584124
Lambda: 0.00823377397077823
Initial point 4. Random seed: 6227
Solving with ultrametric constraint
Optimal point found for initial point 4
Negative llh: 224.0128619635404
Dropout rate: 2.0388473145754205e-10
Silencing rate: 1.5926240439916205e-10
Sigma: 2.8989953249236633
Lambda: 0.008233435116568497
Initial point 5. Random seed: 3390
Solving with ultrametric constraint
Optimal point found for initial point 5
Negative llh: 224.01302514888604
Dropout rate: 1e-10
Silencing rate: 1e-10
Sigma: 2.898431085192567
Lambda: 0.008231454512576878
Initial point 6. Random seed: 5758
Solving with ultrametric constraint
Optimal point found for initial point 6
Negative llh: 224.01340373973423
Dropout rate: 1e-10
Silencing rate: 1e-10
Sigma: 2.8976085524530952
Lambda: 0.008227888919973468
Initial point 7. Random seed: 7028
Solving with ultrametric constraint
Optimal point found for initial point 7
Negative llh: 224.01328832141715
Dropout rate: 1e-10
Silencing rate: 1e-10
Sigma: 2.8979591411937817
Lambda: 0.008232929376413617
Initial point 8. Random seed: 4265
Solving with ultrametric constraint
Optimal point found for initial point 8
Negative llh: 224.0133885030428
Dropout rate: 1.0915019706676294e-09
Silencing rate: 6.67499007099953e-10
Sigma: 2.899695135469985
Lambda: 0.008232880004416939
Initial point 9. Random seed: 389
Solving with ultrametric constraint
Optimal point found for initial point 9
Negative llh: 224.01468528607631
Dropout rate: 1.0000000000000007e-10
Silencing rate: 1.0000000000000007e-10
Sigma: 2.9020765752447524
Lambda: 0.008225972799907463
Initial point 10. Random seed: 5662
Solving with ultrametric constraint
Optimal point found for initial point 10
Negative llh: 224.0132665766448
Dropout rate: 7.667406095631876e-10
Silencing rate: 4.818860223747594e-10
Sigma: 2.899131453998133
Lambda: 0.008233241715585597
{'lambda_param': 0.008233435116568497, 'phi': 2.0388473145754205e-10, 'nu': 1.5926240439916205e-10, 'sigma': 2.8989953249236633, 'locations': {'216_1': (152.0, 286.0), '216_11': (285.0, 240.0), '216_10': (279.0, 256.0), '216_13': (304.0, 259.0), '216_12': (308.0, 273.0), '216_7': (295.0, 309.0), '216_6': (277.0, 309.0), '216_9': (295.0, 279.0), '216_8': (307.0, 288.0), '216_26': (270.0, 256.0), '216_25': (266.0, 272.0), '216_24': (281.0, 273.0), '216_23': (287.0, 291.0), '216_21': (247.0, 301.0), '216_18': (251.0, 240.0), '216_17': (243.0, 246.0), '216_20': (262.0, 247.0), '216_19': (254.0, 260.0), '216_16': (224.0, 290.0), '216_15': (259.0, 296.0), '216_14': (260.0, 332.0)}}
Runtime (s): 543.4567246548831
