Launching Problin version 0.5b
Problin was called as follow: /u/gh2161/Spatial-Division/problin/run_problin.py -c real_location_data/s16c1/k10_r2_character_matrix.csv -t real_location_data/s16c1/true_tree.nwk -S real_location_data/s16c1/leaf_locations.txt --delimiter comma -p real_location_data/s16c1/k10_priors.csv -o real_location_data/s16c1/k10_r2_spalin-divide-beta5.txt --nInitials 10 --ultrametric --randomreps 3 --divide --radius 5
Optimization by Spalin-Divide: Scipy-SLSQP using spatial information
Optimizing branch lengths, phi, and nu without topology search
Initial point 1. Random seed: 8831
Solving with ultrametric constraint
Optimal point found for initial point 1
Negative llh: 239.31356281454762
Dropout rate: 1.0000000000000007e-10
Silencing rate: 1e-10
Sigma: 1.4516097648576174
Lambda: 0.008319619146622244
Initial point 2. Random seed: 9520
Solving with ultrametric constraint
Optimal point found for initial point 2
Negative llh: 239.31331326531864
Dropout rate: 1.0000000000000007e-10
Silencing rate: 1e-10
Sigma: 1.4515280985173225
Lambda: 0.008321587223501506
Initial point 3. Random seed: 6826
Solving with ultrametric constraint
Optimal point found for initial point 3
Negative llh: 239.31380434763093
Dropout rate: 1e-10
Silencing rate: 1e-10
Sigma: 1.452302839753897
Lambda: 0.008316266346082783
Initial point 4. Random seed: 1149
Solving with ultrametric constraint
Optimal point found for initial point 4
Negative llh: 239.3130665783445
Dropout rate: 8.252123158982144e-10
Silencing rate: 1.0002847484262672e-10
Sigma: 1.4518655142483619
Lambda: 0.008321206861162537
Initial point 5. Random seed: 3319
Solving with ultrametric constraint
Optimal point found for initial point 5
Negative llh: 239.31336124565775
Dropout rate: 1.0000000000000007e-10
Silencing rate: 1e-10
Sigma: 1.4516821318764397
Lambda: 0.008321363291546884
Initial point 6. Random seed: 6931
Solving with ultrametric constraint
Optimal point found for initial point 6
Negative llh: 239.31309938104891
Dropout rate: 3.568265647863943e-09
Silencing rate: 1.0015751610799357e-10
Sigma: 1.4516064082879414
Lambda: 0.008316307708278783
Initial point 7. Random seed: 6409
Solving with ultrametric constraint
Optimal point found for initial point 7
Negative llh: 254.2243408024429
Dropout rate: 1e-10
Silencing rate: 1e-10
Sigma: 1.3264460361604744
Lambda: 0.004355519120873741
Initial point 8. Random seed: 6135
Solving with ultrametric constraint
Optimal point found for initial point 8
Negative llh: 239.31377728700272
Dropout rate: 1.0000000000000007e-10
Silencing rate: 1e-10
Sigma: 1.451738062252098
Lambda: 0.008320146650457584
Initial point 9. Random seed: 3442
Solving with ultrametric constraint
Optimal point found for initial point 9
Negative llh: 239.313206364073
Dropout rate: 6.323113297510775e-10
Silencing rate: 1.1283793350215088e-10
Sigma: 1.4515103778601606
Lambda: 0.00831976056668839
Initial point 10. Random seed: 3720
Solving with ultrametric constraint
Optimal point found for initial point 10
Negative llh: 239.31305504378696
Dropout rate: 4.5419287475278373e-10
Silencing rate: 1.0130532528552635e-10
Sigma: 1.4518711671019258
Lambda: 0.008320931836454446
{'lambda_param': 0.008320931836454446, 'phi': 4.5419287475278373e-10, 'nu': 1.0130532528552635e-10, 'sigma': 1.4518711671019258, 'locations': {'216_1': (152.0, 286.0), '216_11': (285.0, 240.0), '216_10': (279.0, 256.0), '216_13': (304.0, 259.0), '216_12': (308.0, 273.0), '216_7': (295.0, 309.0), '216_6': (277.0, 309.0), '216_9': (295.0, 279.0), '216_8': (307.0, 288.0), '216_26': (270.0, 256.0), '216_25': (266.0, 272.0), '216_24': (281.0, 273.0), '216_23': (287.0, 291.0), '216_21': (247.0, 301.0), '216_18': (251.0, 240.0), '216_17': (243.0, 246.0), '216_20': (262.0, 247.0), '216_19': (254.0, 260.0), '216_16': (224.0, 290.0), '216_15': (259.0, 296.0), '216_14': (260.0, 332.0)}, 'radius': 5.0, 'thetas': {'199_9': 7.826261466605093, '146_5': 0.6307623601251074, '195_12': 2.1224463403850065, '202_12': 2.498092704964707, '147_7': 0.7604493535819471, '93_3': 1.738710764622899, '208_20': 1.2490423376991207, '209_22': 1.8158030025120129, '164_15': 0.8599428414011818, '104_5': 5.482613236733516, '44_2': 16.380943550519866, '205_6': 6.926695857108971, '206_5': 3.1415448975997937, '153_3': 5.225830754761656, '213_10': 1.2924987239566703, '215_9': 8.212744420308312, '163_7': 0.6469527118696741, '104_2': 7.871810394225547, '49_1': -0.06125374691427694, '2_1': -6.30229268461683}}
Runtime (s): 1194.3294530864805
