Launching Problin version 0.5b
Problin was called as follow: /u/gh2161/Spatial-Division/problin/run_problin.py -c real_location_data/s16c1/k10_r3_character_matrix.csv -t real_location_data/s16c1/true_tree.nwk -S real_location_data/s16c1/leaf_locations.txt --delimiter comma -p real_location_data/s16c1/k10_priors.csv -o real_location_data/s16c1/k10_r3_spalin-spatialonly.txt --nInitials 10 --ultrametric --randomreps 3 --spatial_only
Optimization by Spalin: Scipy-SLSQP using spatial information
Optimizing branch lengths, phi, and nu without topology search
only spatial
Initial point 1. Random seed: 4140
Solving with ultrametric constraint
Optimal point found for initial point 1
Negative llh: 137.33143747779908
Dropout rate: 0.08350041224842542
Silencing rate: 0.30360025448007355
Sigma: 3.5040627428940136
Lambda: 1.0
Initial point 2. Random seed: 768
Solving with ultrametric constraint
Optimal point found for initial point 2
Negative llh: 137.33143747779908
Dropout rate: 0.9728278354957713
Silencing rate: 0.023951537231555693
Sigma: 3.5040627428940136
Lambda: 1.0
Initial point 3. Random seed: 2764
Solving with ultrametric constraint
Optimal point found for initial point 3
Negative llh: 137.33143747779908
Dropout rate: 0.00471803325982188
Silencing rate: 0.09495152509535637
Sigma: 3.5040627428940136
Lambda: 1.0
Initial point 4. Random seed: 6008
Solving with ultrametric constraint
Optimal point found for initial point 4
Negative llh: 137.33143747779908
Dropout rate: 0.8854810773168037
Silencing rate: 0.33811590402689684
Sigma: 3.5040627428940136
Lambda: 1.0
Initial point 5. Random seed: 1588
Solving with ultrametric constraint
Optimal point found for initial point 5
Negative llh: 137.33143747779908
Dropout rate: 0.21505664226839138
Silencing rate: 0.6871876090914947
Sigma: 3.5040627428940136
Lambda: 1.0
Initial point 6. Random seed: 5157
Solving with ultrametric constraint
Optimal point found for initial point 6
Negative llh: 137.33143747779908
Dropout rate: 0.973978224580014
Silencing rate: 0.7318697288577833
Sigma: 3.5040627428940136
Lambda: 1.0
Initial point 7. Random seed: 8360
Solving with ultrametric constraint
Optimal point found for initial point 7
Negative llh: 137.33143747779908
Dropout rate: 0.5709376511561339
Silencing rate: 0.5205248961000627
Sigma: 3.5040627428940136
Lambda: 1.0
Initial point 8. Random seed: 9181
Solving with ultrametric constraint
Optimal point found for initial point 8
Negative llh: 137.33143747779908
Dropout rate: 0.6070387089990873
Silencing rate: 0.5033410195795639
Sigma: 3.5040627428940136
Lambda: 1.0
Initial point 9. Random seed: 2412
Solving with ultrametric constraint
Optimal point found for initial point 9
Negative llh: 137.33143747779908
Dropout rate: 0.3053191958263313
Silencing rate: 0.15667008416899367
Sigma: 3.5040627428940136
Lambda: 1.0
Initial point 10. Random seed: 6325
Solving with ultrametric constraint
Optimal point found for initial point 10
Negative llh: 137.33143747779908
Dropout rate: 0.790928404133271
Silencing rate: 0.5479169220365243
Sigma: 3.5040627428940136
Lambda: 1.0
{'lambda_param': 1.0, 'phi': 0.08350041224842542, 'nu': 0.30360025448007355, 'sigma': 3.5040627428940136, 'locations': {'216_1': (152.0, 286.0), '216_11': (285.0, 240.0), '216_10': (279.0, 256.0), '216_13': (304.0, 259.0), '216_12': (308.0, 273.0), '216_7': (295.0, 309.0), '216_6': (277.0, 309.0), '216_9': (295.0, 279.0), '216_8': (307.0, 288.0), '216_26': (270.0, 256.0), '216_25': (266.0, 272.0), '216_24': (281.0, 273.0), '216_23': (287.0, 291.0), '216_21': (247.0, 301.0), '216_18': (251.0, 240.0), '216_17': (243.0, 246.0), '216_20': (262.0, 247.0), '216_19': (254.0, 260.0), '216_16': (224.0, 290.0), '216_15': (259.0, 296.0), '216_14': (260.0, 332.0)}}
Runtime (s): 219.8745964281261
