Launching Problin version 0.5b
Problin was called as follow: /u/gh2161/Spatial-Division/problin/run_problin.py -c real_location_data/s16c1/k10_r3_character_matrix.csv -t real_location_data/s16c1/true_tree.nwk -S real_location_data/s16c1/leaf_locations.txt --delimiter comma -p real_location_data/s16c1/k10_priors.csv -o real_location_data/s16c1/k10_r3_spalin.txt --nInitials 10 --ultrametric --randomreps 3
Optimization by Spalin: Scipy-SLSQP using spatial information
Optimizing branch lengths, phi, and nu without topology search
Initial point 1. Random seed: 6816
Solving with ultrametric constraint
Optimal point found for initial point 1
Negative llh: 451.6671708008961
Dropout rate: 9.999999999999996e-11
Silencing rate: 1.0000000000000007e-10
Sigma: 7.943681532101089
Lambda: 0.09567369441026402
Initial point 2. Random seed: 3720
Solving with ultrametric constraint
Optimal point found for initial point 2
Negative llh: 260.87900412007946
Dropout rate: 1e-10
Silencing rate: 1e-10
Sigma: 2.3769476957692204
Lambda: 0.005992278514665647
Initial point 3. Random seed: 5338
Solving with ultrametric constraint
Optimal point found for initial point 3
Negative llh: 260.87849392563754
Dropout rate: 1.0000000000000007e-10
Silencing rate: 9.999999999999996e-11
Sigma: 2.3771504075187067
Lambda: 0.005992031422191211
Initial point 4. Random seed: 4451
Solving with ultrametric constraint
Optimal point found for initial point 4
Negative llh: 260.87855160239667
Dropout rate: 1e-10
Silencing rate: 1e-10
Sigma: 2.3773880482058205
Lambda: 0.005991563538649878
Initial point 5. Random seed: 2824
Solving with ultrametric constraint
Optimal point found for initial point 5
Negative llh: 260.8788614874673
Dropout rate: 2.3620202015502723e-09
Silencing rate: 1.2927106241790391e-09
Sigma: 2.377821766416616
Lambda: 0.0059920787145125555
Initial point 6. Random seed: 4681
Solving with ultrametric constraint
Optimal point found for initial point 6
Negative llh: 260.8784626683323
Dropout rate: 1e-10
Silencing rate: 1e-10
Sigma: 2.376911962602455
Lambda: 0.005992384258406502
Initial point 7. Random seed: 9426
Solving with ultrametric constraint
Optimal point found for initial point 7
Negative llh: 260.878792814461
Dropout rate: 5.063459754578153e-10
Silencing rate: 3.298842346530079e-10
Sigma: 2.3772059100873646
Lambda: 0.0059908342782426
Initial point 8. Random seed: 8830
Solving with ultrametric constraint
Optimal point found for initial point 8
Negative llh: 260.87865364154993
Dropout rate: 4.801582024665833e-10
Silencing rate: 2.9534170688677047e-10
Sigma: 2.378085360871104
Lambda: 0.005990009743907814
Initial point 9. Random seed: 9718
Solving with ultrametric constraint
Optimal point found for initial point 9
Negative llh: 260.87854919780415
Dropout rate: 1.3260805605350937e-10
Silencing rate: 1.1697516345124576e-10
Sigma: 2.3772298281040327
Lambda: 0.0059917286782215
Initial point 10. Random seed: 763
Solving with ultrametric constraint
Optimal point found for initial point 10
Negative llh: 260.87898730200857
Dropout rate: 1.0000000000000007e-10
Silencing rate: 9.999999999999996e-11
Sigma: 2.377105632163749
Lambda: 0.005992503668921324
{'lambda_param': 0.005992384258406502, 'phi': 1e-10, 'nu': 1e-10, 'sigma': 2.376911962602455, 'locations': {'216_1': (152.0, 286.0), '216_11': (285.0, 240.0), '216_10': (279.0, 256.0), '216_13': (304.0, 259.0), '216_12': (308.0, 273.0), '216_7': (295.0, 309.0), '216_6': (277.0, 309.0), '216_9': (295.0, 279.0), '216_8': (307.0, 288.0), '216_26': (270.0, 256.0), '216_25': (266.0, 272.0), '216_24': (281.0, 273.0), '216_23': (287.0, 291.0), '216_21': (247.0, 301.0), '216_18': (251.0, 240.0), '216_17': (243.0, 246.0), '216_20': (262.0, 247.0), '216_19': (254.0, 260.0), '216_16': (224.0, 290.0), '216_15': (259.0, 296.0), '216_14': (260.0, 332.0)}}
Runtime (s): 424.5898505412042
