Launching Problin version 0.5b
Problin was called as follow: /u/gh2161/Spatial-Division/problin/run_problin.py -c real_location_data/s5c5/k10_r1_character_matrix.csv -t real_location_data/s5c5/true_tree.nwk -S real_location_data/s5c5/leaf_locations.txt --delimiter comma -p real_location_data/s5c5/k10_priors.csv -o real_location_data/s5c5/k10_r1_spalin-divide-beta7.txt --nInitials 10 --ultrametric --randomreps 3 --divide --radius 7
Optimization by Spalin-Divide: Scipy-SLSQP using spatial information
Optimizing branch lengths, phi, and nu without topology search
Initial point 1. Random seed: 9233
Solving with ultrametric constraint
Optimal point found for initial point 1
Negative llh: 170.35310187673005
Dropout rate: 1e-10
Silencing rate: 1e-10
Sigma: 1.1214991161287255
Initial point 2. Random seed: 3268
Solving with ultrametric constraint
Fatal: failed to optimize using initial point 2
Initial point 3. Random seed: 4053
Solving with ultrametric constraint
Optimal point found for initial point 3
Negative llh: 170.35310154948584
Dropout rate: 9.999999999999996e-11
Silencing rate: 1.0000000000000002e-10
Sigma: 1.1215293237071666
Initial point 4. Random seed: 2821
Solving with ultrametric constraint
Optimal point found for initial point 4
Negative llh: 170.35311948010187
Dropout rate: 1e-10
Silencing rate: 1.0043195070017499e-10
Sigma: 1.121646205341857
Initial point 5. Random seed: 7940
Solving with ultrametric constraint
Optimal point found for initial point 5
Negative llh: 170.35310285404674
Dropout rate: 5.126382687010669e-10
Silencing rate: 2.8853410105224684e-10
Sigma: 1.1215353648391435
Initial point 6. Random seed: 3636
Solving with ultrametric constraint
Optimal point found for initial point 6
Negative llh: 170.35310175265633
Dropout rate: 3.908014282882613e-10
Silencing rate: 2.35890024175835e-10
Sigma: 1.1215273300324846
Initial point 7. Random seed: 8921
Solving with ultrametric constraint
Optimal point found for initial point 7
Negative llh: 170.35315341014135
Dropout rate: 1e-10
Silencing rate: 1e-10
Sigma: 1.1213642036445846
Initial point 8. Random seed: 4824
Solving with ultrametric constraint
Optimal point found for initial point 8
Negative llh: 170.3534121538479
Dropout rate: 9.999999999999996e-11
Silencing rate: 1.0041743015011236e-10
Sigma: 1.1205148851574542
Initial point 9. Random seed: 6473
Solving with ultrametric constraint
Optimal point found for initial point 9
Negative llh: 170.35310145258143
Dropout rate: 9.999999999999996e-11
Silencing rate: 1.0000000000000002e-10
Sigma: 1.1215351522400445
Initial point 10. Random seed: 8087
Solving with ultrametric constraint
Optimal point found for initial point 10
Negative llh: 170.3531016549523
Dropout rate: 2.5128751516340174e-10
Silencing rate: 1.7528743727344904e-10
Sigma: 1.1215215144862483
Runtime (s): 407.7992252120748
