Launching Problin version 0.5b
Problin was called as follow: /u/gh2161/Spatial-Division/problin/run_problin.py -c real_location_data/s5c5/k10_r3_character_matrix.csv -t real_location_data/s5c5/true_tree.nwk -S real_location_data/s5c5/leaf_locations.txt --delimiter comma -p real_location_data/s5c5/k10_priors.csv -o real_location_data/s5c5/k10_r3_spalin-divide-beta3.txt --nInitials 10 --ultrametric --randomreps 3 --divide --radius 3
Optimization by Spalin-Divide: Scipy-SLSQP using spatial information
Optimizing branch lengths, phi, and nu without topology search
Initial point 1. Random seed: 2904
Solving with ultrametric constraint
Optimal point found for initial point 1
Negative llh: 181.70299212189073
Dropout rate: 1.0866501468009433e-10
Silencing rate: 1e-10
Sigma: 1.331461247998197
Initial point 2. Random seed: 5354
Solving with ultrametric constraint
Optimal point found for initial point 2
Negative llh: 181.70299522296233
Dropout rate: 6.271480847561657e-10
Silencing rate: 1.0455962451999394e-10
Sigma: 1.3315793317630187
Initial point 3. Random seed: 8774
Solving with ultrametric constraint
Optimal point found for initial point 3
Negative llh: 181.70303141740078
Dropout rate: 9.999999999999996e-11
Silencing rate: 1e-10
Sigma: 1.3313310192358425
Initial point 4. Random seed: 4010
Solving with ultrametric constraint
Optimal point found for initial point 4
Negative llh: 181.7029926253382
Dropout rate: 3.2771076674445877e-10
Silencing rate: 1.8583044698862795e-10
Sigma: 1.3314533417028325
Initial point 5. Random seed: 8961
Solving with ultrametric constraint
Optimal point found for initial point 5
Negative llh: 181.70301928921714
Dropout rate: 5.945166414377377e-10
Silencing rate: 1.1861044282503005e-10
Sigma: 1.3315022596729515
Initial point 6. Random seed: 7417
Solving with ultrametric constraint
Optimal point found for initial point 6
Negative llh: 181.70299216912935
Dropout rate: 2.0156410246281717e-10
Silencing rate: 1.0053952045397893e-10
Sigma: 1.3315198074908452
Initial point 7. Random seed: 349
Solving with ultrametric constraint
Optimal point found for initial point 7
Negative llh: 181.7029920778359
Dropout rate: 8.869242361404868e-10
Silencing rate: 4.075342354582714e-10
Sigma: 1.3314796365393897
Initial point 8. Random seed: 2731
Solving with ultrametric constraint
Optimal point found for initial point 8
Negative llh: 181.70299260372732
Dropout rate: 1.0000000000000007e-10
Silencing rate: 9.999999999999996e-11
Sigma: 1.3314851543073425
Initial point 9. Random seed: 398
Solving with ultrametric constraint
Optimal point found for initial point 9
Negative llh: 181.70299223256507
Dropout rate: 1e-10
Silencing rate: 1e-10
Sigma: 1.331443781663601
Initial point 10. Random seed: 3111
Solving with ultrametric constraint
Optimal point found for initial point 10
Negative llh: 181.70364844286098
Dropout rate: 1e-10
Silencing rate: 1e-10
Sigma: 1.3306433667668622
Runtime (s): 463.14897128753364
