Launching Problin version 0.5b
Problin was called as follow: /u/gh2161/Spatial-Division/problin/run_problin.py -c real_location_data/s5c5/k10_r4_character_matrix.csv -t real_location_data/s5c5/true_tree.nwk --delimiter comma -p real_location_data/s5c5/k10_priors.csv -o real_location_data/s5c5/k10_r4_problin.txt --nInitials 10 --ultrametric --randomreps 3 --solver Scipy
Optimization by generic solver (Scipy-SLSQP)
Optimizing branch lengths, phi, and nu without topology search
Initial point 1. Random seed: 4097
Solving with ultrametric constraint
Optimal point found for initial point 1
Negative llh: 91.96278686192444
Dropout rate: 1e-10
Silencing rate: 1e-10
Lambda: 0.0009768172383485634
Initial point 2. Random seed: 732
Solving with ultrametric constraint
Optimal point found for initial point 2
Negative llh: 70.48880068478395
Dropout rate: 9.285260890225912e-10
Silencing rate: 4.46409776247753e-10
Lambda: 0.0052297646063635
Initial point 3. Random seed: 5765
Solving with ultrametric constraint
Optimal point found for initial point 3
Negative llh: 70.48874389778547
Dropout rate: 3.7846871037365706e-10
Silencing rate: 2.200737573305235e-10
Lambda: 0.005228926488343688
Initial point 4. Random seed: 315
Solving with ultrametric constraint
Optimal point found for initial point 4
Negative llh: 70.48875015929156
Dropout rate: 4.443570315808103e-10
Silencing rate: 2.3083894463387637e-10
Lambda: 0.005229477138121284
Initial point 5. Random seed: 9616
Solving with ultrametric constraint
Optimal point found for initial point 5
Negative llh: 91.9625428717064
Dropout rate: 1.0000000000000007e-10
Silencing rate: 1.0000000000000002e-10
Lambda: 0.000976826426615667
Initial point 6. Random seed: 4578
Solving with ultrametric constraint
Optimal point found for initial point 6
Negative llh: 91.96294854054456
Dropout rate: 1e-10
Silencing rate: 1e-10
Lambda: 0.0009768111393984517
Initial point 7. Random seed: 1960
Solving with ultrametric constraint
Optimal point found for initial point 7
Negative llh: 91.96156054825805
Dropout rate: 1.0000000000000007e-10
Silencing rate: 1.0000000000000002e-10
Lambda: 0.0009768750239727115
Initial point 8. Random seed: 5007
Solving with ultrametric constraint
Optimal point found for initial point 8
Negative llh: 70.48891314903929
Dropout rate: 1e-10
Silencing rate: 1e-10
Lambda: 0.005227439528527776
Initial point 9. Random seed: 9229
Solving with ultrametric constraint
Optimal point found for initial point 9
Negative llh: 70.48894749421629
Dropout rate: 2.1146193831054147e-10
Silencing rate: 1.533002628609918e-10
Lambda: 0.005228231117075431
Initial point 10. Random seed: 7088
Solving with ultrametric constraint
Optimal point found for initial point 10
Negative llh: 70.48991377053073
Dropout rate: 7.314781622505936e-10
Silencing rate: 3.5442915816893166e-10
Lambda: 0.0052301854317738355
{'phi': 3.7846871037365706e-10, 'nu': 2.200737573305235e-10, 'lambda_param': 0.005228926488343688}
Runtime (s): 61.811064671725035
