Launching Problin version 0.5b
Problin was called as follow: /u/gh2161/Spatial-Division/problin/run_problin.py -c intmem_real_data/s5c13/characters.txt -t intmem_real_data/s5c13/true_tree.nwk -S intmem_real_data/s5c13/leaf_locations.txt --delimiter comma -p intmem_real_data/s5c13/prior.csv -o intmem_real_data/s5c13/spalin_spatialonly.txt --nInitials 10 --ultrametric --spatial_only
Optimization by Spalin: Scipy-SLSQP using spatial information
Optimizing branch lengths, phi, and nu without topology search
only spatial
Initial point 1. Random seed: 3876
Solving with ultrametric constraint
Optimal point found for initial point 1
Negative llh: 52.342667425181965
Dropout rate: 0.15970855700448366
Silencing rate: 0.6855382236550159
Sigma: 3.6921539073310203
Lambda: 1.0
Initial point 2. Random seed: 3956
Solving with ultrametric constraint
Optimal point found for initial point 2
Negative llh: 52.34266841060343
Dropout rate: 0.1478541285622348
Silencing rate: 0.7309927816781445
Sigma: 3.6931960014380536
Lambda: 1.0
Initial point 3. Random seed: 8909
Solving with ultrametric constraint
Optimal point found for initial point 3
Negative llh: 52.34266791655936
Dropout rate: 0.2473648167068766
Silencing rate: 0.5595038518152506
Sigma: 3.6926633919657523
Lambda: 1.0
Initial point 4. Random seed: 5126
Solving with ultrametric constraint
Optimal point found for initial point 4
Negative llh: 52.34266782057976
Dropout rate: 0.1186171059612047
Silencing rate: 0.73105313690738
Sigma: 3.6927609219776594
Lambda: 1.0
Initial point 5. Random seed: 1892
Solving with ultrametric constraint
Optimal point found for initial point 5
Negative llh: 52.34266681203472
Dropout rate: 0.11945496719386506
Silencing rate: 0.5803915100336058
Sigma: 3.6914335261400826
Lambda: 1.0
Initial point 6. Random seed: 6550
Solving with ultrametric constraint
Optimal point found for initial point 6
Negative llh: 52.342668892967524
Dropout rate: 0.19600314139089595
Silencing rate: 0.6170393514580982
Sigma: 3.692956498902471
Lambda: 1.0
Initial point 7. Random seed: 7013
Solving with ultrametric constraint
Optimal point found for initial point 7
Negative llh: 52.343659780199154
Dropout rate: 0.27875344008813
Silencing rate: 0.2828426234025205
Sigma: 3.740518291076318
Lambda: 1.0
Initial point 8. Random seed: 1752
Solving with ultrametric constraint
Optimal point found for initial point 8
Negative llh: 52.342663237716366
Dropout rate: 0.1607391718448974
Silencing rate: 0.9403042535442888
Sigma: 3.6873690700395243
Lambda: 1.0
Initial point 9. Random seed: 5529
Solving with ultrametric constraint
Optimal point found for initial point 9
Negative llh: 52.34275363546116
Dropout rate: 0.945448012019759
Silencing rate: 0.6058741341693811
Sigma: 3.6525299962695303
Lambda: 1.0
Initial point 10. Random seed: 8216
Solving with ultrametric constraint
Optimal point found for initial point 10
Negative llh: 52.34266650642422
Dropout rate: 0.3382321933061318
Silencing rate: 0.4163800792785317
Sigma: 3.691169594916121
Lambda: 1.0
{'lambda_param': 1.0, 'phi': 0.1607391718448974, 'nu': 0.9403042535442888, 'sigma': 3.6873690700395243, 'locations': {'216_13': (96.0, 349.0), '216_15': (94.0, 309.0), '216_14': (118.0, 316.0), '216_8': (130.0, 329.0), '216_7': (148.0, 346.0), '216_2': (141.0, 381.0), '216_1': (113.0, 380.0), '216_16': (160.0, 394.0)}}
Runtime (s): 9.49238750198856
