Launching Problin version 0.5b
Problin was called as follow: /u/gh2161/Spatial-Division/problin/run_problin.py -c real_location_data/s15c2/k10_r1_character_matrix.csv -t real_location_data/s15c2/true_tree.nwk -S real_location_data/s15c2/leaf_locations.txt --delimiter comma -p real_location_data/s15c2/k10_priors.csv -o real_location_data/s15c2/k10_r1_spalin-divide-beta2.txt --nInitials 10 --ultrametric --randomreps 3 --divide --given_beta 2 --incl_beta_bound
Optimization by Spalin-Divide: Scipy-SLSQP using spatial information
Optimizing branch lengths, phi, and nu without topology search
Initial point 1. Random seed: 3082
Solving with ultrametric constraint
Optimal point found for initial point 1
Negative llh: 236.4611885993665
Dropout rate: 1e-10
Silencing rate: 1e-10
Sigma: 5.5078933039662585
Initial point 2. Random seed: 8264
Solving with ultrametric constraint
Optimal point found for initial point 2
Negative llh: 236.4612034357283
Dropout rate: 9.999999999999996e-11
Silencing rate: 1.0000000000000002e-10
Sigma: 5.507944913830443
Initial point 3. Random seed: 7080
Solving with ultrametric constraint
Optimal point found for initial point 3
Negative llh: 236.46119472586827
Dropout rate: 1e-10
Silencing rate: 1e-10
Sigma: 5.507965106732533
Initial point 4. Random seed: 9812
Solving with ultrametric constraint
Optimal point found for initial point 4
Negative llh: 236.46117777350088
Dropout rate: 4.319354656477025e-10
Silencing rate: 2.761143762715256e-10
Sigma: 5.507716359083682
Initial point 5. Random seed: 3917
Solving with ultrametric constraint
Optimal point found for initial point 5
Negative llh: 236.46117829858454
Dropout rate: 1.749431108113901e-10
Silencing rate: 4.0670325314012273e-10
Sigma: 5.507781011776341
Initial point 6. Random seed: 9526
Solving with ultrametric constraint
Optimal point found for initial point 6
Negative llh: 236.46120712945822
Dropout rate: 1.2429752248474699e-09
Silencing rate: 8.999041640649114e-10
Sigma: 5.506614395562254
Initial point 7. Random seed: 7583
Solving with ultrametric constraint
Optimal point found for initial point 7
Negative llh: 236.46119461954942
Dropout rate: 1.7401913326863082e-09
Silencing rate: 9.60959253800512e-10
Sigma: 5.508081050476881
Initial point 8. Random seed: 3598
Solving with ultrametric constraint
Optimal point found for initial point 8
Negative llh: 236.46118195173062
Dropout rate: 1.0000000000000002e-10
Silencing rate: 1.0000000000000002e-10
Sigma: 5.507731025631325
Initial point 9. Random seed: 6376
Solving with ultrametric constraint
Optimal point found for initial point 9
Negative llh: 236.4611821795736
Dropout rate: 1e-10
Silencing rate: 1e-10
Sigma: 5.50798073436816
Initial point 10. Random seed: 4855
Solving with ultrametric constraint
Optimal point found for initial point 10
Negative llh: 236.46117650212477
Dropout rate: 1.0417973987336033e-10
Silencing rate: 1.0172215140395278e-10
Sigma: 5.507694704109886
Runtime (s): 2142.8425263760146
