Launching Problin version 0.5b
Problin was called as follow: /u/gh2161/Spatial-Division/problin/run_problin.py -c real_location_data/s15c2/k10_r5_character_matrix.csv -t real_location_data/s15c2/true_tree.nwk -S real_location_data/s15c2/leaf_locations.txt --delimiter comma -p real_location_data/s15c2/k10_priors.csv -o real_location_data/s15c2/k10_r5_spalin-divide-beta10.txt --nInitials 10 --ultrametric --randomreps 3 --divide --radius 10
Optimization by Spalin-Divide: Scipy-SLSQP using spatial information
Optimizing branch lengths, phi, and nu without topology search
Initial point 1. Random seed: 7616
Solving with ultrametric constraint
Optimal point found for initial point 1
Negative llh: 226.81561721564267
Dropout rate: 6.290339621044337e-10
Silencing rate: 1.0012789195449946e-10
Sigma: 0.933523966293103
Initial point 2. Random seed: 8991
Solving with ultrametric constraint
Fatal: failed to optimize using initial point 2
Initial point 3. Random seed: 8112
Solving with ultrametric constraint
Optimal point found for initial point 3
Negative llh: 226.81576182192396
Dropout rate: 2.5842078556519587e-10
Silencing rate: 1.7890290398877562e-10
Sigma: 0.9337166655906773
Initial point 4. Random seed: 772
Solving with ultrametric constraint
Optimal point found for initial point 4
Negative llh: 226.8162598787709
Dropout rate: 8.096427868167138e-10
Silencing rate: 1.0026757260723617e-10
Sigma: 0.9337473166114945
Initial point 5. Random seed: 7066
Solving with ultrametric constraint
Optimal point found for initial point 5
Negative llh: 226.8158239850697
Dropout rate: 8.459891497791168e-10
Silencing rate: 4.2994220176868104e-10
Sigma: 0.933586246158135
Initial point 6. Random seed: 8236
Solving with ultrametric constraint
Optimal point found for initial point 6
Negative llh: 226.8154742316358
Dropout rate: 1e-10
Silencing rate: 1e-10
Sigma: 0.933735566859935
Initial point 7. Random seed: 9197
Solving with ultrametric constraint
Fatal: failed to optimize using initial point 7
Initial point 8. Random seed: 4131
Solving with ultrametric constraint
Optimal point found for initial point 8
Negative llh: 226.81555514766438
Dropout rate: 1e-10
Silencing rate: 1e-10
Sigma: 0.9337617694010502
Initial point 9. Random seed: 5087
Solving with ultrametric constraint
Optimal point found for initial point 9
Negative llh: 226.81578828911591
Dropout rate: 1.0000000000000002e-10
Silencing rate: 1e-10
Sigma: 0.933974665095859
Initial point 10. Random seed: 2476
Solving with ultrametric constraint
Optimal point found for initial point 10
Negative llh: 226.81547413401188
Dropout rate: 1e-10
Silencing rate: 1e-10
Sigma: 0.933735107150784
Runtime (s): 1181.2984741237015
