Launching Problin version 0.5b
Problin was called as follow: /u/gh2161/Spatial-Division/problin/run_problin.py -c real_location_data/s15c2/k10_r1_character_matrix.csv -t real_location_data/s15c2/true_tree.nwk -S real_location_data/s15c2/leaf_locations.txt --delimiter comma -p real_location_data/s15c2/k10_priors.csv -o real_location_data/s15c2/k10_r1_spalin-spatialonly.txt --nInitials 10 --ultrametric --randomreps 3 --spatial_only
Optimization by Spalin: Scipy-SLSQP using spatial information
Optimizing branch lengths, phi, and nu without topology search
only spatial
Initial point 1. Random seed: 3096
Solving with ultrametric constraint
Optimal point found for initial point 1
Negative llh: 126.06591389710269
Dropout rate: 0.21543464381242416
Silencing rate: 0.560158024721336
Sigma: 3.0594563628266793
Lambda: 1.0
Initial point 2. Random seed: 7588
Solving with ultrametric constraint
Optimal point found for initial point 2
Negative llh: 126.06591389710269
Dropout rate: 0.24960376920933253
Silencing rate: 0.48436512848862184
Sigma: 3.0594563628266793
Lambda: 1.0
Initial point 3. Random seed: 4437
Solving with ultrametric constraint
Optimal point found for initial point 3
Negative llh: 126.06591389710269
Dropout rate: 0.7449690591273856
Silencing rate: 0.8697924269685494
Sigma: 3.0594563628266793
Lambda: 1.0
Initial point 4. Random seed: 1003
Solving with ultrametric constraint
Optimal point found for initial point 4
Negative llh: 126.06591389710269
Dropout rate: 0.1347232801208636
Silencing rate: 0.13160765765397114
Sigma: 3.0594563628266793
Lambda: 1.0
Initial point 5. Random seed: 4939
Solving with ultrametric constraint
Optimal point found for initial point 5
Negative llh: 126.06591389710269
Dropout rate: 0.5388729308623149
Silencing rate: 0.14699354096995498
Sigma: 3.0594563628266793
Lambda: 1.0
Initial point 6. Random seed: 2560
Solving with ultrametric constraint
Optimal point found for initial point 6
Negative llh: 126.06591389710269
Dropout rate: 0.1795617188086071
Silencing rate: 0.00478955959882135
Sigma: 3.0594563628266793
Lambda: 1.0
Initial point 7. Random seed: 1274
Solving with ultrametric constraint
Optimal point found for initial point 7
Negative llh: 126.06591389710269
Dropout rate: 0.6860431307694932
Silencing rate: 0.8023794250242116
Sigma: 3.0594563628266793
Lambda: 1.0
Initial point 8. Random seed: 5346
Solving with ultrametric constraint
Optimal point found for initial point 8
Negative llh: 126.06591389710269
Dropout rate: 0.287688488364401
Silencing rate: 0.9432205480208434
Sigma: 3.0594563628266793
Lambda: 1.0
Initial point 9. Random seed: 9605
Solving with ultrametric constraint
Optimal point found for initial point 9
Negative llh: 126.06591389710269
Dropout rate: 0.9194642529712292
Silencing rate: 0.13057181492047948
Sigma: 3.0594563628266793
Lambda: 1.0
Initial point 10. Random seed: 3734
Solving with ultrametric constraint
Optimal point found for initial point 10
Negative llh: 126.06591389710269
Dropout rate: 0.8661398807656696
Silencing rate: 0.4245946635295565
Sigma: 3.0594563628266793
Lambda: 1.0
{'lambda_param': 1.0, 'phi': 0.21543464381242416, 'nu': 0.560158024721336, 'sigma': 3.0594563628266793, 'locations': {'216_13': (114.0, 250.0), '216_15': (127.0, 243.0), '216_14': (153.0, 248.0), '216_19': (172.0, 239.0), '216_18': (169.0, 260.0), '216_17': (198.0, 232.0), '216_16': (195.0, 264.0), '216_2': (116.0, 302.0), '216_1': (146.0, 302.0), '216_4': (167.0, 285.0), '216_3': (178.0, 310.0), '216_8': (108.0, 260.0), '216_7': (93.0, 269.0), '216_6': (123.0, 279.0), '216_5': (100.0, 283.0), '216_12': (129.0, 251.0), '216_11': (129.0, 267.0), '216_10': (158.0, 293.0), '216_9': (136.0, 303.0)}}
Runtime (s): 125.16136101074517
