Launching Problin version 0.5b
Problin was called as follow: /u/gh2161/Spatial-Division/problin/run_problin.py -c real_location_data/s15c2/k10_r2_character_matrix.csv -t real_location_data/s15c2/true_tree.nwk -S real_location_data/s15c2/leaf_locations.txt --delimiter comma -p real_location_data/s15c2/k10_priors.csv -o real_location_data/s15c2/k10_r2_spalin-divide-beta9.txt --nInitials 10 --ultrametric --randomreps 3 --divide --given_beta 9 --incl_beta_bound
Optimization by Spalin-Divide: Scipy-SLSQP using spatial information
Optimizing branch lengths, phi, and nu without topology search
Initial point 1. Random seed: 5673
Solving with ultrametric constraint
Optimal point found for initial point 1
Negative llh: 208.98903570429428
Dropout rate: 4.3822468187960884e-10
Silencing rate: 2.492645317175099e-10
Sigma: 3.5011235453216774
Initial point 2. Random seed: 5244
Solving with ultrametric constraint
Optimal point found for initial point 2
Negative llh: 208.98903611429125
Dropout rate: 4.936994901771298e-10
Silencing rate: 1.009581611220582e-10
Sigma: 3.5011489964911164
Initial point 3. Random seed: 7038
Solving with ultrametric constraint
Optimal point found for initial point 3
Negative llh: 208.98903583549537
Dropout rate: 2.03306781531968e-09
Silencing rate: 9.535044899056836e-10
Sigma: 3.501109482832123
Initial point 4. Random seed: 777
Solving with ultrametric constraint
Optimal point found for initial point 4
Negative llh: 208.9890390640826
Dropout rate: 1.0000000000000002e-10
Silencing rate: 1.0000000000000002e-10
Sigma: 3.5011357981778235
Initial point 5. Random seed: 8068
Solving with ultrametric constraint
Optimal point found for initial point 5
Negative llh: 208.98903525845162
Dropout rate: 2.616190101158595e-10
Silencing rate: 2.7218710331345353e-10
Sigma: 3.5011205192454082
Initial point 6. Random seed: 1090
Solving with ultrametric constraint
Optimal point found for initial point 6
Negative llh: 208.98904086831845
Dropout rate: 1.23662020415045e-09
Silencing rate: 6.019292757489171e-10
Sigma: 3.501119136264696
Initial point 7. Random seed: 5175
Solving with ultrametric constraint
Optimal point found for initial point 7
Negative llh: 208.9890408892548
Dropout rate: 6.603638434315928e-10
Silencing rate: 1.0000000000000007e-10
Sigma: 3.501237833762859
Initial point 8. Random seed: 2608
Solving with ultrametric constraint
Optimal point found for initial point 8
Negative llh: 208.98903775699847
Dropout rate: 8.199479028495566e-10
Silencing rate: 3.3616374987870344e-10
Sigma: 3.5012085036021734
Initial point 9. Random seed: 8547
Solving with ultrametric constraint
Optimal point found for initial point 9
Negative llh: 208.98903456640704
Dropout rate: 9.999999999999996e-11
Silencing rate: 4.1664005803873034e-10
Sigma: 3.501112029747567
Initial point 10. Random seed: 4106
Solving with ultrametric constraint
Optimal point found for initial point 10
Negative llh: 208.98904381523056
Dropout rate: 3.9402169298807626e-10
Silencing rate: 2.298369649224122e-10
Sigma: 3.501084211442011
Runtime (s): 1072.5504854479805
