Launching Problin version 0.5b
Problin was called as follow: /u/gh2161/Spatial-Division/problin/run_problin.py -c real_location_data/s15c2/k10_r5_character_matrix.csv -t real_location_data/s15c2/true_tree.nwk -S real_location_data/s15c2/leaf_locations.txt --delimiter comma -p real_location_data/s15c2/k10_priors.csv -o real_location_data/s15c2/k10_r5_spalin-spatialonly.txt --nInitials 10 --ultrametric --randomreps 3 --spatial_only
Optimization by Spalin: Scipy-SLSQP using spatial information
Optimizing branch lengths, phi, and nu without topology search
only spatial
Initial point 1. Random seed: 2236
Solving with ultrametric constraint
Optimal point found for initial point 1
Negative llh: 126.06591389710269
Dropout rate: 0.6601059700883717
Silencing rate: 0.6715333166003565
Sigma: 3.0594563628266793
Lambda: 1.0
Initial point 2. Random seed: 2521
Solving with ultrametric constraint
Optimal point found for initial point 2
Negative llh: 126.06591389710269
Dropout rate: 0.2602254477020044
Silencing rate: 0.18360670305899227
Sigma: 3.0594563628266793
Lambda: 1.0
Initial point 3. Random seed: 9224
Solving with ultrametric constraint
Optimal point found for initial point 3
Negative llh: 126.06591389710269
Dropout rate: 0.6542114374451085
Silencing rate: 0.4201022647368075
Sigma: 3.0594563628266793
Lambda: 1.0
Initial point 4. Random seed: 9583
Solving with ultrametric constraint
Optimal point found for initial point 4
Negative llh: 126.06591389710269
Dropout rate: 0.7422241605251667
Silencing rate: 0.8940489969212446
Sigma: 3.0594563628266793
Lambda: 1.0
Initial point 5. Random seed: 5209
Solving with ultrametric constraint
Optimal point found for initial point 5
Negative llh: 126.06591389710269
Dropout rate: 0.41202830381641253
Silencing rate: 0.6064855285115731
Sigma: 3.0594563628266793
Lambda: 1.0
Initial point 6. Random seed: 5071
Solving with ultrametric constraint
Optimal point found for initial point 6
Negative llh: 126.06591389710269
Dropout rate: 0.9218527143258811
Silencing rate: 0.7599754531235255
Sigma: 3.0594563628266793
Lambda: 1.0
Initial point 7. Random seed: 7947
Solving with ultrametric constraint
Optimal point found for initial point 7
Negative llh: 126.06591389710269
Dropout rate: 0.8536249919734741
Silencing rate: 0.702648613519569
Sigma: 3.0594563628266793
Lambda: 1.0
Initial point 8. Random seed: 484
Solving with ultrametric constraint
Optimal point found for initial point 8
Negative llh: 126.06591389710269
Dropout rate: 0.9740109303190159
Silencing rate: 0.35325752433256846
Sigma: 3.0594563628266793
Lambda: 1.0
Initial point 9. Random seed: 1780
Solving with ultrametric constraint
Optimal point found for initial point 9
Negative llh: 126.06591389710269
Dropout rate: 0.016869195303586392
Silencing rate: 0.5815145326797766
Sigma: 3.0594563628266793
Lambda: 1.0
Initial point 10. Random seed: 9436
Solving with ultrametric constraint
Optimal point found for initial point 10
Negative llh: 126.06591389710269
Dropout rate: 0.9768295168757325
Silencing rate: 0.16447496661940603
Sigma: 3.0594563628266793
Lambda: 1.0
{'lambda_param': 1.0, 'phi': 0.6601059700883717, 'nu': 0.6715333166003565, 'sigma': 3.0594563628266793, 'locations': {'216_13': (114.0, 250.0), '216_15': (127.0, 243.0), '216_14': (153.0, 248.0), '216_19': (172.0, 239.0), '216_18': (169.0, 260.0), '216_17': (198.0, 232.0), '216_16': (195.0, 264.0), '216_2': (116.0, 302.0), '216_1': (146.0, 302.0), '216_4': (167.0, 285.0), '216_3': (178.0, 310.0), '216_8': (108.0, 260.0), '216_7': (93.0, 269.0), '216_6': (123.0, 279.0), '216_5': (100.0, 283.0), '216_12': (129.0, 251.0), '216_11': (129.0, 267.0), '216_10': (158.0, 293.0), '216_9': (136.0, 303.0)}}
Runtime (s): 121.26953084394336
