Launching Problin version 0.5b
Problin was called as follow: /u/gh2161/Spatial-Division/problin/run_problin.py -c real_location_data/s15c2/k10_r1_character_matrix.csv -t real_location_data/s15c2/true_tree.nwk -S real_location_data/s15c2/leaf_locations.txt --delimiter comma -p real_location_data/s15c2/k10_priors.csv -o real_location_data/s15c2/k10_r1_spalin-divide-beta5_10_range.txt --nInitials 10 --ultrametric --randomreps 3 --divide --given_lower_beta 5 --given_upper_beta 10 --incl_beta_bound
Optimization by Spalin-Divide: Scipy-SLSQP using spatial information
{'sigma': 22, 'nu': 1e-10, 'phi': 1e-10, 'lower_beta': 5.0, 'upper_beta': 10.0, 'incl_beta_bound': True, 'displacement_amounts': {}}
Optimizing branch lengths, phi, and nu without topology search
Initial point 1. Random seed: 3951
Solving with ultrametric constraint
Optimal point found for initial point 1
Negative llh: 222.44694765789728
Dropout rate: 8.975013415765403e-09
Silencing rate: 2.6013497684589294e-09
Sigma: 4.724431955820944
Initial point 2. Random seed: 8098
Solving with ultrametric constraint
Optimal point found for initial point 2
Negative llh: 230.17723872396925
Dropout rate: 1.1570705615260246e-09
Silencing rate: 3.2512915470747766e-10
Sigma: 5.114149259633376
Initial point 3. Random seed: 3018
Solving with ultrametric constraint
Optimal point found for initial point 3
Negative llh: 222.94886952715657
Dropout rate: 7.420912081436924e-09
Silencing rate: 1.1080848728509073e-09
Sigma: 4.797214599737582
Initial point 4. Random seed: 4472
Solving with ultrametric constraint
Optimal point found for initial point 4
Negative llh: 225.6223353842753
Dropout rate: 7.95992350837066e-09
Silencing rate: 3.3114285453151964e-09
Sigma: 5.005160949082493
Initial point 5. Random seed: 4375
Solving with ultrametric constraint
Optimal point found for initial point 5
Negative llh: 231.10177297729768
Dropout rate: 4.742547711932094e-08
Silencing rate: 6.566033042589452e-08
Sigma: 5.0457820262609125
Initial point 6. Random seed: 8586
Solving with ultrametric constraint
Optimal point found for initial point 6
Negative llh: 228.91548901101757
Dropout rate: 1e-10
Silencing rate: 1e-10
Sigma: 4.939666758258206
Initial point 7. Random seed: 2683
Solving with ultrametric constraint
Optimal point found for initial point 7
Negative llh: 230.1744454810384
Dropout rate: 3.874089617591678e-09
Silencing rate: 1.6269953448034715e-09
Sigma: 5.139793515805956
Initial point 8. Random seed: 9634
Solving with ultrametric constraint
Optimal point found for initial point 8
Negative llh: 231.123103631832
Dropout rate: 1.000000000000009e-10
Silencing rate: 2.8167849895325985e-10
Sigma: 5.115379125439624
Initial point 9. Random seed: 2366
Solving with ultrametric constraint
Optimal point found for initial point 9
Negative llh: 230.27074457867292
Dropout rate: 1.3116959414152233e-08
Silencing rate: 3.483144275741444e-09
Sigma: 5.149551421697119
Initial point 10. Random seed: 2324
Solving with ultrametric constraint
Optimal point found for initial point 10
Negative llh: 230.1718010308517
Dropout rate: 2.2187056514386456e-10
Silencing rate: 1.4930358705784945e-10
Sigma: 5.123704225530014
Runtime (s): 864.7969269072637
