Launching Problin version 0.5b
Problin was called as follow: /u/gh2161/Spatial-Division/problin/run_problin.py -c real_location_data/s15c2/k10_r5_character_matrix.csv -t real_location_data/s15c2/true_tree.nwk -S real_location_data/s15c2/leaf_locations.txt --delimiter comma -p real_location_data/s15c2/k10_priors.csv -o real_location_data/s15c2/k10_r5_spalin-divide-beta1.txt --nInitials 10 --ultrametric --randomreps 3 --divide --radius 1
Optimization by Spalin-Divide: Scipy-SLSQP using spatial information
Optimizing branch lengths, phi, and nu without topology search
Initial point 1. Random seed: 4228
Solving with ultrametric constraint
Optimal point found for initial point 1
Negative llh: 263.40863128399883
Dropout rate: 1.5308763447098275e-09
Silencing rate: 1.864301614579904e-09
Sigma: 1.437742926170053
Initial point 2. Random seed: 1028
Solving with ultrametric constraint
Optimal point found for initial point 2
Negative llh: 263.40846626496
Dropout rate: 9.999999999999996e-11
Silencing rate: 1e-10
Sigma: 1.4373501363275898
Initial point 3. Random seed: 1527
Solving with ultrametric constraint
Optimal point found for initial point 3
Negative llh: 263.4083119455107
Dropout rate: 9.999999999999996e-11
Silencing rate: 1.0000000000000002e-10
Sigma: 1.4379246030702726
Initial point 4. Random seed: 5224
Solving with ultrametric constraint
Optimal point found for initial point 4
Negative llh: 263.4120003373312
Dropout rate: 3.398537485831842e-08
Silencing rate: 2.5707275568460382e-08
Sigma: 1.4387612564719956
Initial point 5. Random seed: 7216
Solving with ultrametric constraint
Optimal point found for initial point 5
Negative llh: 263.4084377510976
Dropout rate: 1.441772992766185e-10
Silencing rate: 1.227041464401973e-10
Sigma: 1.4379869278016273
Initial point 6. Random seed: 5765
Solving with ultrametric constraint
Optimal point found for initial point 6
Negative llh: 263.4083531481856
Dropout rate: 1e-10
Silencing rate: 1e-10
Sigma: 1.4380514760360248
Initial point 7. Random seed: 5760
Solving with ultrametric constraint
Optimal point found for initial point 7
Negative llh: 263.40832256755016
Dropout rate: 1.7904839008726853e-09
Silencing rate: 1.230826040664235e-09
Sigma: 1.4378275721459974
Initial point 8. Random seed: 8228
Solving with ultrametric constraint
Optimal point found for initial point 8
Negative llh: 263.40851375120076
Dropout rate: 1e-10
Silencing rate: 1e-10
Sigma: 1.4379782291812409
Initial point 9. Random seed: 1456
Solving with ultrametric constraint
Optimal point found for initial point 9
Negative llh: 263.4084897667633
Dropout rate: 6.95081841143255e-10
Silencing rate: 1.0003876062353295e-10
Sigma: 1.4377502083250946
Initial point 10. Random seed: 4091
Solving with ultrametric constraint
Optimal point found for initial point 10
Negative llh: 263.4083592080313
Dropout rate: 1.0000000000000007e-10
Silencing rate: 1e-10
Sigma: 1.4381154071461453
Runtime (s): 979.0319383665919
