Launching Problin version 0.5b
Problin was called as follow: /u/gh2161/Spatial-Division/problin/run_problin.py -c real_location_data/s15c2/k10_r2_character_matrix.csv -t real_location_data/s15c2/true_tree.nwk -S real_location_data/s15c2/leaf_locations.txt --delimiter comma -p real_location_data/s15c2/k10_priors.csv -o real_location_data/s15c2/k10_r2_spalin-divide-beta05.txt --nInitials 10 --ultrametric --randomreps 3 --divide --radius 0.5
Optimization by Spalin-Divide: Scipy-SLSQP using spatial information
Optimizing branch lengths, phi, and nu without topology search
Initial point 1. Random seed: 538
Solving with ultrametric constraint
Optimal point found for initial point 1
Negative llh: 251.21610802967848
Dropout rate: 9.999999999999924e-11
Silencing rate: 9.999999999999924e-11
Sigma: 1.52602981047818
Initial point 2. Random seed: 7751
Solving with ultrametric constraint
Optimal point found for initial point 2
Negative llh: 251.21606433324723
Dropout rate: 5.316508071691613e-10
Silencing rate: 1.007080507867879e-10
Sigma: 1.5267044455903207
Initial point 3. Random seed: 9558
Solving with ultrametric constraint
Optimal point found for initial point 3
Negative llh: 251.2159492114303
Dropout rate: 2.0581135436745324e-09
Silencing rate: 9.533260212480564e-10
Sigma: 1.5259794812386125
Initial point 4. Random seed: 4805
Solving with ultrametric constraint
Optimal point found for initial point 4
Negative llh: 251.2162562622442
Dropout rate: 1.9614532688896837e-09
Silencing rate: 9.167427166565612e-10
Sigma: 1.5258157925763756
Initial point 5. Random seed: 4712
Solving with ultrametric constraint
Optimal point found for initial point 5
Negative llh: 251.21632544828208
Dropout rate: 1.0027733363852522e-09
Silencing rate: 4.933019048022575e-10
Sigma: 1.5260303549494287
Initial point 6. Random seed: 6849
Solving with ultrametric constraint
Optimal point found for initial point 6
Negative llh: 251.2158658678194
Dropout rate: 1e-10
Silencing rate: 1e-10
Sigma: 1.5262680771157946
Initial point 7. Random seed: 7728
Solving with ultrametric constraint
Optimal point found for initial point 7
Negative llh: 251.2159181168352
Dropout rate: 1.2578503573424653e-09
Silencing rate: 1.0626088925002377e-10
Sigma: 1.526310165190172
Initial point 8. Random seed: 3014
Solving with ultrametric constraint
Optimal point found for initial point 8
Negative llh: 251.21586608196975
Dropout rate: 1e-10
Silencing rate: 1e-10
Sigma: 1.526290406345283
Initial point 9. Random seed: 4449
Solving with ultrametric constraint
Optimal point found for initial point 9
Negative llh: 251.21594338363428
Dropout rate: 1e-10
Silencing rate: 1e-10
Sigma: 1.526230190967824
Initial point 10. Random seed: 6994
Solving with ultrametric constraint
Optimal point found for initial point 10
Negative llh: 251.2159432186113
Dropout rate: 8.596503798876119e-10
Silencing rate: 4.861559042119967e-10
Sigma: 1.526386379380128
Runtime (s): 2236.1350666582584
