Launching Problin version 0.5b
Problin was called as follow: /u/gh2161/Spatial-Division/problin/run_problin.py -c real_location_data/s15c2/k10_r4_character_matrix.csv -t real_location_data/s15c2/true_tree.nwk -S real_location_data/s15c2/leaf_locations.txt --delimiter comma -p real_location_data/s15c2/k10_priors.csv -o real_location_data/s15c2/k10_r4_spalin-divide-beta20.txt --nInitials 10 --ultrametric --randomreps 3 --divide --given_beta 20 --incl_beta_bound
Optimization by Spalin-Divide: Scipy-SLSQP using spatial information
Optimizing branch lengths, phi, and nu without topology search
Initial point 1. Random seed: 1628
Solving with ultrametric constraint
Optimal point found for initial point 1
Negative llh: 230.86490842234167
Dropout rate: 1e-10
Silencing rate: 1e-10
Sigma: 3.101088960245722
Initial point 2. Random seed: 4332
Solving with ultrametric constraint
Optimal point found for initial point 2
Negative llh: 230.86490986266014
Dropout rate: 5.791481855957727e-10
Silencing rate: 4.639330118800196e-10
Sigma: 3.1010841707981402
Initial point 3. Random seed: 4124
Solving with ultrametric constraint
Optimal point found for initial point 3
Negative llh: 230.8649078910994
Dropout rate: 1e-10
Silencing rate: 1e-10
Sigma: 3.1010925264396523
Initial point 4. Random seed: 7660
Solving with ultrametric constraint
Optimal point found for initial point 4
Negative llh: 230.86491049708667
Dropout rate: 1.0000000000000007e-10
Silencing rate: 1.0000000000000007e-10
Sigma: 3.1011073601432915
Initial point 5. Random seed: 8341
Solving with ultrametric constraint
Optimal point found for initial point 5
Negative llh: 230.86491114340944
Dropout rate: 1e-10
Silencing rate: 1e-10
Sigma: 3.1011155252392464
Initial point 6. Random seed: 3186
Solving with ultrametric constraint
Optimal point found for initial point 6
Negative llh: 230.8649087449988
Dropout rate: 1e-10
Silencing rate: 1e-10
Sigma: 3.1010801546875144
Initial point 7. Random seed: 4795
Solving with ultrametric constraint
Optimal point found for initial point 7
Negative llh: 230.8649093569255
Dropout rate: 1e-10
Silencing rate: 1e-10
Sigma: 3.101088725699322
Initial point 8. Random seed: 2288
Solving with ultrametric constraint
Optimal point found for initial point 8
Negative llh: 230.86491164118883
Dropout rate: 1.4278180934120598e-09
Silencing rate: 9.546100981633008e-10
Sigma: 3.1011035320916753
Initial point 9. Random seed: 3247
Solving with ultrametric constraint
Optimal point found for initial point 9
Negative llh: 230.86490912120428
Dropout rate: 1.3886406146816666e-10
Silencing rate: 1.2678704526404254e-10
Sigma: 3.101142012068872
Initial point 10. Random seed: 4793
Solving with ultrametric constraint
Optimal point found for initial point 10
Negative llh: 230.86491313086339
Dropout rate: 1.4469607876175063e-10
Silencing rate: 1.3579566019138926e-10
Sigma: 3.101141411909159
Runtime (s): 1483.4735706225038
