Launching Problin version 0.5b
Problin was called as follow: /u/gh2161/Spatial-Division/problin/run_problin.py -c real_location_data/s2c1/k10_r5_character_matrix.csv -t real_location_data/s2c1/true_tree.nwk -S real_location_data/s2c1/leaf_locations.txt --delimiter comma -p real_location_data/s2c1/k10_priors.csv -o real_location_data/s2c1/k10_r5_spalin-divide-beta6.txt --nInitials 10 --ultrametric --randomreps 3 --divide --given_beta 6 --incl_beta_bound
Optimization by Spalin-Divide: Scipy-SLSQP using spatial information
Optimizing branch lengths, phi, and nu without topology search
Initial point 1. Random seed: 2525
Solving with ultrametric constraint
Fatal: failed to optimize using initial point 1
Initial point 2. Random seed: 7817
Solving with ultrametric constraint
Fatal: failed to optimize using initial point 2
Initial point 3. Random seed: 7459
Solving with ultrametric constraint
Fatal: failed to optimize using initial point 3
Initial point 4. Random seed: 7290
Solving with ultrametric constraint
Fatal: failed to optimize using initial point 4
Initial point 5. Random seed: 3210
Solving with ultrametric constraint
Optimal point found for initial point 5
Negative llh: 405.7907416889151
Dropout rate: 2.6303924878613724e-10
Silencing rate: 1.6964237227295285e-10
Sigma: 5.2124306547903565
Initial point 6. Random seed: 9686
Solving with ultrametric constraint
Optimal point found for initial point 6
Negative llh: 405.7907537050217
Dropout rate: 1.0111652190020191e-09
Silencing rate: 4.892143692004618e-10
Sigma: 5.212441597878189
Initial point 7. Random seed: 5949
Solving with ultrametric constraint
Fatal: failed to optimize using initial point 7
Initial point 8. Random seed: 5964
Solving with ultrametric constraint
Fatal: failed to optimize using initial point 8
Initial point 9. Random seed: 1570
Solving with ultrametric constraint
Fatal: failed to optimize using initial point 9
Initial point 10. Random seed: 8758
Solving with ultrametric constraint
Fatal: failed to optimize using initial point 10
Runtime (s): 7749.342254227027
