Launching Problin version 0.5b
Problin was called as follow: /u/gh2161/Spatial-Division/problin/run_problin.py -c real_location_data/s2c1/k10_r2_character_matrix.csv -t real_location_data/s2c1/true_tree.nwk -S real_location_data/s2c1/leaf_locations.txt --delimiter comma -p real_location_data/s2c1/k10_priors.csv -o real_location_data/s2c1/k10_r2_spalin-divide-ignore-beta.txt --nInitials 10 --ultrametric --randomreps 3 --divide
Optimization by Spalin-Divide: Scipy-SLSQP using spatial information
Optimizing branch lengths, phi, and nu without topology search
We need to optimize the radius
Initial point 1. Random seed: 3161
Solving with ultrametric constraint
Optimal point found for initial point 1
Negative llh: 380.09376815784344
Dropout rate: 1.0000000000000007e-10
Silencing rate: 1e-10
Sigma: 1.1739783446612353
Lambda: 0.004938430016240568
Initial point 2. Random seed: 4730
Solving with ultrametric constraint
Optimal point found for initial point 2
Negative llh: 380.0919571907484
Dropout rate: 1.0763988248536319e-10
Silencing rate: 1.0226609843000692e-10
Sigma: 1.1739876455602287
Lambda: 0.004936465383457872
Initial point 3. Random seed: 3039
Solving with ultrametric constraint
Optimal point found for initial point 3
Negative llh: 380.09192235539115
Dropout rate: 1.7871611298082628e-09
Silencing rate: 1.0272950487017963e-10
Sigma: 1.174046584883062
Lambda: 0.004936283554013773
Initial point 4. Random seed: 9046
Solving with ultrametric constraint
Optimal point found for initial point 4
Negative llh: 380.09211608354525
Dropout rate: 1.1802571067317486e-09
Silencing rate: 3.110367685445828e-10
Sigma: 1.1740883519848015
Lambda: 0.0049360812376587175
Initial point 5. Random seed: 6083
Solving with ultrametric constraint
Fatal: failed to optimize using initial point 5
Initial point 6. Random seed: 4345
Solving with ultrametric constraint
Optimal point found for initial point 6
Negative llh: 380.09174402236056
Dropout rate: 1e-10
Silencing rate: 1e-10
Sigma: 1.1739899711544992
Lambda: 0.004936002030221833
Initial point 7. Random seed: 7763
Solving with ultrametric constraint
Optimal point found for initial point 7
Negative llh: 380.0920432245393
Dropout rate: 2.6437445000794792e-09
Silencing rate: 8.542369975444218e-10
Sigma: 1.174249305419606
Lambda: 0.004936545323217372
Initial point 8. Random seed: 4573
Solving with ultrametric constraint
Optimal point found for initial point 8
Negative llh: 380.09180947732375
Dropout rate: 2.7740014650426643e-10
Silencing rate: 1e-10
Sigma: 1.1740786651624835
Lambda: 0.004936378881972675
Initial point 9. Random seed: 7181
Solving with ultrametric constraint
Optimal point found for initial point 9
Negative llh: 380.0919418194418
Dropout rate: 1.0000269166356484e-10
Silencing rate: 1.0000079819143495e-10
Sigma: 1.1740204245872372
Lambda: 0.004937464778976305
Initial point 10. Random seed: 2137
Solving with ultrametric constraint
Optimal point found for initial point 10
Negative llh: 399.327410991787
Dropout rate: 1.0000000000000007e-10
Silencing rate: 1.0000000000000002e-10
Sigma: 1.3913215503803618
Lambda: 0.013489111172452179
{'lambda_param': 0.004936002030221833, 'phi': 1e-10, 'nu': 1e-10, 'sigma': 1.1739899711544992, 'locations': {'216_7': (333.0, 406.0), '216_6': (352.0, 406.0), '216_1': (338.0, 443.0), '216_3': (328.0, 419.0), '216_10': (261.0, 368.0), '216_9': (283.0, 374.0), '216_8': (265.0, 383.0), '216_14': (327.0, 364.0), '216_13': (312.0, 359.0), '216_12': (308.0, 372.0), '216_11': (298.0, 371.0), '216_42': (313.0, 332.0), '216_41': (328.0, 350.0), '216_40': (287.0, 343.0), '216_39': (298.0, 358.0), '216_46': (315.0, 280.0), '216_45': (317.0, 296.0), '216_44': (304.0, 298.0), '216_43': (295.0, 325.0), '216_36': (295.0, 386.0), '216_35': (298.0, 411.0), '216_32': (281.0, 400.0), '216_31': (303.0, 424.0), '216_30': (284.0, 315.0), '216_29': (264.0, 337.0), '216_27': (246.0, 356.0), '216_26': (247.0, 385.0), '216_22': (240.0, 403.0), '216_21': (257.0, 421.0), '216_20': (225.0, 399.0), '216_19': (194.0, 401.0), '216_16': (299.0, 487.0), '216_15': (268.0, 487.0), '216_18': (274.0, 443.0)}, 'radius': 13.035274127843662, 'thetas': {'199_9': 3.1416307031564137, '152_7': 7.640642820011566, '202_13': 3.077165197511949, '204_15': 0.8139615976161652, '156_9': 3.447074916385248, '104_5': 7.188267786441791, '205_21': 2.3086010179663465, '160_12': 5.461727311943693, '114_7': 4.9829771115757096, '52_3': 1.607285488353323, '203_21': 0.8288474456854223, '208_28': 7.734552923081835, '116_9': 1.874937354185629, '207_31': 1.8925472820613103, '211_37': 1.446437903996195, '164_19': 2.175359547659911, '208_30': 0.9380665660179623, '211_34': 0.8760604611026989, '170_20': 2.8111063408273544, '120_11': -1.5408401174700956, '59_5': 1.735651734060892, '12_2': 2.394111212427014, '212_7': 3.241235176275907, '214_12': 3.463355074407069, '168_4': 2.598834986769765, '213_6': 2.677942156087436, '172_3': 0.6830213609687025, '123_2': 6.171580599286519, '175_1': 1.1760069257762957, '213_5': 6.283184781666136, '125_1': -4.338591735665486, '69_1': 3.922937792694907, 'virtual': 3.3664427493708367}}
Runtime (s): 4867.750754324719
