Launching Problin version 0.5b
Problin was called as follow: /u/gh2161/Spatial-Division/problin/run_problin.py -c real_location_data/s2c1/k10_r5_character_matrix.csv -t real_location_data/s2c1/true_tree.nwk --delimiter comma -p real_location_data/s2c1/k10_priors.csv -o real_location_data/s2c1/k10_r5_problin.txt --nInitials 10 --ultrametric --randomreps 3 --solver Scipy
Optimization by generic solver (Scipy-SLSQP)
Optimizing branch lengths, phi, and nu without topology search
Initial point 1. Random seed: 5537
Solving with ultrametric constraint
Optimal point found for initial point 1
Negative llh: 138.77889875088283
Dropout rate: 1e-10
Silencing rate: 1e-10
Lambda: 0.006897873760350544
Initial point 2. Random seed: 3807
Solving with ultrametric constraint
Optimal point found for initial point 2
Negative llh: 138.77859588817867
Dropout rate: 3.452071716954384e-09
Silencing rate: 1.5295756658700729e-09
Lambda: 0.006899094802468812
Initial point 3. Random seed: 5869
Solving with ultrametric constraint
Optimal point found for initial point 3
Negative llh: 138.7796470348066
Dropout rate: 8.606931116487814e-10
Silencing rate: 4.2426386118197665e-10
Lambda: 0.006902760522218113
Initial point 4. Random seed: 4877
Solving with ultrametric constraint
Optimal point found for initial point 4
Negative llh: 138.77864801282058
Dropout rate: 1e-10
Silencing rate: 1e-10
Lambda: 0.006898565495388462
Initial point 5. Random seed: 1656
Solving with ultrametric constraint
Optimal point found for initial point 5
Negative llh: 138.77851569715781
Dropout rate: 2.957151591572454e-09
Silencing rate: 1.3187341480712619e-09
Lambda: 0.006900171537743111
Initial point 6. Random seed: 5576
Solving with ultrametric constraint
Optimal point found for initial point 6
Negative llh: 138.7786745845934
Dropout rate: 1e-10
Silencing rate: 1e-10
Lambda: 0.006901345694559085
Initial point 7. Random seed: 7058
Solving with ultrametric constraint
Optimal point found for initial point 7
Negative llh: 138.77984318418538
Dropout rate: 5.6542430404734215e-09
Silencing rate: 2.465688342749041e-09
Lambda: 0.006899464398482106
Initial point 8. Random seed: 4858
Solving with ultrametric constraint
Optimal point found for initial point 8
Negative llh: 138.77934173553462
Dropout rate: 1.0572015319723336e-10
Silencing rate: 2.126476069996346e-10
Lambda: 0.006898325517766334
Initial point 9. Random seed: 1986
Solving with ultrametric constraint
Optimal point found for initial point 9
Negative llh: 138.77848714507203
Dropout rate: 1.0577838691695967e-08
Silencing rate: 4.566021803582573e-09
Lambda: 0.006899578571539456
Initial point 10. Random seed: 8047
Solving with ultrametric constraint
Optimal point found for initial point 10
Negative llh: 138.77858930214953
Dropout rate: 1.0000002284706582e-10
Silencing rate: 1.0000000973500018e-10
Lambda: 0.006898655415751997
{'phi': 1.0577838691695967e-08, 'nu': 4.566021803582573e-09, 'lambda_param': 0.006899578571539456}
Runtime (s): 793.8567114742473
