Launching Problin version 0.5b
Problin was called as follow: /u/gh2161/Spatial-Division/problin/run_problin.py -c real_location_data/s2c1/k10_r4_character_matrix.csv -t real_location_data/s2c1/true_tree.nwk -S real_location_data/s2c1/leaf_locations.txt --delimiter comma -p real_location_data/s2c1/k10_priors.csv -o real_location_data/s2c1/k10_r4_spalin-divide-beta5_10_range.txt --nInitials 10 --ultrametric --randomreps 3 --divide --given_lower_beta 5 --given_upper_beta 10 --incl_beta_bound
Optimization by Spalin-Divide: Scipy-SLSQP using spatial information
{'sigma': 22, 'nu': 1e-10, 'phi': 1e-10, 'lower_beta': 5.0, 'upper_beta': 10.0, 'incl_beta_bound': True, 'displacement_amounts': {}}
Optimizing branch lengths, phi, and nu without topology search
Initial point 1. Random seed: 9734
Solving with ultrametric constraint
Optimal point found for initial point 1
Negative llh: 442.6834526112384
Dropout rate: 2.846430660587217e-08
Silencing rate: 1.1427390053328988e-09
Sigma: 5.86038990868379
Initial point 2. Random seed: 2651
Solving with ultrametric constraint
Optimal point found for initial point 2
Negative llh: 442.7485021574929
Dropout rate: 1.807926765927688e-08
Silencing rate: 7.454955879729628e-09
Sigma: 5.85048629886752
Initial point 3. Random seed: 6937
Solving with ultrametric constraint
Optimal point found for initial point 3
Negative llh: 443.0294887523937
Dropout rate: 2.3716722843759884e-08
Silencing rate: 3.137649636817388e-08
Sigma: 5.876149117037255
Initial point 4. Random seed: 1902
Solving with ultrametric constraint
Optimal point found for initial point 4
Negative llh: 442.835149597285
Dropout rate: 7.145232062589469e-09
Silencing rate: 3.5116111563087113e-09
Sigma: 5.866973872053195
Initial point 5. Random seed: 3643
Solving with ultrametric constraint
Optimal point found for initial point 5
Negative llh: 442.7362808873937
Dropout rate: 1e-10
Silencing rate: 1e-10
Sigma: 5.8588182104532684
Initial point 6. Random seed: 9552
Solving with ultrametric constraint
Optimal point found for initial point 6
Negative llh: 442.79553315413773
Dropout rate: 2.2440565604515673e-07
Silencing rate: 2.175304715787367e-08
Sigma: 5.860334062100339
Initial point 7. Random seed: 8235
Solving with ultrametric constraint
Optimal point found for initial point 7
Negative llh: 442.7526783188643
Dropout rate: 9.999999999999924e-11
Silencing rate: 9.999999999999996e-11
Sigma: 5.861185377390303
Initial point 8. Random seed: 5797
Solving with ultrametric constraint
Optimal point found for initial point 8
Negative llh: 442.7845235478009
Dropout rate: 3.920826512886278e-08
Silencing rate: 1.631269493684309e-08
Sigma: 5.854159159185386
Initial point 9. Random seed: 15
Solving with ultrametric constraint
Optimal point found for initial point 9
Negative llh: 442.7430299809706
Dropout rate: 1.0000567573025612e-10
Silencing rate: 1.0000126855698632e-10
Sigma: 5.869651802956489
Initial point 10. Random seed: 5777
Solving with ultrametric constraint
Optimal point found for initial point 10
Negative llh: 442.8789987458622
Dropout rate: 3.955064351325786e-08
Silencing rate: 1.386984650039484e-08
Sigma: 5.861591001828858
Runtime (s): 3590.581743951887
