Launching Problin version 0.5b
Problin was called as follow: /u/gh2161/Spatial-Division/problin/run_problin.py -c real_location_data/s2c1/k10_r3_character_matrix.csv -t real_location_data/s2c1/true_tree.nwk -S real_location_data/s2c1/leaf_locations.txt --delimiter comma -p real_location_data/s2c1/k10_priors.csv -o real_location_data/s2c1/k10_r3_spalin-divide-beta7.txt --nInitials 10 --ultrametric --randomreps 3 --divide --radius 7
Optimization by Spalin-Divide: Scipy-SLSQP using spatial information
Optimizing branch lengths, phi, and nu without topology search
Initial point 1. Random seed: 9845
Solving with ultrametric constraint
Optimal point found for initial point 1
Negative llh: 392.80634754967247
Dropout rate: 1e-10
Silencing rate: 9.999999999999996e-11
Sigma: 1.4604392119644358
Initial point 2. Random seed: 2309
Solving with ultrametric constraint
Optimal point found for initial point 2
Negative llh: 392.8070128610883
Dropout rate: 6.850278104626268e-09
Silencing rate: 2.6012482576832615e-09
Sigma: 1.4605259613324788
Initial point 3. Random seed: 5709
Solving with ultrametric constraint
Optimal point found for initial point 3
Negative llh: 392.80906243326154
Dropout rate: 9.982603367972483e-09
Silencing rate: 3.5405191015411978e-09
Sigma: 1.4607095741888103
Initial point 4. Random seed: 3766
Solving with ultrametric constraint
Optimal point found for initial point 4
Negative llh: 392.8064904710715
Dropout rate: 1e-10
Silencing rate: 1e-10
Sigma: 1.4605709708749761
Initial point 5. Random seed: 6022
Solving with ultrametric constraint
Optimal point found for initial point 5
Negative llh: 392.8063533857331
Dropout rate: 1.1111956332795938e-10
Silencing rate: 1.0384976641347894e-10
Sigma: 1.4610226809382496
Initial point 6. Random seed: 6129
Solving with ultrametric constraint
Optimal point found for initial point 6
Negative llh: 392.8067711434488
Dropout rate: 6.31777200729276e-09
Silencing rate: 2.252241273027148e-09
Sigma: 1.461161994932061
Initial point 7. Random seed: 4132
Solving with ultrametric constraint
Optimal point found for initial point 7
Negative llh: 392.806684463024
Dropout rate: 1.788108753524042e-09
Silencing rate: 8.076838480568492e-10
Sigma: 1.4602304750857986
Initial point 8. Random seed: 5134
Solving with ultrametric constraint
Optimal point found for initial point 8
Negative llh: 392.80664147801394
Dropout rate: 2.9405370066351e-09
Silencing rate: 1.0018860537244629e-10
Sigma: 1.4604779906422352
Initial point 9. Random seed: 3735
Solving with ultrametric constraint
Optimal point found for initial point 9
Negative llh: 392.80819233060424
Dropout rate: 1.1394884399522422e-08
Silencing rate: 1.0370869963438861e-10
Sigma: 1.4599204810949389
Initial point 10. Random seed: 224
Solving with ultrametric constraint
Optimal point found for initial point 10
Negative llh: 392.8068194207771
Dropout rate: 1.0223824374491162e-10
Silencing rate: 1.0077519383299071e-10
Sigma: 1.4608171737234938
Runtime (s): 5147.433614499867
