Launching Problin version 0.5b
Problin was called as follow: /u/gh2161/Spatial-Division/problin/run_problin.py -c real_location_data/s2c1/k10_r3_character_matrix.csv -t real_location_data/s2c1/true_tree.nwk -S real_location_data/s2c1/leaf_locations.txt --delimiter comma -p real_location_data/s2c1/k10_priors.csv -o real_location_data/s2c1/k10_r3_spalin-divide-beta9.txt --nInitials 10 --ultrametric --randomreps 3 --divide --given_beta 9 --incl_beta_bound
Optimization by Spalin-Divide: Scipy-SLSQP using spatial information
Optimizing branch lengths, phi, and nu without topology search
Initial point 1. Random seed: 6005
Solving with ultrametric constraint
Optimal point found for initial point 1
Negative llh: 375.41149061419503
Dropout rate: 5.341727607971108e-10
Silencing rate: 2.5766986934782257e-10
Sigma: 4.681002781416656
Initial point 2. Random seed: 6814
Solving with ultrametric constraint
Fatal: failed to optimize using initial point 2
Initial point 3. Random seed: 6144
Solving with ultrametric constraint
Fatal: failed to optimize using initial point 3
Initial point 4. Random seed: 8628
Solving with ultrametric constraint
Fatal: failed to optimize using initial point 4
Initial point 5. Random seed: 2366
Solving with ultrametric constraint
Optimal point found for initial point 5
Negative llh: 375.4114656820659
Dropout rate: 1.372211693552247e-10
Silencing rate: 1.1351636922111744e-10
Sigma: 4.681024636523882
Initial point 6. Random seed: 23
Solving with ultrametric constraint
Fatal: failed to optimize using initial point 6
Initial point 7. Random seed: 3098
Solving with ultrametric constraint
Optimal point found for initial point 7
Negative llh: 375.4114816151741
Dropout rate: 2.8088780792241766e-09
Silencing rate: 1.196326533018117e-09
Sigma: 4.68106872581676
Initial point 8. Random seed: 2259
Solving with ultrametric constraint
Fatal: failed to optimize using initial point 8
Initial point 9. Random seed: 6653
Solving with ultrametric constraint
Fatal: failed to optimize using initial point 9
Initial point 10. Random seed: 9311
Solving with ultrametric constraint
Fatal: failed to optimize using initial point 10
Runtime (s): 12405.564582318999
