Launching Problin version 0.5b
Problin was called as follow: /u/gh2161/Spatial-Division/problin/run_problin.py -c real_location_data/s2c1/k10_r3_character_matrix.csv -t real_location_data/s2c1/true_tree.nwk -S real_location_data/s2c1/leaf_locations.txt --delimiter comma -p real_location_data/s2c1/k10_priors.csv -o real_location_data/s2c1/k10_r3_spalin-divide-beta2.txt --nInitials 10 --ultrametric --randomreps 3 --divide --given_beta 2 --incl_beta_bound
Optimization by Spalin-Divide: Scipy-SLSQP using spatial information
Optimizing branch lengths, phi, and nu without topology search
Initial point 1. Random seed: 726
Solving with ultrametric constraint
Optimal point found for initial point 1
Negative llh: 423.8907523340871
Dropout rate: 1e-10
Silencing rate: 1e-10
Sigma: 6.313451873203952
Initial point 2. Random seed: 5562
Solving with ultrametric constraint
Fatal: failed to optimize using initial point 2
Initial point 3. Random seed: 6302
Solving with ultrametric constraint
Fatal: failed to optimize using initial point 3
Initial point 4. Random seed: 7038
Solving with ultrametric constraint
Fatal: failed to optimize using initial point 4
Initial point 5. Random seed: 9949
Solving with ultrametric constraint
Fatal: failed to optimize using initial point 5
Initial point 6. Random seed: 2223
Solving with ultrametric constraint
Fatal: failed to optimize using initial point 6
Initial point 7. Random seed: 5605
Solving with ultrametric constraint
Fatal: failed to optimize using initial point 7
Initial point 8. Random seed: 7625
Solving with ultrametric constraint
Fatal: failed to optimize using initial point 8
Initial point 9. Random seed: 5538
Solving with ultrametric constraint
Optimal point found for initial point 9
Negative llh: 423.89075405088363
Dropout rate: 2.2233916395629264e-10
Silencing rate: 1.4267233834593792e-10
Sigma: 6.313501385462278
Initial point 10. Random seed: 9134
Solving with ultrametric constraint
Fatal: failed to optimize using initial point 10
Runtime (s): 5427.4443024769425
