Launching Problin version 0.5b
Problin was called as follow: /u/gh2161/Spatial-Division/problin/run_problin.py -c real_location_data/s9c2/k10_r5_character_matrix.csv -t real_location_data/s9c2/true_tree.nwk -S real_location_data/s9c2/leaf_locations.txt --delimiter comma -p real_location_data/s9c2/k10_priors.csv -o real_location_data/s9c2/k10_r5_spalin-divide-beta2.txt --nInitials 10 --ultrametric --randomreps 3 --divide --given_beta 2 --incl_beta_bound
Optimization by Spalin-Divide: Scipy-SLSQP using spatial information
Optimizing branch lengths, phi, and nu without topology search
Initial point 1. Random seed: 761
Solving with ultrametric constraint
Optimal point found for initial point 1
Negative llh: 190.52497628022525
Dropout rate: 1.453114174013051e-09
Silencing rate: 6.870886897183898e-10
Sigma: 5.893075449382779
Initial point 2. Random seed: 5728
Solving with ultrametric constraint
Optimal point found for initial point 2
Negative llh: 190.52497186005482
Dropout rate: 9.999999999999996e-11
Silencing rate: 1.0000000000000002e-10
Sigma: 5.892813121147975
Initial point 3. Random seed: 401
Solving with ultrametric constraint
Optimal point found for initial point 3
Negative llh: 190.52497555909224
Dropout rate: 1e-10
Silencing rate: 1e-10
Sigma: 5.892977483127164
Initial point 4. Random seed: 3329
Solving with ultrametric constraint
Optimal point found for initial point 4
Negative llh: 190.52496648881998
Dropout rate: 1e-10
Silencing rate: 1e-10
Sigma: 5.893009354620557
Initial point 5. Random seed: 6894
Solving with ultrametric constraint
Optimal point found for initial point 5
Negative llh: 190.5249670867554
Dropout rate: 1.243441832720429e-10
Silencing rate: 1.103578626597656e-10
Sigma: 5.893034031850331
Initial point 6. Random seed: 5380
Solving with ultrametric constraint
Optimal point found for initial point 6
Negative llh: 190.5249694504656
Dropout rate: 1.0765958256608211e-10
Silencing rate: 1.0711432179923386e-10
Sigma: 5.892859321734593
Initial point 7. Random seed: 999
Solving with ultrametric constraint
Optimal point found for initial point 7
Negative llh: 190.52497736537111
Dropout rate: 1.2456690495005083e-10
Silencing rate: 1.1609091339748493e-10
Sigma: 5.892633869645566
Initial point 8. Random seed: 2368
Solving with ultrametric constraint
Optimal point found for initial point 8
Negative llh: 190.52498795060814
Dropout rate: 1e-10
Silencing rate: 1e-10
Sigma: 5.892911158198568
Initial point 9. Random seed: 4871
Solving with ultrametric constraint
Optimal point found for initial point 9
Negative llh: 190.524977717872
Dropout rate: 1.9964718973242498e-10
Silencing rate: 2.0660375976057639e-10
Sigma: 5.893098858766072
Initial point 10. Random seed: 5299
Solving with ultrametric constraint
Optimal point found for initial point 10
Negative llh: 190.52497022926366
Dropout rate: 1e-10
Silencing rate: 1e-10
Sigma: 5.893168073454065
Runtime (s): 814.9125659060082
