Launching Problin version 0.5b
Problin was called as follow: /u/gh2161/Spatial-Division/problin/run_problin.py -c real_location_data/s9c2/k10_r1_character_matrix.csv -t real_location_data/s9c2/true_tree.nwk -S real_location_data/s9c2/leaf_locations.txt --delimiter comma -p real_location_data/s9c2/k10_priors.csv -o real_location_data/s9c2/k10_r1_spalin-divide-beta1.txt --nInitials 10 --ultrametric --randomreps 3 --divide --radius 1
Optimization by Spalin-Divide: Scipy-SLSQP using spatial information
Optimizing branch lengths, phi, and nu without topology search
Initial point 1. Random seed: 5773
Solving with ultrametric constraint
Optimal point found for initial point 1
Negative llh: 200.24361938240827
Dropout rate: 1e-10
Silencing rate: 1e-10
Sigma: 1.6112154896704973
Initial point 2. Random seed: 3203
Solving with ultrametric constraint
Optimal point found for initial point 2
Negative llh: 200.24393660521946
Dropout rate: 7.432270349887844e-10
Silencing rate: 5.209031884568231e-10
Sigma: 1.610805513450885
Initial point 3. Random seed: 3250
Solving with ultrametric constraint
Optimal point found for initial point 3
Negative llh: 200.24409342972848
Dropout rate: 1.0000000000000007e-10
Silencing rate: 1e-10
Sigma: 1.6090409827741026
Initial point 4. Random seed: 1209
Solving with ultrametric constraint
Optimal point found for initial point 4
Negative llh: 324908.81894508214
Dropout rate: 1.8388620869593379e-06
Silencing rate: 0.3157267457839044
Sigma: 10.672927408221154
Initial point 5. Random seed: 7526
Solving with ultrametric constraint
Optimal point found for initial point 5
Negative llh: 200.24351864660076
Dropout rate: 1.1779244155663622e-10
Silencing rate: 1.101945769384465e-10
Sigma: 1.6113698654274362
Initial point 6. Random seed: 2213
Solving with ultrametric constraint
Fatal: failed to optimize using initial point 6
Initial point 7. Random seed: 1173
Solving with ultrametric constraint
Optimal point found for initial point 7
Negative llh: 200.24351879966343
Dropout rate: 1e-10
Silencing rate: 1e-10
Sigma: 1.611416430922751
Initial point 8. Random seed: 2360
Solving with ultrametric constraint
Optimal point found for initial point 8
Negative llh: 200.24402095342458
Dropout rate: 7.658528908299293e-10
Silencing rate: 1.0005246691409077e-10
Sigma: 1.6115095150634657
Initial point 9. Random seed: 1447
Solving with ultrametric constraint
Optimal point found for initial point 9
Negative llh: 200.24361277795072
Dropout rate: 1.0000000000000007e-10
Silencing rate: 1e-10
Sigma: 1.6113281763566556
Initial point 10. Random seed: 7911
Solving with ultrametric constraint
Optimal point found for initial point 10
Negative llh: 200.2437374116111
Dropout rate: 1e-10
Silencing rate: 1e-10
Sigma: 1.6109222304386903
Runtime (s): 476.37482642382383
