Launching Problin version 0.5b
Problin was called as follow: /u/gh2161/Spatial-Division/problin/run_problin.py -c real_location_data/s9c2/k10_r4_character_matrix.csv -t real_location_data/s9c2/true_tree.nwk -S real_location_data/s9c2/leaf_locations.txt --delimiter comma -p real_location_data/s9c2/k10_priors.csv -o real_location_data/s9c2/k10_r4_spalin-divide-beta20.txt --nInitials 10 --ultrametric --randomreps 3 --divide --given_beta 20 --incl_beta_bound
Optimization by Spalin-Divide: Scipy-SLSQP using spatial information
Optimizing branch lengths, phi, and nu without topology search
Initial point 1. Random seed: 4371
Solving with ultrametric constraint
Optimal point found for initial point 1
Negative llh: 203.84368373328937
Dropout rate: 1e-10
Silencing rate: 1e-10
Sigma: 3.4755796545071216
Initial point 2. Random seed: 3588
Solving with ultrametric constraint
Optimal point found for initial point 2
Negative llh: 203.84368202667366
Dropout rate: 1e-10
Silencing rate: 1e-10
Sigma: 3.4755159238550366
Initial point 3. Random seed: 7436
Solving with ultrametric constraint
Optimal point found for initial point 3
Negative llh: 203.8436845185759
Dropout rate: 1.4488996592185314e-09
Silencing rate: 6.920343072985981e-10
Sigma: 3.4753830921308837
Initial point 4. Random seed: 5074
Solving with ultrametric constraint
Optimal point found for initial point 4
Negative llh: 203.84368431370368
Dropout rate: 8.824880835781759e-10
Silencing rate: 4.943782702185016e-10
Sigma: 3.4755648024173604
Initial point 5. Random seed: 5585
Solving with ultrametric constraint
Optimal point found for initial point 5
Negative llh: 203.8436822761218
Dropout rate: 1e-10
Silencing rate: 1e-10
Sigma: 3.475601427711192
Initial point 6. Random seed: 8763
Solving with ultrametric constraint
Optimal point found for initial point 6
Negative llh: 203.84368071998233
Dropout rate: 4.004127567739664e-10
Silencing rate: 2.586439512445587e-10
Sigma: 3.4757804868177637
Initial point 7. Random seed: 3150
Solving with ultrametric constraint
Optimal point found for initial point 7
Negative llh: 203.84367871367738
Dropout rate: 1.0000000000000007e-10
Silencing rate: 9.999999999999996e-11
Sigma: 3.4756976752546866
Initial point 8. Random seed: 2072
Solving with ultrametric constraint
Optimal point found for initial point 8
Negative llh: 203.84367817910214
Dropout rate: 1.0000000000000007e-10
Silencing rate: 9.999999999999996e-11
Sigma: 3.475472495942425
Initial point 9. Random seed: 6510
Solving with ultrametric constraint
Optimal point found for initial point 9
Negative llh: 203.84368040993616
Dropout rate: 1e-10
Silencing rate: 1e-10
Sigma: 3.4755161939553436
Initial point 10. Random seed: 3464
Solving with ultrametric constraint
Optimal point found for initial point 10
Negative llh: 203.84367782474445
Dropout rate: 1.9235865635700363e-10
Silencing rate: 1.514792324727274e-10
Sigma: 3.4754924913260257
Runtime (s): 968.9614195009926
