Launching Problin version 0.5b
Problin was called as follow: /u/gh2161/Spatial-Division/problin/run_problin.py -c real_location_data/s9c2/k10_r1_character_matrix.csv -t real_location_data/s9c2/true_tree.nwk -S real_location_data/s9c2/leaf_locations.txt --delimiter comma -p real_location_data/s9c2/k10_priors.csv -o real_location_data/s9c2/k10_r1_spalin-divide-beta6.txt --nInitials 10 --ultrametric --randomreps 3 --divide --given_beta 6 --incl_beta_bound
Optimization by Spalin-Divide: Scipy-SLSQP using spatial information
Optimizing branch lengths, phi, and nu without topology search
Initial point 1. Random seed: 4033
Solving with ultrametric constraint
Optimal point found for initial point 1
Negative llh: 185.98781819675915
Dropout rate: 1e-10
Silencing rate: 1e-10
Sigma: 4.642822820987699
Initial point 2. Random seed: 5399
Solving with ultrametric constraint
Optimal point found for initial point 2
Negative llh: 185.98781850960296
Dropout rate: 9.999999999999996e-11
Silencing rate: 1.0000000000000002e-10
Sigma: 4.642800034454061
Initial point 3. Random seed: 3090
Solving with ultrametric constraint
Optimal point found for initial point 3
Negative llh: 185.98781823826485
Dropout rate: 1.512177166261037e-10
Silencing rate: 5.285817413882175e-10
Sigma: 4.642814600277046
Initial point 4. Random seed: 5751
Solving with ultrametric constraint
Optimal point found for initial point 4
Negative llh: 185.98782099306266
Dropout rate: 1.0845524712965125e-09
Silencing rate: 1.9232861258905496e-10
Sigma: 4.642834551527411
Initial point 5. Random seed: 6499
Solving with ultrametric constraint
Optimal point found for initial point 5
Negative llh: 185.98782465253748
Dropout rate: 6.457620939755002e-10
Silencing rate: 1e-10
Sigma: 4.642929042397181
Initial point 6. Random seed: 1838
Solving with ultrametric constraint
Optimal point found for initial point 6
Negative llh: 185.98782056413478
Dropout rate: 1e-10
Silencing rate: 1e-10
Sigma: 4.642684616125923
Initial point 7. Random seed: 5735
Solving with ultrametric constraint
Optimal point found for initial point 7
Negative llh: 185.98782053533733
Dropout rate: 7.724441315221501e-10
Silencing rate: 1.9097359315271834e-10
Sigma: 4.642849135785576
Initial point 8. Random seed: 3779
Solving with ultrametric constraint
Optimal point found for initial point 8
Negative llh: 185.98783198503236
Dropout rate: 2.0558008652809944e-09
Silencing rate: 1.0000000000000007e-10
Sigma: 4.642753884931277
Initial point 9. Random seed: 5163
Solving with ultrametric constraint
Optimal point found for initial point 9
Negative llh: 185.98782289152786
Dropout rate: 9.999999999999996e-11
Silencing rate: 1.0000000000000002e-10
Sigma: 4.642568943692642
Initial point 10. Random seed: 540
Solving with ultrametric constraint
Optimal point found for initial point 10
Negative llh: 185.98781948156457
Dropout rate: 1e-10
Silencing rate: 3.643503693990013e-10
Sigma: 4.642807148338702
Runtime (s): 833.8812065190868
