Launching Problin version 0.5b
Problin was called as follow: /u/gh2161/Spatial-Division/problin/run_problin.py -c real_location_data/s9c2/k10_r3_character_matrix.csv -t real_location_data/s9c2/true_tree.nwk -S real_location_data/s9c2/leaf_locations.txt --delimiter comma -p real_location_data/s9c2/k10_priors.csv -o real_location_data/s9c2/k10_r3_spalin-divide-beta6.txt --nInitials 10 --ultrametric --randomreps 3 --divide --given_beta 6 --incl_beta_bound
Optimization by Spalin-Divide: Scipy-SLSQP using spatial information
Optimizing branch lengths, phi, and nu without topology search
Initial point 1. Random seed: 792
Solving with ultrametric constraint
Fatal: failed to optimize using initial point 1
Initial point 2. Random seed: 9091
Solving with ultrametric constraint
Optimal point found for initial point 2
Negative llh: 191.14189878638382
Dropout rate: 7.718956878915924e-10
Silencing rate: 7.992702768575576e-10
Sigma: 4.478221199047181
Initial point 3. Random seed: 2404
Solving with ultrametric constraint
Optimal point found for initial point 3
Negative llh: 191.14187937061962
Dropout rate: 1.5774434207395473e-10
Silencing rate: 1.3621668779569013e-10
Sigma: 4.478526961382092
Initial point 4. Random seed: 6913
Solving with ultrametric constraint
Optimal point found for initial point 4
Negative llh: 191.14188009111115
Dropout rate: 9.999999999999996e-11
Silencing rate: 1.0000000000000002e-10
Sigma: 4.478540300096586
Initial point 5. Random seed: 4322
Solving with ultrametric constraint
Optimal point found for initial point 5
Negative llh: 191.1418801876226
Dropout rate: 1e-10
Silencing rate: 1e-10
Sigma: 4.478505697411405
Initial point 6. Random seed: 2604
Solving with ultrametric constraint
Optimal point found for initial point 6
Negative llh: 191.14189150805498
Dropout rate: 6.505329351914834e-10
Silencing rate: 4.478672952822185e-10
Sigma: 4.478483859584913
Initial point 7. Random seed: 7541
Solving with ultrametric constraint
Optimal point found for initial point 7
Negative llh: 191.14188017677532
Dropout rate: 9.999999999999996e-11
Silencing rate: 1.0000000000000002e-10
Sigma: 4.478518837881062
Initial point 8. Random seed: 1219
Solving with ultrametric constraint
Optimal point found for initial point 8
Negative llh: 191.14187952115108
Dropout rate: 1.1676190503110274e-10
Silencing rate: 4.2126569299212395e-10
Sigma: 4.478550576393943
Initial point 9. Random seed: 1120
Solving with ultrametric constraint
Fatal: failed to optimize using initial point 9
Initial point 10. Random seed: 6155
Solving with ultrametric constraint
Optimal point found for initial point 10
Negative llh: 191.14187909181996
Dropout rate: 1e-10
Silencing rate: 1e-10
Sigma: 4.478543156021367
Runtime (s): 551.0190240964293
