Launching Problin version 0.5b
Problin was called as follow: /u/gh2161/Spatial-Division/problin/run_problin.py -c real_location_data/s9c2/k10_r1_character_matrix.csv -t real_location_data/s9c2/true_tree.nwk -S real_location_data/s9c2/leaf_locations.txt --delimiter comma -p real_location_data/s9c2/k10_priors.csv -o real_location_data/s9c2/k10_r1_spalin-divide-beta7.txt --nInitials 10 --ultrametric --randomreps 3 --divide --radius 7
Optimization by Spalin-Divide: Scipy-SLSQP using spatial information
Optimizing branch lengths, phi, and nu without topology search
Initial point 1. Random seed: 7143
Solving with ultrametric constraint
Fatal: failed to optimize using initial point 1
Initial point 2. Random seed: 6424
Solving with ultrametric constraint
Optimal point found for initial point 2
Negative llh: 183.9926171876284
Dropout rate: 2.570637030729992e-10
Silencing rate: 8.828560530702297e-10
Sigma: 1.2628517494132072
Initial point 3. Random seed: 1839
Solving with ultrametric constraint
Fatal: failed to optimize using initial point 3
Initial point 4. Random seed: 5912
Solving with ultrametric constraint
Optimal point found for initial point 4
Negative llh: 183.99256593695657
Dropout rate: 4.725688487417589e-10
Silencing rate: 2.8472814546143336e-10
Sigma: 1.262758612704377
Initial point 5. Random seed: 4945
Solving with ultrametric constraint
Optimal point found for initial point 5
Negative llh: 183.99276008495644
Dropout rate: 3.97839658328588e-10
Silencing rate: 2.476710589584364e-10
Sigma: 1.2631372164419281
Initial point 6. Random seed: 9151
Solving with ultrametric constraint
Optimal point found for initial point 6
Negative llh: 183.99255354779336
Dropout rate: 1.0000000000000002e-10
Silencing rate: 1e-10
Sigma: 1.262608277458255
Initial point 7. Random seed: 7241
Solving with ultrametric constraint
Optimal point found for initial point 7
Negative llh: 183.99255375674164
Dropout rate: 1.0000000000000007e-10
Silencing rate: 9.999999999999996e-11
Sigma: 1.2625913677742573
Initial point 8. Random seed: 6690
Solving with ultrametric constraint
Optimal point found for initial point 8
Negative llh: 183.99255426644385
Dropout rate: 1.0299347574570893e-09
Silencing rate: 7.709165637971856e-10
Sigma: 1.2626103842606082
Initial point 9. Random seed: 9028
Solving with ultrametric constraint
Optimal point found for initial point 9
Negative llh: 183.99372893740127
Dropout rate: 1.0000000000000002e-10
Silencing rate: 1.0007473527137417e-10
Sigma: 1.261790163552822
Initial point 10. Random seed: 8312
Solving with ultrametric constraint
Fatal: failed to optimize using initial point 10
Runtime (s): 702.0665959538892
