Launching Problin version 0.5b
Problin was called as follow: /u/gh2161/Spatial-Division/problin/run_problin.py -c real_location_data/s9c2/k10_r5_character_matrix.csv -t real_location_data/s9c2/true_tree.nwk -S real_location_data/s9c2/leaf_locations.txt --delimiter comma -p real_location_data/s9c2/k10_priors.csv -o real_location_data/s9c2/k10_r5_spalin.txt --nInitials 10 --ultrametric --randomreps 3
Optimization by Spalin: Scipy-SLSQP using spatial information
Optimizing branch lengths, phi, and nu without topology search
Initial point 1. Random seed: 2378
Solving with ultrametric constraint
Optimal point found for initial point 1
Negative llh: 169.41296714469232
Dropout rate: 1e-10
Silencing rate: 1e-10
Sigma: 3.0423210198100095
Lambda: 0.0059932545487793925
Initial point 2. Random seed: 4256
Solving with ultrametric constraint
Optimal point found for initial point 2
Negative llh: 169.41282043591525
Dropout rate: 9.999999999999996e-11
Silencing rate: 1.0000000000000002e-10
Sigma: 3.0428150623556207
Lambda: 0.006002282424003116
Initial point 3. Random seed: 1125
Solving with ultrametric constraint
Optimal point found for initial point 3
Negative llh: 169.41283029332786
Dropout rate: 8.573596503788606e-10
Silencing rate: 4.350029127974726e-10
Sigma: 3.0428700281659737
Lambda: 0.0060027639860950575
Initial point 4. Random seed: 6643
Solving with ultrametric constraint
Optimal point found for initial point 4
Negative llh: 169.41282059841515
Dropout rate: 1.3016070702831614e-10
Silencing rate: 1.0310136050452764e-10
Sigma: 3.043168890328443
Lambda: 0.006003026080619234
Initial point 5. Random seed: 2122
Solving with ultrametric constraint
Optimal point found for initial point 5
Negative llh: 191.69517937482956
Dropout rate: 1e-10
Silencing rate: 1e-10
Sigma: 2.4036220649420676
Lambda: 0.0009769092212276345
Initial point 6. Random seed: 1408
Solving with ultrametric constraint
Optimal point found for initial point 6
Negative llh: 191.69595728426194
Dropout rate: 1.0000000000000002e-10
Silencing rate: 1e-10
Sigma: 2.4018335127537096
Lambda: 0.000976866235431887
Initial point 7. Random seed: 6247
Solving with ultrametric constraint
Optimal point found for initial point 7
Negative llh: 169.41282017355255
Dropout rate: 1e-10
Silencing rate: 1e-10
Sigma: 3.043133272051376
Lambda: 0.00600275640727734
Initial point 8. Random seed: 7868
Solving with ultrametric constraint
Optimal point found for initial point 8
Negative llh: 191.69560726538492
Dropout rate: 1e-10
Silencing rate: 1e-10
Sigma: 2.401152632791515
Lambda: 0.0009768839315184553
Initial point 9. Random seed: 3870
Solving with ultrametric constraint
Optimal point found for initial point 9
Negative llh: 169.41282064435433
Dropout rate: 4.965107269732521e-10
Silencing rate: 2.768946842534587e-10
Sigma: 3.0430617053088858
Lambda: 0.006002703094509467
Initial point 10. Random seed: 5833
Solving with ultrametric constraint
Optimal point found for initial point 10
Negative llh: 169.41282018607427
Dropout rate: 1e-10
Silencing rate: 1e-10
Sigma: 3.0430933308416868
Lambda: 0.00600259444882041
{'lambda_param': 0.00600275640727734, 'phi': 1e-10, 'nu': 1e-10, 'sigma': 3.043133272051376, 'locations': {'216_16': (155.0, 331.0), '216_15': (145.0, 337.0), '216_13': (146.0, 363.0), '216_18': (157.0, 296.0), '216_17': (163.0, 319.0), '216_19': (195.0, 308.0), '216_2': (181.0, 345.0), '216_1': (167.0, 351.0), '216_3': (186.0, 325.0), '216_8': (213.0, 322.0), '216_7': (210.0, 338.0), '216_6': (245.0, 365.0), '216_5': (198.0, 365.0), '216_11': (224.0, 281.0), '216_9': (225.0, 338.0)}}
Runtime (s): 237.89988449588418
