Launching Problin version 0.5b
Problin was called as follow: /u/gh2161/Spatial-Division/problin/run_problin.py -c real_location_data/s9c2/k10_r4_character_matrix.csv -t real_location_data/s9c2/true_tree.nwk -S real_location_data/s9c2/leaf_locations.txt --delimiter comma -p real_location_data/s9c2/k10_priors.csv -o real_location_data/s9c2/k10_r4_spalin-divide-beta9.txt --nInitials 10 --ultrametric --randomreps 3 --divide --given_beta 9 --incl_beta_bound
Optimization by Spalin-Divide: Scipy-SLSQP using spatial information
Optimizing branch lengths, phi, and nu without topology search
Initial point 1. Random seed: 9371
Solving with ultrametric constraint
Optimal point found for initial point 1
Negative llh: 201.75805165288165
Dropout rate: 2.1674411540936818e-09
Silencing rate: 4.682859682899198e-10
Sigma: 4.0217400913438075
Initial point 2. Random seed: 7568
Solving with ultrametric constraint
Optimal point found for initial point 2
Negative llh: 201.7580494924494
Dropout rate: 1e-10
Silencing rate: 1e-10
Sigma: 4.021781164701368
Initial point 3. Random seed: 6686
Solving with ultrametric constraint
Optimal point found for initial point 3
Negative llh: 201.75805287693993
Dropout rate: 9.506668578368303e-10
Silencing rate: 5.180060300605198e-10
Sigma: 4.021747017640549
Initial point 4. Random seed: 1176
Solving with ultrametric constraint
Optimal point found for initial point 4
Negative llh: 201.75804931594334
Dropout rate: 9.999999999999996e-11
Silencing rate: 9.999999999999996e-11
Sigma: 4.021709171981011
Initial point 5. Random seed: 5027
Solving with ultrametric constraint
Optimal point found for initial point 5
Negative llh: 201.75805073517097
Dropout rate: 1.6767374537657492e-10
Silencing rate: 1.5284498144870512e-10
Sigma: 4.021769508760314
Initial point 6. Random seed: 9200
Solving with ultrametric constraint
Optimal point found for initial point 6
Negative llh: 201.75805048335263
Dropout rate: 1e-10
Silencing rate: 1e-10
Sigma: 4.021666105185462
Initial point 7. Random seed: 5553
Solving with ultrametric constraint
Optimal point found for initial point 7
Negative llh: 201.75805106610227
Dropout rate: 1e-10
Silencing rate: 1e-10
Sigma: 4.021624169418213
Initial point 8. Random seed: 8651
Solving with ultrametric constraint
Optimal point found for initial point 8
Negative llh: 201.7580523142628
Dropout rate: 1e-10
Silencing rate: 1e-10
Sigma: 4.02170854789113
Initial point 9. Random seed: 2713
Solving with ultrametric constraint
Optimal point found for initial point 9
Negative llh: 201.75804696463626
Dropout rate: 6.559168670983749e-10
Silencing rate: 4.3087716123786703e-10
Sigma: 4.021683207097967
Initial point 10. Random seed: 2995
Solving with ultrametric constraint
Optimal point found for initial point 10
Negative llh: 201.7580602061887
Dropout rate: 1.0000000000000007e-10
Silencing rate: 9.999999999999996e-11
Sigma: 4.021577362978323
Runtime (s): 781.6316723399796
