Launching Problin version 0.5b
Problin was called as follow: /u/gh2161/Spatial-Division/problin/run_problin.py -c real_location_data/s9c2/k10_r2_character_matrix.csv -t real_location_data/s9c2/true_tree.nwk -S real_location_data/s9c2/leaf_locations.txt --delimiter comma -p real_location_data/s9c2/k10_priors.csv -o real_location_data/s9c2/k10_r2_spalin-divide-beta2.txt --nInitials 10 --ultrametric --randomreps 3 --divide --given_beta 2 --incl_beta_bound
Optimization by Spalin-Divide: Scipy-SLSQP using spatial information
Optimizing branch lengths, phi, and nu without topology search
Initial point 1. Random seed: 5232
Solving with ultrametric constraint
Optimal point found for initial point 1
Negative llh: 222.58452068024098
Dropout rate: 1e-10
Silencing rate: 1e-10
Sigma: 5.135555466393571
Initial point 2. Random seed: 8840
Solving with ultrametric constraint
Optimal point found for initial point 2
Negative llh: 222.58451233436352
Dropout rate: 1.3471681958877083e-10
Silencing rate: 2.336825512553118e-10
Sigma: 5.135398630618541
Initial point 3. Random seed: 4861
Solving with ultrametric constraint
Optimal point found for initial point 3
Negative llh: 222.58451108978446
Dropout rate: 3.453965919410227e-10
Silencing rate: 2.6875780130046713e-10
Sigma: 5.1353447521108935
Initial point 4. Random seed: 3679
Solving with ultrametric constraint
Optimal point found for initial point 4
Negative llh: 222.58452070809537
Dropout rate: 1.553836426979716e-09
Silencing rate: 1.2203548272782756e-09
Sigma: 5.135169898491004
Initial point 5. Random seed: 5934
Solving with ultrametric constraint
Optimal point found for initial point 5
Negative llh: 222.58451569558724
Dropout rate: 1.2536427137576632e-10
Silencing rate: 1.0397629537567369e-10
Sigma: 5.135338699969819
Initial point 6. Random seed: 1028
Solving with ultrametric constraint
Optimal point found for initial point 6
Negative llh: 222.58452849999492
Dropout rate: 1e-10
Silencing rate: 1e-10
Sigma: 5.135347670465
Initial point 7. Random seed: 2349
Solving with ultrametric constraint
Optimal point found for initial point 7
Negative llh: 222.5845119716235
Dropout rate: 1.79777013514203e-10
Silencing rate: 1.2784758606445295e-10
Sigma: 5.135352708394138
Initial point 8. Random seed: 5014
Solving with ultrametric constraint
Optimal point found for initial point 8
Negative llh: 222.5845224543997
Dropout rate: 7.625068590006872e-10
Silencing rate: 5.916447947122708e-10
Sigma: 5.135347673899228
Initial point 9. Random seed: 4951
Solving with ultrametric constraint
Optimal point found for initial point 9
Negative llh: 222.5845120173607
Dropout rate: 2.8905353250694436e-10
Silencing rate: 2.3833070717192155e-10
Sigma: 5.135363108979174
Initial point 10. Random seed: 4736
Solving with ultrametric constraint
Optimal point found for initial point 10
Negative llh: 222.5845129349774
Dropout rate: 1e-10
Silencing rate: 1e-10
Sigma: 5.13537513218068
Runtime (s): 730.1317004429875
