Launching Problin version 0.5b
Problin was called as follow: run_problin.py -c spalin_simulations_with_sep/s21c3/k10_character_matrix.csv -t spalin_simulations_with_sep/s21c3/true_tree.nwk --delimiter comma -p spalin_simulations_with_sep/s21c3/k10_priors.csv -o spalin_simulations_with_sep/s21c3/k10_problin --nInitials 10 --ultrametric
Optimization by EM algorithm
Optimizing branch lengths, phi, and nu without topology search
Initial point 1. Random seed: 9214
Solving with ultrametric constraint
Initial phi: 0.025943360218096616. Initial nu: 0.466172396962676. Initial nllh: 9746.18110033739
EM finished after 23 iterations.
Optimal point found for initial point 1
Negative llh: 78.20092448330868
Dropout rate: 0
Silencing rate: 6.533114416814712e-07
Initial point 2. Random seed: 5546
Solving with ultrametric constraint
Initial phi: 0.6895235701932453. Initial nu: 0.022095380100402916. Initial nllh: 208.24837043691235
EM finished after 7 iterations.
Optimal point found for initial point 2
Negative llh: 78.20092483777316
Dropout rate: 0
Silencing rate: 6.534342483905996e-07
Initial point 3. Random seed: 6322
Solving with ultrametric constraint
Initial phi: 0.6835396166920188. Initial nu: 0.20326611938685832. Initial nllh: 217.51517429807717
EM finished after 17 iterations.
Optimal point found for initial point 3
Negative llh: 78.20092401092933
Dropout rate: 0
Silencing rate: 6.51785613986403e-07
Initial point 4. Random seed: 4662
Solving with ultrametric constraint
Initial phi: 0.6268232049144046. Initial nu: 0.009999609924449634. Initial nllh: 187.2556006181201
EM finished after 6 iterations.
Optimal point found for initial point 4
Negative llh: 78.20092408138478
Dropout rate: 0
Silencing rate: 6.534710994084532e-07
Initial point 5. Random seed: 7846
Solving with ultrametric constraint
Initial phi: 0.09417580454520214. Initial nu: 0.8090634905442394. Initial nllh: 139.84245950388006
EM finished after 20 iterations.
Optimal point found for initial point 5
Negative llh: 78.20092447951434
Dropout rate: 0
Silencing rate: 6.527170167070591e-07
Initial point 6. Random seed: 5163
Solving with ultrametric constraint
Initial phi: 0.7065132818682107. Initial nu: 0.31649513270318663. Initial nllh: 232.90959558817661
EM finished after 17 iterations.
Optimal point found for initial point 6
Negative llh: 78.20092461245403
Dropout rate: 0
Silencing rate: 6.520123153065391e-07
Initial point 7. Random seed: 4763
Solving with ultrametric constraint
Initial phi: 0.9372987272765088. Initial nu: 0.5130196623135377. Initial nllh: 415.0192212118933
EM finished after 19 iterations.
Optimal point found for initial point 7
Negative llh: 78.20092419745264
Dropout rate: 0
Silencing rate: 6.495573049306078e-07
Initial point 8. Random seed: 9070
Solving with ultrametric constraint
Initial phi: 0.5797188710652385. Initial nu: 0.26081823280021676. Initial nllh: 189.91633348153954
EM finished after 17 iterations.
Optimal point found for initial point 8
Negative llh: 78.20092420951194
Dropout rate: 0
Silencing rate: 6.505885157259309e-07
Initial point 9. Random seed: 9036
Solving with ultrametric constraint
Initial phi: 0.29267108627575805. Initial nu: 0.8191781977000426. Initial nllh: 167.6855078336025
EM finished after 19 iterations.
Optimal point found for initial point 9
Negative llh: 78.20092512474599
Dropout rate: 0
Silencing rate: 6.529133753456268e-07
Initial point 10. Random seed: 420
Solving with ultrametric constraint
Initial phi: 0.2449053660860118. Initial nu: 0.6606959309473344. Initial nllh: 150.5535885767398
EM finished after 19 iterations.
Optimal point found for initial point 10
Negative llh: 78.20092493854324
Dropout rate: 0
Silencing rate: 6.556853730199111e-07
Runtime (s): 11.50447009690106
