Launching Problin version 0.5b
Problin was called as follow: /u/gh2161/Spatial-Division/problin/run_problin.py -c real_location_data/s14c5/k10_r5_character_matrix.csv -t real_location_data/s14c5/true_tree.nwk -S real_location_data/s14c5/leaf_locations.txt --delimiter comma -p real_location_data/s14c5/k10_priors.csv -o real_location_data/s14c5/k10_r5_spalin.txt --nInitials 10 --ultrametric --randomreps 3
Optimization by Spalin: Scipy-SLSQP using spatial information
Optimizing branch lengths, phi, and nu without topology search
Initial point 1. Random seed: 9387
Solving with ultrametric constraint
Optimal point found for initial point 1
Negative llh: 293.07743467492327
Dropout rate: 8.266606395299137e-10
Silencing rate: 4.57536924363833e-10
Sigma: 2.333889980401315
Lambda: 0.005268545390441647
Initial point 2. Random seed: 7231
Solving with ultrametric constraint
Optimal point found for initial point 2
Negative llh: 293.07847049388056
Dropout rate: 4.164518049918892e-09
Silencing rate: 1.8459829374608805e-09
Sigma: 2.335140313735478
Lambda: 0.005266703994134951
Initial point 3. Random seed: 4258
Solving with ultrametric constraint
Optimal point found for initial point 3
Negative llh: 293.0775314986262
Dropout rate: 4.879788930232695e-09
Silencing rate: 2.1018051883286374e-09
Sigma: 2.3337290186055455
Lambda: 0.005269770558581474
Initial point 4. Random seed: 4488
Solving with ultrametric constraint
Optimal point found for initial point 4
Negative llh: 293.07736357639493
Dropout rate: 1e-10
Silencing rate: 1e-10
Sigma: 2.3335703515307484
Lambda: 0.005268368851474457
Initial point 5. Random seed: 4540
Solving with ultrametric constraint
Optimal point found for initial point 5
Negative llh: 293.07767295978124
Dropout rate: 3.5055010824978913e-09
Silencing rate: 1.5638084672881386e-09
Sigma: 2.3328164542301444
Lambda: 0.005267065652179613
Initial point 6. Random seed: 8216
Solving with ultrametric constraint
Optimal point found for initial point 6
Negative llh: 293.0775019176379
Dropout rate: 1.7931019005167825e-09
Silencing rate: 9.708255894781355e-10
Sigma: 2.333467096882507
Lambda: 0.005265706167589875
Initial point 7. Random seed: 2862
Solving with ultrametric constraint
Optimal point found for initial point 7
Negative llh: 293.0778185586469
Dropout rate: 1.0127364976718631e-10
Silencing rate: 2.716420416029951e-10
Sigma: 2.331954511733302
Lambda: 0.005271562380324234
Initial point 8. Random seed: 9230
Solving with ultrametric constraint
Optimal point found for initial point 8
Negative llh: 293.07798483806505
Dropout rate: 1.0000000000000007e-10
Silencing rate: 1.0000000000000007e-10
Sigma: 2.33170538752255
Lambda: 0.005273217252169246
Initial point 9. Random seed: 7479
Solving with ultrametric constraint
Optimal point found for initial point 9
Negative llh: 293.077620135365
Dropout rate: 1e-10
Silencing rate: 1e-10
Sigma: 2.3319386993031768
Lambda: 0.005267404870507354
Initial point 10. Random seed: 5724
Solving with ultrametric constraint
Optimal point found for initial point 10
Negative llh: 293.07786305157015
Dropout rate: 1.7680331175305253e-09
Silencing rate: 8.16257456901206e-10
Sigma: 2.3337629897657863
Lambda: 0.005270556545257869
{'lambda_param': 0.005268368851474457, 'phi': 1e-10, 'nu': 1e-10, 'sigma': 2.3335703515307484, 'locations': {'216_26': (298.0, 175.0), '216_25': (274.0, 160.0), '216_24': (282.0, 175.0), '216_23': (255.0, 221.0), '216_22': (278.0, 250.0), '216_21': (258.0, 192.0), '216_20': (270.0, 198.0), '216_10': (275.0, 184.0), '216_9': (289.0, 184.0), '216_12': (292.0, 147.0), '216_11': (291.0, 164.0), '216_8': (298.0, 202.0), '216_7': (310.0, 199.0), '216_6': (287.0, 192.0), '216_5': (288.0, 210.0), '216_13': (283.0, 201.0), '216_15': (261.0, 186.0), '216_14': (245.0, 187.0), '216_17': (311.0, 116.0), '216_16': (317.0, 132.0), '216_19': (281.0, 124.0), '216_4': (261.0, 206.0), '216_3': (271.0, 228.0), '216_2': (281.0, 220.0), '216_1': (308.0, 253.0)}}
Runtime (s): 624.9785050656646
