Launching Problin version 0.5b
Problin was called as follow: /u/gh2161/Spatial-Division/problin/run_problin.py -c real_location_data/s14c5/k10_r1_character_matrix.csv -t real_location_data/s14c5/true_tree.nwk -S real_location_data/s14c5/leaf_locations.txt --delimiter comma -p real_location_data/s14c5/k10_priors.csv -o real_location_data/s14c5/k10_r1_spalin-spatialonly.txt --nInitials 10 --ultrametric --randomreps 3 --spatial_only
Optimization by Spalin: Scipy-SLSQP using spatial information
Optimizing branch lengths, phi, and nu without topology search
only spatial
Initial point 1. Random seed: 1748
Solving with ultrametric constraint
Optimal point found for initial point 1
Negative llh: 164.81928069749068
Dropout rate: 0.2770219642807428
Silencing rate: 0.02598574135244748
Sigma: 3.0554792458263864
Lambda: 1.0
Initial point 2. Random seed: 9190
Solving with ultrametric constraint
Optimal point found for initial point 2
Negative llh: 164.81928069749068
Dropout rate: 0.09418680262454698
Silencing rate: 0.7565030054270927
Sigma: 3.0554792458263864
Lambda: 1.0
Initial point 3. Random seed: 3702
Solving with ultrametric constraint
Optimal point found for initial point 3
Negative llh: 164.81928069749068
Dropout rate: 0.12136460436661502
Silencing rate: 0.5423057475495123
Sigma: 3.0554792458263864
Lambda: 1.0
Initial point 4. Random seed: 3459
Solving with ultrametric constraint
Optimal point found for initial point 4
Negative llh: 164.81928069749068
Dropout rate: 0.5227307981082658
Silencing rate: 0.03980293814018903
Sigma: 3.0554792458263864
Lambda: 1.0
Initial point 5. Random seed: 9892
Solving with ultrametric constraint
Optimal point found for initial point 5
Negative llh: 164.81928069749068
Dropout rate: 0.29809083701083655
Silencing rate: 0.7582823296077634
Sigma: 3.0554792458263864
Lambda: 1.0
Initial point 6. Random seed: 3615
Solving with ultrametric constraint
Optimal point found for initial point 6
Negative llh: 164.81928069749068
Dropout rate: 0.604293398077439
Silencing rate: 0.5827229076564835
Sigma: 3.0554792458263864
Lambda: 1.0
Initial point 7. Random seed: 6808
Solving with ultrametric constraint
Optimal point found for initial point 7
Negative llh: 164.81928069749068
Dropout rate: 0.7188793253495182
Silencing rate: 0.10405213218679348
Sigma: 3.0554792458263864
Lambda: 1.0
Initial point 8. Random seed: 1739
Solving with ultrametric constraint
Optimal point found for initial point 8
Negative llh: 164.81928069749068
Dropout rate: 0.18240724138439607
Silencing rate: 0.8724215785501526
Sigma: 3.0554792458263864
Lambda: 1.0
Initial point 9. Random seed: 6417
Solving with ultrametric constraint
Optimal point found for initial point 9
Negative llh: 164.81928069749068
Dropout rate: 0.05056238482163103
Silencing rate: 0.0197597509281383
Sigma: 3.0554792458263864
Lambda: 1.0
Initial point 10. Random seed: 3932
Solving with ultrametric constraint
Optimal point found for initial point 10
Negative llh: 164.81928069749068
Dropout rate: 0.7924247197232646
Silencing rate: 0.3373012191837989
Sigma: 3.0554792458263864
Lambda: 1.0
{'lambda_param': 1.0, 'phi': 0.2770219642807428, 'nu': 0.02598574135244748, 'sigma': 3.0554792458263864, 'locations': {'216_26': (298.0, 175.0), '216_25': (274.0, 160.0), '216_24': (282.0, 175.0), '216_23': (255.0, 221.0), '216_22': (278.0, 250.0), '216_21': (258.0, 192.0), '216_20': (270.0, 198.0), '216_10': (275.0, 184.0), '216_9': (289.0, 184.0), '216_12': (292.0, 147.0), '216_11': (291.0, 164.0), '216_8': (298.0, 202.0), '216_7': (310.0, 199.0), '216_6': (287.0, 192.0), '216_5': (288.0, 210.0), '216_13': (283.0, 201.0), '216_15': (261.0, 186.0), '216_14': (245.0, 187.0), '216_17': (311.0, 116.0), '216_16': (317.0, 132.0), '216_19': (281.0, 124.0), '216_4': (261.0, 206.0), '216_3': (271.0, 228.0), '216_2': (281.0, 220.0), '216_1': (308.0, 253.0)}}
Runtime (s): 316.0683417581022
