Launching Problin version 0.5b
Problin was called as follow: /u/gh2161/Spatial-Division/problin/run_problin.py -c real_location_data/s14c5/k10_r3_character_matrix.csv -t real_location_data/s14c5/true_tree.nwk -S real_location_data/s14c5/leaf_locations.txt --delimiter comma -p real_location_data/s14c5/k10_priors.csv -o real_location_data/s14c5/k10_r3_spalin-divide-beta20.txt --nInitials 10 --ultrametric --randomreps 3 --divide --given_beta 20 --incl_beta_bound
Optimization by Spalin-Divide: Scipy-SLSQP using spatial information
Optimizing branch lengths, phi, and nu without topology search
Initial point 1. Random seed: 7641
Solving with ultrametric constraint
Optimal point found for initial point 1
Negative llh: 317.9559469558375
Dropout rate: 1.4321878951935718e-10
Silencing rate: 1.2301478936845423e-10
Sigma: 4.042832555885008
Initial point 2. Random seed: 3301
Solving with ultrametric constraint
Optimal point found for initial point 2
Negative llh: 317.9559435086493
Dropout rate: 1e-10
Silencing rate: 1e-10
Sigma: 4.042856455100293
Initial point 3. Random seed: 2553
Solving with ultrametric constraint
Optimal point found for initial point 3
Negative llh: 317.9559741391356
Dropout rate: 1.4826219933045906e-09
Silencing rate: 8.393700379396599e-10
Sigma: 4.042898109380889
Initial point 4. Random seed: 6009
Solving with ultrametric constraint
Optimal point found for initial point 4
Negative llh: 317.9559438370936
Dropout rate: 2.0572775704306446e-10
Silencing rate: 1.5630244174970677e-10
Sigma: 4.042805524310734
Initial point 5. Random seed: 5960
Solving with ultrametric constraint
Optimal point found for initial point 5
Negative llh: 317.9559499431437
Dropout rate: 4.931557781419923e-10
Silencing rate: 3.09348463910189e-10
Sigma: 4.042841571988643
Initial point 6. Random seed: 2506
Solving with ultrametric constraint
Fatal: failed to optimize using initial point 6
Initial point 7. Random seed: 5523
Solving with ultrametric constraint
Optimal point found for initial point 7
Negative llh: 317.9559496721088
Dropout rate: 1.0000000000000002e-10
Silencing rate: 1.0000000000000002e-10
Sigma: 4.042808129503425
Initial point 8. Random seed: 5705
Solving with ultrametric constraint
Optimal point found for initial point 8
Negative llh: 317.9559930991643
Dropout rate: 1.5511259765939423e-10
Silencing rate: 4.088479513778567e-10
Sigma: 4.04272237039059
Initial point 9. Random seed: 4038
Solving with ultrametric constraint
Optimal point found for initial point 9
Negative llh: 317.95594881346835
Dropout rate: 2.5312963750040534e-10
Silencing rate: 1.8154504720732318e-10
Sigma: 4.042817356918369
Initial point 10. Random seed: 9492
Solving with ultrametric constraint
Optimal point found for initial point 10
Negative llh: 317.95594643510606
Dropout rate: 1.0000000000000002e-10
Silencing rate: 1e-10
Sigma: 4.042822919729951
Runtime (s): 6089.981364021078
