Launching Problin version 0.5b
Problin was called as follow: /u/gh2161/Spatial-Division/problin/run_problin.py -c real_location_data/s2c8/k10_r2_character_matrix.csv -t real_location_data/s2c8/true_tree.nwk -S real_location_data/s2c8/leaf_locations.txt --delimiter comma -p real_location_data/s2c8/k10_priors.csv -o real_location_data/s2c8/k10_r2_spalin-spatialonly.txt --nInitials 10 --ultrametric --randomreps 3 --spatial_only
Optimization by Spalin: Scipy-SLSQP using spatial information
Optimizing branch lengths, phi, and nu without topology search
only spatial
Initial point 1. Random seed: 976
Solving with ultrametric constraint
Optimal point found for initial point 1
Negative llh: 67.04401133517686
Dropout rate: 0.11505836091059886
Silencing rate: 0.5299008213149827
Sigma: 3.146186271811398
Lambda: 1.0
Initial point 2. Random seed: 7822
Solving with ultrametric constraint
Optimal point found for initial point 2
Negative llh: 67.04401133517686
Dropout rate: 0.5556552165985907
Silencing rate: 0.5530048732295156
Sigma: 3.146186271811398
Lambda: 1.0
Initial point 3. Random seed: 2302
Solving with ultrametric constraint
Optimal point found for initial point 3
Negative llh: 67.04401133517686
Dropout rate: 0.9629059623704288
Silencing rate: 0.09340754759787982
Sigma: 3.146186271811398
Lambda: 1.0
Initial point 4. Random seed: 9686
Solving with ultrametric constraint
Optimal point found for initial point 4
Negative llh: 67.04401133517686
Dropout rate: 0.7859051924789239
Silencing rate: 0.9846543579318796
Sigma: 3.146186271811398
Lambda: 1.0
Initial point 5. Random seed: 6692
Solving with ultrametric constraint
Optimal point found for initial point 5
Negative llh: 67.04401133517686
Dropout rate: 0.20010102108940134
Silencing rate: 0.8503050220822864
Sigma: 3.146186271811398
Lambda: 1.0
Initial point 6. Random seed: 6509
Solving with ultrametric constraint
Optimal point found for initial point 6
Negative llh: 67.04401133517686
Dropout rate: 0.7673621116194974
Silencing rate: 0.6115290714629524
Sigma: 3.146186271811398
Lambda: 1.0
Initial point 7. Random seed: 5853
Solving with ultrametric constraint
Optimal point found for initial point 7
Negative llh: 67.04401133517686
Dropout rate: 0.27754143345488097
Silencing rate: 0.16116306464460015
Sigma: 3.146186271811398
Lambda: 1.0
Initial point 8. Random seed: 6882
Solving with ultrametric constraint
Optimal point found for initial point 8
Negative llh: 67.04401133517686
Dropout rate: 0.6872609528927651
Silencing rate: 0.8930449749767924
Sigma: 3.146186271811398
Lambda: 1.0
Initial point 9. Random seed: 4204
Solving with ultrametric constraint
Optimal point found for initial point 9
Negative llh: 67.04401133517686
Dropout rate: 0.6055037330892213
Silencing rate: 0.2763635499963244
Sigma: 3.146186271811398
Lambda: 1.0
Initial point 10. Random seed: 7365
Solving with ultrametric constraint
Optimal point found for initial point 10
Negative llh: 67.04401133517686
Dropout rate: 0.8804152115070243
Silencing rate: 0.3927991433327354
Sigma: 3.146186271811398
Lambda: 1.0
{'lambda_param': 1.0, 'phi': 0.11505836091059886, 'nu': 0.5299008213149827, 'sigma': 3.146186271811398, 'locations': {'216_1': (234.0, 316.0), '216_3': (226.0, 290.0), '216_2': (207.0, 301.0), '216_5': (255.0, 294.0), '216_4': (236.0, 300.0), '216_7': (266.0, 296.0), '216_6': (248.0, 320.0), '216_15': (260.0, 264.0), '216_14': (246.0, 278.0), '216_13': (294.0, 293.0), '216_12': (280.0, 297.0)}}
Runtime (s): 22.521108608692884
