Launching Problin version 0.5b
Problin was called as follow: /u/gh2161/Spatial-Division/problin/run_problin.py -c real_location_data/s2c8/k10_r1_character_matrix.csv -t real_location_data/s2c8/true_tree.nwk -S real_location_data/s2c8/leaf_locations.txt --delimiter comma -p real_location_data/s2c8/k10_priors.csv -o real_location_data/s2c8/k10_r1_spalin.txt --nInitials 10 --ultrametric --randomreps 3
Optimization by Spalin: Scipy-SLSQP using spatial information
Optimizing branch lengths, phi, and nu without topology search
Initial point 1. Random seed: 8749
Solving with ultrametric constraint
Optimal point found for initial point 1
Negative llh: 96.14825063570153
Dropout rate: 2.581186791357336e-10
Silencing rate: 1.9380613587819007e-10
Sigma: 3.402799693855465
Lambda: 0.008366375274127863
Initial point 2. Random seed: 9093
Solving with ultrametric constraint
Optimal point found for initial point 2
Negative llh: 96.14825633236387
Dropout rate: 1.0949845718464793e-10
Silencing rate: 1.0003459976748662e-10
Sigma: 3.4026394593483795
Lambda: 0.008366654323738629
Initial point 3. Random seed: 8412
Solving with ultrametric constraint
Optimal point found for initial point 3
Negative llh: 96.14825045877994
Dropout rate: 3.3872810582280376e-10
Silencing rate: 1.893055957001562e-10
Sigma: 3.4027652948652998
Lambda: 0.008366096430370888
Initial point 4. Random seed: 1591
Solving with ultrametric constraint
Optimal point found for initial point 4
Negative llh: 96.14825094486598
Dropout rate: 5.846327002105207e-10
Silencing rate: 2.9289532793765667e-10
Sigma: 3.4030504472737055
Lambda: 0.00836728667953744
Initial point 5. Random seed: 9217
Solving with ultrametric constraint
Optimal point found for initial point 5
Negative llh: 114.6449823628119
Dropout rate: 1e-10
Silencing rate: 1e-10
Sigma: 3.071951419480511
Lambda: 0.0009767493079474096
Initial point 6. Random seed: 7474
Solving with ultrametric constraint
Optimal point found for initial point 6
Negative llh: 96.14825157752715
Dropout rate: 1.0000000000000002e-10
Silencing rate: 1e-10
Sigma: 3.4023507994780458
Lambda: 0.008366027451999842
Initial point 7. Random seed: 110
Solving with ultrametric constraint
Optimal point found for initial point 7
Negative llh: 114.64599647338949
Dropout rate: 1e-10
Silencing rate: 1e-10
Sigma: 3.071526956023643
Lambda: 0.0009766911617371732
Initial point 8. Random seed: 2327
Solving with ultrametric constraint
Optimal point found for initial point 8
Negative llh: 114.64602505752168
Dropout rate: 1e-10
Silencing rate: 1e-10
Sigma: 3.064217858548835
Lambda: 0.0009766736804989909
Initial point 9. Random seed: 8916
Solving with ultrametric constraint
Optimal point found for initial point 9
Negative llh: 96.14825514067073
Dropout rate: 4.792441146539264e-10
Silencing rate: 1.0205169865549895e-10
Sigma: 3.402804626586597
Lambda: 0.008366432248251579
Initial point 10. Random seed: 8288
Solving with ultrametric constraint
Optimal point found for initial point 10
Negative llh: 96.14825040479386
Dropout rate: 1e-10
Silencing rate: 1e-10
Sigma: 3.4028419000486587
Lambda: 0.008365896803216914
{'lambda_param': 0.008365896803216914, 'phi': 1e-10, 'nu': 1e-10, 'sigma': 3.4028419000486587, 'locations': {'216_1': (234.0, 316.0), '216_3': (226.0, 290.0), '216_2': (207.0, 301.0), '216_5': (255.0, 294.0), '216_4': (236.0, 300.0), '216_7': (266.0, 296.0), '216_6': (248.0, 320.0), '216_15': (260.0, 264.0), '216_14': (246.0, 278.0), '216_13': (294.0, 293.0), '216_12': (280.0, 297.0)}}
Runtime (s): 56.10588245280087
