Launching Problin version 0.5b
Problin was called as follow: /u/gh2161/Spatial-Division/problin/run_problin.py -c real_location_data/s2c8/k10_r2_character_matrix.csv -t real_location_data/s2c8/true_tree.nwk -S real_location_data/s2c8/leaf_locations.txt --delimiter comma -p real_location_data/s2c8/k10_priors.csv -o real_location_data/s2c8/k10_r2_spalin-divide-beta3.txt --nInitials 10 --ultrametric --randomreps 3 --divide --radius 3
Optimization by Spalin-Divide: Scipy-SLSQP using spatial information
Optimizing branch lengths, phi, and nu without topology search
Initial point 1. Random seed: 6262
Solving with ultrametric constraint
Optimal point found for initial point 1
Negative llh: 124.39886019837576
Dropout rate: 2.4972233044718736e-10
Silencing rate: 1.3710773326593338e-10
Sigma: 1.407965115370759
Initial point 2. Random seed: 8148
Solving with ultrametric constraint
Optimal point found for initial point 2
Negative llh: 124.39905672518768
Dropout rate: 2.9790454032109744e-10
Silencing rate: 1.0120566864707461e-10
Sigma: 1.4075658607833748
Initial point 3. Random seed: 7715
Solving with ultrametric constraint
Optimal point found for initial point 3
Negative llh: 124.39898371075478
Dropout rate: 9.999999999999996e-11
Silencing rate: 1e-10
Sigma: 1.4080774163229852
Initial point 4. Random seed: 2788
Solving with ultrametric constraint
Optimal point found for initial point 4
Negative llh: 124.39885202963552
Dropout rate: 1.0000000000000002e-10
Silencing rate: 1e-10
Sigma: 1.407877586946768
Initial point 5. Random seed: 1779
Solving with ultrametric constraint
Optimal point found for initial point 5
Negative llh: 124.39902578559256
Dropout rate: 5.307003866788215e-10
Silencing rate: 1.0349586436550512e-10
Sigma: 1.4080121902413252
Initial point 6. Random seed: 2550
Solving with ultrametric constraint
Optimal point found for initial point 6
Negative llh: 124.39900044661152
Dropout rate: 1e-10
Silencing rate: 1e-10
Sigma: 1.40785124651825
Initial point 7. Random seed: 3972
Solving with ultrametric constraint
Optimal point found for initial point 7
Negative llh: 124.39884937368481
Dropout rate: 1e-10
Silencing rate: 1e-10
Sigma: 1.4077988307986464
Initial point 8. Random seed: 5594
Solving with ultrametric constraint
Optimal point found for initial point 8
Negative llh: 124.39884977320762
Dropout rate: 3.6963834590280017e-10
Silencing rate: 1.8349332637401661e-10
Sigma: 1.4077891087226344
Initial point 9. Random seed: 1182
Solving with ultrametric constraint
Optimal point found for initial point 9
Negative llh: 124.39897246122347
Dropout rate: 2.782366808032769e-10
Silencing rate: 1.0001357232344837e-10
Sigma: 1.408696080827116
Initial point 10. Random seed: 8409
Solving with ultrametric constraint
Optimal point found for initial point 10
Negative llh: 124.39884927122418
Dropout rate: 1.0000000000000002e-10
Silencing rate: 1e-10
Sigma: 1.407789875414512
Runtime (s): 181.3312614504248
