Launching Problin version 0.5b
Problin was called as follow: /u/gh2161/Spatial-Division/problin/run_problin.py -c real_location_data/s2c8/k10_r4_character_matrix.csv -t real_location_data/s2c8/true_tree.nwk -S real_location_data/s2c8/leaf_locations.txt --delimiter comma -p real_location_data/s2c8/k10_priors.csv -o real_location_data/s2c8/k10_r4_spalin-divide-beta3.txt --nInitials 10 --ultrametric --randomreps 3 --divide --radius 3
Optimization by Spalin-Divide: Scipy-SLSQP using spatial information
Optimizing branch lengths, phi, and nu without topology search
Initial point 1. Random seed: 7431
Solving with ultrametric constraint
Optimal point found for initial point 1
Negative llh: 123.74463988114196
Dropout rate: 9.28097593846103e-10
Silencing rate: 2.8363664525751397e-09
Sigma: 1.3649771868865532
Initial point 2. Random seed: 3088
Solving with ultrametric constraint
Optimal point found for initial point 2
Negative llh: 123.74513617708445
Dropout rate: 1.534996951163379e-10
Silencing rate: 1.0000304360806565e-10
Sigma: 1.3647716220587658
Initial point 3. Random seed: 5077
Solving with ultrametric constraint
Optimal point found for initial point 3
Negative llh: 123.74479485466964
Dropout rate: 1e-10
Silencing rate: 1e-10
Sigma: 1.3647279057112778
Initial point 4. Random seed: 2691
Solving with ultrametric constraint
Optimal point found for initial point 4
Negative llh: 123.74463994561995
Dropout rate: 2.2332889733897636e-10
Silencing rate: 1.0067177927533306e-10
Sigma: 1.3649764121272314
Initial point 5. Random seed: 1565
Solving with ultrametric constraint
Optimal point found for initial point 5
Negative llh: 147.12839816192758
Dropout rate: 2.576958564922741e-10
Silencing rate: 1.1250026350179936e-10
Sigma: 1.298418449376399
Initial point 6. Random seed: 2662
Solving with ultrametric constraint
Optimal point found for initial point 6
Negative llh: 123.74511612383796
Dropout rate: 1.2528669674723412e-10
Silencing rate: 1.0000040652542724e-10
Sigma: 1.3647584268925876
Initial point 7. Random seed: 302
Solving with ultrametric constraint
Optimal point found for initial point 7
Negative llh: 123.74463954090326
Dropout rate: 4.778864550703588e-10
Silencing rate: 1.0002264970273659e-10
Sigma: 1.3649485368546515
Initial point 8. Random seed: 1140
Solving with ultrametric constraint
Optimal point found for initial point 8
Negative llh: 123.74464537488616
Dropout rate: 2.1755464275912683e-10
Silencing rate: 1.0001250395270377e-10
Sigma: 1.3647647981729192
Initial point 9. Random seed: 1815
Solving with ultrametric constraint
Optimal point found for initial point 9
Negative llh: 123.74463994510592
Dropout rate: 1e-10
Silencing rate: 1e-10
Sigma: 1.364932586574588
Initial point 10. Random seed: 6341
Solving with ultrametric constraint
Optimal point found for initial point 10
Negative llh: 123.74463950996655
Dropout rate: 2.976353241172802e-10
Silencing rate: 2.0598997792706072e-10
Sigma: 1.3649545323710028
Runtime (s): 334.98246002011
