Launching Problin version 0.5b
Problin was called as follow: /u/gh2161/Spatial-Division/problin/run_problin.py -c intmem_real_data/s10c1/characters.txt -t intmem_real_data/s10c1/true_tree.nwk -S intmem_real_data/s10c1/leaf_locations.txt --delimiter comma -p intmem_real_data/s10c1/prior.csv -o intmem_real_data/s10c1/spalin-divide-beta5.txt --nInitials 10 --ultrametric --randomreps 3 --divide --radius 5
Optimization by Spalin-Divide: Scipy-SLSQP using spatial information
Optimizing branch lengths, phi, and nu without topology search
Initial point 1. Random seed: 4507
Solving with ultrametric constraint
Optimal point found for initial point 1
Negative llh: 152.53636044749567
Dropout rate: 7.995211815381896e-10
Silencing rate: 3.6938966096284996e-10
Sigma: 1.7794186578514302
Lambda: 0.006418449274868512
Initial point 2. Random seed: 4123
Solving with ultrametric constraint
Optimal point found for initial point 2
Negative llh: 152.53636083111638
Dropout rate: 2.5515309938421935e-10
Silencing rate: 2.1604285863057182e-10
Sigma: 1.7794268985972452
Lambda: 0.006418456729061388
Initial point 3. Random seed: 3150
Solving with ultrametric constraint
Optimal point found for initial point 3
Negative llh: 152.53636116177054
Dropout rate: 1.0000000000000002e-10
Silencing rate: 1e-10
Sigma: 1.7794361646688268
Lambda: 0.00641926173208064
Initial point 4. Random seed: 600
Solving with ultrametric constraint
Optimal point found for initial point 4
Negative llh: 152.53637416851905
Dropout rate: 1.0000000000000002e-10
Silencing rate: 1e-10
Sigma: 1.7796013313019918
Lambda: 0.006415291885157848
Initial point 5. Random seed: 2256
Solving with ultrametric constraint
Fatal: failed to optimize using initial point 5
Initial point 6. Random seed: 1750
Solving with ultrametric constraint
Fatal: failed to optimize using initial point 6
Initial point 7. Random seed: 7531
Solving with ultrametric constraint
Optimal point found for initial point 7
Negative llh: 152.53636057947878
Dropout rate: 1.2858604462009107e-10
Silencing rate: 1e-10
Sigma: 1.7794269263882814
Lambda: 0.006418434117671014
Initial point 8. Random seed: 9404
Solving with ultrametric constraint
Optimal point found for initial point 8
Negative llh: 152.53636836044768
Dropout rate: 1e-10
Silencing rate: 1e-10
Sigma: 1.7795109335353743
Lambda: 0.006418877631394874
Initial point 9. Random seed: 504
Solving with ultrametric constraint
Optimal point found for initial point 9
Negative llh: 152.5374456270126
Dropout rate: 4.171015470662746e-10
Silencing rate: 3.0865823374712375e-10
Sigma: 1.7783106388948915
Lambda: 0.006441184359345197
Initial point 10. Random seed: 2205
Solving with ultrametric constraint
Optimal point found for initial point 10
Negative llh: 152.53636025161268
Dropout rate: 1e-10
Silencing rate: 1e-10
Sigma: 1.7794574487923915
Lambda: 0.0064185830026570944
{'lambda_param': 0.0064185830026570944, 'phi': 1e-10, 'nu': 1e-10, 'sigma': 1.7794574487923915, 'locations': {'216_4': (149.0, 270.0), '216_3': (143.0, 291.0), '216_2': (123.0, 254.0), '216_1': (141.0, 314.0), '216_12': (144.0, 192.0), '216_11': (133.0, 210.0), '216_10': (223.0, 219.0), '216_9': (206.0, 231.0), '216_8': (151.0, 236.0), '216_7': (166.0, 270.0), '216_6': (121.0, 236.0), '216_5': (101.0, 255.0)}, 'radius': 5.0, 'thetas': {'192_7': -91.8659332623695, '193_9': 1.155286191715952, '134_4': 28.40850544431903, '193_10': 2.5269427425202826, '198_13': 2.1193858350631958, '137_6': 0.3059863487066674, '68_2': -35.134195653266374, '180_1': 1.2793440013966308, '185_3': 1.8491110897981573, '132_1': -3.437173198141052, '23_1': 30.029086618470423}}
Runtime (s): 243.8713419213891
