Launching Problin version 0.5b
Problin was called as follow: /u/gh2161/Spatial-Division/problin/run_problin.py -c simulated_seq_simulated_loc/s15c8/k10_character_matrix.csv -t simulated_seq_simulated_loc/s15c8/true_tree.nwk --delimiter comma -p simulated_seq_simulated_loc/s15c8/k10_priors.csv -o simulated_seq_simulated_loc/s15c8/k10_problin.txt --nInitials 10 --ultrametric --solver Scipy
Optimization by generic solver (Scipy-SLSQP)
Optimizing branch lengths, phi, and nu without topology search
Initial point 1. Random seed: 175
Solving with ultrametric constraint
Optimal point found for initial point 1
Negative llh: 68.4512377023139
Dropout rate: 1e-10
Silencing rate: 1e-10
Initial point 2. Random seed: 4303
Solving with ultrametric constraint
Optimal point found for initial point 2
Negative llh: 68.45121813791562
Dropout rate: 1e-10
Silencing rate: 1e-10
Initial point 3. Random seed: 667
Solving with ultrametric constraint
Optimal point found for initial point 3
Negative llh: 85.53755574731969
Dropout rate: 1e-10
Silencing rate: 1e-10
Initial point 4. Random seed: 9654
Solving with ultrametric constraint
Optimal point found for initial point 4
Negative llh: 68.45123132999065
Dropout rate: 4.5933418034546114e-10
Silencing rate: 2.3649202738874784e-10
Initial point 5. Random seed: 8633
Solving with ultrametric constraint
Optimal point found for initial point 5
Negative llh: 68.45121814011617
Dropout rate: 5.277562127781348e-10
Silencing rate: 2.118515943854694e-10
Initial point 6. Random seed: 8062
Solving with ultrametric constraint
Optimal point found for initial point 6
Negative llh: 85.53611331375375
Dropout rate: 3.9476397167402225e-09
Silencing rate: 1.1137350862430106e-09
Initial point 7. Random seed: 5076
Solving with ultrametric constraint
Optimal point found for initial point 7
Negative llh: 68.4517886717266
Dropout rate: 3.54351725694174e-10
Silencing rate: 2.1046833796839039e-10
Initial point 8. Random seed: 930
Solving with ultrametric constraint
Optimal point found for initial point 8
Negative llh: 68.45178343602683
Dropout rate: 2.7642154471987574e-09
Silencing rate: 1.2793830740877175e-09
Initial point 9. Random seed: 1543
Solving with ultrametric constraint
Optimal point found for initial point 9
Negative llh: 68.4517645663806
Dropout rate: 1.0000000000000007e-10
Silencing rate: 9.999999999999996e-11
Initial point 10. Random seed: 154
Solving with ultrametric constraint
Optimal point found for initial point 10
Negative llh: 85.5362253272735
Dropout rate: 1.7174686133412034e-09
Silencing rate: 4.277824935070875e-10
Runtime (s): 160.42668780172244
