Launching Problin version 0.5b
Problin was called as follow: /u/gh2161/Spatial-Division/problin/run_problin.py -c real_location_data/s3c5/k10_r4_character_matrix.csv -t real_location_data/s3c5/true_tree.nwk -S real_location_data/s3c5/leaf_locations.txt --delimiter comma -p real_location_data/s3c5/k10_priors.csv -o real_location_data/s3c5/k10_r4_spalin.txt --nInitials 10 --ultrametric --randomreps 3
Optimization by Spalin: Scipy-SLSQP using spatial information
Optimizing branch lengths, phi, and nu without topology search
Initial point 1. Random seed: 1344
Solving with ultrametric constraint
Optimal point found for initial point 1
Negative llh: 107.30472458684534
Dropout rate: 1e-10
Silencing rate: 1e-10
Sigma: 2.129208791405653
Lambda: 0.007524929261330815
Initial point 2. Random seed: 3820
Solving with ultrametric constraint
Optimal point found for initial point 2
Negative llh: 107.29971899562175
Dropout rate: 3.0673590846216696e-10
Silencing rate: 2.6234342905088973e-10
Sigma: 2.126060928020883
Lambda: 0.007487743920203659
Initial point 3. Random seed: 3741
Solving with ultrametric constraint
Optimal point found for initial point 3
Negative llh: 132.76658204344676
Dropout rate: 1.5024524383443767e-10
Silencing rate: 1.0643339177421589e-10
Sigma: 1.9325188528828217
Lambda: 0.0009772091986042745
Initial point 4. Random seed: 5046
Solving with ultrametric constraint
Optimal point found for initial point 4
Negative llh: 107.29996806973648
Dropout rate: 1.303736233164e-10
Silencing rate: 1.206687969864462e-10
Sigma: 2.127139916647471
Lambda: 0.007484157419302165
Initial point 5. Random seed: 1925
Solving with ultrametric constraint
Optimal point found for initial point 5
Negative llh: 107.29993750525571
Dropout rate: 1e-10
Silencing rate: 1e-10
Sigma: 2.1269685012823487
Lambda: 0.007483493001990725
Initial point 6. Random seed: 1816
Solving with ultrametric constraint
Optimal point found for initial point 6
Negative llh: 107.300262378778
Dropout rate: 1e-10
Silencing rate: 1e-10
Sigma: 2.114140734113341
Lambda: 0.007482646575827354
Initial point 7. Random seed: 2477
Solving with ultrametric constraint
Optimal point found for initial point 7
Negative llh: 132.75618722237988
Dropout rate: 1.0000000000000002e-10
Silencing rate: 1e-10
Sigma: 1.9354728715599245
Lambda: 0.0009777628296508507
Initial point 8. Random seed: 4571
Solving with ultrametric constraint
Optimal point found for initial point 8
Negative llh: 107.29971964450988
Dropout rate: 1.0000000000000002e-10
Silencing rate: 1e-10
Sigma: 2.1257471737489344
Lambda: 0.007487784196843299
Initial point 9. Random seed: 4037
Solving with ultrametric constraint
Optimal point found for initial point 9
Negative llh: 107.29971914171344
Dropout rate: 3.082417692873148e-10
Silencing rate: 2.872161437355977e-10
Sigma: 2.1257425124712306
Lambda: 0.007487614873423105
Initial point 10. Random seed: 3801
Solving with ultrametric constraint
Optimal point found for initial point 10
Negative llh: 107.29971896400579
Dropout rate: 1.0668285639864184e-09
Silencing rate: 6.744809988884074e-10
Sigma: 2.126224483247402
Lambda: 0.007487550896481469
{'lambda_param': 0.007487550896481469, 'phi': 1.0668285639864184e-09, 'nu': 6.744809988884074e-10, 'sigma': 2.126224483247402, 'locations': {'216_8': (347.0, 154.0), '216_7': (365.0, 164.0), '216_10': (339.0, 161.0), '216_9': (321.0, 136.0), '216_6': (333.0, 182.0), '216_5': (339.0, 213.0), '216_2': (359.0, 172.0), '216_1': (367.0, 191.0), '216_4': (353.0, 183.0), '216_3': (347.0, 199.0)}}
Runtime (s): 70.79971670731902
