Launching Problin version 0.5b
Problin was called as follow: /u/gh2161/Spatial-Division/problin/run_problin.py -c real_location_data/s3c5/k10_r2_character_matrix.csv -t real_location_data/s3c5/true_tree.nwk -S real_location_data/s3c5/leaf_locations.txt --delimiter comma -p real_location_data/s3c5/k10_priors.csv -o real_location_data/s3c5/k10_r2_spalin-divide-beta2.txt --nInitials 10 --ultrametric --randomreps 3 --divide --given_beta 2 --incl_beta_bound
Optimization by Spalin-Divide: Scipy-SLSQP using spatial information
Optimizing branch lengths, phi, and nu without topology search
Initial point 1. Random seed: 4474
Solving with ultrametric constraint
Optimal point found for initial point 1
Negative llh: 124.46671626330343
Dropout rate: 2.2473580388136785e-10
Silencing rate: 1.5362558468725428e-10
Sigma: 4.723012575090051
Initial point 2. Random seed: 7356
Solving with ultrametric constraint
Optimal point found for initial point 2
Negative llh: 124.46671633580974
Dropout rate: 1e-10
Silencing rate: 1e-10
Sigma: 4.723020382125335
Initial point 3. Random seed: 8346
Solving with ultrametric constraint
Optimal point found for initial point 3
Negative llh: 124.46671621515881
Dropout rate: 3.167227295060014e-10
Silencing rate: 2.3806864591840105e-10
Sigma: 4.723032477451667
Initial point 4. Random seed: 5174
Solving with ultrametric constraint
Optimal point found for initial point 4
Negative llh: 124.46671616393485
Dropout rate: 1e-10
Silencing rate: 1e-10
Sigma: 4.723027785981935
Initial point 5. Random seed: 1969
Solving with ultrametric constraint
Optimal point found for initial point 5
Negative llh: 124.46671616030125
Dropout rate: 1e-10
Silencing rate: 1e-10
Sigma: 4.723028638716924
Initial point 6. Random seed: 3056
Solving with ultrametric constraint
Optimal point found for initial point 6
Negative llh: 124.46671653333082
Dropout rate: 2.8948628286285057e-10
Silencing rate: 2.2865711199864405e-10
Sigma: 4.7230409292313835
Initial point 7. Random seed: 717
Solving with ultrametric constraint
Optimal point found for initial point 7
Negative llh: 124.46671679454559
Dropout rate: 2.0822523442932128e-10
Silencing rate: 1.8053948260720959e-10
Sigma: 4.723037470353666
Initial point 8. Random seed: 4148
Solving with ultrametric constraint
Optimal point found for initial point 8
Negative llh: 124.46671616534098
Dropout rate: 1.0000000000000002e-10
Silencing rate: 1e-10
Sigma: 4.723029424783721
Initial point 9. Random seed: 1257
Solving with ultrametric constraint
Optimal point found for initial point 9
Negative llh: 124.46671616657639
Dropout rate: 1e-10
Silencing rate: 1e-10
Sigma: 4.723027007700446
Initial point 10. Random seed: 9120
Solving with ultrametric constraint
Optimal point found for initial point 10
Negative llh: 124.46671644843636
Dropout rate: 1.5546623653447428e-10
Silencing rate: 1.5361624572766965e-10
Sigma: 4.7230304242083365
Runtime (s): 268.7583596489858
