Launching Problin version 0.5b
Problin was called as follow: /u/gh2161/Spatial-Division/problin/run_problin.py -c real_location_data/s3c5/k10_r1_character_matrix.csv -t real_location_data/s3c5/true_tree.nwk -S real_location_data/s3c5/leaf_locations.txt --delimiter comma -p real_location_data/s3c5/k10_priors.csv -o real_location_data/s3c5/k10_r1_spalin-divide-beta3.txt --nInitials 10 --ultrametric --randomreps 3 --divide --radius 3
Optimization by Spalin-Divide: Scipy-SLSQP using spatial information
Optimizing branch lengths, phi, and nu without topology search
Initial point 1. Random seed: 2443
Solving with ultrametric constraint
Optimal point found for initial point 1
Negative llh: 133.05847173475325
Dropout rate: 1e-10
Silencing rate: 1e-10
Sigma: 1.203978120374876
Initial point 2. Random seed: 9310
Solving with ultrametric constraint
Optimal point found for initial point 2
Negative llh: 133.0586353997847
Dropout rate: 3.357666602599719e-10
Silencing rate: 1.970423127591023e-10
Sigma: 1.2040537007714016
Initial point 3. Random seed: 6902
Solving with ultrametric constraint
Optimal point found for initial point 3
Negative llh: 133.05876920514214
Dropout rate: 1.9476529557531308e-10
Silencing rate: 1.2261522591721756e-10
Sigma: 1.20423991558396
Initial point 4. Random seed: 6390
Solving with ultrametric constraint
Optimal point found for initial point 4
Negative llh: 133.05862803898822
Dropout rate: 2.990849880550021e-10
Silencing rate: 1.1795252112998688e-10
Sigma: 1.2039438494665649
Initial point 5. Random seed: 638
Solving with ultrametric constraint
Optimal point found for initial point 5
Negative llh: 148.22687014218002
Dropout rate: 1e-10
Silencing rate: 1e-10
Sigma: 1.1308977742790767
Initial point 6. Random seed: 6893
Solving with ultrametric constraint
Optimal point found for initial point 6
Negative llh: 133.058471691394
Dropout rate: 1.0000000000000002e-10
Silencing rate: 1e-10
Sigma: 1.2039758980634898
Initial point 7. Random seed: 7189
Solving with ultrametric constraint
Optimal point found for initial point 7
Negative llh: 133.05847181512254
Dropout rate: 1e-10
Silencing rate: 1e-10
Sigma: 1.2040176621305034
Initial point 8. Random seed: 3123
Solving with ultrametric constraint
Optimal point found for initial point 8
Negative llh: 133.0585308048121
Dropout rate: 1.0000000000000002e-10
Silencing rate: 1e-10
Sigma: 1.2040444361784004
Initial point 9. Random seed: 6036
Solving with ultrametric constraint
Optimal point found for initial point 9
Negative llh: 133.0584721064149
Dropout rate: 3.61280046889468e-10
Silencing rate: 2.085191086516902e-10
Sigma: 1.2039998429550944
Initial point 10. Random seed: 3816
Solving with ultrametric constraint
Optimal point found for initial point 10
Negative llh: 133.05881712137926
Dropout rate: 1e-10
Silencing rate: 1e-10
Sigma: 1.203962587482251
Runtime (s): 212.5941896159202
