Launching Problin version 0.5b
Problin was called as follow: /u/gh2161/Spatial-Division/problin/run_problin.py -c real_location_data/s3c5/k10_r4_character_matrix.csv -t real_location_data/s3c5/true_tree.nwk -S real_location_data/s3c5/leaf_locations.txt --delimiter comma -p real_location_data/s3c5/k10_priors.csv -o real_location_data/s3c5/k10_r4_spalin-divide-ignore-beta.txt --nInitials 10 --ultrametric --randomreps 3 --divide
Optimization by Spalin-Divide: Scipy-SLSQP using spatial information
Optimizing branch lengths, phi, and nu without topology search
We need to optimize the radius
Initial point 1. Random seed: 5328
Solving with ultrametric constraint
Optimal point found for initial point 1
Negative llh: 118.36775756382005
Dropout rate: 1e-10
Silencing rate: 1e-10
Sigma: 0.6898058847791301
Lambda: 0.0009766972520621655
Initial point 2. Random seed: 1867
Solving with ultrametric constraint
Optimal point found for initial point 2
Negative llh: 92.37305849754613
Dropout rate: 3.048371975708267e-10
Silencing rate: 1.0050439095832846e-10
Sigma: 0.697486329483589
Lambda: 0.007591170074770486
Initial point 3. Random seed: 1917
Solving with ultrametric constraint
Optimal point found for initial point 3
Negative llh: 92.3729449582903
Dropout rate: 1.885024204004374e-10
Silencing rate: 1.5467196665220116e-10
Sigma: 0.6966975481233736
Lambda: 0.007587547613045444
Initial point 4. Random seed: 9491
Solving with ultrametric constraint
Optimal point found for initial point 4
Negative llh: 92.37217971161377
Dropout rate: 1.0000000000000002e-10
Silencing rate: 1e-10
Sigma: 0.696840212398595
Lambda: 0.007588910739413165
Initial point 5. Random seed: 9980
Solving with ultrametric constraint
Optimal point found for initial point 5
Negative llh: 118.36517178125476
Dropout rate: 2.6173611709387406e-10
Silencing rate: 1.1714906418513802e-10
Sigma: 0.6897723430975542
Lambda: 0.0009768265347086086
Initial point 6. Random seed: 37
Solving with ultrametric constraint
Optimal point found for initial point 6
Negative llh: 92.3723675033194
Dropout rate: 2.736508023910358e-10
Silencing rate: 1e-10
Sigma: 0.6963848234605031
Lambda: 0.007590007301540917
Initial point 7. Random seed: 4764
Solving with ultrametric constraint
Optimal point found for initial point 7
Negative llh: 92.37209124111118
Dropout rate: 4.15078752331781e-10
Silencing rate: 1e-10
Sigma: 0.696619926680404
Lambda: 0.007588273188139559
Initial point 8. Random seed: 8969
Solving with ultrametric constraint
Optimal point found for initial point 8
Negative llh: 92.37209147081845
Dropout rate: 2.006327432101492e-10
Silencing rate: 1.6483153611942678e-10
Sigma: 0.6966098427416705
Lambda: 0.007588544369969907
Initial point 9. Random seed: 4088
Solving with ultrametric constraint
Optimal point found for initial point 9
Negative llh: 118.36759841066672
Dropout rate: 1.0000000000000002e-10
Silencing rate: 2.0688201924796339e-10
Sigma: 0.6898867637473055
Lambda: 0.0009767067893804821
Initial point 10. Random seed: 4528
Solving with ultrametric constraint
Optimal point found for initial point 10
Negative llh: 92.37209143941297
Dropout rate: 1e-10
Silencing rate: 1e-10
Sigma: 0.696638755532127
Lambda: 0.007588229293221881
{'lambda_param': 0.007588273188139559, 'phi': 4.15078752331781e-10, 'nu': 1e-10, 'sigma': 0.696619926680404, 'locations': {'216_8': (347.0, 154.0), '216_7': (365.0, 164.0), '216_10': (339.0, 161.0), '216_9': (321.0, 136.0), '216_6': (333.0, 182.0), '216_5': (339.0, 213.0), '216_2': (359.0, 172.0), '216_1': (367.0, 191.0), '216_4': (353.0, 183.0), '216_3': (347.0, 199.0)}, 'radius': 10.414075543438113, 'thetas': {'185_2': 1.929568448974567, '187_1': 1.1722738440155986, '126_1': 2.5000168471857287, '188_5': 7.662801570799468, '66_1': 5.788009129535342, '202_10': 4.088357376298488, '209_9': 6.790283309236043, '143_5': 3.544460858426128, '16_1': 1.4726043865156273}}
Runtime (s): 284.4453505529091
