Launching Problin version 0.5b
Problin was called as follow: /u/gh2161/Spatial-Division/problin/run_problin.py -c real_location_data/s3c5/k10_r5_character_matrix.csv -t real_location_data/s3c5/true_tree.nwk -S real_location_data/s3c5/leaf_locations.txt --delimiter comma -p real_location_data/s3c5/k10_priors.csv -o real_location_data/s3c5/k10_r5_spalin.txt --nInitials 10 --ultrametric --randomreps 3
Optimization by Spalin: Scipy-SLSQP using spatial information
Optimizing branch lengths, phi, and nu without topology search
Initial point 1. Random seed: 2882
Solving with ultrametric constraint
Optimal point found for initial point 1
Negative llh: 114.53321313246107
Dropout rate: 1.0000000000000002e-10
Silencing rate: 1e-10
Sigma: 2.0230524534493424
Lambda: 0.005624730583984337
Initial point 2. Random seed: 5889
Solving with ultrametric constraint
Optimal point found for initial point 2
Negative llh: 114.53324417675205
Dropout rate: 1.8096320182310354e-10
Silencing rate: 1.0106703820175763e-10
Sigma: 2.0226645515039414
Lambda: 0.0056251626140792895
Initial point 3. Random seed: 6285
Solving with ultrametric constraint
Optimal point found for initial point 3
Negative llh: 114.53329331206399
Dropout rate: 2.9345344672527273e-10
Silencing rate: 4.784544970364243e-10
Sigma: 2.0204335188422804
Lambda: 0.005623900538404471
Initial point 4. Random seed: 5018
Solving with ultrametric constraint
Optimal point found for initial point 4
Negative llh: 114.53323579753128
Dropout rate: 2.0970868541822358e-10
Silencing rate: 1.5119870515615017e-10
Sigma: 2.024419902946254
Lambda: 0.005621431197824807
Initial point 5. Random seed: 4585
Solving with ultrametric constraint
Optimal point found for initial point 5
Negative llh: 114.53316847250548
Dropout rate: 1e-10
Silencing rate: 1e-10
Sigma: 2.0230793938727247
Lambda: 0.005624408366438104
Initial point 6. Random seed: 784
Solving with ultrametric constraint
Optimal point found for initial point 6
Negative llh: 114.53332418921792
Dropout rate: 1.0000000000000002e-10
Silencing rate: 1.0000000000000002e-10
Sigma: 2.023296080523356
Lambda: 0.005622499054138953
Initial point 7. Random seed: 494
Solving with ultrametric constraint
Optimal point found for initial point 7
Negative llh: 114.53322352265792
Dropout rate: 1.0000000000000002e-10
Silencing rate: 1e-10
Sigma: 2.0222435964528493
Lambda: 0.005630171324036128
Initial point 8. Random seed: 5876
Solving with ultrametric constraint
Optimal point found for initial point 8
Negative llh: 114.53315694330354
Dropout rate: 1.195659389343313e-10
Silencing rate: 1.0000083960751279e-10
Sigma: 2.0229701836184835
Lambda: 0.005624125962106782
Initial point 9. Random seed: 3707
Solving with ultrametric constraint
Optimal point found for initial point 9
Negative llh: 133.10046301204414
Dropout rate: 2.805011104704916e-10
Silencing rate: 1.776216110929086e-10
Sigma: 1.7925584736762707
Lambda: 0.0009782374423398285
Initial point 10. Random seed: 9837
Solving with ultrametric constraint
Optimal point found for initial point 10
Negative llh: 114.5332140825464
Dropout rate: 1e-10
Silencing rate: 1e-10
Sigma: 2.022072090629131
Lambda: 0.005628507870223478
{'lambda_param': 0.005624125962106782, 'phi': 1.195659389343313e-10, 'nu': 1.0000083960751279e-10, 'sigma': 2.0229701836184835, 'locations': {'216_8': (347.0, 154.0), '216_7': (365.0, 164.0), '216_10': (339.0, 161.0), '216_9': (321.0, 136.0), '216_6': (333.0, 182.0), '216_5': (339.0, 213.0), '216_2': (359.0, 172.0), '216_1': (367.0, 191.0), '216_4': (353.0, 183.0), '216_3': (347.0, 199.0)}}
Runtime (s): 35.96308263018727
