Launching Problin version 0.5b
Problin was called as follow: /u/gh2161/Spatial-Division/problin/run_problin.py -c real_location_data/s3c5/k10_r3_character_matrix.csv -t real_location_data/s3c5/true_tree.nwk --delimiter comma -p real_location_data/s3c5/k10_priors.csv -o real_location_data/s3c5/k10_r3_problin.txt --nInitials 10 --ultrametric --randomreps 3 --solver Scipy
Optimization by generic solver (Scipy-SLSQP)
Optimizing branch lengths, phi, and nu without topology search
Initial point 1. Random seed: 3566
Solving with ultrametric constraint
Optimal point found for initial point 1
Negative llh: 65.65685170228448
Dropout rate: 1.3836658191581775e-09
Silencing rate: 9.72794763979911e-10
Lambda: 0.0049065348847524585
Initial point 2. Random seed: 8184
Solving with ultrametric constraint
Optimal point found for initial point 2
Negative llh: 85.10068865558539
Dropout rate: 1e-10
Silencing rate: 1e-10
Lambda: 0.0009767941173336033
Initial point 3. Random seed: 4177
Solving with ultrametric constraint
Optimal point found for initial point 3
Negative llh: 85.1007185824665
Dropout rate: 1e-10
Silencing rate: 1e-10
Lambda: 0.0009767909515462111
Initial point 4. Random seed: 124
Solving with ultrametric constraint
Optimal point found for initial point 4
Negative llh: 65.65685125588355
Dropout rate: 1e-10
Silencing rate: 1e-10
Lambda: 0.0049062425084840915
Initial point 5. Random seed: 7120
Solving with ultrametric constraint
Optimal point found for initial point 5
Negative llh: 65.65700732730424
Dropout rate: 8.856139469925969e-10
Silencing rate: 4.677167210847691e-10
Lambda: 0.004904097339014885
Initial point 6. Random seed: 4485
Solving with ultrametric constraint
Optimal point found for initial point 6
Negative llh: 85.10066112717391
Dropout rate: 3.565064980649062e-10
Silencing rate: 1.839004868053118e-10
Lambda: 0.0009767921065350147
Initial point 7. Random seed: 9090
Solving with ultrametric constraint
Optimal point found for initial point 7
Negative llh: 65.6568512458628
Dropout rate: 1e-10
Silencing rate: 1e-10
Lambda: 0.00490620383578778
Initial point 8. Random seed: 9835
Solving with ultrametric constraint
Optimal point found for initial point 8
Negative llh: 85.10066949639901
Dropout rate: 1.005331161941466e-10
Silencing rate: 1.0007688767052374e-10
Lambda: 0.000976791663100911
Initial point 9. Random seed: 5799
Solving with ultrametric constraint
Optimal point found for initial point 9
Negative llh: 85.10025984173939
Dropout rate: 3.0105352440419457e-10
Silencing rate: 1.3073988123727684e-10
Lambda: 0.0009768207401205005
Initial point 10. Random seed: 8684
Solving with ultrametric constraint
Optimal point found for initial point 10
Negative llh: 65.65685167730751
Dropout rate: 4.1597937487302307e-10
Silencing rate: 2.575235201305846e-10
Lambda: 0.00490575545302385
{'phi': 1e-10, 'nu': 1e-10, 'lambda_param': 0.00490620383578778}
Runtime (s): 29.405340776778758
