Launching Problin version 0.5b
Problin was called as follow: /u/gh2161/Spatial-Division/problin/run_problin.py -c real_location_data/s3c5/k10_r1_character_matrix.csv -t real_location_data/s3c5/true_tree.nwk -S real_location_data/s3c5/leaf_locations.txt --delimiter comma -p real_location_data/s3c5/k10_priors.csv -o real_location_data/s3c5/k10_r1_spalin-divide-beta5_10_range.txt --nInitials 10 --ultrametric --randomreps 3 --divide --given_lower_beta 5 --given_upper_beta 10 --incl_beta_bound
Optimization by Spalin-Divide: Scipy-SLSQP using spatial information
{'sigma': 22, 'nu': 1e-10, 'phi': 1e-10, 'lower_beta': 5.0, 'upper_beta': 10.0, 'incl_beta_bound': True, 'displacement_amounts': {}}
Optimizing branch lengths, phi, and nu without topology search
Initial point 1. Random seed: 8847
Solving with ultrametric constraint
Optimal point found for initial point 1
Negative llh: 133.7867830585844
Dropout rate: 8.457560427177137e-09
Silencing rate: 4.52072591009445e-09
Sigma: 4.717780619799064
Initial point 2. Random seed: 1893
Solving with ultrametric constraint
Optimal point found for initial point 2
Negative llh: 133.8328530468332
Dropout rate: 2.891342850503095e-08
Silencing rate: 2.5631544529619886e-09
Sigma: 4.683343940412139
Initial point 3. Random seed: 3023
Solving with ultrametric constraint
Optimal point found for initial point 3
Negative llh: 133.78096902304063
Dropout rate: 1.462684417894361e-10
Silencing rate: 1.4663591351212712e-10
Sigma: 4.716762060174784
Initial point 4. Random seed: 8685
Solving with ultrametric constraint
Optimal point found for initial point 4
Negative llh: 126.87575507757816
Dropout rate: 3.064157074296848e-10
Silencing rate: 1.416525315169681e-10
Sigma: 3.898051277228179
Initial point 5. Random seed: 8001
Solving with ultrametric constraint
Optimal point found for initial point 5
Negative llh: 133.77644780457518
Dropout rate: 1.140536811430714e-08
Silencing rate: 4.678483946278081e-09
Sigma: 4.7140642577152825
Initial point 6. Random seed: 3422
Solving with ultrametric constraint
Optimal point found for initial point 6
Negative llh: 133.77793632365675
Dropout rate: 1.0097747771551597e-08
Silencing rate: 1.179685696625173e-09
Sigma: 4.7093203613368875
Initial point 7. Random seed: 5613
Solving with ultrametric constraint
Optimal point found for initial point 7
Negative llh: 133.77972494810064
Dropout rate: 2.3808670961749127e-09
Silencing rate: 1.034938415099375e-09
Sigma: 4.719787926457918
Initial point 8. Random seed: 3624
Solving with ultrametric constraint
Optimal point found for initial point 8
Negative llh: 133.88123662314635
Dropout rate: 1.7733500328831422e-09
Silencing rate: 1.544982876776744e-10
Sigma: 4.713599518475338
Initial point 9. Random seed: 5512
Solving with ultrametric constraint
Optimal point found for initial point 9
Negative llh: 133.81329387360785
Dropout rate: 6.354581775922267e-08
Silencing rate: 1.9709681656885734e-08
Sigma: 4.737529782139189
Initial point 10. Random seed: 9683
Solving with ultrametric constraint
Optimal point found for initial point 10
Negative llh: 126.88574473125743
Dropout rate: 1.1670077847736595e-10
Silencing rate: 1.0349129180551962e-10
Sigma: 3.9000873171401986
Runtime (s): 176.14245559461415
