Launching Problin version 0.5b
Problin was called as follow: /u/gh2161/Spatial-Division/problin/run_problin.py -c intmem_real_data/s1c1/characters.txt -t intmem_real_data/s1c1/true_tree.nwk --delimiter comma -p intmem_real_data/s1c1/prior.csv -o intmem_real_data/s1c1/problin.txt --nInitials 10 --ultrametric --randomreps 3 --solver Scipy
Optimization by generic solver (Scipy-SLSQP)
Optimizing branch lengths, phi, and nu without topology search
Initial point 1. Random seed: 9540
Solving with ultrametric constraint
Optimal point found for initial point 1
Negative llh: 46.05502346473615
Dropout rate: 1.0531424335059555e-10
Silencing rate: 1.0460246791227018e-10
Lambda: 0.007051441139487942
Initial point 2. Random seed: 4099
Solving with ultrametric constraint
Optimal point found for initial point 2
Negative llh: 46.05502347393936
Dropout rate: 1e-10
Silencing rate: 1e-10
Lambda: 0.0070513320954098116
Initial point 3. Random seed: 9521
Solving with ultrametric constraint
Optimal point found for initial point 3
Negative llh: 46.055023427421226
Dropout rate: 1.0000000000000002e-10
Silencing rate: 1.0000000000000002e-10
Lambda: 0.007051646207717848
Initial point 4. Random seed: 8568
Solving with ultrametric constraint
Optimal point found for initial point 4
Negative llh: 46.05502359624117
Dropout rate: 1.938248125683195e-10
Silencing rate: 1.4311982044990043e-10
Lambda: 0.00705052241531186
Initial point 5. Random seed: 8541
Solving with ultrametric constraint
Optimal point found for initial point 5
Negative llh: 68.87988125385533
Dropout rate: 1.4501466024582854e-10
Silencing rate: 1.0950652127198648e-10
Lambda: 0.0009766821207653764
Initial point 6. Random seed: 8387
Solving with ultrametric constraint
Optimal point found for initial point 6
Negative llh: 46.055096156041
Dropout rate: 3.4397776870895685e-10
Silencing rate: 2.6123047236620154e-10
Lambda: 0.007050746746321472
Initial point 7. Random seed: 7613
Solving with ultrametric constraint
Optimal point found for initial point 7
Negative llh: 46.05502361008208
Dropout rate: 1.9585732404955093e-10
Silencing rate: 1.5665758384137734e-10
Lambda: 0.007052236319747261
Initial point 8. Random seed: 3816
Solving with ultrametric constraint
Optimal point found for initial point 8
Negative llh: 68.87953576447511
Dropout rate: 1e-10
Silencing rate: 1e-10
Lambda: 0.0009767054601028048
Initial point 9. Random seed: 3671
Solving with ultrametric constraint
Optimal point found for initial point 9
Negative llh: 46.056242919976896
Dropout rate: 1e-10
Silencing rate: 1e-10
Lambda: 0.007073288666804049
Initial point 10. Random seed: 9585
Solving with ultrametric constraint
Optimal point found for initial point 10
Negative llh: 68.88007233819724
Dropout rate: 1e-10
Silencing rate: 1e-10
Lambda: 0.0009766733701794899
{'phi': 1.0000000000000002e-10, 'nu': 1.0000000000000002e-10, 'lambda_param': 0.007051646207717848}
Runtime (s): 10.325510896742344
