Launching Problin version 0.5b
Problin was called as follow: /u/gh2161/Spatial-Division/problin/run_problin.py -c real_location_data/s10c5/k10_r2_character_matrix.csv -t real_location_data/s10c5/true_tree.nwk -S real_location_data/s10c5/leaf_locations.txt --delimiter comma -p real_location_data/s10c5/k10_priors.csv -o real_location_data/s10c5/k10_r2_spalin-divide-beta3.txt --nInitials 10 --ultrametric --randomreps 3 --divide --radius 3
Optimization by Spalin-Divide: Scipy-SLSQP using spatial information
Optimizing branch lengths, phi, and nu without topology search
Initial point 1. Random seed: 743
Solving with ultrametric constraint
Optimal point found for initial point 1
Negative llh: 136.41890167958255
Dropout rate: 5.057030816380245e-10
Silencing rate: 2.2496811997066443e-10
Sigma: 1.3688920985370832
Initial point 2. Random seed: 4119
Solving with ultrametric constraint
Optimal point found for initial point 2
Negative llh: 118.75514805743633
Dropout rate: 1.4627761003817148e-10
Silencing rate: 1.0013124949254261e-10
Sigma: 1.4956089985053045
Initial point 3. Random seed: 9575
Solving with ultrametric constraint
Optimal point found for initial point 3
Negative llh: 118.75511638777292
Dropout rate: 7.072836529563296e-10
Silencing rate: 4.765373502222666e-10
Sigma: 1.495615426861212
Initial point 4. Random seed: 7965
Solving with ultrametric constraint
Optimal point found for initial point 4
Negative llh: 118.75520500345249
Dropout rate: 1e-10
Silencing rate: 1e-10
Sigma: 1.495491157073361
Initial point 5. Random seed: 5462
Solving with ultrametric constraint
Optimal point found for initial point 5
Negative llh: 118.75537612619581
Dropout rate: 1.0000000000000002e-10
Silencing rate: 1e-10
Sigma: 1.4950044320016929
Initial point 6. Random seed: 4173
Solving with ultrametric constraint
Optimal point found for initial point 6
Negative llh: 118.7551164816007
Dropout rate: 4.308348953765798e-10
Silencing rate: 2.597599511702443e-10
Sigma: 1.4956355892898703
Initial point 7. Random seed: 4293
Solving with ultrametric constraint
Optimal point found for initial point 7
Negative llh: 118.75511630351843
Dropout rate: 2.6053729854631794e-10
Silencing rate: 1.0091973556657418e-10
Sigma: 1.4955714997055631
Initial point 8. Random seed: 9788
Solving with ultrametric constraint
Optimal point found for initial point 8
Negative llh: 118.75511628316819
Dropout rate: 1.9908079038337624e-10
Silencing rate: 1.0027956584642106e-10
Sigma: 1.495584070659236
Initial point 9. Random seed: 1446
Solving with ultrametric constraint
Optimal point found for initial point 9
Negative llh: 118.75521741221087
Dropout rate: 1e-10
Silencing rate: 1e-10
Sigma: 1.4953155089570984
Initial point 10. Random seed: 6708
Solving with ultrametric constraint
Optimal point found for initial point 10
Negative llh: 118.75525117529466
Dropout rate: 1.3782232284975083e-10
Silencing rate: 1.0000828436266276e-10
Sigma: 1.4951103214280392
Runtime (s): 235.65193448401988
