Launching Problin version 0.5b
Problin was called as follow: /u/gh2161/Spatial-Division/problin/run_problin.py -c real_location_data/s10c1/k10_r1_character_matrix.csv -t real_location_data/s10c1/true_tree.nwk -S real_location_data/s10c1/leaf_locations.txt --delimiter comma -p real_location_data/s10c1/k10_priors.csv -o real_location_data/s10c1/k10_r1_spalin-divide-beta05.txt --nInitials 10 --ultrametric --randomreps 3 --divide --radius 0.5
Optimization by Spalin-Divide: Scipy-SLSQP using spatial information
Optimizing branch lengths, phi, and nu without topology search
Initial point 1. Random seed: 6627
Solving with ultrametric constraint
Optimal point found for initial point 1
Negative llh: 179.6590726851604
Dropout rate: 3.2743076283260654e-10
Silencing rate: 1.4392960522515635e-10
Sigma: 1.6344662408374677
Initial point 2. Random seed: 7424
Solving with ultrametric constraint
Optimal point found for initial point 2
Negative llh: 179.65915085638724
Dropout rate: 1.540021604403911e-10
Silencing rate: 1.184206314390461e-10
Sigma: 1.6355206316367916
Initial point 3. Random seed: 1964
Solving with ultrametric constraint
Optimal point found for initial point 3
Negative llh: 179.6590781690458
Dropout rate: 1.0000000000000002e-10
Silencing rate: 1.0000000000000002e-10
Sigma: 1.6351011579176338
Initial point 4. Random seed: 6625
Solving with ultrametric constraint
Optimal point found for initial point 4
Negative llh: 179.65893875844287
Dropout rate: 1.0000000000000002e-10
Silencing rate: 1e-10
Sigma: 1.6349460943670173
Initial point 5. Random seed: 4708
Solving with ultrametric constraint
Optimal point found for initial point 5
Negative llh: 166.29847027875476
Dropout rate: 9.999999999999996e-11
Silencing rate: 1.0000000000000002e-10
Sigma: 1.7897699129823934
Initial point 6. Random seed: 3735
Solving with ultrametric constraint
Optimal point found for initial point 6
Negative llh: 179.6584144570308
Dropout rate: 2.318756186641772e-10
Silencing rate: 1.119752356076133e-10
Sigma: 1.6358773233573898
Initial point 7. Random seed: 9157
Solving with ultrametric constraint
Optimal point found for initial point 7
Negative llh: 166.29847087500448
Dropout rate: 3.9587450763081424e-10
Silencing rate: 2.1816505442151876e-10
Sigma: 1.7896900051211322
Initial point 8. Random seed: 1208
Solving with ultrametric constraint
Optimal point found for initial point 8
Negative llh: 166.29849849611819
Dropout rate: 7.482084167316123e-10
Silencing rate: 3.912745922044996e-10
Sigma: 1.7895972474537716
Initial point 9. Random seed: 1735
Solving with ultrametric constraint
Optimal point found for initial point 9
Negative llh: 166.29856356823626
Dropout rate: 1e-10
Silencing rate: 1e-10
Sigma: 1.790037754842695
Initial point 10. Random seed: 2744
Solving with ultrametric constraint
Optimal point found for initial point 10
Negative llh: 179.65785012213314
Dropout rate: 5.020036483952324e-10
Silencing rate: 2.0360452596449114e-10
Sigma: 1.6351324528030031
Runtime (s): 622.3004511608742
