Launching Problin version 0.5b
Problin was called as follow: /u/gh2161/Spatial-Division/problin/run_problin.py -c real_location_data/s10c1/k10_r5_character_matrix.csv -t real_location_data/s10c1/true_tree.nwk -S real_location_data/s10c1/leaf_locations.txt --delimiter comma -p real_location_data/s10c1/k10_priors.csv -o real_location_data/s10c1/k10_r5_spalin-divide-beta1.txt --nInitials 10 --ultrametric --randomreps 3 --divide --radius 1
Optimization by Spalin-Divide: Scipy-SLSQP using spatial information
Optimizing branch lengths, phi, and nu without topology search
Initial point 1. Random seed: 9001
Solving with ultrametric constraint
Optimal point found for initial point 1
Negative llh: 161.7483916093825
Dropout rate: 1e-10
Silencing rate: 1e-10
Sigma: 1.7972504221093353
Initial point 2. Random seed: 1109
Solving with ultrametric constraint
Optimal point found for initial point 2
Negative llh: 183.47294487710167
Dropout rate: 1.0000000000000002e-10
Silencing rate: 1.0000000000000002e-10
Sigma: 1.7069027202604137
Initial point 3. Random seed: 7366
Solving with ultrametric constraint
Optimal point found for initial point 3
Negative llh: 183.47334831579556
Dropout rate: 3.438485998491059e-10
Silencing rate: 1.2843224708987346e-10
Sigma: 1.7065271836452252
Initial point 4. Random seed: 547
Solving with ultrametric constraint
Optimal point found for initial point 4
Negative llh: 161.74839162917783
Dropout rate: 1e-10
Silencing rate: 1e-10
Sigma: 1.7972409186322331
Initial point 5. Random seed: 2842
Solving with ultrametric constraint
Optimal point found for initial point 5
Negative llh: 161.74848039424415
Dropout rate: 3.464068095026099e-10
Silencing rate: 2.9020888844633803e-10
Sigma: 1.7974804990777822
Initial point 6. Random seed: 5901
Solving with ultrametric constraint
Optimal point found for initial point 6
Negative llh: 183.47265393091078
Dropout rate: 7.329183051075382e-10
Silencing rate: 3.3337706214064166e-10
Sigma: 1.706707835629423
Initial point 7. Random seed: 9478
Solving with ultrametric constraint
Optimal point found for initial point 7
Negative llh: 183.47349517763547
Dropout rate: 2.9565838252930016e-10
Silencing rate: 1.286500478905618e-10
Sigma: 1.7066840396126588
Initial point 8. Random seed: 9293
Solving with ultrametric constraint
Optimal point found for initial point 8
Negative llh: 183.472725708788
Dropout rate: 6.357145807477513e-10
Silencing rate: 3.163620338170547e-10
Sigma: 1.7070453057280413
Initial point 9. Random seed: 771
Solving with ultrametric constraint
Optimal point found for initial point 9
Negative llh: 161.74844660355782
Dropout rate: 1.602790405903096e-10
Silencing rate: 1.0183345929191651e-10
Sigma: 1.7974588909769513
Initial point 10. Random seed: 7366
Solving with ultrametric constraint
Optimal point found for initial point 10
Negative llh: 183.47352757218738
Dropout rate: 1.0000000000000002e-10
Silencing rate: 1e-10
Sigma: 1.7064606686245416
Runtime (s): 487.5776321492158
