Launching Problin version 0.5b
Problin was called as follow: /u/gh2161/Spatial-Division/problin/run_problin.py -c real_location_data/s10c1/k10_r2_character_matrix.csv -t real_location_data/s10c1/true_tree.nwk -S real_location_data/s10c1/leaf_locations.txt --delimiter comma -p real_location_data/s10c1/k10_priors.csv -o real_location_data/s10c1/k10_r2_spalin-divide-beta6.txt --nInitials 10 --ultrametric --randomreps 3 --divide --given_beta 6 --incl_beta_bound
Optimization by Spalin-Divide: Scipy-SLSQP using spatial information
Optimizing branch lengths, phi, and nu without topology search
Initial point 1. Random seed: 4954
Solving with ultrametric constraint
Optimal point found for initial point 1
Negative llh: 155.25797217152143
Dropout rate: 1e-10
Silencing rate: 1e-10
Sigma: 5.437017328814298
Initial point 2. Random seed: 6269
Solving with ultrametric constraint
Optimal point found for initial point 2
Negative llh: 155.2579720755217
Dropout rate: 1.653234845046955e-10
Silencing rate: 1.5399224882256288e-10
Sigma: 5.437106755404965
Initial point 3. Random seed: 3592
Solving with ultrametric constraint
Optimal point found for initial point 3
Negative llh: 155.25797207462188
Dropout rate: 1e-10
Silencing rate: 1e-10
Sigma: 5.4371091755206304
Initial point 4. Random seed: 8315
Solving with ultrametric constraint
Optimal point found for initial point 4
Negative llh: 155.25797210931637
Dropout rate: 1e-10
Silencing rate: 1e-10
Sigma: 5.437047075588626
Initial point 5. Random seed: 353
Solving with ultrametric constraint
Optimal point found for initial point 5
Negative llh: 155.25797212082335
Dropout rate: 1.0754949915996231e-10
Silencing rate: 1.0445525031615707e-10
Sigma: 5.437110739011754
Initial point 6. Random seed: 4322
Solving with ultrametric constraint
Optimal point found for initial point 6
Negative llh: 155.25797549600753
Dropout rate: 1e-10
Silencing rate: 1e-10
Sigma: 5.437477371828412
Initial point 7. Random seed: 2222
Solving with ultrametric constraint
Optimal point found for initial point 7
Negative llh: 155.25797210855336
Dropout rate: 2.5844453911590915e-10
Silencing rate: 2.3170803961300492e-10
Sigma: 5.437110183258744
Initial point 8. Random seed: 3113
Solving with ultrametric constraint
Optimal point found for initial point 8
Negative llh: 155.25797210598216
Dropout rate: 2.1159918914394803e-10
Silencing rate: 2.2258264804551512e-10
Sigma: 5.4371125058452705
Initial point 9. Random seed: 2206
Solving with ultrametric constraint
Optimal point found for initial point 9
Negative llh: 155.2579720714636
Dropout rate: 1e-10
Silencing rate: 1e-10
Sigma: 5.437109008052869
Initial point 10. Random seed: 852
Solving with ultrametric constraint
Optimal point found for initial point 10
Negative llh: 155.25797215143325
Dropout rate: 4.109246564061778e-10
Silencing rate: 2.941939342863261e-10
Sigma: 5.437124291427749
Runtime (s): 732.9258610840188
