Launching Problin version 0.5b
Problin was called as follow: /u/gh2161/Spatial-Division/problin/run_problin.py -c real_location_data/s10c1/k10_r4_character_matrix.csv -t real_location_data/s10c1/true_tree.nwk -S real_location_data/s10c1/leaf_locations.txt --delimiter comma -p real_location_data/s10c1/k10_priors.csv -o real_location_data/s10c1/k10_r4_spalin-divide-beta8.txt --nInitials 10 --ultrametric --randomreps 3 --divide --given_beta 8 --incl_beta_bound
Optimization by Spalin-Divide: Scipy-SLSQP using spatial information
Optimizing branch lengths, phi, and nu without topology search
Initial point 1. Random seed: 3340
Solving with ultrametric constraint
Optimal point found for initial point 1
Negative llh: 153.50658580577505
Dropout rate: 1.2704542391541508e-10
Silencing rate: 1.1899433532556156e-10
Sigma: 4.780179550443368
Initial point 2. Random seed: 8586
Solving with ultrametric constraint
Optimal point found for initial point 2
Negative llh: 153.50658264935458
Dropout rate: 2.299987286575218e-10
Silencing rate: 2.634963287633612e-10
Sigma: 4.780157063484282
Initial point 3. Random seed: 9464
Solving with ultrametric constraint
Optimal point found for initial point 3
Negative llh: 153.50658351530666
Dropout rate: 1e-10
Silencing rate: 1e-10
Sigma: 4.780101101978898
Initial point 4. Random seed: 8220
Solving with ultrametric constraint
Optimal point found for initial point 4
Negative llh: 153.50658375621666
Dropout rate: 1.0000000000000002e-10
Silencing rate: 1.0000000000000002e-10
Sigma: 4.780181437703555
Initial point 5. Random seed: 8888
Solving with ultrametric constraint
Optimal point found for initial point 5
Negative llh: 153.5065834439522
Dropout rate: 2.1626684351755816e-10
Silencing rate: 2.007052221521644e-10
Sigma: 4.780667266216536
Initial point 6. Random seed: 4650
Solving with ultrametric constraint
Optimal point found for initial point 6
Negative llh: 153.50658176210237
Dropout rate: 4.2655323421301833e-10
Silencing rate: 6.017371456965188e-10
Sigma: 4.780335418196088
Initial point 7. Random seed: 7185
Solving with ultrametric constraint
Optimal point found for initial point 7
Negative llh: 153.50658891927458
Dropout rate: 1.4674468714580074e-09
Silencing rate: 1.4525710431083e-09
Sigma: 4.780183089995245
Initial point 8. Random seed: 6731
Solving with ultrametric constraint
Optimal point found for initial point 8
Negative llh: 153.50658171827865
Dropout rate: 1.0000000000000002e-10
Silencing rate: 1.0000000000000002e-10
Sigma: 4.780303639318089
Initial point 9. Random seed: 7723
Solving with ultrametric constraint
Optimal point found for initial point 9
Negative llh: 153.50658261450596
Dropout rate: 1.7636168820770721e-10
Silencing rate: 1.500211771299609e-10
Sigma: 4.7803161673347985
Initial point 10. Random seed: 9710
Solving with ultrametric constraint
Optimal point found for initial point 10
Negative llh: 153.5065816885998
Dropout rate: 1.0000000000000002e-10
Silencing rate: 1.0000000000000002e-10
Sigma: 4.780335464179974
Runtime (s): 416.6818397715688
