Launching Problin version 0.5b
Problin was called as follow: /u/gh2161/Spatial-Division/problin/run_problin.py -c real_location_data/s10c1/k10_r5_character_matrix.csv -t real_location_data/s10c1/true_tree.nwk -S real_location_data/s10c1/leaf_locations.txt --delimiter comma -p real_location_data/s10c1/k10_priors.csv -o real_location_data/s10c1/k10_r5_spalin-divide-beta8.txt --nInitials 10 --ultrametric --randomreps 3 --divide --given_beta 8 --incl_beta_bound
Optimization by Spalin-Divide: Scipy-SLSQP using spatial information
Optimizing branch lengths, phi, and nu without topology search
Initial point 1. Random seed: 6977
Solving with ultrametric constraint
Optimal point found for initial point 1
Negative llh: 149.0613396244927
Dropout rate: 1.1564903890528115e-10
Silencing rate: 1.0702527660909216e-10
Sigma: 5.210168393551142
Initial point 2. Random seed: 7831
Solving with ultrametric constraint
Optimal point found for initial point 2
Negative llh: 149.06134004888767
Dropout rate: 1.6274140040431004e-10
Silencing rate: 1.3697329465935254e-10
Sigma: 5.210137357114226
Initial point 3. Random seed: 2726
Solving with ultrametric constraint
Optimal point found for initial point 3
Negative llh: 149.06133963023456
Dropout rate: 1.2017772675053492e-10
Silencing rate: 1.0906587968360566e-10
Sigma: 5.210174518585873
Initial point 4. Random seed: 2962
Solving with ultrametric constraint
Optimal point found for initial point 4
Negative llh: 149.06134449754364
Dropout rate: 2.2714573852763018e-10
Silencing rate: 1.844716190445675e-10
Sigma: 5.209782718685098
Initial point 5. Random seed: 8324
Solving with ultrametric constraint
Optimal point found for initial point 5
Negative llh: 149.06133973215435
Dropout rate: 4.3032195793323895e-10
Silencing rate: 3.3055132511966633e-10
Sigma: 5.210152982193319
Initial point 6. Random seed: 5111
Solving with ultrametric constraint
Optimal point found for initial point 6
Negative llh: 149.06133963970774
Dropout rate: 1.1702882473115174e-10
Silencing rate: 1.0972364464972384e-10
Sigma: 5.210176825453908
Initial point 7. Random seed: 3028
Solving with ultrametric constraint
Optimal point found for initial point 7
Negative llh: 149.06134447682066
Dropout rate: 6.060570827711437e-10
Silencing rate: 5.472354349699313e-10
Sigma: 5.210197125078839
Initial point 8. Random seed: 4415
Solving with ultrametric constraint
Optimal point found for initial point 8
Negative llh: 149.06134328721896
Dropout rate: 4.0219725868445936e-10
Silencing rate: 3.0592338887322446e-10
Sigma: 5.210164664861932
Initial point 9. Random seed: 3424
Solving with ultrametric constraint
Optimal point found for initial point 9
Negative llh: 149.06133960165928
Dropout rate: 1.1678101950738704e-10
Silencing rate: 1.0753338417301862e-10
Sigma: 5.210167372505542
Initial point 10. Random seed: 902
Solving with ultrametric constraint
Optimal point found for initial point 10
Negative llh: 149.06133961981254
Dropout rate: 1.1044995130408224e-10
Silencing rate: 1.0487326562688609e-10
Sigma: 5.210166428968338
Runtime (s): 396.94442859478295
