Launching Problin version 0.5b
Problin was called as follow: /u/gh2161/Spatial-Division/problin/run_problin.py -c real_location_data/s10c1/k10_r4_character_matrix.csv -t real_location_data/s10c1/true_tree.nwk -S real_location_data/s10c1/leaf_locations.txt --delimiter comma -p real_location_data/s10c1/k10_priors.csv -o real_location_data/s10c1/k10_r4_spalin-divide-beta9.txt --nInitials 10 --ultrametric --randomreps 3 --divide --given_beta 9 --incl_beta_bound
Optimization by Spalin-Divide: Scipy-SLSQP using spatial information
Optimizing branch lengths, phi, and nu without topology search
Initial point 1. Random seed: 1928
Solving with ultrametric constraint
Optimal point found for initial point 1
Negative llh: 149.12596690479438
Dropout rate: 1e-10
Silencing rate: 1e-10
Sigma: 4.428836246978816
Initial point 2. Random seed: 4171
Solving with ultrametric constraint
Fatal: failed to optimize using initial point 2
Initial point 3. Random seed: 7628
Solving with ultrametric constraint
Optimal point found for initial point 3
Negative llh: 149.1259651195614
Dropout rate: 1e-10
Silencing rate: 1e-10
Sigma: 4.428780912011749
Initial point 4. Random seed: 8437
Solving with ultrametric constraint
Optimal point found for initial point 4
Negative llh: 149.12596451724522
Dropout rate: 1.2833562293232454e-09
Silencing rate: 1.5572856994623843e-09
Sigma: 4.428846229568942
Initial point 5. Random seed: 7690
Solving with ultrametric constraint
Optimal point found for initial point 5
Negative llh: 149.12596437248118
Dropout rate: 1e-10
Silencing rate: 1e-10
Sigma: 4.4288437100392795
Initial point 6. Random seed: 355
Solving with ultrametric constraint
Optimal point found for initial point 6
Negative llh: 149.12596623858337
Dropout rate: 9.999999999999996e-11
Silencing rate: 1.0000000000000002e-10
Sigma: 4.428856278589553
Initial point 7. Random seed: 9157
Solving with ultrametric constraint
Optimal point found for initial point 7
Negative llh: 149.12596439738599
Dropout rate: 1e-10
Silencing rate: 1e-10
Sigma: 4.428849438695423
Initial point 8. Random seed: 4428
Solving with ultrametric constraint
Fatal: failed to optimize using initial point 8
Initial point 9. Random seed: 1958
Solving with ultrametric constraint
Optimal point found for initial point 9
Negative llh: 149.12596476067262
Dropout rate: 1.7709476643918075e-10
Silencing rate: 1e-10
Sigma: 4.428855205843825
Initial point 10. Random seed: 6276
Solving with ultrametric constraint
Optimal point found for initial point 10
Negative llh: 149.12596994633228
Dropout rate: 1e-10
Silencing rate: 1e-10
Sigma: 4.428699027530375
Runtime (s): 594.1244479890447
