Launching Problin version 0.5b
Problin was called as follow: /u/gh2161/Spatial-Division/problin/run_problin.py -c real_location_data/s10c1/k10_r2_character_matrix.csv -t real_location_data/s10c1/true_tree.nwk -S real_location_data/s10c1/leaf_locations.txt --delimiter comma -p real_location_data/s10c1/k10_priors.csv -o real_location_data/s10c1/k10_r2_spalin-spatialonly.txt --nInitials 10 --ultrametric --randomreps 3 --spatial_only
Optimization by Spalin: Scipy-SLSQP using spatial information
Optimizing branch lengths, phi, and nu without topology search
only spatial
Initial point 1. Random seed: 8825
Solving with ultrametric constraint
Optimal point found for initial point 1
Negative llh: 83.21777958035524
Dropout rate: 0.8505766513474605
Silencing rate: 0.34036205120453017
Sigma: 4.316719781805538
Lambda: 1.0
Initial point 2. Random seed: 67
Solving with ultrametric constraint
Optimal point found for initial point 2
Negative llh: 83.21777958035524
Dropout rate: 0.3671921964291843
Silencing rate: 0.1511921623631112
Sigma: 4.316719781805538
Lambda: 1.0
Initial point 3. Random seed: 1623
Solving with ultrametric constraint
Optimal point found for initial point 3
Negative llh: 83.21777958035524
Dropout rate: 0.43616248857831236
Silencing rate: 0.07127329481964638
Sigma: 4.316719781805538
Lambda: 1.0
Initial point 4. Random seed: 2138
Solving with ultrametric constraint
Optimal point found for initial point 4
Negative llh: 83.21777958035524
Dropout rate: 0.9896582426760249
Silencing rate: 0.4662707555568872
Sigma: 4.316719781805538
Lambda: 1.0
Initial point 5. Random seed: 2524
Solving with ultrametric constraint
Optimal point found for initial point 5
Negative llh: 83.21777958035524
Dropout rate: 0.6542242234657134
Silencing rate: 0.5019779598520725
Sigma: 4.316719781805538
Lambda: 1.0
Initial point 6. Random seed: 7720
Solving with ultrametric constraint
Optimal point found for initial point 6
Negative llh: 83.21777958035524
Dropout rate: 0.813706646140584
Silencing rate: 0.4253753702406867
Sigma: 4.316719781805538
Lambda: 1.0
Initial point 7. Random seed: 4034
Solving with ultrametric constraint
Optimal point found for initial point 7
Negative llh: 83.21777958035524
Dropout rate: 0.6939809740410147
Silencing rate: 0.9249257990506222
Sigma: 4.316719781805538
Lambda: 1.0
Initial point 8. Random seed: 600
Solving with ultrametric constraint
Optimal point found for initial point 8
Negative llh: 83.21777958035524
Dropout rate: 0.6806556874847477
Silencing rate: 0.4272680241327488
Sigma: 4.316719781805538
Lambda: 1.0
Initial point 9. Random seed: 7781
Solving with ultrametric constraint
Optimal point found for initial point 9
Negative llh: 83.21777958035524
Dropout rate: 0.16205691182030021
Silencing rate: 0.6542675900942136
Sigma: 4.316719781805538
Lambda: 1.0
Initial point 10. Random seed: 3967
Solving with ultrametric constraint
Optimal point found for initial point 10
Negative llh: 83.21777958035524
Dropout rate: 0.27024411248569796
Silencing rate: 0.5461493043110818
Sigma: 4.316719781805538
Lambda: 1.0
{'lambda_param': 1.0, 'phi': 0.8505766513474605, 'nu': 0.34036205120453017, 'sigma': 4.316719781805538, 'locations': {'216_4': (149.0, 270.0), '216_3': (143.0, 291.0), '216_2': (123.0, 254.0), '216_1': (141.0, 314.0), '216_12': (144.0, 192.0), '216_11': (133.0, 210.0), '216_10': (223.0, 219.0), '216_9': (206.0, 231.0), '216_8': (151.0, 236.0), '216_7': (166.0, 270.0), '216_6': (121.0, 236.0), '216_5': (101.0, 255.0)}}
Runtime (s): 31.745900131762028
