Launching Problin version 0.5b
Problin was called as follow: /u/gh2161/Spatial-Division/problin/run_problin.py -c real_location_data/s21c3/k10_r2_character_matrix.csv -t real_location_data/s21c3/true_tree.nwk -S real_location_data/s21c3/leaf_locations.txt --delimiter comma -p real_location_data/s21c3/k10_priors.csv -o real_location_data/s21c3/k10_r2_spalin.txt --nInitials 10 --ultrametric --randomreps 3
Optimization by Spalin: Scipy-SLSQP using spatial information
Optimizing branch lengths, phi, and nu without topology search
Initial point 1. Random seed: 5264
Solving with ultrametric constraint
Optimal point found for initial point 1
Negative llh: 145.2839587472988
Dropout rate: 2.8626975565693054e-10
Silencing rate: 2.1818452294157517e-10
Sigma: 2.768739728093254
Lambda: 0.0061546007546091
Initial point 2. Random seed: 5080
Solving with ultrametric constraint
Optimal point found for initial point 2
Negative llh: 167.92601902414694
Dropout rate: 1.696603848949915e-10
Silencing rate: 1.1369565709497546e-10
Sigma: 2.404317426020811
Lambda: 0.0009769589686172125
Initial point 3. Random seed: 9338
Solving with ultrametric constraint
Optimal point found for initial point 3
Negative llh: 145.28395926746157
Dropout rate: 1.0000000000000002e-10
Silencing rate: 1.0000000000000002e-10
Sigma: 2.7686728957112137
Lambda: 0.006154292148102568
Initial point 4. Random seed: 6937
Solving with ultrametric constraint
Optimal point found for initial point 4
Negative llh: 145.28395878655363
Dropout rate: 1e-10
Silencing rate: 1e-10
Sigma: 2.768938887037886
Lambda: 0.006154955247065116
Initial point 5. Random seed: 3674
Solving with ultrametric constraint
Optimal point found for initial point 5
Negative llh: 167.9257963622619
Dropout rate: 1e-10
Silencing rate: 1e-10
Sigma: 2.4036466523005924
Lambda: 0.0009769780115946767
Initial point 6. Random seed: 678
Solving with ultrametric constraint
Optimal point found for initial point 6
Negative llh: 167.92827619805047
Dropout rate: 1e-10
Silencing rate: 1e-10
Sigma: 2.4072656207791012
Lambda: 0.0009768739958514604
Initial point 7. Random seed: 4712
Solving with ultrametric constraint
Optimal point found for initial point 7
Negative llh: 145.28456449836855
Dropout rate: 1.001859857146499e-10
Silencing rate: 1.8275492151298612e-10
Sigma: 2.768444747469978
Lambda: 0.006164244066705074
Initial point 8. Random seed: 4603
Solving with ultrametric constraint
Optimal point found for initial point 8
Negative llh: 145.28419735121122
Dropout rate: 1e-10
Silencing rate: 1e-10
Sigma: 2.769594690101434
Lambda: 0.006153753809512056
Initial point 9. Random seed: 7043
Solving with ultrametric constraint
Optimal point found for initial point 9
Negative llh: 145.28395888420096
Dropout rate: 5.291763193658997e-10
Silencing rate: 3.930115579111582e-10
Sigma: 2.7689731339443817
Lambda: 0.006155048857457558
Initial point 10. Random seed: 2624
Solving with ultrametric constraint
Optimal point found for initial point 10
Negative llh: 145.2839590008225
Dropout rate: 1.0029021817410891e-10
Silencing rate: 1.2745246539139382e-10
Sigma: 2.7687016412188123
Lambda: 0.006155106164658813
{'lambda_param': 0.0061546007546091, 'phi': 2.8626975565693054e-10, 'nu': 2.1818452294157517e-10, 'sigma': 2.768739728093254, 'locations': {'216_3': (245.0, 191.0), '216_5': (282.0, 224.0), '216_8': (257.0, 180.0), '216_7': (252.0, 214.0), '216_16': (228.0, 128.0), '216_14': (222.0, 235.0), '216_13': (251.0, 228.0), '216_12': (282.0, 184.0), '216_11': (293.0, 214.0), '216_10': (292.0, 191.0), '216_9': (311.0, 192.0)}}
Runtime (s): 93.21964778006077
