Launching Problin version 0.5b
Problin was called as follow: /u/gh2161/Spatial-Division/problin/run_problin.py -c intmem_real_data/s20c6/characters.txt -t intmem_real_data/s20c6/true_tree.nwk -S intmem_real_data/s20c6/leaf_locations.txt --delimiter comma -p intmem_real_data/s20c6/prior.csv -o intmem_real_data/s20c6/spalin-divide-beta10.txt --nInitials 10 --ultrametric --randomreps 3 --divide --radius 10
Optimization by Spalin-Divide: Scipy-SLSQP using spatial information
Optimizing branch lengths, phi, and nu without topology search
Initial point 1. Random seed: 4324
Solving with ultrametric constraint
Optimal point found for initial point 1
Negative llh: 187.53409448407294
Dropout rate: 3.428341319828508e-10
Silencing rate: 1.0055932147109015e-10
Sigma: 0.9681468117052167
Lambda: 0.005463117466212428
Initial point 2. Random seed: 2422
Solving with ultrametric constraint
Optimal point found for initial point 2
Negative llh: 187.5339095648916
Dropout rate: 9.999999999999996e-11
Silencing rate: 9.999999999999996e-11
Sigma: 0.9681863134127169
Lambda: 0.005464783735683122
Initial point 3. Random seed: 8809
Solving with ultrametric constraint
Optimal point found for initial point 3
Negative llh: 187.53448435127956
Dropout rate: 6.271558347928985e-10
Silencing rate: 1.2814342262841419e-10
Sigma: 0.9678997233839437
Lambda: 0.005467140797280702
Initial point 4. Random seed: 5628
Solving with ultrametric constraint
Optimal point found for initial point 4
Negative llh: 187.5339023237351
Dropout rate: 1.033576597454351e-09
Silencing rate: 1.0125978283334917e-10
Sigma: 0.9682310149857118
Lambda: 0.005464104602313422
Initial point 5. Random seed: 6679
Solving with ultrametric constraint
Optimal point found for initial point 5
Negative llh: 187.53390531687575
Dropout rate: 2.8322757581577774e-10
Silencing rate: 2.475601302355714e-10
Sigma: 0.9680432839170084
Lambda: 0.00546493532217561
Initial point 6. Random seed: 593
Solving with ultrametric constraint
Optimal point found for initial point 6
Negative llh: 187.533938630968
Dropout rate: 1e-10
Silencing rate: 1e-10
Sigma: 0.9680739637653574
Lambda: 0.0054630768308853266
Initial point 7. Random seed: 7087
Solving with ultrametric constraint
Optimal point found for initial point 7
Negative llh: 187.533898464757
Dropout rate: 1e-10
Silencing rate: 1e-10
Sigma: 0.968220595031262
Lambda: 0.005464769898808224
Initial point 8. Random seed: 5914
Solving with ultrametric constraint
Optimal point found for initial point 8
Negative llh: 187.53392281450363
Dropout rate: 3.7711826255730097e-10
Silencing rate: 2.921803808002795e-10
Sigma: 0.9681091935731688
Lambda: 0.0054651186136780265
Initial point 9. Random seed: 8440
Solving with ultrametric constraint
Optimal point found for initial point 9
Negative llh: 269.4266509034977
Dropout rate: 1.0579797209694928e-07
Silencing rate: 3.6717232051963956e-05
Sigma: 5.007684995824276
Lambda: 0.011654695111636356
Initial point 10. Random seed: 3543
Solving with ultrametric constraint
Optimal point found for initial point 10
Negative llh: 187.53511201089927
Dropout rate: 1.1367932604738492e-09
Silencing rate: 7.219985026581988e-10
Sigma: 0.9676572193215414
Lambda: 0.005489033223529812
{'lambda_param': 0.005464769898808224, 'phi': 1e-10, 'nu': 1e-10, 'sigma': 0.968220595031262, 'locations': {'216_9': (227.0, 209.0), '216_8': (235.0, 197.0), '216_11': (214.0, 196.0), '216_10': (228.0, 189.0), '216_4': (183.0, 198.0), '216_3': (166.0, 199.0), '216_2': (140.0, 201.0), '216_1': (152.0, 203.0), '216_13': (188.0, 165.0), '216_12': (139.0, 180.0), '216_16': (174.0, 209.0), '216_19': (214.0, 178.0)}, 'radius': 10.0, 'thetas': {'89_4': -0.6593020672902318, '176_10': 2.844533461751748, '46_2': 6.8860539282959445, '157_6': -0.46365042306924453, '166_5': -0.982795227234888, '104_3': 3.9955908657078534, '201_1': 0.1651963688419853, '210_3': 3.0828379269059245, '156_1': 3.024741961086146, '47_1': -0.03679178617596013, '1_1': 4.039494804277132}}
Runtime (s): 294.2476197462529
