Launching Problin version 0.5b
Problin was called as follow: /u/gh2161/Spatial-Division/problin/run_problin.py -c intmem_real_data/s20c6/characters.txt -t intmem_real_data/s20c6/true_tree.nwk -S intmem_real_data/s20c6/leaf_locations.txt --delimiter comma -p intmem_real_data/s20c6/prior.csv -o intmem_real_data/s20c6/spalin.txt --nInitials 10 --ultrametric --randomreps 3
Optimization by Spalin: Scipy-SLSQP using spatial information
Optimizing branch lengths, phi, and nu without topology search
Initial point 1. Random seed: 4352
Solving with ultrametric constraint
Optimal point found for initial point 1
Negative llh: 180.6891339781739
Dropout rate: 2.484958572846068e-10
Silencing rate: 2.9223533417433863e-10
Sigma: 1.6962247627912739
Lambda: 0.005394064223602496
Initial point 2. Random seed: 29
Solving with ultrametric constraint
Optimal point found for initial point 2
Negative llh: 180.68929480458146
Dropout rate: 1.0000000000000002e-10
Silencing rate: 1.0000000000000002e-10
Sigma: 1.6956123770433615
Lambda: 0.0053930696518481175
Initial point 3. Random seed: 2178
Solving with ultrametric constraint
Optimal point found for initial point 3
Negative llh: 180.68913695023213
Dropout rate: 3.103693701482263e-10
Silencing rate: 3.4711991197978183e-10
Sigma: 1.6961797455717547
Lambda: 0.0053915307695884904
Initial point 4. Random seed: 9913
Solving with ultrametric constraint
Fatal: failed to optimize using initial point 4
Initial point 5. Random seed: 5236
Solving with ultrametric constraint
Optimal point found for initial point 5
Negative llh: 180.68917442940472
Dropout rate: 1.0000000000000002e-10
Silencing rate: 1e-10
Sigma: 1.6962259113913327
Lambda: 0.005394076634795408
Initial point 6. Random seed: 7458
Solving with ultrametric constraint
Optimal point found for initial point 6
Negative llh: 180.68904990511842
Dropout rate: 1e-10
Silencing rate: 1e-10
Sigma: 1.6960625687999786
Lambda: 0.005393099477787197
Initial point 7. Random seed: 7407
Solving with ultrametric constraint
Optimal point found for initial point 7
Negative llh: 180.68923138887214
Dropout rate: 1.0421142307288086e-10
Silencing rate: 5.910548617274284e-10
Sigma: 1.6961356097052291
Lambda: 0.00539184861026121
Initial point 8. Random seed: 2322
Solving with ultrametric constraint
Optimal point found for initial point 8
Negative llh: 180.6894735885054
Dropout rate: 1e-10
Silencing rate: 1e-10
Sigma: 1.6974479819872401
Lambda: 0.005393176903359136
Initial point 9. Random seed: 2554
Solving with ultrametric constraint
Optimal point found for initial point 9
Negative llh: 180.68986301788271
Dropout rate: 1.4448682365873305e-09
Silencing rate: 1.4883836384617188e-09
Sigma: 1.693657302654592
Lambda: 0.0053932818434444104
Initial point 10. Random seed: 3642
Solving with ultrametric constraint
Optimal point found for initial point 10
Negative llh: 180.6891191182791
Dropout rate: 1.8165027922090287e-10
Silencing rate: 1.6782021262265554e-10
Sigma: 1.6961155430435408
Lambda: 0.00539208103287034
{'lambda_param': 0.005393099477787197, 'phi': 1e-10, 'nu': 1e-10, 'sigma': 1.6960625687999786, 'locations': {'216_9': (227.0, 209.0), '216_8': (235.0, 197.0), '216_11': (214.0, 196.0), '216_10': (228.0, 189.0), '216_4': (183.0, 198.0), '216_3': (166.0, 199.0), '216_2': (140.0, 201.0), '216_1': (152.0, 203.0), '216_13': (188.0, 165.0), '216_12': (139.0, 180.0), '216_16': (174.0, 209.0), '216_19': (214.0, 178.0)}}
Runtime (s): 87.07455218210816
