Launching Problin version 0.5b
Problin was called as follow: /u/gh2161/Spatial-Division/problin/run_problin.py -c intmem_real_data/s9c5/characters.txt -t intmem_real_data/s9c5/true_tree.nwk -S intmem_real_data/s9c5/leaf_locations.txt --delimiter comma -p intmem_real_data/s9c5/prior.csv -o intmem_real_data/s9c5/spalin-divide-beta1.txt --nInitials 10 --ultrametric --randomreps 3 --divide --radius 1
Optimization by Spalin-Divide: Scipy-SLSQP using spatial information
Optimizing branch lengths, phi, and nu without topology search
Initial point 1. Random seed: 4950
Solving with ultrametric constraint
Optimal point found for initial point 1
Negative llh: 322.7441956835514
Dropout rate: 1.0000000000000007e-10
Silencing rate: 1.0000000000000007e-10
Sigma: 2.1619518366421584
Lambda: 0.03557760286160431
Initial point 2. Random seed: 2502
Solving with ultrametric constraint
Optimal point found for initial point 2
Negative llh: 270.4895286426924
Dropout rate: 2.137993163447865e-09
Silencing rate: 1.0055986838430278e-10
Sigma: 1.5530820271639367
Lambda: 0.006832030806236277
Initial point 3. Random seed: 2876
Solving with ultrametric constraint
Fatal: failed to optimize using initial point 3
Initial point 4. Random seed: 8179
Solving with ultrametric constraint
Optimal point found for initial point 4
Negative llh: 270.3385943325717
Dropout rate: 5.426681370827276e-10
Silencing rate: 1.0020926254162092e-10
Sigma: 1.541791635987058
Lambda: 0.006585698485278045
Initial point 5. Random seed: 3908
Solving with ultrametric constraint
Optimal point found for initial point 5
Negative llh: 270.3384043041796
Dropout rate: 1.0000000000000007e-10
Silencing rate: 1e-10
Sigma: 1.5418549852763097
Lambda: 0.006583057276527206
Initial point 6. Random seed: 4600
Solving with ultrametric constraint
Optimal point found for initial point 6
Negative llh: 270.3384045769814
Dropout rate: 5.80281322227006e-10
Silencing rate: 4.861843028229395e-10
Sigma: 1.5418445680111093
Lambda: 0.006582682927567762
Initial point 7. Random seed: 5058
Solving with ultrametric constraint
Fatal: failed to optimize using initial point 7
Initial point 8. Random seed: 7971
Solving with ultrametric constraint
Optimal point found for initial point 8
Negative llh: 188738.04053064657
Dropout rate: 0.694846977850013
Silencing rate: 0.17268278115435876
Sigma: 9.351439172918214
Lambda: 49.399800228892744
Initial point 9. Random seed: 1658
Solving with ultrametric constraint
Fatal: failed to optimize using initial point 9
Initial point 10. Random seed: 426
Solving with ultrametric constraint
Fatal: failed to optimize using initial point 10
{'lambda_param': 0.006583057276527206, 'phi': 1.0000000000000007e-10, 'nu': 1e-10, 'sigma': 1.5418549852763097, 'locations': {'216_30': (367.0, 212.0), '216_29': (329.0, 196.0), '216_28': (353.0, 222.0), '216_27': (341.0, 254.0), '216_24': (368.0, 193.0), '216_23': (386.0, 206.0), '216_15': (280.0, 187.0), '216_14': (264.0, 218.0), '216_13': (269.0, 238.0), '216_2': (274.0, 263.0), '216_1': (261.0, 282.0), '216_4': (279.0, 271.0), '216_3': (314.0, 276.0), '216_7': (255.0, 245.0), '216_6': (282.0, 250.0), '216_5': (316.0, 263.0)}, 'radius': 1.0, 'thetas': {'192_3': -5.91679386308649, '152_2': -5.825319792152262, '206_2': -6.1412882241742235, '208_1': 8.453793734034061, '161_1': -6.4737731979280975, '105_1': 42.52607346317024, '213_13': 1.3257230474351036, '168_7': 14.471410622527339, '44_1': 8.260765828529191, '192_17': 1.9297759040677376, '192_18': -2.7435411192633583, '155_10': -4.68292736693176, '184_13': 6.908664948546121, '102_5': -17.16791964331664, 'virtual': -3.572211037502615}}
Runtime (s): 733.5183655489236
