Launching Problin version 0.5b
Problin was called as follow: /u/gh2161/Spatial-Division/problin/run_problin.py -c real_location_data/s14c2/k10_r4_character_matrix.csv -t real_location_data/s14c2/true_tree.nwk --delimiter comma -p real_location_data/s14c2/k10_priors.csv -o real_location_data/s14c2/k10_r4_problin.txt --nInitials 10 --ultrametric --randomreps 3 --solver Scipy
Optimization by generic solver (Scipy-SLSQP)
Optimizing branch lengths, phi, and nu without topology search
Initial point 1. Random seed: 3258
Solving with ultrametric constraint
Optimal point found for initial point 1
Negative llh: 58.635643752883
Dropout rate: 1e-10
Silencing rate: 1e-10
Lambda: 0.0009768873031019373
Initial point 2. Random seed: 4529
Solving with ultrametric constraint
Optimal point found for initial point 2
Negative llh: 58.632957829459535
Dropout rate: 1e-10
Silencing rate: 1e-10
Lambda: 0.0009769460711236797
Initial point 3. Random seed: 6334
Solving with ultrametric constraint
Optimal point found for initial point 3
Negative llh: 39.17088101162188
Dropout rate: 2.5896076681287705e-09
Silencing rate: 6.948874602391368e-10
Lambda: 0.00836899728320105
Initial point 4. Random seed: 9515
Solving with ultrametric constraint
Optimal point found for initial point 4
Negative llh: 39.17088076309438
Dropout rate: 1.5004964488406314e-09
Silencing rate: 4.5318480862218046e-10
Lambda: 0.008369108847668883
Initial point 5. Random seed: 4467
Solving with ultrametric constraint
Optimal point found for initial point 5
Negative llh: 58.632984427442764
Dropout rate: 1.0603308073129837e-09
Silencing rate: 2.3451546230900496e-10
Lambda: 0.000976944366845983
Initial point 6. Random seed: 929
Solving with ultrametric constraint
Optimal point found for initial point 6
Negative llh: 58.6356475391994
Dropout rate: 1.3857481713168804e-09
Silencing rate: 3.1507376457193264e-10
Lambda: 0.0009768836381171383
Initial point 7. Random seed: 8649
Solving with ultrametric constraint
Optimal point found for initial point 7
Negative llh: 39.1708811153752
Dropout rate: 1.0000000000000007e-10
Silencing rate: 9.999999999999996e-11
Lambda: 0.008369043699143696
Initial point 8. Random seed: 7907
Solving with ultrametric constraint
Optimal point found for initial point 8
Negative llh: 39.170880631394084
Dropout rate: 9.999999999999996e-11
Silencing rate: 1.0000000000000002e-10
Lambda: 0.0083692370447015
Initial point 9. Random seed: 6229
Solving with ultrametric constraint
Optimal point found for initial point 9
Negative llh: 58.63302871726196
Dropout rate: 2.5168712465936733e-10
Silencing rate: 1.2435653405435251e-10
Lambda: 0.000976935859781382
Initial point 10. Random seed: 4739
Solving with ultrametric constraint
Optimal point found for initial point 10
Negative llh: 58.63291161769972
Dropout rate: 1.4286487120829138e-09
Silencing rate: 3.5426353877634363e-10
Lambda: 0.0009769489208021043
{'phi': 9.999999999999996e-11, 'nu': 1.0000000000000002e-10, 'lambda_param': 0.0083692370447015}
Runtime (s): 65.40642187558115
