Launching Problin version 0.5b
Problin was called as follow: /u/gh2161/Spatial-Division/problin/run_problin.py -c real_location_data/s14c2/k10_r3_character_matrix.csv -t real_location_data/s14c2/true_tree.nwk -S real_location_data/s14c2/leaf_locations.txt --delimiter comma -p real_location_data/s14c2/k10_priors.csv -o real_location_data/s14c2/k10_r3_spalin.txt --nInitials 10 --ultrametric --randomreps 3
Optimization by Spalin: Scipy-SLSQP using spatial information
Optimizing branch lengths, phi, and nu without topology search
Initial point 1. Random seed: 8927
Solving with ultrametric constraint
Optimal point found for initial point 1
Negative llh: 193.00911897434824
Dropout rate: 1.4081326941142087e-10
Silencing rate: 1.0963445889584992e-10
Sigma: 1.7860864125701765
Lambda: 0.0009768148745579448
Initial point 2. Random seed: 239
Solving with ultrametric constraint
Optimal point found for initial point 2
Negative llh: 193.01148645070936
Dropout rate: 1e-10
Silencing rate: 1e-10
Sigma: 1.7847413982385667
Lambda: 0.0009767082712463908
Initial point 3. Random seed: 4845
Solving with ultrametric constraint
Optimal point found for initial point 3
Negative llh: 174.22803054582255
Dropout rate: 1.0000000000000007e-10
Silencing rate: 9.999999999999924e-11
Sigma: 2.1268180473291793
Lambda: 0.004972246710433367
Initial point 4. Random seed: 5332
Solving with ultrametric constraint
Optimal point found for initial point 4
Negative llh: 174.22792461251743
Dropout rate: 7.67579647103927e-10
Silencing rate: 4.3904664221534614e-10
Sigma: 2.126774765865168
Lambda: 0.004968209881446806
Initial point 5. Random seed: 2620
Solving with ultrametric constraint
Optimal point found for initial point 5
Negative llh: 174.2279397182822
Dropout rate: 1.1418865466515508e-09
Silencing rate: 4.728028969499029e-10
Sigma: 2.1264918022560972
Lambda: 0.004967974669899015
Initial point 6. Random seed: 6304
Solving with ultrametric constraint
Optimal point found for initial point 6
Negative llh: 174.22792559616673
Dropout rate: 5.60010570642822e-10
Silencing rate: 3.2055485151330324e-10
Sigma: 2.126643832974003
Lambda: 0.004968195293740739
Initial point 7. Random seed: 4914
Solving with ultrametric constraint
Optimal point found for initial point 7
Negative llh: 174.22848262568354
Dropout rate: 2.0940926459107658e-10
Silencing rate: 1.6418041918725095e-10
Sigma: 2.1266943681010244
Lambda: 0.004959132483350128
Initial point 8. Random seed: 7903
Solving with ultrametric constraint
Optimal point found for initial point 8
Negative llh: 174.2282640177064
Dropout rate: 5.214694580788322e-10
Silencing rate: 3.9606110480359215e-10
Sigma: 2.1258879026658195
Lambda: 0.004972186315979334
Initial point 9. Random seed: 3035
Solving with ultrametric constraint
Optimal point found for initial point 9
Negative llh: 174.2281845874963
Dropout rate: 4.3573533432837555e-10
Silencing rate: 3.074830469505145e-10
Sigma: 2.1271384715183532
Lambda: 0.004965549866612191
Initial point 10. Random seed: 720
Solving with ultrametric constraint
Optimal point found for initial point 10
Negative llh: 174.2284851173864
Dropout rate: 1.0000000000000007e-10
Silencing rate: 9.999999999999996e-11
Sigma: 2.125828350336937
Lambda: 0.004970255004538725
{'lambda_param': 0.004968209881446806, 'phi': 7.67579647103927e-10, 'nu': 4.3904664221534614e-10, 'sigma': 2.126774765865168, 'locations': {'216_10': (146.0, 186.0), '216_9': (126.0, 185.0), '216_12': (110.0, 171.0), '216_11': (132.0, 170.0), '216_14': (192.0, 149.0), '216_13': (172.0, 179.0), '216_16': (151.0, 159.0), '216_15': (157.0, 175.0), '216_4': (147.0, 210.0), '216_3': (138.0, 229.0), '216_2': (117.0, 219.0), '216_6': (134.0, 193.0), '216_5': (138.0, 220.0), '216_8': (112.0, 197.0), '216_7': (105.0, 220.0)}}
Runtime (s): 202.06663704384118
