Launching Problin version 0.5b
Problin was called as follow: /u/gh2161/Spatial-Division/problin/run_problin.py -c real_location_data/s14c2/k10_r2_character_matrix.csv -t real_location_data/s14c2/true_tree.nwk --delimiter comma -p real_location_data/s14c2/k10_priors.csv -o real_location_data/s14c2/k10_r2_problin.txt --nInitials 10 --ultrametric --randomreps 3 --solver Scipy
Optimization by generic solver (Scipy-SLSQP)
Optimizing branch lengths, phi, and nu without topology search
Initial point 1. Random seed: 5343
Solving with ultrametric constraint
Optimal point found for initial point 1
Negative llh: 76.7010702436604
Dropout rate: 2.0861424532607558e-10
Silencing rate: 1.3797107628690226e-10
Lambda: 0.0009767448568960887
Initial point 2. Random seed: 2720
Solving with ultrametric constraint
Optimal point found for initial point 2
Negative llh: 56.42189795859461
Dropout rate: 2.128408071875883e-09
Silencing rate: 6.406709579107286e-10
Lambda: 0.006127019945019499
Initial point 3. Random seed: 5608
Solving with ultrametric constraint
Optimal point found for initial point 3
Negative llh: 56.42199536647363
Dropout rate: 2.1297939405299164e-09
Silencing rate: 6.080755230758429e-10
Lambda: 0.006125367076946094
Initial point 4. Random seed: 8362
Solving with ultrametric constraint
Optimal point found for initial point 4
Negative llh: 56.42189746155852
Dropout rate: 1e-10
Silencing rate: 1e-10
Lambda: 0.0061269933510662185
Initial point 5. Random seed: 8879
Solving with ultrametric constraint
Optimal point found for initial point 5
Negative llh: 56.42189746486505
Dropout rate: 1e-10
Silencing rate: 1e-10
Lambda: 0.0061270373248856775
Initial point 6. Random seed: 2646
Solving with ultrametric constraint
Optimal point found for initial point 6
Negative llh: 56.42189782825495
Dropout rate: 1e-10
Silencing rate: 1e-10
Lambda: 0.006126963710157576
Initial point 7. Random seed: 2690
Solving with ultrametric constraint
Optimal point found for initial point 7
Negative llh: 56.4218975366922
Dropout rate: 3.6812039802975555e-10
Silencing rate: 2.5546285406155415e-10
Lambda: 0.006127001449570559
Initial point 8. Random seed: 2689
Solving with ultrametric constraint
Optimal point found for initial point 8
Negative llh: 56.42268822210702
Dropout rate: 7.754125016551207e-10
Silencing rate: 2.5334880810807543e-10
Lambda: 0.006126769930756099
Initial point 9. Random seed: 5154
Solving with ultrametric constraint
Optimal point found for initial point 9
Negative llh: 76.70048360177444
Dropout rate: 1e-10
Silencing rate: 1e-10
Lambda: 0.0009767779630781535
Initial point 10. Random seed: 7273
Solving with ultrametric constraint
Optimal point found for initial point 10
Negative llh: 56.421897680250815
Dropout rate: 1.1185405570260803e-09
Silencing rate: 5.586297597023173e-10
Lambda: 0.006126861488611374
{'phi': 1e-10, 'nu': 1e-10, 'lambda_param': 0.0061269933510662185}
Runtime (s): 75.81553207524121
