Launching Problin version 0.5b
Problin was called as follow: /u/gh2161/Spatial-Division/problin/run_problin.py -c real_location_data/s14c2/k10_r4_character_matrix.csv -t real_location_data/s14c2/true_tree.nwk -S real_location_data/s14c2/leaf_locations.txt --delimiter comma -p real_location_data/s14c2/k10_priors.csv -o real_location_data/s14c2/k10_r4_spalin-divide-beta10.txt --nInitials 10 --ultrametric --randomreps 3 --divide --radius 10
Optimization by Spalin-Divide: Scipy-SLSQP using spatial information
Optimizing branch lengths, phi, and nu without topology search
Initial point 1. Random seed: 3984
Solving with ultrametric constraint
Optimal point found for initial point 1
Negative llh: 100771.87993968245
Dropout rate: 1.6775896703685845e-07
Silencing rate: 7.147851902093184e-07
Sigma: 8.284429479320423
Initial point 2. Random seed: 6268
Solving with ultrametric constraint
Optimal point found for initial point 2
Negative llh: 120.4337192871671
Dropout rate: 2.7436462901768013e-10
Silencing rate: 1.7972818870719284e-10
Sigma: 0.9298999043521463
Initial point 3. Random seed: 2629
Solving with ultrametric constraint
Optimal point found for initial point 3
Negative llh: 120.4337199743272
Dropout rate: 1.0300512713129807e-09
Silencing rate: 1.0109363698682079e-10
Sigma: 0.9299024304333267
Initial point 4. Random seed: 5937
Solving with ultrametric constraint
Optimal point found for initial point 4
Negative llh: 120.43374198786118
Dropout rate: 1e-10
Silencing rate: 1.0007227542088845e-10
Sigma: 0.9301545361619468
Initial point 5. Random seed: 4298
Solving with ultrametric constraint
Optimal point found for initial point 5
Negative llh: 120.43409548211534
Dropout rate: 2.429404851944272e-10
Silencing rate: 1e-10
Sigma: 0.9301437748983739
Initial point 6. Random seed: 6011
Solving with ultrametric constraint
Optimal point found for initial point 6
Negative llh: 120.43371911404276
Dropout rate: 1.394370822031443e-10
Silencing rate: 3.532666990230208e-10
Sigma: 0.9299025845256526
Initial point 7. Random seed: 8591
Solving with ultrametric constraint
Optimal point found for initial point 7
Negative llh: 141.29561842025583
Dropout rate: 1.0000000000000007e-10
Silencing rate: 1.6662997800690282e-10
Sigma: 0.9015640041592741
Initial point 8. Random seed: 8434
Solving with ultrametric constraint
Optimal point found for initial point 8
Negative llh: 120.43385539289572
Dropout rate: 1.0000000000000002e-10
Silencing rate: 1.0002316078534123e-10
Sigma: 0.9300279645159083
Initial point 9. Random seed: 271
Solving with ultrametric constraint
Optimal point found for initial point 9
Negative llh: 120.4337610713214
Dropout rate: 4.4878747996603193e-10
Silencing rate: 1e-10
Sigma: 0.9301162984936006
Initial point 10. Random seed: 2973
Solving with ultrametric constraint
Optimal point found for initial point 10
Negative llh: 120.43373237493037
Dropout rate: 1.0000000000000002e-10
Silencing rate: 1.000036779105532e-10
Sigma: 0.929881534325884
Runtime (s): 388.2210475355387
