Launching Problin version 0.5b
Problin was called as follow: /u/gh2161/Spatial-Division/problin/run_problin.py -c real_location_data/s18c1/k10_r1_character_matrix.csv -t real_location_data/s18c1/true_tree.nwk -S real_location_data/s18c1/leaf_locations.txt --delimiter comma -p real_location_data/s18c1/k10_priors.csv -o real_location_data/s18c1/k10_r1_spalin-divide-beta5-spatialonly.txt --nInitials 10 --ultrametric --randomreps 3 --divide --radius 5 --spatial_only
Optimization by Spalin-Divide: Scipy-SLSQP using spatial information
Optimizing branch lengths, phi, and nu without topology search
only spatial
only spatial
Initial point 1. Random seed: 1280
Solving with ultrametric constraint
Optimal point found for initial point 1
Negative llh: 112.31443586901956
Dropout rate: 0.40197491698941784
Silencing rate: 0.13567482598762728
Sigma: 1.750079051131595
Lambda: 1.0
Initial point 2. Random seed: 5575
Solving with ultrametric constraint
Optimal point found for initial point 2
Negative llh: 112.31523536641507
Dropout rate: 0.7112718415106789
Silencing rate: 0.2147020081792747
Sigma: 1.7516840933423272
Lambda: 1.0
Initial point 3. Random seed: 6608
Solving with ultrametric constraint
Optimal point found for initial point 3
Negative llh: 112.13440233970731
Dropout rate: 0.8375751075256792
Silencing rate: 0.9042753704287874
Sigma: 1.1236432503248428
Lambda: 1.0
Initial point 4. Random seed: 2211
Solving with ultrametric constraint
Optimal point found for initial point 4
Negative llh: 112.1683321647285
Dropout rate: 0.4614042022085764
Silencing rate: 0.2181548125020268
Sigma: 1.3264511442833775
Lambda: 1.0
Initial point 5. Random seed: 1802
Solving with ultrametric constraint
Optimal point found for initial point 5
Negative llh: 112.28928640142595
Dropout rate: 0.020871383752313247
Silencing rate: 0.6728630336918071
Sigma: 1.689948898343316
Lambda: 1.0
Initial point 6. Random seed: 9252
Solving with ultrametric constraint
Optimal point found for initial point 6
Negative llh: 112.30219641277633
Dropout rate: 0.3017488123743707
Silencing rate: 0.43287729899372
Sigma: 1.721228907932912
Lambda: 1.0
Initial point 7. Random seed: 9693
Solving with ultrametric constraint
Optimal point found for initial point 7
Negative llh: 112.13369468629702
Dropout rate: 0.1047938930370833
Silencing rate: 0.2813266885389484
Sigma: 1.1218542505978546
Lambda: 1.0
Initial point 8. Random seed: 2422
Solving with ultrametric constraint
Optimal point found for initial point 8
Negative llh: 112.1702304411447
Dropout rate: 0.2653564307069947
Silencing rate: 0.7604272534772659
Sigma: 1.3365469429877297
Lambda: 1.0
Initial point 9. Random seed: 5910
Solving with ultrametric constraint
Optimal point found for initial point 9
Negative llh: 112.17658787058593
Dropout rate: 0.9474093019749006
Silencing rate: 0.08728208291186088
Sigma: 1.3619958733549284
Lambda: 1.0
Initial point 10. Random seed: 8846
Solving with ultrametric constraint
Optimal point found for initial point 10
Negative llh: 112.1333771443172
Dropout rate: 0.8666772599414343
Silencing rate: 0.22558875305037487
Sigma: 1.1281609232293064
Lambda: 1.0
{'lambda_param': 1.0, 'phi': 0.8666772599414343, 'nu': 0.22558875305037487, 'sigma': 1.1281609232293064, 'locations': {'216_10': (396.0, 196.0), '216_9': (376.0, 218.0), '216_12': (339.0, 190.0), '216_11': (376.0, 186.0), '216_14': (388.0, 149.0), '216_16': (348.0, 167.0), '216_15': (370.0, 145.0), '216_8': (363.0, 204.0), '216_7': (335.0, 204.0), '216_6': (384.0, 226.0), '216_5': (369.0, 235.0), '216_4': (376.0, 205.0), '216_3': (356.0, 217.0), '216_2': (339.0, 213.0), '216_1': (357.0, 234.0)}, 'radius': 5.0, 'thetas': {'194_1': 0.862184823952549, '209_3': 2.6011648672189933, '134_1': 2.516437540222924, '199_4': 2.6011742388152657, '200_6': 3.1415859781015394, '135_3': 7.018574898851988, '75_1': -3.6147901365399906, '181_8': -0.7853815092313634, '132_4': 3.004927660400076, '185_6': 6.175516577126119, '190_5': 2.3086076274097946, '135_4': 3.681544371623078, '83_3': -1.5817426053109123, '24_1': 8.149585475470452}}
Runtime (s): 311.14797003753483
