Launching Problin version 0.5b
Problin was called as follow: /u/gh2161/Spatial-Division/problin/run_problin.py -c real_location_data/s18c1/k10_r4_character_matrix.csv -t real_location_data/s18c1/true_tree.nwk -S real_location_data/s18c1/leaf_locations.txt --delimiter comma -p real_location_data/s18c1/k10_priors.csv -o real_location_data/s18c1/k10_r4_spalin-divide-beta7.txt --nInitials 10 --ultrametric --randomreps 3 --divide --radius 7
Optimization by Spalin-Divide: Scipy-SLSQP using spatial information
Optimizing branch lengths, phi, and nu without topology search
Initial point 1. Random seed: 2017
Solving with ultrametric constraint
Optimal point found for initial point 1
Negative llh: 169.56555343986594
Dropout rate: 5.80484299021749e-10
Silencing rate: 1.0002623551546178e-10
Sigma: 1.2667479032195157
Initial point 2. Random seed: 1327
Solving with ultrametric constraint
Optimal point found for initial point 2
Negative llh: 169.56548850592108
Dropout rate: 9.999999999999996e-11
Silencing rate: 1.0000000000000002e-10
Sigma: 1.2669538465729302
Initial point 3. Random seed: 4098
Solving with ultrametric constraint
Optimal point found for initial point 3
Negative llh: 169.56559282721258
Dropout rate: 1.113240065036829e-10
Silencing rate: 1.0000690712457852e-10
Sigma: 1.2672300498727345
Initial point 4. Random seed: 5078
Solving with ultrametric constraint
Optimal point found for initial point 4
Negative llh: 169.5654885138493
Dropout rate: 5.528125096812616e-10
Silencing rate: 4.1289919844150874e-10
Sigma: 1.2669906269849238
Initial point 5. Random seed: 2496
Solving with ultrametric constraint
Fatal: failed to optimize using initial point 5
Initial point 6. Random seed: 1334
Solving with ultrametric constraint
Optimal point found for initial point 6
Negative llh: 169.56560916836966
Dropout rate: 2.687503551022838e-09
Silencing rate: 1.5131860362447574e-09
Sigma: 1.266899052040861
Initial point 7. Random seed: 2003
Solving with ultrametric constraint
Optimal point found for initial point 7
Negative llh: 169.56553708378436
Dropout rate: 1e-10
Silencing rate: 1e-10
Sigma: 1.2668360917139712
Initial point 8. Random seed: 4939
Solving with ultrametric constraint
Optimal point found for initial point 8
Negative llh: 194.65468312955207
Dropout rate: 1.3734781250847906e-10
Silencing rate: 1.043990504262606e-10
Sigma: 1.1608064553495288
Initial point 9. Random seed: 167
Solving with ultrametric constraint
Optimal point found for initial point 9
Negative llh: 169.56549039558348
Dropout rate: 1e-10
Silencing rate: 1e-10
Sigma: 1.2670438414670688
Initial point 10. Random seed: 6197
Solving with ultrametric constraint
Optimal point found for initial point 10
Negative llh: 169.5655949420704
Dropout rate: 1e-10
Silencing rate: 1e-10
Sigma: 1.2669929885305165
Runtime (s): 412.1836561728269
