Launching Problin version 0.5b
Problin was called as follow: /u/gh2161/Spatial-Division/problin/run_problin.py -c real_location_data/s18c1/k10_r3_character_matrix.csv -t real_location_data/s18c1/true_tree.nwk -S real_location_data/s18c1/leaf_locations.txt --delimiter comma -p real_location_data/s18c1/k10_priors.csv -o real_location_data/s18c1/k10_r3_spalin-divide-beta7.txt --nInitials 10 --ultrametric --randomreps 3 --divide --radius 7
Optimization by Spalin-Divide: Scipy-SLSQP using spatial information
Optimizing branch lengths, phi, and nu without topology search
Initial point 1. Random seed: 9891
Solving with ultrametric constraint
Optimal point found for initial point 1
Negative llh: 172.98118214784523
Dropout rate: 1.0000000000000002e-10
Silencing rate: 1.0000000000000002e-10
Sigma: 1.2803904550060818
Initial point 2. Random seed: 320
Solving with ultrametric constraint
Optimal point found for initial point 2
Negative llh: 172.9816551329255
Dropout rate: 8.247740059993409e-10
Silencing rate: 3.5100291554663433e-10
Sigma: 1.2815247257197386
Initial point 3. Random seed: 4980
Solving with ultrametric constraint
Optimal point found for initial point 3
Negative llh: 172.98124341378715
Dropout rate: 7.023581894550405e-10
Silencing rate: 1.212849016551863e-10
Sigma: 1.2800118877079227
Initial point 4. Random seed: 5604
Solving with ultrametric constraint
Optimal point found for initial point 4
Negative llh: 172.9813079342597
Dropout rate: 1e-10
Silencing rate: 1e-10
Sigma: 1.28038867769196
Initial point 5. Random seed: 7795
Solving with ultrametric constraint
Optimal point found for initial point 5
Negative llh: 172.98118268792157
Dropout rate: 7.515241395178911e-10
Silencing rate: 1.000977654491217e-10
Sigma: 1.2803616819141155
Initial point 6. Random seed: 3049
Solving with ultrametric constraint
Optimal point found for initial point 6
Negative llh: 172.9811820128978
Dropout rate: 1e-10
Silencing rate: 1e-10
Sigma: 1.280375354071947
Initial point 7. Random seed: 3832
Solving with ultrametric constraint
Optimal point found for initial point 7
Negative llh: 172.98118184913642
Dropout rate: 1e-10
Silencing rate: 1e-10
Sigma: 1.2803595414594109
Initial point 8. Random seed: 7476
Solving with ultrametric constraint
Optimal point found for initial point 8
Negative llh: 172.98118861213328
Dropout rate: 1e-10
Silencing rate: 1e-10
Sigma: 1.2805018339166527
Initial point 9. Random seed: 5275
Solving with ultrametric constraint
Optimal point found for initial point 9
Negative llh: 172.9812592103333
Dropout rate: 5.914886177763898e-10
Silencing rate: 1.0789435358325984e-10
Sigma: 1.2798572475839929
Initial point 10. Random seed: 8486
Solving with ultrametric constraint
Optimal point found for initial point 10
Negative llh: 190.36569315178798
Dropout rate: 3.9244465505151763e-10
Silencing rate: 1.2458205512719944e-10
Sigma: 1.1957779435626439
Runtime (s): 513.3158764895052
