Launching Problin version 0.5b
Problin was called as follow: /u/gh2161/Spatial-Division/problin/run_problin.py -c real_location_data/s18c1/k10_r4_character_matrix.csv -t real_location_data/s18c1/true_tree.nwk -S real_location_data/s18c1/leaf_locations.txt --delimiter comma -p real_location_data/s18c1/k10_priors.csv -o real_location_data/s18c1/k10_r4_spalin-divide-beta1.txt --nInitials 10 --ultrametric --randomreps 3 --divide --radius 1
Optimization by Spalin-Divide: Scipy-SLSQP using spatial information
Optimizing branch lengths, phi, and nu without topology search
Initial point 1. Random seed: 5938
Solving with ultrametric constraint
Optimal point found for initial point 1
Negative llh: 186.3883796546852
Dropout rate: 1e-10
Silencing rate: 1e-10
Sigma: 1.6006694676616806
Initial point 2. Random seed: 4827
Solving with ultrametric constraint
Optimal point found for initial point 2
Negative llh: 211.33025844808387
Dropout rate: 1e-10
Silencing rate: 1e-10
Sigma: 1.4582967084620544
Initial point 3. Random seed: 460
Solving with ultrametric constraint
Optimal point found for initial point 3
Negative llh: 186.38876110138156
Dropout rate: 5.838295165838803e-10
Silencing rate: 4.66864852927405e-09
Sigma: 1.601669126891885
Initial point 4. Random seed: 2176
Solving with ultrametric constraint
Optimal point found for initial point 4
Negative llh: 186.3884217002109
Dropout rate: 2.2505047330862318e-10
Silencing rate: 1.5587872463841965e-10
Sigma: 1.6009257475796919
Initial point 5. Random seed: 8731
Solving with ultrametric constraint
Optimal point found for initial point 5
Negative llh: 186.38847502243567
Dropout rate: 3.0714424020406727e-10
Silencing rate: 1.9732995942726067e-10
Sigma: 1.601677727097959
Initial point 6. Random seed: 3774
Solving with ultrametric constraint
Optimal point found for initial point 6
Negative llh: 186.38842034105744
Dropout rate: 1.0000000000000007e-10
Silencing rate: 9.999999999999996e-11
Sigma: 1.6023905869568407
Initial point 7. Random seed: 9775
Solving with ultrametric constraint
Optimal point found for initial point 7
Negative llh: 186.3883865762338
Dropout rate: 1.0000000000000002e-10
Silencing rate: 1.0000000000000002e-10
Sigma: 1.6012587628251762
Initial point 8. Random seed: 9807
Solving with ultrametric constraint
Optimal point found for initial point 8
Negative llh: 211.32775215058797
Dropout rate: 1.0000000000000002e-10
Silencing rate: 1e-10
Sigma: 1.4600724575100612
Initial point 9. Random seed: 9635
Solving with ultrametric constraint
Optimal point found for initial point 9
Negative llh: 186.388320805123
Dropout rate: 1.9872960836510747e-10
Silencing rate: 1.6152958571383763e-10
Sigma: 1.6014559835316642
Initial point 10. Random seed: 6373
Solving with ultrametric constraint
Optimal point found for initial point 10
Negative llh: 186.38831340735868
Dropout rate: 1.0000000000000007e-10
Silencing rate: 9.999999999999996e-11
Sigma: 1.6016903565529703
Runtime (s): 527.4505047556013
