Launching Problin version 0.5b
Problin was called as follow: /u/gh2161/Spatial-Division/problin/run_problin.py -c real_location_data/s4c3/k10_r4_character_matrix.csv -t real_location_data/s4c3/true_tree.nwk -S real_location_data/s4c3/leaf_locations.txt --delimiter comma -p real_location_data/s4c3/k10_priors.csv -o real_location_data/s4c3/k10_r4_spalin-divide-beta05.txt --nInitials 10 --ultrametric --randomreps 3 --divide --radius 0.5
Optimization by Spalin-Divide: Scipy-SLSQP using spatial information
Optimizing branch lengths, phi, and nu without topology search
Initial point 1. Random seed: 4680
Solving with ultrametric constraint
Optimal point found for initial point 1
Negative llh: 179.27557821262036
Dropout rate: 1e-10
Silencing rate: 1e-10
Sigma: 1.511598556957204
Initial point 2. Random seed: 7259
Solving with ultrametric constraint
Optimal point found for initial point 2
Negative llh: 179.2758586033338
Dropout rate: 1.0000000000000007e-10
Silencing rate: 9.999999999999996e-11
Sigma: 1.5098803855929446
Initial point 3. Random seed: 8287
Solving with ultrametric constraint
Optimal point found for initial point 3
Negative llh: 179.27588731431024
Dropout rate: 7.732366018525653e-10
Silencing rate: 1.0054450624983141e-10
Sigma: 1.510777017618622
Initial point 4. Random seed: 3915
Solving with ultrametric constraint
Optimal point found for initial point 4
Negative llh: 179.27567953235433
Dropout rate: 1e-10
Silencing rate: 1e-10
Sigma: 1.5118927518229546
Initial point 5. Random seed: 6193
Solving with ultrametric constraint
Optimal point found for initial point 5
Negative llh: 179.27752372925494
Dropout rate: 6.947168160756681e-09
Silencing rate: 6.27002288146734e-08
Sigma: 1.5123169365809597
Initial point 6. Random seed: 4877
Solving with ultrametric constraint
Optimal point found for initial point 6
Negative llh: 179.2755644204471
Dropout rate: 1e-10
Silencing rate: 1e-10
Sigma: 1.5116312573578297
Initial point 7. Random seed: 9093
Solving with ultrametric constraint
Fatal: failed to optimize using initial point 7
Initial point 8. Random seed: 5249
Solving with ultrametric constraint
Optimal point found for initial point 8
Negative llh: 179.27560772447757
Dropout rate: 2.475945892737264e-10
Silencing rate: 1.9784273347654051e-10
Sigma: 1.5113949267436009
Initial point 9. Random seed: 690
Solving with ultrametric constraint
Optimal point found for initial point 9
Negative llh: 179.27561706813844
Dropout rate: 1e-10
Silencing rate: 1e-10
Sigma: 1.511794448464233
Initial point 10. Random seed: 7997
Solving with ultrametric constraint
Fatal: failed to optimize using initial point 10
Runtime (s): 457.5725680384785
