Launching Problin version 0.5b
Problin was called as follow: /u/gh2161/Spatial-Division/problin/run_problin.py -c real_location_data/s4c3/k10_r1_character_matrix.csv -t real_location_data/s4c3/true_tree.nwk -S real_location_data/s4c3/leaf_locations.txt --delimiter comma -p real_location_data/s4c3/k10_priors.csv -o real_location_data/s4c3/k10_r1_spalin-divide-beta3.txt --nInitials 10 --ultrametric --randomreps 3 --divide --radius 3
Optimization by Spalin-Divide: Scipy-SLSQP using spatial information
Optimizing branch lengths, phi, and nu without topology search
Initial point 1. Random seed: 8361
Solving with ultrametric constraint
Fatal: failed to optimize using initial point 1
Initial point 2. Random seed: 7494
Solving with ultrametric constraint
Optimal point found for initial point 2
Negative llh: 171.0509497769543
Dropout rate: 1e-10
Silencing rate: 1e-10
Sigma: 1.3324103676475068
Initial point 3. Random seed: 3857
Solving with ultrametric constraint
Optimal point found for initial point 3
Negative llh: 192.72410053585344
Dropout rate: 1.043773915349786e-09
Silencing rate: 2.7436905949638257e-10
Sigma: 1.2631541638183115
Initial point 4. Random seed: 1210
Solving with ultrametric constraint
Optimal point found for initial point 4
Negative llh: 171.05096137996338
Dropout rate: 1e-10
Silencing rate: 1e-10
Sigma: 1.3334731643621167
Initial point 5. Random seed: 4271
Solving with ultrametric constraint
Optimal point found for initial point 5
Negative llh: 192.72421308744094
Dropout rate: 1e-10
Silencing rate: 1e-10
Sigma: 1.2627844118988247
Initial point 6. Random seed: 3839
Solving with ultrametric constraint
Optimal point found for initial point 6
Negative llh: 192.72398262299964
Dropout rate: 1.0000000000000002e-10
Silencing rate: 1e-10
Sigma: 1.263352579957359
Initial point 7. Random seed: 4650
Solving with ultrametric constraint
Optimal point found for initial point 7
Negative llh: 406652.70137187955
Dropout rate: 4.669593226563782e-06
Silencing rate: 0.6191894134608895
Sigma: 11.007922626936015
Initial point 8. Random seed: 5234
Solving with ultrametric constraint
Optimal point found for initial point 8
Negative llh: 192.72373953649821
Dropout rate: 1.0000000000000002e-10
Silencing rate: 1e-10
Sigma: 1.2633830937554638
Initial point 9. Random seed: 9244
Solving with ultrametric constraint
Optimal point found for initial point 9
Negative llh: 171.05055145724558
Dropout rate: 3.4711131053774205e-10
Silencing rate: 2.355751962819005e-10
Sigma: 1.333129387202367
Initial point 10. Random seed: 9254
Solving with ultrametric constraint
Optimal point found for initial point 10
Negative llh: 171.05055156465312
Dropout rate: 1.875023161745459e-10
Silencing rate: 1.321172905267034e-10
Sigma: 1.3330914233949887
Runtime (s): 268.6684311386198
