Launching Problin version 0.5b
Problin was called as follow: /u/gh2161/Spatial-Division/problin/run_problin.py -c real_location_data/s4c3/k10_r1_character_matrix.csv -t real_location_data/s4c3/true_tree.nwk -S real_location_data/s4c3/leaf_locations.txt --delimiter comma -p real_location_data/s4c3/k10_priors.csv -o real_location_data/s4c3/k10_r1_spalin-divide-beta05.txt --nInitials 10 --ultrametric --randomreps 3 --divide --radius 0.5
Optimization by Spalin-Divide: Scipy-SLSQP using spatial information
Optimizing branch lengths, phi, and nu without topology search
Initial point 1. Random seed: 7317
Solving with ultrametric constraint
Optimal point found for initial point 1
Negative llh: 178.4099620321744
Dropout rate: 9.555603921869944e-10
Silencing rate: 4.4135428146189043e-10
Sigma: 1.5233501338960522
Initial point 2. Random seed: 9113
Solving with ultrametric constraint
Optimal point found for initial point 2
Negative llh: 178.40989387734004
Dropout rate: 7.157295858522814e-10
Silencing rate: 3.707435644280831e-10
Sigma: 1.5228819406208132
Initial point 3. Random seed: 9974
Solving with ultrametric constraint
Optimal point found for initial point 3
Negative llh: 200.16846840524573
Dropout rate: 1e-10
Silencing rate: 1e-10
Sigma: 1.4275057004040963
Initial point 4. Random seed: 2109
Solving with ultrametric constraint
Optimal point found for initial point 4
Negative llh: 200.17262072269256
Dropout rate: 1e-10
Silencing rate: 1e-10
Sigma: 1.428946396008885
Initial point 5. Random seed: 1994
Solving with ultrametric constraint
Optimal point found for initial point 5
Negative llh: 200.17327220127058
Dropout rate: 4.101238688612315e-10
Silencing rate: 1.820147591239376e-10
Sigma: 1.4287617304692957
Initial point 6. Random seed: 9110
Solving with ultrametric constraint
Optimal point found for initial point 6
Negative llh: 178.40999261259742
Dropout rate: 6.185692207298277e-10
Silencing rate: 3.1323782372848963e-10
Sigma: 1.5245545886046066
Initial point 7. Random seed: 213
Solving with ultrametric constraint
Optimal point found for initial point 7
Negative llh: 178.40955714104786
Dropout rate: 1.2396794909612295e-10
Silencing rate: 1.1091186867415752e-10
Sigma: 1.5242416414631668
Initial point 8. Random seed: 6458
Solving with ultrametric constraint
Optimal point found for initial point 8
Negative llh: 200.1730207034284
Dropout rate: 1.9035294738995372e-10
Silencing rate: 1.1877192497715096e-10
Sigma: 1.4295134133051912
Initial point 9. Random seed: 7282
Solving with ultrametric constraint
Optimal point found for initial point 9
Negative llh: 200.17328089533822
Dropout rate: 2.3582661930142735e-10
Silencing rate: 1.1943913039142006e-10
Sigma: 1.428957665780787
Initial point 10. Random seed: 5886
Solving with ultrametric constraint
Optimal point found for initial point 10
Negative llh: 178.4095490336326
Dropout rate: 1.4027894973718078e-09
Silencing rate: 9.913617338422323e-10
Sigma: 1.5239500319863064
Runtime (s): 747.728143943008
