Launching Problin version 0.5b
Problin was called as follow: /u/gh2161/Spatial-Division/problin/run_problin.py -c real_location_data/s4c3/k10_r2_character_matrix.csv -t real_location_data/s4c3/true_tree.nwk -S real_location_data/s4c3/leaf_locations.txt --delimiter comma -p real_location_data/s4c3/k10_priors.csv -o real_location_data/s4c3/k10_r2_spalin-divide-beta05.txt --nInitials 10 --ultrametric --randomreps 3 --divide --radius 0.5
Optimization by Spalin-Divide: Scipy-SLSQP using spatial information
Optimizing branch lengths, phi, and nu without topology search
Initial point 1. Random seed: 5155
Solving with ultrametric constraint
Optimal point found for initial point 1
Negative llh: 192.4842082107682
Dropout rate: 4.611125587370896e-10
Silencing rate: 2.0777128908941113e-10
Sigma: 1.4922302446679712
Initial point 2. Random seed: 2593
Solving with ultrametric constraint
Optimal point found for initial point 2
Negative llh: 192.48499038528385
Dropout rate: 1.0000000000000007e-10
Silencing rate: 1.0000000000000002e-10
Sigma: 1.4922699916059423
Initial point 3. Random seed: 6998
Solving with ultrametric constraint
Optimal point found for initial point 3
Negative llh: 170.54904659113956
Dropout rate: 8.683150350853728e-10
Silencing rate: 4.1724542962731294e-10
Sigma: 1.617089983758032
Initial point 4. Random seed: 2995
Solving with ultrametric constraint
Optimal point found for initial point 4
Negative llh: 170.54884299562917
Dropout rate: 1.0000123607498642e-10
Silencing rate: 1.0000049571622918e-10
Sigma: 1.617532718745495
Initial point 5. Random seed: 1440
Solving with ultrametric constraint
Optimal point found for initial point 5
Negative llh: 192.48541735634635
Dropout rate: 9.906702101618318e-10
Silencing rate: 3.1000905669170696e-10
Sigma: 1.491798202181114
Initial point 6. Random seed: 6061
Solving with ultrametric constraint
Optimal point found for initial point 6
Negative llh: 170.54884524560768
Dropout rate: 1e-10
Silencing rate: 1e-10
Sigma: 1.6174574736501364
Initial point 7. Random seed: 1347
Solving with ultrametric constraint
Optimal point found for initial point 7
Negative llh: 170.5492521215235
Dropout rate: 1.4815783190654366e-09
Silencing rate: 6.927111092867708e-10
Sigma: 1.617355549769926
Initial point 8. Random seed: 1376
Solving with ultrametric constraint
Optimal point found for initial point 8
Negative llh: 192.4849601984069
Dropout rate: 9.999999999999996e-11
Silencing rate: 1e-10
Sigma: 1.4921735549831117
Initial point 9. Random seed: 9949
Solving with ultrametric constraint
Optimal point found for initial point 9
Negative llh: 192.48494341358918
Dropout rate: 2.5307341700339453e-10
Silencing rate: 1e-10
Sigma: 1.492111176865141
Initial point 10. Random seed: 7288
Solving with ultrametric constraint
Optimal point found for initial point 10
Negative llh: 192.48539978153525
Dropout rate: 1.0000000000000007e-10
Silencing rate: 1.0000000000000002e-10
Sigma: 1.4921543882013029
Runtime (s): 446.7392709348351
