Launching Problin version 0.5b
Problin was called as follow: /u/gh2161/Spatial-Division/problin/run_problin.py -c real_location_data/s4c3/k10_r5_character_matrix.csv -t real_location_data/s4c3/true_tree.nwk -S real_location_data/s4c3/leaf_locations.txt --delimiter comma -p real_location_data/s4c3/k10_priors.csv -o real_location_data/s4c3/k10_r5_spalin-divide-beta9.txt --nInitials 10 --ultrametric --randomreps 3 --divide --given_beta 9 --incl_beta_bound
Optimization by Spalin-Divide: Scipy-SLSQP using spatial information
Optimizing branch lengths, phi, and nu without topology search
Initial point 1. Random seed: 3548
Solving with ultrametric constraint
Optimal point found for initial point 1
Negative llh: 139.71292927394782
Dropout rate: 7.919466710004232e-10
Silencing rate: 7.099151648026623e-10
Sigma: 3.2578181105426203
Initial point 2. Random seed: 8418
Solving with ultrametric constraint
Optimal point found for initial point 2
Negative llh: 139.71292851466632
Dropout rate: 9.995661092959675e-10
Silencing rate: 1.0960923683780933e-09
Sigma: 3.2578593326293706
Initial point 3. Random seed: 1825
Solving with ultrametric constraint
Optimal point found for initial point 3
Negative llh: 139.71292570661532
Dropout rate: 1e-10
Silencing rate: 1e-10
Sigma: 3.257661061185206
Initial point 4. Random seed: 6242
Solving with ultrametric constraint
Optimal point found for initial point 4
Negative llh: 139.71292552749497
Dropout rate: 1.309033270521922e-10
Silencing rate: 1.4775859793105183e-10
Sigma: 3.2576474029427738
Initial point 5. Random seed: 5726
Solving with ultrametric constraint
Optimal point found for initial point 5
Negative llh: 139.71292554733006
Dropout rate: 1e-10
Silencing rate: 1e-10
Sigma: 3.25764589025981
Initial point 6. Random seed: 2601
Solving with ultrametric constraint
Optimal point found for initial point 6
Negative llh: 139.71292579770414
Dropout rate: 1.0000000000000002e-10
Silencing rate: 1.0000000000000002e-10
Sigma: 3.2576286464781723
Initial point 7. Random seed: 6775
Solving with ultrametric constraint
Optimal point found for initial point 7
Negative llh: 139.7129258290968
Dropout rate: 1e-10
Silencing rate: 1e-10
Sigma: 3.257670924011685
Initial point 8. Random seed: 3415
Solving with ultrametric constraint
Optimal point found for initial point 8
Negative llh: 139.71292558910986
Dropout rate: 1e-10
Silencing rate: 1e-10
Sigma: 3.2576500392102132
Initial point 9. Random seed: 5178
Solving with ultrametric constraint
Optimal point found for initial point 9
Negative llh: 139.7129258989641
Dropout rate: 1.0000000000000002e-10
Silencing rate: 1e-10
Sigma: 3.257656725589548
Initial point 10. Random seed: 6936
Solving with ultrametric constraint
Optimal point found for initial point 10
Negative llh: 139.71292598047324
Dropout rate: 7.771311668504649e-10
Silencing rate: 5.777615949447448e-10
Sigma: 3.257610490032971
Runtime (s): 1189.5822819280438
