Launching Problin version 0.5b
Problin was called as follow: /u/gh2161/Spatial-Division/problin/run_problin.py -c real_location_data/s20c2/k10_r2_character_matrix.csv -t real_location_data/s20c2/true_tree.nwk -S real_location_data/s20c2/leaf_locations.txt --delimiter comma -p real_location_data/s20c2/k10_priors.csv -o real_location_data/s20c2/k10_r2_spalin-divide-beta8.txt --nInitials 10 --ultrametric --randomreps 3 --divide --given_beta 8 --incl_beta_bound
Optimization by Spalin-Divide: Scipy-SLSQP using spatial information
Optimizing branch lengths, phi, and nu without topology search
Initial point 1. Random seed: 9714
Solving with ultrametric constraint
Optimal point found for initial point 1
Negative llh: 248.3799054575603
Dropout rate: 1.0207547950107845e-10
Silencing rate: 1.0078101192343867e-10
Sigma: 4.561221723434566
Initial point 2. Random seed: 9534
Solving with ultrametric constraint
Optimal point found for initial point 2
Negative llh: 248.37990714860183
Dropout rate: 2.3003331555426153e-09
Silencing rate: 1.4089878005231965e-09
Sigma: 4.561259787112543
Initial point 3. Random seed: 5387
Solving with ultrametric constraint
Optimal point found for initial point 3
Negative llh: 248.3799065931002
Dropout rate: 1.9612636899450188e-10
Silencing rate: 1.6027547503069499e-10
Sigma: 4.561209171558356
Initial point 4. Random seed: 9153
Solving with ultrametric constraint
Optimal point found for initial point 4
Negative llh: 248.3799054150765
Dropout rate: 2.8975329054122617e-10
Silencing rate: 1.7137810721699724e-10
Sigma: 4.561217111932084
Initial point 5. Random seed: 2269
Solving with ultrametric constraint
Optimal point found for initial point 5
Negative llh: 248.37990549753982
Dropout rate: 4.442407771425393e-10
Silencing rate: 2.5583349013485843e-10
Sigma: 4.561190477239455
Initial point 6. Random seed: 5551
Solving with ultrametric constraint
Optimal point found for initial point 6
Negative llh: 248.37990523032346
Dropout rate: 1e-10
Silencing rate: 1e-10
Sigma: 4.561207832848714
Initial point 7. Random seed: 8830
Solving with ultrametric constraint
Optimal point found for initial point 7
Negative llh: 248.37990528042988
Dropout rate: 1.0000000000000002e-10
Silencing rate: 1e-10
Sigma: 4.561215851913828
Initial point 8. Random seed: 847
Solving with ultrametric constraint
Optimal point found for initial point 8
Negative llh: 248.37990568370182
Dropout rate: 2.09402153374327e-10
Silencing rate: 1.4115603995885551e-10
Sigma: 4.561218519136171
Initial point 9. Random seed: 4185
Solving with ultrametric constraint
Optimal point found for initial point 9
Negative llh: 248.37990537131145
Dropout rate: 1.0000000000000007e-10
Silencing rate: 1.0000000000000007e-10
Sigma: 4.5612356011462545
Initial point 10. Random seed: 7975
Solving with ultrametric constraint
Optimal point found for initial point 10
Negative llh: 248.37991192716606
Dropout rate: 1.0000000000000002e-10
Silencing rate: 1.0000000000000002e-10
Sigma: 4.561349345160503
Runtime (s): 1002.6817823043093
