Launching Problin version 0.5b
Problin was called as follow: /u/gh2161/Spatial-Division/problin/run_problin.py -c real_location_data/s20c2/k10_r4_character_matrix.csv -t real_location_data/s20c2/true_tree.nwk -S real_location_data/s20c2/leaf_locations.txt --delimiter comma -p real_location_data/s20c2/k10_priors.csv -o real_location_data/s20c2/k10_r4_spalin-divide-beta5_10_range.txt --nInitials 10 --ultrametric --randomreps 3 --divide --given_lower_beta 5 --given_upper_beta 10 --incl_beta_bound
Optimization by Spalin-Divide: Scipy-SLSQP using spatial information
{'sigma': 22, 'nu': 1e-10, 'phi': 1e-10, 'lower_beta': 5.0, 'upper_beta': 10.0, 'incl_beta_bound': True, 'displacement_amounts': {}}
Optimizing branch lengths, phi, and nu without topology search
Initial point 1. Random seed: 9794
Solving with ultrametric constraint
Optimal point found for initial point 1
Negative llh: 251.70038493089635
Dropout rate: 1.3498188081373576e-10
Silencing rate: 1.1507416417961079e-10
Sigma: 4.9440058207650885
Initial point 2. Random seed: 5060
Solving with ultrametric constraint
Optimal point found for initial point 2
Negative llh: 252.7917384215623
Dropout rate: 4.185180038820444e-08
Silencing rate: 1.9836869551812937e-08
Sigma: 5.0649727021605
Initial point 3. Random seed: 3272
Solving with ultrametric constraint
Optimal point found for initial point 3
Negative llh: 257.4668562120918
Dropout rate: 2.6784956816751623e-09
Silencing rate: 1.0635194523911797e-09
Sigma: 5.346090923504841
Initial point 4. Random seed: 4309
Solving with ultrametric constraint
Optimal point found for initial point 4
Negative llh: 257.4794522985243
Dropout rate: 1.0004311575097472e-10
Silencing rate: 1.0001041478035631e-10
Sigma: 5.35696156105765
Initial point 5. Random seed: 4918
Solving with ultrametric constraint
Optimal point found for initial point 5
Negative llh: 257.63899070107465
Dropout rate: 1e-10
Silencing rate: 1.0000017378782715e-10
Sigma: 5.400563814522634
Initial point 6. Random seed: 2023
Solving with ultrametric constraint
Optimal point found for initial point 6
Negative llh: 257.5475277314055
Dropout rate: 1e-10
Silencing rate: 1e-10
Sigma: 5.367072771007933
Initial point 7. Random seed: 8064
Solving with ultrametric constraint
Optimal point found for initial point 7
Negative llh: 252.9920220879103
Dropout rate: 1.4886828876873717e-09
Silencing rate: 6.913323709292083e-10
Sigma: 5.063309946450831
Initial point 8. Random seed: 1967
Solving with ultrametric constraint
Optimal point found for initial point 8
Negative llh: 251.84398159501836
Dropout rate: 4.297837091080908e-09
Silencing rate: 1.0000000000000002e-10
Sigma: 4.981299619065602
Initial point 9. Random seed: 643
Solving with ultrametric constraint
Optimal point found for initial point 9
Negative llh: 257.47696400712306
Dropout rate: 1.000000000000009e-10
Silencing rate: 9.999999999999924e-11
Sigma: 5.352601494015939
Initial point 10. Random seed: 1472
Solving with ultrametric constraint
Optimal point found for initial point 10
Negative llh: 257.759763411865
Dropout rate: 9.999999999999924e-11
Silencing rate: 1.0000000000000007e-10
Sigma: 5.392401438748927
Runtime (s): 835.7583329351619
