Launching Problin version 0.5b
Problin was called as follow: /u/gh2161/Spatial-Division/problin/run_problin.py -c real_location_data/s20c2/k10_r3_character_matrix.csv -t real_location_data/s20c2/true_tree.nwk --delimiter comma -p real_location_data/s20c2/k10_priors.csv -o real_location_data/s20c2/k10_r3_problin.txt --nInitials 10 --ultrametric --randomreps 3 --solver Scipy
Optimization by generic solver (Scipy-SLSQP)
Optimizing branch lengths, phi, and nu without topology search
Initial point 1. Random seed: 4904
Solving with ultrametric constraint
Optimal point found for initial point 1
Negative llh: 80.49597348799102
Dropout rate: 4.5465628853807074e-10
Silencing rate: 2.359847062021592e-10
Lambda: 0.007314737048099937
Initial point 2. Random seed: 8527
Solving with ultrametric constraint
Optimal point found for initial point 2
Negative llh: 80.49631627743499
Dropout rate: 5.939121055499928e-10
Silencing rate: 3.428108334051834e-10
Lambda: 0.007311553162275378
Initial point 3. Random seed: 5803
Solving with ultrametric constraint
Optimal point found for initial point 3
Negative llh: 80.49584536596258
Dropout rate: 1e-10
Silencing rate: 1e-10
Lambda: 0.007313898563746014
Initial point 4. Random seed: 7431
Solving with ultrametric constraint
Optimal point found for initial point 4
Negative llh: 80.49581108270857
Dropout rate: 1.0000000000000002e-10
Silencing rate: 1.0000000000000002e-10
Lambda: 0.007313592395826228
Initial point 5. Random seed: 6916
Solving with ultrametric constraint
Optimal point found for initial point 5
Negative llh: 80.49597775267291
Dropout rate: 1.0000004772266258e-10
Silencing rate: 1.0000002438021462e-10
Lambda: 0.007315390169363898
Initial point 6. Random seed: 1982
Solving with ultrametric constraint
Optimal point found for initial point 6
Negative llh: 80.49583811852574
Dropout rate: 1.0104538413693389e-09
Silencing rate: 6.474657935399679e-10
Lambda: 0.00731364145590448
Initial point 7. Random seed: 371
Solving with ultrametric constraint
Optimal point found for initial point 7
Negative llh: 80.49583773605926
Dropout rate: 1.0000000000000007e-10
Silencing rate: 1.0000000000000007e-10
Lambda: 0.0073129770681637785
Initial point 8. Random seed: 5378
Solving with ultrametric constraint
Optimal point found for initial point 8
Negative llh: 80.49601482375722
Dropout rate: 2.76175602932371e-09
Silencing rate: 1.4840664996634807e-09
Lambda: 0.0073162489732986405
Initial point 9. Random seed: 564
Solving with ultrametric constraint
Optimal point found for initial point 9
Negative llh: 80.49579974175036
Dropout rate: 1e-10
Silencing rate: 1e-10
Lambda: 0.007313733395166974
Initial point 10. Random seed: 2321
Solving with ultrametric constraint
Optimal point found for initial point 10
Negative llh: 80.49579470891598
Dropout rate: 1.0000010046160745e-10
Silencing rate: 1.0000005133383874e-10
Lambda: 0.007313702246228688
{'phi': 1.0000010046160745e-10, 'nu': 1.0000005133383874e-10, 'lambda_param': 0.007313702246228688}
Runtime (s): 149.1634216979146
