Launching Problin version 0.5b
Problin was called as follow: /u/gh2161/Spatial-Division/problin/run_problin.py -c real_location_data/s20c2/k10_r4_character_matrix.csv -t real_location_data/s20c2/true_tree.nwk -S real_location_data/s20c2/leaf_locations.txt --delimiter comma -p real_location_data/s20c2/k10_priors.csv -o real_location_data/s20c2/k10_r4_spalin-divide-beta2.txt --nInitials 10 --ultrametric --randomreps 3 --divide --given_beta 2 --incl_beta_bound
Optimization by Spalin-Divide: Scipy-SLSQP using spatial information
Optimizing branch lengths, phi, and nu without topology search
Initial point 1. Random seed: 8568
Solving with ultrametric constraint
Optimal point found for initial point 1
Negative llh: 266.16098840796803
Dropout rate: 1e-10
Silencing rate: 1e-10
Sigma: 5.713665544201507
Initial point 2. Random seed: 55
Solving with ultrametric constraint
Optimal point found for initial point 2
Negative llh: 266.1609885881124
Dropout rate: 1.0000000000000002e-10
Silencing rate: 1e-10
Sigma: 5.713883281561004
Initial point 3. Random seed: 4376
Solving with ultrametric constraint
Optimal point found for initial point 3
Negative llh: 266.16098815278247
Dropout rate: 1.0000000000000002e-10
Silencing rate: 1.0000000000000002e-10
Sigma: 5.713612346636509
Initial point 4. Random seed: 2586
Solving with ultrametric constraint
Optimal point found for initial point 4
Negative llh: 266.16098910718284
Dropout rate: 1.0000000000000007e-10
Silencing rate: 9.999999999999996e-11
Sigma: 5.713778887493973
Initial point 5. Random seed: 6703
Solving with ultrametric constraint
Optimal point found for initial point 5
Negative llh: 266.16098831194563
Dropout rate: 2.4848623919474173e-10
Silencing rate: 1.5623800672865807e-10
Sigma: 5.713801962725947
Initial point 6. Random seed: 1914
Solving with ultrametric constraint
Optimal point found for initial point 6
Negative llh: 266.16098801801894
Dropout rate: 1.0000000000000007e-10
Silencing rate: 1.0000000000000002e-10
Sigma: 5.71374306014539
Initial point 7. Random seed: 9851
Solving with ultrametric constraint
Optimal point found for initial point 7
Negative llh: 266.1609879348602
Dropout rate: 1.8199839099145088e-10
Silencing rate: 1.3446021500107057e-10
Sigma: 5.713701001711684
Initial point 8. Random seed: 4860
Solving with ultrametric constraint
Fatal: failed to optimize using initial point 8
Initial point 9. Random seed: 2806
Solving with ultrametric constraint
Optimal point found for initial point 9
Negative llh: 266.16098947819125
Dropout rate: 1e-10
Silencing rate: 1e-10
Sigma: 5.713654086924031
Initial point 10. Random seed: 6240
Solving with ultrametric constraint
Optimal point found for initial point 10
Negative llh: 266.1609880733744
Dropout rate: 3.2996042986943075e-10
Silencing rate: 1.9672902371726973e-10
Sigma: 5.7137499050439855
Runtime (s): 856.3406420443207
