Launching Problin version 0.5b
Problin was called as follow: /u/gh2161/Spatial-Division/problin/run_problin.py -c real_location_data/s20c2/k10_r1_character_matrix.csv -t real_location_data/s20c2/true_tree.nwk -S real_location_data/s20c2/leaf_locations.txt --delimiter comma -p real_location_data/s20c2/k10_priors.csv -o real_location_data/s20c2/k10_r1_spalin-divide-beta7.txt --nInitials 10 --ultrametric --randomreps 3 --divide --radius 7
Optimization by Spalin-Divide: Scipy-SLSQP using spatial information
Optimizing branch lengths, phi, and nu without topology search
Initial point 1. Random seed: 78
Solving with ultrametric constraint
Optimal point found for initial point 1
Negative llh: 256.2611126083407
Dropout rate: 1.9855298085233975e-09
Silencing rate: 1.0067883469067581e-10
Sigma: 1.2142231353085005
Initial point 2. Random seed: 2921
Solving with ultrametric constraint
Optimal point found for initial point 2
Negative llh: 256.2611894871462
Dropout rate: 1.9312833392559166e-10
Silencing rate: 1.3748429959050382e-10
Sigma: 1.2142063790902695
Initial point 3. Random seed: 9416
Solving with ultrametric constraint
Optimal point found for initial point 3
Negative llh: 256.26110486621496
Dropout rate: 1e-10
Silencing rate: 1e-10
Sigma: 1.2142136985968928
Initial point 4. Random seed: 3483
Solving with ultrametric constraint
Optimal point found for initial point 4
Negative llh: 256.2615951627035
Dropout rate: 2.0518556322315353e-09
Silencing rate: 8.391983296776586e-10
Sigma: 1.2143765100504695
Initial point 5. Random seed: 4408
Solving with ultrametric constraint
Optimal point found for initial point 5
Negative llh: 256.2613021791508
Dropout rate: 1e-10
Silencing rate: 1e-10
Sigma: 1.2144683659925013
Initial point 6. Random seed: 6704
Solving with ultrametric constraint
Optimal point found for initial point 6
Negative llh: 256.2611044473052
Dropout rate: 1.3211351471277207e-10
Silencing rate: 1.0039975974034913e-10
Sigma: 1.2142189827858298
Initial point 7. Random seed: 2619
Solving with ultrametric constraint
Optimal point found for initial point 7
Negative llh: 339258.13507798646
Dropout rate: 5.488613572432751e-06
Silencing rate: 0.06989838007514794
Sigma: 9.328192759706534
Initial point 8. Random seed: 4012
Solving with ultrametric constraint
Optimal point found for initial point 8
Negative llh: 256.2611648739153
Dropout rate: 1e-10
Silencing rate: 1e-10
Sigma: 1.2142371600038553
Initial point 9. Random seed: 4672
Solving with ultrametric constraint
Optimal point found for initial point 9
Negative llh: 256.26122017697656
Dropout rate: 1.7953754598007435e-09
Silencing rate: 1e-10
Sigma: 1.21413267640932
Initial point 10. Random seed: 2486
Solving with ultrametric constraint
Optimal point found for initial point 10
Negative llh: 256.2611043479143
Dropout rate: 9.999999999999996e-11
Silencing rate: 1.0000000000000002e-10
Sigma: 1.2142045015261276
Runtime (s): 1233.6863557156175
