Launching Problin version 0.5b
Problin was called as follow: /u/gh2161/Spatial-Division/problin/run_problin.py -c real_location_data/s20c2/k10_r5_character_matrix.csv -t real_location_data/s20c2/true_tree.nwk -S real_location_data/s20c2/leaf_locations.txt --delimiter comma -p real_location_data/s20c2/k10_priors.csv -o real_location_data/s20c2/k10_r5_spalin-divide-beta05.txt --nInitials 10 --ultrametric --randomreps 3 --divide --radius 0.5
Optimization by Spalin-Divide: Scipy-SLSQP using spatial information
Optimizing branch lengths, phi, and nu without topology search
Initial point 1. Random seed: 2916
Solving with ultrametric constraint
Optimal point found for initial point 1
Negative llh: 260.26969553745795
Dropout rate: 6.094131488551999e-10
Silencing rate: 2.7247775217017454e-10
Sigma: 1.6219424487016239
Initial point 2. Random seed: 9701
Solving with ultrametric constraint
Optimal point found for initial point 2
Negative llh: 260.27012972718603
Dropout rate: 3.0559833985039483e-10
Silencing rate: 2.344089883662839e-10
Sigma: 1.6212799800112359
Initial point 3. Random seed: 3317
Solving with ultrametric constraint
Optimal point found for initial point 3
Negative llh: 260.274280061459
Dropout rate: 4.01735335457856e-10
Silencing rate: 1.0476012363655776e-09
Sigma: 1.6178899565076315
Initial point 4. Random seed: 4997
Solving with ultrametric constraint
Optimal point found for initial point 4
Negative llh: 278364.47040946485
Dropout rate: 1.763801849285177e-05
Silencing rate: 0.004472762222569829
Sigma: 10.684333680530363
Initial point 5. Random seed: 4438
Solving with ultrametric constraint
Optimal point found for initial point 5
Negative llh: 260.2700151741232
Dropout rate: 1.7786910166564402e-10
Silencing rate: 2.1666818755287166e-10
Sigma: 1.6219547185922896
Initial point 6. Random seed: 1252
Solving with ultrametric constraint
Optimal point found for initial point 6
Negative llh: 260.2696950639843
Dropout rate: 1.0000000000000002e-10
Silencing rate: 1e-10
Sigma: 1.6219798361240978
Initial point 7. Random seed: 5248
Solving with ultrametric constraint
Optimal point found for initial point 7
Negative llh: 260.2705551087064
Dropout rate: 1e-10
Silencing rate: 1e-10
Sigma: 1.6211806107540194
Initial point 8. Random seed: 4710
Solving with ultrametric constraint
Optimal point found for initial point 8
Negative llh: 260.270127134321
Dropout rate: 1.0000000000000007e-10
Silencing rate: 9.999999999999996e-11
Sigma: 1.6214506320987419
Initial point 9. Random seed: 9116
Solving with ultrametric constraint
Optimal point found for initial point 9
Negative llh: 260.26969534473426
Dropout rate: 4.328170811971952e-10
Silencing rate: 2.0964887440213665e-10
Sigma: 1.6219752263916674
Initial point 10. Random seed: 347
Solving with ultrametric constraint
Optimal point found for initial point 10
Negative llh: 274.10847452825726
Dropout rate: 1.0000000000000007e-10
Silencing rate: 1e-10
Sigma: 1.5167017132703942
Runtime (s): 1959.9979714211076
