Launching Problin version 0.5b
Problin was called as follow: /u/gh2161/Spatial-Division/problin/run_problin.py -c real_location_data/s2c1/k10_r3_character_matrix.csv -t real_location_data/s2c1/true_tree.nwk -S real_location_data/s2c1/leaf_locations.txt --delimiter comma -p real_location_data/s2c1/k10_priors.csv -o real_location_data/s2c1/k10_r3_spalin.txt --nInitials 10 --ultrametric --randomreps 3
Optimization by Spalin: Scipy-SLSQP using spatial information
Optimizing branch lengths, phi, and nu without topology search
Initial point 1. Random seed: 1058
Solving with ultrametric constraint
Optimal point found for initial point 1
Negative llh: 373.52987051033375
Dropout rate: 2.5066399832800874e-10
Silencing rate: 5.326540449882867e-10
Sigma: 3.435175181391338
Lambda: 0.005879154143335724
Initial point 2. Random seed: 9479
Solving with ultrametric constraint
Optimal point found for initial point 2
Negative llh: 373.53028605222073
Dropout rate: 7.658131906335005e-10
Silencing rate: 3.325892530496939e-10
Sigma: 3.433672091745812
Lambda: 0.005878334715481724
Initial point 3. Random seed: 4428
Solving with ultrametric constraint
Optimal point found for initial point 3
Negative llh: 373.53015646533527
Dropout rate: 1.0094662433684657e-10
Silencing rate: 1.0033057510928538e-10
Sigma: 3.4328292063240284
Lambda: 0.005876295353871605
Initial point 4. Random seed: 8694
Solving with ultrametric constraint
Optimal point found for initial point 4
Negative llh: 373.52980122969166
Dropout rate: 1e-10
Silencing rate: 1e-10
Sigma: 3.4337957754620123
Lambda: 0.005880950705300328
Initial point 5. Random seed: 5119
Solving with ultrametric constraint
Optimal point found for initial point 5
Negative llh: 373.5311430254361
Dropout rate: 1.8489062195341416e-08
Silencing rate: 4.4424809970556064e-08
Sigma: 3.4376797323891943
Lambda: 0.0058811204409525385
Initial point 6. Random seed: 5061
Solving with ultrametric constraint
Optimal point found for initial point 6
Negative llh: 373.5301558318469
Dropout rate: 1e-10
Silencing rate: 1e-10
Sigma: 3.4326708644952446
Lambda: 0.005880463780974579
Initial point 7. Random seed: 3515
Solving with ultrametric constraint
Optimal point found for initial point 7
Negative llh: 373.5317692739586
Dropout rate: 9.212530625357278e-10
Silencing rate: 3.606505391721522e-09
Sigma: 3.4346886409810273
Lambda: 0.005879454114494165
Initial point 8. Random seed: 2950
Solving with ultrametric constraint
Optimal point found for initial point 8
Negative llh: 373.52988696524096
Dropout rate: 2.057899262006555e-10
Silencing rate: 6.457809307233913e-10
Sigma: 3.4335853495852535
Lambda: 0.005876559845214172
Initial point 9. Random seed: 5181
Solving with ultrametric constraint
Optimal point found for initial point 9
Negative llh: 373.5300935006476
Dropout rate: 6.199538944219625e-09
Silencing rate: 2.230648948263347e-09
Sigma: 3.4322220582146175
Lambda: 0.005876525360694883
Initial point 10. Random seed: 9990
Solving with ultrametric constraint
Optimal point found for initial point 10
Negative llh: 373.529863996052
Dropout rate: 1e-10
Silencing rate: 1e-10
Sigma: 3.4338368849479908
Lambda: 0.005879032299003158
{'lambda_param': 0.005880950705300328, 'phi': 1e-10, 'nu': 1e-10, 'sigma': 3.4337957754620123, 'locations': {'216_7': (333.0, 406.0), '216_6': (352.0, 406.0), '216_1': (338.0, 443.0), '216_3': (328.0, 419.0), '216_10': (261.0, 368.0), '216_9': (283.0, 374.0), '216_8': (265.0, 383.0), '216_14': (327.0, 364.0), '216_13': (312.0, 359.0), '216_12': (308.0, 372.0), '216_11': (298.0, 371.0), '216_42': (313.0, 332.0), '216_41': (328.0, 350.0), '216_40': (287.0, 343.0), '216_39': (298.0, 358.0), '216_46': (315.0, 280.0), '216_45': (317.0, 296.0), '216_44': (304.0, 298.0), '216_43': (295.0, 325.0), '216_36': (295.0, 386.0), '216_35': (298.0, 411.0), '216_32': (281.0, 400.0), '216_31': (303.0, 424.0), '216_30': (284.0, 315.0), '216_29': (264.0, 337.0), '216_27': (246.0, 356.0), '216_26': (247.0, 385.0), '216_22': (240.0, 403.0), '216_21': (257.0, 421.0), '216_20': (225.0, 399.0), '216_19': (194.0, 401.0), '216_16': (299.0, 487.0), '216_15': (268.0, 487.0), '216_18': (274.0, 443.0)}}
Runtime (s): 2002.362026842311
