Launching Problin version 0.5b
Problin was called as follow: /u/gh2161/Spatial-Division/problin/run_problin.py -c real_location_data/s2c1/k10_r5_character_matrix.csv -t real_location_data/s2c1/true_tree.nwk -S real_location_data/s2c1/leaf_locations.txt --delimiter comma -p real_location_data/s2c1/k10_priors.csv -o real_location_data/s2c1/k10_r5_spalin-divide-beta7.txt --nInitials 10 --ultrametric --randomreps 3 --divide --radius 7
Optimization by Spalin-Divide: Scipy-SLSQP using spatial information
Optimizing branch lengths, phi, and nu without topology search
Initial point 1. Random seed: 2361
Solving with ultrametric constraint
Optimal point found for initial point 1
Negative llh: 400.2678240914072
Dropout rate: 1e-10
Silencing rate: 1e-10
Sigma: 1.4489932378116668
Initial point 2. Random seed: 7595
Solving with ultrametric constraint
Fatal: failed to optimize using initial point 2
Initial point 3. Random seed: 2305
Solving with ultrametric constraint
Fatal: failed to optimize using initial point 3
Initial point 4. Random seed: 8700
Solving with ultrametric constraint
Optimal point found for initial point 4
Negative llh: 400.26766128183266
Dropout rate: 1e-10
Silencing rate: 1e-10
Sigma: 1.44888603980596
Initial point 5. Random seed: 4127
Solving with ultrametric constraint
Optimal point found for initial point 5
Negative llh: 400.26876540250703
Dropout rate: 9.860699225065781e-09
Silencing rate: 1.0041938578449831e-10
Sigma: 1.4488274356486985
Initial point 6. Random seed: 7707
Solving with ultrametric constraint
Optimal point found for initial point 6
Negative llh: 400.2676362141175
Dropout rate: 7.803991950547178e-10
Silencing rate: 3.8402493971584326e-10
Sigma: 1.4486788507323294
Initial point 7. Random seed: 5639
Solving with ultrametric constraint
Optimal point found for initial point 7
Negative llh: 400.2683013274851
Dropout rate: 4.5617058415302217e-10
Silencing rate: 2.4827086542053623e-10
Sigma: 1.4491793947652187
Initial point 8. Random seed: 8878
Solving with ultrametric constraint
Optimal point found for initial point 8
Negative llh: 400.29589248377357
Dropout rate: 3.878058206795322e-09
Silencing rate: 3.5371231091088815e-09
Sigma: 1.4484129149672214
Initial point 9. Random seed: 1763
Solving with ultrametric constraint
Optimal point found for initial point 9
Negative llh: 400.26933106559443
Dropout rate: 1.4987327007163155e-08
Silencing rate: 1.569735875204834e-08
Sigma: 1.4486843138146113
Initial point 10. Random seed: 8561
Solving with ultrametric constraint
Optimal point found for initial point 10
Negative llh: 195873.12413488765
Dropout rate: 1.1247008010213224e-06
Silencing rate: 9.738371032001537e-06
Sigma: 12.510859056800573
Runtime (s): 4966.632176284678
