Launching Problin version 0.5b
Problin was called as follow: /u/gh2161/Spatial-Division/problin/run_problin.py -c real_location_data/s2c1/k10_r1_character_matrix.csv -t real_location_data/s2c1/true_tree.nwk -S real_location_data/s2c1/leaf_locations.txt --delimiter comma -p real_location_data/s2c1/k10_priors.csv -o real_location_data/s2c1/k10_r1_spalin-divide-beta3.txt --nInitials 10 --ultrametric --randomreps 3 --divide --radius 3
Optimization by Spalin-Divide: Scipy-SLSQP using spatial information
Optimizing branch lengths, phi, and nu without topology search
Initial point 1. Random seed: 8935
Solving with ultrametric constraint
Optimal point found for initial point 1
Negative llh: 416.0694080026981
Dropout rate: 4.372838332202122e-09
Silencing rate: 1.2604822955579908e-09
Sigma: 1.7062827509897793
Initial point 2. Random seed: 9113
Solving with ultrametric constraint
Optimal point found for initial point 2
Negative llh: 416.0694521153475
Dropout rate: 3.1272331077953016e-09
Silencing rate: 1e-10
Sigma: 1.7062843029180728
Initial point 3. Random seed: 9086
Solving with ultrametric constraint
Optimal point found for initial point 3
Negative llh: 416.0695131302988
Dropout rate: 1e-10
Silencing rate: 1e-10
Sigma: 1.7061937498674016
Initial point 4. Random seed: 1934
Solving with ultrametric constraint
Optimal point found for initial point 4
Negative llh: 416.0705212320423
Dropout rate: 8.053449982085583e-10
Silencing rate: 1.0052846435216128e-10
Sigma: 1.7059767239892183
Initial point 5. Random seed: 8984
Solving with ultrametric constraint
Optimal point found for initial point 5
Negative llh: 416.0695007464385
Dropout rate: 2.7520156869917004e-10
Silencing rate: 7.894599198821561e-10
Sigma: 1.7064837629071796
Initial point 6. Random seed: 8213
Solving with ultrametric constraint
Optimal point found for initial point 6
Negative llh: 416.0693340041045
Dropout rate: 1.0073402606632781e-10
Silencing rate: 1.0019950739156678e-10
Sigma: 1.706329497579666
Initial point 7. Random seed: 1548
Solving with ultrametric constraint
Optimal point found for initial point 7
Negative llh: 416.07000761831375
Dropout rate: 7.62290628122204e-09
Silencing rate: 2.1446842657045035e-09
Sigma: 1.7061354437276022
Initial point 8. Random seed: 1564
Solving with ultrametric constraint
Optimal point found for initial point 8
Negative llh: 416.06954321210884
Dropout rate: 1.0865889483901093e-10
Silencing rate: 2.759190252050292e-10
Sigma: 1.7062380161708308
Initial point 9. Random seed: 3400
Solving with ultrametric constraint
Optimal point found for initial point 9
Negative llh: 416.07243290443245
Dropout rate: 7.996719048280782e-09
Silencing rate: 2.357183226697943e-08
Sigma: 1.7059272060699595
Initial point 10. Random seed: 3951
Solving with ultrametric constraint
Optimal point found for initial point 10
Negative llh: 416.06976699098976
Dropout rate: 4.450523873474361e-09
Silencing rate: 1e-10
Sigma: 1.7059518422994429
Runtime (s): 9263.172373712063
