Launching Problin version 0.5b
Problin was called as follow: /u/gh2161/Spatial-Division/problin/run_problin.py -c real_location_data/s2c1/k10_r1_character_matrix.csv -t real_location_data/s2c1/true_tree.nwk -S real_location_data/s2c1/leaf_locations.txt --delimiter comma -p real_location_data/s2c1/k10_priors.csv -o real_location_data/s2c1/k10_r1_spalin-divide-beta10.txt --nInitials 10 --ultrametric --randomreps 3 --divide --radius 10
Optimization by Spalin-Divide: Scipy-SLSQP using spatial information
Optimizing branch lengths, phi, and nu without topology search
Initial point 1. Random seed: 4684
Solving with ultrametric constraint
Optimal point found for initial point 1
Negative llh: 370.00843727263737
Dropout rate: 1.0000000000000007e-10
Silencing rate: 9.999999999999996e-11
Sigma: 1.3060647492215167
Initial point 2. Random seed: 8008
Solving with ultrametric constraint
Optimal point found for initial point 2
Negative llh: 370.00927108608334
Dropout rate: 1.2199181561487024e-08
Silencing rate: 3.3451001037187625e-09
Sigma: 1.3061040907136074
Initial point 3. Random seed: 8834
Solving with ultrametric constraint
Optimal point found for initial point 3
Negative llh: 370.00945156358057
Dropout rate: 1e-10
Silencing rate: 1e-10
Sigma: 1.3058869813237606
Initial point 4. Random seed: 3500
Solving with ultrametric constraint
Optimal point found for initial point 4
Negative llh: 370.0086474526215
Dropout rate: 7.315999771911275e-09
Silencing rate: 2.032961870452041e-09
Sigma: 1.3064862713492345
Initial point 5. Random seed: 7009
Solving with ultrametric constraint
Optimal point found for initial point 5
Negative llh: 370.0088863985096
Dropout rate: 1.0001040007191485e-10
Silencing rate: 1.000027859670126e-10
Sigma: 1.306613831231044
Initial point 6. Random seed: 8253
Solving with ultrametric constraint
Optimal point found for initial point 6
Negative llh: 370.0089368849832
Dropout rate: 5.578022900763159e-09
Silencing rate: 1.568749088802985e-09
Sigma: 1.306011708294481
Initial point 7. Random seed: 8042
Solving with ultrametric constraint
Fatal: failed to optimize using initial point 7
Initial point 8. Random seed: 741
Solving with ultrametric constraint
Optimal point found for initial point 8
Negative llh: 370.0086267047531
Dropout rate: 7.410439490009435e-09
Silencing rate: 2.0590077566862634e-09
Sigma: 1.3061761219942025
Initial point 9. Random seed: 1139
Solving with ultrametric constraint
Fatal: failed to optimize using initial point 9
Initial point 10. Random seed: 8672
Solving with ultrametric constraint
Optimal point found for initial point 10
Negative llh: 370.0084237234765
Dropout rate: 9.999999999999996e-11
Silencing rate: 1.0000000000000007e-10
Sigma: 1.3061861267992856
Runtime (s): 5442.227660972625
