Launching Problin version 0.5b
Problin was called as follow: /u/gh2161/Spatial-Division/problin/run_problin.py -c intmem_real_data/s19c1/characters.txt -t intmem_real_data/s19c1/true_tree.nwk -S intmem_real_data/s19c1/leaf_locations.txt --delimiter comma -p intmem_real_data/s19c1/prior.csv -o intmem_real_data/s19c1/spalin.txt --nInitials 10 --ultrametric --randomreps 3
Optimization by Spalin: Scipy-SLSQP using spatial information
Optimizing branch lengths, phi, and nu without topology search
Initial point 1. Random seed: 1851
Solving with ultrametric constraint
Optimal point found for initial point 1
Negative llh: 128.10898555576657
Dropout rate: 1e-10
Silencing rate: 1e-10
Sigma: 2.8888835091869765
Lambda: 0.0029525945941632587
Initial point 2. Random seed: 3349
Solving with ultrametric constraint
Optimal point found for initial point 2
Negative llh: 128.10898554205133
Dropout rate: 1e-10
Silencing rate: 1e-10
Sigma: 2.888792992093404
Lambda: 0.0029524036347981807
Initial point 3. Random seed: 2797
Solving with ultrametric constraint
Optimal point found for initial point 3
Negative llh: 128.10898562722025
Dropout rate: 2.5801327616573373e-10
Silencing rate: 1.6087373574014033e-10
Sigma: 2.8889130985187235
Lambda: 0.002952545644450483
Initial point 4. Random seed: 5340
Solving with ultrametric constraint
Optimal point found for initial point 4
Negative llh: 128.1089854931061
Dropout rate: 1e-10
Silencing rate: 1e-10
Sigma: 2.888744946595692
Lambda: 0.0029525059045699843
Initial point 5. Random seed: 6077
Solving with ultrametric constraint
Optimal point found for initial point 5
Negative llh: 133.64635840345733
Dropout rate: 1e-10
Silencing rate: 1e-10
Sigma: 2.298931286059102
Lambda: 0.0009767326451867455
Initial point 6. Random seed: 9793
Solving with ultrametric constraint
Optimal point found for initial point 6
Negative llh: 128.10898559886184
Dropout rate: 1e-10
Silencing rate: 1e-10
Sigma: 2.8889320010412054
Lambda: 0.0029528541898773387
Initial point 7. Random seed: 4663
Solving with ultrametric constraint
Optimal point found for initial point 7
Negative llh: 128.1101934446776
Dropout rate: 1e-10
Silencing rate: 1e-10
Sigma: 2.886408738997895
Lambda: 0.002950723599743186
Initial point 8. Random seed: 4957
Solving with ultrametric constraint
Optimal point found for initial point 8
Negative llh: 128.1089857592112
Dropout rate: 1e-10
Silencing rate: 1e-10
Sigma: 2.888847235725166
Lambda: 0.002952607658882472
Initial point 9. Random seed: 4696
Solving with ultrametric constraint
Optimal point found for initial point 9
Negative llh: 128.10898562628606
Dropout rate: 1e-10
Silencing rate: 1e-10
Sigma: 2.889042864266757
Lambda: 0.0029527494806506375
Initial point 10. Random seed: 8164
Solving with ultrametric constraint
Optimal point found for initial point 10
Negative llh: 128.10898559831787
Dropout rate: 1e-10
Silencing rate: 1e-10
Sigma: 2.88896604059605
Lambda: 0.002952836985828715
{'lambda_param': 0.0029525059045699843, 'phi': 1e-10, 'nu': 1e-10, 'sigma': 2.888744946595692, 'locations': {'216_12': (206.0, 178.0), '216_11': (180.0, 209.0), '216_10': (192.0, 212.0), '216_9': (190.0, 232.0), '216_6': (219.0, 229.0), '216_5': (241.0, 249.0), '216_8': (210.0, 216.0), '216_7': (232.0, 225.0), '216_4': (140.0, 225.0), '216_3': (158.0, 245.0), '216_2': (164.0, 228.0), '216_1': (180.0, 250.0)}}
Runtime (s): 115.91443768236786
