Launching Problin version 0.5b
Problin was called as follow: /u/gh2161/Spatial-Division/problin/run_problin.py -c real_location_data/s5c2/k10_r4_character_matrix.csv -t real_location_data/s5c2/true_tree.nwk -S real_location_data/s5c2/leaf_locations.txt --delimiter comma -p real_location_data/s5c2/k10_priors.csv -o real_location_data/s5c2/k10_r4_spalin-divide-beta2.txt --nInitials 10 --ultrametric --randomreps 3 --divide --given_beta 2 --incl_beta_bound
Optimization by Spalin-Divide: Scipy-SLSQP using spatial information
Optimizing branch lengths, phi, and nu without topology search
Initial point 1. Random seed: 9355
Solving with ultrametric constraint
Optimal point found for initial point 1
Negative llh: 159.10660654633244
Dropout rate: 1.3019945700391395e-10
Silencing rate: 1.1172680825110324e-10
Sigma: 6.246789494133446
Initial point 2. Random seed: 6631
Solving with ultrametric constraint
Optimal point found for initial point 2
Negative llh: 159.10660587834354
Dropout rate: 1.9564265053017746e-10
Silencing rate: 1.5243268073343032e-10
Sigma: 6.246707564214238
Initial point 3. Random seed: 5634
Solving with ultrametric constraint
Optimal point found for initial point 3
Negative llh: 159.10660588943298
Dropout rate: 1e-10
Silencing rate: 1e-10
Sigma: 6.246705611484906
Initial point 4. Random seed: 6769
Solving with ultrametric constraint
Optimal point found for initial point 4
Negative llh: 159.10660589341214
Dropout rate: 1.0140605386246633e-10
Silencing rate: 1.0048789775050677e-10
Sigma: 6.246699863046839
Initial point 5. Random seed: 2607
Solving with ultrametric constraint
Optimal point found for initial point 5
Negative llh: 159.10660590730492
Dropout rate: 1.9970597848151263e-10
Silencing rate: 1.5475096803046465e-10
Sigma: 6.246729172220074
Initial point 6. Random seed: 4072
Solving with ultrametric constraint
Optimal point found for initial point 6
Negative llh: 159.1066085225901
Dropout rate: 7.241613094915618e-10
Silencing rate: 4.0966528970569617e-10
Sigma: 6.246653585551313
Initial point 7. Random seed: 6928
Solving with ultrametric constraint
Optimal point found for initial point 7
Negative llh: 159.1066059592485
Dropout rate: 1e-10
Silencing rate: 1e-10
Sigma: 6.246691244083401
Initial point 8. Random seed: 4190
Solving with ultrametric constraint
Optimal point found for initial point 8
Negative llh: 159.1066060664637
Dropout rate: 7.548525715733889e-10
Silencing rate: 3.9811045054570803e-10
Sigma: 6.246736393442182
Initial point 9. Random seed: 7269
Solving with ultrametric constraint
Optimal point found for initial point 9
Negative llh: 159.10660590282842
Dropout rate: 1e-10
Silencing rate: 1e-10
Sigma: 6.2467286305225596
Initial point 10. Random seed: 569
Solving with ultrametric constraint
Optimal point found for initial point 10
Negative llh: 159.10660621383403
Dropout rate: 1e-10
Silencing rate: 1e-10
Sigma: 6.246791853037737
Runtime (s): 351.9483669642359
