Launching Problin version 0.5b
Problin was called as follow: /u/gh2161/Spatial-Division/problin/run_problin.py -c real_location_data/s5c2/k10_r5_character_matrix.csv -t real_location_data/s5c2/true_tree.nwk -S real_location_data/s5c2/leaf_locations.txt --delimiter comma -p real_location_data/s5c2/k10_priors.csv -o real_location_data/s5c2/k10_r5_spalin-divide-beta9.txt --nInitials 10 --ultrametric --randomreps 3 --divide --given_beta 9 --incl_beta_bound
Optimization by Spalin-Divide: Scipy-SLSQP using spatial information
Optimizing branch lengths, phi, and nu without topology search
Initial point 1. Random seed: 3632
Solving with ultrametric constraint
Optimal point found for initial point 1
Negative llh: 130.09981754725922
Dropout rate: 2.342235539637152e-10
Silencing rate: 1.8614595037498307e-10
Sigma: 3.8859969620898793
Initial point 2. Random seed: 9782
Solving with ultrametric constraint
Optimal point found for initial point 2
Negative llh: 130.0997927952907
Dropout rate: 1.0000000000000002e-10
Silencing rate: 1e-10
Sigma: 3.886251374927704
Initial point 3. Random seed: 7898
Solving with ultrametric constraint
Optimal point found for initial point 3
Negative llh: 130.09979502962327
Dropout rate: 2.604918099002112e-10
Silencing rate: 2.0311106703425516e-10
Sigma: 3.886224755838803
Initial point 4. Random seed: 8553
Solving with ultrametric constraint
Optimal point found for initial point 4
Negative llh: 130.09979276967056
Dropout rate: 1e-10
Silencing rate: 1e-10
Sigma: 3.8862513716841423
Initial point 5. Random seed: 7200
Solving with ultrametric constraint
Optimal point found for initial point 5
Negative llh: 130.09979275269998
Dropout rate: 1.2057927887640243e-10
Silencing rate: 1.0990945656085073e-10
Sigma: 3.8862761044432603
Initial point 6. Random seed: 2876
Solving with ultrametric constraint
Optimal point found for initial point 6
Negative llh: 130.09979271070904
Dropout rate: 1e-10
Silencing rate: 1e-10
Sigma: 3.8862727707614164
Initial point 7. Random seed: 9455
Solving with ultrametric constraint
Optimal point found for initial point 7
Negative llh: 130.09979271077452
Dropout rate: 1e-10
Silencing rate: 1.0000000000000007e-10
Sigma: 3.886269208722037
Initial point 8. Random seed: 3914
Solving with ultrametric constraint
Optimal point found for initial point 8
Negative llh: 130.09979297789502
Dropout rate: 1.0000000000000002e-10
Silencing rate: 1.0000000000000002e-10
Sigma: 3.886217526340142
Initial point 9. Random seed: 9749
Solving with ultrametric constraint
Optimal point found for initial point 9
Negative llh: 130.09979271727877
Dropout rate: 1e-10
Silencing rate: 1.6019810015129947e-10
Sigma: 3.8862740866523877
Initial point 10. Random seed: 3654
Solving with ultrametric constraint
Optimal point found for initial point 10
Negative llh: 130.0997927173089
Dropout rate: 9.999999999999996e-11
Silencing rate: 1.0000000000000002e-10
Sigma: 3.8862704377167803
Runtime (s): 756.2637420640094
