Launching Problin version 0.5b
Problin was called as follow: /u/gh2161/Spatial-Division/problin/run_problin.py -c real_location_data/s5c2/k10_r3_character_matrix.csv -t real_location_data/s5c2/true_tree.nwk -S real_location_data/s5c2/leaf_locations.txt --delimiter comma -p real_location_data/s5c2/k10_priors.csv -o real_location_data/s5c2/k10_r3_spalin-divide-ignore-beta.txt --nInitials 10 --ultrametric --randomreps 3 --divide
Optimization by Spalin-Divide: Scipy-SLSQP using spatial information
Optimizing branch lengths, phi, and nu without topology search
We need to optimize the radius
Initial point 1. Random seed: 3224
Solving with ultrametric constraint
Optimal point found for initial point 1
Negative llh: 158.04390129615308
Dropout rate: 1e-10
Silencing rate: 1e-10
Sigma: 1.0186585384214935
Lambda: 0.005154825054991726
Initial point 2. Random seed: 1561
Solving with ultrametric constraint
Optimal point found for initial point 2
Negative llh: 158.04390104518495
Dropout rate: 3.835590120685924e-10
Silencing rate: 2.390663966255541e-10
Sigma: 1.0186222891490948
Lambda: 0.005154807503674766
Initial point 3. Random seed: 4659
Solving with ultrametric constraint
Optimal point found for initial point 3
Negative llh: 158.0443860832789
Dropout rate: 1e-10
Silencing rate: 1e-10
Sigma: 1.0183665990851447
Lambda: 0.005151086920262317
Initial point 4. Random seed: 2892
Solving with ultrametric constraint
Optimal point found for initial point 4
Negative llh: 158.0440353660373
Dropout rate: 1.5161253848808633e-10
Silencing rate: 1.353752222170327e-10
Sigma: 1.0185453345747388
Lambda: 0.005155122181997685
Initial point 5. Random seed: 6260
Solving with ultrametric constraint
Optimal point found for initial point 5
Negative llh: 178.71866264541978
Dropout rate: 1.0000000000000007e-10
Silencing rate: 1.0569884301055085e-09
Sigma: 0.9779412949100308
Lambda: 0.0009768683205822297
Initial point 6. Random seed: 1499
Solving with ultrametric constraint
Optimal point found for initial point 6
Negative llh: 158.04390099599703
Dropout rate: 1e-10
Silencing rate: 1e-10
Sigma: 1.0186172061477339
Lambda: 0.005154397305626237
Initial point 7. Random seed: 9366
Solving with ultrametric constraint
Optimal point found for initial point 7
Negative llh: 158.043950219098
Dropout rate: 6.398352012192581e-10
Silencing rate: 3.559859370408804e-10
Sigma: 1.0184933980303945
Lambda: 0.005154613245105794
Initial point 8. Random seed: 1639
Solving with ultrametric constraint
Fatal: failed to optimize using initial point 8
Initial point 9. Random seed: 9499
Solving with ultrametric constraint
Fatal: failed to optimize using initial point 9
Initial point 10. Random seed: 7319
Solving with ultrametric constraint
Optimal point found for initial point 10
Negative llh: 158.04414464678374
Dropout rate: 1.4751330872540936e-10
Silencing rate: 1e-10
Sigma: 1.01848584275749
Lambda: 0.005155672646072384
{'lambda_param': 0.005154397305626237, 'phi': 1e-10, 'nu': 1e-10, 'sigma': 1.0186172061477339, 'locations': {'216_10': (386.0, 445.0), '216_9': (355.0, 433.0), '216_15': (357.0, 410.0), '216_14': (299.0, 417.0), '216_13': (324.0, 431.0), '216_2': (308.0, 407.0), '216_1': (290.0, 405.0), '216_4': (324.0, 403.0), '216_3': (325.0, 417.0), '216_6': (369.0, 402.0), '216_5': (383.0, 416.0), '216_7': (408.0, 438.0)}, 'radius': 16.581402179912182, 'thetas': {'189_3': 0.785380229919866, '146_2': 3.90714550196097, '193_2': 7.782656623104042, '194_1': 3.252255022433295, '150_1': 0.14757101608516096, '93_1': 0.1589487710836464, '187_7': 0.5105023658243887, '150_5': 2.867080647719579, '193_7': 3.5109264945210206, '93_2': 3.697898179274754, '45_1': 4.436261028063936}}
Runtime (s): 218.80821047909558
