Launching Problin version 0.5b
Problin was called as follow: /u/gh2161/Spatial-Division/problin/run_problin.py -c real_location_data/s5c2/k10_r5_character_matrix.csv -t real_location_data/s5c2/true_tree.nwk -S real_location_data/s5c2/leaf_locations.txt --delimiter comma -p real_location_data/s5c2/k10_priors.csv -o real_location_data/s5c2/k10_r5_spalin-divide-beta7.txt --nInitials 10 --ultrametric --randomreps 3 --divide --radius 7
Optimization by Spalin-Divide: Scipy-SLSQP using spatial information
Optimizing branch lengths, phi, and nu without topology search
Initial point 1. Random seed: 1601
Solving with ultrametric constraint
Optimal point found for initial point 1
Negative llh: 137.28368847617782
Dropout rate: 1e-10
Silencing rate: 1e-10
Sigma: 1.3353603509260028
Initial point 2. Random seed: 6190
Solving with ultrametric constraint
Optimal point found for initial point 2
Negative llh: 137.28368842199
Dropout rate: 1e-10
Silencing rate: 1e-10
Sigma: 1.3353629760634325
Initial point 3. Random seed: 1721
Solving with ultrametric constraint
Optimal point found for initial point 3
Negative llh: 165.77792068054953
Dropout rate: 1.0000000000000002e-10
Silencing rate: 1e-10
Sigma: 1.318628467110333
Initial point 4. Random seed: 5043
Solving with ultrametric constraint
Optimal point found for initial point 4
Negative llh: 137.28397754312246
Dropout rate: 2.4950346354509647e-10
Silencing rate: 1.0004887120972435e-10
Sigma: 1.3359946307757036
Initial point 5. Random seed: 143
Solving with ultrametric constraint
Optimal point found for initial point 5
Negative llh: 137.28387814207167
Dropout rate: 8.531864938347935e-10
Silencing rate: 1.1557098019584436e-10
Sigma: 1.3358519776239457
Initial point 6. Random seed: 9686
Solving with ultrametric constraint
Optimal point found for initial point 6
Negative llh: 137.28402844991342
Dropout rate: 6.323726197635698e-10
Silencing rate: 1.0442116181049108e-10
Sigma: 1.335147934660198
Initial point 7. Random seed: 5083
Solving with ultrametric constraint
Optimal point found for initial point 7
Negative llh: 137.28421367176077
Dropout rate: 1e-10
Silencing rate: 1.0003414249616726e-10
Sigma: 1.334485313306903
Initial point 8. Random seed: 6891
Solving with ultrametric constraint
Optimal point found for initial point 8
Negative llh: 137.28381443990367
Dropout rate: 3.981132495794234e-10
Silencing rate: 1.6183136006605312e-10
Sigma: 1.3353376116899056
Initial point 9. Random seed: 8311
Solving with ultrametric constraint
Optimal point found for initial point 9
Negative llh: 165.77860508912988
Dropout rate: 6.774956494484387e-10
Silencing rate: 1.53242519076768e-10
Sigma: 1.31830841005199
Initial point 10. Random seed: 2918
Solving with ultrametric constraint
Optimal point found for initial point 10
Negative llh: 165.7790048509007
Dropout rate: 2.39006112371694e-10
Silencing rate: 1.496842759081081e-10
Sigma: 1.3177081125393864
Runtime (s): 306.811758461874
