Launching Problin version 0.5b
Problin was called as follow: /u/gh2161/Spatial-Division/problin/run_problin.py -c real_location_data/s5c2/k10_r5_character_matrix.csv -t real_location_data/s5c2/true_tree.nwk -S real_location_data/s5c2/leaf_locations.txt --delimiter comma -p real_location_data/s5c2/k10_priors.csv -o real_location_data/s5c2/k10_r5_spalin-divide-beta20.txt --nInitials 10 --ultrametric --randomreps 3 --divide --given_beta 20 --incl_beta_bound
Optimization by Spalin-Divide: Scipy-SLSQP using spatial information
Optimizing branch lengths, phi, and nu without topology search
Initial point 1. Random seed: 7014
Solving with ultrametric constraint
Optimal point found for initial point 1
Negative llh: 138.16788418898156
Dropout rate: 3.0027190412967555e-10
Silencing rate: 2.2758118937333002e-10
Sigma: 3.6694018071151064
Initial point 2. Random seed: 8523
Solving with ultrametric constraint
Optimal point found for initial point 2
Negative llh: 138.167866285626
Dropout rate: 1e-10
Silencing rate: 1e-10
Sigma: 3.669377553953608
Initial point 3. Random seed: 8326
Solving with ultrametric constraint
Optimal point found for initial point 3
Negative llh: 138.1678665186645
Dropout rate: 2.737157197737228e-10
Silencing rate: 1.8575863743780557e-10
Sigma: 3.6693841227331907
Initial point 4. Random seed: 2167
Solving with ultrametric constraint
Optimal point found for initial point 4
Negative llh: 138.16786623822208
Dropout rate: 1e-10
Silencing rate: 1e-10
Sigma: 3.6693782872656637
Initial point 5. Random seed: 6637
Solving with ultrametric constraint
Optimal point found for initial point 5
Negative llh: 138.1678662401972
Dropout rate: 9.999999999999996e-11
Silencing rate: 1.0000000000000002e-10
Sigma: 3.6693753683002903
Initial point 6. Random seed: 2440
Solving with ultrametric constraint
Optimal point found for initial point 6
Negative llh: 138.16786631104395
Dropout rate: 2.3945317461750064e-10
Silencing rate: 1.7791848684867367e-10
Sigma: 3.6693744484497777
Initial point 7. Random seed: 9119
Solving with ultrametric constraint
Optimal point found for initial point 7
Negative llh: 138.16786660235016
Dropout rate: 9.933419769071875e-10
Silencing rate: 5.496166880855347e-10
Sigma: 3.669374578611332
Initial point 8. Random seed: 7934
Solving with ultrametric constraint
Optimal point found for initial point 8
Negative llh: 138.16786732525276
Dropout rate: 4.4528587531351045e-10
Silencing rate: 2.6352881973480645e-10
Sigma: 3.6694658009277648
Initial point 9. Random seed: 6691
Solving with ultrametric constraint
Optimal point found for initial point 9
Negative llh: 138.16786638720157
Dropout rate: 9.999999999999996e-11
Silencing rate: 1.0000000000000002e-10
Sigma: 3.6693810217048157
Initial point 10. Random seed: 4744
Solving with ultrametric constraint
Optimal point found for initial point 10
Negative llh: 138.16786634139638
Dropout rate: 4.500516771732443e-10
Silencing rate: 3.3633526183859836e-10
Sigma: 3.6693763182470946
Runtime (s): 660.3313635122031
