Launching Problin version 0.5b
Problin was called as follow: /u/gh2161/Spatial-Division/problin/run_problin.py -c real_location_data/s5c2/k10_r5_character_matrix.csv -t real_location_data/s5c2/true_tree.nwk -S real_location_data/s5c2/leaf_locations.txt --delimiter comma -p real_location_data/s5c2/k10_priors.csv -o real_location_data/s5c2/k10_r5_spalin-divide-beta5_10_range.txt --nInitials 10 --ultrametric --randomreps 3 --divide --given_lower_beta 5 --given_upper_beta 10 --incl_beta_bound
Optimization by Spalin-Divide: Scipy-SLSQP using spatial information
{'sigma': 22, 'nu': 1e-10, 'phi': 1e-10, 'lower_beta': 5.0, 'upper_beta': 10.0, 'incl_beta_bound': True, 'displacement_amounts': {}}
Optimizing branch lengths, phi, and nu without topology search
Initial point 1. Random seed: 3308
Solving with ultrametric constraint
Optimal point found for initial point 1
Negative llh: 147.48594988186454
Dropout rate: 1e-10
Silencing rate: 1e-10
Sigma: 5.4652744599352046
Initial point 2. Random seed: 4682
Solving with ultrametric constraint
Optimal point found for initial point 2
Negative llh: 148.14713454245586
Dropout rate: 9.999999999999428e-11
Silencing rate: 1.0000000000000751e-10
Sigma: 5.79116605918401
Initial point 3. Random seed: 2684
Solving with ultrametric constraint
Optimal point found for initial point 3
Negative llh: 140.79232180728087
Dropout rate: 1e-10
Silencing rate: 1e-10
Sigma: 4.797093810407867
Initial point 4. Random seed: 3235
Solving with ultrametric constraint
Optimal point found for initial point 4
Negative llh: 142.84632923624056
Dropout rate: 1.0080787135822831e-10
Silencing rate: 9.825312517233408e-08
Sigma: 5.075245880525711
Initial point 5. Random seed: 3052
Solving with ultrametric constraint
Optimal point found for initial point 5
Negative llh: 143.27811150742383
Dropout rate: 7.664457228269179e-10
Silencing rate: 1.3799027817411304e-10
Sigma: 5.1868839754088345
Initial point 6. Random seed: 4299
Solving with ultrametric constraint
Optimal point found for initial point 6
Negative llh: 144.28043969876506
Dropout rate: 6.8488017687147425e-09
Silencing rate: 2.936386014257247e-09
Sigma: 5.303382044965167
Initial point 7. Random seed: 5560
Solving with ultrametric constraint
Optimal point found for initial point 7
Negative llh: 147.39207146389046
Dropout rate: 3.497832669731996e-10
Silencing rate: 2.5580181967698217e-10
Sigma: 5.456541983229659
Initial point 8. Random seed: 2766
Solving with ultrametric constraint
Optimal point found for initial point 8
Negative llh: 145.2699152981258
Dropout rate: 5.761303653972069e-09
Silencing rate: 2.5138275091283577e-09
Sigma: 5.1435805016235125
Initial point 9. Random seed: 1274
Solving with ultrametric constraint
Optimal point found for initial point 9
Negative llh: 145.75932436183285
Dropout rate: 1.4558751839787143e-08
Silencing rate: 6.616934527660887e-10
Sigma: 5.163966100295852
Initial point 10. Random seed: 1978
Solving with ultrametric constraint
Optimal point found for initial point 10
Negative llh: 147.38632668337755
Dropout rate: 1.0000000000000002e-10
Silencing rate: 1.0000000000000002e-10
Sigma: 5.45331909993748
Runtime (s): 372.7614125274122
