Launching Problin version 0.5b
Problin was called as follow: /u/gh2161/Spatial-Division/problin/run_problin.py -c real_location_data/s5c2/k10_r1_character_matrix.csv -t real_location_data/s5c2/true_tree.nwk -S real_location_data/s5c2/leaf_locations.txt --delimiter comma -p real_location_data/s5c2/k10_priors.csv -o real_location_data/s5c2/k10_r1_spalin-divide-beta6.txt --nInitials 10 --ultrametric --randomreps 3 --divide --given_beta 6 --incl_beta_bound
Optimization by Spalin-Divide: Scipy-SLSQP using spatial information
Optimizing branch lengths, phi, and nu without topology search
Initial point 1. Random seed: 2436
Solving with ultrametric constraint
Optimal point found for initial point 1
Negative llh: 145.09133834848922
Dropout rate: 1e-10
Silencing rate: 1e-10
Sigma: 5.521894816945755
Initial point 2. Random seed: 9328
Solving with ultrametric constraint
Optimal point found for initial point 2
Negative llh: 145.09133816410997
Dropout rate: 2.641054428750489e-10
Silencing rate: 2.050075802837315e-10
Sigma: 5.5218966139573755
Initial point 3. Random seed: 1808
Solving with ultrametric constraint
Optimal point found for initial point 3
Negative llh: 145.09133922842713
Dropout rate: 1.1234511861363301e-10
Silencing rate: 1.0380962602244232e-10
Sigma: 5.522002280967145
Initial point 4. Random seed: 528
Solving with ultrametric constraint
Optimal point found for initial point 4
Negative llh: 145.0913433014292
Dropout rate: 1.3650719082421413e-09
Silencing rate: 1.1855288286072604e-09
Sigma: 5.521726746319866
Initial point 5. Random seed: 1179
Solving with ultrametric constraint
Optimal point found for initial point 5
Negative llh: 145.09133810700672
Dropout rate: 1e-10
Silencing rate: 1e-10
Sigma: 5.521884402034656
Initial point 6. Random seed: 9913
Solving with ultrametric constraint
Optimal point found for initial point 6
Negative llh: 145.09133821724447
Dropout rate: 4.790494319777579e-10
Silencing rate: 2.9034909912862536e-10
Sigma: 5.52187219043077
Initial point 7. Random seed: 3709
Solving with ultrametric constraint
Optimal point found for initial point 7
Negative llh: 145.09133810784414
Dropout rate: 1.1112197888569766e-10
Silencing rate: 1.0342048932645298e-10
Sigma: 5.521885966366653
Initial point 8. Random seed: 9823
Solving with ultrametric constraint
Optimal point found for initial point 8
Negative llh: 145.0913381651061
Dropout rate: 1.0000000000000002e-10
Silencing rate: 1.0000000000000002e-10
Sigma: 5.52188159307877
Initial point 9. Random seed: 293
Solving with ultrametric constraint
Optimal point found for initial point 9
Negative llh: 145.0913384375058
Dropout rate: 2.99969393346432e-10
Silencing rate: 3.932182337614349e-10
Sigma: 5.52195635881055
Initial point 10. Random seed: 6101
Solving with ultrametric constraint
Optimal point found for initial point 10
Negative llh: 145.09133810810692
Dropout rate: 1.0065593068408992e-10
Silencing rate: 1.0020172228417944e-10
Sigma: 5.521886393455168
Runtime (s): 574.4183182870038
