Launching Problin version 0.5b
Problin was called as follow: /u/gh2161/Spatial-Division/problin/run_problin.py -c real_location_data/s5c2/k10_r1_character_matrix.csv -t real_location_data/s5c2/true_tree.nwk -S real_location_data/s5c2/leaf_locations.txt --delimiter comma -p real_location_data/s5c2/k10_priors.csv -o real_location_data/s5c2/k10_r1_spalin-divide-beta05.txt --nInitials 10 --ultrametric --randomreps 3 --divide --radius 0.5
Optimization by Spalin-Divide: Scipy-SLSQP using spatial information
Optimizing branch lengths, phi, and nu without topology search
Initial point 1. Random seed: 6968
Solving with ultrametric constraint
Optimal point found for initial point 1
Negative llh: 155.4516789706971
Dropout rate: 1e-10
Silencing rate: 1e-10
Sigma: 1.718227932469985
Initial point 2. Random seed: 6293
Solving with ultrametric constraint
Optimal point found for initial point 2
Negative llh: 155.45236459175797
Dropout rate: 1.0537776066253181e-10
Silencing rate: 1.0173184318164746e-10
Sigma: 1.720668512434868
Initial point 3. Random seed: 2791
Solving with ultrametric constraint
Optimal point found for initial point 3
Negative llh: 155.45215532892416
Dropout rate: 3.687317922917599e-10
Silencing rate: 1.019990254986223e-10
Sigma: 1.7201453534014872
Initial point 4. Random seed: 3600
Solving with ultrametric constraint
Optimal point found for initial point 4
Negative llh: 155.45167870715338
Dropout rate: 1.0000000000000002e-10
Silencing rate: 1e-10
Sigma: 1.7181163296460058
Initial point 5. Random seed: 9011
Solving with ultrametric constraint
Optimal point found for initial point 5
Negative llh: 155.45167898408195
Dropout rate: 1e-10
Silencing rate: 1e-10
Sigma: 1.718018932028098
Initial point 6. Random seed: 7301
Solving with ultrametric constraint
Optimal point found for initial point 6
Negative llh: 155.45167871876768
Dropout rate: 1e-10
Silencing rate: 1e-10
Sigma: 1.718139267507406
Initial point 7. Random seed: 1729
Solving with ultrametric constraint
Optimal point found for initial point 7
Negative llh: 155.45172690387713
Dropout rate: 1.0000000000000002e-10
Silencing rate: 1e-10
Sigma: 1.7181844114005347
Initial point 8. Random seed: 6882
Solving with ultrametric constraint
Optimal point found for initial point 8
Negative llh: 155.45167859294173
Dropout rate: 1.0960955138912706e-10
Silencing rate: 1.0420998551604866e-10
Sigma: 1.7181315325078137
Initial point 9. Random seed: 5941
Solving with ultrametric constraint
Optimal point found for initial point 9
Negative llh: 155.451792325553
Dropout rate: 1e-10
Silencing rate: 1e-10
Sigma: 1.7178485687601375
Initial point 10. Random seed: 4141
Solving with ultrametric constraint
Optimal point found for initial point 10
Negative llh: 155.45167883860142
Dropout rate: 9.999999999999996e-11
Silencing rate: 1.0000000000000002e-10
Sigma: 1.7180563375588649
Runtime (s): 578.7907973858528
