Launching Problin version 0.5b
Problin was called as follow: /u/gh2161/Spatial-Division/problin/run_problin.py -c intmem_real_data/s7c1/characters.txt -t intmem_real_data/s7c1/true_tree.nwk -S intmem_real_data/s7c1/leaf_locations.txt --delimiter comma -p intmem_real_data/s7c1/prior.csv -o intmem_real_data/s7c1/spalin-divide-beta3.txt --nInitials 10 --ultrametric --randomreps 3 --divide --radius 3
Optimization by Spalin-Divide: Scipy-SLSQP using spatial information
Optimizing branch lengths, phi, and nu without topology search
Initial point 1. Random seed: 9143
Solving with ultrametric constraint
Optimal point found for initial point 1
Negative llh: 251.87466016625478
Dropout rate: 3.75215951163538e-09
Silencing rate: 2.3947292408485318e-09
Sigma: 1.5986112749829613
Lambda: 0.0073317532423740105
Initial point 2. Random seed: 213
Solving with ultrametric constraint
Optimal point found for initial point 2
Negative llh: 256.4995153339305
Dropout rate: 4.695833062998951e-10
Silencing rate: 2.5234055022182994e-10
Sigma: 1.5431439394259674
Lambda: 0.004178048801591823
Initial point 3. Random seed: 6015
Solving with ultrametric constraint
Optimal point found for initial point 3
Negative llh: 251.87473590696993
Dropout rate: 1e-10
Silencing rate: 1e-10
Sigma: 1.5983796352619972
Lambda: 0.007329183023302401
Initial point 4. Random seed: 32
Solving with ultrametric constraint
Optimal point found for initial point 4
Negative llh: 251.87491687097236
Dropout rate: 1.0000000000000007e-10
Silencing rate: 1.0000000000000007e-10
Sigma: 1.5992058831018066
Lambda: 0.007339195489207141
Initial point 5. Random seed: 3518
Solving with ultrametric constraint
Optimal point found for initial point 5
Negative llh: 222093.7208828518
Dropout rate: 3.652486853491485e-07
Silencing rate: 0.013565100874492173
Sigma: 10.318682031494495
Lambda: 93.42263495581732
Initial point 6. Random seed: 3128
Solving with ultrametric constraint
Optimal point found for initial point 6
Negative llh: 251.8751036790209
Dropout rate: 1e-10
Silencing rate: 1e-10
Sigma: 1.598461236594135
Lambda: 0.007326281423681678
Initial point 7. Random seed: 5380
Solving with ultrametric constraint
Optimal point found for initial point 7
Negative llh: 251.87479970818302
Dropout rate: 1e-10
Silencing rate: 1e-10
Sigma: 1.5985860532764293
Lambda: 0.007333007334970979
Initial point 8. Random seed: 8654
Solving with ultrametric constraint
Optimal point found for initial point 8
Negative llh: 251.8750458365845
Dropout rate: 1e-10
Silencing rate: 1e-10
Sigma: 1.5979920363220925
Lambda: 0.007331624223807593
Initial point 9. Random seed: 6762
Solving with ultrametric constraint
Optimal point found for initial point 9
Negative llh: 251.87503430248648
Dropout rate: 3.7064667283507016e-10
Silencing rate: 2.6753620660424074e-10
Sigma: 1.5989655896956514
Lambda: 0.007332396217128388
Initial point 10. Random seed: 2989
Solving with ultrametric constraint
Optimal point found for initial point 10
Negative llh: 251.87548452937708
Dropout rate: 2.148094396033328e-09
Silencing rate: 1.383987038714857e-09
Sigma: 1.5977072486382131
Lambda: 0.007328130456223259
{'lambda_param': 0.0073317532423740105, 'phi': 3.75215951163538e-09, 'nu': 2.3947292408485318e-09, 'sigma': 1.5986112749829613, 'locations': {'216_20': (147.0, 357.0), '216_17': (141.0, 393.0), '216_2': (88.0, 378.0), '216_1': (90.0, 429.0), '216_4': (111.0, 432.0), '216_3': (116.0, 463.0), '216_8': (107.0, 339.0), '216_7': (94.0, 326.0), '216_6': (107.0, 364.0), '216_5': (100.0, 388.0), '216_10': (178.0, 398.0), '216_9': (154.0, 404.0), '216_12': (184.0, 350.0), '216_11': (177.0, 380.0), '216_16': (184.0, 332.0), '216_15': (162.0, 363.0), '216_14': (194.0, 357.0), '216_13': (206.0, 388.0)}, 'radius': 3.0, 'thetas': {'184_7': 1.2014067235358088, '187_10': 8.47129787565342, '144_4': 0.7398411895040296, '193_8': 8.08318284969989, '199_9': -9.66941425448954, '156_4': -1.1637563783660336, '105_2': 11.504347749078404, '186_3': -35.8438867727917, '189_5': -21.205317868314552, '150_2': 1.5822432422895034, '196_2': -17.438814381765678, '197_1': 1.531526334874538, '158_1': 7.306657821253973, '106_1': 4.718024778515087, '60_1': -0.236044760252403, '121_5': 14.303236986297037, '4_1': -41.5338994292552}}
Runtime (s): 1307.501599546522
