Launching Problin version 0.5b
Problin was called as follow: /u/gh2161/Spatial-Division/problin/run_problin.py -c real_location_data/s15c7/k10_r5_character_matrix.csv -t real_location_data/s15c7/true_tree.nwk -S real_location_data/s15c7/leaf_locations.txt --delimiter comma -p real_location_data/s15c7/k10_priors.csv -o real_location_data/s15c7/k10_r5_spalin-spatialonly.txt --nInitials 10 --ultrametric --randomreps 3 --spatial_only
Optimization by Spalin: Scipy-SLSQP using spatial information
Optimizing branch lengths, phi, and nu without topology search
only spatial
Initial point 1. Random seed: 6456
Solving with ultrametric constraint
Optimal point found for initial point 1
Negative llh: 199.6439536921602
Dropout rate: 0.5376134047447223
Silencing rate: 0.22569580989665952
Sigma: 3.9914265404211573
Lambda: 1.0
Initial point 2. Random seed: 6615
Solving with ultrametric constraint
Optimal point found for initial point 2
Negative llh: 199.6439536921602
Dropout rate: 0.5249261774636976
Silencing rate: 0.6391218720635096
Sigma: 3.9914265404211573
Lambda: 1.0
Initial point 3. Random seed: 2254
Solving with ultrametric constraint
Optimal point found for initial point 3
Negative llh: 199.6439536921602
Dropout rate: 0.8751018403875966
Silencing rate: 0.5880375084777569
Sigma: 3.9914265404211573
Lambda: 1.0
Initial point 4. Random seed: 9295
Solving with ultrametric constraint
Optimal point found for initial point 4
Negative llh: 199.6439536921602
Dropout rate: 0.2761045495974525
Silencing rate: 0.7288261119447077
Sigma: 3.9914265404211573
Lambda: 1.0
Initial point 5. Random seed: 6509
Solving with ultrametric constraint
Optimal point found for initial point 5
Negative llh: 199.6439536921602
Dropout rate: 0.3882063842289185
Silencing rate: 0.8192727700914303
Sigma: 3.9914265404211573
Lambda: 1.0
Initial point 6. Random seed: 4610
Solving with ultrametric constraint
Optimal point found for initial point 6
Negative llh: 199.6439536921602
Dropout rate: 0.6669444643827216
Silencing rate: 0.5955000766239408
Sigma: 3.9914265404211573
Lambda: 1.0
Initial point 7. Random seed: 5916
Solving with ultrametric constraint
Optimal point found for initial point 7
Negative llh: 199.6439536921602
Dropout rate: 0.6659935878513675
Silencing rate: 0.7773113521321031
Sigma: 3.9914265404211573
Lambda: 1.0
Initial point 8. Random seed: 4125
Solving with ultrametric constraint
Optimal point found for initial point 8
Negative llh: 199.6439536921602
Dropout rate: 0.3458402784635361
Silencing rate: 0.3049471911540643
Sigma: 3.9914265404211573
Lambda: 1.0
Initial point 9. Random seed: 6854
Solving with ultrametric constraint
Optimal point found for initial point 9
Negative llh: 199.6439536921602
Dropout rate: 0.2076217113582878
Silencing rate: 0.5822788250565207
Sigma: 3.9914265404211573
Lambda: 1.0
Initial point 10. Random seed: 9171
Solving with ultrametric constraint
Optimal point found for initial point 10
Negative llh: 199.6439536921602
Dropout rate: 0.7272478893114414
Silencing rate: 0.7269277242077068
Sigma: 3.9914265404211573
Lambda: 1.0
{'lambda_param': 1.0, 'phi': 0.5376134047447223, 'nu': 0.22569580989665952, 'sigma': 3.9914265404211573, 'locations': {'216_14': (277.0, 293.0), '216_16': (244.0, 271.0), '216_15': (259.0, 266.0), '216_10': (230.0, 312.0), '216_9': (240.0, 339.0), '216_12': (267.0, 311.0), '216_11': (261.0, 332.0), '216_8': (305.0, 315.0), '216_7': (329.0, 314.0), '216_6': (287.0, 320.0), '216_5': (275.0, 339.0), '216_4': (328.0, 296.0), '216_3': (347.0, 307.0), '216_2': (325.0, 326.0), '216_1': (339.0, 323.0), '216_17': (367.0, 301.0), '216_19': (361.0, 280.0), '216_18': (344.0, 286.0), '216_21': (335.0, 229.0), '216_20': (349.0, 262.0), '216_30': (287.0, 224.0), '216_29': (289.0, 244.0), '216_28': (290.0, 263.0), '216_27': (271.0, 276.0), '216_26': (302.0, 224.0), '216_25': (317.0, 258.0), '216_24': (313.0, 275.0), '216_23': (296.0, 296.0), '216_22': (315.0, 305.0)}}
Runtime (s): 530.4629466086626
