Launching Problin version 0.5b
Problin was called as follow: /u/gh2161/Spatial-Division/problin/run_problin.py -c real_location_data/s15c7/k10_r2_character_matrix.csv -t real_location_data/s15c7/true_tree.nwk -S real_location_data/s15c7/leaf_locations.txt --delimiter comma -p real_location_data/s15c7/k10_priors.csv -o real_location_data/s15c7/k10_r2_spalin-divide-beta8.txt --nInitials 10 --ultrametric --randomreps 3 --divide --given_beta 8 --incl_beta_bound
Optimization by Spalin-Divide: Scipy-SLSQP using spatial information
Optimizing branch lengths, phi, and nu without topology search
Initial point 1. Random seed: 3977
Solving with ultrametric constraint
Optimal point found for initial point 1
Negative llh: 360.0595850059619
Dropout rate: 1.067191048129593e-09
Silencing rate: 4.441563978434803e-10
Sigma: 4.376815790872262
Initial point 2. Random seed: 425
Solving with ultrametric constraint
Optimal point found for initial point 2
Negative llh: 360.05959398762093
Dropout rate: 5.330227402035735e-10
Silencing rate: 2.5407477626345976e-10
Sigma: 4.376786958911084
Initial point 3. Random seed: 3705
Solving with ultrametric constraint
Fatal: failed to optimize using initial point 3
Initial point 4. Random seed: 4147
Solving with ultrametric constraint
Optimal point found for initial point 4
Negative llh: 360.0595770450624
Dropout rate: 3.9891426584458986e-10
Silencing rate: 2.0628100817030467e-10
Sigma: 4.376820985809902
Initial point 5. Random seed: 4618
Solving with ultrametric constraint
Optimal point found for initial point 5
Negative llh: 360.0595782429858
Dropout rate: 4.818782847497871e-10
Silencing rate: 9.209829246350927e-10
Sigma: 4.376830647096398
Initial point 6. Random seed: 7742
Solving with ultrametric constraint
Optimal point found for initial point 6
Negative llh: 360.0595857305803
Dropout rate: 7.10044370870151e-10
Silencing rate: 3.170792551956316e-10
Sigma: 4.37677227135249
Initial point 7. Random seed: 3714
Solving with ultrametric constraint
Fatal: failed to optimize using initial point 7
Initial point 8. Random seed: 480
Solving with ultrametric constraint
Optimal point found for initial point 8
Negative llh: 360.05957638740415
Dropout rate: 2.7123927036577497e-10
Silencing rate: 1.6092879449659465e-10
Sigma: 4.37681065484606
Initial point 9. Random seed: 5179
Solving with ultrametric constraint
Fatal: failed to optimize using initial point 9
Initial point 10. Random seed: 9164
Solving with ultrametric constraint
Fatal: failed to optimize using initial point 10
Runtime (s): 4387.471513515338
