Launching Problin version 0.5b
Problin was called as follow: /u/gh2161/Spatial-Division/problin/run_problin.py -c real_location_data/s15c7/k10_r2_character_matrix.csv -t real_location_data/s15c7/true_tree.nwk -S real_location_data/s15c7/leaf_locations.txt --delimiter comma -p real_location_data/s15c7/k10_priors.csv -o real_location_data/s15c7/k10_r2_spalin-divide-beta6.txt --nInitials 10 --ultrametric --randomreps 3 --divide --given_beta 6 --incl_beta_bound
Optimization by Spalin-Divide: Scipy-SLSQP using spatial information
Optimizing branch lengths, phi, and nu without topology search
Initial point 1. Random seed: 1579
Solving with ultrametric constraint
Optimal point found for initial point 1
Negative llh: 376.679212142602
Dropout rate: 6.520811990150993e-10
Silencing rate: 2.931123844928502e-10
Sigma: 4.9520181105709895
Initial point 2. Random seed: 4336
Solving with ultrametric constraint
Optimal point found for initial point 2
Negative llh: 376.6792093546411
Dropout rate: 4.5889235384003956e-10
Silencing rate: 2.255286893092509e-10
Sigma: 4.952018956438879
Initial point 3. Random seed: 1954
Solving with ultrametric constraint
Optimal point found for initial point 3
Negative llh: 376.67920955649714
Dropout rate: 1.0567263464715378e-10
Silencing rate: 1.0198410542809152e-10
Sigma: 4.9520160140665235
Initial point 4. Random seed: 8787
Solving with ultrametric constraint
Optimal point found for initial point 4
Negative llh: 376.67920935422194
Dropout rate: 3.0797155625103935e-10
Silencing rate: 1.727467550499785e-10
Sigma: 4.952029134401706
Initial point 5. Random seed: 6259
Solving with ultrametric constraint
Fatal: failed to optimize using initial point 5
Initial point 6. Random seed: 953
Solving with ultrametric constraint
Optimal point found for initial point 6
Negative llh: 376.67921153818514
Dropout rate: 2.1150711634567907e-09
Silencing rate: 8.047925079617784e-10
Sigma: 4.95197514670237
Initial point 7. Random seed: 4403
Solving with ultrametric constraint
Fatal: failed to optimize using initial point 7
Initial point 8. Random seed: 7159
Solving with ultrametric constraint
Fatal: failed to optimize using initial point 8
Initial point 9. Random seed: 6989
Solving with ultrametric constraint
Optimal point found for initial point 9
Negative llh: 376.6792126834247
Dropout rate: 1.4685108468543033e-09
Silencing rate: 1.0719138436681645e-09
Sigma: 4.9520408033070344
Initial point 10. Random seed: 1775
Solving with ultrametric constraint
Optimal point found for initial point 10
Negative llh: 376.67921052197664
Dropout rate: 1.0000000000000007e-10
Silencing rate: 9.999999999999996e-11
Sigma: 4.952111110177384
Runtime (s): 6116.850740067661
