Launching Problin version 0.5b
Problin was called as follow: /u/gh2161/Spatial-Division/problin/run_problin.py -c real_location_data/s15c7/k10_r3_character_matrix.csv -t real_location_data/s15c7/true_tree.nwk -S real_location_data/s15c7/leaf_locations.txt --delimiter comma -p real_location_data/s15c7/k10_priors.csv -o real_location_data/s15c7/k10_r3_spalin-divide-beta7.txt --nInitials 10 --ultrametric --randomreps 3 --divide --radius 7
Optimization by Spalin-Divide: Scipy-SLSQP using spatial information
Optimizing branch lengths, phi, and nu without topology search
Initial point 1. Random seed: 838
Solving with ultrametric constraint
Optimal point found for initial point 1
Negative llh: 322.990147448652
Dropout rate: 1e-10
Silencing rate: 1e-10
Sigma: 1.3065187111016272
Initial point 2. Random seed: 2260
Solving with ultrametric constraint
Optimal point found for initial point 2
Negative llh: 322.9899835443558
Dropout rate: 9.999999999999924e-11
Silencing rate: 1e-10
Sigma: 1.306604507411146
Initial point 3. Random seed: 4077
Solving with ultrametric constraint
Optimal point found for initial point 3
Negative llh: 322.9907025756449
Dropout rate: 2.135650008424212e-09
Silencing rate: 1.0007915087428761e-10
Sigma: 1.3064632227737893
Initial point 4. Random seed: 4520
Solving with ultrametric constraint
Optimal point found for initial point 4
Negative llh: 322.9903408242819
Dropout rate: 1e-10
Silencing rate: 1e-10
Sigma: 1.3063210024501883
Initial point 5. Random seed: 6937
Solving with ultrametric constraint
Optimal point found for initial point 5
Negative llh: 322.99002266160267
Dropout rate: 3.5797845799901623e-09
Silencing rate: 1.0012105018525075e-10
Sigma: 1.306591570087938
Initial point 6. Random seed: 6583
Solving with ultrametric constraint
Fatal: failed to optimize using initial point 6
Initial point 7. Random seed: 9691
Solving with ultrametric constraint
Optimal point found for initial point 7
Negative llh: 322.9904233289444
Dropout rate: 9.812042717568713e-10
Silencing rate: 3.7644815301256533e-10
Sigma: 1.3067308939107254
Initial point 8. Random seed: 1095
Solving with ultrametric constraint
Optimal point found for initial point 8
Negative llh: 322.990021964487
Dropout rate: 5.3126830466139445e-09
Silencing rate: 1.1991025759368383e-10
Sigma: 1.3065895830822245
Initial point 9. Random seed: 9714
Solving with ultrametric constraint
Optimal point found for initial point 9
Negative llh: 32183.60408728189
Dropout rate: 0.0006428125587539151
Silencing rate: 0.03698469228065245
Sigma: 3.5601090152672614
Initial point 10. Random seed: 8031
Solving with ultrametric constraint
Optimal point found for initial point 10
Negative llh: 322.99019843777893
Dropout rate: 1e-10
Silencing rate: 1e-10
Sigma: 1.306607460032333
Runtime (s): 2798.252442503348
