Launching Problin version 0.5b
Problin was called as follow: /u/gh2161/Spatial-Division/problin/run_problin.py -c real_location_data/s15c7/k10_r5_character_matrix.csv -t real_location_data/s15c7/true_tree.nwk -S real_location_data/s15c7/leaf_locations.txt --delimiter comma -p real_location_data/s15c7/k10_priors.csv -o real_location_data/s15c7/k10_r5_spalin-divide-beta2.txt --nInitials 10 --ultrametric --randomreps 3 --divide --given_beta 2 --incl_beta_bound
Optimization by Spalin-Divide: Scipy-SLSQP using spatial information
Optimizing branch lengths, phi, and nu without topology search
Initial point 1. Random seed: 5616
Solving with ultrametric constraint
Optimal point found for initial point 1
Negative llh: 383.1807455419873
Dropout rate: 1.399602915527871e-10
Silencing rate: 1.1634988149265757e-10
Sigma: 5.7072032502515055
Initial point 2. Random seed: 1305
Solving with ultrametric constraint
Optimal point found for initial point 2
Negative llh: 383.18076118121877
Dropout rate: 1.7979795392632903e-10
Silencing rate: 1.3265333741294349e-10
Sigma: 5.707211419766175
Initial point 3. Random seed: 2720
Solving with ultrametric constraint
Optimal point found for initial point 3
Negative llh: 383.18074471556866
Dropout rate: 1e-10
Silencing rate: 1e-10
Sigma: 5.707205218686684
Initial point 4. Random seed: 5946
Solving with ultrametric constraint
Optimal point found for initial point 4
Negative llh: 383.1807537557479
Dropout rate: 2.131138957619608e-10
Silencing rate: 1.4628349946903973e-10
Sigma: 5.707231899785539
Initial point 5. Random seed: 2670
Solving with ultrametric constraint
Optimal point found for initial point 5
Negative llh: 383.1807439419198
Dropout rate: 1.245854643043195e-10
Silencing rate: 1.100587350576221e-10
Sigma: 5.707188601198914
Initial point 6. Random seed: 3970
Solving with ultrametric constraint
Optimal point found for initial point 6
Negative llh: 383.1807520507922
Dropout rate: 5.522753649773962e-10
Silencing rate: 2.8505390536726363e-10
Sigma: 5.707212603887299
Initial point 7. Random seed: 5765
Solving with ultrametric constraint
Optimal point found for initial point 7
Negative llh: 383.18074608550796
Dropout rate: 2.510642927221576e-10
Silencing rate: 1.6181676883663933e-10
Sigma: 5.7072091473629545
Initial point 8. Random seed: 3177
Solving with ultrametric constraint
Optimal point found for initial point 8
Negative llh: 383.18074397376364
Dropout rate: 3.6397810055616076e-10
Silencing rate: 2.0801318824361104e-10
Sigma: 5.707161462639423
Initial point 9. Random seed: 8191
Solving with ultrametric constraint
Optimal point found for initial point 9
Negative llh: 383.1807440465684
Dropout rate: 2.1119979072014895e-10
Silencing rate: 1.4550175129657165e-10
Sigma: 5.70715235118642
Initial point 10. Random seed: 6784
Solving with ultrametric constraint
Fatal: failed to optimize using initial point 10
Runtime (s): 2791.213774695061
