Launching Problin version 0.5b
Problin was called as follow: /u/gh2161/Spatial-Division/problin/run_problin.py -c real_location_data/s15c7/k10_r3_character_matrix.csv -t real_location_data/s15c7/true_tree.nwk -S real_location_data/s15c7/leaf_locations.txt --delimiter comma -p real_location_data/s15c7/k10_priors.csv -o real_location_data/s15c7/k10_r3_spalin-divide-beta20.txt --nInitials 10 --ultrametric --randomreps 3 --divide --given_beta 20 --incl_beta_bound
Optimization by Spalin-Divide: Scipy-SLSQP using spatial information
Optimizing branch lengths, phi, and nu without topology search
Initial point 1. Random seed: 3140
Solving with ultrametric constraint
Optimal point found for initial point 1
Negative llh: 317.1757281332618
Dropout rate: 1.0485815636220153e-09
Silencing rate: 6.493184156725791e-10
Sigma: 3.4047320928415092
Initial point 2. Random seed: 2808
Solving with ultrametric constraint
Optimal point found for initial point 2
Negative llh: 317.17572687089216
Dropout rate: 1e-10
Silencing rate: 1e-10
Sigma: 3.4046984891992174
Initial point 3. Random seed: 2597
Solving with ultrametric constraint
Optimal point found for initial point 3
Negative llh: 317.1757280359882
Dropout rate: 3.2866222036735654e-10
Silencing rate: 2.3241880461973567e-10
Sigma: 3.4046631113455015
Initial point 4. Random seed: 6374
Solving with ultrametric constraint
Optimal point found for initial point 4
Negative llh: 317.17573042065374
Dropout rate: 3.1019795578656146e-10
Silencing rate: 2.2169803139666785e-10
Sigma: 3.404690960138941
Initial point 5. Random seed: 4446
Solving with ultrametric constraint
Optimal point found for initial point 5
Negative llh: 317.17572813428444
Dropout rate: 1.0431146936600916e-10
Silencing rate: 1.3938997157064255e-10
Sigma: 3.4047321735072957
Initial point 6. Random seed: 4168
Solving with ultrametric constraint
Optimal point found for initial point 6
Negative llh: 317.1757362696285
Dropout rate: 8.062985148299802e-10
Silencing rate: 5.090020635714375e-10
Sigma: 3.404747606863319
Initial point 7. Random seed: 6752
Solving with ultrametric constraint
Optimal point found for initial point 7
Negative llh: 317.1757345663066
Dropout rate: 1.9748999517892296e-09
Silencing rate: 1.1856900846382133e-09
Sigma: 3.4047091708128674
Initial point 8. Random seed: 6747
Solving with ultrametric constraint
Optimal point found for initial point 8
Negative llh: 317.1757302805106
Dropout rate: 7.320721498108139e-10
Silencing rate: 4.5084455902650893e-10
Sigma: 3.404711525350193
Initial point 9. Random seed: 1994
Solving with ultrametric constraint
Fatal: failed to optimize using initial point 9
Initial point 10. Random seed: 5739
Solving with ultrametric constraint
Optimal point found for initial point 10
Negative llh: 317.17573059963286
Dropout rate: 2.964220136040184e-10
Silencing rate: 2.137402598106406e-10
Sigma: 3.4046981381704664
Runtime (s): 5368.640570543706
