Launching Problin version 0.5b
Problin was called as follow: /u/gh2161/Spatial-Division/problin/run_problin.py -c real_location_data/s15c7/k10_r2_character_matrix.csv -t real_location_data/s15c7/true_tree.nwk -S real_location_data/s15c7/leaf_locations.txt --delimiter comma -p real_location_data/s15c7/k10_priors.csv -o real_location_data/s15c7/k10_r2_spalin-divide-beta3.txt --nInitials 10 --ultrametric --randomreps 3 --divide --radius 3
Optimization by Spalin-Divide: Scipy-SLSQP using spatial information
Optimizing branch lengths, phi, and nu without topology search
Initial point 1. Random seed: 5569
Solving with ultrametric constraint
Optimal point found for initial point 1
Negative llh: 396.3324678604133
Dropout rate: 1.8372132732449228e-09
Silencing rate: 1.0084192560571483e-10
Sigma: 1.478575912991515
Initial point 2. Random seed: 5999
Solving with ultrametric constraint
Optimal point found for initial point 2
Negative llh: 396.33261106455933
Dropout rate: 1e-10
Silencing rate: 1e-10
Sigma: 1.4787214048761657
Initial point 3. Random seed: 3282
Solving with ultrametric constraint
Optimal point found for initial point 3
Negative llh: 396.33223969052165
Dropout rate: 5.377653269447189e-10
Silencing rate: 9.257991487180309e-10
Sigma: 1.4786498432297115
Initial point 4. Random seed: 1046
Solving with ultrametric constraint
Optimal point found for initial point 4
Negative llh: 396.3325294212997
Dropout rate: 1.1237435377728036e-10
Silencing rate: 1.0439609326757497e-10
Sigma: 1.4789380334895428
Initial point 5. Random seed: 9458
Solving with ultrametric constraint
Fatal: failed to optimize using initial point 5
Initial point 6. Random seed: 5737
Solving with ultrametric constraint
Optimal point found for initial point 6
Negative llh: 396.3338989196299
Dropout rate: 9.999999999999924e-11
Silencing rate: 1.0000000000000007e-10
Sigma: 1.4788172418354186
Initial point 7. Random seed: 7213
Solving with ultrametric constraint
Optimal point found for initial point 7
Negative llh: 396.3326156673271
Dropout rate: 8.488858832660757e-10
Silencing rate: 1.0680108113480983e-10
Sigma: 1.4790594382777935
Initial point 8. Random seed: 3262
Solving with ultrametric constraint
Optimal point found for initial point 8
Negative llh: 396.33259614940545
Dropout rate: 6.667348438468149e-10
Silencing rate: 1.0890788074516052e-10
Sigma: 1.4787576705609278
Initial point 9. Random seed: 3654
Solving with ultrametric constraint
Optimal point found for initial point 9
Negative llh: 588.7570538391878
Dropout rate: 1.838193984287341e-07
Silencing rate: 2.82335216590997e-06
Sigma: 10.830490456149745
Initial point 10. Random seed: 3354
Solving with ultrametric constraint
Optimal point found for initial point 10
Negative llh: 396.3323171447745
Dropout rate: 1.0000129910391417e-10
Silencing rate: 1.0000046156331606e-10
Sigma: 1.4785709582464657
Runtime (s): 4134.331275373697
