Launching Problin version 0.5b
Problin was called as follow: /u/gh2161/Spatial-Division/problin/run_problin.py -c real_location_data/s12c4/k10_r3_character_matrix.csv -t real_location_data/s12c4/true_tree.nwk -S real_location_data/s12c4/leaf_locations.txt --delimiter comma -p real_location_data/s12c4/k10_priors.csv -o real_location_data/s12c4/k10_r3_spalin-divide-beta5.txt --nInitials 10 --ultrametric --randomreps 3 --divide --radius 5
Optimization by Spalin-Divide: Scipy-SLSQP using spatial information
Optimizing branch lengths, phi, and nu without topology search
Initial point 1. Random seed: 8084
Solving with ultrametric constraint
Optimal point found for initial point 1
Negative llh: 239.3455371458173
Dropout rate: 1.5180819098535208e-09
Silencing rate: 1.0456181892381567e-10
Sigma: 1.428935897934988
Lambda: 0.005846674091219146
Initial point 2. Random seed: 1598
Solving with ultrametric constraint
Optimal point found for initial point 2
Negative llh: 239.34565356750824
Dropout rate: 9.999999999999996e-11
Silencing rate: 1.0000000000000002e-10
Sigma: 1.428431702007968
Lambda: 0.005845860494318077
Initial point 3. Random seed: 4585
Solving with ultrametric constraint
Optimal point found for initial point 3
Negative llh: 239.34550066343104
Dropout rate: 1e-10
Silencing rate: 1e-10
Sigma: 1.4289984979524195
Lambda: 0.005846382594114798
Initial point 4. Random seed: 5063
Solving with ultrametric constraint
Optimal point found for initial point 4
Negative llh: 271057.0216139492
Dropout rate: 0.00011388834663952926
Silencing rate: 0.29783114289589263
Sigma: 23.304801425889316
Lambda: 88.00865553075495
Initial point 5. Random seed: 1300
Solving with ultrametric constraint
Optimal point found for initial point 5
Negative llh: 239.34549807385923
Dropout rate: 1.0010328322887061e-10
Silencing rate: 1.0004121984370847e-10
Sigma: 1.4289601162220626
Lambda: 0.00584636366903008
Initial point 6. Random seed: 1879
Solving with ultrametric constraint
Optimal point found for initial point 6
Negative llh: 239.3455272175834
Dropout rate: 6.873644807760182e-10
Silencing rate: 3.346256667205209e-10
Sigma: 1.4287365733147628
Lambda: 0.005845847191236535
Initial point 7. Random seed: 4197
Solving with ultrametric constraint
Optimal point found for initial point 7
Negative llh: 239.345711848073
Dropout rate: 1e-10
Silencing rate: 1e-10
Sigma: 1.4284412908620763
Lambda: 0.005845521673481689
Initial point 8. Random seed: 1872
Solving with ultrametric constraint
Optimal point found for initial point 8
Negative llh: 239.3542174803042
Dropout rate: 1.2563944376987725e-10
Silencing rate: 2.698109104013893e-10
Sigma: 1.4212893723050422
Lambda: 0.005737240626012276
Initial point 9. Random seed: 5749
Solving with ultrametric constraint
Optimal point found for initial point 9
Negative llh: 239.34549689223456
Dropout rate: 1.7281806763671454e-09
Silencing rate: 1.0015395607460219e-10
Sigma: 1.428940880584385
Lambda: 0.005846337182224254
Initial point 10. Random seed: 6029
Solving with ultrametric constraint
Fatal: failed to optimize using initial point 10
{'lambda_param': 0.005846337182224254, 'phi': 1.7281806763671454e-09, 'nu': 1.0015395607460219e-10, 'sigma': 1.428940880584385, 'locations': {'216_2': (145.0, 436.0), '216_1': (165.0, 454.0), '216_4': (205.0, 440.0), '216_3': (184.0, 457.0), '216_8': (147.0, 409.0), '216_7': (160.0, 418.0), '216_16': (208.0, 428.0), '216_15': (215.0, 457.0), '216_18': (202.0, 377.0), '216_17': (203.0, 412.0), '216_22': (205.0, 362.0), '216_21': (221.0, 373.0), '216_20': (193.0, 357.0), '216_19': (185.0, 395.0), '216_10': (159.0, 437.0), '216_9': (186.0, 438.0), '216_12': (153.0, 390.0), '216_11': (167.0, 399.0), '216_14': (164.0, 372.0), '216_13': (168.0, 387.0)}, 'radius': 5.0, 'thetas': {'187_8': 1.3102060821347032, '190_7': 0.5713290356926575, '139_4': -32.60462802778328, '203_8': 6.3201714467822425, '91_3': 4.5106513588672925, '186_13': 14.34462043729018, '188_16': 0.6022775872087722, '136_6': 2.9154489117253406, '182_10': -17.307206659020412, '183_9': 1.3339272570304899, '138_5': -1.7426713178764153, '91_4': -1.7021437693048176, '44_2': 2.6546567959790925, '195_2': 2.461108435550581, '196_1': 7.016019653612204, '153_1': 6.329127268172476, '198_6': 0.6055697175219937, '106_1': 1.1084923452117386, 'virtual': -0.9775837209286702}}
Runtime (s): 1351.57211731188
