Launching Problin version 0.5b
Problin was called as follow: /u/gh2161/Spatial-Division/problin/run_problin.py -c real_location_data/s12c4/k10_r5_character_matrix.csv -t real_location_data/s12c4/true_tree.nwk -S real_location_data/s12c4/leaf_locations.txt --delimiter comma -p real_location_data/s12c4/k10_priors.csv -o real_location_data/s12c4/k10_r5_spalin-spatialonly.txt --nInitials 10 --ultrametric --randomreps 3 --spatial_only
Optimization by Spalin: Scipy-SLSQP using spatial information
Optimizing branch lengths, phi, and nu without topology search
only spatial
Initial point 1. Random seed: 6645
Solving with ultrametric constraint
Optimal point found for initial point 1
Negative llh: 133.87786263147183
Dropout rate: 0.38773509533625217
Silencing rate: 0.9066605336196937
Sigma: 2.9084983310993913
Lambda: 1.0
Initial point 2. Random seed: 487
Solving with ultrametric constraint
Optimal point found for initial point 2
Negative llh: 133.87786263147183
Dropout rate: 0.3713264207607372
Silencing rate: 0.9015954917628747
Sigma: 2.9084983310993913
Lambda: 1.0
Initial point 3. Random seed: 1269
Solving with ultrametric constraint
Optimal point found for initial point 3
Negative llh: 133.87786263147183
Dropout rate: 0.45044683231511
Silencing rate: 0.7076674362105053
Sigma: 2.9084983310993913
Lambda: 1.0
Initial point 4. Random seed: 2069
Solving with ultrametric constraint
Optimal point found for initial point 4
Negative llh: 133.87786263147183
Dropout rate: 0.10560337762359116
Silencing rate: 0.38835010333999465
Sigma: 2.9084983310993913
Lambda: 1.0
Initial point 5. Random seed: 4924
Solving with ultrametric constraint
Optimal point found for initial point 5
Negative llh: 133.87786263147183
Dropout rate: 0.45958424713807056
Silencing rate: 0.15681596382427984
Sigma: 2.9084983310993913
Lambda: 1.0
Initial point 6. Random seed: 6820
Solving with ultrametric constraint
Optimal point found for initial point 6
Negative llh: 133.87786263147183
Dropout rate: 0.7885849287123814
Silencing rate: 0.13868049828991927
Sigma: 2.9084983310993913
Lambda: 1.0
Initial point 7. Random seed: 2274
Solving with ultrametric constraint
Optimal point found for initial point 7
Negative llh: 133.87786263147183
Dropout rate: 0.5374452677301192
Silencing rate: 0.04770870221331079
Sigma: 2.9084983310993913
Lambda: 1.0
Initial point 8. Random seed: 7066
Solving with ultrametric constraint
Optimal point found for initial point 8
Negative llh: 133.87786263147183
Dropout rate: 0.5620145751947768
Silencing rate: 0.42868591886223517
Sigma: 2.9084983310993913
Lambda: 1.0
Initial point 9. Random seed: 2161
Solving with ultrametric constraint
Optimal point found for initial point 9
Negative llh: 133.87786263147183
Dropout rate: 0.5241088046184763
Silencing rate: 0.04618471377720287
Sigma: 2.9084983310993913
Lambda: 1.0
Initial point 10. Random seed: 6866
Solving with ultrametric constraint
Optimal point found for initial point 10
Negative llh: 133.87786263147183
Dropout rate: 0.6427941549451326
Silencing rate: 0.35879797240490585
Sigma: 2.9084983310993913
Lambda: 1.0
{'lambda_param': 1.0, 'phi': 0.38773509533625217, 'nu': 0.9066605336196937, 'sigma': 2.9084983310993913, 'locations': {'216_2': (145.0, 436.0), '216_1': (165.0, 454.0), '216_4': (205.0, 440.0), '216_3': (184.0, 457.0), '216_8': (147.0, 409.0), '216_7': (160.0, 418.0), '216_16': (208.0, 428.0), '216_15': (215.0, 457.0), '216_18': (202.0, 377.0), '216_17': (203.0, 412.0), '216_22': (205.0, 362.0), '216_21': (221.0, 373.0), '216_20': (193.0, 357.0), '216_19': (185.0, 395.0), '216_10': (159.0, 437.0), '216_9': (186.0, 438.0), '216_12': (153.0, 390.0), '216_11': (167.0, 399.0), '216_14': (164.0, 372.0), '216_13': (168.0, 387.0)}}
Runtime (s): 238.96238424442708
