Launching Problin version 0.5b
Problin was called as follow: /u/gh2161/Spatial-Division/problin/run_problin.py -c real_location_data/s12c4/k10_r3_character_matrix.csv -t real_location_data/s12c4/true_tree.nwk -S real_location_data/s12c4/leaf_locations.txt --delimiter comma -p real_location_data/s12c4/k10_priors.csv -o real_location_data/s12c4/k10_r3_spalin-divide-beta1.txt --nInitials 10 --ultrametric --randomreps 3 --divide --radius 1
Optimization by Spalin-Divide: Scipy-SLSQP using spatial information
Optimizing branch lengths, phi, and nu without topology search
Initial point 1. Random seed: 2259
Solving with ultrametric constraint
Optimal point found for initial point 1
Negative llh: 254.50824321634624
Dropout rate: 1.9955432802472832e-09
Silencing rate: 1.0004075059363296e-10
Sigma: 1.6471055590906707
Initial point 2. Random seed: 6139
Solving with ultrametric constraint
Optimal point found for initial point 2
Negative llh: 254.50803452810646
Dropout rate: 2.189635941754115e-09
Silencing rate: 9.327133507514566e-10
Sigma: 1.6470293104876677
Initial point 3. Random seed: 9646
Solving with ultrametric constraint
Optimal point found for initial point 3
Negative llh: 254.5079426755862
Dropout rate: 4.516086721929963e-09
Silencing rate: 1.989610190811698e-09
Sigma: 1.6471813486336688
Initial point 4. Random seed: 1773
Solving with ultrametric constraint
Optimal point found for initial point 4
Negative llh: 254.50796014153448
Dropout rate: 1.0000000000000002e-10
Silencing rate: 1e-10
Sigma: 1.647133733025179
Initial point 5. Random seed: 1254
Solving with ultrametric constraint
Optimal point found for initial point 5
Negative llh: 254.50796319686276
Dropout rate: 1.3786699970601819e-09
Silencing rate: 1.0550553151308858e-09
Sigma: 1.6473243457369176
Initial point 6. Random seed: 4776
Solving with ultrametric constraint
Optimal point found for initial point 6
Negative llh: 254.50796269067848
Dropout rate: 1e-10
Silencing rate: 1e-10
Sigma: 1.6471964192425357
Initial point 7. Random seed: 356
Solving with ultrametric constraint
Optimal point found for initial point 7
Negative llh: 254.5079668538525
Dropout rate: 1.0000001911384596e-10
Silencing rate: 1.0000000769752076e-10
Sigma: 1.6468513088757797
Initial point 8. Random seed: 8089
Solving with ultrametric constraint
Optimal point found for initial point 8
Negative llh: 254.5083082488191
Dropout rate: 1.5602423580680898e-09
Silencing rate: 1.143895273360559e-09
Sigma: 1.6463539588158917
Initial point 9. Random seed: 2750
Solving with ultrametric constraint
Optimal point found for initial point 9
Negative llh: 254.50892522565607
Dropout rate: 3.2283685248438304e-09
Silencing rate: 1.1281266362586107e-10
Sigma: 1.6448538743400833
Initial point 10. Random seed: 9669
Solving with ultrametric constraint
Optimal point found for initial point 10
Negative llh: 254.50801176935568
Dropout rate: 2.1424047081278265e-09
Silencing rate: 9.967264713733453e-10
Sigma: 1.647149692789781
Runtime (s): 2008.906677622348
