Launching Problin version 0.5b
Problin was called as follow: /u/gh2161/Spatial-Division/problin/run_problin.py -c simulated_seq_simulated_loc/s9c5/k200_character_matrix.csv -t simulated_seq_simulated_loc/s9c5/true_tree.nwk --delimiter comma -p simulated_seq_simulated_loc/s9c5/k200_priors.csv -o simulated_seq_simulated_loc/s9c5/k200_problin.txt --nInitials 10 --ultrametric --randomreps 3
Optimization by EM algorithm
Optimizing branch lengths, phi, and nu without topology search
Initial point 1. Random seed: 3987
Solving with ultrametric constraint
Initial phi: 0.48649627435269077. Initial nu: 0.4950094439000171. Initial nllh: 201205.28062197682
EM finished after 14 iterations.
Optimal point found for initial point 1
Negative llh: 1653.229605475403
Dropout rate: 0
Silencing rate: 3.4192649916929455e-08
Initial point 2. Random seed: 3946
Solving with ultrametric constraint
Initial phi: 0.6576991463701906. Initial nu: 0.166383899557487. Initial nllh: 5332.955232683432
EM finished after 11 iterations.
Optimal point found for initial point 2
Negative llh: 1653.2296061672093
Dropout rate: 0
Silencing rate: 3.4264443799830846e-08
Initial point 3. Random seed: 3137
Solving with ultrametric constraint
Initial phi: 0.8424284394072038. Initial nu: 0.3700141813902087. Initial nllh: 8120.431042418591
EM finished after 12 iterations.
Optimal point found for initial point 3
Negative llh: 1653.2296062397152
Dropout rate: 0
Silencing rate: 3.4253203170181477e-08
Initial point 4. Random seed: 422
Solving with ultrametric constraint
Initial phi: 0.8659440403150951. Initial nu: 0.4720695812224401. Initial nllh: 8790.423863100812
EM finished after 10 iterations.
Optimal point found for initial point 4
Negative llh: 1653.229623948382
Dropout rate: 0
Silencing rate: 3.7572215197963815e-08
Initial point 5. Random seed: 3195
Solving with ultrametric constraint
Initial phi: 0.845480199179191. Initial nu: 0.16479853884015203. Initial nllh: 7875.754206673101
EM finished after 10 iterations.
Optimal point found for initial point 5
Negative llh: 1653.2295700846366
Dropout rate: 0
Silencing rate: 8.743285235767947e-09
Initial point 6. Random seed: 1075
Solving with ultrametric constraint
Initial phi: 0.2131179514601711. Initial nu: 0.4535755714098093. Initial nllh: 3099.3038187598904
EM finished after 11 iterations.
Optimal point found for initial point 6
Negative llh: 1653.2295993944272
Dropout rate: 0
Silencing rate: 2.7468026682970474e-08
Initial point 7. Random seed: 1367
Solving with ultrametric constraint
Initial phi: 0.5619393386300586. Initial nu: 0.5755752906172438. Initial nllh: 5156.271297832035
EM finished after 12 iterations.
Optimal point found for initial point 7
Negative llh: 1653.2296073496589
Dropout rate: 0
Silencing rate: 3.444783480606542e-08
Initial point 8. Random seed: 7430
Solving with ultrametric constraint
Initial phi: 0.7106541537137795. Initial nu: 0.8139350611735975. Initial nllh: 6840.306747114573
EM finished after 15 iterations.
Optimal point found for initial point 8
Negative llh: 1653.2296051651078
Dropout rate: 0
Silencing rate: 3.4299731251755185e-08
Initial point 9. Random seed: 2079
Solving with ultrametric constraint
Initial phi: 0.5285429986090429. Initial nu: 0.752694737639235. Initial nllh: 5186.365589557345
EM finished after 13 iterations.
Optimal point found for initial point 9
Negative llh: 1653.2295667493058
Dropout rate: 0
Silencing rate: 8.090454865821044e-09
Initial point 10. Random seed: 4997
Solving with ultrametric constraint
Initial phi: 0.5441586418916128. Initial nu: 0.7356860392110577. Initial nllh: 5268.681568194572
EM finished after 12 iterations.
Optimal point found for initial point 10
Negative llh: 1653.229568844223
Dropout rate: 0
Silencing rate: 8.378619213623062e-09
Runtime (s): 20.569709778996184
