Launching Problin version 0.5b
Problin was called as follow: /u/gh2161/Spatial-Division/problin/run_problin.py -c intmem_real_data/s21c5/characters.txt -t intmem_real_data/s21c5/true_tree.nwk --delimiter comma -p intmem_real_data/s21c5/prior.csv -o intmem_real_data/s21c5/problin.txt --nInitials 10 --ultrametric --randomreps 3 --solver Scipy
Optimization by generic solver (Scipy-SLSQP)
Optimizing branch lengths, phi, and nu without topology search
Initial point 1. Random seed: 5565
Solving with ultrametric constraint
Optimal point found for initial point 1
Negative llh: 89.32822885165815
Dropout rate: 1.381126165359676e-10
Silencing rate: 1.2629620081522837e-10
Lambda: 0.005047888172819538
Initial point 2. Random seed: 9646
Solving with ultrametric constraint
Optimal point found for initial point 2
Negative llh: 89.32822880586583
Dropout rate: 1e-10
Silencing rate: 1e-10
Lambda: 0.005047978847631312
Initial point 3. Random seed: 2518
Solving with ultrametric constraint
Optimal point found for initial point 3
Negative llh: 89.32900230637422
Dropout rate: 3.5584130827958233e-10
Silencing rate: 2.5607135402004043e-10
Lambda: 0.005055086721915538
Initial point 4. Random seed: 5916
Solving with ultrametric constraint
Optimal point found for initial point 4
Negative llh: 89.32822889211565
Dropout rate: 2.9554691930750136e-10
Silencing rate: 2.4128228887510404e-10
Lambda: 0.0050481169184429945
Initial point 5. Random seed: 7957
Solving with ultrametric constraint
Optimal point found for initial point 5
Negative llh: 89.3287195797195
Dropout rate: 1e-10
Silencing rate: 1e-10
Lambda: 0.005042678332655109
Initial point 6. Random seed: 1595
Solving with ultrametric constraint
Optimal point found for initial point 6
Negative llh: 89.32822931293074
Dropout rate: 7.798311671580776e-10
Silencing rate: 4.980049259901818e-10
Lambda: 0.00504861889758916
Initial point 7. Random seed: 1959
Solving with ultrametric constraint
Optimal point found for initial point 7
Negative llh: 89.32825033956601
Dropout rate: 6.381170837669742e-10
Silencing rate: 4.4199592688772544e-10
Lambda: 0.005047483278091146
Initial point 8. Random seed: 5421
Solving with ultrametric constraint
Optimal point found for initial point 8
Negative llh: 89.32822930604198
Dropout rate: 9.606194062038703e-10
Silencing rate: 7.351743420290864e-10
Lambda: 0.005047798899079195
Initial point 9. Random seed: 7825
Solving with ultrametric constraint
Optimal point found for initial point 9
Negative llh: 89.32822913307858
Dropout rate: 6.188085764876685e-10
Silencing rate: 3.9411811609020803e-10
Lambda: 0.005048000950290857
Initial point 10. Random seed: 6322
Solving with ultrametric constraint
Optimal point found for initial point 10
Negative llh: 89.32822887258408
Dropout rate: 9.999999999999996e-11
Silencing rate: 1.0000000000000002e-10
Lambda: 0.00504808058672269
{'phi': 1e-10, 'nu': 1e-10, 'lambda_param': 0.005047978847631312}
Runtime (s): 31.830161478370428
