Launching Problin version 0.5b
Problin was called as follow: /u/gh2161/Spatial-Division/problin/run_problin.py -c intmem_real_data/s16c6/characters.txt -t intmem_real_data/s16c6/true_tree.nwk -S intmem_real_data/s16c6/leaf_locations.txt --delimiter comma -p intmem_real_data/s16c6/prior.csv -o intmem_real_data/s16c6/spalin-divide-beta1.txt --nInitials 10 --ultrametric --randomreps 3 --divide --radius 1
Optimization by Spalin-Divide: Scipy-SLSQP using spatial information
Optimizing branch lengths, phi, and nu without topology search
Initial point 1. Random seed: 9637
Solving with ultrametric constraint
Optimal point found for initial point 1
Negative llh: 252.6420695187096
Dropout rate: 1.0000000000000007e-10
Silencing rate: 1e-10
Sigma: 1.8447003836743279
Lambda: 0.0033560114831901475
Initial point 2. Random seed: 8782
Solving with ultrametric constraint
Optimal point found for initial point 2
Negative llh: 252.64201003983828
Dropout rate: 1.042851779916456e-09
Silencing rate: 1.1416210073093093e-10
Sigma: 1.844054390152576
Lambda: 0.003354173894409055
Initial point 3. Random seed: 9575
Solving with ultrametric constraint
Optimal point found for initial point 3
Negative llh: 252.64203578819718
Dropout rate: 1e-10
Silencing rate: 1e-10
Sigma: 1.843680613533206
Lambda: 0.0033544747173375623
Initial point 4. Random seed: 295
Solving with ultrametric constraint
Optimal point found for initial point 4
Negative llh: 252.6419737812906
Dropout rate: 2.483376638391879e-10
Silencing rate: 1.675486488923213e-10
Sigma: 1.84399672510391
Lambda: 0.003355195783451375
Initial point 5. Random seed: 518
Solving with ultrametric constraint
Optimal point found for initial point 5
Negative llh: 252.64200990754168
Dropout rate: 9.231597956011472e-10
Silencing rate: 5.936983232407365e-10
Sigma: 1.8442753333449724
Lambda: 0.0033530718176809763
Initial point 6. Random seed: 1187
Solving with ultrametric constraint
Optimal point found for initial point 6
Negative llh: 252.64197040772908
Dropout rate: 2.6603126451882047e-09
Silencing rate: 1.0195543482176152e-10
Sigma: 1.8440465705482247
Lambda: 0.0033548577949505712
Initial point 7. Random seed: 7325
Solving with ultrametric constraint
Optimal point found for initial point 7
Negative llh: 252.64205497121807
Dropout rate: 9.999999999999996e-11
Silencing rate: 1.0000000000000002e-10
Sigma: 1.8440906370541377
Lambda: 0.003354732544805102
Initial point 8. Random seed: 7651
Solving with ultrametric constraint
Optimal point found for initial point 8
Negative llh: 252.6419700960118
Dropout rate: 7.068194224230192e-10
Silencing rate: 2.655805880053629e-10
Sigma: 1.8440769024172197
Lambda: 0.00335530547445431
Initial point 9. Random seed: 1823
Solving with ultrametric constraint
Optimal point found for initial point 9
Negative llh: 252.64197038735784
Dropout rate: 1.9392914687881357e-09
Silencing rate: 1.0141577376687546e-10
Sigma: 1.8439968086845344
Lambda: 0.00335478529472743
Initial point 10. Random seed: 9469
Solving with ultrametric constraint
Optimal point found for initial point 10
Negative llh: 252.6421781596935
Dropout rate: 2.043027446708918e-10
Silencing rate: 1.0005843344243669e-10
Sigma: 1.844584059843306
Lambda: 0.0033559481165458304
{'lambda_param': 0.00335530547445431, 'phi': 7.068194224230192e-10, 'nu': 2.655805880053629e-10, 'sigma': 1.8440769024172197, 'locations': {'216_16': (382.0, 86.0), '216_15': (411.0, 75.0), '216_17': (402.0, 56.0), '216_18': (381.0, 40.0), '216_21': (321.0, 53.0), '216_20': (328.0, 73.0), '216_23': (354.0, 64.0), '216_22': (345.0, 78.0), '216_24': (309.0, 49.0), '216_7': (397.0, 87.0), '216_6': (425.0, 101.0), '216_1': (396.0, 164.0), '216_3': (417.0, 143.0), '216_14': (354.0, 46.0), '216_13': (336.0, 41.0), '216_12': (373.0, 48.0), '216_11': (367.0, 66.0), '216_10': (392.0, 71.0), '216_9': (381.0, 107.0), '216_8': (365.0, 120.0)}, 'radius': 1.0, 'thetas': {'213_6': 8.742426216801636, '174_3': 1.9764039560463111, '211_8': 1.8928179142739485, '213_10': -2.870812726936489, '175_5': -112.76244349580583, '127_2': 7.386690226793236, '176_1': 18.064127995607823, '177_3': -8.961065235273246, '132_1': 1.6477388378358833, '76_1': 10.373333321700443, '208_15': -35.55696998859436, '175_9': 0.49882012948384963, '203_13': 1.2339831537160453, '128_5': -760.9361388968847, '178_10': -62.18000609179252, '181_9': 5.920707224623734, '135_5': -1.619877690782949, '78_3': -3.1463772049585876, '24_1': 13.397652438053095}}
Runtime (s): 2161.106700932607
