Launching Problin version 0.5b
Problin was called as follow: /u/gh2161/Spatial-Division/problin/run_problin.py -c intmem_real_data/s7c6/characters.txt -t intmem_real_data/s7c6/true_tree.nwk -S intmem_real_data/s7c6/leaf_locations.txt --delimiter comma -p intmem_real_data/s7c6/prior.csv -o intmem_real_data/s7c6/spalin-divide-beta5.txt --nInitials 10 --ultrametric --randomreps 3 --divide --radius 5
Optimization by Spalin-Divide: Scipy-SLSQP using spatial information
Optimizing branch lengths, phi, and nu without topology search
Initial point 1. Random seed: 5641
Solving with ultrametric constraint
Optimal point found for initial point 1
Negative llh: 72.12150703019947
Dropout rate: 1.0773496232063355e-10
Silencing rate: 1.0650976257103772e-10
Sigma: 1.7411779998780579
Lambda: 0.004623460421804701
Initial point 2. Random seed: 1128
Solving with ultrametric constraint
Optimal point found for initial point 2
Negative llh: 85.90899938901842
Dropout rate: 1.117703228250627e-10
Silencing rate: 1.0317625967848021e-10
Sigma: 1.7399209486195761
Lambda: 0.0009766024573567046
Initial point 3. Random seed: 2523
Solving with ultrametric constraint
Optimal point found for initial point 3
Negative llh: 85.90917268884009
Dropout rate: 1e-10
Silencing rate: 1e-10
Sigma: 1.7399222644134609
Lambda: 0.0009766022029498633
Initial point 4. Random seed: 5775
Solving with ultrametric constraint
Optimal point found for initial point 4
Negative llh: 72.12150700142016
Dropout rate: 1e-10
Silencing rate: 1e-10
Sigma: 1.7411865084885654
Lambda: 0.004623271410855144
Initial point 5. Random seed: 9336
Solving with ultrametric constraint
Optimal point found for initial point 5
Negative llh: 85.9094047899465
Dropout rate: 1.0447825454215435e-10
Silencing rate: 1.016343143959659e-10
Sigma: 1.740186701304977
Lambda: 0.0009766006635091586
Initial point 6. Random seed: 2984
Solving with ultrametric constraint
Optimal point found for initial point 6
Negative llh: 85.90986037292737
Dropout rate: 1e-10
Silencing rate: 1e-10
Sigma: 1.740143372772856
Lambda: 0.0009766013486227027
Initial point 7. Random seed: 7779
Solving with ultrametric constraint
Optimal point found for initial point 7
Negative llh: 72.12150714331784
Dropout rate: 1e-10
Silencing rate: 1e-10
Sigma: 1.7411552809236206
Lambda: 0.004622804857318733
Initial point 8. Random seed: 3173
Solving with ultrametric constraint
Optimal point found for initial point 8
Negative llh: 85.90873295630743
Dropout rate: 1.1555788652274487e-10
Silencing rate: 1.0531843731845754e-10
Sigma: 1.7400956686815008
Lambda: 0.000976600863284042
Initial point 9. Random seed: 7380
Solving with ultrametric constraint
Optimal point found for initial point 9
Negative llh: 72.12150703672553
Dropout rate: 1e-10
Silencing rate: 1e-10
Sigma: 1.7411788316562247
Lambda: 0.004623412513060257
Initial point 10. Random seed: 8426
Solving with ultrametric constraint
Optimal point found for initial point 10
Negative llh: 72.12150707244643
Dropout rate: 1.3092062784923387e-10
Silencing rate: 1.2422385176939677e-10
Sigma: 1.7412375128713973
Lambda: 0.004623209562902175
{'lambda_param': 0.004623271410855144, 'phi': 1e-10, 'nu': 1e-10, 'sigma': 1.7411865084885654, 'locations': {'216_2': (190.0, 92.0), '216_1': (195.0, 77.0), '216_4': (257.0, 42.0), '216_5': (125.0, 139.0)}, 'radius': 5.0, 'thetas': {'153_1': -202.31112261292876, '61_1': -28.85159427150114, 'virtual': 11.915526312229808}}
Runtime (s): 20.94841561280191
