Launching Problin version 0.5b
Problin was called as follow: /u/gh2161/Spatial-Division/problin/run_problin.py -c real_location_data/s16c6/k10_r1_character_matrix.csv -t real_location_data/s16c6/true_tree.nwk -S real_location_data/s16c6/leaf_locations.txt --delimiter comma -p real_location_data/s16c6/k10_priors.csv -o real_location_data/s16c6/k10_r1_spalin-divide-beta7.txt --nInitials 10 --ultrametric --randomreps 3 --divide --radius 7
Optimization by Spalin-Divide: Scipy-SLSQP using spatial information
Optimizing branch lengths, phi, and nu without topology search
Initial point 1. Random seed: 7735
Solving with ultrametric constraint
Optimal point found for initial point 1
Negative llh: 223.43171749163957
Dropout rate: 1.0000000000000007e-10
Silencing rate: 1e-10
Sigma: 1.5103940652149241
Initial point 2. Random seed: 8027
Solving with ultrametric constraint
Optimal point found for initial point 2
Negative llh: 223.43186993247252
Dropout rate: 1e-10
Silencing rate: 1e-10
Sigma: 1.5107805416140325
Initial point 3. Random seed: 5789
Solving with ultrametric constraint
Optimal point found for initial point 3
Negative llh: 223.43179381282658
Dropout rate: 1.0000000000000006e-10
Silencing rate: 1.0000000000000069e-10
Sigma: 1.5105746269088027
Initial point 4. Random seed: 3686
Solving with ultrametric constraint
Optimal point found for initial point 4
Negative llh: 223.4318945459022
Dropout rate: 1e-10
Silencing rate: 1e-10
Sigma: 1.5100974190808065
Initial point 5. Random seed: 338
Solving with ultrametric constraint
Optimal point found for initial point 5
Negative llh: 223.43239575421273
Dropout rate: 1e-10
Silencing rate: 1e-10
Sigma: 1.5103190938777682
Initial point 6. Random seed: 9318
Solving with ultrametric constraint
Optimal point found for initial point 6
Negative llh: 223.4317348099225
Dropout rate: 1.7400208760422048e-10
Silencing rate: 1.0000232267183868e-10
Sigma: 1.510233478850702
Initial point 7. Random seed: 2539
Solving with ultrametric constraint
Optimal point found for initial point 7
Negative llh: 223.4320035062932
Dropout rate: 1.4431020429942235e-09
Silencing rate: 1.0119191712689514e-10
Sigma: 1.5105471397881542
Initial point 8. Random seed: 6467
Solving with ultrametric constraint
Optimal point found for initial point 8
Negative llh: 223.43200984025478
Dropout rate: 9.999999999999996e-11
Silencing rate: 1e-10
Sigma: 1.5101605202556851
Initial point 9. Random seed: 8103
Solving with ultrametric constraint
Optimal point found for initial point 9
Negative llh: 223.43185911402819
Dropout rate: 6.042050666211286e-10
Silencing rate: 1.0001940539243403e-10
Sigma: 1.5104315116987193
Initial point 10. Random seed: 3032
Solving with ultrametric constraint
Optimal point found for initial point 10
Negative llh: 223.43171180820607
Dropout rate: 3.099770536067509e-10
Silencing rate: 1.0109426866352795e-10
Sigma: 1.5105158156626046
Runtime (s): 1041.262204926461
