Launching Problin version 0.5b
Problin was called as follow: /u/gh2161/Spatial-Division/problin/run_problin.py -c real_location_data/s3c1/k10_r3_character_matrix.csv -t real_location_data/s3c1/true_tree.nwk --delimiter comma -p real_location_data/s3c1/k10_priors.csv -o real_location_data/s3c1/k10_r3_problin.txt --nInitials 10 --ultrametric --randomreps 3 --solver Scipy
Optimization by generic solver (Scipy-SLSQP)
Optimizing branch lengths, phi, and nu without topology search
Initial point 1. Random seed: 5582
Solving with ultrametric constraint
Optimal point found for initial point 1
Negative llh: 61.4994137778812
Dropout rate: 3.428378245708179e-10
Silencing rate: 1.8833344472200479e-10
Lambda: 0.005006031081383734
Initial point 2. Random seed: 171
Solving with ultrametric constraint
Optimal point found for initial point 2
Negative llh: 61.49941390121923
Dropout rate: 2.1708595201674396e-10
Silencing rate: 1.4538100937498188e-10
Lambda: 0.005006241103157662
Initial point 3. Random seed: 2395
Solving with ultrametric constraint
Optimal point found for initial point 3
Negative llh: 80.53938184509042
Dropout rate: 1.6840771522147455e-10
Silencing rate: 1.1265216581936358e-10
Lambda: 0.000976804761009723
Initial point 4. Random seed: 3780
Solving with ultrametric constraint
Optimal point found for initial point 4
Negative llh: 61.49941392022453
Dropout rate: 1.0000000000000002e-10
Silencing rate: 1.0000000000000002e-10
Lambda: 0.005006281002033618
Initial point 5. Random seed: 8741
Solving with ultrametric constraint
Optimal point found for initial point 5
Negative llh: 61.49941379434666
Dropout rate: 4.3300140147504334e-10
Silencing rate: 3.3692532829794775e-10
Lambda: 0.005005800261996526
Initial point 6. Random seed: 2960
Solving with ultrametric constraint
Optimal point found for initial point 6
Negative llh: 61.499413690804175
Dropout rate: 1e-10
Silencing rate: 1e-10
Lambda: 0.00500577747842348
Initial point 7. Random seed: 5984
Solving with ultrametric constraint
Optimal point found for initial point 7
Negative llh: 61.49941371854172
Dropout rate: 3.4826298264591595e-10
Silencing rate: 2.3606674117745557e-10
Lambda: 0.0050058502886064
Initial point 8. Random seed: 363
Solving with ultrametric constraint
Optimal point found for initial point 8
Negative llh: 80.53974901490064
Dropout rate: 1e-10
Silencing rate: 1e-10
Lambda: 0.0009767833722163968
Initial point 9. Random seed: 87
Solving with ultrametric constraint
Optimal point found for initial point 9
Negative llh: 80.53998472404318
Dropout rate: 3.207185583877511e-10
Silencing rate: 1.2978588711832354e-10
Lambda: 0.0009767930982955814
Initial point 10. Random seed: 3556
Solving with ultrametric constraint
Optimal point found for initial point 10
Negative llh: 61.49941423071522
Dropout rate: 1e-10
Silencing rate: 1e-10
Lambda: 0.005005867072475401
{'phi': 1e-10, 'nu': 1e-10, 'lambda_param': 0.00500577747842348}
Runtime (s): 18.499245023354888
