Launching Problin version 0.5b
Problin was called as follow: /u/gh2161/Spatial-Division/problin/run_problin.py -c intmem_real_data/s3c1/characters.txt -t intmem_real_data/s3c1/true_tree.nwk -S intmem_real_data/s3c1/leaf_locations.txt --delimiter comma -p intmem_real_data/s3c1/prior.csv -o intmem_real_data/s3c1/spalin_spatialonly.txt --nInitials 10 --ultrametric --spatial_only
Optimization by Spalin: Scipy-SLSQP using spatial information
Optimizing branch lengths, phi, and nu without topology search
only spatial
Initial point 1. Random seed: 3177
Solving with ultrametric constraint
Optimal point found for initial point 1
Negative llh: 64.47327384328008
Dropout rate: 0.14708193992799276
Silencing rate: 0.1588250687391531
Sigma: 2.4725707298327957
Lambda: 1.0
Initial point 2. Random seed: 262
Solving with ultrametric constraint
Optimal point found for initial point 2
Negative llh: 64.47327384328008
Dropout rate: 0.06590218196034028
Silencing rate: 0.4302240391760121
Sigma: 2.4725707298327957
Lambda: 1.0
Initial point 3. Random seed: 4971
Solving with ultrametric constraint
Optimal point found for initial point 3
Negative llh: 64.47327384328008
Dropout rate: 0.523849094120166
Silencing rate: 0.07794694440480082
Sigma: 2.4725707298327957
Lambda: 1.0
Initial point 4. Random seed: 6236
Solving with ultrametric constraint
Optimal point found for initial point 4
Negative llh: 64.47327384328008
Dropout rate: 0.1122977412429514
Silencing rate: 0.6725403573609924
Sigma: 2.4725707298327957
Lambda: 1.0
Initial point 5. Random seed: 2866
Solving with ultrametric constraint
Optimal point found for initial point 5
Negative llh: 64.47327384328008
Dropout rate: 0.32411720488513346
Silencing rate: 0.7701923950485814
Sigma: 2.4725707298327957
Lambda: 1.0
Initial point 6. Random seed: 4498
Solving with ultrametric constraint
Optimal point found for initial point 6
Negative llh: 64.47327384328008
Dropout rate: 0.06303392112849728
Silencing rate: 0.2642317986720716
Sigma: 2.4725707298327957
Lambda: 1.0
Initial point 7. Random seed: 4171
Solving with ultrametric constraint
Optimal point found for initial point 7
Negative llh: 64.47327384328008
Dropout rate: 0.6731616843770734
Silencing rate: 0.7738323066642815
Sigma: 2.4725707298327957
Lambda: 1.0
Initial point 8. Random seed: 2299
Solving with ultrametric constraint
Optimal point found for initial point 8
Negative llh: 64.47327384328008
Dropout rate: 0.07062932671837682
Silencing rate: 0.10636605931769172
Sigma: 2.4725707298327957
Lambda: 1.0
Initial point 9. Random seed: 7963
Solving with ultrametric constraint
Optimal point found for initial point 9
Negative llh: 64.47327384328008
Dropout rate: 0.9328014959028421
Silencing rate: 0.19271597273582294
Sigma: 2.4725707298327957
Lambda: 1.0
Initial point 10. Random seed: 4901
Solving with ultrametric constraint
Optimal point found for initial point 10
Negative llh: 64.47327384328008
Dropout rate: 0.0081398292236975
Silencing rate: 0.9184672836923937
Sigma: 2.4725707298327957
Lambda: 1.0
{'lambda_param': 1.0, 'phi': 0.14708193992799276, 'nu': 0.1588250687391531, 'sigma': 2.4725707298327957, 'locations': {'216_5': (416.0, 464.0), '216_7': (387.0, 451.0), '216_4': (428.0, 418.0), '216_19': (422.0, 449.0), '216_18': (430.0, 464.0), '216_16': (438.0, 486.0), '216_9': (465.0, 414.0), '216_8': (461.0, 426.0), '216_14': (413.0, 437.0), '216_13': (471.0, 443.0)}}
Runtime (s): 29.82747298805043
