Launching Problin version 0.5b
Problin was called as follow: /u/gh2161/Spatial-Division/problin/run_problin.py -c intmem_real_data/s15c8/characters.txt -t intmem_real_data/s15c8/true_tree.nwk -S intmem_real_data/s15c8/leaf_locations.txt --delimiter comma -p intmem_real_data/s15c8/prior.csv -o intmem_real_data/s15c8/spalin-divide-beta1.txt --nInitials 10 --ultrametric --randomreps 3 --divide --radius 1
Optimization by Spalin-Divide: Scipy-SLSQP using spatial information
Optimizing branch lengths, phi, and nu without topology search
Initial point 1. Random seed: 512
Solving with ultrametric constraint
Optimal point found for initial point 1
Negative llh: 255.60955453554897
Dropout rate: 1.0000000000000007e-10
Silencing rate: 1.0006741470896932e-10
Sigma: 1.3742396686597542
Lambda: 0.008348888688266852
Initial point 2. Random seed: 9645
Solving with ultrametric constraint
Optimal point found for initial point 2
Negative llh: 255.6097093077969
Dropout rate: 1e-10
Silencing rate: 1e-10
Sigma: 1.373822713036819
Lambda: 0.008339890526319772
Initial point 3. Random seed: 1387
Solving with ultrametric constraint
Optimal point found for initial point 3
Negative llh: 284272.1245125913
Dropout rate: 0.00023487345581265468
Silencing rate: 0.16867415355715684
Sigma: 9.196063182682938
Lambda: 90.91926535988861
Initial point 4. Random seed: 6806
Solving with ultrametric constraint
Optimal point found for initial point 4
Negative llh: 255.6104248239731
Dropout rate: 6.533320980742481e-10
Silencing rate: 1.0692909361877038e-10
Sigma: 1.3743273544671075
Lambda: 0.008349153148815881
Initial point 5. Random seed: 2993
Solving with ultrametric constraint
Optimal point found for initial point 5
Negative llh: 255.60958073457675
Dropout rate: 1e-10
Silencing rate: 1e-10
Sigma: 1.3745151246507172
Lambda: 0.008350059234261149
Initial point 6. Random seed: 9110
Solving with ultrametric constraint
Optimal point found for initial point 6
Negative llh: 255.60970807488465
Dropout rate: 1.5868142892743845e-09
Silencing rate: 1.4183449465258697e-08
Sigma: 1.3739904393982396
Lambda: 0.008353874650864953
Initial point 7. Random seed: 9023
Solving with ultrametric constraint
Optimal point found for initial point 7
Negative llh: 255.61023192978212
Dropout rate: 1.2316004433733075e-09
Silencing rate: 1.098676030772904e-09
Sigma: 1.3746427169194226
Lambda: 0.008344181336384145
Initial point 8. Random seed: 1408
Solving with ultrametric constraint
Fatal: failed to optimize using initial point 8
Initial point 9. Random seed: 317
Solving with ultrametric constraint
Optimal point found for initial point 9
Negative llh: 255.6097507558274
Dropout rate: 9.999999999999996e-11
Silencing rate: 1e-10
Sigma: 1.3742500479781568
Lambda: 0.00834956298570086
Initial point 10. Random seed: 7446
Solving with ultrametric constraint
Optimal point found for initial point 10
Negative llh: 266.20014967143186
Dropout rate: 8.838981185877309e-10
Silencing rate: 1.0137640798836486e-09
Sigma: 1.5168675228521773
Lambda: 0.017692825067024288
{'lambda_param': 0.008348888688266852, 'phi': 1.0000000000000007e-10, 'nu': 1.0006741470896932e-10, 'sigma': 1.3742396686597542, 'locations': {'216_20': (300.0, 353.0), '216_19': (288.0, 384.0), '216_18': (308.0, 386.0), '216_17': (304.0, 412.0), '216_16': (289.0, 409.0), '216_15': (336.0, 431.0), '216_14': (320.0, 427.0), '216_6': (346.0, 371.0), '216_5': (350.0, 386.0), '216_8': (334.0, 377.0), '216_7': (316.0, 368.0), '216_2': (309.0, 402.0), '216_1': (319.0, 408.0), '216_4': (321.0, 393.0), '216_3': (347.0, 410.0), '216_13': (328.0, 342.0), '216_12': (356.0, 350.0), '216_9': (333.0, 359.0), '216_11': (363.0, 326.0), '216_10': (363.0, 341.0)}, 'radius': 1.0, 'thetas': {'215_8': 1.570841983621754, '166_4': 30.707952833224343, '171_6': 0.27816532814424827, '119_2': -132.4500068311357, '206_2': -131.36776160295645, '215_1': 6.8235826408597635, '165_1': -351.5295038833413, '213_5': 3.605191418779758, '215_4': 1.3103446176319975, '171_3': 3.4066931400505345, '120_1': -4.497147037411511, '65_1': -1.3011015812126145, '208_10': 3.386426347422747, '208_11': 9.621887494775361, '167_7': -18.354167742850116, '212_14': -18.749935150455343, '167_8': 1.9212270640401021, '117_3': 1.128388774812965, '14_1': -0.45229838848550696}}
Runtime (s): 1616.0033126575872
