Launching Problin version 0.5b
Problin was called as follow: /u/gh2161/Spatial-Division/problin/run_problin.py -c real_location_data/s15c8/k10_r1_character_matrix.csv -t real_location_data/s15c8/true_tree.nwk -S real_location_data/s15c8/leaf_locations.txt --delimiter comma -p real_location_data/s15c8/k10_priors.csv -o real_location_data/s15c8/k10_r1_spalin-divide-beta1.txt --nInitials 10 --ultrametric --randomreps 3 --divide --radius 1
Optimization by Spalin-Divide: Scipy-SLSQP using spatial information
Optimizing branch lengths, phi, and nu without topology search
Initial point 1. Random seed: 3700
Solving with ultrametric constraint
Optimal point found for initial point 1
Negative llh: 238.27537284761905
Dropout rate: 3.405994765020215e-09
Silencing rate: 1.0037645662014827e-10
Sigma: 1.5604461267409915
Initial point 2. Random seed: 4192
Solving with ultrametric constraint
Optimal point found for initial point 2
Negative llh: 238.275309059049
Dropout rate: 1e-10
Silencing rate: 1e-10
Sigma: 1.560770282268156
Initial point 3. Random seed: 551
Solving with ultrametric constraint
Optimal point found for initial point 3
Negative llh: 238.27526897268075
Dropout rate: 3.5076017666647044e-09
Silencing rate: 1.0020269586442929e-10
Sigma: 1.5606771205927736
Initial point 4. Random seed: 6437
Solving with ultrametric constraint
Fatal: failed to optimize using initial point 4
Initial point 5. Random seed: 1746
Solving with ultrametric constraint
Optimal point found for initial point 5
Negative llh: 238.27907152997946
Dropout rate: 2.4101915593739325e-09
Silencing rate: 4.1654603593407024e-08
Sigma: 1.559258352809381
Initial point 6. Random seed: 5359
Solving with ultrametric constraint
Optimal point found for initial point 6
Negative llh: 238.27531056562998
Dropout rate: 2.3366410874546135e-09
Silencing rate: 9.545520953421822e-10
Sigma: 1.5604456736487444
Initial point 7. Random seed: 9310
Solving with ultrametric constraint
Optimal point found for initial point 7
Negative llh: 238.27535069911846
Dropout rate: 9.999999999999996e-11
Silencing rate: 1e-10
Sigma: 1.5606241983725702
Initial point 8. Random seed: 5738
Solving with ultrametric constraint
Optimal point found for initial point 8
Negative llh: 238.27526826189154
Dropout rate: 1e-10
Silencing rate: 1e-10
Sigma: 1.5605470914721513
Initial point 9. Random seed: 7939
Solving with ultrametric constraint
Optimal point found for initial point 9
Negative llh: 238.27532360968485
Dropout rate: 1.0000000000000007e-10
Silencing rate: 9.999999999999996e-11
Sigma: 1.5607821816666871
Initial point 10. Random seed: 6731
Solving with ultrametric constraint
Optimal point found for initial point 10
Negative llh: 238.2753465914571
Dropout rate: 1.0000000000000007e-10
Silencing rate: 1e-10
Sigma: 1.5607002015187998
Runtime (s): 1934.9840009417385
