Launching Problin version 0.5b
Problin was called as follow: /u/gh2161/Spatial-Division/problin/run_problin.py -c real_location_data/s15c8/k10_r2_character_matrix.csv -t real_location_data/s15c8/true_tree.nwk -S real_location_data/s15c8/leaf_locations.txt --delimiter comma -p real_location_data/s15c8/k10_priors.csv -o real_location_data/s15c8/k10_r2_spalin-divide-beta7.txt --nInitials 10 --ultrametric --randomreps 3 --divide --radius 7
Optimization by Spalin-Divide: Scipy-SLSQP using spatial information
Optimizing branch lengths, phi, and nu without topology search
Initial point 1. Random seed: 4677
Solving with ultrametric constraint
Optimal point found for initial point 1
Negative llh: 220.02394353635054
Dropout rate: 2.4801125850565083e-09
Silencing rate: 1.0076340636737768e-10
Sigma: 1.0893227751733272
Initial point 2. Random seed: 1231
Solving with ultrametric constraint
Optimal point found for initial point 2
Negative llh: 220.02387097768684
Dropout rate: 9.981572913140994e-10
Silencing rate: 1.0067945583600324e-10
Sigma: 1.0892456597916023
Initial point 3. Random seed: 4175
Solving with ultrametric constraint
Optimal point found for initial point 3
Negative llh: 220.0237708917943
Dropout rate: 9.799165282028047e-09
Silencing rate: 7.572074980459727e-08
Sigma: 1.089404384093601
Initial point 4. Random seed: 6238
Solving with ultrametric constraint
Optimal point found for initial point 4
Negative llh: 220.02404717720208
Dropout rate: 4.041958295831818e-10
Silencing rate: 1.0022051666040273e-10
Sigma: 1.0891434923513281
Initial point 5. Random seed: 7469
Solving with ultrametric constraint
Optimal point found for initial point 5
Negative llh: 220.02375135734724
Dropout rate: 9.999999999999996e-11
Silencing rate: 1e-10
Sigma: 1.0893964148786615
Initial point 6. Random seed: 8029
Solving with ultrametric constraint
Optimal point found for initial point 6
Negative llh: 220.0238739774854
Dropout rate: 1.0000000000000002e-10
Silencing rate: 1e-10
Sigma: 1.0894163976554998
Initial point 7. Random seed: 1298
Solving with ultrametric constraint
Optimal point found for initial point 7
Negative llh: 220.02375121719842
Dropout rate: 6.020813363304988e-10
Silencing rate: 2.561011516573243e-10
Sigma: 1.0893855928286578
Initial point 8. Random seed: 5365
Solving with ultrametric constraint
Optimal point found for initial point 8
Negative llh: 220.02432037840833
Dropout rate: 4.509148947139764e-10
Silencing rate: 1.0003386749905151e-10
Sigma: 1.0892467034180158
Initial point 9. Random seed: 1636
Solving with ultrametric constraint
Optimal point found for initial point 9
Negative llh: 220.0245451839716
Dropout rate: 1.903669665831566e-09
Silencing rate: 3.0554666896632276e-08
Sigma: 1.0895444619961476
Initial point 10. Random seed: 2443
Solving with ultrametric constraint
Optimal point found for initial point 10
Negative llh: 220.02383360597767
Dropout rate: 1.0000000000000007e-10
Silencing rate: 1.0000000000000002e-10
Sigma: 1.0894063927084672
Runtime (s): 957.5035530226305
