Launching Problin version 0.5b
Problin was called as follow: /u/gh2161/Spatial-Division/problin/run_problin.py -c real_location_data/s15c8/k10_r2_character_matrix.csv -t real_location_data/s15c8/true_tree.nwk -S real_location_data/s15c8/leaf_locations.txt --delimiter comma -p real_location_data/s15c8/k10_priors.csv -o real_location_data/s15c8/k10_r2_spalin-divide-beta5-spatialonly.txt --nInitials 10 --ultrametric --randomreps 3 --divide --radius 5 --spatial_only
Optimization by Spalin-Divide: Scipy-SLSQP using spatial information
Optimizing branch lengths, phi, and nu without topology search
only spatial
only spatial
Initial point 1. Random seed: 88
Solving with ultrametric constraint
Optimal point found for initial point 1
Negative llh: 139.26143545900834
Dropout rate: 0.8439743621655528
Silencing rate: 0.3080080194826717
Sigma: 1.1961270019501196
Lambda: 1.0
Initial point 2. Random seed: 1334
Solving with ultrametric constraint
Optimal point found for initial point 2
Negative llh: 139.26123277890434
Dropout rate: 0.7031567432187446
Silencing rate: 0.6814230476601686
Sigma: 1.196097556152537
Lambda: 1.0
Initial point 3. Random seed: 7503
Solving with ultrametric constraint
Optimal point found for initial point 3
Negative llh: 139.25963065373168
Dropout rate: 0.6449656326721392
Silencing rate: 0.1888067815372181
Sigma: 1.197228519497551
Lambda: 1.0
Initial point 4. Random seed: 6661
Solving with ultrametric constraint
Optimal point found for initial point 4
Negative llh: 139.2609006727718
Dropout rate: 0.7300758329702508
Silencing rate: 0.8270851776036118
Sigma: 1.1958104895064823
Lambda: 1.0
Initial point 5. Random seed: 8359
Solving with ultrametric constraint
Optimal point found for initial point 5
Negative llh: 139.26178843855638
Dropout rate: 0.3842268818068043
Silencing rate: 0.26741128834527333
Sigma: 1.19563121647878
Lambda: 1.0
Initial point 6. Random seed: 2362
Solving with ultrametric constraint
Optimal point found for initial point 6
Negative llh: 139.26208126974953
Dropout rate: 0.6929205201802233
Silencing rate: 0.8498317398968283
Sigma: 1.195866630793312
Lambda: 1.0
Initial point 7. Random seed: 9455
Solving with ultrametric constraint
Optimal point found for initial point 7
Negative llh: 139.2598040276073
Dropout rate: 0.1469195946987081
Silencing rate: 0.8027367600703824
Sigma: 1.1964177137687475
Lambda: 1.0
Initial point 8. Random seed: 865
Solving with ultrametric constraint
Optimal point found for initial point 8
Negative llh: 139.26254318624385
Dropout rate: 0.23673096516602454
Silencing rate: 0.08680421719154502
Sigma: 1.194160932466587
Lambda: 1.0
Initial point 9. Random seed: 7464
Solving with ultrametric constraint
Optimal point found for initial point 9
Negative llh: 139.26141057159634
Dropout rate: 0.8988510279017554
Silencing rate: 0.6679330814532124
Sigma: 1.1960117178555931
Lambda: 1.0
Initial point 10. Random seed: 2602
Solving with ultrametric constraint
Optimal point found for initial point 10
Negative llh: 139.26144090911149
Dropout rate: 0.27181945032914545
Silencing rate: 0.05879192578884333
Sigma: 1.195803639010439
Lambda: 1.0
{'lambda_param': 1.0, 'phi': 0.6449656326721392, 'nu': 0.1888067815372181, 'sigma': 1.197228519497551, 'locations': {'216_20': (300.0, 353.0), '216_19': (288.0, 384.0), '216_18': (308.0, 386.0), '216_17': (304.0, 412.0), '216_16': (289.0, 409.0), '216_15': (336.0, 431.0), '216_14': (320.0, 427.0), '216_6': (346.0, 371.0), '216_5': (350.0, 386.0), '216_8': (334.0, 377.0), '216_7': (316.0, 368.0), '216_2': (309.0, 402.0), '216_1': (319.0, 408.0), '216_4': (321.0, 393.0), '216_3': (347.0, 410.0), '216_13': (328.0, 342.0), '216_12': (356.0, 350.0), '216_9': (333.0, 359.0), '216_11': (363.0, 326.0), '216_10': (363.0, 341.0)}, 'radius': 5.0, 'thetas': {'215_8': 7.853984161512414, '166_4': 5.577104494496198, '171_6': 6.561255271730366, '119_2': 6.293957137164166, '206_2': 6.862227428172196, '215_1': 0.5403997307978643, '165_1': -0.0848756564297092, '213_5': 3.6052529998395415, '215_4': 7.593385232989644, '171_3': 3.412263428053246, '120_1': 1.9223072483043324, '65_1': 5.026747936780408, '208_10': 3.386582214072063, '208_11': 3.3389894934695565, '167_7': 0.5329466271751853, '212_14': 0.09969245381643915, '167_8': 1.6428336136495914, '117_3': 1.3214131318507651, '14_1': -0.6971616118934278}}
Runtime (s): 650.2480043508112
