Launching Problin version 0.5b
Problin was called as follow: /u/gh2161/Spatial-Division/problin/run_problin.py -c simulated_seq_simulated_loc/s9c1/k200_character_matrix.csv -t simulated_seq_simulated_loc/s9c1/true_tree.nwk --delimiter comma -p simulated_seq_simulated_loc/s9c1/k200_priors.csv -o simulated_seq_simulated_loc/s9c1/k200_problin.txt --nInitials 10 --ultrametric --randomreps 3
Optimization by EM algorithm
Optimizing branch lengths, phi, and nu without topology search
Initial point 1. Random seed: 153
Solving with ultrametric constraint
Initial phi: 0.5738323095000128. Initial nu: 0.5635091978112239. Initial nllh: 243770.7079667857
EM finished after 11 iterations.
Optimal point found for initial point 1
Negative llh: 1827.5546599001907
Dropout rate: 0
Silencing rate: 3.999236713550758e-08
Initial point 2. Random seed: 4238
Solving with ultrametric constraint
Initial phi: 0.7996339672571442. Initial nu: 0.7961583191919694. Initial nllh: 8488.659687568539
EM finished after 12 iterations.
Optimal point found for initial point 2
Negative llh: 1827.5546561335914
Dropout rate: 0
Silencing rate: 3.939202456499836e-08
Initial point 3. Random seed: 6120
Solving with ultrametric constraint
Initial phi: 0.6290963325052864. Initial nu: 0.4198980424689887. Initial nllh: 5830.091661743963
EM finished after 8 iterations.
Optimal point found for initial point 3
Negative llh: 1827.5546648375357
Dropout rate: 0
Silencing rate: 4.18184723545936e-08
Initial point 4. Random seed: 406
Solving with ultrametric constraint
Initial phi: 0.7628258976852915. Initial nu: 0.2265795674260963. Initial nllh: 7060.170826443158
EM finished after 8 iterations.
Optimal point found for initial point 4
Negative llh: 1827.5546565964485
Dropout rate: 0
Silencing rate: 3.857173559880772e-08
Initial point 5. Random seed: 54
Solving with ultrametric constraint
Initial phi: 0.24032344761526783. Initial nu: 0.13506856005752857. Initial nllh: 2964.857514202742
EM finished after 9 iterations.
Optimal point found for initial point 5
Negative llh: 1827.5546456876139
Dropout rate: 0
Silencing rate: 3.238749397382851e-08
Initial point 6. Random seed: 2096
Solving with ultrametric constraint
Initial phi: 0.1890292890272074. Initial nu: 0.6754027965709826. Initial nllh: 3553.8832608110333
EM finished after 8 iterations.
Optimal point found for initial point 6
Negative llh: 1827.5546700907894
Dropout rate: 0
Silencing rate: 4.214359364249172e-08
Initial point 7. Random seed: 4845
Solving with ultrametric constraint
Initial phi: 0.9490873085790145. Initial nu: 0.21434050863775297. Initial nllh: 12273.315233309419
EM finished after 7 iterations.
Optimal point found for initial point 7
Negative llh: 1827.554663012073
Dropout rate: 0
Silencing rate: 3.844867889175475e-08
Initial point 8. Random seed: 6027
Solving with ultrametric constraint
Initial phi: 0.4086973364371118. Initial nu: 0.04143299104372478. Initial nllh: 3676.20753678178
EM finished after 7 iterations.
Optimal point found for initial point 8
Negative llh: 1827.554611280106
Dropout rate: 0
Silencing rate: 9.314592465743974e-09
Initial point 9. Random seed: 8518
Solving with ultrametric constraint
Initial phi: 0.307603694187914. Initial nu: 0.1817124427579988. Initial nllh: 3350.179115804388
EM finished after 7 iterations.
Optimal point found for initial point 9
Negative llh: 1827.5546625657903
Dropout rate: 0
Silencing rate: 3.94757866644024e-08
Initial point 10. Random seed: 4012
Solving with ultrametric constraint
Initial phi: 0.6389498498969564. Initial nu: 0.5064692713900114. Initial nllh: 6051.59093334676
EM finished after 11 iterations.
Optimal point found for initial point 10
Negative llh: 1827.5546556471263
Dropout rate: 0
Silencing rate: 3.905985213904029e-08
Runtime (s): 15.643684854963794
