Launching Problin version 0.5b
Problin was called as follow: /u/gh2161/Spatial-Division/problin/run_problin.py -c real_location_data/s4c6/k10_r2_character_matrix.csv -t real_location_data/s4c6/true_tree.nwk -S real_location_data/s4c6/leaf_locations.txt --delimiter comma -p real_location_data/s4c6/k10_priors.csv -o real_location_data/s4c6/k10_r2_spalin-divide-beta05.txt --nInitials 10 --ultrametric --randomreps 3 --divide --radius 0.5
Optimization by Spalin-Divide: Scipy-SLSQP using spatial information
Optimizing branch lengths, phi, and nu without topology search
Initial point 1. Random seed: 925
Solving with ultrametric constraint
Optimal point found for initial point 1
Negative llh: 179.6356487544009
Dropout rate: 1.1037469648386623e-10
Silencing rate: 1.0000203207701734e-10
Sigma: 1.8033060510881633
Initial point 2. Random seed: 855
Solving with ultrametric constraint
Optimal point found for initial point 2
Negative llh: 179.63576740385702
Dropout rate: 1e-10
Silencing rate: 1e-10
Sigma: 1.8031323153072496
Initial point 3. Random seed: 2661
Solving with ultrametric constraint
Optimal point found for initial point 3
Negative llh: 179.63557917315381
Dropout rate: 1e-10
Silencing rate: 1e-10
Sigma: 1.8031861052943206
Initial point 4. Random seed: 2917
Solving with ultrametric constraint
Optimal point found for initial point 4
Negative llh: 190.2041873242539
Dropout rate: 1e-10
Silencing rate: 1e-10
Sigma: 1.4539756241347694
Initial point 5. Random seed: 6385
Solving with ultrametric constraint
Optimal point found for initial point 5
Negative llh: 179.63622776457618
Dropout rate: 1e-10
Silencing rate: 1e-10
Sigma: 1.8033984383054718
Initial point 6. Random seed: 8178
Solving with ultrametric constraint
Optimal point found for initial point 6
Negative llh: 179.63560765013813
Dropout rate: 1e-10
Silencing rate: 1e-10
Sigma: 1.803187965252006
Initial point 7. Random seed: 6049
Solving with ultrametric constraint
Optimal point found for initial point 7
Negative llh: 202.7551193477366
Dropout rate: 1e-10
Silencing rate: 1e-10
Sigma: 1.6873712709364888
Initial point 8. Random seed: 7212
Solving with ultrametric constraint
Optimal point found for initial point 8
Negative llh: 179.63559668525707
Dropout rate: 1e-10
Silencing rate: 1e-10
Sigma: 1.8032325767052333
Initial point 9. Random seed: 630
Solving with ultrametric constraint
Optimal point found for initial point 9
Negative llh: 179.63556626957154
Dropout rate: 1e-10
Silencing rate: 1e-10
Sigma: 1.803440427422907
Initial point 10. Random seed: 5467
Solving with ultrametric constraint
Optimal point found for initial point 10
Negative llh: 179.63604235015345
Dropout rate: 8.371824640573912e-10
Silencing rate: 4.1303698869707895e-10
Sigma: 1.8026946470900447
Runtime (s): 587.5896724518389
