Launching Problin version 0.5b
Problin was called as follow: /u/gh2161/Spatial-Division/problin/run_problin.py -c real_location_data/s4c6/k10_r5_character_matrix.csv -t real_location_data/s4c6/true_tree.nwk -S real_location_data/s4c6/leaf_locations.txt --delimiter comma -p real_location_data/s4c6/k10_priors.csv -o real_location_data/s4c6/k10_r5_spalin-divide-beta3.txt --nInitials 10 --ultrametric --randomreps 3 --divide --radius 3
Optimization by Spalin-Divide: Scipy-SLSQP using spatial information
Optimizing branch lengths, phi, and nu without topology search
Initial point 1. Random seed: 9456
Solving with ultrametric constraint
Optimal point found for initial point 1
Negative llh: 164.8126270138677
Dropout rate: 1.2690395582051332e-10
Silencing rate: 1.0000363123103353e-10
Sigma: 1.6283631766096982
Initial point 2. Random seed: 7712
Solving with ultrametric constraint
Optimal point found for initial point 2
Negative llh: 164.81248666453547
Dropout rate: 8.046235510555252e-10
Silencing rate: 1.1410352056434113e-10
Sigma: 1.628286684597832
Initial point 3. Random seed: 3920
Solving with ultrametric constraint
Optimal point found for initial point 3
Negative llh: 164.81254112474207
Dropout rate: 1e-10
Silencing rate: 1e-10
Sigma: 1.628403929236893
Initial point 4. Random seed: 974
Solving with ultrametric constraint
Optimal point found for initial point 4
Negative llh: 164.8130083918218
Dropout rate: 1e-10
Silencing rate: 1e-10
Sigma: 1.6286518885644958
Initial point 5. Random seed: 2722
Solving with ultrametric constraint
Optimal point found for initial point 5
Negative llh: 164.81248641488455
Dropout rate: 4.576745184106026e-10
Silencing rate: 1.0063834050148638e-10
Sigma: 1.6284380658020097
Initial point 6. Random seed: 9525
Solving with ultrametric constraint
Optimal point found for initial point 6
Negative llh: 164.81266182144475
Dropout rate: 9.999999999999996e-11
Silencing rate: 1.0000075417962896e-10
Sigma: 1.6286558851835673
Initial point 7. Random seed: 2349
Solving with ultrametric constraint
Optimal point found for initial point 7
Negative llh: 166.45419734394497
Dropout rate: 5.170313776149511e-10
Silencing rate: 1.929345451814339e-10
Sigma: 1.484551575022995
Initial point 8. Random seed: 6130
Solving with ultrametric constraint
Optimal point found for initial point 8
Negative llh: 164.81251106551912
Dropout rate: 5.222597562234974e-10
Silencing rate: 1.0004414465677244e-10
Sigma: 1.628472586414502
Initial point 9. Random seed: 8220
Solving with ultrametric constraint
Optimal point found for initial point 9
Negative llh: 177.22151838845102
Dropout rate: 1e-10
Silencing rate: 1e-10
Sigma: 1.4830135198357048
Initial point 10. Random seed: 1670
Solving with ultrametric constraint
Optimal point found for initial point 10
Negative llh: 164.81260374112466
Dropout rate: 2.4916466029302368e-09
Silencing rate: 7.324191443444347e-10
Sigma: 1.6281259582425227
Runtime (s): 619.7935675368644
