Launching Problin version 0.5b
Problin was called as follow: /u/gh2161/Spatial-Division/problin/run_problin.py -c real_location_data/s4c6/k10_r5_character_matrix.csv -t real_location_data/s4c6/true_tree.nwk -S real_location_data/s4c6/leaf_locations.txt --delimiter comma -p real_location_data/s4c6/k10_priors.csv -o real_location_data/s4c6/k10_r5_spalin-divide-beta8.txt --nInitials 10 --ultrametric --randomreps 3 --divide --given_beta 8 --incl_beta_bound
Optimization by Spalin-Divide: Scipy-SLSQP using spatial information
Optimizing branch lengths, phi, and nu without topology search
Initial point 1. Random seed: 65
Solving with ultrametric constraint
Optimal point found for initial point 1
Negative llh: 150.69286441258004
Dropout rate: 1e-10
Silencing rate: 1e-10
Sigma: 4.861631057273273
Initial point 2. Random seed: 7490
Solving with ultrametric constraint
Optimal point found for initial point 2
Negative llh: 150.69286377930013
Dropout rate: 1.0000000000000002e-10
Silencing rate: 1.0000000000000002e-10
Sigma: 4.86163737365539
Initial point 3. Random seed: 3609
Solving with ultrametric constraint
Optimal point found for initial point 3
Negative llh: 150.69286391231668
Dropout rate: 3.407527811935378e-10
Silencing rate: 1.834000303051754e-10
Sigma: 4.861789410840097
Initial point 4. Random seed: 82
Solving with ultrametric constraint
Optimal point found for initial point 4
Negative llh: 150.69286378853468
Dropout rate: 3.828642212645739e-10
Silencing rate: 3.058077395871834e-10
Sigma: 4.861647798466464
Initial point 5. Random seed: 1551
Solving with ultrametric constraint
Optimal point found for initial point 5
Negative llh: 150.69286372798166
Dropout rate: 4.172699919965149e-10
Silencing rate: 1.8849785647832815e-10
Sigma: 4.86163586651766
Initial point 6. Random seed: 8813
Solving with ultrametric constraint
Optimal point found for initial point 6
Negative llh: 150.69286336120342
Dropout rate: 1e-10
Silencing rate: 1.420713844942816e-10
Sigma: 4.861646256110146
Initial point 7. Random seed: 7337
Solving with ultrametric constraint
Optimal point found for initial point 7
Negative llh: 150.69286367573136
Dropout rate: 1.5535291518957984e-10
Silencing rate: 1.1487004936528276e-10
Sigma: 4.861653934019146
Initial point 8. Random seed: 3764
Solving with ultrametric constraint
Optimal point found for initial point 8
Negative llh: 150.69286476276838
Dropout rate: 1e-10
Silencing rate: 1e-10
Sigma: 4.8617847595875485
Initial point 9. Random seed: 9363
Solving with ultrametric constraint
Optimal point found for initial point 9
Negative llh: 150.69286364685837
Dropout rate: 2.5597463382771164e-10
Silencing rate: 1.571742528620322e-10
Sigma: 4.8616748852877345
Initial point 10. Random seed: 3098
Solving with ultrametric constraint
Optimal point found for initial point 10
Negative llh: 150.6928635458004
Dropout rate: 1.3731567037304847e-10
Silencing rate: 1.0995949428226115e-10
Sigma: 4.861648356970849
Runtime (s): 1056.9983066953719
