Launching Problin version 0.5b
Problin was called as follow: /u/gh2161/Spatial-Division/problin/run_problin.py -c real_location_data/s4c6/k10_r5_character_matrix.csv -t real_location_data/s4c6/true_tree.nwk -S real_location_data/s4c6/leaf_locations.txt --delimiter comma -p real_location_data/s4c6/k10_priors.csv -o real_location_data/s4c6/k10_r5_spalin-divide-beta05.txt --nInitials 10 --ultrametric --randomreps 3 --divide --radius 0.5
Optimization by Spalin-Divide: Scipy-SLSQP using spatial information
Optimizing branch lengths, phi, and nu without topology search
Initial point 1. Random seed: 1572
Solving with ultrametric constraint
Optimal point found for initial point 1
Negative llh: 172.09921772395603
Dropout rate: 1.1974791326431408e-09
Silencing rate: 4.785769613515689e-10
Sigma: 1.8335661172525575
Initial point 2. Random seed: 6599
Solving with ultrametric constraint
Optimal point found for initial point 2
Negative llh: 172.1001419699743
Dropout rate: 3.469111247147153e-10
Silencing rate: 1.0033108250588143e-10
Sigma: 1.8338136329743138
Initial point 3. Random seed: 2578
Solving with ultrametric constraint
Optimal point found for initial point 3
Negative llh: 172.09938650966603
Dropout rate: 1.3701275287040278e-10
Silencing rate: 1.0010134947132895e-10
Sigma: 1.8333313513600402
Initial point 4. Random seed: 8934
Solving with ultrametric constraint
Optimal point found for initial point 4
Negative llh: 172.09921757733514
Dropout rate: 7.955083945810833e-10
Silencing rate: 1e-10
Sigma: 1.8336015944537232
Initial point 5. Random seed: 1290
Solving with ultrametric constraint
Optimal point found for initial point 5
Negative llh: 172.09934032068162
Dropout rate: 9.999999999999996e-11
Silencing rate: 1e-10
Sigma: 1.8328802925708083
Initial point 6. Random seed: 5420
Solving with ultrametric constraint
Optimal point found for initial point 6
Negative llh: 172.09991059635922
Dropout rate: 9.999999999999996e-11
Silencing rate: 1e-10
Sigma: 1.8325495864490633
Initial point 7. Random seed: 7071
Solving with ultrametric constraint
Optimal point found for initial point 7
Negative llh: 172.09967751169296
Dropout rate: 4.1597449346391074e-10
Silencing rate: 1.0005364008498339e-10
Sigma: 1.8335948549367875
Initial point 8. Random seed: 1121
Solving with ultrametric constraint
Optimal point found for initial point 8
Negative llh: 172.09944413354435
Dropout rate: 3.24293679857639e-10
Silencing rate: 1.0000721459132808e-10
Sigma: 1.832657047003377
Initial point 9. Random seed: 6814
Solving with ultrametric constraint
Optimal point found for initial point 9
Negative llh: 172.09955345090862
Dropout rate: 1.2695252765965845e-09
Silencing rate: 1.0016374361934544e-10
Sigma: 1.8323014084748757
Initial point 10. Random seed: 1551
Solving with ultrametric constraint
Optimal point found for initial point 10
Negative llh: 181.63665779856
Dropout rate: 1e-10
Silencing rate: 1e-10
Sigma: 1.7101151837221773
Runtime (s): 512.7943693175912
