Launching Problin version 0.5b
Problin was called as follow: /u/gh2161/Spatial-Division/problin/run_problin.py -c real_location_data/s4c6/k10_r1_character_matrix.csv -t real_location_data/s4c6/true_tree.nwk -S real_location_data/s4c6/leaf_locations.txt --delimiter comma -p real_location_data/s4c6/k10_priors.csv -o real_location_data/s4c6/k10_r1_spalin-divide-beta3.txt --nInitials 10 --ultrametric --randomreps 3 --divide --radius 3
Optimization by Spalin-Divide: Scipy-SLSQP using spatial information
Optimizing branch lengths, phi, and nu without topology search
Initial point 1. Random seed: 3508
Solving with ultrametric constraint
Optimal point found for initial point 1
Negative llh: 173.29225205822024
Dropout rate: 1e-10
Silencing rate: 1e-10
Sigma: 1.5394091398230056
Initial point 2. Random seed: 4643
Solving with ultrametric constraint
Optimal point found for initial point 2
Negative llh: 173.29226989486324
Dropout rate: 1.5246482987431658e-09
Silencing rate: 1.0001754957019021e-10
Sigma: 1.5395228348658825
Initial point 3. Random seed: 3645
Solving with ultrametric constraint
Optimal point found for initial point 3
Negative llh: 173.29225553517685
Dropout rate: 7.619953374798584e-10
Silencing rate: 3.76224259143854e-10
Sigma: 1.5394643847924414
Initial point 4. Random seed: 6077
Solving with ultrametric constraint
Optimal point found for initial point 4
Negative llh: 173.2926702082602
Dropout rate: 1.4591120674747817e-10
Silencing rate: 1e-10
Sigma: 1.5393361141035569
Initial point 5. Random seed: 1345
Solving with ultrametric constraint
Optimal point found for initial point 5
Negative llh: 173.29225221251954
Dropout rate: 8.75345236743767e-10
Silencing rate: 1.384319613428878e-10
Sigma: 1.5394010427167044
Initial point 6. Random seed: 8150
Solving with ultrametric constraint
Optimal point found for initial point 6
Negative llh: 173.29225220768433
Dropout rate: 1.0000000000000007e-10
Silencing rate: 1.0000000000000002e-10
Sigma: 1.5394113721663916
Initial point 7. Random seed: 2448
Solving with ultrametric constraint
Optimal point found for initial point 7
Negative llh: 173.29225238761694
Dropout rate: 1.0000000000000007e-10
Silencing rate: 1.0000000000000007e-10
Sigma: 1.539400211196918
Initial point 8. Random seed: 293
Solving with ultrametric constraint
Optimal point found for initial point 8
Negative llh: 173.2922953979822
Dropout rate: 1e-10
Silencing rate: 1.0328609298749335e-10
Sigma: 1.5388921580557455
Initial point 9. Random seed: 9623
Solving with ultrametric constraint
Optimal point found for initial point 9
Negative llh: 195.27752177797475
Dropout rate: 1.0000000000000007e-10
Silencing rate: 1.0000000000000002e-10
Sigma: 1.4270994207731433
Initial point 10. Random seed: 2013
Solving with ultrametric constraint
Optimal point found for initial point 10
Negative llh: 173.2922520688724
Dropout rate: 1e-10
Silencing rate: 1e-10
Sigma: 1.539395203288767
Runtime (s): 469.5932577867061
