Launching Problin version 0.5b
Problin was called as follow: /u/gh2161/Spatial-Division/problin/run_problin.py -c real_location_data/s4c6/k10_r4_character_matrix.csv -t real_location_data/s4c6/true_tree.nwk -S real_location_data/s4c6/leaf_locations.txt --delimiter comma -p real_location_data/s4c6/k10_priors.csv -o real_location_data/s4c6/k10_r4_spalin-divide-beta05.txt --nInitials 10 --ultrametric --randomreps 3 --divide --radius 0.5
Optimization by Spalin-Divide: Scipy-SLSQP using spatial information
Optimizing branch lengths, phi, and nu without topology search
Initial point 1. Random seed: 7360
Solving with ultrametric constraint
Optimal point found for initial point 1
Negative llh: 214.18995717060872
Dropout rate: 1e-10
Silencing rate: 1e-10
Sigma: 1.4794902213581718
Initial point 2. Random seed: 8518
Solving with ultrametric constraint
Optimal point found for initial point 2
Negative llh: 214.37548787272473
Dropout rate: 1.2351469538946752e-10
Silencing rate: 1.0006738463651973e-10
Sigma: 1.4506277190722277
Initial point 3. Random seed: 951
Solving with ultrametric constraint
Fatal: failed to optimize using initial point 3
Initial point 4. Random seed: 6075
Solving with ultrametric constraint
Optimal point found for initial point 4
Negative llh: 214.19032796101254
Dropout rate: 1.6299054458697075e-10
Silencing rate: 1.0010205132335114e-10
Sigma: 1.4796865833304846
Initial point 5. Random seed: 6571
Solving with ultrametric constraint
Optimal point found for initial point 5
Negative llh: 214.18995932607203
Dropout rate: 9.999999999999996e-11
Silencing rate: 1e-10
Sigma: 1.4794596879752293
Initial point 6. Random seed: 2280
Solving with ultrametric constraint
Optimal point found for initial point 6
Negative llh: 214.19001336306414
Dropout rate: 1.184441503665984e-10
Silencing rate: 1.0567030801936429e-10
Sigma: 1.4797618473011775
Initial point 7. Random seed: 9144
Solving with ultrametric constraint
Fatal: failed to optimize using initial point 7
Initial point 8. Random seed: 2283
Solving with ultrametric constraint
Optimal point found for initial point 8
Negative llh: 214.19053529019794
Dropout rate: 2.165894857279924e-10
Silencing rate: 1.0506950498749233e-10
Sigma: 1.4783158132651768
Initial point 9. Random seed: 8844
Solving with ultrametric constraint
Optimal point found for initial point 9
Negative llh: 214.19011852396304
Dropout rate: 1.5202387293242936e-09
Silencing rate: 1.002133016854582e-10
Sigma: 1.4794241318772425
Initial point 10. Random seed: 2960
Solving with ultrametric constraint
Optimal point found for initial point 10
Negative llh: 214.19039085322117
Dropout rate: 2.3036716737473585e-09
Silencing rate: 7.415206325845422e-10
Sigma: 1.4786582260432564
Runtime (s): 458.97170104831457
