Launching Problin version 0.5b
Problin was called as follow: /u/gh2161/Spatial-Division/problin/run_problin.py -c real_location_data/s4c6/k10_r1_character_matrix.csv -t real_location_data/s4c6/true_tree.nwk --delimiter comma -p real_location_data/s4c6/k10_priors.csv -o real_location_data/s4c6/k10_r1_problin.txt --nInitials 10 --ultrametric --randomreps 3 --solver Scipy
Optimization by generic solver (Scipy-SLSQP)
Optimizing branch lengths, phi, and nu without topology search
Initial point 1. Random seed: 1706
Solving with ultrametric constraint
Optimal point found for initial point 1
Negative llh: 79.12913702676283
Dropout rate: 9.999999999999996e-11
Silencing rate: 1.0000000000000002e-10
Lambda: 0.0009767509848529687
Initial point 2. Random seed: 23
Solving with ultrametric constraint
Optimal point found for initial point 2
Negative llh: 56.688038986886866
Dropout rate: 1.3185399661654067e-09
Silencing rate: 7.224338131897033e-10
Lambda: 0.006646230431539993
Initial point 3. Random seed: 1383
Solving with ultrametric constraint
Optimal point found for initial point 3
Negative llh: 79.12965960235884
Dropout rate: 9.999999999999996e-11
Silencing rate: 1.0000000000000002e-10
Lambda: 0.0009767300879700567
Initial point 4. Random seed: 4653
Solving with ultrametric constraint
Optimal point found for initial point 4
Negative llh: 79.12922349695853
Dropout rate: 1.0000000000000002e-10
Silencing rate: 1.0000000000000002e-10
Lambda: 0.0009767427707041872
Initial point 5. Random seed: 3780
Solving with ultrametric constraint
Optimal point found for initial point 5
Negative llh: 56.68803880690931
Dropout rate: 3.643504744184543e-10
Silencing rate: 1.9898220279876177e-10
Lambda: 0.006646093051785853
Initial point 6. Random seed: 2310
Solving with ultrametric constraint
Optimal point found for initial point 6
Negative llh: 79.1266372317506
Dropout rate: 1e-10
Silencing rate: 1e-10
Lambda: 0.0009769220029690981
Initial point 7. Random seed: 6807
Solving with ultrametric constraint
Optimal point found for initial point 7
Negative llh: 56.68803924557319
Dropout rate: 5.767648197421848e-10
Silencing rate: 3.2479340918239055e-10
Lambda: 0.0066458027424263185
Initial point 8. Random seed: 1483
Solving with ultrametric constraint
Optimal point found for initial point 8
Negative llh: 79.12797531659345
Dropout rate: 1.0000000000000007e-10
Silencing rate: 1.0000000000000002e-10
Lambda: 0.0009768060317111016
Initial point 9. Random seed: 1738
Solving with ultrametric constraint
Optimal point found for initial point 9
Negative llh: 56.68803882293623
Dropout rate: 1e-10
Silencing rate: 1e-10
Lambda: 0.006646188211549268
Initial point 10. Random seed: 6898
Solving with ultrametric constraint
Optimal point found for initial point 10
Negative llh: 79.12737577181561
Dropout rate: 5.012886979377262e-10
Silencing rate: 2.2470254276922833e-10
Lambda: 0.0009768587001995927
{'phi': 3.643504744184543e-10, 'nu': 1.9898220279876177e-10, 'lambda_param': 0.006646093051785853}
Runtime (s): 76.88259368296713
