Launching Problin version 0.5b
Problin was called as follow: /u/gh2161/Spatial-Division/problin/run_problin.py -c real_location_data/s4c6/k10_r2_character_matrix.csv -t real_location_data/s4c6/true_tree.nwk -S real_location_data/s4c6/leaf_locations.txt --delimiter comma -p real_location_data/s4c6/k10_priors.csv -o real_location_data/s4c6/k10_r2_spalin-divide-beta8.txt --nInitials 10 --ultrametric --randomreps 3 --divide --given_beta 8 --incl_beta_bound
Optimization by Spalin-Divide: Scipy-SLSQP using spatial information
Optimizing branch lengths, phi, and nu without topology search
Initial point 1. Random seed: 5519
Solving with ultrametric constraint
Optimal point found for initial point 1
Negative llh: 156.43833978510344
Dropout rate: 1e-10
Silencing rate: 1e-10
Sigma: 4.555757485769863
Initial point 2. Random seed: 7763
Solving with ultrametric constraint
Optimal point found for initial point 2
Negative llh: 156.43834223135903
Dropout rate: 2.636651147640941e-10
Silencing rate: 1.7143064609317215e-10
Sigma: 4.555744506702811
Initial point 3. Random seed: 2767
Solving with ultrametric constraint
Optimal point found for initial point 3
Negative llh: 156.43833964115038
Dropout rate: 1.0000000000000002e-10
Silencing rate: 1e-10
Sigma: 4.55570328873156
Initial point 4. Random seed: 1180
Solving with ultrametric constraint
Optimal point found for initial point 4
Negative llh: 156.43834475274588
Dropout rate: 4.1458177622953013e-10
Silencing rate: 2.394250839426439e-10
Sigma: 4.5559022177433
Initial point 5. Random seed: 6283
Solving with ultrametric constraint
Optimal point found for initial point 5
Negative llh: 156.4383638636212
Dropout rate: 2.9098503028487454e-09
Silencing rate: 2.0070841050367744e-09
Sigma: 4.55564684385126
Initial point 6. Random seed: 8335
Solving with ultrametric constraint
Optimal point found for initial point 6
Negative llh: 156.4383398780602
Dropout rate: 1e-10
Silencing rate: 1e-10
Sigma: 4.555755963007913
Initial point 7. Random seed: 1393
Solving with ultrametric constraint
Optimal point found for initial point 7
Negative llh: 156.4383400319617
Dropout rate: 1e-10
Silencing rate: 1e-10
Sigma: 4.555756663371197
Initial point 8. Random seed: 3576
Solving with ultrametric constraint
Optimal point found for initial point 8
Negative llh: 156.43833965930042
Dropout rate: 1.1243786099165788e-10
Silencing rate: 1.054267439798254e-10
Sigma: 4.555742666178463
Initial point 9. Random seed: 8346
Solving with ultrametric constraint
Optimal point found for initial point 9
Negative llh: 156.4383417870246
Dropout rate: 1e-10
Silencing rate: 1e-10
Sigma: 4.555808757771934
Initial point 10. Random seed: 595
Solving with ultrametric constraint
Fatal: failed to optimize using initial point 10
Runtime (s): 1327.1481087600114
