Launching Problin version 0.5b
Problin was called as follow: /u/gh2161/Spatial-Division/problin/run_problin.py -c real_location_data/s4c6/k10_r4_character_matrix.csv -t real_location_data/s4c6/true_tree.nwk -S real_location_data/s4c6/leaf_locations.txt --delimiter comma -p real_location_data/s4c6/k10_priors.csv -o real_location_data/s4c6/k10_r4_spalin-divide-beta10.txt --nInitials 10 --ultrametric --randomreps 3 --divide --radius 10
Optimization by Spalin-Divide: Scipy-SLSQP using spatial information
Optimizing branch lengths, phi, and nu without topology search
Initial point 1. Random seed: 4626
Solving with ultrametric constraint
Optimal point found for initial point 1
Negative llh: 329377.8340713716
Dropout rate: 3.028952091510219e-06
Silencing rate: 0.05422721703864865
Sigma: 11.72348749142823
Initial point 2. Random seed: 5221
Solving with ultrametric constraint
Fatal: failed to optimize using initial point 2
Initial point 3. Random seed: 2391
Solving with ultrametric constraint
Fatal: failed to optimize using initial point 3
Initial point 4. Random seed: 3987
Solving with ultrametric constraint
Optimal point found for initial point 4
Negative llh: 194.16764511861578
Dropout rate: 1.5975348260518345e-10
Silencing rate: 1.1902591218848315e-10
Sigma: 1.1009164318940643
Initial point 5. Random seed: 2328
Solving with ultrametric constraint
Optimal point found for initial point 5
Negative llh: 194.16754237266125
Dropout rate: 1.0000000000000002e-10
Silencing rate: 1e-10
Sigma: 1.1010319953758936
Initial point 6. Random seed: 5820
Solving with ultrametric constraint
Optimal point found for initial point 6
Negative llh: 194.1675415874781
Dropout rate: 1e-10
Silencing rate: 1.0004470137675382e-10
Sigma: 1.1010349099999965
Initial point 7. Random seed: 2518
Solving with ultrametric constraint
Optimal point found for initial point 7
Negative llh: 194.16775497966643
Dropout rate: 1.1858686451563597e-09
Silencing rate: 4.2771807654648307e-10
Sigma: 1.1008377468163815
Initial point 8. Random seed: 7952
Solving with ultrametric constraint
Optimal point found for initial point 8
Negative llh: 265.3206857640119
Dropout rate: 1e-10
Silencing rate: 1e-10
Sigma: 1.8059799066582096
Initial point 9. Random seed: 549
Solving with ultrametric constraint
Optimal point found for initial point 9
Negative llh: 194.16754193845537
Dropout rate: 1e-10
Silencing rate: 1e-10
Sigma: 1.1010277522155432
Initial point 10. Random seed: 2779
Solving with ultrametric constraint
Fatal: failed to optimize using initial point 10
Runtime (s): 289.9353357050568
