Launching Problin version 0.5b
Problin was called as follow: run_problin.py -c spalin_simulations_with_sep/s4c6/k10_character_matrix.csv -t spalin_simulations_with_sep/s4c6/true_tree.nwk --delimiter comma -p spalin_simulations_with_sep/s4c6/k10_priors.csv -o spalin_simulations_with_sep/s4c6/k10_problin --nInitials 10 --ultrametric
Optimization by EM algorithm
Optimizing branch lengths, phi, and nu without topology search
Initial point 1. Random seed: 5083
Solving with ultrametric constraint
Initial phi: 0.7944156623117092. Initial nu: 0.42099169379717144. Initial nllh: 6520.235592715302
EM finished after 18 iterations.
Optimal point found for initial point 1
Negative llh: 51.51008845658835
Dropout rate: 0
Silencing rate: 6.782212217281151e-07
Initial point 2. Random seed: 461
Solving with ultrametric constraint
Initial phi: 0.8274308662781027. Initial nu: 0.14396816152037153. Initial nllh: 325.3341563023494
EM finished after 15 iterations.
Optimal point found for initial point 2
Negative llh: 51.51008805777752
Dropout rate: 0
Silencing rate: 6.771899375934901e-07
Initial point 3. Random seed: 2567
Solving with ultrametric constraint
Initial phi: 0.6568665742835511. Initial nu: 0.6477806182703457. Initial nllh: 258.21284426321927
EM finished after 17 iterations.
Optimal point found for initial point 3
Negative llh: 51.510094947608216
Dropout rate: 0
Silencing rate: 7.702297360688512e-07
Initial point 4. Random seed: 2041
Solving with ultrametric constraint
Initial phi: 0.044408260794874865. Initial nu: 0.24782877614485144. Initial nllh: 76.02080665469944
EM finished after 16 iterations.
Optimal point found for initial point 4
Negative llh: 51.510088195193944
Dropout rate: 0
Silencing rate: 6.781757117978516e-07
Initial point 5. Random seed: 4306
Solving with ultrametric constraint
Initial phi: 0.5581042903340006. Initial nu: 0.5140729141719775. Initial nllh: 210.72165997884503
EM finished after 17 iterations.
Optimal point found for initial point 5
Negative llh: 51.510088147769665
Dropout rate: 0
Silencing rate: 6.76521804437444e-07
Initial point 6. Random seed: 7240
Solving with ultrametric constraint
Initial phi: 0.14688984367032468. Initial nu: 0.5610557046629212. Initial nllh: 115.40434520502768
EM finished after 18 iterations.
Optimal point found for initial point 6
Negative llh: 51.51008814160834
Dropout rate: 0
Silencing rate: 6.794194176439011e-07
Initial point 7. Random seed: 4466
Solving with ultrametric constraint
Initial phi: 0.2965954261287747. Initial nu: 0.346635697633563. Initial nllh: 129.0365414342486
EM finished after 18 iterations.
Optimal point found for initial point 7
Negative llh: 51.510087671851934
Dropout rate: 0
Silencing rate: 6.746493901484275e-07
Initial point 8. Random seed: 9291
Solving with ultrametric constraint
Initial phi: 0.7489499305783709. Initial nu: 0.12359347109288452. Initial nllh: 267.65124960265604
EM finished after 16 iterations.
Optimal point found for initial point 8
Negative llh: 51.510087920905676
Dropout rate: 0
Silencing rate: 6.781320918987378e-07
Initial point 9. Random seed: 8154
Solving with ultrametric constraint
Initial phi: 0.1038473405594513. Initial nu: 0.7604980725303117. Initial nllh: 122.26376827263324
EM finished after 17 iterations.
Optimal point found for initial point 9
Negative llh: 51.5100882980199
Dropout rate: 0
Silencing rate: 6.760622392753149e-07
Initial point 10. Random seed: 5480
Solving with ultrametric constraint
Initial phi: 0.11268913003618998. Initial nu: 0.07108685598185123. Initial nllh: 74.52022128528321
EM finished after 13 iterations.
Optimal point found for initial point 10
Negative llh: 51.51008795028105
Dropout rate: 0
Silencing rate: 6.746772375160441e-07
Runtime (s): 12.569434877950698
