Launching Problin version 0.5b
Problin was called as follow: /u/gh2161/Spatial-Division/problin/run_problin.py -c simulated_seq_simulated_loc/s13c4/k50_character_matrix.csv -t simulated_seq_simulated_loc/s13c4/true_tree.nwk --delimiter comma -p simulated_seq_simulated_loc/s13c4/k50_priors.csv -o simulated_seq_simulated_loc/s13c4/k50_problin.txt --nInitials 10 --ultrametric --randomreps 3
Optimization by EM algorithm
Optimizing branch lengths, phi, and nu without topology search
Initial point 1. Random seed: 6055
Solving with ultrametric constraint
Initial phi: 0.9074218165347635. Initial nu: 0.8094331435725592. Initial nllh: 88653.62751116014
EM finished after 21 iterations.
Optimal point found for initial point 1
Negative llh: 517.464749380679
Dropout rate: 0
Silencing rate: 1.41800384811147e-07
Initial point 2. Random seed: 1896
Solving with ultrametric constraint
Initial phi: 0.5368281019168569. Initial nu: 0.18330436731862376. Initial nllh: 1339.5041789552622
EM finished after 15 iterations.
Optimal point found for initial point 2
Negative llh: 517.4647507965849
Dropout rate: 0
Silencing rate: 1.4388216084487083e-07
Initial point 3. Random seed: 3233
Solving with ultrametric constraint
Initial phi: 0.46308905948986595. Initial nu: 0.9185772973912296. Initial nllh: 1563.634617910843
EM finished after 19 iterations.
Optimal point found for initial point 3
Negative llh: 517.4647528322782
Dropout rate: 0
Silencing rate: 1.4355093341276398e-07
Initial point 4. Random seed: 2970
Solving with ultrametric constraint
Initial phi: 0.3965220844310778. Initial nu: 0.19785256357681302. Initial nllh: 1095.3347728996112
EM finished after 16 iterations.
Optimal point found for initial point 4
Negative llh: 517.4647489084886
Dropout rate: 0
Silencing rate: 1.440957527262331e-07
Initial point 5. Random seed: 185
Solving with ultrametric constraint
Initial phi: 0.675157581662366. Initial nu: 0.16304582989540806. Initial nllh: 1666.4820385499922
EM finished after 15 iterations.
Optimal point found for initial point 5
Negative llh: 517.4647496021724
Dropout rate: 0
Silencing rate: 1.4428737165718425e-07
Initial point 6. Random seed: 7501
Solving with ultrametric constraint
Initial phi: 0.4607412489430198. Initial nu: 0.37246848527452303. Initial nllh: 1288.7813742199858
EM finished after 17 iterations.
Optimal point found for initial point 6
Negative llh: 517.4647514286495
Dropout rate: 0
Silencing rate: 1.4402385890144942e-07
Initial point 7. Random seed: 4154
Solving with ultrametric constraint
Initial phi: 0.03337264418694923. Initial nu: 0.029847054531327372. Initial nllh: 564.505128619304
EM finished after 9 iterations.
Optimal point found for initial point 7
Negative llh: 517.4647501803859
Dropout rate: 0
Silencing rate: 1.4239666574958695e-07
Initial point 8. Random seed: 7919
Solving with ultrametric constraint
Initial phi: 0.4034695623426292. Initial nu: 0.11222348513749152. Initial nllh: 1063.887720702086
EM finished after 14 iterations.
Optimal point found for initial point 8
Negative llh: 517.4647481685101
Dropout rate: 0
Silencing rate: 1.4257597960530107e-07
Initial point 9. Random seed: 2269
Solving with ultrametric constraint
Initial phi: 0.48037992040327293. Initial nu: 0.8344571742359578. Initial nllh: 1553.0349247910187
EM finished after 19 iterations.
Optimal point found for initial point 9
Negative llh: 517.4647508552715
Dropout rate: 0
Silencing rate: 1.4169371905806851e-07
Initial point 10. Random seed: 5011
Solving with ultrametric constraint
Initial phi: 0.7750033811662347. Initial nu: 0.6276527506232396. Initial nllh: 2245.682159572988
EM finished after 19 iterations.
Optimal point found for initial point 10
Negative llh: 517.4647495518268
Dropout rate: 0
Silencing rate: 1.4281099560741013e-07
Runtime (s): 17.855796639807522
