Launching Problin version 0.5b
Problin was called as follow: /u/gh2161/Spatial-Division/problin/run_problin.py -c real_location_data/s4c3/k10_r4_character_matrix.csv -t real_location_data/s4c3/true_tree.nwk -S real_location_data/s4c3/leaf_locations.txt --delimiter comma -p real_location_data/s4c3/k10_priors.csv -o real_location_data/s4c3/k10_r4_spalin-divide-beta10.txt --nInitials 10 --ultrametric --randomreps 3 --divide --radius 10
Optimization by Spalin-Divide: Scipy-SLSQP using spatial information
Optimizing branch lengths, phi, and nu without topology search
Initial point 1. Random seed: 9348
Solving with ultrametric constraint
Optimal point found for initial point 1
Negative llh: 155.79069418016505
Dropout rate: 1.0000000000000002e-10
Silencing rate: 1.0000000000000002e-10
Sigma: 0.9759079147922973
Initial point 2. Random seed: 6998
Solving with ultrametric constraint
Optimal point found for initial point 2
Negative llh: 155.79069417364445
Dropout rate: 1.0000000000000002e-10
Silencing rate: 9.999999999999999e-11
Sigma: 0.9759477950497061
Initial point 3. Random seed: 4159
Solving with ultrametric constraint
Optimal point found for initial point 3
Negative llh: 155.79134880282965
Dropout rate: 1e-10
Silencing rate: 1e-10
Sigma: 0.9752758534463717
Initial point 4. Random seed: 7628
Solving with ultrametric constraint
Optimal point found for initial point 4
Negative llh: 155.79076839497162
Dropout rate: 5.981282768848041e-10
Silencing rate: 4.1715699879154166e-10
Sigma: 0.9761783363361701
Initial point 5. Random seed: 4261
Solving with ultrametric constraint
Optimal point found for initial point 5
Negative llh: 155.79097759716814
Dropout rate: 1.244874428087449e-10
Silencing rate: 1.1281052395196898e-10
Sigma: 0.9766141575697076
Initial point 6. Random seed: 7874
Solving with ultrametric constraint
Optimal point found for initial point 6
Negative llh: 155.79069430913518
Dropout rate: 7.724367005339851e-10
Silencing rate: 4.668292773590144e-10
Sigma: 0.9759475177361611
Initial point 7. Random seed: 8136
Solving with ultrametric constraint
Optimal point found for initial point 7
Negative llh: 155.79093093842394
Dropout rate: 2.226195749411488e-10
Silencing rate: 1.6424595989134328e-10
Sigma: 0.9758024967792915
Initial point 8. Random seed: 5243
Solving with ultrametric constraint
Optimal point found for initial point 8
Negative llh: 155.79074357170353
Dropout rate: 1e-10
Silencing rate: 1e-10
Sigma: 0.9759937318986446
Initial point 9. Random seed: 663
Solving with ultrametric constraint
Optimal point found for initial point 9
Negative llh: 155.79069444032396
Dropout rate: 8.622498808462673e-10
Silencing rate: 5.567454503655718e-10
Sigma: 0.9759378479673269
Initial point 10. Random seed: 2835
Solving with ultrametric constraint
Optimal point found for initial point 10
Negative llh: 155.79075172713456
Dropout rate: 1e-10
Silencing rate: 1e-10
Sigma: 0.9756477265857211
Runtime (s): 473.2622438939288
