Launching Problin version 0.5b
Problin was called as follow: /u/gh2161/Spatial-Division/problin/run_problin.py -c real_location_data/s2c2/k10_r5_character_matrix.csv -t real_location_data/s2c2/true_tree.nwk -S real_location_data/s2c2/leaf_locations.txt --delimiter comma -p real_location_data/s2c2/k10_priors.csv -o real_location_data/s2c2/k10_r5_spalin-divide-beta1.txt --nInitials 10 --ultrametric --randomreps 3 --divide --radius 1
Optimization by Spalin-Divide: Scipy-SLSQP using spatial information
Optimizing branch lengths, phi, and nu without topology search
Initial point 1. Random seed: 4555
Solving with ultrametric constraint
Optimal point found for initial point 1
Negative llh: 178.078540635405
Dropout rate: 1.0000000000000002e-10
Silencing rate: 1.0000000000000002e-10
Sigma: 1.4620376587589063
Initial point 2. Random seed: 3875
Solving with ultrametric constraint
Optimal point found for initial point 2
Negative llh: 195.80010948492304
Dropout rate: 6.853655951540899e-10
Silencing rate: 1.7021407086081373e-10
Sigma: 1.3667930310836973
Initial point 3. Random seed: 4134
Solving with ultrametric constraint
Optimal point found for initial point 3
Negative llh: 195.799783657947
Dropout rate: 1.522601979463298e-10
Silencing rate: 1.1123904298826562e-10
Sigma: 1.3669981055867917
Initial point 4. Random seed: 410
Solving with ultrametric constraint
Optimal point found for initial point 4
Negative llh: 178.07868527747644
Dropout rate: 1e-10
Silencing rate: 1e-10
Sigma: 1.4606276140339252
Initial point 5. Random seed: 4966
Solving with ultrametric constraint
Optimal point found for initial point 5
Negative llh: 178.07854854760473
Dropout rate: 8.494123755034182e-10
Silencing rate: 3.9280217147380463e-10
Sigma: 1.4621989905198427
Initial point 6. Random seed: 5198
Solving with ultrametric constraint
Optimal point found for initial point 6
Negative llh: 178.0784886139632
Dropout rate: 3.3444731475783145e-10
Silencing rate: 1.0005404543240344e-10
Sigma: 1.4618624520705692
Initial point 7. Random seed: 6672
Solving with ultrametric constraint
Optimal point found for initial point 7
Negative llh: 178.07867618929004
Dropout rate: 4.5189305400058114e-10
Silencing rate: 1.0461335390982626e-10
Sigma: 1.4621734200188028
Initial point 8. Random seed: 9009
Solving with ultrametric constraint
Optimal point found for initial point 8
Negative llh: 178.07848855839507
Dropout rate: 1.0000000000000007e-10
Silencing rate: 9.999999999999996e-11
Sigma: 1.4618025397201062
Initial point 9. Random seed: 3244
Solving with ultrametric constraint
Optimal point found for initial point 9
Negative llh: 178.07848848457158
Dropout rate: 1.282916157862935e-10
Silencing rate: 1.1149568396925731e-10
Sigma: 1.4618721757929378
Initial point 10. Random seed: 6585
Solving with ultrametric constraint
Optimal point found for initial point 10
Negative llh: 195.80094180995044
Dropout rate: 5.475208990485833e-10
Silencing rate: 1.5541740336174717e-10
Sigma: 1.3665200969820943
Runtime (s): 387.43706573173404
