Launching Problin version 0.5b
Problin was called as follow: /u/gh2161/Spatial-Division/problin/run_problin.py -c real_location_data/s2c2/k10_r2_character_matrix.csv -t real_location_data/s2c2/true_tree.nwk -S real_location_data/s2c2/leaf_locations.txt --delimiter comma -p real_location_data/s2c2/k10_priors.csv -o real_location_data/s2c2/k10_r2_spalin-spatialonly.txt --nInitials 10 --ultrametric --randomreps 3 --spatial_only
Optimization by Spalin: Scipy-SLSQP using spatial information
Optimizing branch lengths, phi, and nu without topology search
only spatial
Initial point 1. Random seed: 3508
Solving with ultrametric constraint
Optimal point found for initial point 1
Negative llh: 85.19755348163282
Dropout rate: 0.7155773437671629
Silencing rate: 0.9257088142708836
Sigma: 3.684853702118593
Lambda: 1.0
Initial point 2. Random seed: 9691
Solving with ultrametric constraint
Optimal point found for initial point 2
Negative llh: 85.19755348163282
Dropout rate: 0.9040430049225235
Silencing rate: 0.3470598191526712
Sigma: 3.684853702118593
Lambda: 1.0
Initial point 3. Random seed: 865
Solving with ultrametric constraint
Optimal point found for initial point 3
Negative llh: 85.19755348163282
Dropout rate: 0.06811240439079497
Silencing rate: 0.8280957084748853
Sigma: 3.684853702118593
Lambda: 1.0
Initial point 4. Random seed: 3847
Solving with ultrametric constraint
Optimal point found for initial point 4
Negative llh: 85.19755348163282
Dropout rate: 0.7533113324778414
Silencing rate: 0.6798998602608347
Sigma: 3.684853702118593
Lambda: 1.0
Initial point 5. Random seed: 7101
Solving with ultrametric constraint
Optimal point found for initial point 5
Negative llh: 85.19755348163282
Dropout rate: 0.8964735042834905
Silencing rate: 0.4201996427863307
Sigma: 3.684853702118593
Lambda: 1.0
Initial point 6. Random seed: 5209
Solving with ultrametric constraint
Optimal point found for initial point 6
Negative llh: 85.19755348163282
Dropout rate: 0.27328495948836673
Silencing rate: 0.46515023886671975
Sigma: 3.684853702118593
Lambda: 1.0
Initial point 7. Random seed: 7845
Solving with ultrametric constraint
Optimal point found for initial point 7
Negative llh: 85.19755348163282
Dropout rate: 0.6353306591755365
Silencing rate: 0.6510976900215821
Sigma: 3.684853702118593
Lambda: 1.0
Initial point 8. Random seed: 5522
Solving with ultrametric constraint
Optimal point found for initial point 8
Negative llh: 85.19755348163282
Dropout rate: 0.7097258013088595
Silencing rate: 0.7050643099756144
Sigma: 3.684853702118593
Lambda: 1.0
Initial point 9. Random seed: 3291
Solving with ultrametric constraint
Optimal point found for initial point 9
Negative llh: 85.19755348163282
Dropout rate: 0.1908521968313567
Silencing rate: 0.14093553878441917
Sigma: 3.684853702118593
Lambda: 1.0
Initial point 10. Random seed: 7352
Solving with ultrametric constraint
Optimal point found for initial point 10
Negative llh: 85.19755348163282
Dropout rate: 0.760799123158874
Silencing rate: 0.547738125797718
Sigma: 3.684853702118593
Lambda: 1.0
{'lambda_param': 1.0, 'phi': 0.7155773437671629, 'nu': 0.9257088142708836, 'sigma': 3.684853702118593, 'locations': {'216_16': (391.0, 281.0), '216_15': (411.0, 302.0), '216_13': (389.0, 339.0), '216_12': (418.0, 314.0), '216_11': (387.0, 315.0), '216_10': (379.0, 350.0), '216_9': (418.0, 335.0), '216_8': (357.0, 312.0), '216_7': (348.0, 332.0), '216_4': (364.0, 353.0), '216_3': (339.0, 358.0), '216_2': (344.0, 371.0), '216_1': (366.0, 373.0)}}
Runtime (s): 55.40715238079429
