Launching Problin version 0.5b
Problin was called as follow: /u/gh2161/Spatial-Division/problin/run_problin.py -c real_location_data/s2c2/k10_r2_character_matrix.csv -t real_location_data/s2c2/true_tree.nwk --delimiter comma -p real_location_data/s2c2/k10_priors.csv -o real_location_data/s2c2/k10_r2_problin.txt --nInitials 10 --ultrametric --randomreps 3 --solver Scipy
Optimization by generic solver (Scipy-SLSQP)
Optimizing branch lengths, phi, and nu without topology search
Initial point 1. Random seed: 624
Solving with ultrametric constraint
Optimal point found for initial point 1
Negative llh: 54.40236187949666
Dropout rate: 1e-10
Silencing rate: 1e-10
Lambda: 0.008025532530073577
Initial point 2. Random seed: 2039
Solving with ultrametric constraint
Optimal point found for initial point 2
Negative llh: 81.51154320537454
Dropout rate: 1e-10
Silencing rate: 1e-10
Lambda: 0.000976817931319193
Initial point 3. Random seed: 3751
Solving with ultrametric constraint
Optimal point found for initial point 3
Negative llh: 81.51106528344815
Dropout rate: 1.0000000000000002e-10
Silencing rate: 1e-10
Lambda: 0.000976849732555112
Initial point 4. Random seed: 7905
Solving with ultrametric constraint
Optimal point found for initial point 4
Negative llh: 81.51114224007638
Dropout rate: 1e-10
Silencing rate: 1e-10
Lambda: 0.0009768444894041725
Initial point 5. Random seed: 1465
Solving with ultrametric constraint
Optimal point found for initial point 5
Negative llh: 54.40236159506818
Dropout rate: 1e-10
Silencing rate: 1e-10
Lambda: 0.008025242599507326
Initial point 6. Random seed: 9996
Solving with ultrametric constraint
Optimal point found for initial point 6
Negative llh: 81.51170726506331
Dropout rate: 9.818256358397496e-10
Silencing rate: 3.660891366941907e-10
Lambda: 0.0009768075165357767
Initial point 7. Random seed: 2937
Solving with ultrametric constraint
Optimal point found for initial point 7
Negative llh: 54.403342170482446
Dropout rate: 1e-10
Silencing rate: 1e-10
Lambda: 0.008017352094191453
Initial point 8. Random seed: 1753
Solving with ultrametric constraint
Optimal point found for initial point 8
Negative llh: 81.5116188614832
Dropout rate: 3.5562269559989523e-10
Silencing rate: 1.4621678508283882e-10
Lambda: 0.0009768138103784327
Initial point 9. Random seed: 4018
Solving with ultrametric constraint
Optimal point found for initial point 9
Negative llh: 54.40321455541158
Dropout rate: 4.858517616983001e-10
Silencing rate: 2.48269482132981e-10
Lambda: 0.008029135311360345
Initial point 10. Random seed: 283
Solving with ultrametric constraint
Optimal point found for initial point 10
Negative llh: 81.51245145010154
Dropout rate: 2.769226127072283e-10
Silencing rate: 1.4139840760502845e-10
Lambda: 0.000976764059530944
{'phi': 1e-10, 'nu': 1e-10, 'lambda_param': 0.008025242599507326}
Runtime (s): 42.63548883423209
