Launching Problin version 0.5b
Problin was called as follow: /u/gh2161/Spatial-Division/problin/run_problin.py -c intmem_real_data/s7c2/characters.txt -t intmem_real_data/s7c2/true_tree.nwk -S intmem_real_data/s7c2/leaf_locations.txt --delimiter comma -p intmem_real_data/s7c2/prior.csv -o intmem_real_data/s7c2/spalin.txt --nInitials 10 --ultrametric --randomreps 3
Optimization by Spalin: Scipy-SLSQP using spatial information
Optimizing branch lengths, phi, and nu without topology search
Initial point 1. Random seed: 103
Solving with ultrametric constraint
Optimal point found for initial point 1
Negative llh: 104.13567638624619
Dropout rate: 1e-10
Silencing rate: 1e-10
Sigma: 2.8273916860897024
Lambda: 0.0009772970047152258
Initial point 2. Random seed: 9643
Solving with ultrametric constraint
Optimal point found for initial point 2
Negative llh: 104.14442043473471
Dropout rate: 1.0113522834598508e-10
Silencing rate: 1.002118136978506e-10
Sigma: 2.841156463225028
Lambda: 0.0009766552021837046
Initial point 3. Random seed: 7344
Solving with ultrametric constraint
Optimal point found for initial point 3
Negative llh: 104.13575568386617
Dropout rate: 2.653597718153073e-10
Silencing rate: 1.0910133858754837e-10
Sigma: 2.8273037930691554
Lambda: 0.0009772910046936239
Initial point 4. Random seed: 5697
Solving with ultrametric constraint
Optimal point found for initial point 4
Negative llh: 104.14404344338556
Dropout rate: 1.0000000000000002e-10
Silencing rate: 1e-10
Sigma: 2.838145110236345
Lambda: 0.0009766664863834656
Initial point 5. Random seed: 6164
Solving with ultrametric constraint
Optimal point found for initial point 5
Negative llh: 81.37948661849765
Dropout rate: 1.0000000000000002e-10
Silencing rate: 1e-10
Sigma: 3.033225171708303
Lambda: 0.012541541024289
Initial point 6. Random seed: 8801
Solving with ultrametric constraint
Optimal point found for initial point 6
Negative llh: 81.37948700981343
Dropout rate: 9.999999999999999e-11
Silencing rate: 1e-10
Sigma: 3.032559222764085
Lambda: 0.012540293479716198
Initial point 7. Random seed: 127
Solving with ultrametric constraint
Optimal point found for initial point 7
Negative llh: 104.1362157895314
Dropout rate: 2.3481791872668026e-10
Silencing rate: 1.0920529352702054e-10
Sigma: 2.827664925342738
Lambda: 0.000977255439335105
Initial point 8. Random seed: 4902
Solving with ultrametric constraint
Optimal point found for initial point 8
Negative llh: 81.37948673610421
Dropout rate: 1e-10
Silencing rate: 1e-10
Sigma: 3.0329590165099463
Lambda: 0.012541498573873898
Initial point 9. Random seed: 9557
Solving with ultrametric constraint
Optimal point found for initial point 9
Negative llh: 104.14376151987437
Dropout rate: 1e-10
Silencing rate: 1e-10
Sigma: 2.845633231498361
Lambda: 0.0009766834517654444
Initial point 10. Random seed: 2716
Solving with ultrametric constraint
Optimal point found for initial point 10
Negative llh: 104.14356865760053
Dropout rate: 1.0000000000000002e-10
Silencing rate: 1e-10
Sigma: 2.844167170304735
Lambda: 0.0009766913497429417
{'lambda_param': 0.012541541024289, 'phi': 1.0000000000000002e-10, 'nu': 1e-10, 'sigma': 3.033225171708303, 'locations': {'216_12': (261.0, 367.0), '216_11': (266.0, 385.0), '216_9': (274.0, 399.0), '216_4': (248.0, 337.0), '216_2': (268.0, 342.0), '216_1': (273.0, 359.0), '216_5': (246.0, 349.0), '216_8': (220.0, 310.0), '216_7': (224.0, 343.0)}}
Runtime (s): 48.17450369242579
