Launching Problin version 0.5b
Problin was called as follow: /u/gh2161/Spatial-Division/problin/run_problin.py -c real_location_data/s13c2/k10_r2_character_matrix.csv -t real_location_data/s13c2/true_tree.nwk -S real_location_data/s13c2/leaf_locations.txt --delimiter comma -p real_location_data/s13c2/k10_priors.csv -o real_location_data/s13c2/k10_r2_spalin-spatialonly.txt --nInitials 10 --ultrametric --randomreps 3 --spatial_only
Optimization by Spalin: Scipy-SLSQP using spatial information
Optimizing branch lengths, phi, and nu without topology search
only spatial
Initial point 1. Random seed: 4120
Solving with ultrametric constraint
Optimal point found for initial point 1
Negative llh: 128.4471110956554
Dropout rate: 0.023406284578928294
Silencing rate: 0.8070469409296567
Sigma: 4.959475999328305
Lambda: 1.0
Initial point 2. Random seed: 881
Solving with ultrametric constraint
Optimal point found for initial point 2
Negative llh: 128.4471110956554
Dropout rate: 0.029936988384113856
Silencing rate: 0.19392678047308362
Sigma: 4.959475999328305
Lambda: 1.0
Initial point 3. Random seed: 2401
Solving with ultrametric constraint
Optimal point found for initial point 3
Negative llh: 128.4471110956554
Dropout rate: 0.42313246363411317
Silencing rate: 0.4115367002679579
Sigma: 4.959475999328305
Lambda: 1.0
Initial point 4. Random seed: 6588
Solving with ultrametric constraint
Optimal point found for initial point 4
Negative llh: 128.4471110956554
Dropout rate: 0.7033041701611237
Silencing rate: 0.6752934616413802
Sigma: 4.959475999328305
Lambda: 1.0
Initial point 5. Random seed: 4994
Solving with ultrametric constraint
Optimal point found for initial point 5
Negative llh: 128.4471110956554
Dropout rate: 0.344040698613875
Silencing rate: 0.024414199784656497
Sigma: 4.959475999328305
Lambda: 1.0
Initial point 6. Random seed: 6662
Solving with ultrametric constraint
Optimal point found for initial point 6
Negative llh: 128.4471110956554
Dropout rate: 0.8970465788102623
Silencing rate: 0.0166755000804489
Sigma: 4.959475999328305
Lambda: 1.0
Initial point 7. Random seed: 5148
Solving with ultrametric constraint
Optimal point found for initial point 7
Negative llh: 128.4471110956554
Dropout rate: 0.95207774973371
Silencing rate: 0.8967140978866596
Sigma: 4.959475999328305
Lambda: 1.0
Initial point 8. Random seed: 8191
Solving with ultrametric constraint
Optimal point found for initial point 8
Negative llh: 128.4471110956554
Dropout rate: 0.3477732383665431
Silencing rate: 0.21389706871145867
Sigma: 4.959475999328305
Lambda: 1.0
Initial point 9. Random seed: 9397
Solving with ultrametric constraint
Optimal point found for initial point 9
Negative llh: 128.4471110956554
Dropout rate: 0.4946804215944166
Silencing rate: 0.6938885710187686
Sigma: 4.959475999328305
Lambda: 1.0
Initial point 10. Random seed: 4390
Solving with ultrametric constraint
Optimal point found for initial point 10
Negative llh: 128.4471110956554
Dropout rate: 0.240876655706728
Silencing rate: 0.1612242228332257
Sigma: 4.959475999328305
Lambda: 1.0
{'lambda_param': 1.0, 'phi': 0.023406284578928294, 'nu': 0.8070469409296567, 'sigma': 4.959475999328305, 'locations': {'216_16': (263.0, 317.0), '216_15': (236.0, 326.0), '216_17': (274.0, 327.0), '216_24': (311.0, 223.0), '216_14': (228.0, 313.0), '216_13': (206.0, 325.0), '216_12': (206.0, 339.0), '216_11': (177.0, 338.0), '216_8': (222.0, 349.0), '216_7': (221.0, 334.0), '216_10': (257.0, 306.0), '216_9': (241.0, 300.0), '216_4': (189.0, 347.0), '216_3': (223.0, 376.0), '216_6': (250.0, 333.0), '216_5': (243.0, 371.0), '216_2': (238.0, 389.0), '216_1': (204.0, 394.0)}}
Runtime (s): 107.93329429253936
