Launching Problin version 0.5b
Problin was called as follow: /u/gh2161/Spatial-Division/problin/run_problin.py -c simulated_seq_simulated_loc/s9c2/k50_character_matrix.csv -t simulated_seq_simulated_loc/s9c2/true_tree.nwk --delimiter comma -p simulated_seq_simulated_loc/s9c2/k50_priors.csv -o simulated_seq_simulated_loc/s9c2/k50_problin.txt --nInitials 10 --ultrametric --randomreps 3
Optimization by EM algorithm
Optimizing branch lengths, phi, and nu without topology search
Initial point 1. Random seed: 3255
Solving with ultrametric constraint
Initial phi: 0.9850268431787759. Initial nu: 0.602404681976109. Initial nllh: 65668.18996165191
EM finished after 9 iterations.
Optimal point found for initial point 1
Negative llh: 427.76129484410677
Dropout rate: 0
Silencing rate: 1.578712469192811e-07
Initial point 2. Random seed: 7818
Solving with ultrametric constraint
Initial phi: 0.7099107801537619. Initial nu: 0.9052189952259797. Initial nllh: 1655.5781565767822
EM finished after 8 iterations.
Optimal point found for initial point 2
Negative llh: 427.7612966829461
Dropout rate: 0
Silencing rate: 1.623294879445663e-07
Initial point 3. Random seed: 5442
Solving with ultrametric constraint
Initial phi: 0.8184602206617453. Initial nu: 0.36489264130429994. Initial nllh: 1828.2565856684246
EM finished after 7 iterations.
Optimal point found for initial point 3
Negative llh: 427.7612963477859
Dropout rate: 0
Silencing rate: 1.6095329140273557e-07
Initial point 4. Random seed: 8159
Solving with ultrametric constraint
Initial phi: 0.33448477199408605. Initial nu: 0.6016003678509724. Initial nllh: 932.2945675626862
EM finished after 8 iterations.
Optimal point found for initial point 4
Negative llh: 427.76129629316654
Dropout rate: 0
Silencing rate: 1.6219771218942237e-07
Initial point 5. Random seed: 8379
Solving with ultrametric constraint
Initial phi: 0.7443291016450805. Initial nu: 0.14664314413012086. Initial nllh: 1499.2005643662567
EM finished after 7 iterations.
Optimal point found for initial point 5
Negative llh: 427.7612965509147
Dropout rate: 0
Silencing rate: 1.639051803961758e-07
Initial point 6. Random seed: 8624
Solving with ultrametric constraint
Initial phi: 0.10168173093497955. Initial nu: 0.6572850096996128. Initial nllh: 725.7557673674319
EM finished after 8 iterations.
Optimal point found for initial point 6
Negative llh: 427.76129511292373
Dropout rate: 0
Silencing rate: 1.583966258141654e-07
Initial point 7. Random seed: 8541
Solving with ultrametric constraint
Initial phi: 0.2446479375919866. Initial nu: 0.9701700981824564. Initial nllh: 959.3314348229941
EM finished after 8 iterations.
Optimal point found for initial point 7
Negative llh: 427.76129667601845
Dropout rate: 0
Silencing rate: 1.6216787820600938e-07
Initial point 8. Random seed: 6999
Solving with ultrametric constraint
Initial phi: 0.7257057953529524. Initial nu: 0.661455644282897. Initial nllh: 1616.878252108893
EM finished after 8 iterations.
Optimal point found for initial point 8
Negative llh: 427.7612957523149
Dropout rate: 0
Silencing rate: 1.60373669383433e-07
Initial point 9. Random seed: 6639
Solving with ultrametric constraint
Initial phi: 0.2665149852019705. Initial nu: 0.5425373458514068. Initial nllh: 839.8105908654253
EM finished after 8 iterations.
Optimal point found for initial point 9
Negative llh: 427.76129753292037
Dropout rate: 0
Silencing rate: 1.659205845936528e-07
Initial point 10. Random seed: 4915
Solving with ultrametric constraint
Initial phi: 0.859823645227086. Initial nu: 0.44107031881966763. Initial nllh: 2047.4032281576349
EM finished after 7 iterations.
Optimal point found for initial point 10
Negative llh: 427.76129667951767
Dropout rate: 0
Silencing rate: 1.6104902456875953e-07
Runtime (s): 7.9729630392976105
