Launching Problin version 0.5b
Problin was called as follow: /u/gh2161/Spatial-Division/problin/run_problin.py -c real_location_data/s13c2/k10_r2_character_matrix.csv -t real_location_data/s13c2/true_tree.nwk -S real_location_data/s13c2/leaf_locations.txt --delimiter comma -p real_location_data/s13c2/k10_priors.csv -o real_location_data/s13c2/k10_r2_spalin-divide-beta20.txt --nInitials 10 --ultrametric --randomreps 3 --divide --given_beta 20 --incl_beta_bound
Optimization by Spalin-Divide: Scipy-SLSQP using spatial information
Optimizing branch lengths, phi, and nu without topology search
Initial point 1. Random seed: 6149
Solving with ultrametric constraint
Optimal point found for initial point 1
Negative llh: 252.65816012511533
Dropout rate: 4.316733295988362e-10
Silencing rate: 2.8795353804071537e-10
Sigma: 3.914033737964369
Initial point 2. Random seed: 578
Solving with ultrametric constraint
Optimal point found for initial point 2
Negative llh: 252.65815579919627
Dropout rate: 1.0000000000000002e-10
Silencing rate: 9.999999999999999e-11
Sigma: 3.9140125707785396
Initial point 3. Random seed: 354
Solving with ultrametric constraint
Optimal point found for initial point 3
Negative llh: 252.65815598355897
Dropout rate: 1.2867620714301923e-09
Silencing rate: 9.095714942876321e-10
Sigma: 3.914002868668437
Initial point 4. Random seed: 9775
Solving with ultrametric constraint
Optimal point found for initial point 4
Negative llh: 252.65815849202625
Dropout rate: 1.0000000000000002e-10
Silencing rate: 1e-10
Sigma: 3.9139875416764602
Initial point 5. Random seed: 7381
Solving with ultrametric constraint
Optimal point found for initial point 5
Negative llh: 252.65815546444327
Dropout rate: 3.5966854602711657e-10
Silencing rate: 2.474671375057391e-10
Sigma: 3.9140074279366277
Initial point 6. Random seed: 6691
Solving with ultrametric constraint
Optimal point found for initial point 6
Negative llh: 252.65815609938875
Dropout rate: 1.461406387730319e-10
Silencing rate: 1.2285628805954907e-10
Sigma: 3.914005897457842
Initial point 7. Random seed: 1154
Solving with ultrametric constraint
Optimal point found for initial point 7
Negative llh: 252.6581566065385
Dropout rate: 2.732353352721215e-10
Silencing rate: 1.9505577354848305e-10
Sigma: 3.9140108263781253
Initial point 8. Random seed: 3080
Solving with ultrametric constraint
Optimal point found for initial point 8
Negative llh: 252.65815781234124
Dropout rate: 4.6200888510755073e-10
Silencing rate: 3.3322777376952666e-10
Sigma: 3.9140364806738517
Initial point 9. Random seed: 2210
Solving with ultrametric constraint
Optimal point found for initial point 9
Negative llh: 252.65815753467575
Dropout rate: 3.2277775360994534e-10
Silencing rate: 2.456287151267031e-10
Sigma: 3.9140103003278717
Initial point 10. Random seed: 7994
Solving with ultrametric constraint
Optimal point found for initial point 10
Negative llh: 252.658155459514
Dropout rate: 1.1550542868001124e-10
Silencing rate: 1.0768174822972506e-10
Sigma: 3.9140031144789416
Runtime (s): 2067.335902592982
