Launching Problin version 0.5b
Problin was called as follow: /u/gh2161/Spatial-Division/problin/run_problin.py -c real_location_data/s13c2/k10_r5_character_matrix.csv -t real_location_data/s13c2/true_tree.nwk -S real_location_data/s13c2/leaf_locations.txt --delimiter comma -p real_location_data/s13c2/k10_priors.csv -o real_location_data/s13c2/k10_r5_spalin-divide-beta20.txt --nInitials 10 --ultrametric --randomreps 3 --divide --given_beta 20 --incl_beta_bound
Optimization by Spalin-Divide: Scipy-SLSQP using spatial information
Optimizing branch lengths, phi, and nu without topology search
Initial point 1. Random seed: 3890
Solving with ultrametric constraint
Optimal point found for initial point 1
Negative llh: 236.61389115340603
Dropout rate: 1.0000000000000002e-10
Silencing rate: 1.0000000000000002e-10
Sigma: 3.6947465766170384
Initial point 2. Random seed: 49
Solving with ultrametric constraint
Optimal point found for initial point 2
Negative llh: 236.6138913232074
Dropout rate: 4.0537120161661236e-10
Silencing rate: 3.1242873138167235e-10
Sigma: 3.694797182446207
Initial point 3. Random seed: 1620
Solving with ultrametric constraint
Optimal point found for initial point 3
Negative llh: 236.6138915563779
Dropout rate: 1.375183535497191e-10
Silencing rate: 1.1874655431273922e-10
Sigma: 3.694785866393263
Initial point 4. Random seed: 3361
Solving with ultrametric constraint
Optimal point found for initial point 4
Negative llh: 236.61389192720208
Dropout rate: 2.7222834940047055e-10
Silencing rate: 1.8852637615095948e-10
Sigma: 3.694826693308923
Initial point 5. Random seed: 7515
Solving with ultrametric constraint
Optimal point found for initial point 5
Negative llh: 236.61389095003167
Dropout rate: 1.155717909355232e-10
Silencing rate: 1.0778067630187846e-10
Sigma: 3.694807610982052
Initial point 6. Random seed: 1630
Solving with ultrametric constraint
Optimal point found for initial point 6
Negative llh: 236.6138915876027
Dropout rate: 2.0128829599256482e-10
Silencing rate: 1.5060509173039456e-10
Sigma: 3.6948264527189996
Initial point 7. Random seed: 3895
Solving with ultrametric constraint
Optimal point found for initial point 7
Negative llh: 236.61389509269515
Dropout rate: 2.2721196115430007e-10
Silencing rate: 2.1268316613142392e-10
Sigma: 3.69477767206397
Initial point 8. Random seed: 3590
Solving with ultrametric constraint
Optimal point found for initial point 8
Negative llh: 236.6138917669918
Dropout rate: 1.0000000000000007e-10
Silencing rate: 1.0000000000000007e-10
Sigma: 3.6947929967677435
Initial point 9. Random seed: 494
Solving with ultrametric constraint
Optimal point found for initial point 9
Negative llh: 236.61389193806417
Dropout rate: 8.458900742583692e-10
Silencing rate: 4.865295846969102e-10
Sigma: 3.6948082662363144
Initial point 10. Random seed: 1393
Solving with ultrametric constraint
Optimal point found for initial point 10
Negative llh: 236.61389291540854
Dropout rate: 4.829243285670107e-10
Silencing rate: 2.564686906591947e-10
Sigma: 3.694770010036508
Runtime (s): 1760.365019967081
