Launching Problin version 0.5b
Problin was called as follow: /u/gh2161/Spatial-Division/problin/run_problin.py -c real_location_data/s13c2/k10_r2_character_matrix.csv -t real_location_data/s13c2/true_tree.nwk -S real_location_data/s13c2/leaf_locations.txt --delimiter comma -p real_location_data/s13c2/k10_priors.csv -o real_location_data/s13c2/k10_r2_spalin-divide-beta8.txt --nInitials 10 --ultrametric --randomreps 3 --divide --given_beta 8 --incl_beta_bound
Optimization by Spalin-Divide: Scipy-SLSQP using spatial information
Optimizing branch lengths, phi, and nu without topology search
Initial point 1. Random seed: 4241
Solving with ultrametric constraint
Optimal point found for initial point 1
Negative llh: 268.36769541966936
Dropout rate: 2.5550424493460577e-10
Silencing rate: 1.7834105468979956e-10
Sigma: 5.124051133102761
Initial point 2. Random seed: 1637
Solving with ultrametric constraint
Optimal point found for initial point 2
Negative llh: 268.36769649183873
Dropout rate: 1.0517425428961375e-10
Silencing rate: 1.02505202750313e-10
Sigma: 5.124044720150908
Initial point 3. Random seed: 5171
Solving with ultrametric constraint
Fatal: failed to optimize using initial point 3
Initial point 4. Random seed: 3954
Solving with ultrametric constraint
Optimal point found for initial point 4
Negative llh: 268.367696092013
Dropout rate: 4.734046872267833e-10
Silencing rate: 2.8070098162900053e-10
Sigma: 5.1240466848321535
Initial point 5. Random seed: 2247
Solving with ultrametric constraint
Fatal: failed to optimize using initial point 5
Initial point 6. Random seed: 7293
Solving with ultrametric constraint
Optimal point found for initial point 6
Negative llh: 268.36771099167413
Dropout rate: 1.961848998294885e-09
Silencing rate: 1.526164015693419e-09
Sigma: 5.123578491692032
Initial point 7. Random seed: 4185
Solving with ultrametric constraint
Optimal point found for initial point 7
Negative llh: 268.3677031263079
Dropout rate: 8.410164660964705e-10
Silencing rate: 5.742369500888198e-10
Sigma: 5.124083212359336
Initial point 8. Random seed: 9347
Solving with ultrametric constraint
Optimal point found for initial point 8
Negative llh: 268.3676996640884
Dropout rate: 1.0000000000000002e-10
Silencing rate: 1.0000000000000002e-10
Sigma: 5.12408052020378
Initial point 9. Random seed: 8774
Solving with ultrametric constraint
Optimal point found for initial point 9
Negative llh: 268.3676960947233
Dropout rate: 3.987700771642067e-10
Silencing rate: 2.493190242712179e-10
Sigma: 5.124005558537931
Initial point 10. Random seed: 4634
Solving with ultrametric constraint
Optimal point found for initial point 10
Negative llh: 268.3676957729138
Dropout rate: 9.999999999999999e-11
Silencing rate: 1.0000000000000002e-10
Sigma: 5.124059593671532
Runtime (s): 1082.338164884597
