Launching Problin version 0.5b
Problin was called as follow: /u/gh2161/Spatial-Division/problin/run_problin.py -c real_location_data/s13c2/k10_r3_character_matrix.csv -t real_location_data/s13c2/true_tree.nwk -S real_location_data/s13c2/leaf_locations.txt --delimiter comma -p real_location_data/s13c2/k10_priors.csv -o real_location_data/s13c2/k10_r3_spalin-divide-beta6.txt --nInitials 10 --ultrametric --randomreps 3 --divide --given_beta 6 --incl_beta_bound
Optimization by Spalin-Divide: Scipy-SLSQP using spatial information
Optimizing branch lengths, phi, and nu without topology search
Initial point 1. Random seed: 6528
Solving with ultrametric constraint
Optimal point found for initial point 1
Negative llh: 254.22009351648336
Dropout rate: 1.0000000000000002e-10
Silencing rate: 1e-10
Sigma: 5.304539603284834
Initial point 2. Random seed: 326
Solving with ultrametric constraint
Optimal point found for initial point 2
Negative llh: 254.2200926163716
Dropout rate: 6.244872628951263e-10
Silencing rate: 4.192734315491051e-10
Sigma: 5.304515850641491
Initial point 3. Random seed: 3210
Solving with ultrametric constraint
Optimal point found for initial point 3
Negative llh: 254.22009342481874
Dropout rate: 3.670214392610381e-10
Silencing rate: 2.0632811058537732e-10
Sigma: 5.304536129645187
Initial point 4. Random seed: 7678
Solving with ultrametric constraint
Optimal point found for initial point 4
Negative llh: 254.22009187956647
Dropout rate: 1e-10
Silencing rate: 1e-10
Sigma: 5.304569657421096
Initial point 5. Random seed: 5042
Solving with ultrametric constraint
Optimal point found for initial point 5
Negative llh: 254.2200936092872
Dropout rate: 9.999999999999996e-11
Silencing rate: 1.0000000000000002e-10
Sigma: 5.304487320777559
Initial point 6. Random seed: 6102
Solving with ultrametric constraint
Optimal point found for initial point 6
Negative llh: 254.2200923643105
Dropout rate: 1.4852473762964495e-10
Silencing rate: 1.2793450733628768e-10
Sigma: 5.304533146778822
Initial point 7. Random seed: 193
Solving with ultrametric constraint
Optimal point found for initial point 7
Negative llh: 254.2200935991251
Dropout rate: 1.0000000000000002e-10
Silencing rate: 1.0000000000000002e-10
Sigma: 5.30450666122026
Initial point 8. Random seed: 3260
Solving with ultrametric constraint
Optimal point found for initial point 8
Negative llh: 254.22009883246147
Dropout rate: 1.0327128717351927e-09
Silencing rate: 6.784320846515063e-10
Sigma: 5.304468259229096
Initial point 9. Random seed: 7954
Solving with ultrametric constraint
Optimal point found for initial point 9
Negative llh: 254.22010760715017
Dropout rate: 1.8487348270292742e-10
Silencing rate: 1.4887103622686282e-10
Sigma: 5.304522341879948
Initial point 10. Random seed: 2847
Solving with ultrametric constraint
Optimal point found for initial point 10
Negative llh: 254.22009160806527
Dropout rate: 1.6494526592280759e-10
Silencing rate: 1.3738908472567952e-10
Sigma: 5.304520117220858
Runtime (s): 1123.6232092017308
