Launching Problin version 0.5b
Problin was called as follow: /u/gh2161/Spatial-Division/problin/run_problin.py -c real_location_data/s13c2/k10_r5_character_matrix.csv -t real_location_data/s13c2/true_tree.nwk --delimiter comma -p real_location_data/s13c2/k10_priors.csv -o real_location_data/s13c2/k10_r5_problin.txt --nInitials 10 --ultrametric --randomreps 3 --solver Scipy
Optimization by generic solver (Scipy-SLSQP)
Optimizing branch lengths, phi, and nu without topology search
Initial point 1. Random seed: 5603
Solving with ultrametric constraint
Optimal point found for initial point 1
Negative llh: 108.15292526004473
Dropout rate: 1.0000000000000002e-10
Silencing rate: 1.0000000000000002e-10
Lambda: 0.005085898607566583
Initial point 2. Random seed: 4515
Solving with ultrametric constraint
Optimal point found for initial point 2
Negative llh: 108.15250981520617
Dropout rate: 1.0000000000000007e-10
Silencing rate: 1.0000000000000007e-10
Lambda: 0.005085492848152564
Initial point 3. Random seed: 7836
Solving with ultrametric constraint
Optimal point found for initial point 3
Negative llh: 108.15245461535102
Dropout rate: 1e-10
Silencing rate: 1e-10
Lambda: 0.005086675967111956
Initial point 4. Random seed: 9487
Solving with ultrametric constraint
Optimal point found for initial point 4
Negative llh: 108.15294862168639
Dropout rate: 1e-10
Silencing rate: 1e-10
Lambda: 0.005087482548816925
Initial point 5. Random seed: 2477
Solving with ultrametric constraint
Optimal point found for initial point 5
Negative llh: 108.15292297692031
Dropout rate: 1.0366174282379524e-10
Silencing rate: 1.881684766338541e-10
Lambda: 0.005078320669764293
Initial point 6. Random seed: 9231
Solving with ultrametric constraint
Optimal point found for initial point 6
Negative llh: 108.15250480561308
Dropout rate: 1e-10
Silencing rate: 1e-10
Lambda: 0.005085216370438776
Initial point 7. Random seed: 5116
Solving with ultrametric constraint
Optimal point found for initial point 7
Negative llh: 108.1531256031751
Dropout rate: 1e-10
Silencing rate: 1e-10
Lambda: 0.005088903496164155
Initial point 8. Random seed: 2355
Solving with ultrametric constraint
Optimal point found for initial point 8
Negative llh: 108.15247581692938
Dropout rate: 3.373617844173802e-10
Silencing rate: 2.2073327829301432e-10
Lambda: 0.0050850422811362225
Initial point 9. Random seed: 2716
Solving with ultrametric constraint
Optimal point found for initial point 9
Negative llh: 108.1525250158003
Dropout rate: 8.573588669080596e-10
Silencing rate: 4.347839548145806e-10
Lambda: 0.00508600724417252
Initial point 10. Random seed: 5538
Solving with ultrametric constraint
Fatal: failed to optimize using initial point 10
{'phi': 1e-10, 'nu': 1e-10, 'lambda_param': 0.005086675967111956}
Runtime (s): 156.98254234157503
