Launching Problin version 0.5b
Problin was called as follow: /u/gh2161/Spatial-Division/problin/run_problin.py -c real_location_data/s7c3/k10_r2_character_matrix.csv -t real_location_data/s7c3/true_tree.nwk -S real_location_data/s7c3/leaf_locations.txt --delimiter comma -p real_location_data/s7c3/k10_priors.csv -o real_location_data/s7c3/k10_r2_spalin-divide-beta20.txt --nInitials 10 --ultrametric --randomreps 3 --divide --given_beta 20 --incl_beta_bound
Optimization by Spalin-Divide: Scipy-SLSQP using spatial information
Optimizing branch lengths, phi, and nu without topology search
Initial point 1. Random seed: 1395
Solving with ultrametric constraint
Optimal point found for initial point 1
Negative llh: 307.836034025862
Dropout rate: 8.878565321226446e-10
Silencing rate: 3.780772107268116e-10
Sigma: 3.9818586229677515
Initial point 2. Random seed: 3505
Solving with ultrametric constraint
Optimal point found for initial point 2
Negative llh: 307.8360198587241
Dropout rate: 3.448249831509192e-09
Silencing rate: 1.2357716337790468e-09
Sigma: 3.981817059573194
Initial point 3. Random seed: 5423
Solving with ultrametric constraint
Fatal: failed to optimize using initial point 3
Initial point 4. Random seed: 9461
Solving with ultrametric constraint
Optimal point found for initial point 4
Negative llh: 307.8360201571448
Dropout rate: 1.0927834328881115e-09
Silencing rate: 4.717227600616271e-10
Sigma: 3.981833437970305
Initial point 5. Random seed: 6564
Solving with ultrametric constraint
Optimal point found for initial point 5
Negative llh: 307.8360211425579
Dropout rate: 3.466171139108988e-10
Silencing rate: 2.0742351663344463e-10
Sigma: 3.9818276890989788
Initial point 6. Random seed: 2774
Solving with ultrametric constraint
Optimal point found for initial point 6
Negative llh: 307.83601715667396
Dropout rate: 1.954519059618887e-10
Silencing rate: 1.4157593685896758e-10
Sigma: 3.981822563136214
Initial point 7. Random seed: 4630
Solving with ultrametric constraint
Optimal point found for initial point 7
Negative llh: 307.83602200977117
Dropout rate: 1e-10
Silencing rate: 1e-10
Sigma: 3.9818932366084856
Initial point 8. Random seed: 2403
Solving with ultrametric constraint
Optimal point found for initial point 8
Negative llh: 307.83602413880317
Dropout rate: 1.593505857855502e-10
Silencing rate: 1.2592566435741247e-10
Sigma: 3.98182410904321
Initial point 9. Random seed: 7916
Solving with ultrametric constraint
Fatal: failed to optimize using initial point 9
Initial point 10. Random seed: 2180
Solving with ultrametric constraint
Optimal point found for initial point 10
Negative llh: 307.8360196216437
Dropout rate: 4.0536652014126836e-10
Silencing rate: 2.3300867818612177e-10
Sigma: 3.981886673870527
Runtime (s): 3687.6792697273195
