Launching Problin version 0.5b
Problin was called as follow: /u/gh2161/Spatial-Division/problin/run_problin.py -c real_location_data/s7c3/k10_r1_character_matrix.csv -t real_location_data/s7c3/true_tree.nwk -S real_location_data/s7c3/leaf_locations.txt --delimiter comma -p real_location_data/s7c3/k10_priors.csv -o real_location_data/s7c3/k10_r1_spalin-divide-beta8.txt --nInitials 10 --ultrametric --randomreps 3 --divide --given_beta 8 --incl_beta_bound
Optimization by Spalin-Divide: Scipy-SLSQP using spatial information
Optimizing branch lengths, phi, and nu without topology search
Initial point 1. Random seed: 5001
Solving with ultrametric constraint
Optimal point found for initial point 1
Negative llh: 309.51598630791915
Dropout rate: 6.191270742181848e-10
Silencing rate: 2.69448100549978e-10
Sigma: 5.03395164936047
Initial point 2. Random seed: 8393
Solving with ultrametric constraint
Optimal point found for initial point 2
Negative llh: 309.51600575288677
Dropout rate: 5.994066737290229e-10
Silencing rate: 2.6300257859365543e-10
Sigma: 5.034219464824821
Initial point 3. Random seed: 589
Solving with ultrametric constraint
Optimal point found for initial point 3
Negative llh: 309.5160008456218
Dropout rate: 1.0000000000000006e-10
Silencing rate: 1.0000000000000006e-10
Sigma: 5.033694741635002
Initial point 4. Random seed: 3009
Solving with ultrametric constraint
Optimal point found for initial point 4
Negative llh: 309.5159833141265
Dropout rate: 1.5005036313624086e-10
Silencing rate: 1.1633628921787224e-10
Sigma: 5.033936371278219
Initial point 5. Random seed: 9211
Solving with ultrametric constraint
Optimal point found for initial point 5
Negative llh: 309.51598556957276
Dropout rate: 1e-10
Silencing rate: 1e-10
Sigma: 5.034073184254892
Initial point 6. Random seed: 179
Solving with ultrametric constraint
Optimal point found for initial point 6
Negative llh: 309.5159984261316
Dropout rate: 9.260254504367049e-10
Silencing rate: 3.696100612693943e-10
Sigma: 5.033944183400397
Initial point 7. Random seed: 9524
Solving with ultrametric constraint
Fatal: failed to optimize using initial point 7
Initial point 8. Random seed: 7961
Solving with ultrametric constraint
Optimal point found for initial point 8
Negative llh: 309.5159842203946
Dropout rate: 1e-10
Silencing rate: 1e-10
Sigma: 5.034061142727106
Initial point 9. Random seed: 8085
Solving with ultrametric constraint
Fatal: failed to optimize using initial point 9
Initial point 10. Random seed: 1129
Solving with ultrametric constraint
Optimal point found for initial point 10
Negative llh: 309.5159823049229
Dropout rate: 6.757753391269834e-10
Silencing rate: 2.8781004590714546e-10
Sigma: 5.033881774915943
Runtime (s): 3456.294224176556
