Launching Problin version 0.5b
Problin was called as follow: /u/gh2161/Spatial-Division/problin/run_problin.py -c real_location_data/s7c3/k10_r5_character_matrix.csv -t real_location_data/s7c3/true_tree.nwk --delimiter comma -p real_location_data/s7c3/k10_priors.csv -o real_location_data/s7c3/k10_r5_problin.txt --nInitials 10 --ultrametric --randomreps 3 --solver Scipy
Optimization by generic solver (Scipy-SLSQP)
Optimizing branch lengths, phi, and nu without topology search
Initial point 1. Random seed: 6018
Solving with ultrametric constraint
Optimal point found for initial point 1
Negative llh: 119.81911304866921
Dropout rate: 7.412297339866373e-10
Silencing rate: 3.4464931034575816e-10
Lambda: 0.005885571267115876
Initial point 2. Random seed: 8143
Solving with ultrametric constraint
Optimal point found for initial point 2
Negative llh: 119.81870664323053
Dropout rate: 3.3207016775631854e-09
Silencing rate: 1.3344142642833878e-09
Lambda: 0.005885039565411502
Initial point 3. Random seed: 8228
Solving with ultrametric constraint
Optimal point found for initial point 3
Negative llh: 119.81888220303402
Dropout rate: 1e-10
Silencing rate: 1e-10
Lambda: 0.0058908591936503146
Initial point 4. Random seed: 1391
Solving with ultrametric constraint
Optimal point found for initial point 4
Negative llh: 119.81864568764585
Dropout rate: 1e-10
Silencing rate: 1e-10
Lambda: 0.0058881215213413855
Initial point 5. Random seed: 8204
Solving with ultrametric constraint
Optimal point found for initial point 5
Negative llh: 119.81856583846103
Dropout rate: 1e-10
Silencing rate: 1e-10
Lambda: 0.005888248019997323
Initial point 6. Random seed: 6810
Solving with ultrametric constraint
Optimal point found for initial point 6
Negative llh: 119.8185072355158
Dropout rate: 1.2794472218261443e-09
Silencing rate: 2.1406242499407918e-09
Lambda: 0.005889182991000923
Initial point 7. Random seed: 2778
Solving with ultrametric constraint
Optimal point found for initial point 7
Negative llh: 119.81875128694524
Dropout rate: 9.999999999999924e-11
Silencing rate: 1.0000000000000007e-10
Lambda: 0.005889425491591924
Initial point 8. Random seed: 93
Solving with ultrametric constraint
Optimal point found for initial point 8
Negative llh: 119.81850605502582
Dropout rate: 1.0000000000000007e-10
Silencing rate: 1.0000000000000007e-10
Lambda: 0.0058891336232708424
Initial point 9. Random seed: 3441
Solving with ultrametric constraint
Optimal point found for initial point 9
Negative llh: 119.81890537390919
Dropout rate: 1e-10
Silencing rate: 1e-10
Lambda: 0.0058918501627093535
Initial point 10. Random seed: 6268
Solving with ultrametric constraint
Optimal point found for initial point 10
Negative llh: 119.81865296372092
Dropout rate: 1.2103182271587015e-10
Silencing rate: 3.593994979208177e-10
Lambda: 0.0058910611728041655
{'phi': 1.0000000000000007e-10, 'nu': 1.0000000000000007e-10, 'lambda_param': 0.0058891336232708424}
Runtime (s): 232.4073547627777
