Launching Problin version 0.5b
Problin was called as follow: /u/gh2161/Spatial-Division/problin/run_problin.py -c real_location_data/s7c3/k10_r3_character_matrix.csv -t real_location_data/s7c3/true_tree.nwk -S real_location_data/s7c3/leaf_locations.txt --delimiter comma -p real_location_data/s7c3/k10_priors.csv -o real_location_data/s7c3/k10_r3_spalin-divide-beta2.txt --nInitials 10 --ultrametric --randomreps 3 --divide --given_beta 2 --incl_beta_bound
Optimization by Spalin-Divide: Scipy-SLSQP using spatial information
Optimizing branch lengths, phi, and nu without topology search
Initial point 1. Random seed: 6735
Solving with ultrametric constraint
Optimal point found for initial point 1
Negative llh: 352.1096331569538
Dropout rate: 1.1247299449970233e-10
Silencing rate: 1.0511474771619627e-10
Sigma: 5.966997106527574
Initial point 2. Random seed: 959
Solving with ultrametric constraint
Optimal point found for initial point 2
Negative llh: 352.10963187071695
Dropout rate: 1.0679166592320252e-10
Silencing rate: 1.0278511328863188e-10
Sigma: 5.967032326074836
Initial point 3. Random seed: 6266
Solving with ultrametric constraint
Fatal: failed to optimize using initial point 3
Initial point 4. Random seed: 8288
Solving with ultrametric constraint
Fatal: failed to optimize using initial point 4
Initial point 5. Random seed: 9421
Solving with ultrametric constraint
Optimal point found for initial point 5
Negative llh: 352.10962901554444
Dropout rate: 1.1169089497544334e-10
Silencing rate: 1.0479419712869482e-10
Sigma: 5.967034766992012
Initial point 6. Random seed: 6459
Solving with ultrametric constraint
Optimal point found for initial point 6
Negative llh: 352.1096305610945
Dropout rate: 1.5513052993576205e-10
Silencing rate: 1.2260695640226057e-10
Sigma: 5.967067173315857
Initial point 7. Random seed: 5111
Solving with ultrametric constraint
Fatal: failed to optimize using initial point 7
Initial point 8. Random seed: 7706
Solving with ultrametric constraint
Optimal point found for initial point 8
Negative llh: 352.1096818568204
Dropout rate: 1e-10
Silencing rate: 1e-10
Sigma: 5.96730585285815
Initial point 9. Random seed: 9005
Solving with ultrametric constraint
Optimal point found for initial point 9
Negative llh: 352.1096291666533
Dropout rate: 2.897010014839649e-10
Silencing rate: 1.7779263943974916e-10
Sigma: 5.967034665767616
Initial point 10. Random seed: 6118
Solving with ultrametric constraint
Optimal point found for initial point 10
Negative llh: 352.10963174292715
Dropout rate: 3.7511523311412004e-10
Silencing rate: 2.1281509931356943e-10
Sigma: 5.967001115413914
Runtime (s): 2578.594123929739
