Launching Problin version 0.5b
Problin was called as follow: /u/gh2161/Spatial-Division/problin/run_problin.py -c real_location_data/s7c3/k10_r5_character_matrix.csv -t real_location_data/s7c3/true_tree.nwk -S real_location_data/s7c3/leaf_locations.txt --delimiter comma -p real_location_data/s7c3/k10_priors.csv -o real_location_data/s7c3/k10_r5_spalin-divide-beta2.txt --nInitials 10 --ultrametric --randomreps 3 --divide --given_beta 2 --incl_beta_bound
Optimization by Spalin-Divide: Scipy-SLSQP using spatial information
Optimizing branch lengths, phi, and nu without topology search
Initial point 1. Random seed: 564
Solving with ultrametric constraint
Optimal point found for initial point 1
Negative llh: 359.46819775014137
Dropout rate: 3.7819092418331083e-10
Silencing rate: 2.1302259359256062e-10
Sigma: 6.140216476742851
Initial point 2. Random seed: 1730
Solving with ultrametric constraint
Optimal point found for initial point 2
Negative llh: 359.46819669917807
Dropout rate: 1e-10
Silencing rate: 9.999999999999996e-11
Sigma: 6.140285558332506
Initial point 3. Random seed: 4580
Solving with ultrametric constraint
Fatal: failed to optimize using initial point 3
Initial point 4. Random seed: 5020
Solving with ultrametric constraint
Fatal: failed to optimize using initial point 4
Initial point 5. Random seed: 7619
Solving with ultrametric constraint
Optimal point found for initial point 5
Negative llh: 359.46819672041704
Dropout rate: 1.774609304918935e-10
Silencing rate: 1.3147099307157073e-10
Sigma: 6.140261369105762
Initial point 6. Random seed: 2293
Solving with ultrametric constraint
Optimal point found for initial point 6
Negative llh: 359.4681972749629
Dropout rate: 1e-10
Silencing rate: 1e-10
Sigma: 6.1402611957646505
Initial point 7. Random seed: 4397
Solving with ultrametric constraint
Fatal: failed to optimize using initial point 7
Initial point 8. Random seed: 6446
Solving with ultrametric constraint
Fatal: failed to optimize using initial point 8
Initial point 9. Random seed: 8638
Solving with ultrametric constraint
Fatal: failed to optimize using initial point 9
Initial point 10. Random seed: 8495
Solving with ultrametric constraint
Optimal point found for initial point 10
Negative llh: 359.46819653549903
Dropout rate: 1e-10
Silencing rate: 1e-10
Sigma: 6.140265137803537
Runtime (s): 2603.760939076543
