Launching Problin version 0.5b
Problin was called as follow: /u/gh2161/Spatial-Division/problin/run_problin.py -c real_location_data/s7c3/k10_r5_character_matrix.csv -t real_location_data/s7c3/true_tree.nwk -S real_location_data/s7c3/leaf_locations.txt --delimiter comma -p real_location_data/s7c3/k10_priors.csv -o real_location_data/s7c3/k10_r5_spalin-divide-ignore-beta.txt --nInitials 10 --ultrametric --randomreps 3 --divide
Optimization by Spalin-Divide: Scipy-SLSQP using spatial information
Optimizing branch lengths, phi, and nu without topology search
We need to optimize the radius
Initial point 1. Random seed: 8431
Solving with ultrametric constraint
Optimal point found for initial point 1
Negative llh: 309.12567336263015
Dropout rate: 1.188006510926921e-10
Silencing rate: 2.950022652730445e-09
Sigma: 1.0974201159609238
Lambda: 0.005894578433142824
Initial point 2. Random seed: 5491
Solving with ultrametric constraint
Optimal point found for initial point 2
Negative llh: 309.1175374762015
Dropout rate: 3.823634762688394e-10
Silencing rate: 1.0000551958978923e-10
Sigma: 1.09854560913682
Lambda: 0.005907570091698134
Initial point 3. Random seed: 1450
Solving with ultrametric constraint
Optimal point found for initial point 3
Negative llh: 309.11737659877394
Dropout rate: 5.706266948965866e-10
Silencing rate: 3.028238032796902e-10
Sigma: 1.0982504519429641
Lambda: 0.005904515554597893
Initial point 4. Random seed: 8790
Solving with ultrametric constraint
Optimal point found for initial point 4
Negative llh: 309.11738567102554
Dropout rate: 8.103572987786125e-10
Silencing rate: 1.000770978028483e-10
Sigma: 1.0985884205156597
Lambda: 0.005906760952798561
Initial point 5. Random seed: 4908
Solving with ultrametric constraint
Optimal point found for initial point 5
Negative llh: 309.1176042913552
Dropout rate: 3.9324678676649193e-10
Silencing rate: 1.0056867517766122e-10
Sigma: 1.098661361798763
Lambda: 0.005908752446336255
Initial point 6. Random seed: 7920
Solving with ultrametric constraint
Optimal point found for initial point 6
Negative llh: 309.1176550552758
Dropout rate: 1e-10
Silencing rate: 1e-10
Sigma: 1.0985266513349496
Lambda: 0.005906497670749902
Initial point 7. Random seed: 6474
Solving with ultrametric constraint
Optimal point found for initial point 7
Negative llh: 309.1177923915554
Dropout rate: 1.0911443783839965e-09
Silencing rate: 5.339365769595521e-10
Sigma: 1.0983060710601478
Lambda: 0.005908186778455297
Initial point 8. Random seed: 3543
Solving with ultrametric constraint
Optimal point found for initial point 8
Negative llh: 309.1178231830755
Dropout rate: 4.816429039127529e-10
Silencing rate: 1.0000000000000007e-10
Sigma: 1.0983360065256424
Lambda: 0.005906283428830414
Initial point 9. Random seed: 2474
Solving with ultrametric constraint
Optimal point found for initial point 9
Negative llh: 309.1181120164031
Dropout rate: 4.850480784650162e-09
Silencing rate: 9.626546199919926e-10
Sigma: 1.0993684712776135
Lambda: 0.005902855452045481
Initial point 10. Random seed: 9998
Solving with ultrametric constraint
Optimal point found for initial point 10
Negative llh: 309.11743187265466
Dropout rate: 6.534096042226553e-10
Silencing rate: 1e-10
Sigma: 1.0985412373598207
Lambda: 0.0059058282310078284
{'lambda_param': 0.005904515554597893, 'phi': 5.706266948965866e-10, 'nu': 3.028238032796902e-10, 'sigma': 1.0982504519429641, 'locations': {'216_28': (263.0, 213.0), '216_26': (282.0, 244.0), '216_32': (198.0, 215.0), '216_31': (223.0, 235.0), '216_22': (280.0, 230.0), '216_21': (265.0, 236.0), '216_23': (243.0, 194.0), '216_19': (297.0, 214.0), '216_17': (334.0, 269.0), '216_8': (232.0, 279.0), '216_7': (252.0, 292.0), '216_6': (248.0, 308.0), '216_5': (268.0, 312.0), '216_4': (279.0, 321.0), '216_3': (258.0, 324.0), '216_2': (267.0, 334.0), '216_1': (287.0, 348.0), '216_10': (280.0, 302.0), '216_9': (292.0, 312.0), '216_12': (245.0, 264.0), '216_11': (267.0, 285.0), '216_16': (258.0, 258.0), '216_15': (280.0, 279.0), '216_14': (297.0, 261.0), '216_13': (301.0, 283.0), '216_34': (196.0, 246.0), '216_33': (216.0, 257.0)}, 'radius': 15.239149429880978, 'thetas': {'200_9': 1.3909427355920958, '203_13': 7.0453281807761075, '163_4': 0.11614273683506071, '200_8': 7.0453317247383955, '202_7': 0.694741349406917, '166_4': 3.961862969809611, '120_2': 5.182270431324372, '195_1': 6.8939141966499236, '197_3': 2.999692539950838, '163_1': 7.423298294436509, '207_5': 0.19739736513898104, '211_7': 6.859557603184193, '166_3': 0.9940847293844242, '122_1': 7.250531650242968, '77_1': 5.1524536124084035, '161_5': 0.9786179181935223, '201_17': 2.7610742910099177, '164_9': 0.9230048713024428, '125_5': 6.687450410522288, '174_13': 1.0209413992961818, '200_21': 0.6747420920529595, '132_7': 6.338165732797264, '80_3': -0.02283509282809045, '38_1': 1.5635316825101566, '175_17': 6.786029365857193, 'virtual': 0.14515351520134337}}
Runtime (s): 2404.788762630895
