Launching Problin version 0.5b
Problin was called as follow: /u/gh2161/Spatial-Division/problin/run_problin.py -c real_location_data/s7c3/k10_r1_character_matrix.csv -t real_location_data/s7c3/true_tree.nwk -S real_location_data/s7c3/leaf_locations.txt --delimiter comma -p real_location_data/s7c3/k10_priors.csv -o real_location_data/s7c3/k10_r1_spalin-divide-beta05.txt --nInitials 10 --ultrametric --randomreps 3 --divide --radius 0.5
Optimization by Spalin-Divide: Scipy-SLSQP using spatial information
Optimizing branch lengths, phi, and nu without topology search
Initial point 1. Random seed: 6503
Solving with ultrametric constraint
Fatal: failed to optimize using initial point 1
Initial point 2. Random seed: 9746
Solving with ultrametric constraint
Optimal point found for initial point 2
Negative llh: 347.63037478926844
Dropout rate: 1e-10
Silencing rate: 1e-10
Sigma: 1.805874604822338
Initial point 3. Random seed: 6850
Solving with ultrametric constraint
Fatal: failed to optimize using initial point 3
Initial point 4. Random seed: 4342
Solving with ultrametric constraint
Optimal point found for initial point 4
Negative llh: 347.6303074208349
Dropout rate: 2.0464205172636968e-09
Silencing rate: 1.0103798748517955e-10
Sigma: 1.806545905554246
Initial point 5. Random seed: 9508
Solving with ultrametric constraint
Optimal point found for initial point 5
Negative llh: 347.63033124843156
Dropout rate: 1.6368604071177928e-09
Silencing rate: 5.957862071898224e-10
Sigma: 1.8058927169517758
Initial point 6. Random seed: 2493
Solving with ultrametric constraint
Optimal point found for initial point 6
Negative llh: 347.6301823257029
Dropout rate: 1.0000000000000007e-10
Silencing rate: 1.0028292630969288e-10
Sigma: 1.806042664060763
Initial point 7. Random seed: 5507
Solving with ultrametric constraint
Optimal point found for initial point 7
Negative llh: 347.6303035578484
Dropout rate: 1e-10
Silencing rate: 1e-10
Sigma: 1.805605564154246
Initial point 8. Random seed: 2837
Solving with ultrametric constraint
Optimal point found for initial point 8
Negative llh: 347.6304544428354
Dropout rate: 2.805729591094859e-09
Silencing rate: 2.112868620819805e-10
Sigma: 1.805926952525037
Initial point 9. Random seed: 7725
Solving with ultrametric constraint
Optimal point found for initial point 9
Negative llh: 347.63067258479043
Dropout rate: 9.999999999999996e-11
Silencing rate: 1.0000000000000002e-10
Sigma: 1.8057664620640734
Initial point 10. Random seed: 7520
Solving with ultrametric constraint
Optimal point found for initial point 10
Negative llh: 347.63019031889365
Dropout rate: 1.0000000000000007e-10
Silencing rate: 1e-10
Sigma: 1.8060090613307958
Runtime (s): 3835.896657523699
