Launching Problin version 0.5b
Problin was called as follow: /u/gh2161/Spatial-Division/problin/run_problin.py -c real_location_data/s5c10/k10_r5_character_matrix.csv -t real_location_data/s5c10/true_tree.nwk -S real_location_data/s5c10/leaf_locations.txt --delimiter comma -p real_location_data/s5c10/k10_priors.csv -o real_location_data/s5c10/k10_r5_spalin-divide-beta3.txt --nInitials 10 --ultrametric --randomreps 3 --divide --radius 3
Optimization by Spalin-Divide: Scipy-SLSQP using spatial information
Optimizing branch lengths, phi, and nu without topology search
Initial point 1. Random seed: 8351
Solving with ultrametric constraint
Optimal point found for initial point 1
Negative llh: 342.4893866786623
Dropout rate: 9.999999999999924e-11
Silencing rate: 1.0000000000000007e-10
Sigma: 1.421851463521214
Initial point 2. Random seed: 9988
Solving with ultrametric constraint
Optimal point found for initial point 2
Negative llh: 342.4892945407157
Dropout rate: 2.6919683044273552e-09
Silencing rate: 7.120588699214562e-10
Sigma: 1.421623981072156
Initial point 3. Random seed: 9584
Solving with ultrametric constraint
Optimal point found for initial point 3
Negative llh: 342.4891487012094
Dropout rate: 2.6208730507726183e-10
Silencing rate: 1.5779540885663832e-10
Sigma: 1.421584490432738
Initial point 4. Random seed: 9929
Solving with ultrametric constraint
Optimal point found for initial point 4
Negative llh: 342.48940528035155
Dropout rate: 1e-10
Silencing rate: 1e-10
Sigma: 1.4218104948215429
Initial point 5. Random seed: 6060
Solving with ultrametric constraint
Optimal point found for initial point 5
Negative llh: 342.4894087981525
Dropout rate: 1.0000000000000007e-10
Silencing rate: 1e-10
Sigma: 1.4218750322031808
Initial point 6. Random seed: 4759
Solving with ultrametric constraint
Optimal point found for initial point 6
Negative llh: 342.4892631580534
Dropout rate: 1.0000000000000002e-10
Silencing rate: 1.0000000000000002e-10
Sigma: 1.4218305776470153
Initial point 7. Random seed: 8983
Solving with ultrametric constraint
Optimal point found for initial point 7
Negative llh: 342.49174406742185
Dropout rate: 1.0000204680472312e-10
Silencing rate: 1.0000072546101704e-10
Sigma: 1.420997207114854
Initial point 8. Random seed: 5508
Solving with ultrametric constraint
Optimal point found for initial point 8
Negative llh: 342.48931793741747
Dropout rate: 1.0000000000000002e-10
Silencing rate: 1.0000000000000002e-10
Sigma: 1.4215765007276062
Initial point 9. Random seed: 1428
Solving with ultrametric constraint
Optimal point found for initial point 9
Negative llh: 342.4895903936606
Dropout rate: 1.0000000000000007e-10
Silencing rate: 1e-10
Sigma: 1.4218107705759315
Initial point 10. Random seed: 2584
Solving with ultrametric constraint
Optimal point found for initial point 10
Negative llh: 342.489677835842
Dropout rate: 1e-10
Silencing rate: 1e-10
Sigma: 1.4219614379144594
Runtime (s): 3666.2415012791753
