Launching Problin version 0.5b
Problin was called as follow: /u/gh2161/Spatial-Division/problin/run_problin.py -c real_location_data/s5c10/k10_r1_character_matrix.csv -t real_location_data/s5c10/true_tree.nwk --delimiter comma -p real_location_data/s5c10/k10_priors.csv -o real_location_data/s5c10/k10_r1_problin.txt --nInitials 10 --ultrametric --randomreps 3 --solver Scipy
Optimization by generic solver (Scipy-SLSQP)
Optimizing branch lengths, phi, and nu without topology search
Initial point 1. Random seed: 4679
Solving with ultrametric constraint
Optimal point found for initial point 1
Negative llh: 77.45074479358993
Dropout rate: 1e-10
Silencing rate: 1e-10
Lambda: 0.007706066557798874
Initial point 2. Random seed: 9740
Solving with ultrametric constraint
Optimal point found for initial point 2
Negative llh: 77.4502653155874
Dropout rate: 1e-10
Silencing rate: 1e-10
Lambda: 0.007704960387131996
Initial point 3. Random seed: 3274
Solving with ultrametric constraint
Optimal point found for initial point 3
Negative llh: 77.45087271082419
Dropout rate: 1e-10
Silencing rate: 1e-10
Lambda: 0.00770544412408524
Initial point 4. Random seed: 7923
Solving with ultrametric constraint
Optimal point found for initial point 4
Negative llh: 77.45058836335804
Dropout rate: 1.006844462094735e-10
Silencing rate: 2.8762919806417757e-10
Lambda: 0.007707935124482619
Initial point 5. Random seed: 1417
Solving with ultrametric constraint
Optimal point found for initial point 5
Negative llh: 77.45051503226514
Dropout rate: 1e-10
Silencing rate: 1e-10
Lambda: 0.007706650414686917
Initial point 6. Random seed: 3381
Solving with ultrametric constraint
Optimal point found for initial point 6
Negative llh: 77.45023607652149
Dropout rate: 1.8565337340593354e-10
Silencing rate: 1.189221426750393e-10
Lambda: 0.007705291782441621
Initial point 7. Random seed: 714
Solving with ultrametric constraint
Optimal point found for initial point 7
Negative llh: 77.45117025019678
Dropout rate: 1.1732219469554867e-09
Silencing rate: 4.367677935915832e-10
Lambda: 0.007709882808061539
Initial point 8. Random seed: 5275
Solving with ultrametric constraint
Optimal point found for initial point 8
Negative llh: 77.45066563362936
Dropout rate: 1e-10
Silencing rate: 9.999999999999996e-11
Lambda: 0.00770490586887445
Initial point 9. Random seed: 2948
Solving with ultrametric constraint
Optimal point found for initial point 9
Negative llh: 77.45025529705275
Dropout rate: 6.592894770530362e-10
Silencing rate: 3.761424763236365e-10
Lambda: 0.007704850505982458
Initial point 10. Random seed: 2914
Solving with ultrametric constraint
Fatal: failed to optimize using initial point 10
{'phi': 1.8565337340593354e-10, 'nu': 1.189221426750393e-10, 'lambda_param': 0.007705291782441621}
Runtime (s): 348.38309002667665
