Launching Problin version 0.5b
Problin was called as follow: /u/gh2161/Spatial-Division/problin/run_problin.py -c real_location_data/s9c2/k10_r2_character_matrix.csv -t real_location_data/s9c2/true_tree.nwk -S real_location_data/s9c2/leaf_locations.txt --delimiter comma -p real_location_data/s9c2/k10_priors.csv -o real_location_data/s9c2/k10_r2_spalin.txt --nInitials 10 --ultrametric --randomreps 3
Optimization by Spalin: Scipy-SLSQP using spatial information
Optimizing branch lengths, phi, and nu without topology search
Initial point 1. Random seed: 7895
Solving with ultrametric constraint
Optimal point found for initial point 1
Negative llh: 201.436573338639
Dropout rate: 2.4023371130354373e-10
Silencing rate: 1.7453287105179565e-10
Sigma: 2.2417624931836295
Lambda: 0.005626379714040739
Initial point 2. Random seed: 4245
Solving with ultrametric constraint
Optimal point found for initial point 2
Negative llh: 201.4359135435311
Dropout rate: 2.0820761188957717e-10
Silencing rate: 1.6808201574905618e-10
Sigma: 2.2417825833357066
Lambda: 0.005627690871018919
Initial point 3. Random seed: 3608
Solving with ultrametric constraint
Optimal point found for initial point 3
Negative llh: 201.4359136262197
Dropout rate: 1e-10
Silencing rate: 1e-10
Sigma: 2.2418599554986103
Lambda: 0.0056279953302165705
Initial point 4. Random seed: 6954
Solving with ultrametric constraint
Optimal point found for initial point 4
Negative llh: 201.4359253397148
Dropout rate: 3.842928158107154e-10
Silencing rate: 3.2381212072621844e-10
Sigma: 2.24175340880302
Lambda: 0.005627798821046984
Initial point 5. Random seed: 3510
Solving with ultrametric constraint
Optimal point found for initial point 5
Negative llh: 201.4362030947255
Dropout rate: 1e-10
Silencing rate: 1e-10
Sigma: 2.2415121600059713
Lambda: 0.005627206133731266
Initial point 6. Random seed: 5945
Solving with ultrametric constraint
Optimal point found for initial point 6
Negative llh: 201.43607361942628
Dropout rate: 1e-10
Silencing rate: 1e-10
Sigma: 2.2416305982084306
Lambda: 0.005626712718389944
Initial point 7. Random seed: 2262
Solving with ultrametric constraint
Optimal point found for initial point 7
Negative llh: 201.43602992900364
Dropout rate: 1e-10
Silencing rate: 1e-10
Sigma: 2.2419775100817776
Lambda: 0.005627729681602019
Initial point 8. Random seed: 2610
Solving with ultrametric constraint
Optimal point found for initial point 8
Negative llh: 201.43663719023
Dropout rate: 8.860857280714154e-10
Silencing rate: 8.192552067382515e-10
Sigma: 2.242285481466113
Lambda: 0.005625823799322708
Initial point 9. Random seed: 1002
Solving with ultrametric constraint
Optimal point found for initial point 9
Negative llh: 201.435918709593
Dropout rate: 9.257462480104723e-10
Silencing rate: 5.35569003698491e-10
Sigma: 2.2418115497408
Lambda: 0.005627658398488005
Initial point 10. Random seed: 9584
Solving with ultrametric constraint
Optimal point found for initial point 10
Negative llh: 201.4359628560586
Dropout rate: 1e-10
Silencing rate: 1.0000000000000002e-10
Sigma: 2.241973946541327
Lambda: 0.0056274695268221115
{'lambda_param': 0.005627690871018919, 'phi': 2.0820761188957717e-10, 'nu': 1.6808201574905618e-10, 'sigma': 2.2417825833357066, 'locations': {'216_16': (155.0, 331.0), '216_15': (145.0, 337.0), '216_13': (146.0, 363.0), '216_18': (157.0, 296.0), '216_17': (163.0, 319.0), '216_19': (195.0, 308.0), '216_2': (181.0, 345.0), '216_1': (167.0, 351.0), '216_3': (186.0, 325.0), '216_8': (213.0, 322.0), '216_7': (210.0, 338.0), '216_6': (245.0, 365.0), '216_5': (198.0, 365.0), '216_11': (224.0, 281.0), '216_9': (225.0, 338.0)}}
Runtime (s): 262.0827959049493
