Launching Problin version 0.5b
Problin was called as follow: /u/gh2161/Spatial-Division/problin/run_problin.py -c real_location_data/s9c2/k10_r5_character_matrix.csv -t real_location_data/s9c2/true_tree.nwk -S real_location_data/s9c2/leaf_locations.txt --delimiter comma -p real_location_data/s9c2/k10_priors.csv -o real_location_data/s9c2/k10_r5_spalin-spatialonly.txt --nInitials 10 --ultrametric --randomreps 3 --spatial_only
Optimization by Spalin: Scipy-SLSQP using spatial information
Optimizing branch lengths, phi, and nu without topology search
only spatial
Initial point 1. Random seed: 5291
Solving with ultrametric constraint
Optimal point found for initial point 1
Negative llh: 100.42437972190795
Dropout rate: 0.40154107423232993
Silencing rate: 0.06418639217066517
Sigma: 3.3255891667700097
Lambda: 1.0
Initial point 2. Random seed: 2916
Solving with ultrametric constraint
Optimal point found for initial point 2
Negative llh: 100.42437972190795
Dropout rate: 0.05631938936278788
Silencing rate: 0.1686755488049071
Sigma: 3.3255891667700097
Lambda: 1.0
Initial point 3. Random seed: 6548
Solving with ultrametric constraint
Optimal point found for initial point 3
Negative llh: 100.42437972190795
Dropout rate: 0.5602781311813803
Silencing rate: 0.5839469768173555
Sigma: 3.3255891667700097
Lambda: 1.0
Initial point 4. Random seed: 7178
Solving with ultrametric constraint
Optimal point found for initial point 4
Negative llh: 100.42437972190795
Dropout rate: 0.6766448793987249
Silencing rate: 0.08435872792523923
Sigma: 3.3255891667700097
Lambda: 1.0
Initial point 5. Random seed: 6088
Solving with ultrametric constraint
Optimal point found for initial point 5
Negative llh: 100.42437972190795
Dropout rate: 0.4450238003311015
Silencing rate: 0.8612693450683824
Sigma: 3.3255891667700097
Lambda: 1.0
Initial point 6. Random seed: 8020
Solving with ultrametric constraint
Optimal point found for initial point 6
Negative llh: 100.42437972190795
Dropout rate: 0.9121364505168285
Silencing rate: 0.190179904228926
Sigma: 3.3255891667700097
Lambda: 1.0
Initial point 7. Random seed: 9840
Solving with ultrametric constraint
Optimal point found for initial point 7
Negative llh: 100.42437972190795
Dropout rate: 0.8890419113475032
Silencing rate: 0.574667049072236
Sigma: 3.3255891667700097
Lambda: 1.0
Initial point 8. Random seed: 8842
Solving with ultrametric constraint
Optimal point found for initial point 8
Negative llh: 100.42437972190795
Dropout rate: 0.8631137655133247
Silencing rate: 0.9124516494892593
Sigma: 3.3255891667700097
Lambda: 1.0
Initial point 9. Random seed: 6777
Solving with ultrametric constraint
Optimal point found for initial point 9
Negative llh: 100.42437972190795
Dropout rate: 0.10835445489002678
Silencing rate: 0.7964531786257149
Sigma: 3.3255891667700097
Lambda: 1.0
Initial point 10. Random seed: 8393
Solving with ultrametric constraint
Optimal point found for initial point 10
Negative llh: 100.42437972190795
Dropout rate: 0.27533641745927545
Silencing rate: 0.05898402460654357
Sigma: 3.3255891667700097
Lambda: 1.0
{'lambda_param': 1.0, 'phi': 0.40154107423232993, 'nu': 0.06418639217066517, 'sigma': 3.3255891667700097, 'locations': {'216_16': (155.0, 331.0), '216_15': (145.0, 337.0), '216_13': (146.0, 363.0), '216_18': (157.0, 296.0), '216_17': (163.0, 319.0), '216_19': (195.0, 308.0), '216_2': (181.0, 345.0), '216_1': (167.0, 351.0), '216_3': (186.0, 325.0), '216_8': (213.0, 322.0), '216_7': (210.0, 338.0), '216_6': (245.0, 365.0), '216_5': (198.0, 365.0), '216_11': (224.0, 281.0), '216_9': (225.0, 338.0)}}
Runtime (s): 78.49154772423208
