Launching Problin version 0.5b
Problin was called as follow: /u/gh2161/Spatial-Division/problin/run_problin.py -c real_location_data/s9c2/k10_r2_character_matrix.csv -t real_location_data/s9c2/true_tree.nwk -S real_location_data/s9c2/leaf_locations.txt --delimiter comma -p real_location_data/s9c2/k10_priors.csv -o real_location_data/s9c2/k10_r2_spalin-spatialonly.txt --nInitials 10 --ultrametric --randomreps 3 --spatial_only
Optimization by Spalin: Scipy-SLSQP using spatial information
Optimizing branch lengths, phi, and nu without topology search
only spatial
Initial point 1. Random seed: 1423
Solving with ultrametric constraint
Optimal point found for initial point 1
Negative llh: 100.42437972190795
Dropout rate: 0.7807442335164868
Silencing rate: 0.004971670824312891
Sigma: 3.3255891667700097
Lambda: 1.0
Initial point 2. Random seed: 9472
Solving with ultrametric constraint
Optimal point found for initial point 2
Negative llh: 100.42437972190795
Dropout rate: 0.07057973011240232
Silencing rate: 0.9807372157115548
Sigma: 3.3255891667700097
Lambda: 1.0
Initial point 3. Random seed: 8961
Solving with ultrametric constraint
Optimal point found for initial point 3
Negative llh: 100.42437972190795
Dropout rate: 0.5450113248764271
Silencing rate: 0.5018014744489785
Sigma: 3.3255891667700097
Lambda: 1.0
Initial point 4. Random seed: 3096
Solving with ultrametric constraint
Optimal point found for initial point 4
Negative llh: 100.42437972190795
Dropout rate: 0.754069412342346
Silencing rate: 0.5387955250516033
Sigma: 3.3255891667700097
Lambda: 1.0
Initial point 5. Random seed: 9809
Solving with ultrametric constraint
Optimal point found for initial point 5
Negative llh: 100.42437972190795
Dropout rate: 0.8851002392164188
Silencing rate: 0.1772093660346913
Sigma: 3.3255891667700097
Lambda: 1.0
Initial point 6. Random seed: 4740
Solving with ultrametric constraint
Optimal point found for initial point 6
Negative llh: 100.42437972190795
Dropout rate: 0.1743038152578175
Silencing rate: 0.11924639992561135
Sigma: 3.3255891667700097
Lambda: 1.0
Initial point 7. Random seed: 8403
Solving with ultrametric constraint
Optimal point found for initial point 7
Negative llh: 100.42437972190795
Dropout rate: 0.8733915456076566
Silencing rate: 0.4630196463963165
Sigma: 3.3255891667700097
Lambda: 1.0
Initial point 8. Random seed: 4051
Solving with ultrametric constraint
Optimal point found for initial point 8
Negative llh: 100.42437972190795
Dropout rate: 0.0833375205757998
Silencing rate: 0.03213467342219944
Sigma: 3.3255891667700097
Lambda: 1.0
Initial point 9. Random seed: 795
Solving with ultrametric constraint
Optimal point found for initial point 9
Negative llh: 100.42437972190795
Dropout rate: 0.6260156517573747
Silencing rate: 0.9330674012763134
Sigma: 3.3255891667700097
Lambda: 1.0
Initial point 10. Random seed: 472
Solving with ultrametric constraint
Optimal point found for initial point 10
Negative llh: 100.42437972190795
Dropout rate: 0.7542062454300714
Silencing rate: 0.24886880167974612
Sigma: 3.3255891667700097
Lambda: 1.0
{'lambda_param': 1.0, 'phi': 0.7807442335164868, 'nu': 0.004971670824312891, 'sigma': 3.3255891667700097, 'locations': {'216_16': (155.0, 331.0), '216_15': (145.0, 337.0), '216_13': (146.0, 363.0), '216_18': (157.0, 296.0), '216_17': (163.0, 319.0), '216_19': (195.0, 308.0), '216_2': (181.0, 345.0), '216_1': (167.0, 351.0), '216_3': (186.0, 325.0), '216_8': (213.0, 322.0), '216_7': (210.0, 338.0), '216_6': (245.0, 365.0), '216_5': (198.0, 365.0), '216_11': (224.0, 281.0), '216_9': (225.0, 338.0)}}
Runtime (s): 61.15527914091945
