Launching Problin version 0.5b
Problin was called as follow: /u/gh2161/Spatial-Division/problin/run_problin.py -c real_location_data/s9c2/k10_r2_character_matrix.csv -t real_location_data/s9c2/true_tree.nwk -S real_location_data/s9c2/leaf_locations.txt --delimiter comma -p real_location_data/s9c2/k10_priors.csv -o real_location_data/s9c2/k10_r2_spalin-divide-beta3.txt --nInitials 10 --ultrametric --randomreps 3 --divide --radius 3
Optimization by Spalin-Divide: Scipy-SLSQP using spatial information
Optimizing branch lengths, phi, and nu without topology search
Initial point 1. Random seed: 7350
Solving with ultrametric constraint
Optimal point found for initial point 1
Negative llh: 220.19269944660897
Dropout rate: 2.7868168364462266e-09
Silencing rate: 2.1692669941190885e-09
Sigma: 1.3666770410562281
Initial point 2. Random seed: 924
Solving with ultrametric constraint
Optimal point found for initial point 2
Negative llh: 220.19269677275244
Dropout rate: 1.0000000000000002e-10
Silencing rate: 1e-10
Sigma: 1.3666900402446243
Initial point 3. Random seed: 3769
Solving with ultrametric constraint
Fatal: failed to optimize using initial point 3
Initial point 4. Random seed: 3948
Solving with ultrametric constraint
Fatal: failed to optimize using initial point 4
Initial point 5. Random seed: 1057
Solving with ultrametric constraint
Optimal point found for initial point 5
Negative llh: 220.19270077804146
Dropout rate: 6.170384305932824e-10
Silencing rate: 1.052023427666934e-10
Sigma: 1.366682562439069
Initial point 6. Random seed: 5584
Solving with ultrametric constraint
Optimal point found for initial point 6
Negative llh: 220.19269847309647
Dropout rate: 5.807715176744808e-10
Silencing rate: 1.684136648763333e-08
Sigma: 1.3667020828677894
Initial point 7. Random seed: 492
Solving with ultrametric constraint
Optimal point found for initial point 7
Negative llh: 220.192783359957
Dropout rate: 8.191241584964278e-10
Silencing rate: 6.694864590689387e-10
Sigma: 1.3668236379822736
Initial point 8. Random seed: 1116
Solving with ultrametric constraint
Optimal point found for initial point 8
Negative llh: 220.19373365427492
Dropout rate: 2.2028084502881662e-09
Silencing rate: 9.780364540658818e-10
Sigma: 1.3667860489866772
Initial point 9. Random seed: 5138
Solving with ultrametric constraint
Optimal point found for initial point 9
Negative llh: 371.21116009028015
Dropout rate: 1.5642721222615432e-09
Silencing rate: 2.8136986998199293e-09
Sigma: 2.329855729434208
Initial point 10. Random seed: 1209
Solving with ultrametric constraint
Optimal point found for initial point 10
Negative llh: 241.9161471238173
Dropout rate: 1e-10
Silencing rate: 1e-10
Sigma: 1.659063939258598
Runtime (s): 399.61887257918715
