Launching Problin version 0.5b
Problin was called as follow: /u/gh2161/Spatial-Division/problin/run_problin.py -c simulated_seq_simulated_loc/s10c1/k200_character_matrix.csv -t simulated_seq_simulated_loc/s10c1/true_tree.nwk --delimiter comma -p simulated_seq_simulated_loc/s10c1/k200_priors.csv -o simulated_seq_simulated_loc/s10c1/k200_problin.txt --nInitials 10 --ultrametric --solver Scipy
Optimization by generic solver (Scipy-SLSQP)
Optimizing branch lengths, phi, and nu without topology search
Initial point 1. Random seed: 6432
Solving with ultrametric constraint
Optimal point found for initial point 1
Negative llh: 1317.4236539502451
Dropout rate: 6.903973145855928e-09
Silencing rate: 3.2810339960497426e-09
Initial point 2. Random seed: 4773
Solving with ultrametric constraint
Optimal point found for initial point 2
Negative llh: 1317.4165414471986
Dropout rate: 1e-10
Silencing rate: 1e-10
Initial point 3. Random seed: 5182
Solving with ultrametric constraint
Optimal point found for initial point 3
Negative llh: 1317.40407375211
Dropout rate: 1.0000000000000751e-10
Silencing rate: 1.0000000000000751e-10
Initial point 4. Random seed: 9277
Solving with ultrametric constraint
Optimal point found for initial point 4
Negative llh: 1317.4224769780808
Dropout rate: 1e-10
Silencing rate: 1e-10
Initial point 5. Random seed: 4954
Solving with ultrametric constraint
Optimal point found for initial point 5
Negative llh: 1317.407630910426
Dropout rate: 1.344860664791749e-06
Silencing rate: 6.26681772608569e-07
Initial point 6. Random seed: 895
Solving with ultrametric constraint
Optimal point found for initial point 6
Negative llh: 1317.4049755000603
Dropout rate: 1.0748492325030556e-10
Silencing rate: 1.0348688819211156e-10
Initial point 7. Random seed: 8258
Solving with ultrametric constraint
Optimal point found for initial point 7
Negative llh: 1317.4232244408179
Dropout rate: 2.98045836441671e-10
Silencing rate: 1.9232362572199734e-10
Initial point 8. Random seed: 4808
Solving with ultrametric constraint
Optimal point found for initial point 8
Negative llh: 1317.4518539153285
Dropout rate: 1.2652201208738203e-07
Silencing rate: 5.9128303888098374e-08
Initial point 9. Random seed: 7388
Solving with ultrametric constraint
Optimal point found for initial point 9
Negative llh: 1317.4163878901045
Dropout rate: 1.7868037892144983e-10
Silencing rate: 1.3670807800790273e-10
Initial point 10. Random seed: 7813
Solving with ultrametric constraint
Optimal point found for initial point 10
Negative llh: 1317.404214162069
Dropout rate: 1.0001257217263629e-10
Silencing rate: 1.0000586112491874e-10
Runtime (s): 203.2127814157866
