Launching Problin version 0.5b
Problin was called as follow: /u/gh2161/Spatial-Division/problin/run_problin.py -c simulated_seq_simulated_loc/s3c1/k200_character_matrix.csv -t simulated_seq_simulated_loc/s3c1/true_tree.nwk --delimiter comma -p simulated_seq_simulated_loc/s3c1/k200_priors.csv -o simulated_seq_simulated_loc/s3c1/k200_problin.txt --nInitials 10 --ultrametric --randomreps 3
Optimization by EM algorithm
Optimizing branch lengths, phi, and nu without topology search
Initial point 1. Random seed: 4520
Solving with ultrametric constraint
Initial phi: 0.44605416748694193. Initial nu: 0.29028486028582523. Initial nllh: 126393.87705352632
EM finished after 13 iterations.
Optimal point found for initial point 1
Negative llh: 1269.9587146361728
Dropout rate: 0
Silencing rate: 2.8868459286743544e-08
Initial point 2. Random seed: 2938
Solving with ultrametric constraint
Initial phi: 0.9059707801167458. Initial nu: 0.24300979872967216. Initial nllh: 6267.772469454112
EM finished after 11 iterations.
Optimal point found for initial point 2
Negative llh: 1269.9587133281132
Dropout rate: 0
Silencing rate: 2.9362893366144105e-08
Initial point 3. Random seed: 1581
Solving with ultrametric constraint
Initial phi: 0.4020277547852925. Initial nu: 0.6698101716071375. Initial nllh: 3041.2471633978553
EM finished after 11 iterations.
Optimal point found for initial point 3
Negative llh: 1269.9587221036459
Dropout rate: 0
Silencing rate: 2.884834809041124e-08
Initial point 4. Random seed: 3667
Solving with ultrametric constraint
Initial phi: 0.8485687294416611. Initial nu: 0.8579470806656811. Initial nllh: 5996.717289482798
EM finished after 12 iterations.
Optimal point found for initial point 4
Negative llh: 1269.9587157300548
Dropout rate: 0
Silencing rate: 2.8928400323267435e-08
Initial point 5. Random seed: 3541
Solving with ultrametric constraint
Initial phi: 0.3358667830723411. Initial nu: 0.49121110117314626. Initial nllh: 2633.289081423342
EM finished after 12 iterations.
Optimal point found for initial point 5
Negative llh: 1269.9587154559795
Dropout rate: 0
Silencing rate: 3.123947302594875e-08
Initial point 6. Random seed: 5966
Solving with ultrametric constraint
Initial phi: 0.5541226930490468. Initial nu: 0.7342998300284508. Initial nllh: 3699.772091600193
EM finished after 11 iterations.
Optimal point found for initial point 6
Negative llh: 1269.9587236001394
Dropout rate: 0
Silencing rate: 2.895213055073829e-08
Initial point 7. Random seed: 3228
Solving with ultrametric constraint
Initial phi: 0.7868507245893356. Initial nu: 0.20239195276904967. Initial nllh: 4585.947584051961
EM finished after 12 iterations.
Optimal point found for initial point 7
Negative llh: 1269.9587144454702
Dropout rate: 0
Silencing rate: 3.23029531343526e-08
Initial point 8. Random seed: 6785
Solving with ultrametric constraint
Initial phi: 0.1654957218615509. Initial nu: 0.29618570680258527. Initial nllh: 1960.2863737709854
EM finished after 11 iterations.
Optimal point found for initial point 8
Negative llh: 1269.9587179375958
Dropout rate: 0
Silencing rate: 3.25919790551634e-08
Initial point 9. Random seed: 4026
Solving with ultrametric constraint
Initial phi: 0.48467110378270367. Initial nu: 0.49302142197041376. Initial nllh: 3142.652926552988
EM finished after 12 iterations.
Optimal point found for initial point 9
Negative llh: 1269.9587167911366
Dropout rate: 0
Silencing rate: 3.2474864818152255e-08
Initial point 10. Random seed: 9461
Solving with ultrametric constraint
Initial phi: 0.8987495422537736. Initial nu: 0.2570402868466084. Initial nllh: 6135.350676095883
EM finished after 11 iterations.
Optimal point found for initial point 10
Negative llh: 1269.9587174998296
Dropout rate: 0
Silencing rate: 3.289622717226503e-08
Runtime (s): 14.254566629999317
