Launching Problin version 0.5b
Problin was called as follow: /u/gh2161/Spatial-Division/problin/run_problin.py -c intmem_real_data/s2c6/characters.txt -t intmem_real_data/s2c6/true_tree.nwk -S intmem_real_data/s2c6/leaf_locations.txt --delimiter comma -p intmem_real_data/s2c6/prior.csv -o intmem_real_data/s2c6/spalin-divide-beta5.txt --nInitials 10 --ultrametric --randomreps 3 --divide --radius 5
Optimization by Spalin-Divide: Scipy-SLSQP using spatial information
Optimizing branch lengths, phi, and nu without topology search
Initial point 1. Random seed: 3609
Solving with ultrametric constraint
Fatal: failed to optimize using initial point 1
Initial point 2. Random seed: 3717
Solving with ultrametric constraint
Optimal point found for initial point 2
Negative llh: 335.2442927753582
Dropout rate: 1.0000000000000007e-10
Silencing rate: 1e-10
Sigma: 1.4203278764062266
Lambda: 0.0078537209608457
Initial point 3. Random seed: 3821
Solving with ultrametric constraint
Optimal point found for initial point 3
Negative llh: 335.2446603137613
Dropout rate: 1e-10
Silencing rate: 1e-10
Sigma: 1.4206780208567984
Lambda: 0.007856074471717078
Initial point 4. Random seed: 2568
Solving with ultrametric constraint
Fatal: failed to optimize using initial point 4
Initial point 5. Random seed: 2203
Solving with ultrametric constraint
Fatal: failed to optimize using initial point 5
Initial point 6. Random seed: 322
Solving with ultrametric constraint
Optimal point found for initial point 6
Negative llh: 335.24432294442744
Dropout rate: 1e-10
Silencing rate: 1.0242276776782794e-10
Sigma: 1.4201475892845883
Lambda: 0.007854494629368334
Initial point 7. Random seed: 5917
Solving with ultrametric constraint
Optimal point found for initial point 7
Negative llh: 335.24662012586117
Dropout rate: 1.0120220998420007e-09
Silencing rate: 6.834707979171989e-10
Sigma: 1.4200564402529134
Lambda: 0.007850127393967251
Initial point 8. Random seed: 1721
Solving with ultrametric constraint
Optimal point found for initial point 8
Negative llh: 335.24421571741266
Dropout rate: 1e-10
Silencing rate: 1e-10
Sigma: 1.4203292493100863
Lambda: 0.007854519375658361
Initial point 9. Random seed: 4902
Solving with ultrametric constraint
Optimal point found for initial point 9
Negative llh: 335.24404680555034
Dropout rate: 1.0000000000000002e-10
Silencing rate: 1e-10
Sigma: 1.4204162082995617
Lambda: 0.007856264318183486
Initial point 10. Random seed: 89
Solving with ultrametric constraint
Optimal point found for initial point 10
Negative llh: 335.2444337748225
Dropout rate: 1.5925591413219207e-09
Silencing rate: 8.49830584991491e-10
Sigma: 1.420417719259933
Lambda: 0.007854091113988989
{'lambda_param': 0.007856264318183486, 'phi': 1.0000000000000002e-10, 'nu': 1e-10, 'sigma': 1.4204162082995617, 'locations': {'216_29': (226.0, 106.0), '216_28': (222.0, 127.0), '216_31': (250.0, 69.0), '216_30': (208.0, 80.0), '216_33': (211.0, 60.0), '216_32': (182.0, 60.0), '216_35': (253.0, 46.0), '216_34': (235.0, 56.0), '216_25': (215.0, 96.0), '216_24': (200.0, 115.0), '216_27': (228.0, 90.0), '216_26': (201.0, 104.0), '216_23': (238.0, 141.0), '216_22': (252.0, 143.0), '216_21': (264.0, 161.0), '216_20': (239.0, 115.0), '216_19': (263.0, 132.0), '216_18': (235.0, 186.0), '216_17': (219.0, 184.0), '216_4': (211.0, 141.0), '216_11': (203.0, 131.0), '216_10': (183.0, 136.0), '216_7': (155.0, 147.0), '216_6': (135.0, 132.0), '216_9': (148.0, 106.0), '216_8': (168.0, 110.0)}, 'radius': 5.0, 'thetas': {'209_9': 0.19737040311682202, '210_8': -15.064465909101632, '166_5': -13.73607154722563, '170_7': 15.462816884775778, '118_3': 3.3357762300857106, '14_1': 3.27343668942949, '184_16': 3.2659635056096445, '184_17': 25.749009570966464, '139_9': -16.902439742672602, '201_23': 0.14189133888003017, '152_11': 3.927324613293685, '103_5': 3.0919784814190696, '198_26': -22.46957161965117, '202_26': 2.2390796754502955, '160_15': -0.9577805427790259, '64_4': 19.799612812738108, '208_35': 15.200946240162017, '209_34': 21.99107268280408, '167_22': 24.961682556501952, '170_21': 9.168041527529555, '115_10': 10.62798322993015, '188_25': 4.900452999078727, '68_6': -1.519040554139059, '25_3': 1.5894448864231512, 'virtual': 2.4994837574981017}}
Runtime (s): 2371.0446189995855
