Launching Problin version 0.5b
Problin was called as follow: /u/gh2161/Spatial-Division/problin/run_problin.py -c real_location_data/s13c4/k10_r4_character_matrix.csv -t real_location_data/s13c4/true_tree.nwk -S real_location_data/s13c4/leaf_locations.txt --delimiter comma -p real_location_data/s13c4/k10_priors.csv -o real_location_data/s13c4/k10_r4_spalin-divide-beta9.txt --nInitials 10 --ultrametric --randomreps 3 --divide --given_beta 9 --incl_beta_bound
Optimization by Spalin-Divide: Scipy-SLSQP using spatial information
Optimizing branch lengths, phi, and nu without topology search
Initial point 1. Random seed: 7841
Solving with ultrametric constraint
Optimal point found for initial point 1
Negative llh: 227.94027065246382
Dropout rate: 4.008171679504755e-10
Silencing rate: 2.710806750201694e-10
Sigma: 4.462748826225973
Initial point 2. Random seed: 691
Solving with ultrametric constraint
Fatal: failed to optimize using initial point 2
Initial point 3. Random seed: 1301
Solving with ultrametric constraint
Optimal point found for initial point 3
Negative llh: 227.9402706873331
Dropout rate: 1.0000000000000007e-10
Silencing rate: 9.999999999999996e-11
Sigma: 4.462812664091924
Initial point 4. Random seed: 3911
Solving with ultrametric constraint
Optimal point found for initial point 4
Negative llh: 227.94027298118067
Dropout rate: 1.2753632195742697e-10
Silencing rate: 1.156606095394137e-10
Sigma: 4.46273601835829
Initial point 5. Random seed: 1790
Solving with ultrametric constraint
Optimal point found for initial point 5
Negative llh: 227.940273686892
Dropout rate: 1.0000000000000007e-10
Silencing rate: 1.0000000000000007e-10
Sigma: 4.463020181863746
Initial point 6. Random seed: 7504
Solving with ultrametric constraint
Optimal point found for initial point 6
Negative llh: 227.94027171810603
Dropout rate: 2.884308198929644e-10
Silencing rate: 2.0714113092763838e-10
Sigma: 4.462761765817405
Initial point 7. Random seed: 1468
Solving with ultrametric constraint
Optimal point found for initial point 7
Negative llh: 227.940272566653
Dropout rate: 1.0000000000000002e-10
Silencing rate: 1.0000000000000002e-10
Sigma: 4.462760506937084
Initial point 8. Random seed: 3404
Solving with ultrametric constraint
Fatal: failed to optimize using initial point 8
Initial point 9. Random seed: 192
Solving with ultrametric constraint
Optimal point found for initial point 9
Negative llh: 227.94027158620037
Dropout rate: 4.112886503414988e-10
Silencing rate: 2.7704214729144674e-10
Sigma: 4.462785679687483
Initial point 10. Random seed: 6854
Solving with ultrametric constraint
Optimal point found for initial point 10
Negative llh: 227.94027334082617
Dropout rate: 1.0000000000000002e-10
Silencing rate: 1.0000000000000002e-10
Sigma: 4.46288795253258
Runtime (s): 3085.247601525043
