Launching Problin version 0.5b
Problin was called as follow: /u/gh2161/Spatial-Division/problin/run_problin.py -c real_location_data/s13c4/k10_r4_character_matrix.csv -t real_location_data/s13c4/true_tree.nwk --delimiter comma -p real_location_data/s13c4/k10_priors.csv -o real_location_data/s13c4/k10_r4_problin.txt --nInitials 10 --ultrametric --randomreps 3 --solver Scipy
Optimization by generic solver (Scipy-SLSQP)
Optimizing branch lengths, phi, and nu without topology search
Initial point 1. Random seed: 5347
Solving with ultrametric constraint
Optimal point found for initial point 1
Negative llh: 79.64501406540207
Dropout rate: 1.1242033534936052e-10
Silencing rate: 3.6385738492312355e-10
Lambda: 0.007728721124280849
Initial point 2. Random seed: 3757
Solving with ultrametric constraint
Optimal point found for initial point 2
Negative llh: 79.64488108019557
Dropout rate: 1.0000246451032908e-10
Silencing rate: 1.0000137611375973e-10
Lambda: 0.007732109551653915
Initial point 3. Random seed: 6258
Solving with ultrametric constraint
Optimal point found for initial point 3
Negative llh: 79.64488148763353
Dropout rate: 1e-10
Silencing rate: 1e-10
Lambda: 0.007732076615066301
Initial point 4. Random seed: 5545
Solving with ultrametric constraint
Optimal point found for initial point 4
Negative llh: 79.64498330219091
Dropout rate: 1.0000000000000002e-10
Silencing rate: 9.999999999999999e-11
Lambda: 0.007730220189968616
Initial point 5. Random seed: 9222
Solving with ultrametric constraint
Optimal point found for initial point 5
Negative llh: 79.6448814481087
Dropout rate: 1.6739484790402412e-09
Silencing rate: 8.847978136329814e-10
Lambda: 0.007732077900101982
Initial point 6. Random seed: 1358
Solving with ultrametric constraint
Optimal point found for initial point 6
Negative llh: 79.64488153468056
Dropout rate: 1.0000000000000007e-10
Silencing rate: 1.0000000000000007e-10
Lambda: 0.007732175364423679
Initial point 7. Random seed: 5098
Solving with ultrametric constraint
Optimal point found for initial point 7
Negative llh: 79.64500617386503
Dropout rate: 1.0000000000000002e-10
Silencing rate: 1e-10
Lambda: 0.007733360908229152
Initial point 8. Random seed: 3374
Solving with ultrametric constraint
Optimal point found for initial point 8
Negative llh: 79.6449463031652
Dropout rate: 1e-10
Silencing rate: 1e-10
Lambda: 0.007731743334053517
Initial point 9. Random seed: 2464
Solving with ultrametric constraint
Optimal point found for initial point 9
Negative llh: 79.64496872560505
Dropout rate: 1.9601674725444133e-09
Silencing rate: 1.0932126667517996e-09
Lambda: 0.007730704751459519
Initial point 10. Random seed: 8257
Solving with ultrametric constraint
Optimal point found for initial point 10
Negative llh: 79.6449555338078
Dropout rate: 1e-10
Silencing rate: 1e-10
Lambda: 0.007732721232229742
{'phi': 1.0000246451032908e-10, 'nu': 1.0000137611375973e-10, 'lambda_param': 0.007732109551653915}
Runtime (s): 157.24467400833964
