Launching Problin version 0.5b
Problin was called as follow: /u/gh2161/Spatial-Division/problin/run_problin.py -c real_location_data/s13c4/k10_r2_character_matrix.csv -t real_location_data/s13c4/true_tree.nwk -S real_location_data/s13c4/leaf_locations.txt --delimiter comma -p real_location_data/s13c4/k10_priors.csv -o real_location_data/s13c4/k10_r2_spalin-divide-beta9.txt --nInitials 10 --ultrametric --randomreps 3 --divide --given_beta 9 --incl_beta_bound
Optimization by Spalin-Divide: Scipy-SLSQP using spatial information
Optimizing branch lengths, phi, and nu without topology search
Initial point 1. Random seed: 3976
Solving with ultrametric constraint
Optimal point found for initial point 1
Negative llh: 251.32911020181402
Dropout rate: 3.224849925206871e-10
Silencing rate: 3.0996778512612206e-10
Sigma: 4.756871190499156
Initial point 2. Random seed: 6246
Solving with ultrametric constraint
Optimal point found for initial point 2
Negative llh: 251.3291143273584
Dropout rate: 2.0239084409554234e-10
Silencing rate: 1.998619875376801e-10
Sigma: 4.756739066134749
Initial point 3. Random seed: 4173
Solving with ultrametric constraint
Optimal point found for initial point 3
Negative llh: 251.32910821113273
Dropout rate: 1.16579762463676e-10
Silencing rate: 1.0646232219909368e-10
Sigma: 4.75672542778752
Initial point 4. Random seed: 5560
Solving with ultrametric constraint
Optimal point found for initial point 4
Negative llh: 251.32911109497317
Dropout rate: 1e-10
Silencing rate: 1.2404590405489642e-10
Sigma: 4.756704997868801
Initial point 5. Random seed: 1389
Solving with ultrametric constraint
Optimal point found for initial point 5
Negative llh: 251.32910876827648
Dropout rate: 1e-10
Silencing rate: 1e-10
Sigma: 4.756744437070768
Initial point 6. Random seed: 1609
Solving with ultrametric constraint
Optimal point found for initial point 6
Negative llh: 251.32911811770433
Dropout rate: 2.3363860641448737e-09
Silencing rate: 9.714218504924238e-10
Sigma: 4.756731697184707
Initial point 7. Random seed: 4721
Solving with ultrametric constraint
Optimal point found for initial point 7
Negative llh: 251.32910760253196
Dropout rate: 1.476259808235867e-10
Silencing rate: 1.1855965374246414e-10
Sigma: 4.756710307740548
Initial point 8. Random seed: 7
Solving with ultrametric constraint
Optimal point found for initial point 8
Negative llh: 251.32910686114695
Dropout rate: 1.0000000000000002e-10
Silencing rate: 1.2291549119839122e-10
Sigma: 4.756721969426124
Initial point 9. Random seed: 5043
Solving with ultrametric constraint
Optimal point found for initial point 9
Negative llh: 251.32910796256093
Dropout rate: 1e-10
Silencing rate: 1e-10
Sigma: 4.756716956955038
Initial point 10. Random seed: 9036
Solving with ultrametric constraint
Optimal point found for initial point 10
Negative llh: 251.32910853464497
Dropout rate: 8.635889097700069e-10
Silencing rate: 4.3052033202480026e-10
Sigma: 4.75681535774087
Runtime (s): 1868.942697858438
