Launching Problin version 0.5b
Problin was called as follow: /u/gh2161/Spatial-Division/problin/run_problin.py -c real_location_data/s13c4/k10_r5_character_matrix.csv -t real_location_data/s13c4/true_tree.nwk -S real_location_data/s13c4/leaf_locations.txt --delimiter comma -p real_location_data/s13c4/k10_priors.csv -o real_location_data/s13c4/k10_r5_spalin-divide-beta8.txt --nInitials 10 --ultrametric --randomreps 3 --divide --given_beta 8 --incl_beta_bound
Optimization by Spalin-Divide: Scipy-SLSQP using spatial information
Optimizing branch lengths, phi, and nu without topology search
Initial point 1. Random seed: 7689
Solving with ultrametric constraint
Fatal: failed to optimize using initial point 1
Initial point 2. Random seed: 6352
Solving with ultrametric constraint
Optimal point found for initial point 2
Negative llh: 235.23931705978225
Dropout rate: 1.487341531215663e-10
Silencing rate: 1.1952654015794431e-10
Sigma: 5.207030652362536
Initial point 3. Random seed: 8309
Solving with ultrametric constraint
Fatal: failed to optimize using initial point 3
Initial point 4. Random seed: 2407
Solving with ultrametric constraint
Fatal: failed to optimize using initial point 4
Initial point 5. Random seed: 5056
Solving with ultrametric constraint
Optimal point found for initial point 5
Negative llh: 235.23931706374572
Dropout rate: 1e-10
Silencing rate: 1e-10
Sigma: 5.207002541646345
Initial point 6. Random seed: 4296
Solving with ultrametric constraint
Fatal: failed to optimize using initial point 6
Initial point 7. Random seed: 8784
Solving with ultrametric constraint
Fatal: failed to optimize using initial point 7
Initial point 8. Random seed: 1123
Solving with ultrametric constraint
Optimal point found for initial point 8
Negative llh: 235.23931733578047
Dropout rate: 1.7770426343405367e-10
Silencing rate: 1.311429189468946e-10
Sigma: 5.206962599361573
Initial point 9. Random seed: 5289
Solving with ultrametric constraint
Fatal: failed to optimize using initial point 9
Initial point 10. Random seed: 913
Solving with ultrametric constraint
Optimal point found for initial point 10
Negative llh: 235.23931729271845
Dropout rate: 3.3188438251887205e-10
Silencing rate: 1.3354340740283323e-10
Sigma: 5.2068904357195285
Runtime (s): 2053.5212690100307
