Launching Problin version 0.5b
Problin was called as follow: /u/gh2161/Spatial-Division/problin/run_problin.py -c real_location_data/s13c4/k10_r4_character_matrix.csv -t real_location_data/s13c4/true_tree.nwk -S real_location_data/s13c4/leaf_locations.txt --delimiter comma -p real_location_data/s13c4/k10_priors.csv -o real_location_data/s13c4/k10_r4_spalin-divide-beta6.txt --nInitials 10 --ultrametric --randomreps 3 --divide --given_beta 6 --incl_beta_bound
Optimization by Spalin-Divide: Scipy-SLSQP using spatial information
Optimizing branch lengths, phi, and nu without topology search
Initial point 1. Random seed: 392
Solving with ultrametric constraint
Optimal point found for initial point 1
Negative llh: 238.78640844296103
Dropout rate: 1.348551850643619e-10
Silencing rate: 1.2002465717636045e-10
Sigma: 5.004787199367407
Initial point 2. Random seed: 5838
Solving with ultrametric constraint
Optimal point found for initial point 2
Negative llh: 238.7864101350168
Dropout rate: 3.7924835101354404e-10
Silencing rate: 2.680120021602388e-10
Sigma: 5.004818085087957
Initial point 3. Random seed: 5082
Solving with ultrametric constraint
Optimal point found for initial point 3
Negative llh: 238.78640972277205
Dropout rate: 1.3570240638279426e-10
Silencing rate: 1.2056022942737237e-10
Sigma: 5.004787246418708
Initial point 4. Random seed: 9894
Solving with ultrametric constraint
Optimal point found for initial point 4
Negative llh: 238.78640895085522
Dropout rate: 2.5208637391237494e-10
Silencing rate: 1.8760121647339506e-10
Sigma: 5.004787001507299
Initial point 5. Random seed: 6541
Solving with ultrametric constraint
Fatal: failed to optimize using initial point 5
Initial point 6. Random seed: 2931
Solving with ultrametric constraint
Optimal point found for initial point 6
Negative llh: 238.7864108174221
Dropout rate: 1.0000000000000002e-10
Silencing rate: 1.0000000000000002e-10
Sigma: 5.00503378193947
Initial point 7. Random seed: 3160
Solving with ultrametric constraint
Optimal point found for initial point 7
Negative llh: 238.786409282441
Dropout rate: 1e-10
Silencing rate: 1e-10
Sigma: 5.004782425439204
Initial point 8. Random seed: 7362
Solving with ultrametric constraint
Optimal point found for initial point 8
Negative llh: 238.78640965581067
Dropout rate: 2.2214722599972702e-10
Silencing rate: 1.7032954527284753e-10
Sigma: 5.004836880612451
Initial point 9. Random seed: 6537
Solving with ultrametric constraint
Optimal point found for initial point 9
Negative llh: 238.7864079064198
Dropout rate: 1.0130058523966667e-10
Silencing rate: 1.0074951245210109e-10
Sigma: 5.004817044844989
Initial point 10. Random seed: 4492
Solving with ultrametric constraint
Optimal point found for initial point 10
Negative llh: 238.7864134281819
Dropout rate: 1e-10
Silencing rate: 1e-10
Sigma: 5.0049616753434
Runtime (s): 1352.2377281133085
