Launching Problin version 0.5b
Problin was called as follow: /u/gh2161/Spatial-Division/problin/run_problin.py -c real_location_data/s13c4/k10_r2_character_matrix.csv -t real_location_data/s13c4/true_tree.nwk -S real_location_data/s13c4/leaf_locations.txt --delimiter comma -p real_location_data/s13c4/k10_priors.csv -o real_location_data/s13c4/k10_r2_spalin-divide-beta3.txt --nInitials 10 --ultrametric --randomreps 3 --divide --radius 3
Optimization by Spalin-Divide: Scipy-SLSQP using spatial information
Optimizing branch lengths, phi, and nu without topology search
Initial point 1. Random seed: 7268
Solving with ultrametric constraint
Optimal point found for initial point 1
Negative llh: 273.3474170997721
Dropout rate: 1.0000000000000007e-10
Silencing rate: 1.0000000000000007e-10
Sigma: 1.5684194313411781
Initial point 2. Random seed: 5648
Solving with ultrametric constraint
Optimal point found for initial point 2
Negative llh: 273.34753109477754
Dropout rate: 1e-10
Silencing rate: 1e-10
Sigma: 1.5685801182359393
Initial point 3. Random seed: 1319
Solving with ultrametric constraint
Optimal point found for initial point 3
Negative llh: 273.3475636982389
Dropout rate: 1.1246439634606059e-09
Silencing rate: 5.159626558169844e-10
Sigma: 1.5685546298482085
Initial point 4. Random seed: 9073
Solving with ultrametric constraint
Optimal point found for initial point 4
Negative llh: 273.3474166584746
Dropout rate: 8.31193310660282e-10
Silencing rate: 3.799147477661804e-10
Sigma: 1.5684928031982057
Initial point 5. Random seed: 8486
Solving with ultrametric constraint
Optimal point found for initial point 5
Negative llh: 273.3480670453874
Dropout rate: 1.0000000000000007e-10
Silencing rate: 1.0000000000000007e-10
Sigma: 1.5681851617486802
Initial point 6. Random seed: 2486
Solving with ultrametric constraint
Fatal: failed to optimize using initial point 6
Initial point 7. Random seed: 9010
Solving with ultrametric constraint
Optimal point found for initial point 7
Negative llh: 273.34774290817177
Dropout rate: 1.0000000000000007e-10
Silencing rate: 1.0000000000000002e-10
Sigma: 1.5690888984457927
Initial point 8. Random seed: 5369
Solving with ultrametric constraint
Optimal point found for initial point 8
Negative llh: 273.34769677077685
Dropout rate: 1e-10
Silencing rate: 1e-10
Sigma: 1.5686196384998339
Initial point 9. Random seed: 8492
Solving with ultrametric constraint
Optimal point found for initial point 9
Negative llh: 273.34746014547034
Dropout rate: 1.7314047706782438e-09
Silencing rate: 1.018611262326355e-10
Sigma: 1.568373470333237
Initial point 10. Random seed: 7284
Solving with ultrametric constraint
Optimal point found for initial point 10
Negative llh: 273.3474159372424
Dropout rate: 1.0608701454479706e-09
Silencing rate: 9.390990548697594e-10
Sigma: 1.5684278300943857
Runtime (s): 913.738307652995
