Launching Problin version 0.5b
Problin was called as follow: /u/gh2161/Spatial-Division/problin/run_problin.py -c real_location_data/s13c4/k10_r1_character_matrix.csv -t real_location_data/s13c4/true_tree.nwk -S real_location_data/s13c4/leaf_locations.txt --delimiter comma -p real_location_data/s13c4/k10_priors.csv -o real_location_data/s13c4/k10_r1_spalin-divide-beta20.txt --nInitials 10 --ultrametric --randomreps 3 --divide --given_beta 20 --incl_beta_bound
Optimization by Spalin-Divide: Scipy-SLSQP using spatial information
Optimizing branch lengths, phi, and nu without topology search
Initial point 1. Random seed: 1638
Solving with ultrametric constraint
Optimal point found for initial point 1
Negative llh: 237.90939730400183
Dropout rate: 1e-10
Silencing rate: 1.0101983085421239e-10
Sigma: 3.698646534972617
Initial point 2. Random seed: 25
Solving with ultrametric constraint
Optimal point found for initial point 2
Negative llh: 237.90938342111704
Dropout rate: 2.816337646805052e-10
Silencing rate: 1.4590586651992923e-10
Sigma: 3.6989367391334995
Initial point 3. Random seed: 2261
Solving with ultrametric constraint
Optimal point found for initial point 3
Negative llh: 237.90938418829253
Dropout rate: 7.587597496631285e-10
Silencing rate: 4.2059214669420154e-10
Sigma: 3.6988366416308684
Initial point 4. Random seed: 5703
Solving with ultrametric constraint
Optimal point found for initial point 4
Negative llh: 237.9093833248268
Dropout rate: 1e-10
Silencing rate: 1e-10
Sigma: 3.6988024983535435
Initial point 5. Random seed: 6537
Solving with ultrametric constraint
Optimal point found for initial point 5
Negative llh: 237.90938466473528
Dropout rate: 9.999999999999996e-11
Silencing rate: 1.0000000000000002e-10
Sigma: 3.6988354371481127
Initial point 6. Random seed: 1011
Solving with ultrametric constraint
Optimal point found for initial point 6
Negative llh: 237.90938826331643
Dropout rate: 2.8436308475358784e-10
Silencing rate: 1.5009885102280844e-10
Sigma: 3.6988589689933984
Initial point 7. Random seed: 4594
Solving with ultrametric constraint
Optimal point found for initial point 7
Negative llh: 237.90939818935857
Dropout rate: 1.8215512178232006e-09
Silencing rate: 1.0250037884281916e-09
Sigma: 3.698675441205446
Initial point 8. Random seed: 9588
Solving with ultrametric constraint
Optimal point found for initial point 8
Negative llh: 237.90938597040432
Dropout rate: 2.3203635929559152e-10
Silencing rate: 1.6425500334536083e-10
Sigma: 3.698803614209979
Initial point 9. Random seed: 6062
Solving with ultrametric constraint
Optimal point found for initial point 9
Negative llh: 237.90938361864102
Dropout rate: 1.3647619031790134e-10
Silencing rate: 1.2534487717195244e-10
Sigma: 3.6988321911249686
Initial point 10. Random seed: 4612
Solving with ultrametric constraint
Optimal point found for initial point 10
Negative llh: 237.90938320436004
Dropout rate: 1e-10
Silencing rate: 1e-10
Sigma: 3.6988195833458533
Runtime (s): 2251.582749001682
