Launching Problin version 0.5b
Problin was called as follow: /u/gh2161/Spatial-Division/problin/run_problin.py -c simulated_seq_simulated_loc/s15c7/k50_character_matrix.csv -t simulated_seq_simulated_loc/s15c7/true_tree.nwk --delimiter comma -p simulated_seq_simulated_loc/s15c7/k50_priors.csv -o simulated_seq_simulated_loc/s15c7/k50_problin.txt --nInitials 10 --ultrametric --randomreps 3
Optimization by EM algorithm
Optimizing branch lengths, phi, and nu without topology search
Initial point 1. Random seed: 2253
Solving with ultrametric constraint
Initial phi: 0.43903445949652337. Initial nu: 0.34049499759481544. Initial nllh: 72433.61797441471
EM finished after 13 iterations.
Optimal point found for initial point 1
Negative llh: 684.1178170548908
Dropout rate: 0
Silencing rate: 1.7780188879631866e-07
Initial point 2. Random seed: 2000
Solving with ultrametric constraint
Initial phi: 0.8959814000772826. Initial nu: 0.13261573437994198. Initial nllh: 4049.021953833389
EM finished after 10 iterations.
Optimal point found for initial point 2
Negative llh: 684.1178162155409
Dropout rate: 0
Silencing rate: 1.7766589884568627e-07
Initial point 3. Random seed: 2513
Solving with ultrametric constraint
Initial phi: 0.9717474704955475. Initial nu: 0.21904502510701188. Initial nllh: 5993.212156323016
EM finished after 10 iterations.
Optimal point found for initial point 3
Negative llh: 684.1178188303163
Dropout rate: 0
Silencing rate: 1.7814724243387504e-07
Initial point 4. Random seed: 6547
Solving with ultrametric constraint
Initial phi: 0.3421698045151092. Initial nu: 0.7019054695136565. Initial nllh: 1732.1982916853767
EM finished after 12 iterations.
Optimal point found for initial point 4
Negative llh: 684.1178169253851
Dropout rate: 0
Silencing rate: 1.7726401319746812e-07
Initial point 5. Random seed: 7011
Solving with ultrametric constraint
Initial phi: 0.43159858892730146. Initial nu: 0.2922071680185758. Initial nllh: 1686.7739692211926
EM finished after 11 iterations.
Optimal point found for initial point 5
Negative llh: 684.1178151766766
Dropout rate: 0
Silencing rate: 1.750396226234759e-07
Initial point 6. Random seed: 1180
Solving with ultrametric constraint
Initial phi: 0.07315946372315105. Initial nu: 0.6175810866375935. Initial nllh: 1182.1324077847573
EM finished after 12 iterations.
Optimal point found for initial point 6
Negative llh: 684.1178149834886
Dropout rate: 0
Silencing rate: 1.7474561359774053e-07
Initial point 7. Random seed: 5026
Solving with ultrametric constraint
Initial phi: 0.5375145993701583. Initial nu: 0.6172146854155223. Initial nllh: 2189.8936220708215
EM finished after 12 iterations.
Optimal point found for initial point 7
Negative llh: 684.1178157455039
Dropout rate: 0
Silencing rate: 1.7591868069937685e-07
Initial point 8. Random seed: 4262
Solving with ultrametric constraint
Initial phi: 0.1404123117718877. Initial nu: 0.24322820181772906. Initial nllh: 1056.2582576657026
EM finished after 11 iterations.
Optimal point found for initial point 8
Negative llh: 684.117816026244
Dropout rate: 0
Silencing rate: 1.7732961630094114e-07
Initial point 9. Random seed: 8864
Solving with ultrametric constraint
Initial phi: 0.6219175372639116. Initial nu: 0.6609953789204253. Initial nllh: 2509.568311448813
EM finished after 12 iterations.
Optimal point found for initial point 9
Negative llh: 684.1178147878537
Dropout rate: 0
Silencing rate: 1.7412946738598279e-07
Initial point 10. Random seed: 9970
Solving with ultrametric constraint
Initial phi: 0.8578996022727532. Initial nu: 0.44333219063854185. Initial nllh: 3791.8098848582094
EM finished after 11 iterations.
Optimal point found for initial point 10
Negative llh: 684.1178186741757
Dropout rate: 0
Silencing rate: 1.7761968768060387e-07
Runtime (s): 15.749716993886977
