Launching Problin version 0.5b
Problin was called as follow: run_problin.py -c spalin_simulations_with_sep/s2c6/k10_character_matrix.csv -t spalin_simulations_with_sep/s2c6/true_tree.nwk --delimiter comma -p spalin_simulations_with_sep/s2c6/k10_priors.csv -o spalin_simulations_with_sep/s2c6/k10_problin --nInitials 10 --ultrametric
Optimization by EM algorithm
Optimizing branch lengths, phi, and nu without topology search
Initial point 1. Random seed: 5443
Solving with ultrametric constraint
Initial phi: 0.06527822214916547. Initial nu: 0.9392454786702531. Initial nllh: 25488.69930010355
EM finished after 31 iterations.
Optimal point found for initial point 1
Negative llh: 111.9488357691287
Dropout rate: 0
Silencing rate: 9.082297983512138e-07
Initial point 2. Random seed: 3366
Solving with ultrametric constraint
Initial phi: 0.33612870330468575. Initial nu: 0.7985704453535081. Initial nllh: 305.83070604434903
EM finished after 35 iterations.
Optimal point found for initial point 2
Negative llh: 111.94882719273896
Dropout rate: 0
Silencing rate: 9.151772238858277e-07
Initial point 3. Random seed: 3394
Solving with ultrametric constraint
Initial phi: 0.9209747773500002. Initial nu: 0.865965839252431. Initial nllh: 866.5714037941536
EM finished after 30 iterations.
Optimal point found for initial point 3
Negative llh: 111.94883025572138
Dropout rate: 0
Silencing rate: 9.174347670138712e-07
Initial point 4. Random seed: 575
Solving with ultrametric constraint
Initial phi: 0.5653013229085736. Initial nu: 0.4066159869056335. Initial nllh: 373.04260779436544
EM finished after 23 iterations.
Optimal point found for initial point 4
Negative llh: 111.94883509767968
Dropout rate: 0
Silencing rate: 9.156461766510997e-07
Initial point 5. Random seed: 7884
Solving with ultrametric constraint
Initial phi: 0.2133046216719842. Initial nu: 0.23260309250645247. Initial nllh: 199.77472827890844
EM finished after 24 iterations.
Optimal point found for initial point 5
Negative llh: 111.94882949801442
Dropout rate: 0
Silencing rate: 9.163022503641952e-07
Initial point 6. Random seed: 1231
Solving with ultrametric constraint
Initial phi: 0.924599334297985. Initial nu: 0.11271060804652033. Initial nllh: 796.3644600238604
EM finished after 19 iterations.
Optimal point found for initial point 6
Negative llh: 111.94882942832992
Dropout rate: 0
Silencing rate: 9.1529644931349e-07
Initial point 7. Random seed: 7372
Solving with ultrametric constraint
Initial phi: 0.26698114427269787. Initial nu: 0.8821004100025699. Initial nllh: 289.21015704953186
EM finished after 27 iterations.
Optimal point found for initial point 7
Negative llh: 111.94883545326792
Dropout rate: 0
Silencing rate: 9.247756756589819e-07
Initial point 8. Random seed: 8174
Solving with ultrametric constraint
Initial phi: 0.7912782292808159. Initial nu: 0.12942890188846073. Initial nllh: 533.4649584303124
EM finished after 21 iterations.
Optimal point found for initial point 8
Negative llh: 111.94882869397256
Dropout rate: 0
Silencing rate: 9.137722431643045e-07
Initial point 9. Random seed: 6683
Solving with ultrametric constraint
Initial phi: 0.08877784542619926. Initial nu: 0.4152670689708782. Initial nllh: 181.55460180205188
EM finished after 26 iterations.
Optimal point found for initial point 9
Negative llh: 111.94883164983604
Dropout rate: 0
Silencing rate: 9.252732158807825e-07
Initial point 10. Random seed: 214
Solving with ultrametric constraint
Initial phi: 0.8744620268298686. Initial nu: 0.4571928664753431. Initial nllh: 701.507678215392
EM finished after 27 iterations.
Optimal point found for initial point 10
Negative llh: 111.94883027141756
Dropout rate: 0
Silencing rate: 9.170393337694597e-07
Runtime (s): 24.068831535056233
