Launching Problin version 0.5b
Problin was called as follow: /u/gh2161/Spatial-Division/problin/run_problin.py -c simulated_seq_simulated_loc/s15c6/k50_character_matrix.csv -t simulated_seq_simulated_loc/s15c6/true_tree.nwk --delimiter comma -p simulated_seq_simulated_loc/s15c6/k50_priors.csv -o simulated_seq_simulated_loc/s15c6/k50_problin.txt --nInitials 10 --ultrametric --randomreps 3
Optimization by EM algorithm
Optimizing branch lengths, phi, and nu without topology search
Initial point 1. Random seed: 8858
Solving with ultrametric constraint
Initial phi: 0.9664247417186682. Initial nu: 0.9214530423483765. Initial nllh: 58961.54424314562
EM finished after 14 iterations.
Optimal point found for initial point 1
Negative llh: 314.0653251986167
Dropout rate: 0
Silencing rate: 2.1698598309420624e-07
Initial point 2. Random seed: 7833
Solving with ultrametric constraint
Initial phi: 0.056580530612475234. Initial nu: 0.601663897286181. Initial nllh: 474.72979480554557
EM finished after 12 iterations.
Optimal point found for initial point 2
Negative llh: 314.0653251366304
Dropout rate: 0
Silencing rate: 2.13846814044559e-07
Initial point 3. Random seed: 7193
Solving with ultrametric constraint
Initial phi: 0.6039190473622554. Initial nu: 0.06692876606975749. Initial nllh: 883.7318059405806
EM finished after 9 iterations.
Optimal point found for initial point 3
Negative llh: 314.06532399385173
Dropout rate: 0
Silencing rate: 2.11937552186496e-07
Initial point 4. Random seed: 3179
Solving with ultrametric constraint
Initial phi: 0.022667615884662613. Initial nu: 0.8385738934128795. Initial nllh: 503.0412688917734
EM finished after 13 iterations.
Optimal point found for initial point 4
Negative llh: 314.06532437270005
Dropout rate: 0
Silencing rate: 2.131529454424521e-07
Initial point 5. Random seed: 4799
Solving with ultrametric constraint
Initial phi: 0.904006030103906. Initial nu: 0.3654017897190951. Initial nllh: 1796.4981926542666
EM finished after 12 iterations.
Optimal point found for initial point 5
Negative llh: 314.0653238983741
Dropout rate: 0
Silencing rate: 2.1151078592136928e-07
Initial point 6. Random seed: 6973
Solving with ultrametric constraint
Initial phi: 0.8721736471352842. Initial nu: 0.8565794563595036. Initial nllh: 1727.296308554781
EM finished after 13 iterations.
Optimal point found for initial point 6
Negative llh: 314.0653243046421
Dropout rate: 0
Silencing rate: 2.1321396296018918e-07
Initial point 7. Random seed: 8223
Solving with ultrametric constraint
Initial phi: 0.09202725741177988. Initial nu: 0.29979849066495096. Initial nllh: 434.63239161728956
EM finished after 12 iterations.
Optimal point found for initial point 7
Negative llh: 314.0653240136581
Dropout rate: 0
Silencing rate: 2.1297441049944235e-07
Initial point 8. Random seed: 8878
Solving with ultrametric constraint
Initial phi: 0.27367353775665126. Initial nu: 0.3707147372904736. Initial nllh: 583.3794425807465
EM finished after 12 iterations.
Optimal point found for initial point 8
Negative llh: 314.06532397655803
Dropout rate: 0
Silencing rate: 2.1169363482537938e-07
Initial point 9. Random seed: 8887
Solving with ultrametric constraint
Initial phi: 0.6314572465405947. Initial nu: 0.3589072855265335. Initial nllh: 987.9777104710153
EM finished after 12 iterations.
Optimal point found for initial point 9
Negative llh: 314.06532461249105
Dropout rate: 0
Silencing rate: 2.151552401950461e-07
Initial point 10. Random seed: 1361
Solving with ultrametric constraint
Initial phi: 0.936035506748716. Initial nu: 0.5209148695581597. Initial nllh: 2072.5662522492858
EM finished after 12 iterations.
Optimal point found for initial point 10
Negative llh: 314.0653246423837
Dropout rate: 0
Silencing rate: 2.1276078103403776e-07
Runtime (s): 10.830477424897254
