Launching Problin version 0.5b
Problin was called as follow: /u/gh2161/Spatial-Division/problin/run_problin.py -c real_location_data/s8c3/k10_r3_character_matrix.csv -t real_location_data/s8c3/true_tree.nwk -S real_location_data/s8c3/leaf_locations.txt --delimiter comma -p real_location_data/s8c3/k10_priors.csv -o real_location_data/s8c3/k10_r3_spalin-divide-beta3.txt --nInitials 10 --ultrametric --randomreps 3 --divide --radius 3
Optimization by Spalin-Divide: Scipy-SLSQP using spatial information
Optimizing branch lengths, phi, and nu without topology search
Initial point 1. Random seed: 3177
Solving with ultrametric constraint
Optimal point found for initial point 1
Negative llh: 175.2616477295345
Dropout rate: 1e-10
Silencing rate: 1e-10
Sigma: 1.4064255657001388
Initial point 2. Random seed: 1723
Solving with ultrametric constraint
Optimal point found for initial point 2
Negative llh: 175.26164110760106
Dropout rate: 1e-10
Silencing rate: 1e-10
Sigma: 1.4065056992769582
Initial point 3. Random seed: 3964
Solving with ultrametric constraint
Optimal point found for initial point 3
Negative llh: 175.26166193473313
Dropout rate: 4.866384609611792e-10
Silencing rate: 2.0281351858993717e-10
Sigma: 1.4064520145782504
Initial point 4. Random seed: 6548
Solving with ultrametric constraint
Optimal point found for initial point 4
Negative llh: 175.26163461023486
Dropout rate: 1e-10
Silencing rate: 1e-10
Sigma: 1.4063364657134552
Initial point 5. Random seed: 2265
Solving with ultrametric constraint
Optimal point found for initial point 5
Negative llh: 185.84139405361105
Dropout rate: 1.37551367166683e-09
Silencing rate: 3.294645756445323e-10
Sigma: 1.2496710222621077
Initial point 6. Random seed: 4390
Solving with ultrametric constraint
Optimal point found for initial point 6
Negative llh: 175.26164094816787
Dropout rate: 9.999999999999996e-11
Silencing rate: 1e-10
Sigma: 1.4063968848617923
Initial point 7. Random seed: 4304
Solving with ultrametric constraint
Optimal point found for initial point 7
Negative llh: 175.2616348561346
Dropout rate: 1.0000000000000002e-10
Silencing rate: 1e-10
Sigma: 1.4063001280597847
Initial point 8. Random seed: 7455
Solving with ultrametric constraint
Optimal point found for initial point 8
Negative llh: 175.26163414131005
Dropout rate: 1.0000000000000002e-10
Silencing rate: 1e-10
Sigma: 1.406319167788614
Initial point 9. Random seed: 2263
Solving with ultrametric constraint
Optimal point found for initial point 9
Negative llh: 175.26164399021692
Dropout rate: 1.0000000000000002e-10
Silencing rate: 1e-10
Sigma: 1.4064064584234195
Initial point 10. Random seed: 259
Solving with ultrametric constraint
Optimal point found for initial point 10
Negative llh: 175.26163675624443
Dropout rate: 6.654141241779214e-10
Silencing rate: 2.4590323210338553e-10
Sigma: 1.4063148753267438
Runtime (s): 655.5001574438065
