Launching Problin version 0.5b
Problin was called as follow: /u/gh2161/Spatial-Division/problin/run_problin.py -c real_location_data/s8c3/k10_r4_character_matrix.csv -t real_location_data/s8c3/true_tree.nwk -S real_location_data/s8c3/leaf_locations.txt --delimiter comma -p real_location_data/s8c3/k10_priors.csv -o real_location_data/s8c3/k10_r4_spalin-divide-beta3.txt --nInitials 10 --ultrametric --randomreps 3 --divide --radius 3
Optimization by Spalin-Divide: Scipy-SLSQP using spatial information
Optimizing branch lengths, phi, and nu without topology search
Initial point 1. Random seed: 1696
Solving with ultrametric constraint
Optimal point found for initial point 1
Negative llh: 177.69288033605184
Dropout rate: 1.1109453307851491e-09
Silencing rate: 1.003055377434548e-10
Sigma: 1.371818078203057
Initial point 2. Random seed: 1168
Solving with ultrametric constraint
Optimal point found for initial point 2
Negative llh: 177.69277430512625
Dropout rate: 9.252974109346512e-10
Silencing rate: 5.001068873877416e-10
Sigma: 1.3721541890478886
Initial point 3. Random seed: 7679
Solving with ultrametric constraint
Optimal point found for initial point 3
Negative llh: 177.6927698858145
Dropout rate: 1e-10
Silencing rate: 1e-10
Sigma: 1.372295585558908
Initial point 4. Random seed: 2504
Solving with ultrametric constraint
Optimal point found for initial point 4
Negative llh: 196.3971505616327
Dropout rate: 1e-10
Silencing rate: 1e-10
Sigma: 1.269223461218393
Initial point 5. Random seed: 540
Solving with ultrametric constraint
Optimal point found for initial point 5
Negative llh: 177.69297553499553
Dropout rate: 9.999999999999996e-11
Silencing rate: 1.0000000000000002e-10
Sigma: 1.371992219404493
Initial point 6. Random seed: 2369
Solving with ultrametric constraint
Optimal point found for initial point 6
Negative llh: 196.3972780712092
Dropout rate: 1e-10
Silencing rate: 1e-10
Sigma: 1.269081932049413
Initial point 7. Random seed: 8508
Solving with ultrametric constraint
Optimal point found for initial point 7
Negative llh: 177.69272646691618
Dropout rate: 1.3874790560690787e-09
Silencing rate: 1.0045202360872795e-10
Sigma: 1.3722190608955798
Initial point 8. Random seed: 3960
Solving with ultrametric constraint
Optimal point found for initial point 8
Negative llh: 177.6927338675227
Dropout rate: 1.2590442963834783e-10
Silencing rate: 1.041763780626115e-10
Sigma: 1.3723163571229786
Initial point 9. Random seed: 1731
Solving with ultrametric constraint
Optimal point found for initial point 9
Negative llh: 177.6930062271842
Dropout rate: 5.16871767970358e-10
Silencing rate: 2.4818979792357047e-10
Sigma: 1.372513226458705
Initial point 10. Random seed: 6510
Solving with ultrametric constraint
Optimal point found for initial point 10
Negative llh: 177.69279455425098
Dropout rate: 1.0000000000000007e-10
Silencing rate: 9.999999999999996e-11
Sigma: 1.3723555592199301
Runtime (s): 850.5468810359016
