Launching Problin version 0.5b
Problin was called as follow: /u/gh2161/Spatial-Division/problin/run_problin.py -c real_location_data/s8c3/k10_r4_character_matrix.csv -t real_location_data/s8c3/true_tree.nwk -S real_location_data/s8c3/leaf_locations.txt --delimiter comma -p real_location_data/s8c3/k10_priors.csv -o real_location_data/s8c3/k10_r4_spalin-divide-beta10.txt --nInitials 10 --ultrametric --randomreps 3 --divide --radius 10
Optimization by Spalin-Divide: Scipy-SLSQP using spatial information
Optimizing branch lengths, phi, and nu without topology search
Initial point 1. Random seed: 6326
Solving with ultrametric constraint
Optimal point found for initial point 1
Negative llh: 151.7859415638532
Dropout rate: 1.177852351961886e-09
Silencing rate: 5.735766731881594e-10
Sigma: 0.9233491154902775
Initial point 2. Random seed: 2027
Solving with ultrametric constraint
Fatal: failed to optimize using initial point 2
Initial point 3. Random seed: 7685
Solving with ultrametric constraint
Optimal point found for initial point 3
Negative llh: 151.78600605553356
Dropout rate: 1.9864337146515143e-10
Silencing rate: 1.4491440365113746e-10
Sigma: 0.9236929810030098
Initial point 4. Random seed: 8621
Solving with ultrametric constraint
Optimal point found for initial point 4
Negative llh: 151.78595094979602
Dropout rate: 3.6995113916796375e-10
Silencing rate: 1.897374086628733e-10
Sigma: 0.9237002844860188
Initial point 5. Random seed: 2384
Solving with ultrametric constraint
Optimal point found for initial point 5
Negative llh: 151.7859939135317
Dropout rate: 9.999999999999996e-11
Silencing rate: 1.0000000000000002e-10
Sigma: 0.9237027903152202
Initial point 6. Random seed: 3951
Solving with ultrametric constraint
Optimal point found for initial point 6
Negative llh: 151.7858793348768
Dropout rate: 1e-10
Silencing rate: 1e-10
Sigma: 0.9238311006037432
Initial point 7. Random seed: 6269
Solving with ultrametric constraint
Optimal point found for initial point 7
Negative llh: 151.78595440292776
Dropout rate: 1.4911576470952902e-10
Silencing rate: 1.1975026094526943e-10
Sigma: 0.9236460092860989
Initial point 8. Random seed: 5618
Solving with ultrametric constraint
Optimal point found for initial point 8
Negative llh: 151.7857856901574
Dropout rate: 1e-10
Silencing rate: 1e-10
Sigma: 0.9235408219295128
Initial point 9. Random seed: 2388
Solving with ultrametric constraint
Optimal point found for initial point 9
Negative llh: 153.18465458612553
Dropout rate: 7.04125086509687e-10
Silencing rate: 1.3101145043737035e-10
Sigma: 0.8559055543531033
Initial point 10. Random seed: 5253
Solving with ultrametric constraint
Optimal point found for initial point 10
Negative llh: 151.7860831608122
Dropout rate: 1.7335678037345442e-09
Silencing rate: 6.432077366331258e-10
Sigma: 0.9236345369635924
Runtime (s): 406.56268767639995
