Launching Problin version 0.5b
Problin was called as follow: /u/gh2161/Spatial-Division/problin/run_problin.py -c real_location_data/s8c3/k10_r2_character_matrix.csv -t real_location_data/s8c3/true_tree.nwk -S real_location_data/s8c3/leaf_locations.txt --delimiter comma -p real_location_data/s8c3/k10_priors.csv -o real_location_data/s8c3/k10_r2_spalin-divide-beta3.txt --nInitials 10 --ultrametric --randomreps 3 --divide --radius 3
Optimization by Spalin-Divide: Scipy-SLSQP using spatial information
Optimizing branch lengths, phi, and nu without topology search
Initial point 1. Random seed: 1968
Solving with ultrametric constraint
Optimal point found for initial point 1
Negative llh: 186.24850361049465
Dropout rate: 2.723667609000972e-10
Silencing rate: 1.0017653664997332e-10
Sigma: 1.3294324630816101
Initial point 2. Random seed: 5248
Solving with ultrametric constraint
Optimal point found for initial point 2
Negative llh: 204.71433114718687
Dropout rate: 1e-10
Silencing rate: 1e-10
Sigma: 1.220261478146497
Initial point 3. Random seed: 9033
Solving with ultrametric constraint
Optimal point found for initial point 3
Negative llh: 186.248751486198
Dropout rate: 1.1594773904494974e-10
Silencing rate: 1.0590287383282231e-10
Sigma: 1.330249328613702
Initial point 4. Random seed: 5528
Solving with ultrametric constraint
Optimal point found for initial point 4
Negative llh: 186.2480860195902
Dropout rate: 6.303847861774748e-10
Silencing rate: 1.0006491674644915e-10
Sigma: 1.3300848288358937
Initial point 5. Random seed: 1243
Solving with ultrametric constraint
Optimal point found for initial point 5
Negative llh: 186.25015751582265
Dropout rate: 1.645782285180834e-09
Silencing rate: 6.65832421513185e-10
Sigma: 1.3296558434689236
Initial point 6. Random seed: 832
Solving with ultrametric constraint
Optimal point found for initial point 6
Negative llh: 186.24808590650076
Dropout rate: 1e-10
Silencing rate: 1e-10
Sigma: 1.330104729706863
Initial point 7. Random seed: 4465
Solving with ultrametric constraint
Optimal point found for initial point 7
Negative llh: 186.24816761718913
Dropout rate: 1.631957380838037e-10
Silencing rate: 1.255349627882923e-10
Sigma: 1.3300826487862045
Initial point 8. Random seed: 8811
Solving with ultrametric constraint
Optimal point found for initial point 8
Negative llh: 186.24818590530944
Dropout rate: 1e-10
Silencing rate: 1e-10
Sigma: 1.330135941616122
Initial point 9. Random seed: 3670
Solving with ultrametric constraint
Optimal point found for initial point 9
Negative llh: 186.24809362154792
Dropout rate: 1e-10
Silencing rate: 1e-10
Sigma: 1.3301725377637839
Initial point 10. Random seed: 2559
Solving with ultrametric constraint
Optimal point found for initial point 10
Negative llh: 186.24816412366468
Dropout rate: 7.23041774171463e-10
Silencing rate: 1.0092782221509182e-10
Sigma: 1.3304377188450753
Runtime (s): 946.2357862978242
