Launching Problin version 0.5b
Problin was called as follow: run_problin.py -c spalin_simulations_with_sep/s3c5/k10_character_matrix.csv -t spalin_simulations_with_sep/s3c5/true_tree.nwk --delimiter comma -p spalin_simulations_with_sep/s3c5/k10_priors.csv -o spalin_simulations_with_sep/s3c5/k10_problin --nInitials 10 --ultrametric
Optimization by EM algorithm
Optimizing branch lengths, phi, and nu without topology search
Initial point 1. Random seed: 3101
Solving with ultrametric constraint
Initial phi: 0.5702105945229209. Initial nu: 0.5660233358412999. Initial nllh: 7142.310555735664
EM finished after 11 iterations.
Optimal point found for initial point 1
Negative llh: 52.80958597706611
Dropout rate: 0
Silencing rate: 5.248869668057974e-07
Initial point 2. Random seed: 9343
Solving with ultrametric constraint
Initial phi: 0.6291570001828672. Initial nu: 0.30778957927359474. Initial nllh: 172.49545845755884
EM finished after 10 iterations.
Optimal point found for initial point 2
Negative llh: 52.80958596246735
Dropout rate: 0
Silencing rate: 5.241183665882043e-07
Initial point 3. Random seed: 9610
Solving with ultrametric constraint
Initial phi: 0.9663730480870741. Initial nu: 0.3550233197042812. Initial nllh: 415.68473385889666
EM finished after 10 iterations.
Optimal point found for initial point 3
Negative llh: 52.80958609378774
Dropout rate: 0
Silencing rate: 5.259608183946436e-07
Initial point 4. Random seed: 2063
Solving with ultrametric constraint
Initial phi: 0.38349713918446854. Initial nu: 0.741105887391374. Initial nllh: 150.5111283613261
EM finished after 10 iterations.
Optimal point found for initial point 4
Negative llh: 52.80958603498439
Dropout rate: 0
Silencing rate: 5.243265172349798e-07
Initial point 5. Random seed: 8881
Solving with ultrametric constraint
Initial phi: 0.2108649198001352. Initial nu: 0.23936594722743215. Initial nllh: 92.4248610772573
EM finished after 9 iterations.
Optimal point found for initial point 5
Negative llh: 52.809586099820734
Dropout rate: 0
Silencing rate: 5.254509369302612e-07
Initial point 6. Random seed: 2403
Solving with ultrametric constraint
Initial phi: 0.11534238539346606. Initial nu: 0.4721929762870589. Initial nllh: 96.49672651272317
EM finished after 10 iterations.
Optimal point found for initial point 6
Negative llh: 52.80958612783949
Dropout rate: 0
Silencing rate: 5.261900385803007e-07
Initial point 7. Random seed: 3206
Solving with ultrametric constraint
Initial phi: 0.6372103735299124. Initial nu: 0.9684956602017561. Initial nllh: 218.67141139825705
EM finished after 10 iterations.
Optimal point found for initial point 7
Negative llh: 52.80958611806368
Dropout rate: 0
Silencing rate: 5.250472101270549e-07
Initial point 8. Random seed: 9242
Solving with ultrametric constraint
Initial phi: 0.8872178145301749. Initial nu: 0.3847785965187783. Initial nllh: 296.6522301966851
EM finished after 10 iterations.
Optimal point found for initial point 8
Negative llh: 52.80958605373043
Dropout rate: 0
Silencing rate: 5.252763688349501e-07
Initial point 9. Random seed: 9591
Solving with ultrametric constraint
Initial phi: 0.3018374674817646. Initial nu: 0.8804459152171191. Initial nllh: 147.34749794570047
EM finished after 10 iterations.
Optimal point found for initial point 9
Negative llh: 52.80958605214504
Dropout rate: 0
Silencing rate: 5.247670920831e-07
Initial point 10. Random seed: 770
Solving with ultrametric constraint
Initial phi: 0.6423824993225059. Initial nu: 0.7846915545385461. Initial nllh: 207.8720029032253
EM finished after 10 iterations.
Optimal point found for initial point 10
Negative llh: 52.8095860207619
Dropout rate: 0
Silencing rate: 5.238962359711689e-07
Runtime (s): 6.977141913026571
