Launching Problin version 0.5b
Problin was called as follow: /u/gh2161/Spatial-Division/problin/run_problin.py -c simulated_seq_simulated_loc/s3c5/k200_character_matrix.csv -t simulated_seq_simulated_loc/s3c5/true_tree.nwk --delimiter comma -p simulated_seq_simulated_loc/s3c5/k200_priors.csv -o simulated_seq_simulated_loc/s3c5/k200_problin.txt --nInitials 10 --ultrametric --solver Scipy
Optimization by generic solver (Scipy-SLSQP)
Optimizing branch lengths, phi, and nu without topology search
Initial point 1. Random seed: 9774
Solving with ultrametric constraint
Optimal point found for initial point 1
Negative llh: 1145.0815610980412
Dropout rate: 6.077521597120634e-10
Silencing rate: 3.4428417893994595e-10
Initial point 2. Random seed: 3702
Solving with ultrametric constraint
Optimal point found for initial point 2
Negative llh: 1145.0812686226038
Dropout rate: 1.220519365493485e-10
Silencing rate: 1.1060267114551499e-10
Initial point 3. Random seed: 8734
Solving with ultrametric constraint
Optimal point found for initial point 3
Negative llh: 1145.0764129475788
Dropout rate: 1e-10
Silencing rate: 1e-10
Initial point 4. Random seed: 2933
Solving with ultrametric constraint
Optimal point found for initial point 4
Negative llh: 1145.0731700756826
Dropout rate: 1.0014971374185576e-10
Silencing rate: 1.0007196748584488e-10
Initial point 5. Random seed: 8043
Solving with ultrametric constraint
Fatal: failed to optimize using initial point 5
Initial point 6. Random seed: 8753
Solving with ultrametric constraint
Fatal: failed to optimize using initial point 6
Initial point 7. Random seed: 7132
Solving with ultrametric constraint
Optimal point found for initial point 7
Negative llh: 1145.0755305934342
Dropout rate: 5.75204392822281e-08
Silencing rate: 2.7696791777694323e-08
Initial point 8. Random seed: 2526
Solving with ultrametric constraint
Optimal point found for initial point 8
Negative llh: 1145.0762557727435
Dropout rate: 7.186690766862564e-10
Silencing rate: 3.975888625023112e-10
Initial point 9. Random seed: 3435
Solving with ultrametric constraint
Optimal point found for initial point 9
Negative llh: 1145.0807866945984
Dropout rate: 3.1671798615073214e-10
Silencing rate: 2.0415145767219307e-10
Initial point 10. Random seed: 7496
Solving with ultrametric constraint
Optimal point found for initial point 10
Negative llh: 1145.0866219315494
Dropout rate: 4.387054597732655e-07
Silencing rate: 2.1091072152853392e-07
Runtime (s): 182.73265057988465
