Launching Problin version 0.5b
Problin was called as follow: /u/gh2161/Spatial-Division/problin/run_problin.py -c simulated_seq_simulated_loc/s3c5/k50_character_matrix.csv -t simulated_seq_simulated_loc/s3c5/true_tree.nwk --delimiter comma -p simulated_seq_simulated_loc/s3c5/k50_priors.csv -o simulated_seq_simulated_loc/s3c5/k50_problin.txt --nInitials 10 --ultrametric --randomreps 3
Optimization by EM algorithm
Optimizing branch lengths, phi, and nu without topology search
Initial point 1. Random seed: 8916
Solving with ultrametric constraint
Initial phi: 0.8891703018931848. Initial nu: 0.8368333881961084. Initial nllh: 46063.445774115055
EM finished after 20 iterations.
Optimal point found for initial point 1
Negative llh: 246.11542907821345
Dropout rate: 0
Silencing rate: 1.0965096666355448e-07
Initial point 2. Random seed: 6279
Solving with ultrametric constraint
Initial phi: 0.4979788958041068. Initial nu: 0.9475926797819496. Initial nllh: 911.0636507752815
EM finished after 18 iterations.
Optimal point found for initial point 2
Negative llh: 246.1154294598413
Dropout rate: 0
Silencing rate: 1.1024684717139382e-07
Initial point 3. Random seed: 9416
Solving with ultrametric constraint
Initial phi: 0.8877865709681192. Initial nu: 0.8050319117211276. Initial nllh: 1611.9817739452762
EM finished after 18 iterations.
Optimal point found for initial point 3
Negative llh: 246.11542860398333
Dropout rate: 0
Silencing rate: 1.0888304147371522e-07
Initial point 4. Random seed: 5169
Solving with ultrametric constraint
Initial phi: 0.9535782889925782. Initial nu: 0.6848998010216376. Initial nllh: 2012.681944425881
EM finished after 18 iterations.
Optimal point found for initial point 4
Negative llh: 246.11542846293034
Dropout rate: 0
Silencing rate: 1.0934765110925645e-07
Initial point 5. Random seed: 3924
Solving with ultrametric constraint
Initial phi: 0.41373437520288986. Initial nu: 0.22055642386038973. Initial nllh: 587.6792802365852
EM finished after 15 iterations.
Optimal point found for initial point 5
Negative llh: 246.1154289078443
Dropout rate: 0
Silencing rate: 1.0983219812274778e-07
Initial point 6. Random seed: 8205
Solving with ultrametric constraint
Initial phi: 0.47154280931816556. Initial nu: 0.5103103503593849. Initial nllh: 737.5538575999135
EM finished after 17 iterations.
Optimal point found for initial point 6
Negative llh: 246.1154290334681
Dropout rate: 0
Silencing rate: 1.0975675554378138e-07
Initial point 7. Random seed: 7726
Solving with ultrametric constraint
Initial phi: 0.3683950988323917. Initial nu: 0.0353664978374597. Initial nllh: 487.81882024617613
EM finished after 8 iterations.
Optimal point found for initial point 7
Negative llh: 246.1154327670813
Dropout rate: 0
Silencing rate: 1.100701042546555e-07
Initial point 8. Random seed: 1127
Solving with ultrametric constraint
Initial phi: 0.2875979312246378. Initial nu: 0.9243529561998696. Initial nllh: 728.1979515389784
EM finished after 18 iterations.
Optimal point found for initial point 8
Negative llh: 246.1154293884937
Dropout rate: 0
Silencing rate: 1.1019921551138782e-07
Initial point 9. Random seed: 6963
Solving with ultrametric constraint
Initial phi: 0.14911197824890446. Initial nu: 0.03753302537461697. Initial nllh: 339.5430918355526
EM finished after 10 iterations.
Optimal point found for initial point 9
Negative llh: 246.11542862829205
Dropout rate: 0
Silencing rate: 1.092892295431497e-07
Initial point 10. Random seed: 81
Solving with ultrametric constraint
Initial phi: 0.7708370406259826. Initial nu: 0.9847605960059568. Initial nllh: 1315.7345897793996
EM finished after 18 iterations.
Optimal point found for initial point 10
Negative llh: 246.11542935512384
Dropout rate: 0
Silencing rate: 1.0963697183253785e-07
Runtime (s): 13.53299914393574
