Launching Problin version 0.5b
Problin was called as follow: /u/gh2161/Spatial-Division/problin/run_problin.py -c real_location_data/s15c1/k10_r4_character_matrix.csv -t real_location_data/s15c1/true_tree.nwk -S real_location_data/s15c1/leaf_locations.txt --delimiter comma -p real_location_data/s15c1/k10_priors.csv -o real_location_data/s15c1/k10_r4_spalin-divide-beta1.txt --nInitials 10 --ultrametric --randomreps 3 --divide --radius 1
Optimization by Spalin-Divide: Scipy-SLSQP using spatial information
Optimizing branch lengths, phi, and nu without topology search
Initial point 1. Random seed: 5774
Solving with ultrametric constraint
Optimal point found for initial point 1
Negative llh: 192.54775336897595
Dropout rate: 1e-10
Silencing rate: 1e-10
Sigma: 1.4562783236688188
Initial point 2. Random seed: 329
Solving with ultrametric constraint
Optimal point found for initial point 2
Negative llh: 191.93718125102652
Dropout rate: 5.609957349326014e-10
Silencing rate: 3.1382130665645247e-10
Sigma: 1.4786268858393061
Initial point 3. Random seed: 2248
Solving with ultrametric constraint
Optimal point found for initial point 3
Negative llh: 277106.59731237014
Dropout rate: 0.3132931068087349
Silencing rate: 0.2826970792665125
Sigma: 7.371805941146653
Initial point 4. Random seed: 2213
Solving with ultrametric constraint
Optimal point found for initial point 4
Negative llh: 191.93701309716488
Dropout rate: 1e-10
Silencing rate: 1e-10
Sigma: 1.4791689138269504
Initial point 5. Random seed: 5084
Solving with ultrametric constraint
Optimal point found for initial point 5
Negative llh: 191.93710832271717
Dropout rate: 1.0906904576498687e-10
Silencing rate: 1.0004803276590278e-10
Sigma: 1.478933656691139
Initial point 6. Random seed: 8309
Solving with ultrametric constraint
Optimal point found for initial point 6
Negative llh: 191.93709287893995
Dropout rate: 7.34210952954776e-10
Silencing rate: 5.375508044716847e-10
Sigma: 1.4788308550019378
Initial point 7. Random seed: 2842
Solving with ultrametric constraint
Optimal point found for initial point 7
Negative llh: 191.93718152156748
Dropout rate: 8.085355715948964e-10
Silencing rate: 5.71023489373299e-10
Sigma: 1.4794391399682925
Initial point 8. Random seed: 9918
Solving with ultrametric constraint
Optimal point found for initial point 8
Negative llh: 191.9373029270573
Dropout rate: 1.8348376377354964e-10
Silencing rate: 1.3798307704434733e-10
Sigma: 1.4789846188201496
Initial point 9. Random seed: 4253
Solving with ultrametric constraint
Optimal point found for initial point 9
Negative llh: 191.93703180093263
Dropout rate: 1.0000000000000007e-10
Silencing rate: 9.999999999999996e-11
Sigma: 1.4788394105980516
Initial point 10. Random seed: 5794
Solving with ultrametric constraint
Optimal point found for initial point 10
Negative llh: 191.93699622215667
Dropout rate: 1.0000000000000007e-10
Silencing rate: 1.0000000000000007e-10
Sigma: 1.4789203902712507
Runtime (s): 640.6311918492429
