Launching Problin version 0.5b
Problin was called as follow: /u/gh2161/Spatial-Division/problin/run_problin.py -c real_location_data/s15c1/k10_r1_character_matrix.csv -t real_location_data/s15c1/true_tree.nwk -S real_location_data/s15c1/leaf_locations.txt --delimiter comma -p real_location_data/s15c1/k10_priors.csv -o real_location_data/s15c1/k10_r1_spalin-divide-beta7.txt --nInitials 10 --ultrametric --randomreps 3 --divide --radius 7
Optimization by Spalin-Divide: Scipy-SLSQP using spatial information
Optimizing branch lengths, phi, and nu without topology search
Initial point 1. Random seed: 8668
Solving with ultrametric constraint
Fatal: failed to optimize using initial point 1
Initial point 2. Random seed: 7637
Solving with ultrametric constraint
Optimal point found for initial point 2
Negative llh: 186.57176539328316
Dropout rate: 1e-10
Silencing rate: 1e-10
Sigma: 1.200983664981569
Initial point 3. Random seed: 7188
Solving with ultrametric constraint
Optimal point found for initial point 3
Negative llh: 186.57186960620606
Dropout rate: 2.6782737731780675e-10
Silencing rate: 2.3227881874285268e-10
Sigma: 1.2009592214909706
Initial point 4. Random seed: 3695
Solving with ultrametric constraint
Optimal point found for initial point 4
Negative llh: 186.57185217703437
Dropout rate: 1e-10
Silencing rate: 1e-10
Sigma: 1.2008410228040454
Initial point 5. Random seed: 9484
Solving with ultrametric constraint
Optimal point found for initial point 5
Negative llh: 186.5717658108919
Dropout rate: 1.5425225298759604e-09
Silencing rate: 9.201992101247293e-10
Sigma: 1.2009368245955054
Initial point 6. Random seed: 1225
Solving with ultrametric constraint
Optimal point found for initial point 6
Negative llh: 186.57202564870732
Dropout rate: 1.0000000000000002e-10
Silencing rate: 1.0000000000000002e-10
Sigma: 1.200943433402737
Initial point 7. Random seed: 4285
Solving with ultrametric constraint
Optimal point found for initial point 7
Negative llh: 186.57176542557994
Dropout rate: 1.0000000000000002e-10
Silencing rate: 1.0000000000000002e-10
Sigma: 1.2009952360248202
Initial point 8. Random seed: 3640
Solving with ultrametric constraint
Optimal point found for initial point 8
Negative llh: 186.57221484697442
Dropout rate: 8.151953688755508e-10
Silencing rate: 6.280925492214301e-10
Sigma: 1.2014469834332202
Initial point 9. Random seed: 4680
Solving with ultrametric constraint
Optimal point found for initial point 9
Negative llh: 186.57176535142798
Dropout rate: 2.0189753884878991e-10
Silencing rate: 1.7666203643756944e-10
Sigma: 1.200970590550822
Initial point 10. Random seed: 1180
Solving with ultrametric constraint
Optimal point found for initial point 10
Negative llh: 186.5717652576823
Dropout rate: 1.0000000000000007e-10
Silencing rate: 1.0000000000000007e-10
Sigma: 1.2009576378967268
Runtime (s): 295.5787923205644
