Launching Problin version 0.5b
Problin was called as follow: /u/gh2161/Spatial-Division/problin/run_problin.py -c intmem_real_data/s2c8/characters.txt -t intmem_real_data/s2c8/true_tree.nwk -S intmem_real_data/s2c8/leaf_locations.txt --delimiter comma -p intmem_real_data/s2c8/prior.csv -o intmem_real_data/s2c8/spalin.txt --nInitials 10 --ultrametric --randomreps 3
Optimization by Spalin: Scipy-SLSQP using spatial information
Optimizing branch lengths, phi, and nu without topology search
Initial point 1. Random seed: 268
Solving with ultrametric constraint
Optimal point found for initial point 1
Negative llh: 143.95758064479
Dropout rate: 5.642875083489955e-10
Silencing rate: 4.492677027790017e-10
Sigma: 1.704953370930248
Lambda: 0.006499229029132778
Initial point 2. Random seed: 9070
Solving with ultrametric constraint
Optimal point found for initial point 2
Negative llh: 143.95744346612537
Dropout rate: 1.881874791718371e-10
Silencing rate: 1.5938491054353084e-10
Sigma: 1.7048314366652453
Lambda: 0.006498734356237464
Initial point 3. Random seed: 3713
Solving with ultrametric constraint
Optimal point found for initial point 3
Negative llh: 143.9578840442827
Dropout rate: 2.3626590489684237e-10
Silencing rate: 1.0117397365911802e-10
Sigma: 1.7062880217538097
Lambda: 0.006500373653774286
Initial point 4. Random seed: 5763
Solving with ultrametric constraint
Optimal point found for initial point 4
Negative llh: 143.9589656170441
Dropout rate: 5.850579778280137e-10
Silencing rate: 2.1652588866292413e-09
Sigma: 1.7038840910890798
Lambda: 0.00647300325110085
Initial point 5. Random seed: 4988
Solving with ultrametric constraint
Optimal point found for initial point 5
Negative llh: 143.95744634184723
Dropout rate: 3.570357368017954e-10
Silencing rate: 1.000807669972684e-10
Sigma: 1.7048970041370821
Lambda: 0.006498671867254621
Initial point 6. Random seed: 6691
Solving with ultrametric constraint
Optimal point found for initial point 6
Negative llh: 143.95752099085072
Dropout rate: 1.0000000000000751e-10
Silencing rate: 1.0000000000000751e-10
Sigma: 1.705597226145214
Lambda: 0.006499211800977086
Initial point 7. Random seed: 3554
Solving with ultrametric constraint
Optimal point found for initial point 7
Negative llh: 143.95752251233026
Dropout rate: 1e-10
Silencing rate: 1e-10
Sigma: 1.7049503142081202
Lambda: 0.006501063890294813
Initial point 8. Random seed: 1313
Solving with ultrametric constraint
Optimal point found for initial point 8
Negative llh: 143.95752506170018
Dropout rate: 1.0000000000000002e-10
Silencing rate: 9.999999999999999e-11
Sigma: 1.7036771160297688
Lambda: 0.006499163383632158
Initial point 9. Random seed: 876
Solving with ultrametric constraint
Optimal point found for initial point 9
Negative llh: 143.95744454573685
Dropout rate: 6.606978402553068e-10
Silencing rate: 2.4617147753691677e-10
Sigma: 1.7047179061459024
Lambda: 0.006498618835100152
Initial point 10. Random seed: 6993
Solving with ultrametric constraint
Optimal point found for initial point 10
Negative llh: 191.07681846966807
Dropout rate: 9.999999999999996e-11
Silencing rate: 1e-10
Sigma: 3.172446519235334
Lambda: 0.03344372103545667
{'lambda_param': 0.006498734356237464, 'phi': 1.881874791718371e-10, 'nu': 1.5938491054353084e-10, 'sigma': 1.7048314366652453, 'locations': {'216_1': (234.0, 316.0), '216_3': (226.0, 290.0), '216_2': (207.0, 301.0), '216_5': (255.0, 294.0), '216_4': (236.0, 300.0), '216_7': (266.0, 296.0), '216_6': (248.0, 320.0), '216_15': (260.0, 264.0), '216_14': (246.0, 278.0), '216_13': (294.0, 293.0), '216_12': (280.0, 297.0)}}
Runtime (s): 86.67788952123374
