Launching Problin version 0.5b
Problin was called as follow: /u/gh2161/Spatial-Division/problin/run_problin.py -c intmem_real_data/s2c8/characters.txt -t intmem_real_data/s2c8/true_tree.nwk -S intmem_real_data/s2c8/leaf_locations.txt --delimiter comma -p intmem_real_data/s2c8/prior.csv -o intmem_real_data/s2c8/spalin-divide-beta5.txt --nInitials 10 --ultrametric --randomreps 3 --divide --radius 5
Optimization by Spalin-Divide: Scipy-SLSQP using spatial information
Optimizing branch lengths, phi, and nu without topology search
Initial point 1. Random seed: 4168
Solving with ultrametric constraint
Optimal point found for initial point 1
Negative llh: 152.63143515374185
Dropout rate: 1.018305417325888e-10
Silencing rate: 1.0000062944006659e-10
Sigma: 1.0428532528605439
Lambda: 0.006489943414875111
Initial point 2. Random seed: 9851
Solving with ultrametric constraint
Optimal point found for initial point 2
Negative llh: 152.63129913876233
Dropout rate: 1.3005716507446235e-09
Silencing rate: 1.3215080716282819e-09
Sigma: 1.0426850681410094
Lambda: 0.006487660232759132
Initial point 3. Random seed: 8210
Solving with ultrametric constraint
Optimal point found for initial point 3
Negative llh: 158.66742173395107
Dropout rate: 4.1057479796086055e-10
Silencing rate: 1.0270978231736854e-10
Sigma: 0.9632194221225272
Lambda: 0.006841147848902201
Initial point 4. Random seed: 6626
Solving with ultrametric constraint
Optimal point found for initial point 4
Negative llh: 152.63249669616692
Dropout rate: 1e-10
Silencing rate: 1e-10
Sigma: 1.04341590502657
Lambda: 0.00648879610235341
Initial point 5. Random seed: 392
Solving with ultrametric constraint
Optimal point found for initial point 5
Negative llh: 152.63137890554654
Dropout rate: 1.321147996579797e-10
Silencing rate: 1.0115944488441543e-10
Sigma: 1.0429377165096116
Lambda: 0.006488208483098901
Initial point 6. Random seed: 7318
Solving with ultrametric constraint
Optimal point found for initial point 6
Negative llh: 152.63145510242913
Dropout rate: 2.679238387373401e-10
Silencing rate: 2.2338334679495057e-10
Sigma: 1.0432481791425776
Lambda: 0.006489723855815801
Initial point 7. Random seed: 8229
Solving with ultrametric constraint
Fatal: failed to optimize using initial point 7
Initial point 8. Random seed: 4735
Solving with ultrametric constraint
Optimal point found for initial point 8
Negative llh: 152.63130175753253
Dropout rate: 1.549535456621453e-10
Silencing rate: 1.000195024708964e-10
Sigma: 1.04269619265508
Lambda: 0.0064880880397636485
Initial point 9. Random seed: 5421
Solving with ultrametric constraint
Optimal point found for initial point 9
Negative llh: 152.6312987508554
Dropout rate: 6.509220714770118e-10
Silencing rate: 5.726258653907992e-10
Sigma: 1.0426550181624055
Lambda: 0.006487422915719552
Initial point 10. Random seed: 1661
Solving with ultrametric constraint
Optimal point found for initial point 10
Negative llh: 152.63129887874436
Dropout rate: 4.136921580161628e-10
Silencing rate: 3.599018540442809e-10
Sigma: 1.042670352540217
Lambda: 0.0064880587933474005
{'lambda_param': 0.006487422915719552, 'phi': 6.509220714770118e-10, 'nu': 5.726258653907992e-10, 'sigma': 1.0426550181624055, 'locations': {'216_1': (234.0, 316.0), '216_3': (226.0, 290.0), '216_2': (207.0, 301.0), '216_5': (255.0, 294.0), '216_4': (236.0, 300.0), '216_7': (266.0, 296.0), '216_6': (248.0, 320.0), '216_15': (260.0, 264.0), '216_14': (246.0, 278.0), '216_13': (294.0, 293.0), '216_12': (280.0, 297.0)}, 'radius': 5.0, 'thetas': {'205_4': 39.913415296164615, '214_4': -3.4474288756514473, '158_2': 7.05205672751546, '212_2': 2.6168586517651025, '165_1': -2.3698161307394288, '109_1': -0.017299850163468848, '205_9': 2.8632771774692842, '207_12': 2.356189414584789, '150_4': 0.6455405096947359, '62_1': 2.5233425483202367}}
Runtime (s): 317.34217847138643
