Launching Problin version 0.5b
Problin was called as follow: /u/gh2161/Spatial-Division/problin/run_problin.py -c intmem_real_data/s16c6/characters.txt -t intmem_real_data/s16c6/true_tree.nwk -S intmem_real_data/s16c6/leaf_locations.txt --delimiter comma -p intmem_real_data/s16c6/prior.csv -o intmem_real_data/s16c6/spalin-divide-beta7.txt --nInitials 10 --ultrametric --randomreps 3 --divide --radius 7
Optimization by Spalin-Divide: Scipy-SLSQP using spatial information
Optimizing branch lengths, phi, and nu without topology search
Initial point 1. Random seed: 4057
Solving with ultrametric constraint
Optimal point found for initial point 1
Negative llh: 231.40379562864302
Dropout rate: 1.5971450057604697e-09
Silencing rate: 1.3232441606010158e-10
Sigma: 1.4932738445986697
Lambda: 0.0034217974491099934
Initial point 2. Random seed: 3357
Solving with ultrametric constraint
Optimal point found for initial point 2
Negative llh: 231.40378983363627
Dropout rate: 1.3882047719674357e-10
Silencing rate: 1.0874430310072466e-10
Sigma: 1.4933088484628578
Lambda: 0.0034216054394470017
Initial point 3. Random seed: 9841
Solving with ultrametric constraint
Optimal point found for initial point 3
Negative llh: 231.4039592196297
Dropout rate: 2.9307603425178693e-09
Silencing rate: 7.836244657051914e-10
Sigma: 1.4929316943802846
Lambda: 0.003421591086885881
Initial point 4. Random seed: 588
Solving with ultrametric constraint
Optimal point found for initial point 4
Negative llh: 231.4037898040469
Dropout rate: 1.0000000000000007e-10
Silencing rate: 1.0000000000000002e-10
Sigma: 1.4932942691412376
Lambda: 0.0034212003121681673
Initial point 5. Random seed: 8200
Solving with ultrametric constraint
Optimal point found for initial point 5
Negative llh: 231.40381835232915
Dropout rate: 1e-10
Silencing rate: 1e-10
Sigma: 1.4930445398452925
Lambda: 0.0034241588234698744
Initial point 6. Random seed: 9613
Solving with ultrametric constraint
Optimal point found for initial point 6
Negative llh: 231.40395682288124
Dropout rate: 1e-10
Silencing rate: 1e-10
Sigma: 1.4932113451499132
Lambda: 0.0034200895139813556
Initial point 7. Random seed: 2602
Solving with ultrametric constraint
Optimal point found for initial point 7
Negative llh: 231.40394453745995
Dropout rate: 7.549865171574849e-10
Silencing rate: 2.5140510788963705e-10
Sigma: 1.492283103337302
Lambda: 0.0034212497681761576
Initial point 8. Random seed: 1111
Solving with ultrametric constraint
Optimal point found for initial point 8
Negative llh: 244.44316619745962
Dropout rate: 1e-10
Silencing rate: 1e-10
Sigma: 1.4179147855982548
Lambda: 0.0009774090438123173
Initial point 9. Random seed: 6227
Solving with ultrametric constraint
Optimal point found for initial point 9
Negative llh: 244.42761930462152
Dropout rate: 1.0000000000000007e-10
Silencing rate: 1.0000000000000002e-10
Sigma: 1.419731552429284
Lambda: 0.000978269435275711
Initial point 10. Random seed: 8483
Solving with ultrametric constraint
Optimal point found for initial point 10
Negative llh: 231.40383844686653
Dropout rate: 1e-10
Silencing rate: 1e-10
Sigma: 1.4934588006115523
Lambda: 0.003421370811378418
{'lambda_param': 0.0034212003121681673, 'phi': 1.0000000000000007e-10, 'nu': 1.0000000000000002e-10, 'sigma': 1.4932942691412376, 'locations': {'216_16': (382.0, 86.0), '216_15': (411.0, 75.0), '216_17': (402.0, 56.0), '216_18': (381.0, 40.0), '216_21': (321.0, 53.0), '216_20': (328.0, 73.0), '216_23': (354.0, 64.0), '216_22': (345.0, 78.0), '216_24': (309.0, 49.0), '216_7': (397.0, 87.0), '216_6': (425.0, 101.0), '216_1': (396.0, 164.0), '216_3': (417.0, 143.0), '216_14': (354.0, 46.0), '216_13': (336.0, 41.0), '216_12': (373.0, 48.0), '216_11': (367.0, 66.0), '216_10': (392.0, 71.0), '216_9': (381.0, 107.0), '216_8': (365.0, 120.0)}, 'radius': 7.0, 'thetas': {'213_6': 2.4592765530611347, '174_3': 8.2712230890165, '211_8': 8.175712804604204, '213_10': 3.4125385877611913, '175_5': 0.41686264283807295, '127_2': 1.0613696961219747, '176_1': 5.497766626689303, '177_3': 3.605285682771309, '132_1': 1.6476376043213643, '76_1': -2.199651734742103, '208_15': 2.1421489803722737, '175_9': 0.49810175002707807, '203_13': 1.234106461808011, '128_5': -13.42877876573672, '178_10': 0.6510740002120967, '181_9': 5.920639817307372, '135_5': 4.639448424734764, '78_3': 3.155736663016954, '24_1': 0.8335631227687345}}
Runtime (s): 1811.5726562300697
