Launching Problin version 0.5b
Problin was called as follow: /u/gh2161/Spatial-Division/problin/run_problin.py -c intmem_real_data/s19c2/characters.txt -t intmem_real_data/s19c2/true_tree.nwk --delimiter comma -p intmem_real_data/s19c2/prior.csv -o intmem_real_data/s19c2/problin.txt --nInitials 10 --ultrametric --randomreps 3 --solver Scipy
Optimization by generic solver (Scipy-SLSQP)
Optimizing branch lengths, phi, and nu without topology search
Initial point 1. Random seed: 5527
Solving with ultrametric constraint
Optimal point found for initial point 1
Negative llh: 52.24270502003659
Dropout rate: 3.4603376669761855e-10
Silencing rate: 1.7599832605469025e-10
Lambda: 0.0038886038069607244
Initial point 2. Random seed: 2955
Solving with ultrametric constraint
Optimal point found for initial point 2
Negative llh: 52.242705670771905
Dropout rate: 1e-10
Silencing rate: 1e-10
Lambda: 0.0038881126628002973
Initial point 3. Random seed: 1330
Solving with ultrametric constraint
Optimal point found for initial point 3
Negative llh: 52.2427050713206
Dropout rate: 9.999999999999996e-11
Silencing rate: 1.0000000000000002e-10
Lambda: 0.003888397368704781
Initial point 4. Random seed: 5098
Solving with ultrametric constraint
Optimal point found for initial point 4
Negative llh: 52.24270518477851
Dropout rate: 1e-10
Silencing rate: 1e-10
Lambda: 0.0038887728954912796
Initial point 5. Random seed: 1759
Solving with ultrametric constraint
Optimal point found for initial point 5
Negative llh: 65.76049250967856
Dropout rate: 9.999999999999996e-11
Silencing rate: 1e-10
Lambda: 0.000976723814188003
Initial point 6. Random seed: 2545
Solving with ultrametric constraint
Optimal point found for initial point 6
Negative llh: 65.76050502725342
Dropout rate: 1.2599154285204665e-09
Silencing rate: 2.6670074071095265e-10
Lambda: 0.0009767224094572665
Initial point 7. Random seed: 2931
Solving with ultrametric constraint
Optimal point found for initial point 7
Negative llh: 52.24270497117754
Dropout rate: 1e-10
Silencing rate: 1e-10
Lambda: 0.003888726019011184
Initial point 8. Random seed: 208
Solving with ultrametric constraint
Optimal point found for initial point 8
Negative llh: 52.242705211608936
Dropout rate: 2.1027206957071126e-10
Silencing rate: 1.3172811705551916e-10
Lambda: 0.0038891791168422455
Initial point 9. Random seed: 8323
Solving with ultrametric constraint
Optimal point found for initial point 9
Negative llh: 65.76097255601324
Dropout rate: 1.2626472400416834e-09
Silencing rate: 2.0941183186501754e-10
Lambda: 0.0009766907052783766
Initial point 10. Random seed: 9235
Solving with ultrametric constraint
Optimal point found for initial point 10
Negative llh: 52.242705148916876
Dropout rate: 5.422117698629887e-10
Silencing rate: 2.07184379475617e-10
Lambda: 0.0038887270619021607
{'phi': 1e-10, 'nu': 1e-10, 'lambda_param': 0.003888726019011184}
Runtime (s): 27.6262997277081
