Launching Problin version 0.5b
Problin was called as follow: /u/gh2161/Spatial-Division/problin/run_problin.py -c intmem_real_data/s4c6/characters.txt -t intmem_real_data/s4c6/true_tree.nwk --delimiter comma -p intmem_real_data/s4c6/prior.csv -o intmem_real_data/s4c6/problin.txt --nInitials 10 --ultrametric --randomreps 3 --solver Scipy
Optimization by generic solver (Scipy-SLSQP)
Optimizing branch lengths, phi, and nu without topology search
Initial point 1. Random seed: 4048
Solving with ultrametric constraint
Optimal point found for initial point 1
Negative llh: 33.18270033883532
Dropout rate: 4.836355780450757e-10
Silencing rate: 2.9327138853271963e-10
Lambda: 0.006108302827750604
Initial point 2. Random seed: 4100
Solving with ultrametric constraint
Optimal point found for initial point 2
Negative llh: 33.182700872017094
Dropout rate: 1.7041718383549736e-09
Silencing rate: 8.706129085281071e-10
Lambda: 0.00610685917127513
Initial point 3. Random seed: 2058
Solving with ultrametric constraint
Optimal point found for initial point 3
Negative llh: 33.182700484472846
Dropout rate: 5.675979463514409e-10
Silencing rate: 2.0626720034135344e-10
Lambda: 0.006108125383785287
Initial point 4. Random seed: 1561
Solving with ultrametric constraint
Optimal point found for initial point 4
Negative llh: 33.18270050000815
Dropout rate: 1.8524762638167496e-09
Silencing rate: 4.4038436026144627e-10
Lambda: 0.006108015627936845
Initial point 5. Random seed: 4805
Solving with ultrametric constraint
Optimal point found for initial point 5
Negative llh: 45.63673915719228
Dropout rate: 6.826259929522552e-10
Silencing rate: 1.6286258601414525e-10
Lambda: 0.000976789247442666
Initial point 6. Random seed: 3055
Solving with ultrametric constraint
Optimal point found for initial point 6
Negative llh: 33.18270021430078
Dropout rate: 1.234462082209658e-10
Silencing rate: 1.0313227551408552e-10
Lambda: 0.006107885238172356
Initial point 7. Random seed: 8430
Solving with ultrametric constraint
Optimal point found for initial point 7
Negative llh: 45.63673002702869
Dropout rate: 1.0000000000000002e-10
Silencing rate: 1e-10
Lambda: 0.0009767900645938968
Initial point 8. Random seed: 6165
Solving with ultrametric constraint
Optimal point found for initial point 8
Negative llh: 33.18270049622114
Dropout rate: 8.587338389783088e-10
Silencing rate: 4.875363778617665e-10
Lambda: 0.006107390402199149
Initial point 9. Random seed: 4876
Solving with ultrametric constraint
Optimal point found for initial point 9
Negative llh: 33.182700323962536
Dropout rate: 1e-10
Silencing rate: 1e-10
Lambda: 0.006107406128005755
Initial point 10. Random seed: 3881
Solving with ultrametric constraint
Optimal point found for initial point 10
Negative llh: 33.18270020775756
Dropout rate: 1e-10
Silencing rate: 1e-10
Lambda: 0.0061077713742516415
{'phi': 1e-10, 'nu': 1e-10, 'lambda_param': 0.0061077713742516415}
Runtime (s): 50.93812103290111
