Launching Problin version 0.5b
Problin was called as follow: /u/gh2161/Spatial-Division/problin/run_problin.py -c real_location_data/s8c3/k10_r1_character_matrix.csv -t real_location_data/s8c3/true_tree.nwk -S real_location_data/s8c3/leaf_locations.txt --delimiter comma -p real_location_data/s8c3/k10_priors.csv -o real_location_data/s8c3/k10_r1_spalin-divide-beta1.txt --nInitials 10 --ultrametric --randomreps 3 --divide --radius 1
Optimization by Spalin-Divide: Scipy-SLSQP using spatial information
Optimizing branch lengths, phi, and nu without topology search
Initial point 1. Random seed: 3544
Solving with ultrametric constraint
Optimal point found for initial point 1
Negative llh: 189.35632523730288
Dropout rate: 1.0000000000000002e-10
Silencing rate: 1e-10
Sigma: 1.4313636996810888
Initial point 2. Random seed: 3039
Solving with ultrametric constraint
Optimal point found for initial point 2
Negative llh: 357692.4378142613
Dropout rate: 3.77939793531294e-06
Silencing rate: 0.7242176814393092
Sigma: 10.87197652090581
Initial point 3. Random seed: 8231
Solving with ultrametric constraint
Optimal point found for initial point 3
Negative llh: 189.35616599788165
Dropout rate: 1e-10
Silencing rate: 1e-10
Sigma: 1.4307356762432601
Initial point 4. Random seed: 8786
Solving with ultrametric constraint
Optimal point found for initial point 4
Negative llh: 189.35615463123588
Dropout rate: 6.57142279762511e-10
Silencing rate: 4.246025331551393e-10
Sigma: 1.4312546803206068
Initial point 5. Random seed: 7291
Solving with ultrametric constraint
Optimal point found for initial point 5
Negative llh: 189.35628908010864
Dropout rate: 4.0721274563206096e-09
Silencing rate: 7.020595358054963e-08
Sigma: 1.4310063922225322
Initial point 6. Random seed: 3065
Solving with ultrametric constraint
Optimal point found for initial point 6
Negative llh: 189.35725622572141
Dropout rate: 1.0000000000000007e-10
Silencing rate: 9.999999999999428e-11
Sigma: 1.4320727713341863
Initial point 7. Random seed: 9639
Solving with ultrametric constraint
Optimal point found for initial point 7
Negative llh: 189.35633310007668
Dropout rate: 1.1183386729640257e-09
Silencing rate: 6.552112129365934e-10
Sigma: 1.4305680100447506
Initial point 8. Random seed: 7057
Solving with ultrametric constraint
Optimal point found for initial point 8
Negative llh: 189.35675474466498
Dropout rate: 1.5031408273782775e-10
Silencing rate: 5.823675078208157e-10
Sigma: 1.4316230063099509
Initial point 9. Random seed: 3508
Solving with ultrametric constraint
Optimal point found for initial point 9
Negative llh: 189.3563530777334
Dropout rate: 1.0000000000000007e-10
Silencing rate: 9.999999999999996e-11
Sigma: 1.4313119816641084
Initial point 10. Random seed: 8668
Solving with ultrametric constraint
Optimal point found for initial point 10
Negative llh: 189.35675043736342
Dropout rate: 8.709291990736613e-10
Silencing rate: 2.895119061564316e-10
Sigma: 1.4318514825249733
Runtime (s): 541.097937328741
