Launching Problin version 0.5b
Problin was called as follow: /u/gh2161/Spatial-Division/problin/run_problin.py -c real_location_data/s8c3/k10_r3_character_matrix.csv -t real_location_data/s8c3/true_tree.nwk -S real_location_data/s8c3/leaf_locations.txt --delimiter comma -p real_location_data/s8c3/k10_priors.csv -o real_location_data/s8c3/k10_r3_spalin-divide-beta1.txt --nInitials 10 --ultrametric --randomreps 3 --divide --radius 1
Optimization by Spalin-Divide: Scipy-SLSQP using spatial information
Optimizing branch lengths, phi, and nu without topology search
Initial point 1. Random seed: 7449
Solving with ultrametric constraint
Optimal point found for initial point 1
Negative llh: 181.15678098559988
Dropout rate: 6.603562690507733e-10
Silencing rate: 1.0018596925304031e-10
Sigma: 1.5239153852341891
Initial point 2. Random seed: 5181
Solving with ultrametric constraint
Optimal point found for initial point 2
Negative llh: 181.15730574984684
Dropout rate: 6.153068371079082e-10
Silencing rate: 1.3204308251029594e-10
Sigma: 1.5238604326244911
Initial point 3. Random seed: 5340
Solving with ultrametric constraint
Optimal point found for initial point 3
Negative llh: 181.1568269014653
Dropout rate: 9.999999999999996e-11
Silencing rate: 1e-10
Sigma: 1.5238927263323125
Initial point 4. Random seed: 7878
Solving with ultrametric constraint
Optimal point found for initial point 4
Negative llh: 181.15683926873464
Dropout rate: 1e-10
Silencing rate: 1e-10
Sigma: 1.5242483419238897
Initial point 5. Random seed: 6542
Solving with ultrametric constraint
Optimal point found for initial point 5
Negative llh: 191.10992826833055
Dropout rate: 4.833634656975167e-10
Silencing rate: 1.404641785154291e-10
Sigma: 1.3571781537183771
Initial point 6. Random seed: 9284
Solving with ultrametric constraint
Optimal point found for initial point 6
Negative llh: 181.1568015597707
Dropout rate: 5.756896773824588e-10
Silencing rate: 2.3315840451480416e-10
Sigma: 1.5235827096923387
Initial point 7. Random seed: 8284
Solving with ultrametric constraint
Optimal point found for initial point 7
Negative llh: 181.15678115292502
Dropout rate: 6.174218341909305e-10
Silencing rate: 2.3749912148603717e-10
Sigma: 1.5239228710136348
Initial point 8. Random seed: 4316
Solving with ultrametric constraint
Optimal point found for initial point 8
Negative llh: 181.15699269395702
Dropout rate: 1.2115306522474905e-10
Silencing rate: 1.0004463432176812e-10
Sigma: 1.5241021903103966
Initial point 9. Random seed: 1596
Solving with ultrametric constraint
Optimal point found for initial point 9
Negative llh: 181.1569101113535
Dropout rate: 5.570879114625885e-10
Silencing rate: 2.190469840034193e-10
Sigma: 1.5240264034432556
Initial point 10. Random seed: 7538
Solving with ultrametric constraint
Optimal point found for initial point 10
Negative llh: 181.15694231163386
Dropout rate: 5.90045499562806e-10
Silencing rate: 2.349969952892067e-10
Sigma: 1.5234005028256354
Runtime (s): 510.951840698719
