Launching Problin version 0.5b
Problin was called as follow: /u/gh2161/Spatial-Division/problin/run_problin.py -c real_location_data/s8c3/k10_r1_character_matrix.csv -t real_location_data/s8c3/true_tree.nwk --delimiter comma -p real_location_data/s8c3/k10_priors.csv -o real_location_data/s8c3/k10_r1_problin.txt --nInitials 10 --ultrametric --randomreps 3 --solver Scipy
Optimization by generic solver (Scipy-SLSQP)
Optimizing branch lengths, phi, and nu without topology search
Initial point 1. Random seed: 8386
Solving with ultrametric constraint
Optimal point found for initial point 1
Negative llh: 66.83211618344436
Dropout rate: 1e-10
Silencing rate: 1e-10
Lambda: 0.006962158823933202
Initial point 2. Random seed: 7096
Solving with ultrametric constraint
Optimal point found for initial point 2
Negative llh: 66.83185064855589
Dropout rate: 1.0000036937421964e-10
Silencing rate: 1.0000019237619024e-10
Lambda: 0.006960562477229657
Initial point 3. Random seed: 7882
Solving with ultrametric constraint
Optimal point found for initial point 3
Negative llh: 66.83184992432182
Dropout rate: 1.0000092590712266e-10
Silencing rate: 1.0000048197950034e-10
Lambda: 0.0069605714416795875
Initial point 4. Random seed: 7146
Solving with ultrametric constraint
Optimal point found for initial point 4
Negative llh: 66.8318499243235
Dropout rate: 1e-10
Silencing rate: 1e-10
Lambda: 0.006960567049542134
Initial point 5. Random seed: 4384
Solving with ultrametric constraint
Optimal point found for initial point 5
Negative llh: 66.83197112767131
Dropout rate: 1e-10
Silencing rate: 1e-10
Lambda: 0.00696069168642104
Initial point 6. Random seed: 1959
Solving with ultrametric constraint
Optimal point found for initial point 6
Negative llh: 66.83185013049706
Dropout rate: 1.109843326277866e-09
Silencing rate: 7.242772112759764e-10
Lambda: 0.006960593764669319
Initial point 7. Random seed: 8254
Solving with ultrametric constraint
Optimal point found for initial point 7
Negative llh: 66.83185024587213
Dropout rate: 1.1009463939276145e-09
Silencing rate: 8.06093018819001e-10
Lambda: 0.006960178587305076
Initial point 8. Random seed: 8446
Solving with ultrametric constraint
Optimal point found for initial point 8
Negative llh: 66.83192491683059
Dropout rate: 1e-10
Silencing rate: 1e-10
Lambda: 0.006960846903518387
Initial point 9. Random seed: 5124
Solving with ultrametric constraint
Optimal point found for initial point 9
Negative llh: 66.8318531556497
Dropout rate: 1e-10
Silencing rate: 1e-10
Lambda: 0.006960803939854928
Initial point 10. Random seed: 5792
Solving with ultrametric constraint
Optimal point found for initial point 10
Negative llh: 66.83188748849113
Dropout rate: 1e-10
Silencing rate: 1e-10
Lambda: 0.006962020772809849
{'phi': 1.0000092590712266e-10, 'nu': 1.0000048197950034e-10, 'lambda_param': 0.0069605714416795875}
Runtime (s): 58.1283262539655
