Launching Problin version 0.5b
Problin was called as follow: /u/gh2161/Spatial-Division/problin/run_problin.py -c real_location_data/s8c3/k10_r4_character_matrix.csv -t real_location_data/s8c3/true_tree.nwk --delimiter comma -p real_location_data/s8c3/k10_priors.csv -o real_location_data/s8c3/k10_r4_problin.txt --nInitials 10 --ultrametric --randomreps 3 --solver Scipy
Optimization by generic solver (Scipy-SLSQP)
Optimizing branch lengths, phi, and nu without topology search
Initial point 1. Random seed: 4868
Solving with ultrametric constraint
Optimal point found for initial point 1
Negative llh: 82.08872947493066
Dropout rate: 1e-10
Silencing rate: 1e-10
Lambda: 0.0009768325519166608
Initial point 2. Random seed: 3736
Solving with ultrametric constraint
Optimal point found for initial point 2
Negative llh: 82.08906044328727
Dropout rate: 8.288955060416388e-10
Silencing rate: 3.184570211241063e-10
Lambda: 0.000976828506794184
Initial point 3. Random seed: 8190
Solving with ultrametric constraint
Optimal point found for initial point 3
Negative llh: 62.83042838180015
Dropout rate: 1.4569901552970181e-09
Silencing rate: 1.0055412928103891e-09
Lambda: 0.0052471171841673514
Initial point 4. Random seed: 5888
Solving with ultrametric constraint
Optimal point found for initial point 4
Negative llh: 62.83140542071018
Dropout rate: 1.8408791609412043e-09
Silencing rate: 9.512392764470442e-10
Lambda: 0.005243461031385875
Initial point 5. Random seed: 1140
Solving with ultrametric constraint
Optimal point found for initial point 5
Negative llh: 82.0886794682571
Dropout rate: 1.7646194263376255e-10
Silencing rate: 1.1296497234846619e-10
Lambda: 0.000976836093712234
Initial point 6. Random seed: 9609
Solving with ultrametric constraint
Optimal point found for initial point 6
Negative llh: 82.08860384306143
Dropout rate: 4.2954466185569096e-10
Silencing rate: 1.4128804662370605e-10
Lambda: 0.0009768383944132675
Initial point 7. Random seed: 8283
Solving with ultrametric constraint
Optimal point found for initial point 7
Negative llh: 62.83104274856962
Dropout rate: 8.874910622332435e-10
Silencing rate: 4.3783463957496525e-10
Lambda: 0.005247525215961488
Initial point 8. Random seed: 1501
Solving with ultrametric constraint
Optimal point found for initial point 8
Negative llh: 82.0887208000092
Dropout rate: 1e-10
Silencing rate: 1e-10
Lambda: 0.000976835094826409
Initial point 9. Random seed: 2166
Solving with ultrametric constraint
Optimal point found for initial point 9
Negative llh: 82.08861585954647
Dropout rate: 1e-10
Silencing rate: 1e-10
Lambda: 0.0009768380460212348
Initial point 10. Random seed: 3352
Solving with ultrametric constraint
Optimal point found for initial point 10
Negative llh: 82.08861772758084
Dropout rate: 1e-10
Silencing rate: 1e-10
Lambda: 0.0009768371628231093
{'phi': 1.4569901552970181e-09, 'nu': 1.0055412928103891e-09, 'lambda_param': 0.0052471171841673514}
Runtime (s): 35.535033924505115
