Launching Problin version 0.5b
Problin was called as follow: /u/gh2161/Spatial-Division/problin/run_problin.py -c real_location_data/s8c3/k10_r3_character_matrix.csv -t real_location_data/s8c3/true_tree.nwk -S real_location_data/s8c3/leaf_locations.txt --delimiter comma -p real_location_data/s8c3/k10_priors.csv -o real_location_data/s8c3/k10_r3_spalin-divide-beta8.txt --nInitials 10 --ultrametric --randomreps 3 --divide --given_beta 8 --incl_beta_bound
Optimization by Spalin-Divide: Scipy-SLSQP using spatial information
Optimizing branch lengths, phi, and nu without topology search
Initial point 1. Random seed: 9684
Solving with ultrametric constraint
Optimal point found for initial point 1
Negative llh: 149.0815080160944
Dropout rate: 1.4626593897034321e-10
Silencing rate: 1.1361011046357763e-10
Sigma: 3.693194712506804
Initial point 2. Random seed: 9516
Solving with ultrametric constraint
Optimal point found for initial point 2
Negative llh: 149.08150702861116
Dropout rate: 1.0000000000000007e-10
Silencing rate: 1.0000000000000002e-10
Sigma: 3.693198584280708
Initial point 3. Random seed: 1179
Solving with ultrametric constraint
Optimal point found for initial point 3
Negative llh: 149.08150713622547
Dropout rate: 1.603472266117315e-10
Silencing rate: 1.1611892349141544e-10
Sigma: 3.693160940269518
Initial point 4. Random seed: 8760
Solving with ultrametric constraint
Optimal point found for initial point 4
Negative llh: 149.0815070348847
Dropout rate: 1.4615815797889927e-10
Silencing rate: 1.1353780059608742e-10
Sigma: 3.69315422123628
Initial point 5. Random seed: 4566
Solving with ultrametric constraint
Fatal: failed to optimize using initial point 5
Initial point 6. Random seed: 1338
Solving with ultrametric constraint
Optimal point found for initial point 6
Negative llh: 149.08150842821124
Dropout rate: 1.0000000000000007e-10
Silencing rate: 1.0000000000000007e-10
Sigma: 3.6929924662580484
Initial point 7. Random seed: 5084
Solving with ultrametric constraint
Optimal point found for initial point 7
Negative llh: 149.08150706921643
Dropout rate: 1.0000000000000006e-10
Silencing rate: 1.0000000000000002e-10
Sigma: 3.693177777123494
Initial point 8. Random seed: 9155
Solving with ultrametric constraint
Optimal point found for initial point 8
Negative llh: 149.08150706214778
Dropout rate: 4.122211578142488e-10
Silencing rate: 1.9838227386996809e-10
Sigma: 3.693215702948573
Initial point 9. Random seed: 4399
Solving with ultrametric constraint
Optimal point found for initial point 9
Negative llh: 149.08150698464422
Dropout rate: 1.0000000000000002e-10
Silencing rate: 1e-10
Sigma: 3.6932106181140183
Initial point 10. Random seed: 6583
Solving with ultrametric constraint
Optimal point found for initial point 10
Negative llh: 149.08150710472705
Dropout rate: 4.876760147946423e-10
Silencing rate: 2.1920297391576784e-10
Sigma: 3.693220035944809
Runtime (s): 445.19341526087373
