Launching Problin version 0.5b
Problin was called as follow: /u/gh2161/Spatial-Division/problin/run_problin.py -c real_location_data/s8c3/k10_r5_character_matrix.csv -t real_location_data/s8c3/true_tree.nwk -S real_location_data/s8c3/leaf_locations.txt --delimiter comma -p real_location_data/s8c3/k10_priors.csv -o real_location_data/s8c3/k10_r5_spalin.txt --nInitials 10 --ultrametric --randomreps 3
Optimization by Spalin: Scipy-SLSQP using spatial information
Optimizing branch lengths, phi, and nu without topology search
Initial point 1. Random seed: 1694
Solving with ultrametric constraint
Optimal point found for initial point 1
Negative llh: 163.52116475242775
Dropout rate: 8.922825022836177e-10
Silencing rate: 3.7578970149173685e-10
Sigma: 2.3005291190942376
Lambda: 0.0037714404988178686
Initial point 2. Random seed: 6485
Solving with ultrametric constraint
Optimal point found for initial point 2
Negative llh: 163.52040371904644
Dropout rate: 5.456943785872758e-10
Silencing rate: 2.1845911680255764e-10
Sigma: 2.302998050509661
Lambda: 0.003779033861105309
Initial point 3. Random seed: 4020
Solving with ultrametric constraint
Optimal point found for initial point 3
Negative llh: 163.52040393639825
Dropout rate: 1e-10
Silencing rate: 1e-10
Sigma: 2.3030099891004867
Lambda: 0.003779357971041974
Initial point 4. Random seed: 6671
Solving with ultrametric constraint
Optimal point found for initial point 4
Negative llh: 163.52042779527727
Dropout rate: 1e-10
Silencing rate: 1e-10
Sigma: 2.3031224895804465
Lambda: 0.003780243670046383
Initial point 5. Random seed: 7061
Solving with ultrametric constraint
Optimal point found for initial point 5
Negative llh: 174.627380121084
Dropout rate: 6.451665223552989e-10
Silencing rate: 2.2062619750696208e-10
Sigma: 1.8998086456773242
Lambda: 0.0009768679335860574
Initial point 6. Random seed: 6647
Solving with ultrametric constraint
Optimal point found for initial point 6
Negative llh: 163.5208279979015
Dropout rate: 1e-10
Silencing rate: 1e-10
Sigma: 2.3033489149587454
Lambda: 0.0037741171197817076
Initial point 7. Random seed: 4877
Solving with ultrametric constraint
Optimal point found for initial point 7
Negative llh: 163.5204041320323
Dropout rate: 2.137584007596837e-10
Silencing rate: 1.2990482129722243e-10
Sigma: 2.3029528089263733
Lambda: 0.00377943396117423
Initial point 8. Random seed: 7577
Solving with ultrametric constraint
Optimal point found for initial point 8
Negative llh: 163.52043200193987
Dropout rate: 4.3568537533682076e-10
Silencing rate: 2.973810421927887e-10
Sigma: 2.302364200772014
Lambda: 0.0037772481335567234
Initial point 9. Random seed: 4632
Solving with ultrametric constraint
Optimal point found for initial point 9
Negative llh: 174.63022672953713
Dropout rate: 1.0000000000000002e-10
Silencing rate: 1e-10
Sigma: 1.8974000167112985
Lambda: 0.0009767074643618732
Initial point 10. Random seed: 7111
Solving with ultrametric constraint
Optimal point found for initial point 10
Negative llh: 163.5207193866355
Dropout rate: 1.0000000000000007e-10
Silencing rate: 1.0000000000000002e-10
Sigma: 2.3039600862112946
Lambda: 0.0037875217274872435
{'lambda_param': 0.003779033861105309, 'phi': 5.456943785872758e-10, 'nu': 2.1845911680255764e-10, 'sigma': 2.302998050509661, 'locations': {'216_15': (304.0, 361.0), '216_14': (320.0, 365.0), '216_13': (291.0, 372.0), '216_12': (302.0, 381.0), '216_11': (273.0, 391.0), '216_10': (252.0, 417.0), '216_9': (266.0, 425.0), '216_6': (296.0, 363.0), '216_5': (319.0, 373.0), '216_8': (286.0, 389.0), '216_7': (305.0, 393.0), '216_2': (272.0, 407.0), '216_1': (282.0, 432.0), '216_4': (283.0, 403.0), '216_3': (313.0, 419.0)}}
Runtime (s): 136.2804385367781
