Launching Problin version 0.5b
Problin was called as follow: /u/gh2161/Spatial-Division/problin/run_problin.py -c real_location_data/s8c3/k10_r3_character_matrix.csv -t real_location_data/s8c3/true_tree.nwk -S real_location_data/s8c3/leaf_locations.txt --delimiter comma -p real_location_data/s8c3/k10_priors.csv -o real_location_data/s8c3/k10_r3_spalin-divide-beta20.txt --nInitials 10 --ultrametric --randomreps 3 --divide --given_beta 20 --incl_beta_bound
Optimization by Spalin-Divide: Scipy-SLSQP using spatial information
Optimizing branch lengths, phi, and nu without topology search
Initial point 1. Random seed: 4566
Solving with ultrametric constraint
Optimal point found for initial point 1
Negative llh: 174.36463489842617
Dropout rate: 4.903907744027454e-10
Silencing rate: 1.5893353286543527e-10
Sigma: 4.868762495051074
Initial point 2. Random seed: 5144
Solving with ultrametric constraint
Optimal point found for initial point 2
Negative llh: 174.3646346008254
Dropout rate: 1.2784906150057962e-09
Silencing rate: 6.428367504009014e-10
Sigma: 4.868794420144243
Initial point 3. Random seed: 502
Solving with ultrametric constraint
Optimal point found for initial point 3
Negative llh: 174.3646365817068
Dropout rate: 1.0161575226687986e-09
Silencing rate: 3.5486138010097414e-10
Sigma: 4.868458976314329
Initial point 4. Random seed: 1846
Solving with ultrametric constraint
Optimal point found for initial point 4
Negative llh: 174.364643999119
Dropout rate: 4.849507617986756e-10
Silencing rate: 4.3972605240526614e-10
Sigma: 4.868746729618023
Initial point 5. Random seed: 3685
Solving with ultrametric constraint
Optimal point found for initial point 5
Negative llh: 174.36463505314958
Dropout rate: 2.423326940670941e-10
Silencing rate: 1.4403773124110962e-10
Sigma: 4.8689108517153
Initial point 6. Random seed: 1189
Solving with ultrametric constraint
Optimal point found for initial point 6
Negative llh: 174.36463290947825
Dropout rate: 1.1838065126564527e-09
Silencing rate: 4.830552686841535e-10
Sigma: 4.868677356020505
Initial point 7. Random seed: 963
Solving with ultrametric constraint
Optimal point found for initial point 7
Negative llh: 174.3646349803211
Dropout rate: 1e-10
Silencing rate: 1e-10
Sigma: 4.869453178885323
Initial point 8. Random seed: 7214
Solving with ultrametric constraint
Optimal point found for initial point 8
Negative llh: 174.3646346330275
Dropout rate: 1e-10
Silencing rate: 1e-10
Sigma: 4.868640724757851
Initial point 9. Random seed: 5099
Solving with ultrametric constraint
Optimal point found for initial point 9
Negative llh: 174.36463200250242
Dropout rate: 1.0000000000000007e-10
Silencing rate: 1.0000000000000007e-10
Sigma: 4.86910477024994
Initial point 10. Random seed: 9428
Solving with ultrametric constraint
Optimal point found for initial point 10
Negative llh: 174.36464967566172
Dropout rate: 1.0675922467644552e-09
Silencing rate: 5.752203508976755e-10
Sigma: 4.869461070071342
Runtime (s): 594.8079529255629
