Launching Problin version 0.5b
Problin was called as follow: /u/gh2161/Spatial-Division/problin/run_problin.py -c intmem_real_data/s18c1/characters.txt -t intmem_real_data/s18c1/true_tree.nwk --delimiter comma -p intmem_real_data/s18c1/prior.csv -o intmem_real_data/s18c1/problin.txt --nInitials 10 --ultrametric --randomreps 3 --solver Scipy
Optimization by generic solver (Scipy-SLSQP)
Optimizing branch lengths, phi, and nu without topology search
Initial point 1. Random seed: 7126
Solving with ultrametric constraint
Optimal point found for initial point 1
Negative llh: 87.75214797576442
Dropout rate: 3.592808873547757e-10
Silencing rate: 2.218338093524227e-10
Lambda: 0.004403175101571991
Initial point 2. Random seed: 4197
Solving with ultrametric constraint
Optimal point found for initial point 2
Negative llh: 87.75214781000705
Dropout rate: 2.574488037523631e-10
Silencing rate: 1.8067707290574236e-10
Lambda: 0.0044032791139524815
Initial point 3. Random seed: 4963
Solving with ultrametric constraint
Optimal point found for initial point 3
Negative llh: 87.75218184018486
Dropout rate: 7.011955613937955e-10
Silencing rate: 4.737001507188696e-10
Lambda: 0.004402039249743699
Initial point 4. Random seed: 9774
Solving with ultrametric constraint
Optimal point found for initial point 4
Negative llh: 87.75241138878681
Dropout rate: 1e-10
Silencing rate: 1e-10
Lambda: 0.004402804656439558
Initial point 5. Random seed: 8623
Solving with ultrametric constraint
Optimal point found for initial point 5
Negative llh: 87.75214795239428
Dropout rate: 8.560663122081876e-10
Silencing rate: 6.388332397232269e-10
Lambda: 0.004403321824912464
Initial point 6. Random seed: 5977
Solving with ultrametric constraint
Optimal point found for initial point 6
Negative llh: 87.75214801065967
Dropout rate: 2.454496162272826e-10
Silencing rate: 1.7488872327530967e-10
Lambda: 0.004403804416229675
Initial point 7. Random seed: 2324
Solving with ultrametric constraint
Optimal point found for initial point 7
Negative llh: 87.75214803500145
Dropout rate: 1.291662158475615e-09
Silencing rate: 5.912503472505448e-10
Lambda: 0.004403503078223245
Initial point 8. Random seed: 8679
Solving with ultrametric constraint
Optimal point found for initial point 8
Negative llh: 87.75214774056477
Dropout rate: 1e-10
Silencing rate: 1e-10
Lambda: 0.004403317825771343
Initial point 9. Random seed: 8120
Solving with ultrametric constraint
Optimal point found for initial point 9
Negative llh: 87.75214788555013
Dropout rate: 2.9287393206835424e-10
Silencing rate: 1.7771104020177818e-10
Lambda: 0.004403326737517025
Initial point 10. Random seed: 3203
Solving with ultrametric constraint
Optimal point found for initial point 10
Negative llh: 87.75214777424074
Dropout rate: 1.0000000000000007e-10
Silencing rate: 9.999999999999996e-11
Lambda: 0.004403113744450017
{'phi': 1e-10, 'nu': 1e-10, 'lambda_param': 0.004403317825771343}
Runtime (s): 38.75690973736346
