Launching Problin version 0.5b
Problin was called as follow: /u/gh2161/Spatial-Division/problin/run_problin.py -c intmem_real_data/s4c5/characters.txt -t intmem_real_data/s4c5/true_tree.nwk --delimiter comma -p intmem_real_data/s4c5/prior.csv -o intmem_real_data/s4c5/problin.txt --nInitials 10 --ultrametric --randomreps 3 --solver Scipy
Optimization by generic solver (Scipy-SLSQP)
Optimizing branch lengths, phi, and nu without topology search
Initial point 1. Random seed: 7779
Solving with ultrametric constraint
Optimal point found for initial point 1
Negative llh: 68.93274922615785
Dropout rate: 1e-10
Silencing rate: 1e-10
Lambda: 0.0009766823524159584
Initial point 2. Random seed: 6573
Solving with ultrametric constraint
Optimal point found for initial point 2
Negative llh: 44.308682398498014
Dropout rate: 1.0000000000000002e-10
Silencing rate: 1e-10
Lambda: 0.007585638051268251
Initial point 3. Random seed: 2899
Solving with ultrametric constraint
Optimal point found for initial point 3
Negative llh: 44.30868210687139
Dropout rate: 1e-10
Silencing rate: 1e-10
Lambda: 0.007585385668829562
Initial point 4. Random seed: 212
Solving with ultrametric constraint
Optimal point found for initial point 4
Negative llh: 44.30868257310215
Dropout rate: 3.8094366940479665e-10
Silencing rate: 2.8117378859192074e-10
Lambda: 0.007584828724398579
Initial point 5. Random seed: 1129
Solving with ultrametric constraint
Optimal point found for initial point 5
Negative llh: 44.30868229364454
Dropout rate: 2.772594766849449e-10
Silencing rate: 2.1678324050368802e-10
Lambda: 0.007585800537580868
Initial point 6. Random seed: 2329
Solving with ultrametric constraint
Optimal point found for initial point 6
Negative llh: 68.93192886767173
Dropout rate: 1.0000000000000002e-10
Silencing rate: 1e-10
Lambda: 0.0009767174442747884
Initial point 7. Random seed: 5784
Solving with ultrametric constraint
Optimal point found for initial point 7
Negative llh: 44.308682097825006
Dropout rate: 1e-10
Silencing rate: 1e-10
Lambda: 0.007584998661238112
Initial point 8. Random seed: 4514
Solving with ultrametric constraint
Optimal point found for initial point 8
Negative llh: 44.308682230007626
Dropout rate: 2.0065698919959798e-10
Silencing rate: 1.5738401029127894e-10
Lambda: 0.007585039617835492
Initial point 9. Random seed: 5496
Solving with ultrametric constraint
Optimal point found for initial point 9
Negative llh: 68.9321634202385
Dropout rate: 1e-10
Silencing rate: 1e-10
Lambda: 0.0009767043797006523
Initial point 10. Random seed: 9577
Solving with ultrametric constraint
Optimal point found for initial point 10
Negative llh: 68.9325865762989
Dropout rate: 1.0000000000000002e-10
Silencing rate: 1e-10
Lambda: 0.0009766828024282183
{'phi': 1e-10, 'nu': 1e-10, 'lambda_param': 0.007584998661238112}
Runtime (s): 16.12322659417987
