Launching Problin version 0.5b
Problin was called as follow: /u/gh2161/Spatial-Division/problin/run_problin.py -c real_location_data/s2c10/k10_r1_character_matrix.csv -t real_location_data/s2c10/true_tree.nwk -S real_location_data/s2c10/leaf_locations.txt --delimiter comma -p real_location_data/s2c10/k10_priors.csv -o real_location_data/s2c10/k10_r1_spalin-divide-ignore-beta.txt --nInitials 10 --ultrametric --randomreps 3 --divide
Optimization by Spalin-Divide: Scipy-SLSQP using spatial information
Optimizing branch lengths, phi, and nu without topology search
We need to optimize the radius
Initial point 1. Random seed: 467
Solving with ultrametric constraint
Optimal point found for initial point 1
Negative llh: 144.4201391492539
Dropout rate: 1.0000000000000002e-10
Silencing rate: 1.0000000000000002e-10
Sigma: 1.2512733671753775
Lambda: 0.005559006135924548
Initial point 2. Random seed: 1412
Solving with ultrametric constraint
Optimal point found for initial point 2
Negative llh: 164.6111539490636
Dropout rate: 1e-10
Silencing rate: 1e-10
Sigma: 1.191149102110889
Lambda: 0.0009767482350519568
Initial point 3. Random seed: 715
Solving with ultrametric constraint
Optimal point found for initial point 3
Negative llh: 164.61187077771663
Dropout rate: 6.282507595910616e-10
Silencing rate: 2.156844177761398e-10
Sigma: 1.1908384041608862
Lambda: 0.000976717120936656
Initial point 4. Random seed: 8545
Solving with ultrametric constraint
Optimal point found for initial point 4
Negative llh: 144.42013914158886
Dropout rate: 1e-10
Silencing rate: 1e-10
Sigma: 1.2512719918661563
Lambda: 0.005559054931352811
Initial point 5. Random seed: 1162
Solving with ultrametric constraint
Optimal point found for initial point 5
Negative llh: 164.6052900589333
Dropout rate: 3.868686743169034e-10
Silencing rate: 1.866989760452762e-10
Sigma: 1.1911947697560459
Lambda: 0.000977058070111566
Initial point 6. Random seed: 4061
Solving with ultrametric constraint
Optimal point found for initial point 6
Negative llh: 144.42013917186625
Dropout rate: 1.0000000000000002e-10
Silencing rate: 1.0000000000000002e-10
Sigma: 1.2512741708404365
Lambda: 0.005559020181045241
Initial point 7. Random seed: 369
Solving with ultrametric constraint
Optimal point found for initial point 7
Negative llh: 144.42013955961485
Dropout rate: 9.999999999999996e-11
Silencing rate: 1.0000000000000002e-10
Sigma: 1.2513127609587684
Lambda: 0.005559291161200591
Initial point 8. Random seed: 3906
Solving with ultrametric constraint
Optimal point found for initial point 8
Negative llh: 144.4201859968312
Dropout rate: 3.7073261281528757e-10
Silencing rate: 2.517468326868873e-10
Sigma: 1.251147784039423
Lambda: 0.005560792419236029
Initial point 9. Random seed: 6536
Solving with ultrametric constraint
Optimal point found for initial point 9
Negative llh: 144.42013926470193
Dropout rate: 8.444512140114907e-10
Silencing rate: 5.341702955865012e-10
Sigma: 1.2512656374627802
Lambda: 0.005558855599781103
Initial point 10. Random seed: 5509
Solving with ultrametric constraint
Optimal point found for initial point 10
Negative llh: 164.61244440424753
Dropout rate: 4.6234611946801605e-10
Silencing rate: 1.8239049831173087e-10
Sigma: 1.1908735638521883
Lambda: 0.0009766960973161371
{'lambda_param': 0.005559054931352811, 'phi': 1e-10, 'nu': 1e-10, 'sigma': 1.2512719918661563, 'locations': {'216_13': (210.0, 280.0), '216_15': (180.0, 220.0), '216_14': (219.0, 214.0), '216_11': (206.0, 338.0), '216_10': (191.0, 310.0), '216_9': (146.0, 326.0), '216_6': (155.0, 313.0), '216_5': (171.0, 327.0), '216_2': (213.0, 321.0), '216_1': (200.0, 319.0), '216_4': (182.0, 282.0), '216_3': (176.0, 305.0)}, 'radius': 11.689114147398971, 'thetas': {'207_2': 1.825978393984652, '209_1': 3.2942435679067095, '165_1': 3.910410027644351, '210_5': 0.7188293665806642, '120_1': 5.947401332306943, '177_5': 2.7999705431477193, '123_3': 3.5846791723884732, '70_1': -2.4214857339136064, '179_9': 6.130568055166204, '129_5': 4.5598841880109635, '23_1': 1.8621066034328644}}
Runtime (s): 243.8100895024836
