Launching Problin version 0.5b
Problin was called as follow: /u/gh2161/Spatial-Division/problin/run_problin.py -c real_location_data/s2c10/k10_r5_character_matrix.csv -t real_location_data/s2c10/true_tree.nwk -S real_location_data/s2c10/leaf_locations.txt --delimiter comma -p real_location_data/s2c10/k10_priors.csv -o real_location_data/s2c10/k10_r5_spalin-divide-beta05.txt --nInitials 10 --ultrametric --randomreps 3 --divide --radius 0.5
Optimization by Spalin-Divide: Scipy-SLSQP using spatial information
Optimizing branch lengths, phi, and nu without topology search
Initial point 1. Random seed: 1281
Solving with ultrametric constraint
Optimal point found for initial point 1
Negative llh: 167.6793693532985
Dropout rate: 6.624862533621202e-10
Silencing rate: 4.1296446477229323e-10
Sigma: 1.6942432376009926
Initial point 2. Random seed: 7099
Solving with ultrametric constraint
Optimal point found for initial point 2
Negative llh: 167.67936976413165
Dropout rate: 1e-10
Silencing rate: 1e-10
Sigma: 1.6942438898673435
Initial point 3. Random seed: 7453
Solving with ultrametric constraint
Optimal point found for initial point 3
Negative llh: 191.68960348978038
Dropout rate: 1e-10
Silencing rate: 1e-10
Sigma: 1.5998553359217698
Initial point 4. Random seed: 5725
Solving with ultrametric constraint
Optimal point found for initial point 4
Negative llh: 167.6794102178786
Dropout rate: 1e-10
Silencing rate: 1e-10
Sigma: 1.6943203942607514
Initial point 5. Random seed: 4938
Solving with ultrametric constraint
Optimal point found for initial point 5
Negative llh: 167.6793691617848
Dropout rate: 3.5645827953299494e-10
Silencing rate: 2.3723904737401015e-10
Sigma: 1.6943038754548125
Initial point 6. Random seed: 2750
Solving with ultrametric constraint
Optimal point found for initial point 6
Negative llh: 167.67936951537268
Dropout rate: 1e-10
Silencing rate: 1e-10
Sigma: 1.6942982098465704
Initial point 7. Random seed: 9401
Solving with ultrametric constraint
Optimal point found for initial point 7
Negative llh: 167.67949679834868
Dropout rate: 1e-10
Silencing rate: 1e-10
Sigma: 1.694222734206903
Initial point 8. Random seed: 7281
Solving with ultrametric constraint
Optimal point found for initial point 8
Negative llh: 191.670414979758
Dropout rate: 4.250560069142374e-10
Silencing rate: 1.6665728466322181e-10
Sigma: 1.600835908240433
Initial point 9. Random seed: 8683
Solving with ultrametric constraint
Optimal point found for initial point 9
Negative llh: 167.67956382848786
Dropout rate: 1e-10
Silencing rate: 1e-10
Sigma: 1.6947269058094176
Initial point 10. Random seed: 2567
Solving with ultrametric constraint
Optimal point found for initial point 10
Negative llh: 167.67936935401605
Dropout rate: 6.464852739917315e-10
Silencing rate: 4.0666353360002633e-10
Sigma: 1.6942821349391175
Runtime (s): 396.303534489125
