Launching Problin version 0.5b
Problin was called as follow: /u/gh2161/Spatial-Division/problin/run_problin.py -c real_location_data/s2c10/k10_r3_character_matrix.csv -t real_location_data/s2c10/true_tree.nwk -S real_location_data/s2c10/leaf_locations.txt --delimiter comma -p real_location_data/s2c10/k10_priors.csv -o real_location_data/s2c10/k10_r3_spalin-divide-beta1.txt --nInitials 10 --ultrametric --randomreps 3 --divide --radius 1
Optimization by Spalin-Divide: Scipy-SLSQP using spatial information
Optimizing branch lengths, phi, and nu without topology search
Initial point 1. Random seed: 3461
Solving with ultrametric constraint
Optimal point found for initial point 1
Negative llh: 168.46844837146324
Dropout rate: 1e-10
Silencing rate: 1e-10
Sigma: 1.692650033055287
Initial point 2. Random seed: 7218
Solving with ultrametric constraint
Optimal point found for initial point 2
Negative llh: 168.4684473838834
Dropout rate: 4.2331333838327523e-10
Silencing rate: 3.2163175216480145e-10
Sigma: 1.6925966751655617
Initial point 3. Random seed: 5845
Solving with ultrametric constraint
Optimal point found for initial point 3
Negative llh: 168.46844761812957
Dropout rate: 1.8545890748199206e-10
Silencing rate: 1.4496623451880375e-10
Sigma: 1.692622586151474
Initial point 4. Random seed: 3545
Solving with ultrametric constraint
Optimal point found for initial point 4
Negative llh: 168.46844733043963
Dropout rate: 1e-10
Silencing rate: 1e-10
Sigma: 1.6926083772001579
Initial point 5. Random seed: 345
Solving with ultrametric constraint
Optimal point found for initial point 5
Negative llh: 168.46844826773423
Dropout rate: 7.339136489933069e-10
Silencing rate: 3.9004956514331725e-10
Sigma: 1.6924956444520947
Initial point 6. Random seed: 580
Solving with ultrametric constraint
Optimal point found for initial point 6
Negative llh: 191.47186578046987
Dropout rate: 1.0000000000000002e-10
Silencing rate: 1e-10
Sigma: 1.6442516888082952
Initial point 7. Random seed: 2095
Solving with ultrametric constraint
Optimal point found for initial point 7
Negative llh: 191.4712358118844
Dropout rate: 4.3305680084188247e-10
Silencing rate: 1.5931641478509274e-10
Sigma: 1.6437001671046614
Initial point 8. Random seed: 8218
Solving with ultrametric constraint
Optimal point found for initial point 8
Negative llh: 191.47110594021498
Dropout rate: 1.928162842613088e-10
Silencing rate: 1.1898073776353412e-10
Sigma: 1.6438799539169964
Initial point 9. Random seed: 902
Solving with ultrametric constraint
Optimal point found for initial point 9
Negative llh: 191.470610382012
Dropout rate: 3.655927393247787e-10
Silencing rate: 1.321943806441468e-10
Sigma: 1.6446052454266056
Initial point 10. Random seed: 8811
Solving with ultrametric constraint
Optimal point found for initial point 10
Negative llh: 191.4722982556732
Dropout rate: 2.6693350434520665e-10
Silencing rate: 1.2692849096717994e-10
Sigma: 1.6435774972984463
Runtime (s): 597.476315065287
