Launching Problin version 0.5b
Problin was called as follow: /u/gh2161/Spatial-Division/problin/run_problin.py -c real_location_data/s2c10/k10_r3_character_matrix.csv -t real_location_data/s2c10/true_tree.nwk -S real_location_data/s2c10/leaf_locations.txt --delimiter comma -p real_location_data/s2c10/k10_priors.csv -o real_location_data/s2c10/k10_r3_spalin-divide-beta9.txt --nInitials 10 --ultrametric --randomreps 3 --divide --given_beta 9 --incl_beta_bound
Optimization by Spalin-Divide: Scipy-SLSQP using spatial information
Optimizing branch lengths, phi, and nu without topology search
Initial point 1. Random seed: 4435
Solving with ultrametric constraint
Optimal point found for initial point 1
Negative llh: 151.24332518058375
Dropout rate: 5.235673274867317e-10
Silencing rate: 4.756720263858011e-10
Sigma: 4.767620609201078
Initial point 2. Random seed: 8306
Solving with ultrametric constraint
Optimal point found for initial point 2
Negative llh: 151.24332505943318
Dropout rate: 1e-10
Silencing rate: 1e-10
Sigma: 4.767644281815473
Initial point 3. Random seed: 3763
Solving with ultrametric constraint
Optimal point found for initial point 3
Negative llh: 151.2433250336823
Dropout rate: 2.687528291923016e-10
Silencing rate: 1.815289137689922e-10
Sigma: 4.7676040797857535
Initial point 4. Random seed: 8655
Solving with ultrametric constraint
Optimal point found for initial point 4
Negative llh: 151.2433261714057
Dropout rate: 1e-10
Silencing rate: 1e-10
Sigma: 4.767687784849743
Initial point 5. Random seed: 4065
Solving with ultrametric constraint
Optimal point found for initial point 5
Negative llh: 151.24332969364767
Dropout rate: 1.1605400015732793e-09
Silencing rate: 1.2378073900161094e-09
Sigma: 4.767645536512877
Initial point 6. Random seed: 1865
Solving with ultrametric constraint
Optimal point found for initial point 6
Negative llh: 151.243325499845
Dropout rate: 1.0000000000000002e-10
Silencing rate: 1.0000000000000002e-10
Sigma: 4.767596922975345
Initial point 7. Random seed: 8152
Solving with ultrametric constraint
Optimal point found for initial point 7
Negative llh: 151.24332531869572
Dropout rate: 1.415776264314251e-10
Silencing rate: 1.5928937963661729e-10
Sigma: 4.7675459341929365
Initial point 8. Random seed: 5366
Solving with ultrametric constraint
Optimal point found for initial point 8
Negative llh: 151.24332501362693
Dropout rate: 1e-10
Silencing rate: 1e-10
Sigma: 4.767605618918032
Initial point 9. Random seed: 2758
Solving with ultrametric constraint
Optimal point found for initial point 9
Negative llh: 151.24332523692263
Dropout rate: 1.179474330652104e-10
Silencing rate: 1.0867330588331129e-10
Sigma: 4.767601902545201
Initial point 10. Random seed: 3217
Solving with ultrametric constraint
Optimal point found for initial point 10
Negative llh: 151.24332540747292
Dropout rate: 1e-10
Silencing rate: 1e-10
Sigma: 4.7675865382602245
Runtime (s): 817.6493601780385
