Launching Problin version 0.5b
Problin was called as follow: /u/gh2161/Spatial-Division/problin/run_problin.py -c real_location_data/s2c10/k10_r4_character_matrix.csv -t real_location_data/s2c10/true_tree.nwk --delimiter comma -p real_location_data/s2c10/k10_priors.csv -o real_location_data/s2c10/k10_r4_problin.txt --nInitials 10 --ultrametric --randomreps 3 --solver Scipy
Optimization by generic solver (Scipy-SLSQP)
Optimizing branch lengths, phi, and nu without topology search
Initial point 1. Random seed: 8350
Solving with ultrametric constraint
Optimal point found for initial point 1
Negative llh: 65.49996084661333
Dropout rate: 7.72172580811894e-10
Silencing rate: 3.886858227523562e-10
Lambda: 0.005874304984208495
Initial point 2. Random seed: 798
Solving with ultrametric constraint
Optimal point found for initial point 2
Negative llh: 65.49996064522607
Dropout rate: 3.59146643203622e-10
Silencing rate: 2.419324353172735e-10
Lambda: 0.005874675253912718
Initial point 3. Random seed: 3938
Solving with ultrametric constraint
Optimal point found for initial point 3
Negative llh: 65.49996090545588
Dropout rate: 1e-10
Silencing rate: 1e-10
Lambda: 0.005873914719730022
Initial point 4. Random seed: 2973
Solving with ultrametric constraint
Optimal point found for initial point 4
Negative llh: 65.4999607828736
Dropout rate: 9.080123162596839e-10
Silencing rate: 5.3801402728603e-10
Lambda: 0.005874458795131416
Initial point 5. Random seed: 4107
Solving with ultrametric constraint
Optimal point found for initial point 5
Negative llh: 65.49996073626215
Dropout rate: 3.758409897236233e-10
Silencing rate: 2.56210736043902e-10
Lambda: 0.005874360098009681
Initial point 6. Random seed: 2022
Solving with ultrametric constraint
Optimal point found for initial point 6
Negative llh: 90.14033628457564
Dropout rate: 1.0000000000000002e-10
Silencing rate: 1e-10
Lambda: 0.0009767377607706787
Initial point 7. Random seed: 8190
Solving with ultrametric constraint
Optimal point found for initial point 7
Negative llh: 65.5002536274663
Dropout rate: 3.5702753383312907e-10
Silencing rate: 2.373589728170908e-10
Lambda: 0.0058754915289550005
Initial point 8. Random seed: 573
Solving with ultrametric constraint
Optimal point found for initial point 8
Negative llh: 65.49996080318859
Dropout rate: 2.0786477982840592e-10
Silencing rate: 1.4901732849480375e-10
Lambda: 0.005874726052464326
Initial point 9. Random seed: 9292
Solving with ultrametric constraint
Optimal point found for initial point 9
Negative llh: 65.49996065353216
Dropout rate: 9.999999999999996e-11
Silencing rate: 1.0000000000000002e-10
Lambda: 0.005874982720739375
Initial point 10. Random seed: 1783
Solving with ultrametric constraint
Optimal point found for initial point 10
Negative llh: 65.49996082016679
Dropout rate: 3.904776057551436e-10
Silencing rate: 2.237520349467552e-10
Lambda: 0.005875150279431885
{'phi': 3.59146643203622e-10, 'nu': 2.419324353172735e-10, 'lambda_param': 0.005874675253912718}
Runtime (s): 26.176723761484027
