Launching Problin version 0.5b
Problin was called as follow: /u/gh2161/Spatial-Division/problin/run_problin.py -c simulated_seq_simulated_loc/s2c2/k10_character_matrix.csv -t simulated_seq_simulated_loc/s2c2/true_tree.nwk --delimiter comma -p simulated_seq_simulated_loc/s2c2/k10_priors.csv -o simulated_seq_simulated_loc/s2c2/k10_problin.txt --nInitials 10 --ultrametric --solver Scipy
Optimization by generic solver (Scipy-SLSQP)
Optimizing branch lengths, phi, and nu without topology search
Initial point 1. Random seed: 5380
Solving with ultrametric constraint
Optimal point found for initial point 1
Negative llh: 70.76392018519883
Dropout rate: 6.528753289701029e-10
Silencing rate: 5.421350488210011e-10
Initial point 2. Random seed: 8255
Solving with ultrametric constraint
Optimal point found for initial point 2
Negative llh: 70.76393140505166
Dropout rate: 7.389470439327236e-10
Silencing rate: 3.6204782652716027e-10
Initial point 3. Random seed: 9362
Solving with ultrametric constraint
Optimal point found for initial point 3
Negative llh: 96.14307412935977
Dropout rate: 9.999999999999996e-11
Silencing rate: 1.0000000000000002e-10
Initial point 4. Random seed: 8975
Solving with ultrametric constraint
Optimal point found for initial point 4
Negative llh: 70.76413646048968
Dropout rate: 4.780404818958407e-10
Silencing rate: 3.232740688609463e-10
Initial point 5. Random seed: 1528
Solving with ultrametric constraint
Optimal point found for initial point 5
Negative llh: 70.76394614164431
Dropout rate: 9.999999999999996e-11
Silencing rate: 1.0000000000000002e-10
Initial point 6. Random seed: 4673
Solving with ultrametric constraint
Optimal point found for initial point 6
Negative llh: 70.76391938173161
Dropout rate: 1e-10
Silencing rate: 1e-10
Initial point 7. Random seed: 6331
Solving with ultrametric constraint
Optimal point found for initial point 7
Negative llh: 70.76459855016076
Dropout rate: 1.0051829198435335e-10
Silencing rate: 1.35748402457984e-10
Initial point 8. Random seed: 4817
Solving with ultrametric constraint
Optimal point found for initial point 8
Negative llh: 70.76415281496561
Dropout rate: 9.643920546639483e-10
Silencing rate: 5.225523060865752e-10
Initial point 9. Random seed: 6542
Solving with ultrametric constraint
Optimal point found for initial point 9
Negative llh: 70.76416811074914
Dropout rate: 1e-10
Silencing rate: 1e-10
Initial point 10. Random seed: 3756
Solving with ultrametric constraint
Optimal point found for initial point 10
Negative llh: 70.763956619612
Dropout rate: 1.065170795377794e-09
Silencing rate: 9.052336924750204e-10
Runtime (s): 51.15795128792524
