Launching Problin version 0.5b
Problin was called as follow: run_problin.py -c spalin_simulations_with_sep/s2c2/k10_character_matrix.csv -t spalin_simulations_with_sep/s2c2/true_tree.nwk --delimiter comma -p spalin_simulations_with_sep/s2c2/k10_priors.csv -o spalin_simulations_with_sep/s2c2/k10_problin --nInitials 10 --ultrametric
Optimization by EM algorithm
Optimizing branch lengths, phi, and nu without topology search
Initial point 1. Random seed: 4532
Solving with ultrametric constraint
Initial phi: 0.6732384527190837. Initial nu: 0.7807263976661466. Initial nllh: 11868.238797960024
EM finished after 10 iterations.
Optimal point found for initial point 1
Negative llh: 70.7543673258409
Dropout rate: 0
Silencing rate: 6.792249308630895e-07
Initial point 2. Random seed: 9066
Solving with ultrametric constraint
Initial phi: 0.0035805070374442926. Initial nu: 0.41659067265176275. Initial nllh: 100.977207311139
EM finished after 9 iterations.
Optimal point found for initial point 2
Negative llh: 70.75436720419322
Dropout rate: 0
Silencing rate: 6.764444534108258e-07
Initial point 3. Random seed: 3183
Solving with ultrametric constraint
Initial phi: 0.8599468115855543. Initial nu: 0.011790152599641803. Initial nllh: 327.14176324460294
EM finished after 6 iterations.
Optimal point found for initial point 3
Negative llh: 70.7543670413566
Dropout rate: 0
Silencing rate: 6.760193533250941e-07
Initial point 4. Random seed: 6411
Solving with ultrametric constraint
Initial phi: 0.7029543487367584. Initial nu: 0.24218794146391645. Initial nllh: 245.8565394152928
EM finished after 11 iterations.
Optimal point found for initial point 4
Negative llh: 70.75436702112712
Dropout rate: 0
Silencing rate: 6.763869453954061e-07
Initial point 5. Random seed: 8097
Solving with ultrametric constraint
Initial phi: 0.8856907962361786. Initial nu: 0.3997608139345806. Initial nllh: 381.2593493904592
EM finished after 9 iterations.
Optimal point found for initial point 5
Negative llh: 70.75436720758029
Dropout rate: 0
Silencing rate: 6.7644547834711e-07
Initial point 6. Random seed: 4062
Solving with ultrametric constraint
Initial phi: 0.207981854846516. Initial nu: 0.08692153115018184. Initial nllh: 107.27522293208597
EM finished after 8 iterations.
Optimal point found for initial point 6
Negative llh: 70.75436680575358
Dropout rate: 0
Silencing rate: 6.721425157868418e-07
Initial point 7. Random seed: 5610
Solving with ultrametric constraint
Initial phi: 0.23312347452994978. Initial nu: 0.42586253548535674. Initial nllh: 135.67899690770972
EM finished after 9 iterations.
Optimal point found for initial point 7
Negative llh: 70.75436717268876
Dropout rate: 0
Silencing rate: 6.759638772621501e-07
Initial point 8. Random seed: 3696
Solving with ultrametric constraint
Initial phi: 0.2569907858924969. Initial nu: 0.07826041973570018. Initial nllh: 114.96043062310015
EM finished after 8 iterations.
Optimal point found for initial point 8
Negative llh: 70.75436719651736
Dropout rate: 0
Silencing rate: 6.778753069156093e-07
Initial point 9. Random seed: 8822
Solving with ultrametric constraint
Initial phi: 0.1971824722678446. Initial nu: 0.561784200960075. Initial nllh: 139.43355327344315
EM finished after 10 iterations.
Optimal point found for initial point 9
Negative llh: 70.7543670950904
Dropout rate: 0
Silencing rate: 6.767122736295247e-07
Initial point 10. Random seed: 3590
Solving with ultrametric constraint
Initial phi: 0.23583115727346513. Initial nu: 0.7923155667502441. Initial nllh: 162.31439867454696
EM finished after 10 iterations.
Optimal point found for initial point 10
Negative llh: 70.75436710990807
Dropout rate: 0
Silencing rate: 6.765975605137233e-07
Runtime (s): 6.613631804939359
