Launching Problin version 0.5b
Problin was called as follow: /u/gh2161/Spatial-Division/problin/run_problin.py -c intmem_real_data/s15c8/characters.txt -t intmem_real_data/s15c8/true_tree.nwk -S intmem_real_data/s15c8/leaf_locations.txt --delimiter comma -p intmem_real_data/s15c8/prior.csv -o intmem_real_data/s15c8/spalin-divide-beta10.txt --nInitials 10 --ultrametric --randomreps 3 --divide --radius 10
Optimization by Spalin-Divide: Scipy-SLSQP using spatial information
Optimizing branch lengths, phi, and nu without topology search
Initial point 1. Random seed: 6762
Solving with ultrametric constraint
Optimal point found for initial point 1
Negative llh: 219.72670580136122
Dropout rate: 2.1529447037708113e-10
Silencing rate: 1.841245506546907e-10
Sigma: 0.9396161033293399
Lambda: 0.008519346357095389
Initial point 2. Random seed: 2236
Solving with ultrametric constraint
Optimal point found for initial point 2
Negative llh: 219.72708745164152
Dropout rate: 1.0000000000000007e-10
Silencing rate: 1.0000000000000002e-10
Sigma: 0.9398189670458688
Lambda: 0.00851965195802481
Initial point 3. Random seed: 8908
Solving with ultrametric constraint
Optimal point found for initial point 3
Negative llh: 219.72680902327113
Dropout rate: 4.4817945461677193e-10
Silencing rate: 3.609301123760339e-10
Sigma: 0.9395557374858875
Lambda: 0.008517998826827095
Initial point 4. Random seed: 7181
Solving with ultrametric constraint
Optimal point found for initial point 4
Negative llh: 219.72672439572563
Dropout rate: 1e-10
Silencing rate: 1e-10
Sigma: 0.9395978567631444
Lambda: 0.008519294756763097
Initial point 5. Random seed: 990
Solving with ultrametric constraint
Optimal point found for initial point 5
Negative llh: 219.72696931757554
Dropout rate: 1.0076253299589797e-09
Silencing rate: 1.0000401763753465e-10
Sigma: 0.939464175887595
Lambda: 0.008510232993104527
Initial point 6. Random seed: 2007
Solving with ultrametric constraint
Optimal point found for initial point 6
Negative llh: 219.72697534259254
Dropout rate: 5.061137407857857e-10
Silencing rate: 4.074837040839523e-10
Sigma: 0.9397111747322479
Lambda: 0.008517660067961756
Initial point 7. Random seed: 1000
Solving with ultrametric constraint
Optimal point found for initial point 7
Negative llh: 219.7267059442977
Dropout rate: 6.293455234349122e-10
Silencing rate: 5.094497686341646e-10
Sigma: 0.9395825158457088
Lambda: 0.008519752088638291
Initial point 8. Random seed: 8630
Solving with ultrametric constraint
Optimal point found for initial point 8
Negative llh: 219.7271862037437
Dropout rate: 4.6469131796730054e-10
Silencing rate: 4.842115245497914e-10
Sigma: 0.9395441008571549
Lambda: 0.008518396168860437
Initial point 9. Random seed: 7257
Solving with ultrametric constraint
Optimal point found for initial point 9
Negative llh: 230.38998016569067
Dropout rate: 1e-10
Silencing rate: 1e-10
Sigma: 1.019299586654409
Lambda: 0.017789038064297068
Initial point 10. Random seed: 8306
Solving with ultrametric constraint
Fatal: failed to optimize using initial point 10
{'lambda_param': 0.008519346357095389, 'phi': 2.1529447037708113e-10, 'nu': 1.841245506546907e-10, 'sigma': 0.9396161033293399, 'locations': {'216_20': (300.0, 353.0), '216_19': (288.0, 384.0), '216_18': (308.0, 386.0), '216_17': (304.0, 412.0), '216_16': (289.0, 409.0), '216_15': (336.0, 431.0), '216_14': (320.0, 427.0), '216_6': (346.0, 371.0), '216_5': (350.0, 386.0), '216_8': (334.0, 377.0), '216_7': (316.0, 368.0), '216_2': (309.0, 402.0), '216_1': (319.0, 408.0), '216_4': (321.0, 393.0), '216_3': (347.0, 410.0), '216_13': (328.0, 342.0), '216_12': (356.0, 350.0), '216_9': (333.0, 359.0), '216_11': (363.0, 326.0), '216_10': (363.0, 341.0)}, 'radius': 10.0, 'thetas': {'215_8': 1.570783269736388, '166_4': 5.575865535816394, '171_6': 0.2782831124111311, '119_2': 5.86159777136427, '206_2': 0.5790910836257385, '215_1': 13.106779993936001, '165_1': 0.004522048784359409, '213_5': 3.605239333955683, '215_4': 1.3102113802094928, '171_3': 3.39521192782614, '120_1': 8.234906620031166, '65_1': 5.008743835952522, '208_10': 3.3865759121262835, '208_11': 3.3390249807066383, '167_7': 0.5067970367601524, '212_14': 0.09969502413517199, '167_8': 1.7651833019483476, '117_3': 1.2380829838594685, '14_1': -0.5757244507034337}}
Runtime (s): 1863.2134526379814
