Launching Problin version 0.5b
Problin was called as follow: /u/gh2161/Spatial-Division/problin/run_problin.py -c real_location_data/s4c10/k10_r4_character_matrix.csv -t real_location_data/s4c10/true_tree.nwk -S real_location_data/s4c10/leaf_locations.txt --delimiter comma -p real_location_data/s4c10/k10_priors.csv -o real_location_data/s4c10/k10_r4_spalin-divide-beta10.txt --nInitials 10 --ultrametric --randomreps 3 --divide --radius 10
Optimization by Spalin-Divide: Scipy-SLSQP using spatial information
Optimizing branch lengths, phi, and nu without topology search
Initial point 1. Random seed: 686
Solving with ultrametric constraint
Optimal point found for initial point 1
Negative llh: 141.61077580880976
Dropout rate: 1e-10
Silencing rate: 1e-10
Sigma: 1.206531321611676
Initial point 2. Random seed: 641
Solving with ultrametric constraint
Optimal point found for initial point 2
Negative llh: 120.34742458405302
Dropout rate: 1e-10
Silencing rate: 1e-10
Sigma: 1.2722372933708654
Initial point 3. Random seed: 3278
Solving with ultrametric constraint
Optimal point found for initial point 3
Negative llh: 141.61020051022024
Dropout rate: 4.413778144113057e-10
Silencing rate: 1.9131463740312455e-10
Sigma: 1.2065060353527313
Initial point 4. Random seed: 6427
Solving with ultrametric constraint
Optimal point found for initial point 4
Negative llh: 120.34736480898509
Dropout rate: 1e-10
Silencing rate: 1e-10
Sigma: 1.271483639221686
Initial point 5. Random seed: 5108
Solving with ultrametric constraint
Optimal point found for initial point 5
Negative llh: 141.60996972140825
Dropout rate: 6.833093471548865e-10
Silencing rate: 1.9791186636075019e-10
Sigma: 1.206703910571255
Initial point 6. Random seed: 5050
Solving with ultrametric constraint
Optimal point found for initial point 6
Negative llh: 120.34736469793881
Dropout rate: 1e-10
Silencing rate: 1e-10
Sigma: 1.2715899122067624
Initial point 7. Random seed: 4416
Solving with ultrametric constraint
Optimal point found for initial point 7
Negative llh: 141.6103877877764
Dropout rate: 1.0000000000000002e-10
Silencing rate: 1e-10
Sigma: 1.2064713633528277
Initial point 8. Random seed: 4130
Solving with ultrametric constraint
Optimal point found for initial point 8
Negative llh: 141.6092742042936
Dropout rate: 1.8626168518153057e-10
Silencing rate: 1.1341282015303655e-10
Sigma: 1.2064565758445631
Initial point 9. Random seed: 6282
Solving with ultrametric constraint
Optimal point found for initial point 9
Negative llh: 141.6106861911474
Dropout rate: 1.0000000000000002e-10
Silencing rate: 1e-10
Sigma: 1.2065042238169577
Initial point 10. Random seed: 591
Solving with ultrametric constraint
Optimal point found for initial point 10
Negative llh: 141.61054662217862
Dropout rate: 1.0000000000000002e-10
Silencing rate: 1e-10
Sigma: 1.2065141584955703
Runtime (s): 246.9096354348585
