Launching Problin version 0.5b
Problin was called as follow: /u/gh2161/Spatial-Division/problin/run_problin.py -c real_location_data/s4c10/k10_r1_character_matrix.csv -t real_location_data/s4c10/true_tree.nwk -S real_location_data/s4c10/leaf_locations.txt --delimiter comma -p real_location_data/s4c10/k10_priors.csv -o real_location_data/s4c10/k10_r1_spalin-divide-beta10.txt --nInitials 10 --ultrametric --randomreps 3 --divide --radius 10
Optimization by Spalin-Divide: Scipy-SLSQP using spatial information
Optimizing branch lengths, phi, and nu without topology search
Initial point 1. Random seed: 3802
Solving with ultrametric constraint
Optimal point found for initial point 1
Negative llh: 156.8931329820466
Dropout rate: 9.999999999999996e-11
Silencing rate: 1.0000000000000002e-10
Sigma: 1.1338508840481023
Initial point 2. Random seed: 4658
Solving with ultrametric constraint
Optimal point found for initial point 2
Negative llh: 127.87142679024619
Dropout rate: 3.2432355770354185e-10
Silencing rate: 2.628394643472304e-10
Sigma: 1.1873885117735268
Initial point 3. Random seed: 7651
Solving with ultrametric constraint
Optimal point found for initial point 3
Negative llh: 156.89276016986986
Dropout rate: 3.025108069435014e-10
Silencing rate: 1.2516498980525677e-10
Sigma: 1.1348392624644363
Initial point 4. Random seed: 1411
Solving with ultrametric constraint
Optimal point found for initial point 4
Negative llh: 127.87142718426787
Dropout rate: 1.6299384937938147e-10
Silencing rate: 1.4248145211601228e-10
Sigma: 1.187352971986494
Initial point 5. Random seed: 1601
Solving with ultrametric constraint
Optimal point found for initial point 5
Negative llh: 127.87179887504047
Dropout rate: 1e-10
Silencing rate: 1e-10
Sigma: 1.1876475902970307
Initial point 6. Random seed: 4757
Solving with ultrametric constraint
Optimal point found for initial point 6
Negative llh: 156.89294851592564
Dropout rate: 1e-10
Silencing rate: 1e-10
Sigma: 1.1342757140855897
Initial point 7. Random seed: 8273
Solving with ultrametric constraint
Optimal point found for initial point 7
Negative llh: 127.87142722772259
Dropout rate: 9.999999999999996e-11
Silencing rate: 1.0000000000000002e-10
Sigma: 1.187410047521144
Initial point 8. Random seed: 5517
Solving with ultrametric constraint
Optimal point found for initial point 8
Negative llh: 156.89246461267155
Dropout rate: 1.553433579882714e-10
Silencing rate: 1.1133673800996557e-10
Sigma: 1.134150706976993
Initial point 9. Random seed: 4942
Solving with ultrametric constraint
Optimal point found for initial point 9
Negative llh: 127.87142669044934
Dropout rate: 1.0575386771330319e-10
Silencing rate: 1.0297207184750565e-10
Sigma: 1.1873781817748679
Initial point 10. Random seed: 6500
Solving with ultrametric constraint
Optimal point found for initial point 10
Negative llh: 127.87142678660928
Dropout rate: 3.9438403908397413e-10
Silencing rate: 3.2120925945743464e-10
Sigma: 1.1873737166437248
Runtime (s): 264.5144386421889
