Launching Problin version 0.5b
Problin was called as follow: /u/gh2161/Spatial-Division/problin/run_problin.py -c real_location_data/s15c8/k10_r4_character_matrix.csv -t real_location_data/s15c8/true_tree.nwk -S real_location_data/s15c8/leaf_locations.txt --delimiter comma -p real_location_data/s15c8/k10_priors.csv -o real_location_data/s15c8/k10_r4_spalin-divide-ignore-beta.txt --nInitials 10 --ultrametric --randomreps 3 --divide
Optimization by Spalin-Divide: Scipy-SLSQP using spatial information
Optimizing branch lengths, phi, and nu without topology search
We need to optimize the radius
Initial point 1. Random seed: 9799
Solving with ultrametric constraint
Optimal point found for initial point 1
Negative llh: 214.20768349621778
Dropout rate: 1.3307024980600703e-09
Silencing rate: 2.451253056208575e-09
Sigma: 1.0274276097983668
Lambda: 0.004705954131764443
Initial point 2. Random seed: 1949
Solving with ultrametric constraint
Optimal point found for initial point 2
Negative llh: 214.20830188124341
Dropout rate: 1.0000000000000002e-10
Silencing rate: 1e-10
Sigma: 1.0271818286960592
Lambda: 0.004699536083140988
Initial point 3. Random seed: 8157
Solving with ultrametric constraint
Optimal point found for initial point 3
Negative llh: 214.20756584422713
Dropout rate: 1.0578881976444096e-09
Silencing rate: 4.359822252848754e-10
Sigma: 1.0275824966819347
Lambda: 0.004707238440938151
Initial point 4. Random seed: 9595
Solving with ultrametric constraint
Optimal point found for initial point 4
Negative llh: 214.20779921494767
Dropout rate: 1.0817911355862227e-09
Silencing rate: 1.0003285024889558e-10
Sigma: 1.0273741816571882
Lambda: 0.004705244975558355
Initial point 5. Random seed: 8219
Solving with ultrametric constraint
Optimal point found for initial point 5
Negative llh: 214.2074855705692
Dropout rate: 4.5912893741482285e-10
Silencing rate: 2.1414541333791443e-10
Sigma: 1.0275721837183585
Lambda: 0.0047070339602422245
Initial point 6. Random seed: 9609
Solving with ultrametric constraint
Optimal point found for initial point 6
Negative llh: 214.20754696958022
Dropout rate: 8.523744211090211e-09
Silencing rate: 5.478130584984177e-09
Sigma: 1.027699292897779
Lambda: 0.004706793728302492
Initial point 7. Random seed: 7802
Solving with ultrametric constraint
Optimal point found for initial point 7
Negative llh: 363756.0544920851
Dropout rate: 1.2345781520855907e-06
Silencing rate: 0.26365853961158553
Sigma: 9.066501240117361
Lambda: 88.52743044043426
Initial point 8. Random seed: 6533
Solving with ultrametric constraint
Optimal point found for initial point 8
Negative llh: 214.20793172366098
Dropout rate: 1e-10
Silencing rate: 1e-10
Sigma: 1.0273332097649872
Lambda: 0.004703905532847108
Initial point 9. Random seed: 9667
Solving with ultrametric constraint
Optimal point found for initial point 9
Negative llh: 214.20750088672168
Dropout rate: 2.966034374549504e-09
Silencing rate: 1.0005477397187905e-10
Sigma: 1.0275375758337058
Lambda: 0.004707146090918676
Initial point 10. Random seed: 5002
Solving with ultrametric constraint
Optimal point found for initial point 10
Negative llh: 214.20748557991703
Dropout rate: 1.5846714513195066e-10
Silencing rate: 1.1468732588338102e-10
Sigma: 1.0275553832725088
Lambda: 0.0047071627602643775
{'lambda_param': 0.0047070339602422245, 'phi': 4.5912893741482285e-10, 'nu': 2.1414541333791443e-10, 'sigma': 1.0275721837183585, 'locations': {'216_20': (300.0, 353.0), '216_19': (288.0, 384.0), '216_18': (308.0, 386.0), '216_17': (304.0, 412.0), '216_16': (289.0, 409.0), '216_15': (336.0, 431.0), '216_14': (320.0, 427.0), '216_6': (346.0, 371.0), '216_5': (350.0, 386.0), '216_8': (334.0, 377.0), '216_7': (316.0, 368.0), '216_2': (309.0, 402.0), '216_1': (319.0, 408.0), '216_4': (321.0, 393.0), '216_3': (347.0, 410.0), '216_13': (328.0, 342.0), '216_12': (356.0, 350.0), '216_9': (333.0, 359.0), '216_11': (363.0, 326.0), '216_10': (363.0, 341.0)}, 'radius': 8.413712506266785, 'thetas': {'215_8': 1.5707912856476636, '166_4': -0.7049601122272422, '171_6': 6.5614829716377505, '119_2': -0.1273270611554302, '206_2': 0.5790677061414252, '215_1': 6.823608468467076, '165_1': 6.128994948001081, '213_5': 3.605229584986618, '215_4': -4.972993411215409, '171_3': 3.397372511036513, '120_1': 1.986362386236626, '65_1': -1.2553314962478006, '208_10': 3.386588406023085, '208_11': 3.3389862642717585, '167_7': 6.8142369439776695, '212_14': 0.09967139141706488, '167_8': 7.918089099183229, '117_3': 1.3459587465850493, '14_1': 5.53836816389111}}
Runtime (s): 1618.219364253804
