Launching Problin version 0.5b
Problin was called as follow: /u/gh2161/Spatial-Division/problin/run_problin.py -c real_location_data/s15c8/k10_r1_character_matrix.csv -t real_location_data/s15c8/true_tree.nwk -S real_location_data/s15c8/leaf_locations.txt --delimiter comma -p real_location_data/s15c8/k10_priors.csv -o real_location_data/s15c8/k10_r1_spalin-divide-ignore-beta.txt --nInitials 10 --ultrametric --randomreps 3 --divide
Optimization by Spalin-Divide: Scipy-SLSQP using spatial information
Optimizing branch lengths, phi, and nu without topology search
We need to optimize the radius
Initial point 1. Random seed: 6062
Solving with ultrametric constraint
Optimal point found for initial point 1
Negative llh: 198.6404597806663
Dropout rate: 2.549892653584828e-10
Silencing rate: 6.50349046295529e-10
Sigma: 1.0521695089875815
Lambda: 0.006193337569981213
Initial point 2. Random seed: 9353
Solving with ultrametric constraint
Optimal point found for initial point 2
Negative llh: 198.6391169274292
Dropout rate: 2.634152240552132e-09
Silencing rate: 1.6820748349389272e-10
Sigma: 1.0522353679766794
Lambda: 0.006188503549847317
Initial point 3. Random seed: 3996
Solving with ultrametric constraint
Optimal point found for initial point 3
Negative llh: 198.63920014649818
Dropout rate: 1.9727215001254967e-10
Silencing rate: 5.481924660215507e-10
Sigma: 1.0520513885492893
Lambda: 0.0061872839662217485
Initial point 4. Random seed: 6077
Solving with ultrametric constraint
Optimal point found for initial point 4
Negative llh: 198.6396429481039
Dropout rate: 5.120377063210534e-10
Silencing rate: 1.434400499617984e-10
Sigma: 1.05184485260095
Lambda: 0.0061873259122198765
Initial point 5. Random seed: 8786
Solving with ultrametric constraint
Optimal point found for initial point 5
Negative llh: 198.63912058477933
Dropout rate: 1e-10
Silencing rate: 5.435562027561118e-10
Sigma: 1.0522440638140382
Lambda: 0.006188483428448841
Initial point 6. Random seed: 7623
Solving with ultrametric constraint
Optimal point found for initial point 6
Negative llh: 198.6395204628531
Dropout rate: 6.41951528458927e-10
Silencing rate: 3.7512892504899706e-10
Sigma: 1.051865204653577
Lambda: 0.006163352591090595
Initial point 7. Random seed: 6144
Solving with ultrametric constraint
Fatal: failed to optimize using initial point 7
Initial point 8. Random seed: 5950
Solving with ultrametric constraint
Optimal point found for initial point 8
Negative llh: 198.63923295081554
Dropout rate: 3.3258375351684694e-10
Silencing rate: 1.5580816780283274e-10
Sigma: 1.0520840290873266
Lambda: 0.006187852763357646
Initial point 9. Random seed: 3371
Solving with ultrametric constraint
Optimal point found for initial point 9
Negative llh: 198.63928507885143
Dropout rate: 1e-10
Silencing rate: 1e-10
Sigma: 1.0522592669151347
Lambda: 0.006186504757149398
Initial point 10. Random seed: 1803
Solving with ultrametric constraint
Fatal: failed to optimize using initial point 10
{'lambda_param': 0.006188503549847317, 'phi': 2.634152240552132e-09, 'nu': 1.6820748349389272e-10, 'sigma': 1.0522353679766794, 'locations': {'216_20': (300.0, 353.0), '216_19': (288.0, 384.0), '216_18': (308.0, 386.0), '216_17': (304.0, 412.0), '216_16': (289.0, 409.0), '216_15': (336.0, 431.0), '216_14': (320.0, 427.0), '216_6': (346.0, 371.0), '216_5': (350.0, 386.0), '216_8': (334.0, 377.0), '216_7': (316.0, 368.0), '216_2': (309.0, 402.0), '216_1': (319.0, 408.0), '216_4': (321.0, 393.0), '216_3': (347.0, 410.0), '216_13': (328.0, 342.0), '216_12': (356.0, 350.0), '216_9': (333.0, 359.0), '216_11': (363.0, 326.0), '216_10': (363.0, 341.0)}, 'radius': 8.41294057205306, 'thetas': {'215_8': 1.5707970903141033, '166_4': 5.578105894749073, '171_6': 6.561474997453576, '119_2': 6.177178040590504, '206_2': 0.5791043105074171, '215_1': 6.8236147551716355, '165_1': 6.140371169825814, '213_5': -2.6779446444748354, '215_4': 1.3101933689314889, '171_3': 3.397940506543588, '120_1': 1.9628913894108928, '65_1': -7.532878471622199, '208_10': 3.386568859389123, '208_11': 3.338986492799125, '167_7': 0.5309611644526991, '212_14': 6.382815461069395, '167_8': 1.6391451140182862, '117_3': 1.3498051180208126, '14_1': -0.7489450759639636}}
Runtime (s): 1031.236944321543
