Launching Problin version 0.5b
Problin was called as follow: /u/gh2161/Spatial-Division/problin/run_problin.py -c real_location_data/s15c8/k10_r2_character_matrix.csv -t real_location_data/s15c8/true_tree.nwk -S real_location_data/s15c8/leaf_locations.txt --delimiter comma -p real_location_data/s15c8/k10_priors.csv -o real_location_data/s15c8/k10_r2_spalin-divide-ignore-beta.txt --nInitials 10 --ultrametric --randomreps 3 --divide
Optimization by Spalin-Divide: Scipy-SLSQP using spatial information
Optimizing branch lengths, phi, and nu without topology search
We need to optimize the radius
Initial point 1. Random seed: 294
Solving with ultrametric constraint
Optimal point found for initial point 1
Negative llh: 212.42718228686618
Dropout rate: 1.0000000000000007e-10
Silencing rate: 1.0000000000000002e-10
Sigma: 1.0181325205805112
Lambda: 0.004324083789170988
Initial point 2. Random seed: 9340
Solving with ultrametric constraint
Optimal point found for initial point 2
Negative llh: 212.4270039521877
Dropout rate: 2.354779900586496e-09
Silencing rate: 1.1995562605217428e-09
Sigma: 1.0183292481546897
Lambda: 0.004325153633862462
Initial point 3. Random seed: 4614
Solving with ultrametric constraint
Optimal point found for initial point 3
Negative llh: 343955.1805506271
Dropout rate: 1.2817034130513562e-06
Silencing rate: 0.19450095154828428
Sigma: 9.609933941402346
Lambda: 89.1695434291305
Initial point 4. Random seed: 539
Solving with ultrametric constraint
Optimal point found for initial point 4
Negative llh: 212.42700781523382
Dropout rate: 3.0345693111679193e-09
Silencing rate: 1.0016228633679468e-10
Sigma: 1.0183255804097777
Lambda: 0.004324984774021228
Initial point 5. Random seed: 6044
Solving with ultrametric constraint
Optimal point found for initial point 5
Negative llh: 212.4270339934052
Dropout rate: 3.268798818215182e-10
Silencing rate: 1.6159677397609035e-10
Sigma: 1.0183427130064497
Lambda: 0.004324447080994481
Initial point 6. Random seed: 4889
Solving with ultrametric constraint
Optimal point found for initial point 6
Negative llh: 212.42703826163725
Dropout rate: 1.7381587551556996e-09
Silencing rate: 1.007776394415283e-10
Sigma: 1.0182181120629805
Lambda: 0.004324949205949071
Initial point 7. Random seed: 8011
Solving with ultrametric constraint
Optimal point found for initial point 7
Negative llh: 212.4791121981106
Dropout rate: 1e-10
Silencing rate: 1e-10
Sigma: 1.0280873911230002
Lambda: 0.004300291055755081
Initial point 8. Random seed: 1558
Solving with ultrametric constraint
Optimal point found for initial point 8
Negative llh: 212.42701640954283
Dropout rate: 9.999999999999996e-11
Silencing rate: 1e-10
Sigma: 1.018362201670995
Lambda: 0.004324718057031452
Initial point 9. Random seed: 5279
Solving with ultrametric constraint
Optimal point found for initial point 9
Negative llh: 212.47881787263333
Dropout rate: 2.4250957012906918e-09
Silencing rate: 7.812718251318243e-10
Sigma: 1.0279424167009759
Lambda: 0.004300277834270348
Initial point 10. Random seed: 7750
Solving with ultrametric constraint
Optimal point found for initial point 10
Negative llh: 285853.5191732641
Dropout rate: 4.771215584303984e-06
Silencing rate: 0.007964396722688168
Sigma: 10.08504908459647
Lambda: 92.24543891763147
{'lambda_param': 0.004325153633862462, 'phi': 2.354779900586496e-09, 'nu': 1.1995562605217428e-09, 'sigma': 1.0183292481546897, 'locations': {'216_20': (300.0, 353.0), '216_19': (288.0, 384.0), '216_18': (308.0, 386.0), '216_17': (304.0, 412.0), '216_16': (289.0, 409.0), '216_15': (336.0, 431.0), '216_14': (320.0, 427.0), '216_6': (346.0, 371.0), '216_5': (350.0, 386.0), '216_8': (334.0, 377.0), '216_7': (316.0, 368.0), '216_2': (309.0, 402.0), '216_1': (319.0, 408.0), '216_4': (321.0, 393.0), '216_3': (347.0, 410.0), '216_13': (328.0, 342.0), '216_12': (356.0, 350.0), '216_9': (333.0, 359.0), '216_11': (363.0, 326.0), '216_10': (363.0, 341.0)}, 'radius': 9.211872786548884, 'thetas': {'215_8': 1.57079724296875, '166_4': 5.577493210612981, '171_6': 0.2782925536439888, '119_2': 0.054346006527659405, '206_2': 6.862257306081201, '215_1': 0.5404206989801593, '165_1': -0.2238559122170994, '213_5': 3.6052411676055134, '215_4': 1.3101866362256318, '171_3': 3.395211214357054, '120_1': 1.9902700933830277, '65_1': 5.066938533193366, '208_10': 3.3865738002204036, '208_11': 3.3389870527136076, '167_7': 6.81296620803215, '212_14': 0.09966995486917837, '167_8': 1.6338885890691197, '117_3': 1.316045530658024, '14_1': -0.7031554166747515}}
Runtime (s): 914.0893030073494
