Launching Problin version 0.5b
Problin was called as follow: /u/gh2161/Spatial-Division/problin/run_problin.py -c real_location_data/s15c8/k10_r3_character_matrix.csv -t real_location_data/s15c8/true_tree.nwk -S real_location_data/s15c8/leaf_locations.txt --delimiter comma -p real_location_data/s15c8/k10_priors.csv -o real_location_data/s15c8/k10_r3_spalin-spatialonly.txt --nInitials 10 --ultrametric --randomreps 3 --spatial_only
Optimization by Spalin: Scipy-SLSQP using spatial information
Optimizing branch lengths, phi, and nu without topology search
only spatial
Initial point 1. Random seed: 1438
Solving with ultrametric constraint
Optimal point found for initial point 1
Negative llh: 127.44305881043955
Dropout rate: 0.46048156719406985
Silencing rate: 0.8546453467718649
Sigma: 2.7728706835284536
Lambda: 1.0
Initial point 2. Random seed: 4421
Solving with ultrametric constraint
Optimal point found for initial point 2
Negative llh: 127.44305881043955
Dropout rate: 0.3662976641187601
Silencing rate: 0.5064467772340892
Sigma: 2.7728706835284536
Lambda: 1.0
Initial point 3. Random seed: 512
Solving with ultrametric constraint
Optimal point found for initial point 3
Negative llh: 127.44305881043955
Dropout rate: 0.0746581667832797
Silencing rate: 0.07715961040938103
Sigma: 2.7728706835284536
Lambda: 1.0
Initial point 4. Random seed: 9695
Solving with ultrametric constraint
Optimal point found for initial point 4
Negative llh: 127.44305881043955
Dropout rate: 0.18876701522054617
Silencing rate: 0.5716453114159562
Sigma: 2.7728706835284536
Lambda: 1.0
Initial point 5. Random seed: 493
Solving with ultrametric constraint
Optimal point found for initial point 5
Negative llh: 127.44305881043955
Dropout rate: 0.22710360177573508
Silencing rate: 0.0943144973605979
Sigma: 2.7728706835284536
Lambda: 1.0
Initial point 6. Random seed: 3910
Solving with ultrametric constraint
Optimal point found for initial point 6
Negative llh: 127.44305881043955
Dropout rate: 0.026197967763543772
Silencing rate: 0.914390889371625
Sigma: 2.7728706835284536
Lambda: 1.0
Initial point 7. Random seed: 9296
Solving with ultrametric constraint
Optimal point found for initial point 7
Negative llh: 127.44305881043955
Dropout rate: 0.6268337050342889
Silencing rate: 0.9007949707571082
Sigma: 2.7728706835284536
Lambda: 1.0
Initial point 8. Random seed: 2359
Solving with ultrametric constraint
Optimal point found for initial point 8
Negative llh: 127.44305881043955
Dropout rate: 0.1353030998879401
Silencing rate: 0.6155399364354206
Sigma: 2.7728706835284536
Lambda: 1.0
Initial point 9. Random seed: 6333
Solving with ultrametric constraint
Optimal point found for initial point 9
Negative llh: 127.44305881043955
Dropout rate: 0.21687892130385805
Silencing rate: 0.3893017973072992
Sigma: 2.7728706835284536
Lambda: 1.0
Initial point 10. Random seed: 532
Solving with ultrametric constraint
Optimal point found for initial point 10
Negative llh: 127.44305881043955
Dropout rate: 0.8179894692288942
Silencing rate: 0.4055626646173221
Sigma: 2.7728706835284536
Lambda: 1.0
{'lambda_param': 1.0, 'phi': 0.46048156719406985, 'nu': 0.8546453467718649, 'sigma': 2.7728706835284536, 'locations': {'216_20': (300.0, 353.0), '216_19': (288.0, 384.0), '216_18': (308.0, 386.0), '216_17': (304.0, 412.0), '216_16': (289.0, 409.0), '216_15': (336.0, 431.0), '216_14': (320.0, 427.0), '216_6': (346.0, 371.0), '216_5': (350.0, 386.0), '216_8': (334.0, 377.0), '216_7': (316.0, 368.0), '216_2': (309.0, 402.0), '216_1': (319.0, 408.0), '216_4': (321.0, 393.0), '216_3': (347.0, 410.0), '216_13': (328.0, 342.0), '216_12': (356.0, 350.0), '216_9': (333.0, 359.0), '216_11': (363.0, 326.0), '216_10': (363.0, 341.0)}}
Runtime (s): 172.7447588238865
