Launching Problin version 0.5b
Problin was called as follow: /u/gh2161/Spatial-Division/problin/run_problin.py -c real_location_data/s15c8/k10_r2_character_matrix.csv -t real_location_data/s15c8/true_tree.nwk -S real_location_data/s15c8/leaf_locations.txt --delimiter comma -p real_location_data/s15c8/k10_priors.csv -o real_location_data/s15c8/k10_r2_spalin-divide-beta9.txt --nInitials 10 --ultrametric --randomreps 3 --divide --given_beta 9 --incl_beta_bound
Optimization by Spalin-Divide: Scipy-SLSQP using spatial information
Optimizing branch lengths, phi, and nu without topology search
Initial point 1. Random seed: 5181
Solving with ultrametric constraint
Optimal point found for initial point 1
Negative llh: 207.67929675564014
Dropout rate: 9.999999999999996e-11
Silencing rate: 1.0000000000000007e-10
Sigma: 3.731485172976424
Initial point 2. Random seed: 643
Solving with ultrametric constraint
Optimal point found for initial point 2
Negative llh: 207.679290741388
Dropout rate: 4.746458527889594e-10
Silencing rate: 2.3946062346082984e-10
Sigma: 3.7314929364094565
Initial point 3. Random seed: 5667
Solving with ultrametric constraint
Optimal point found for initial point 3
Negative llh: 207.6792902589446
Dropout rate: 1.3930891478318607e-09
Silencing rate: 1.0903513024821936e-10
Sigma: 3.7314984537025926
Initial point 4. Random seed: 2081
Solving with ultrametric constraint
Optimal point found for initial point 4
Negative llh: 207.67929404994737
Dropout rate: 2.481118827949953e-10
Silencing rate: 1.454483686582914e-10
Sigma: 3.731432016238639
Initial point 5. Random seed: 1586
Solving with ultrametric constraint
Optimal point found for initial point 5
Negative llh: 207.67929144528046
Dropout rate: 1.0000000000000007e-10
Silencing rate: 1.0000000000000007e-10
Sigma: 3.7315134585582617
Initial point 6. Random seed: 9536
Solving with ultrametric constraint
Optimal point found for initial point 6
Negative llh: 207.67928981324297
Dropout rate: 1.0000000000000007e-10
Silencing rate: 1.0000000000000002e-10
Sigma: 3.7315107559421326
Initial point 7. Random seed: 5125
Solving with ultrametric constraint
Optimal point found for initial point 7
Negative llh: 207.679293405132
Dropout rate: 1.3320350821194037e-10
Silencing rate: 1.101880671586775e-10
Sigma: 3.7315152772385725
Initial point 8. Random seed: 8017
Solving with ultrametric constraint
Optimal point found for initial point 8
Negative llh: 207.67929014780202
Dropout rate: 5.831291174762506e-10
Silencing rate: 2.4815578955654445e-10
Sigma: 3.7315079761607124
Initial point 9. Random seed: 4522
Solving with ultrametric constraint
Optimal point found for initial point 9
Negative llh: 207.67929033412304
Dropout rate: 1.0000000000000007e-10
Silencing rate: 1.0000000000000002e-10
Sigma: 3.731505166469632
Initial point 10. Random seed: 1159
Solving with ultrametric constraint
Optimal point found for initial point 10
Negative llh: 207.67929068930925
Dropout rate: 1e-10
Silencing rate: 1e-10
Sigma: 3.7315508895339735
Runtime (s): 1254.4895926397294
