Launching Problin version 0.5b
Problin was called as follow: /u/gh2161/Spatial-Division/problin/run_problin.py -c real_location_data/s15c8/k10_r2_character_matrix.csv -t real_location_data/s15c8/true_tree.nwk -S real_location_data/s15c8/leaf_locations.txt --delimiter comma -p real_location_data/s15c8/k10_priors.csv -o real_location_data/s15c8/k10_r2_spalin-divide-beta20.txt --nInitials 10 --ultrametric --randomreps 3 --divide --given_beta 20 --incl_beta_bound
Optimization by Spalin-Divide: Scipy-SLSQP using spatial information
Optimizing branch lengths, phi, and nu without topology search
Initial point 1. Random seed: 5261
Solving with ultrametric constraint
Optimal point found for initial point 1
Negative llh: 242.06809000544706
Dropout rate: 1.0000000000000007e-10
Silencing rate: 1.0000000000000002e-10
Sigma: 4.583747182523538
Initial point 2. Random seed: 4514
Solving with ultrametric constraint
Optimal point found for initial point 2
Negative llh: 242.06808731020337
Dropout rate: 1e-10
Silencing rate: 1e-10
Sigma: 4.5834790891868264
Initial point 3. Random seed: 4828
Solving with ultrametric constraint
Optimal point found for initial point 3
Negative llh: 242.0680851766159
Dropout rate: 1.0000000000000007e-10
Silencing rate: 1.0000000000000002e-10
Sigma: 4.583635496167225
Initial point 4. Random seed: 1862
Solving with ultrametric constraint
Optimal point found for initial point 4
Negative llh: 242.06809342397742
Dropout rate: 1.0968816332704151e-10
Silencing rate: 1.0459764332828455e-10
Sigma: 4.583653861910365
Initial point 5. Random seed: 5282
Solving with ultrametric constraint
Optimal point found for initial point 5
Negative llh: 242.06810147995526
Dropout rate: 4.354977115199706e-09
Silencing rate: 2.422877810276148e-09
Sigma: 4.583360921319682
Initial point 6. Random seed: 5825
Solving with ultrametric constraint
Optimal point found for initial point 6
Negative llh: 242.06808520462607
Dropout rate: 3.711930747859666e-10
Silencing rate: 2.0605583453351063e-10
Sigma: 4.583602931764729
Initial point 7. Random seed: 2428
Solving with ultrametric constraint
Optimal point found for initial point 7
Negative llh: 242.06808923737526
Dropout rate: 7.556584661449048e-10
Silencing rate: 3.26560288526922e-10
Sigma: 4.583406764145302
Initial point 8. Random seed: 8379
Solving with ultrametric constraint
Optimal point found for initial point 8
Negative llh: 242.06808903429703
Dropout rate: 2.0315063819884518e-09
Silencing rate: 8.400219183530133e-10
Sigma: 4.583431042279633
Initial point 9. Random seed: 3307
Solving with ultrametric constraint
Optimal point found for initial point 9
Negative llh: 242.06808469008814
Dropout rate: 9.999999999999996e-11
Silencing rate: 1.0000000000000002e-10
Sigma: 4.583591348214065
Initial point 10. Random seed: 82
Solving with ultrametric constraint
Optimal point found for initial point 10
Negative llh: 242.0680850588883
Dropout rate: 2.522573058068128e-09
Silencing rate: 3.0041771370210806e-10
Sigma: 4.5836307890570165
Runtime (s): 1778.8350591743365
