Launching Problin version 0.5b
Problin was called as follow: /u/gh2161/Spatial-Division/problin/run_problin.py -c real_location_data/s15c8/k10_r5_character_matrix.csv -t real_location_data/s15c8/true_tree.nwk -S real_location_data/s15c8/leaf_locations.txt --delimiter comma -p real_location_data/s15c8/k10_priors.csv -o real_location_data/s15c8/k10_r5_spalin-divide-beta20.txt --nInitials 10 --ultrametric --randomreps 3 --divide --given_beta 20 --incl_beta_bound
Optimization by Spalin-Divide: Scipy-SLSQP using spatial information
Optimizing branch lengths, phi, and nu without topology search
Initial point 1. Random seed: 2335
Solving with ultrametric constraint
Optimal point found for initial point 1
Negative llh: 225.5641730324957
Dropout rate: 1.0000000000000007e-10
Silencing rate: 1.0000000000000002e-10
Sigma: 4.632259661917435
Initial point 2. Random seed: 6318
Solving with ultrametric constraint
Optimal point found for initial point 2
Negative llh: 225.56416280645948
Dropout rate: 1e-10
Silencing rate: 1e-10
Sigma: 4.632891084634447
Initial point 3. Random seed: 7398
Solving with ultrametric constraint
Optimal point found for initial point 3
Negative llh: 225.56416172144515
Dropout rate: 2.2481626232599382e-10
Silencing rate: 1.4374271056884173e-10
Sigma: 4.633167947050471
Initial point 4. Random seed: 7903
Solving with ultrametric constraint
Optimal point found for initial point 4
Negative llh: 225.56416134097793
Dropout rate: 1.0000000000000007e-10
Silencing rate: 1.0000000000000007e-10
Sigma: 4.633196521255648
Initial point 5. Random seed: 9043
Solving with ultrametric constraint
Optimal point found for initial point 5
Negative llh: 225.5641709846774
Dropout rate: 2.755006435781849e-10
Silencing rate: 1.6367967989684874e-10
Sigma: 4.633550010026474
Initial point 6. Random seed: 3945
Solving with ultrametric constraint
Optimal point found for initial point 6
Negative llh: 225.5641593474019
Dropout rate: 1.5687623251173084e-10
Silencing rate: 1.199281591218481e-10
Sigma: 4.633015756211562
Initial point 7. Random seed: 1103
Solving with ultrametric constraint
Optimal point found for initial point 7
Negative llh: 225.5641641210509
Dropout rate: 1.0000000000000007e-10
Silencing rate: 1.0000000000000002e-10
Sigma: 4.633274685920061
Initial point 8. Random seed: 2730
Solving with ultrametric constraint
Fatal: failed to optimize using initial point 8
Initial point 9. Random seed: 2208
Solving with ultrametric constraint
Optimal point found for initial point 9
Negative llh: 225.5641634499951
Dropout rate: 1e-10
Silencing rate: 1e-10
Sigma: 4.632993697475588
Initial point 10. Random seed: 5705
Solving with ultrametric constraint
Optimal point found for initial point 10
Negative llh: 225.56416004338547
Dropout rate: 1e-10
Silencing rate: 1e-10
Sigma: 4.632855655620914
Runtime (s): 1834.036215255037
