Launching Problin version 0.5b
Problin was called as follow: /u/gh2161/Spatial-Division/problin/run_problin.py -c intmem_real_data/s12c1/characters.txt -t intmem_real_data/s12c1/true_tree.nwk -S intmem_real_data/s12c1/leaf_locations.txt --delimiter comma -p intmem_real_data/s12c1/prior.csv -o intmem_real_data/s12c1/spalin_spatialonly.txt --nInitials 10 --ultrametric --spatial_only
Optimization by Spalin: Scipy-SLSQP using spatial information
Optimizing branch lengths, phi, and nu without topology search
only spatial
Initial point 1. Random seed: 562
Solving with ultrametric constraint
Optimal point found for initial point 1
Negative llh: 51.38976850595772
Dropout rate: 0.011304066134598582
Silencing rate: 0.7254645665362317
Sigma: 3.6660673562734543
Lambda: 1.0
Initial point 2. Random seed: 606
Solving with ultrametric constraint
Optimal point found for initial point 2
Negative llh: 51.38976850595772
Dropout rate: 0.06865397781282205
Silencing rate: 0.9434523414380545
Sigma: 3.6660673562734543
Lambda: 1.0
Initial point 3. Random seed: 4639
Solving with ultrametric constraint
Optimal point found for initial point 3
Negative llh: 51.38976850595772
Dropout rate: 0.44976536313250365
Silencing rate: 0.8948283260029318
Sigma: 3.6660673562734543
Lambda: 1.0
Initial point 4. Random seed: 3584
Solving with ultrametric constraint
Optimal point found for initial point 4
Negative llh: 51.38976850595772
Dropout rate: 0.03579581017051728
Silencing rate: 0.6202348872095942
Sigma: 3.6660673562734543
Lambda: 1.0
Initial point 5. Random seed: 4197
Solving with ultrametric constraint
Optimal point found for initial point 5
Negative llh: 51.38976850595772
Dropout rate: 0.6409693689115196
Silencing rate: 0.6510955172604483
Sigma: 3.6660673562734543
Lambda: 1.0
Initial point 6. Random seed: 554
Solving with ultrametric constraint
Optimal point found for initial point 6
Negative llh: 51.38976850595772
Dropout rate: 0.19157395835739674
Silencing rate: 0.08397446935307085
Sigma: 3.6660673562734543
Lambda: 1.0
Initial point 7. Random seed: 9870
Solving with ultrametric constraint
Optimal point found for initial point 7
Negative llh: 51.38976850595772
Dropout rate: 0.3416738477662203
Silencing rate: 0.6673925109811754
Sigma: 3.6660673562734543
Lambda: 1.0
Initial point 8. Random seed: 433
Solving with ultrametric constraint
Optimal point found for initial point 8
Negative llh: 51.38976850595772
Dropout rate: 0.13440442566705219
Silencing rate: 0.9331300647860947
Sigma: 3.6660673562734543
Lambda: 1.0
Initial point 9. Random seed: 5661
Solving with ultrametric constraint
Optimal point found for initial point 9
Negative llh: 51.38976850595772
Dropout rate: 0.23243895402135747
Silencing rate: 0.2071515818947012
Sigma: 3.6660673562734543
Lambda: 1.0
Initial point 10. Random seed: 2888
Solving with ultrametric constraint
Optimal point found for initial point 10
Negative llh: 51.38976850595772
Dropout rate: 0.7979617706829609
Silencing rate: 0.9476834156894449
Sigma: 3.6660673562734543
Lambda: 1.0
{'lambda_param': 1.0, 'phi': 0.011304066134598582, 'nu': 0.7254645665362317, 'sigma': 3.6660673562734543, 'locations': {'216_6': (167.0, 100.0), '216_5': (161.0, 131.0), '216_8': (198.0, 104.0), '216_7': (189.0, 124.0), '216_2': (226.0, 98.0), '216_1': (216.0, 123.0), '216_4': (275.0, 99.0), '216_3': (252.0, 121.0)}}
Runtime (s): 17.125548858195543
