Launching Problin version 0.5b
Problin was called as follow: /u/gh2161/Spatial-Division/problin/run_problin.py -c simulated_seq_simulated_loc/s19c1/k50_character_matrix.csv -t simulated_seq_simulated_loc/s19c1/true_tree.nwk --delimiter comma -p simulated_seq_simulated_loc/s19c1/k50_priors.csv -o simulated_seq_simulated_loc/s19c1/k50_problin.txt --nInitials 10 --ultrametric --randomreps 3
Optimization by EM algorithm
Optimizing branch lengths, phi, and nu without topology search
Initial point 1. Random seed: 1275
Solving with ultrametric constraint
Initial phi: 0.8285911171514625. Initial nu: 0.3440563679153232. Initial nllh: 37290.675301997115
EM finished after 14 iterations.
Optimal point found for initial point 1
Negative llh: 359.86769251641084
Dropout rate: 0
Silencing rate: 1.6501578858679705e-07
Initial point 2. Random seed: 7388
Solving with ultrametric constraint
Initial phi: 0.28784871851337634. Initial nu: 0.4494185570286955. Initial nllh: 687.7077791288642
EM finished after 12 iterations.
Optimal point found for initial point 2
Negative llh: 359.86769298809213
Dropout rate: 0
Silencing rate: 1.6538584024917528e-07
Initial point 3. Random seed: 2019
Solving with ultrametric constraint
Initial phi: 0.10768204394848904. Initial nu: 0.5571167000033425. Initial nllh: 582.1420262777008
EM finished after 12 iterations.
Optimal point found for initial point 3
Negative llh: 359.86769354125727
Dropout rate: 0
Silencing rate: 1.6572363748703038e-07
Initial point 4. Random seed: 9231
Solving with ultrametric constraint
Initial phi: 0.4775872147998745. Initial nu: 0.4593447688670508. Initial nllh: 876.3489240662152
EM finished after 12 iterations.
Optimal point found for initial point 4
Negative llh: 359.8676930673681
Dropout rate: 0
Silencing rate: 1.6541533831169752e-07
Initial point 5. Random seed: 9309
Solving with ultrametric constraint
Initial phi: 0.15889624899579347. Initial nu: 0.9028724378540052. Initial nllh: 713.1283945698704
EM finished after 13 iterations.
Optimal point found for initial point 5
Negative llh: 359.86769288610276
Dropout rate: 0
Silencing rate: 1.6568485640910005e-07
Initial point 6. Random seed: 2854
Solving with ultrametric constraint
Initial phi: 0.22365780667138593. Initial nu: 0.5777953774998624. Initial nllh: 671.3926116785733
EM finished after 12 iterations.
Optimal point found for initial point 6
Negative llh: 359.8676936385227
Dropout rate: 0
Silencing rate: 1.6545756174480596e-07
Initial point 7. Random seed: 8967
Solving with ultrametric constraint
Initial phi: 0.43368701844429947. Initial nu: 0.24843289825565287. Initial nllh: 769.6673096213689
EM finished after 11 iterations.
Optimal point found for initial point 7
Negative llh: 359.8676930855383
Dropout rate: 0
Silencing rate: 1.654055472610548e-07
Initial point 8. Random seed: 4585
Solving with ultrametric constraint
Initial phi: 0.48031952265131217. Initial nu: 0.69537132939944. Initial nllh: 944.7024978153884
EM finished after 13 iterations.
Optimal point found for initial point 8
Negative llh: 359.86769244653976
Dropout rate: 0
Silencing rate: 1.652964316627323e-07
Initial point 9. Random seed: 9754
Solving with ultrametric constraint
Initial phi: 0.9347022102130292. Initial nu: 0.13848836630520522. Initial nllh: 2035.4062359660609
EM finished after 10 iterations.
Optimal point found for initial point 9
Negative llh: 359.86769303655643
Dropout rate: 0
Silencing rate: 1.653238627266962e-07
Initial point 10. Random seed: 2961
Solving with ultrametric constraint
Initial phi: 0.5425145392768945. Initial nu: 0.9214906828178695. Initial nllh: 1083.653798407165
EM finished after 13 iterations.
Optimal point found for initial point 10
Negative llh: 359.86769291230695
Dropout rate: 0
Silencing rate: 1.6556544595534092e-07
Runtime (s): 10.94098571734503
