Launching Problin version 0.5b
Problin was called as follow: /u/gh2161/Spatial-Division/problin/run_problin.py -c intmem_real_data/s4c4/characters.txt -t intmem_real_data/s4c4/true_tree.nwk -S intmem_real_data/s4c4/leaf_locations.txt --delimiter comma -p intmem_real_data/s4c4/prior.csv -o intmem_real_data/s4c4/spalin-divide-beta7.txt --nInitials 10 --ultrametric --randomreps 3 --divide --radius 7
Optimization by Spalin-Divide: Scipy-SLSQP using spatial information
Optimizing branch lengths, phi, and nu without topology search
Initial point 1. Random seed: 536
Solving with ultrametric constraint
Optimal point found for initial point 1
Negative llh: 52.010245383483664
Dropout rate: 1.1352201030105009e-10
Silencing rate: 1.0505381355970045e-10
Sigma: 0.9472325227335439
Lambda: 0.018816277364016785
Initial point 2. Random seed: 6183
Solving with ultrametric constraint
Optimal point found for initial point 2
Negative llh: 52.00914696837435
Dropout rate: 1.2450193227032566e-10
Silencing rate: 1.0001135561036839e-10
Sigma: 0.9454482849611826
Lambda: 0.01881891251489753
Initial point 3. Random seed: 847
Solving with ultrametric constraint
Optimal point found for initial point 3
Negative llh: 52.00914716037082
Dropout rate: 1e-10
Silencing rate: 1e-10
Sigma: 0.9454341618466633
Lambda: 0.01881910599818708
Initial point 4. Random seed: 1195
Solving with ultrametric constraint
Optimal point found for initial point 4
Negative llh: 81.78382585979631
Dropout rate: 1.2398128112370742e-10
Silencing rate: 1.0257080666351707e-10
Sigma: 1.1008333628453282
Lambda: 0.0009785550797546698
Initial point 5. Random seed: 1219
Solving with ultrametric constraint
Optimal point found for initial point 5
Negative llh: 52.01102352799262
Dropout rate: 2.0583577344768477e-10
Silencing rate: 3.289916351719777e-10
Sigma: 0.9476507236446315
Lambda: 0.01881561261996289
Initial point 6. Random seed: 174
Solving with ultrametric constraint
Optimal point found for initial point 6
Negative llh: 52.00914694293141
Dropout rate: 2.8411344710419683e-10
Silencing rate: 4.5119630495076475e-10
Sigma: 0.9454721758004933
Lambda: 0.018818840891663892
Initial point 7. Random seed: 1522
Solving with ultrametric constraint
Optimal point found for initial point 7
Negative llh: 52.009799902004474
Dropout rate: 1e-10
Silencing rate: 1e-10
Sigma: 0.946860289597977
Lambda: 0.018815357990473888
Initial point 8. Random seed: 8636
Solving with ultrametric constraint
Optimal point found for initial point 8
Negative llh: 52.00914688627273
Dropout rate: 1e-10
Silencing rate: 1.0000000000000002e-10
Sigma: 0.9454647816547876
Lambda: 0.018818749120938217
Initial point 9. Random seed: 6802
Solving with ultrametric constraint
Optimal point found for initial point 9
Negative llh: 52.0091469893939
Dropout rate: 1e-10
Silencing rate: 1e-10
Sigma: 0.9454335543016481
Lambda: 0.018816888365495978
Initial point 10. Random seed: 7641
Solving with ultrametric constraint
Optimal point found for initial point 10
Negative llh: 52.009146992593955
Dropout rate: 1e-10
Silencing rate: 1e-10
Sigma: 0.9454445959909341
Lambda: 0.018817684165351727
{'lambda_param': 0.018818749120938217, 'phi': 1e-10, 'nu': 1.0000000000000002e-10, 'sigma': 0.9454647816547876, 'locations': {'216_7': (299.0, 79.0), '216_6': (339.0, 113.0), '216_5': (305.0, 116.0), '216_4': (287.0, 87.0), '216_3': (300.0, 106.0)}, 'radius': 7.0, 'thetas': {'195_3': 15.619964002578527, '150_3': -42.99317267422282, '197_3': 19.820285234721275, '86_3': 50.3657452948456}}
Runtime (s): 52.998442941345274
