Launching Problin version 0.5b
Problin was called as follow: /u/gh2161/Spatial-Division/problin/run_problin.py -c intmem_real_data/s11c1/characters.txt -t intmem_real_data/s11c1/true_tree.nwk -S intmem_real_data/s11c1/leaf_locations.txt --delimiter comma -p intmem_real_data/s11c1/prior.csv -o intmem_real_data/s11c1/spalin-divide-beta5_spatialonly.txt --nInitials 10 --ultrametric --randomreps 3 --divide --radius 5 --spatial_only
Optimization by Spalin-Divide: Scipy-SLSQP using spatial information
Optimizing branch lengths, phi, and nu without topology search
only spatial
only spatial
Initial point 1. Random seed: 3523
Solving with ultrametric constraint
Optimal point found for initial point 1
Negative llh: 40.097818145257605
Dropout rate: 0.13972115203164295
Silencing rate: 0.4605485898558513
Sigma: 1.6422232526861649
Lambda: 1.0
Initial point 2. Random seed: 4139
Solving with ultrametric constraint
Optimal point found for initial point 2
Negative llh: 40.09781813520613
Dropout rate: 0.17316484343232996
Silencing rate: 0.6676946846223168
Sigma: 1.6416456844903218
Lambda: 1.0
Initial point 3. Random seed: 4017
Solving with ultrametric constraint
Optimal point found for initial point 3
Negative llh: 40.0978183041628
Dropout rate: 0.7917143779393979
Silencing rate: 0.8154672577302248
Sigma: 1.6391113049352568
Lambda: 1.0
Initial point 4. Random seed: 2567
Solving with ultrametric constraint
Optimal point found for initial point 4
Negative llh: 40.09781815997714
Dropout rate: 0.5505076569339731
Silencing rate: 0.03138605357384579
Sigma: 1.7302853152953845
Lambda: 1.0
Initial point 5. Random seed: 2665
Solving with ultrametric constraint
Optimal point found for initial point 5
Negative llh: 40.09781816801119
Dropout rate: 0.6785386829634938
Silencing rate: 0.5694311644513004
Sigma: 1.7063621346826445
Lambda: 1.0
Initial point 6. Random seed: 9289
Solving with ultrametric constraint
Optimal point found for initial point 6
Negative llh: 40.09781826661823
Dropout rate: 0.5594529393447778
Silencing rate: 0.9553373082911053
Sigma: 1.640894557724201
Lambda: 1.0
Initial point 7. Random seed: 509
Solving with ultrametric constraint
Optimal point found for initial point 7
Negative llh: 40.09781815017192
Dropout rate: 0.5873243829040324
Silencing rate: 0.8865546672832326
Sigma: 1.646110769156863
Lambda: 1.0
Initial point 8. Random seed: 589
Solving with ultrametric constraint
Optimal point found for initial point 8
Negative llh: 40.09781824365481
Dropout rate: 0.4063718063248485
Silencing rate: 0.5012280124746895
Sigma: 1.6391202264784914
Lambda: 1.0
Initial point 9. Random seed: 7807
Solving with ultrametric constraint
Optimal point found for initial point 9
Negative llh: 40.09781820543467
Dropout rate: 0.29687043148237735
Silencing rate: 0.05755357268387598
Sigma: 1.6466601667989855
Lambda: 1.0
Initial point 10. Random seed: 8255
Solving with ultrametric constraint
Optimal point found for initial point 10
Negative llh: 40.097818117013915
Dropout rate: 0.9040655467759116
Silencing rate: 0.46493357459851603
Sigma: 1.7284512567503116
Lambda: 1.0
{'lambda_param': 1.0, 'phi': 0.9040655467759116, 'nu': 0.46493357459851603, 'sigma': 1.7284512567503116, 'locations': {'216_6': (196.0, 331.0), '216_5': (199.0, 347.0), '216_4': (198.0, 368.0), '216_3': (203.0, 393.0), '216_2': (133.0, 368.0), '216_1': (140.0, 391.0)}, 'radius': 5.0, 'thetas': {'165_4': 1.3734226124984374, '167_5': 7.668636905144475, '95_3': 1.4879064755786828, '154_2': 1.2753569988627138, '28_1': -0.2941139673492652}}
Runtime (s): 52.56041042506695
