Launching Problin version 0.5b
Problin was called as follow: /u/gh2161/Spatial-Division/problin/run_problin.py -c real_location_data/s16c8/k10_r5_character_matrix.csv -t real_location_data/s16c8/true_tree.nwk -S real_location_data/s16c8/leaf_locations.txt --delimiter comma -p real_location_data/s16c8/k10_priors.csv -o real_location_data/s16c8/k10_r5_spalin-divide-beta10.txt --nInitials 10 --ultrametric --randomreps 3 --divide --radius 10
Optimization by Spalin-Divide: Scipy-SLSQP using spatial information
Optimizing branch lengths, phi, and nu without topology search
Initial point 1. Random seed: 5172
Solving with ultrametric constraint
Optimal point found for initial point 1
Negative llh: 121.16240537061624
Dropout rate: 3.2712063524263517e-10
Silencing rate: 1.0164663834272716e-10
Sigma: 1.3895460022964317
Initial point 2. Random seed: 562
Solving with ultrametric constraint
Optimal point found for initial point 2
Negative llh: 121.16240892190132
Dropout rate: 1.5654554260707106e-08
Silencing rate: 1.4810686389894507e-08
Sigma: 1.3895362787343497
Initial point 3. Random seed: 6982
Solving with ultrametric constraint
Optimal point found for initial point 3
Negative llh: 121.16240542345122
Dropout rate: 1e-10
Silencing rate: 1e-10
Sigma: 1.3895035815758823
Initial point 4. Random seed: 1503
Solving with ultrametric constraint
Optimal point found for initial point 4
Negative llh: 121.16365067814314
Dropout rate: 2.4367061735653716e-10
Silencing rate: 1e-10
Sigma: 1.3894250962277925
Initial point 5. Random seed: 1856
Solving with ultrametric constraint
Optimal point found for initial point 5
Negative llh: 143.25941696529978
Dropout rate: 5.075309464274098e-10
Silencing rate: 2.1195533851301547e-10
Sigma: 1.3510407619183866
Initial point 6. Random seed: 6829
Solving with ultrametric constraint
Optimal point found for initial point 6
Negative llh: 121.16240568557117
Dropout rate: 1.070917044638221e-10
Silencing rate: 1.0000629604788711e-10
Sigma: 1.3895395204649514
Initial point 7. Random seed: 741
Solving with ultrametric constraint
Optimal point found for initial point 7
Negative llh: 121.16251590705932
Dropout rate: 3.3902052689291385e-10
Silencing rate: 1.0358340557019775e-10
Sigma: 1.3896119250037942
Initial point 8. Random seed: 7996
Solving with ultrametric constraint
Optimal point found for initial point 8
Negative llh: 121.16240613774104
Dropout rate: 2.657610080590289e-10
Silencing rate: 1.0004792429702868e-10
Sigma: 1.3895704480944242
Initial point 9. Random seed: 1440
Solving with ultrametric constraint
Optimal point found for initial point 9
Negative llh: 121.16307506365898
Dropout rate: 1.0000000000000002e-10
Silencing rate: 1e-10
Sigma: 1.3901492647364257
Initial point 10. Random seed: 6128
Solving with ultrametric constraint
Optimal point found for initial point 10
Negative llh: 121.16240589353441
Dropout rate: 3.446123407611012e-10
Silencing rate: 1e-10
Sigma: 1.3894376893688223
Runtime (s): 463.6662096539512
