Launching Problin version 0.5b
Problin was called as follow: /u/gh2161/Spatial-Division/problin/run_problin.py -c real_location_data/s16c8/k10_r5_character_matrix.csv -t real_location_data/s16c8/true_tree.nwk -S real_location_data/s16c8/leaf_locations.txt --delimiter comma -p real_location_data/s16c8/k10_priors.csv -o real_location_data/s16c8/k10_r5_spalin-divide-beta1.txt --nInitials 10 --ultrametric --randomreps 3 --divide --radius 1
Optimization by Spalin-Divide: Scipy-SLSQP using spatial information
Optimizing branch lengths, phi, and nu without topology search
Initial point 1. Random seed: 1834
Solving with ultrametric constraint
Optimal point found for initial point 1
Negative llh: 136.69591205685822
Dropout rate: 1.0000000000000002e-10
Silencing rate: 1.0000000000000002e-10
Sigma: 1.8615179650230451
Initial point 2. Random seed: 4606
Solving with ultrametric constraint
Optimal point found for initial point 2
Negative llh: 136.695912030897
Dropout rate: 1e-10
Silencing rate: 1e-10
Sigma: 1.8615089091205494
Initial point 3. Random seed: 6861
Solving with ultrametric constraint
Optimal point found for initial point 3
Negative llh: 136.69600676665408
Dropout rate: 1.553060997483572e-10
Silencing rate: 1.0238228451898697e-10
Sigma: 1.8612852293895676
Initial point 4. Random seed: 6653
Solving with ultrametric constraint
Optimal point found for initial point 4
Negative llh: 136.69619830736661
Dropout rate: 1e-10
Silencing rate: 1e-10
Sigma: 1.8612211519864044
Initial point 5. Random seed: 5497
Solving with ultrametric constraint
Optimal point found for initial point 5
Negative llh: 136.6962955696209
Dropout rate: 1e-10
Silencing rate: 1e-10
Sigma: 1.8604682357052407
Initial point 6. Random seed: 7487
Solving with ultrametric constraint
Optimal point found for initial point 6
Negative llh: 158.33034328852474
Dropout rate: 2.986153896676607e-10
Silencing rate: 1.4867993082523542e-10
Sigma: 1.765900097648007
Initial point 7. Random seed: 4447
Solving with ultrametric constraint
Optimal point found for initial point 7
Negative llh: 136.69596030270935
Dropout rate: 3.378865433325987e-10
Silencing rate: 1.0001960380387187e-10
Sigma: 1.8614019305673035
Initial point 8. Random seed: 4563
Solving with ultrametric constraint
Optimal point found for initial point 8
Negative llh: 136.6961300337416
Dropout rate: 9.999999999999996e-11
Silencing rate: 1e-10
Sigma: 1.8617145492755418
Initial point 9. Random seed: 3904
Solving with ultrametric constraint
Optimal point found for initial point 9
Negative llh: 136.69591215555047
Dropout rate: 2.0948813309179016e-10
Silencing rate: 1.5533476540068585e-10
Sigma: 1.8614689738248626
Initial point 10. Random seed: 6336
Solving with ultrametric constraint
Optimal point found for initial point 10
Negative llh: 136.69645430073984
Dropout rate: 1e-10
Silencing rate: 1e-10
Sigma: 1.8612791692599062
Runtime (s): 391.82497774995863
