Launching Problin version 0.5b
Problin was called as follow: /u/gh2161/Spatial-Division/problin/run_problin.py -c real_location_data/s16c8/k10_r5_character_matrix.csv -t real_location_data/s16c8/true_tree.nwk -S real_location_data/s16c8/leaf_locations.txt --delimiter comma -p real_location_data/s16c8/k10_priors.csv -o real_location_data/s16c8/k10_r5_spalin-divide-beta7.txt --nInitials 10 --ultrametric --randomreps 3 --divide --radius 7
Optimization by Spalin-Divide: Scipy-SLSQP using spatial information
Optimizing branch lengths, phi, and nu without topology search
Initial point 1. Random seed: 653
Solving with ultrametric constraint
Optimal point found for initial point 1
Negative llh: 125.95792878727946
Dropout rate: 1.0000000000000002e-10
Silencing rate: 1e-10
Sigma: 1.4938658772029036
Initial point 2. Random seed: 6766
Solving with ultrametric constraint
Optimal point found for initial point 2
Negative llh: 125.9579042082091
Dropout rate: 1e-10
Silencing rate: 1e-10
Sigma: 1.493734182709395
Initial point 3. Random seed: 6099
Solving with ultrametric constraint
Optimal point found for initial point 3
Negative llh: 125.95790384092585
Dropout rate: 3.5543378705919157e-10
Silencing rate: 1.0168038602865117e-10
Sigma: 1.4937413748227273
Initial point 4. Random seed: 4819
Solving with ultrametric constraint
Optimal point found for initial point 4
Negative llh: 125.9581728266609
Dropout rate: 1.0000000000000002e-10
Silencing rate: 1e-10
Sigma: 1.4935957711395231
Initial point 5. Random seed: 5315
Solving with ultrametric constraint
Optimal point found for initial point 5
Negative llh: 125.95804526143728
Dropout rate: 3.342862785042798e-10
Silencing rate: 1.0002220662061385e-10
Sigma: 1.494007880124215
Initial point 6. Random seed: 5964
Solving with ultrametric constraint
Optimal point found for initial point 6
Negative llh: 125.95811600881973
Dropout rate: 9.999999999999996e-11
Silencing rate: 1e-10
Sigma: 1.4940461899341504
Initial point 7. Random seed: 6759
Solving with ultrametric constraint
Optimal point found for initial point 7
Negative llh: 125.9580190989424
Dropout rate: 8.604561691397854e-10
Silencing rate: 6.560892160230183e-10
Sigma: 1.493785501835048
Initial point 8. Random seed: 5660
Solving with ultrametric constraint
Optimal point found for initial point 8
Negative llh: 147.75551611361846
Dropout rate: 7.017284641649538e-10
Silencing rate: 2.854792292987985e-10
Sigma: 1.4430928685455489
Initial point 9. Random seed: 1811
Solving with ultrametric constraint
Optimal point found for initial point 9
Negative llh: 125.95846625449956
Dropout rate: 3.069238461178171e-10
Silencing rate: 1.000195089683942e-10
Sigma: 1.4935559675327084
Initial point 10. Random seed: 9100
Solving with ultrametric constraint
Optimal point found for initial point 10
Negative llh: 147.75438006901527
Dropout rate: 1e-10
Silencing rate: 1e-10
Sigma: 1.4417809690256376
Runtime (s): 184.31892530806363
