Launching Problin version 0.5b
Problin was called as follow: /u/gh2161/Spatial-Division/problin/run_problin.py -c real_location_data/s16c8/k10_r2_character_matrix.csv -t real_location_data/s16c8/true_tree.nwk -S real_location_data/s16c8/leaf_locations.txt --delimiter comma -p real_location_data/s16c8/k10_priors.csv -o real_location_data/s16c8/k10_r2_spalin-divide-beta1.txt --nInitials 10 --ultrametric --randomreps 3 --divide --radius 1
Optimization by Spalin-Divide: Scipy-SLSQP using spatial information
Optimizing branch lengths, phi, and nu without topology search
Initial point 1. Random seed: 1996
Solving with ultrametric constraint
Optimal point found for initial point 1
Negative llh: 158.1275760042927
Dropout rate: 1e-10
Silencing rate: 1e-10
Sigma: 1.7772747210355175
Initial point 2. Random seed: 1283
Solving with ultrametric constraint
Optimal point found for initial point 2
Negative llh: 144.1801159671052
Dropout rate: 2.9304721749502213e-10
Silencing rate: 1.00354266564279e-10
Sigma: 1.8734512390642435
Initial point 3. Random seed: 5524
Solving with ultrametric constraint
Optimal point found for initial point 3
Negative llh: 144.18054189308992
Dropout rate: 1.0990736818671932e-10
Silencing rate: 1.0000040832223421e-10
Sigma: 1.8739376521877804
Initial point 4. Random seed: 1295
Solving with ultrametric constraint
Optimal point found for initial point 4
Negative llh: 144.18011556691312
Dropout rate: 1e-10
Silencing rate: 1e-10
Sigma: 1.8734526933401952
Initial point 5. Random seed: 1907
Solving with ultrametric constraint
Optimal point found for initial point 5
Negative llh: 158.11648781067686
Dropout rate: 2.2324617542714392e-10
Silencing rate: 1.329287815960252e-10
Sigma: 1.7763191555749307
Initial point 6. Random seed: 8036
Solving with ultrametric constraint
Optimal point found for initial point 6
Negative llh: 144.18011582098504
Dropout rate: 1e-10
Silencing rate: 1e-10
Sigma: 1.8735282616083995
Initial point 7. Random seed: 142
Solving with ultrametric constraint
Optimal point found for initial point 7
Negative llh: 158.11328037153228
Dropout rate: 2.3679702928268754e-10
Silencing rate: 1.1681318225754565e-10
Sigma: 1.7767799391105008
Initial point 8. Random seed: 8146
Solving with ultrametric constraint
Optimal point found for initial point 8
Negative llh: 158.13270335690726
Dropout rate: 1e-10
Silencing rate: 1e-10
Sigma: 1.774748318091221
Initial point 9. Random seed: 7939
Solving with ultrametric constraint
Optimal point found for initial point 9
Negative llh: 144.18011961132243
Dropout rate: 1e-10
Silencing rate: 1e-10
Sigma: 1.8735847823281753
Initial point 10. Random seed: 3606
Solving with ultrametric constraint
Optimal point found for initial point 10
Negative llh: 144.1801160673656
Dropout rate: 1e-10
Silencing rate: 1e-10
Sigma: 1.8734760388985734
Runtime (s): 473.2271713828668
