Launching Problin version 0.5b
Problin was called as follow: /u/gh2161/Spatial-Division/problin/run_problin.py -c real_location_data/s16c8/k10_r3_character_matrix.csv -t real_location_data/s16c8/true_tree.nwk -S real_location_data/s16c8/leaf_locations.txt --delimiter comma -p real_location_data/s16c8/k10_priors.csv -o real_location_data/s16c8/k10_r3_spalin-divide-beta3.txt --nInitials 10 --ultrametric --randomreps 3 --divide --radius 3
Optimization by Spalin-Divide: Scipy-SLSQP using spatial information
Optimizing branch lengths, phi, and nu without topology search
Initial point 1. Random seed: 6694
Solving with ultrametric constraint
Optimal point found for initial point 1
Negative llh: 144.00778895077624
Dropout rate: 1e-10
Silencing rate: 1e-10
Sigma: 1.7023362198778722
Initial point 2. Random seed: 6942
Solving with ultrametric constraint
Optimal point found for initial point 2
Negative llh: 144.0077891579918
Dropout rate: 4.088777032264242e-10
Silencing rate: 1.8999655449942754e-10
Sigma: 1.7023574637789296
Initial point 3. Random seed: 8703
Solving with ultrametric constraint
Optimal point found for initial point 3
Negative llh: 144.00778930385866
Dropout rate: 9.999999999999996e-11
Silencing rate: 1.0000000000000002e-10
Sigma: 1.7023224255341416
Initial point 4. Random seed: 3926
Solving with ultrametric constraint
Optimal point found for initial point 4
Negative llh: 155.35273644871245
Dropout rate: 1.0000000000000007e-10
Silencing rate: 1.0000000000000002e-10
Sigma: 1.5810446861796519
Initial point 5. Random seed: 3423
Solving with ultrametric constraint
Optimal point found for initial point 5
Negative llh: 155.35114043681565
Dropout rate: 1e-10
Silencing rate: 1e-10
Sigma: 1.5793948020750221
Initial point 6. Random seed: 9461
Solving with ultrametric constraint
Optimal point found for initial point 6
Negative llh: 144.00796621253184
Dropout rate: 3.5587369589975387e-10
Silencing rate: 1.0002842218814581e-10
Sigma: 1.70228850680769
Initial point 7. Random seed: 8322
Solving with ultrametric constraint
Optimal point found for initial point 7
Negative llh: 144.00800538679817
Dropout rate: 4.6558543632747757e-10
Silencing rate: 1.0001515774097602e-10
Sigma: 1.7024217205008754
Initial point 8. Random seed: 1101
Solving with ultrametric constraint
Optimal point found for initial point 8
Negative llh: 144.00804292038347
Dropout rate: 4.126620147920749e-10
Silencing rate: 1.0011042370579754e-10
Sigma: 1.7026917383836762
Initial point 9. Random seed: 1598
Solving with ultrametric constraint
Optimal point found for initial point 9
Negative llh: 144.00798175096344
Dropout rate: 1.3736754285589311e-10
Silencing rate: 1.0006123192108254e-10
Sigma: 1.7023746105920183
Initial point 10. Random seed: 9606
Solving with ultrametric constraint
Optimal point found for initial point 10
Negative llh: 144.0077889335761
Dropout rate: 1e-10
Silencing rate: 1e-10
Sigma: 1.7023029842704755
Runtime (s): 335.6642202939838
