Launching Problin version 0.5b
Problin was called as follow: /u/gh2161/Spatial-Division/problin/run_problin.py -c real_location_data/s21c5/k10_r2_character_matrix.csv -t real_location_data/s21c5/true_tree.nwk -S real_location_data/s21c5/leaf_locations.txt --delimiter comma -p real_location_data/s21c5/k10_priors.csv -o real_location_data/s21c5/k10_r2_spalin-divide-beta5_10_range.txt --nInitials 10 --ultrametric --randomreps 3 --divide --given_lower_beta 5 --given_upper_beta 10 --incl_beta_bound
Optimization by Spalin-Divide: Scipy-SLSQP using spatial information
{'sigma': 22, 'nu': 1e-10, 'phi': 1e-10, 'lower_beta': 5.0, 'upper_beta': 10.0, 'incl_beta_bound': True, 'displacement_amounts': {}}
Optimizing branch lengths, phi, and nu without topology search
Initial point 1. Random seed: 5077
Solving with ultrametric constraint
Optimal point found for initial point 1
Negative llh: 162.44493809345215
Dropout rate: 4.913226602423122e-09
Silencing rate: 4.182898264409533e-09
Sigma: 4.825454385977191
Initial point 2. Random seed: 8723
Solving with ultrametric constraint
Optimal point found for initial point 2
Negative llh: 162.44716954025418
Dropout rate: 6.376518829784726e-08
Silencing rate: 4.9242814687109765e-08
Sigma: 4.821895704667817
Initial point 3. Random seed: 3671
Solving with ultrametric constraint
Optimal point found for initial point 3
Negative llh: 157.50565301458406
Dropout rate: 1.0000208239094159e-10
Silencing rate: 1.0000169129847827e-10
Sigma: 4.479803400005155
Initial point 4. Random seed: 1482
Solving with ultrametric constraint
Optimal point found for initial point 4
Negative llh: 162.69033598550718
Dropout rate: 1e-10
Silencing rate: 1e-10
Sigma: 4.850498050183531
Initial point 5. Random seed: 1579
Solving with ultrametric constraint
Optimal point found for initial point 5
Negative llh: 162.44606073575892
Dropout rate: 2.2646859139675666e-08
Silencing rate: 1.921060629681818e-08
Sigma: 4.825516802086914
Initial point 6. Random seed: 8576
Solving with ultrametric constraint
Optimal point found for initial point 6
Negative llh: 156.86739899306662
Dropout rate: 1.2309465501156002e-10
Silencing rate: 1.0266578098465331e-10
Sigma: 4.388677344306612
Initial point 7. Random seed: 7402
Solving with ultrametric constraint
Optimal point found for initial point 7
Negative llh: 162.43059503862946
Dropout rate: 1.0000000000000007e-10
Silencing rate: 1.0000000000000007e-10
Sigma: 4.824668181146174
Initial point 8. Random seed: 9939
Solving with ultrametric constraint
Optimal point found for initial point 8
Negative llh: 162.45040596225007
Dropout rate: 3.600628359880767e-08
Silencing rate: 2.4976683435675103e-08
Sigma: 4.820823230066164
Initial point 9. Random seed: 3372
Solving with ultrametric constraint
Optimal point found for initial point 9
Negative llh: 162.4395871002711
Dropout rate: 3.83910713263037e-08
Silencing rate: 1.529816677974295e-08
Sigma: 4.824310347353152
Initial point 10. Random seed: 4663
Solving with ultrametric constraint
Optimal point found for initial point 10
Negative llh: 160.97055252305486
Dropout rate: 1.0000243568491141e-10
Silencing rate: 1.0000204922759393e-10
Sigma: 4.780075076852584
Runtime (s): 475.6203425419517
