Launching Problin version 0.5b
Problin was called as follow: /u/gh2161/Spatial-Division/problin/run_problin.py -c real_location_data/s21c5/k10_r4_character_matrix.csv -t real_location_data/s21c5/true_tree.nwk --delimiter comma -p real_location_data/s21c5/k10_priors.csv -o real_location_data/s21c5/k10_r4_problin.txt --nInitials 10 --ultrametric --randomreps 3 --solver Scipy
Optimization by generic solver (Scipy-SLSQP)
Optimizing branch lengths, phi, and nu without topology search
Initial point 1. Random seed: 1380
Solving with ultrametric constraint
Optimal point found for initial point 1
Negative llh: 88.66910409106085
Dropout rate: 1.65458415254873e-10
Silencing rate: 1.4736520499366413e-10
Lambda: 0.006317901820879241
Initial point 2. Random seed: 6621
Solving with ultrametric constraint
Optimal point found for initial point 2
Negative llh: 88.66911034697443
Dropout rate: 1e-10
Silencing rate: 1e-10
Lambda: 0.006319061752106694
Initial point 3. Random seed: 8632
Solving with ultrametric constraint
Optimal point found for initial point 3
Negative llh: 88.66910425917575
Dropout rate: 8.547699918835036e-10
Silencing rate: 6.379660746015067e-10
Lambda: 0.00631804644000541
Initial point 4. Random seed: 7862
Solving with ultrametric constraint
Optimal point found for initial point 4
Negative llh: 88.66956615796472
Dropout rate: 1e-10
Silencing rate: 1e-10
Lambda: 0.006312025314755624
Initial point 5. Random seed: 4247
Solving with ultrametric constraint
Optimal point found for initial point 5
Negative llh: 88.66910404699338
Dropout rate: 1.0000000000000007e-10
Silencing rate: 1.0000000000000007e-10
Lambda: 0.006318027424615271
Initial point 6. Random seed: 8958
Solving with ultrametric constraint
Optimal point found for initial point 6
Negative llh: 88.66940546236532
Dropout rate: 1.8486615905856745e-10
Silencing rate: 1.5810958620892974e-10
Lambda: 0.006319269023340225
Initial point 7. Random seed: 5296
Solving with ultrametric constraint
Optimal point found for initial point 7
Negative llh: 88.6691044289212
Dropout rate: 1.2879592292741693e-10
Silencing rate: 1.1969785462850587e-10
Lambda: 0.006317870238949434
Initial point 8. Random seed: 8854
Solving with ultrametric constraint
Optimal point found for initial point 8
Negative llh: 88.66910431277392
Dropout rate: 1e-10
Silencing rate: 1e-10
Lambda: 0.006317749275940917
Initial point 9. Random seed: 7083
Solving with ultrametric constraint
Optimal point found for initial point 9
Negative llh: 88.66910399554789
Dropout rate: 1e-10
Silencing rate: 1e-10
Lambda: 0.006317912042147616
Initial point 10. Random seed: 3289
Solving with ultrametric constraint
Optimal point found for initial point 10
Negative llh: 88.66954999648156
Dropout rate: 9.999999999999924e-11
Silencing rate: 1.0000000000000751e-10
Lambda: 0.006318252689957282
{'phi': 1e-10, 'nu': 1e-10, 'lambda_param': 0.006317912042147616}
Runtime (s): 55.05726461485028
