Launching Problin version 0.5b
Problin was called as follow: /u/gh2161/Spatial-Division/problin/run_problin.py -c real_location_data/s21c5/k10_r3_character_matrix.csv -t real_location_data/s21c5/true_tree.nwk -S real_location_data/s21c5/leaf_locations.txt --delimiter comma -p real_location_data/s21c5/k10_priors.csv -o real_location_data/s21c5/k10_r3_spalin-divide-beta6.txt --nInitials 10 --ultrametric --randomreps 3 --divide --given_beta 6 --incl_beta_bound
Optimization by Spalin-Divide: Scipy-SLSQP using spatial information
Optimizing branch lengths, phi, and nu without topology search
Initial point 1. Random seed: 409
Solving with ultrametric constraint
Optimal point found for initial point 1
Negative llh: 186.54712836430403
Dropout rate: 3.1489300147087014e-10
Silencing rate: 2.3186327887526427e-10
Sigma: 5.042451634722565
Initial point 2. Random seed: 4525
Solving with ultrametric constraint
Optimal point found for initial point 2
Negative llh: 186.54712447827262
Dropout rate: 1.0000000000000002e-10
Silencing rate: 1.0000000000000002e-10
Sigma: 5.042405865342577
Initial point 3. Random seed: 3226
Solving with ultrametric constraint
Optimal point found for initial point 3
Negative llh: 186.5471243872476
Dropout rate: 1e-10
Silencing rate: 1e-10
Sigma: 5.042427607048965
Initial point 4. Random seed: 6925
Solving with ultrametric constraint
Optimal point found for initial point 4
Negative llh: 186.54712434396532
Dropout rate: 3.1308572724991507e-10
Silencing rate: 2.3141528803068215e-10
Sigma: 5.0424295714378085
Initial point 5. Random seed: 6934
Solving with ultrametric constraint
Optimal point found for initial point 5
Negative llh: 186.54712466457323
Dropout rate: 1.1163279932680407e-10
Silencing rate: 1.059960153807551e-10
Sigma: 5.042453913834029
Initial point 6. Random seed: 7196
Solving with ultrametric constraint
Optimal point found for initial point 6
Negative llh: 186.54712438283866
Dropout rate: 3.217171481713956e-10
Silencing rate: 3.879493836885271e-10
Sigma: 5.042429215294957
Initial point 7. Random seed: 5486
Solving with ultrametric constraint
Optimal point found for initial point 7
Negative llh: 186.54712550544457
Dropout rate: 1.453601649713795e-10
Silencing rate: 1.2222572630030942e-10
Sigma: 5.042451064851069
Initial point 8. Random seed: 1470
Solving with ultrametric constraint
Optimal point found for initial point 8
Negative llh: 186.54712429730247
Dropout rate: 1e-10
Silencing rate: 1e-10
Sigma: 5.042419874560905
Initial point 9. Random seed: 1192
Solving with ultrametric constraint
Optimal point found for initial point 9
Negative llh: 186.54713000914452
Dropout rate: 9.999999999999996e-11
Silencing rate: 1.0000000000000002e-10
Sigma: 5.042417555401663
Initial point 10. Random seed: 7891
Solving with ultrametric constraint
Optimal point found for initial point 10
Negative llh: 186.5471247747248
Dropout rate: 1.0614805239205364e-09
Silencing rate: 1.0153105237189558e-09
Sigma: 5.042446313863297
Runtime (s): 458.48723571561277
