Launching Problin version 0.5b
Problin was called as follow: /u/gh2161/Spatial-Division/problin/run_problin.py -c real_location_data/s21c5/k10_r1_character_matrix.csv -t real_location_data/s21c5/true_tree.nwk -S real_location_data/s21c5/leaf_locations.txt --delimiter comma -p real_location_data/s21c5/k10_priors.csv -o real_location_data/s21c5/k10_r1_spalin-divide-beta2.txt --nInitials 10 --ultrametric --randomreps 3 --divide --given_beta 2 --incl_beta_bound
Optimization by Spalin-Divide: Scipy-SLSQP using spatial information
Optimizing branch lengths, phi, and nu without topology search
Initial point 1. Random seed: 2969
Solving with ultrametric constraint
Optimal point found for initial point 1
Negative llh: 182.38152877091568
Dropout rate: 1.0000000000000002e-10
Silencing rate: 1e-10
Sigma: 5.514991542804087
Initial point 2. Random seed: 1192
Solving with ultrametric constraint
Optimal point found for initial point 2
Negative llh: 182.3815287606373
Dropout rate: 2.642955261697182e-10
Silencing rate: 2.062021370813386e-10
Sigma: 5.514964826373492
Initial point 3. Random seed: 5105
Solving with ultrametric constraint
Optimal point found for initial point 3
Negative llh: 182.38152932499548
Dropout rate: 1.0000000000000007e-10
Silencing rate: 1.0000000000000007e-10
Sigma: 5.514898183776214
Initial point 4. Random seed: 2194
Solving with ultrametric constraint
Optimal point found for initial point 4
Negative llh: 182.38152848904818
Dropout rate: 1.0000000000000002e-10
Silencing rate: 1.0000000000000002e-10
Sigma: 5.514900561328884
Initial point 5. Random seed: 4946
Solving with ultrametric constraint
Optimal point found for initial point 5
Negative llh: 182.38152887609303
Dropout rate: 8.406995595059615e-10
Silencing rate: 6.373351594442928e-10
Sigma: 5.514909469171225
Initial point 6. Random seed: 2282
Solving with ultrametric constraint
Optimal point found for initial point 6
Negative llh: 182.38152900680183
Dropout rate: 1e-10
Silencing rate: 1e-10
Sigma: 5.514828899602143
Initial point 7. Random seed: 8301
Solving with ultrametric constraint
Optimal point found for initial point 7
Negative llh: 182.38152899071284
Dropout rate: 1e-10
Silencing rate: 1e-10
Sigma: 5.514833911744523
Initial point 8. Random seed: 2687
Solving with ultrametric constraint
Optimal point found for initial point 8
Negative llh: 182.38153164636054
Dropout rate: 3.0758871802404357e-10
Silencing rate: 2.513347316087373e-10
Sigma: 5.515117448021994
Initial point 9. Random seed: 3548
Solving with ultrametric constraint
Optimal point found for initial point 9
Negative llh: 182.38152944410385
Dropout rate: 1e-10
Silencing rate: 1e-10
Sigma: 5.514926139484517
Initial point 10. Random seed: 1112
Solving with ultrametric constraint
Optimal point found for initial point 10
Negative llh: 182.38153070106597
Dropout rate: 1.2898407154216712e-09
Silencing rate: 7.015826853749513e-10
Sigma: 5.514921878796583
Runtime (s): 320.0310558807105
