Launching Problin version 0.5b
Problin was called as follow: /u/gh2161/Spatial-Division/problin/run_problin.py -c real_location_data/s21c5/k10_r3_character_matrix.csv -t real_location_data/s21c5/true_tree.nwk -S real_location_data/s21c5/leaf_locations.txt --delimiter comma -p real_location_data/s21c5/k10_priors.csv -o real_location_data/s21c5/k10_r3_spalin-divide-beta20.txt --nInitials 10 --ultrametric --randomreps 3 --divide --given_beta 20 --incl_beta_bound
Optimization by Spalin-Divide: Scipy-SLSQP using spatial information
Optimizing branch lengths, phi, and nu without topology search
Initial point 1. Random seed: 4237
Solving with ultrametric constraint
Optimal point found for initial point 1
Negative llh: 188.51093522746265
Dropout rate: 1.5787856408401606e-10
Silencing rate: 1.2343363893605942e-10
Sigma: 4.379230237127774
Initial point 2. Random seed: 6800
Solving with ultrametric constraint
Optimal point found for initial point 2
Negative llh: 188.5109356203011
Dropout rate: 9.999999999999996e-11
Silencing rate: 1.0000000000000002e-10
Sigma: 4.37923501889281
Initial point 3. Random seed: 6188
Solving with ultrametric constraint
Optimal point found for initial point 3
Negative llh: 188.51094859356638
Dropout rate: 1e-10
Silencing rate: 1e-10
Sigma: 4.379211136485277
Initial point 4. Random seed: 6061
Solving with ultrametric constraint
Optimal point found for initial point 4
Negative llh: 188.510952830567
Dropout rate: 3.892046952061566e-10
Silencing rate: 2.7110289785445233e-10
Sigma: 4.3789278397207125
Initial point 5. Random seed: 4003
Solving with ultrametric constraint
Optimal point found for initial point 5
Negative llh: 188.51095182222315
Dropout rate: 3.8464101375206663e-10
Silencing rate: 2.3575075094663275e-10
Sigma: 4.379226310733293
Initial point 6. Random seed: 4044
Solving with ultrametric constraint
Optimal point found for initial point 6
Negative llh: 188.51094210634375
Dropout rate: 7.317286670468943e-10
Silencing rate: 4.725215035250641e-10
Sigma: 4.3792665840493035
Initial point 7. Random seed: 1682
Solving with ultrametric constraint
Optimal point found for initial point 7
Negative llh: 188.51093535038115
Dropout rate: 3.8214980584345175e-10
Silencing rate: 2.26670744035621e-10
Sigma: 4.379244983754486
Initial point 8. Random seed: 6834
Solving with ultrametric constraint
Optimal point found for initial point 8
Negative llh: 188.5109504593836
Dropout rate: 4.345158940755659e-10
Silencing rate: 2.8712437188612975e-10
Sigma: 4.379216420916918
Initial point 9. Random seed: 8497
Solving with ultrametric constraint
Optimal point found for initial point 9
Negative llh: 188.5109368986889
Dropout rate: 6.723072779927871e-10
Silencing rate: 4.173469969781943e-10
Sigma: 4.379260916601823
Initial point 10. Random seed: 1862
Solving with ultrametric constraint
Optimal point found for initial point 10
Negative llh: 188.51093580312767
Dropout rate: 1e-10
Silencing rate: 1e-10
Sigma: 4.379240405646728
Runtime (s): 955.3542171060108
