Launching Problin version 0.5b
Problin was called as follow: /u/gh2161/Spatial-Division/problin/run_problin.py -c real_location_data/s21c5/k10_r2_character_matrix.csv -t real_location_data/s21c5/true_tree.nwk --delimiter comma -p real_location_data/s21c5/k10_priors.csv -o real_location_data/s21c5/k10_r2_problin.txt --nInitials 10 --ultrametric --randomreps 3 --solver Scipy
Optimization by generic solver (Scipy-SLSQP)
Optimizing branch lengths, phi, and nu without topology search
Initial point 1. Random seed: 7558
Solving with ultrametric constraint
Optimal point found for initial point 1
Negative llh: 58.37626241736297
Dropout rate: 1e-10
Silencing rate: 1e-10
Lambda: 0.00955894314328735
Initial point 2. Random seed: 9706
Solving with ultrametric constraint
Optimal point found for initial point 2
Negative llh: 58.37626245363377
Dropout rate: 7.748191181653283e-10
Silencing rate: 6.518834836020176e-10
Lambda: 0.009559156032545483
Initial point 3. Random seed: 6216
Solving with ultrametric constraint
Optimal point found for initial point 3
Negative llh: 58.37626244904166
Dropout rate: 5.729768378748649e-10
Silencing rate: 4.900916428383101e-10
Lambda: 0.009558183066280089
Initial point 4. Random seed: 8295
Solving with ultrametric constraint
Optimal point found for initial point 4
Negative llh: 58.376262569060366
Dropout rate: 1.0000000000000007e-10
Silencing rate: 1.0000000000000007e-10
Lambda: 0.009559307166414309
Initial point 5. Random seed: 1035
Solving with ultrametric constraint
Optimal point found for initial point 5
Negative llh: 58.37657282978654
Dropout rate: 1e-10
Silencing rate: 1e-10
Lambda: 0.009548551998198741
Initial point 6. Random seed: 72
Solving with ultrametric constraint
Optimal point found for initial point 6
Negative llh: 58.37626309031095
Dropout rate: 1.4401246513915763e-09
Silencing rate: 1.0564526306819456e-09
Lambda: 0.009558250654945573
Initial point 7. Random seed: 2326
Solving with ultrametric constraint
Optimal point found for initial point 7
Negative llh: 58.37626253446983
Dropout rate: 1e-10
Silencing rate: 1e-10
Lambda: 0.009559366260456767
Initial point 8. Random seed: 6762
Solving with ultrametric constraint
Optimal point found for initial point 8
Negative llh: 58.3762623939976
Dropout rate: 6.066620708374004e-10
Silencing rate: 5.144270596310952e-10
Lambda: 0.009558890694130703
Initial point 9. Random seed: 852
Solving with ultrametric constraint
Optimal point found for initial point 9
Negative llh: 58.37639998531992
Dropout rate: 3.858076385630983e-10
Silencing rate: 2.9080085065510443e-10
Lambda: 0.009553462882874588
Initial point 10. Random seed: 2269
Solving with ultrametric constraint
Optimal point found for initial point 10
Negative llh: 58.37626273334774
Dropout rate: 6.758442221170166e-10
Silencing rate: 5.559630592976626e-10
Lambda: 0.009559333141204714
{'phi': 6.066620708374004e-10, 'nu': 5.144270596310952e-10, 'lambda_param': 0.009558890694130703}
Runtime (s): 69.62538304831833
