Launching Problin version 0.5b
Problin was called as follow: /u/gh2161/Spatial-Division/problin/run_problin.py -c real_location_data/s21c5/k10_r2_character_matrix.csv -t real_location_data/s21c5/true_tree.nwk -S real_location_data/s21c5/leaf_locations.txt --delimiter comma -p real_location_data/s21c5/k10_priors.csv -o real_location_data/s21c5/k10_r2_spalin-divide-beta7.txt --nInitials 10 --ultrametric --randomreps 3 --divide --radius 7
Optimization by Spalin-Divide: Scipy-SLSQP using spatial information
Optimizing branch lengths, phi, and nu without topology search
Initial point 1. Random seed: 2890
Solving with ultrametric constraint
Optimal point found for initial point 1
Negative llh: 154.27699220930197
Dropout rate: 1.0375406710388855e-09
Silencing rate: 9.917887228407397e-10
Sigma: 1.3025779515865001
Initial point 2. Random seed: 1966
Solving with ultrametric constraint
Optimal point found for initial point 2
Negative llh: 154.27699150808127
Dropout rate: 1.0000127100809745e-10
Silencing rate: 1.0000101557449495e-10
Sigma: 1.3025776388781982
Initial point 3. Random seed: 3827
Solving with ultrametric constraint
Optimal point found for initial point 3
Negative llh: 154.2769920062011
Dropout rate: 8.981217996007534e-10
Silencing rate: 7.523292773023939e-10
Sigma: 1.3025876654370396
Initial point 4. Random seed: 2819
Solving with ultrametric constraint
Optimal point found for initial point 4
Negative llh: 193.63586985745047
Dropout rate: 1e-10
Silencing rate: 1e-10
Sigma: 1.3135541801415749
Initial point 5. Random seed: 2820
Solving with ultrametric constraint
Optimal point found for initial point 5
Negative llh: 164572.7707584554
Dropout rate: 0.2935857238452539
Silencing rate: 6.715627304728902e-07
Sigma: 12.338435590066526
Initial point 6. Random seed: 1454
Solving with ultrametric constraint
Optimal point found for initial point 6
Negative llh: 154.27699209627593
Dropout rate: 6.179191032065528e-10
Silencing rate: 1.1037988800453863e-10
Sigma: 1.302558425071816
Initial point 7. Random seed: 3549
Solving with ultrametric constraint
Optimal point found for initial point 7
Negative llh: 154.2769915533972
Dropout rate: 1e-10
Silencing rate: 1e-10
Sigma: 1.302567432764129
Initial point 8. Random seed: 6698
Solving with ultrametric constraint
Optimal point found for initial point 8
Negative llh: 193.63501190927863
Dropout rate: 2.363292617575201e-10
Silencing rate: 1.278730970171313e-10
Sigma: 1.3131001479436162
Initial point 9. Random seed: 7094
Solving with ultrametric constraint
Optimal point found for initial point 9
Negative llh: 154.2769916469819
Dropout rate: 1.0000000000000002e-10
Silencing rate: 1.0000000000000002e-10
Sigma: 1.302565171788607
Initial point 10. Random seed: 9861
Solving with ultrametric constraint
Optimal point found for initial point 10
Negative llh: 154.27722462712148
Dropout rate: 1.0000000000000007e-10
Silencing rate: 9.999999999999996e-11
Sigma: 1.302741067248271
Runtime (s): 543.4199526179582
