Launching Problin version 0.5b
Problin was called as follow: /u/gh2161/Spatial-Division/problin/run_problin.py -c intmem_real_data/s21c3/characters.txt -t intmem_real_data/s21c3/true_tree.nwk --delimiter comma -p intmem_real_data/s21c3/prior.csv -o intmem_real_data/s21c3/problin.txt --nInitials 10 --ultrametric --randomreps 3 --solver Scipy
Optimization by generic solver (Scipy-SLSQP)
Optimizing branch lengths, phi, and nu without topology search
Initial point 1. Random seed: 7449
Solving with ultrametric constraint
Optimal point found for initial point 1
Negative llh: 90.67972997677111
Dropout rate: 1e-10
Silencing rate: 1e-10
Lambda: 0.006338575453534716
Initial point 2. Random seed: 5908
Solving with ultrametric constraint
Optimal point found for initial point 2
Negative llh: 90.67973009672257
Dropout rate: 5.019306152656878e-10
Silencing rate: 4.781923341850505e-10
Lambda: 0.006338527456039573
Initial point 3. Random seed: 7848
Solving with ultrametric constraint
Optimal point found for initial point 3
Negative llh: 90.67973033002335
Dropout rate: 1.0019330878353965e-10
Silencing rate: 1.8998629332013315e-10
Lambda: 0.006337755311413554
Initial point 4. Random seed: 6978
Solving with ultrametric constraint
Optimal point found for initial point 4
Negative llh: 90.67972997969443
Dropout rate: 1e-10
Silencing rate: 1e-10
Lambda: 0.006338555824640129
Initial point 5. Random seed: 5777
Solving with ultrametric constraint
Optimal point found for initial point 5
Negative llh: 90.67972998348215
Dropout rate: 1e-10
Silencing rate: 1e-10
Lambda: 0.006338616479243892
Initial point 6. Random seed: 9238
Solving with ultrametric constraint
Optimal point found for initial point 6
Negative llh: 90.67973026832503
Dropout rate: 1.5532617501696297e-09
Silencing rate: 1.290830678402699e-09
Lambda: 0.006338505669511789
Initial point 7. Random seed: 1297
Solving with ultrametric constraint
Optimal point found for initial point 7
Negative llh: 90.67973015648164
Dropout rate: 1e-10
Silencing rate: 1e-10
Lambda: 0.006338291358310123
Initial point 8. Random seed: 8040
Solving with ultrametric constraint
Optimal point found for initial point 8
Negative llh: 90.67973021476777
Dropout rate: 1e-10
Silencing rate: 1e-10
Lambda: 0.006337908303246661
Initial point 9. Random seed: 8895
Solving with ultrametric constraint
Optimal point found for initial point 9
Negative llh: 90.67973039833545
Dropout rate: 1e-10
Silencing rate: 1e-10
Lambda: 0.006338454366387036
Initial point 10. Random seed: 36
Solving with ultrametric constraint
Optimal point found for initial point 10
Negative llh: 90.6797301666898
Dropout rate: 2.2744439884553188e-10
Silencing rate: 2.1338542656133837e-10
Lambda: 0.006338198371615137
{'phi': 1e-10, 'nu': 1e-10, 'lambda_param': 0.006338575453534716}
Runtime (s): 23.489592980593443
