Launching Problin version 0.5b
Problin was called as follow: /u/gh2161/Spatial-Division/problin/run_problin.py -c intmem_real_data/s10c2/characters.txt -t intmem_real_data/s10c2/true_tree.nwk --delimiter comma -p intmem_real_data/s10c2/prior.csv -o intmem_real_data/s10c2/problin.txt --nInitials 10 --ultrametric --randomreps 3 --solver Scipy
Optimization by generic solver (Scipy-SLSQP)
Optimizing branch lengths, phi, and nu without topology search
Initial point 1. Random seed: 1626
Solving with ultrametric constraint
Optimal point found for initial point 1
Negative llh: 94.5999052766218
Dropout rate: 1e-10
Silencing rate: 1e-10
Lambda: 0.009489889895346831
Initial point 2. Random seed: 1851
Solving with ultrametric constraint
Optimal point found for initial point 2
Negative llh: 94.59966785268831
Dropout rate: 1e-10
Silencing rate: 1e-10
Lambda: 0.009488998580254704
Initial point 3. Random seed: 3183
Solving with ultrametric constraint
Optimal point found for initial point 3
Negative llh: 94.59970826573635
Dropout rate: 1e-10
Silencing rate: 1e-10
Lambda: 0.009490511543983646
Initial point 4. Random seed: 2412
Solving with ultrametric constraint
Optimal point found for initial point 4
Negative llh: 94.60074560764369
Dropout rate: 1.1367671018850976e-09
Silencing rate: 1.0446984540205139e-09
Lambda: 0.009490754356857142
Initial point 5. Random seed: 3820
Solving with ultrametric constraint
Optimal point found for initial point 5
Negative llh: 94.59993989709356
Dropout rate: 1.0785183976499816e-09
Silencing rate: 9.926134097225872e-10
Lambda: 0.009486561164812602
Initial point 6. Random seed: 3229
Solving with ultrametric constraint
Optimal point found for initial point 6
Negative llh: 94.60042013106253
Dropout rate: 4.4538479558190013e-10
Silencing rate: 3.585456983288598e-10
Lambda: 0.009480225669725685
Initial point 7. Random seed: 7595
Solving with ultrametric constraint
Optimal point found for initial point 7
Negative llh: 94.59979158037042
Dropout rate: 1e-10
Silencing rate: 1e-10
Lambda: 0.00948981663489498
Initial point 8. Random seed: 7188
Solving with ultrametric constraint
Fatal: failed to optimize using initial point 8
Initial point 9. Random seed: 7878
Solving with ultrametric constraint
Optimal point found for initial point 9
Negative llh: 94.59978566529375
Dropout rate: 2.661431705696367e-10
Silencing rate: 2.513936769536479e-10
Lambda: 0.009491010089982845
Initial point 10. Random seed: 7063
Solving with ultrametric constraint
Optimal point found for initial point 10
Negative llh: 94.60009469488658
Dropout rate: 1.0000000000000007e-10
Silencing rate: 1.0000000000000007e-10
Lambda: 0.009488626505014516
{'phi': 1e-10, 'nu': 1e-10, 'lambda_param': 0.009488998580254704}
Runtime (s): 173.12100004870445
