Launching Problin version 0.5b
Problin was called as follow: /u/gh2161/Spatial-Division/problin/run_problin.py -c real_location_data/s18c1/k10_r2_character_matrix.csv -t real_location_data/s18c1/true_tree.nwk -S real_location_data/s18c1/leaf_locations.txt --delimiter comma -p real_location_data/s18c1/k10_priors.csv -o real_location_data/s18c1/k10_r2_spalin-divide-beta20.txt --nInitials 10 --ultrametric --randomreps 3 --divide --given_beta 20 --incl_beta_bound
Optimization by Spalin-Divide: Scipy-SLSQP using spatial information
Optimizing branch lengths, phi, and nu without topology search
Initial point 1. Random seed: 562
Solving with ultrametric constraint
Optimal point found for initial point 1
Negative llh: 164.16034494952694
Dropout rate: 1.3545982255597768e-09
Silencing rate: 4.317710189186571e-10
Sigma: 3.159374933804294
Initial point 2. Random seed: 2891
Solving with ultrametric constraint
Optimal point found for initial point 2
Negative llh: 164.16034360644665
Dropout rate: 1.0000000000000002e-10
Silencing rate: 1e-10
Sigma: 3.1593343563230394
Initial point 3. Random seed: 5286
Solving with ultrametric constraint
Optimal point found for initial point 3
Negative llh: 164.16034418234005
Dropout rate: 1.0000000000000007e-10
Silencing rate: 1.0000000000000002e-10
Sigma: 3.1594163479670367
Initial point 4. Random seed: 424
Solving with ultrametric constraint
Optimal point found for initial point 4
Negative llh: 164.1603488965235
Dropout rate: 1e-10
Silencing rate: 1e-10
Sigma: 3.1594506694580207
Initial point 5. Random seed: 9817
Solving with ultrametric constraint
Optimal point found for initial point 5
Negative llh: 164.16035096149778
Dropout rate: 2.297272958932369e-09
Silencing rate: 1.53080780510662e-09
Sigma: 3.1593873997933772
Initial point 6. Random seed: 4247
Solving with ultrametric constraint
Optimal point found for initial point 6
Negative llh: 164.16034594795542
Dropout rate: 2.783699160518321e-10
Silencing rate: 1e-10
Sigma: 3.1592645211389616
Initial point 7. Random seed: 1001
Solving with ultrametric constraint
Optimal point found for initial point 7
Negative llh: 164.1603697816457
Dropout rate: 1.4103633642965458e-10
Silencing rate: 1.2612980357463366e-10
Sigma: 3.1593599496879707
Initial point 8. Random seed: 9382
Solving with ultrametric constraint
Optimal point found for initial point 8
Negative llh: 164.1603435132538
Dropout rate: 3.452144419849643e-10
Silencing rate: 2.5926158357515944e-10
Sigma: 3.1593777177712283
Initial point 9. Random seed: 311
Solving with ultrametric constraint
Optimal point found for initial point 9
Negative llh: 164.16035987601032
Dropout rate: 4.5581556261992047e-10
Silencing rate: 3.260879232464935e-10
Sigma: 3.1595287323924035
Initial point 10. Random seed: 9673
Solving with ultrametric constraint
Optimal point found for initial point 10
Negative llh: 164.16038364017197
Dropout rate: 5.782290554386816e-10
Silencing rate: 4.129015064199295e-10
Sigma: 3.1593894952475488
Runtime (s): 1720.5505359377712
