Launching Problin version 0.5b
Problin was called as follow: /u/gh2161/Spatial-Division/problin/run_problin.py -c real_location_data/s18c1/k10_r3_character_matrix.csv -t real_location_data/s18c1/true_tree.nwk -S real_location_data/s18c1/leaf_locations.txt --delimiter comma -p real_location_data/s18c1/k10_priors.csv -o real_location_data/s18c1/k10_r3_spalin-spatialonly.txt --nInitials 10 --ultrametric --randomreps 3 --spatial_only
Optimization by Spalin: Scipy-SLSQP using spatial information
Optimizing branch lengths, phi, and nu without topology search
only spatial
Initial point 1. Random seed: 8974
Solving with ultrametric constraint
Optimal point found for initial point 1
Negative llh: 97.87512124491514
Dropout rate: 0.15792984800209217
Silencing rate: 0.6530741529755026
Sigma: 1.701383927972985
Lambda: 1.0
Initial point 2. Random seed: 1392
Solving with ultrametric constraint
Optimal point found for initial point 2
Negative llh: 97.87512124491514
Dropout rate: 0.15736749026902105
Silencing rate: 0.40188608405754406
Sigma: 1.701383927972985
Lambda: 1.0
Initial point 3. Random seed: 3460
Solving with ultrametric constraint
Optimal point found for initial point 3
Negative llh: 97.87512124491514
Dropout rate: 0.3582656645321646
Silencing rate: 0.7560555580203362
Sigma: 1.701383927972985
Lambda: 1.0
Initial point 4. Random seed: 3094
Solving with ultrametric constraint
Optimal point found for initial point 4
Negative llh: 97.87512124491514
Dropout rate: 0.16706320646198866
Silencing rate: 0.565014440688852
Sigma: 1.701383927972985
Lambda: 1.0
Initial point 5. Random seed: 5769
Solving with ultrametric constraint
Optimal point found for initial point 5
Negative llh: 97.87512124491514
Dropout rate: 0.8766180449893519
Silencing rate: 0.04963788409965085
Sigma: 1.701383927972985
Lambda: 1.0
Initial point 6. Random seed: 7833
Solving with ultrametric constraint
Optimal point found for initial point 6
Negative llh: 97.87512124491514
Dropout rate: 0.48968254929714583
Silencing rate: 0.5455608941214851
Sigma: 1.701383927972985
Lambda: 1.0
Initial point 7. Random seed: 2096
Solving with ultrametric constraint
Optimal point found for initial point 7
Negative llh: 97.87512124491514
Dropout rate: 0.22260091042520055
Silencing rate: 0.8912085359571075
Sigma: 1.701383927972985
Lambda: 1.0
Initial point 8. Random seed: 4615
Solving with ultrametric constraint
Optimal point found for initial point 8
Negative llh: 97.87512124491514
Dropout rate: 0.8543543523696302
Silencing rate: 0.39301975367851194
Sigma: 1.701383927972985
Lambda: 1.0
Initial point 9. Random seed: 4572
Solving with ultrametric constraint
Optimal point found for initial point 9
Negative llh: 97.87512124491514
Dropout rate: 0.897639422812292
Silencing rate: 0.09155384494507163
Sigma: 1.701383927972985
Lambda: 1.0
Initial point 10. Random seed: 3435
Solving with ultrametric constraint
Optimal point found for initial point 10
Negative llh: 97.87512124491514
Dropout rate: 0.9879827391666524
Silencing rate: 0.9606608209601933
Sigma: 1.701383927972985
Lambda: 1.0
{'lambda_param': 1.0, 'phi': 0.15792984800209217, 'nu': 0.6530741529755026, 'sigma': 1.701383927972985, 'locations': {'216_10': (396.0, 196.0), '216_9': (376.0, 218.0), '216_12': (339.0, 190.0), '216_11': (376.0, 186.0), '216_14': (388.0, 149.0), '216_16': (348.0, 167.0), '216_15': (370.0, 145.0), '216_8': (363.0, 204.0), '216_7': (335.0, 204.0), '216_6': (384.0, 226.0), '216_5': (369.0, 235.0), '216_4': (376.0, 205.0), '216_3': (356.0, 217.0), '216_2': (339.0, 213.0), '216_1': (357.0, 234.0)}}
Runtime (s): 94.90892644785345
