Launching Problin version 0.5b
Problin was called as follow: /u/gh2161/Spatial-Division/problin/run_problin.py -c real_location_data/s18c1/k10_r2_character_matrix.csv -t real_location_data/s18c1/true_tree.nwk -S real_location_data/s18c1/leaf_locations.txt --delimiter comma -p real_location_data/s18c1/k10_priors.csv -o real_location_data/s18c1/k10_r2_spalin-divide-beta2.txt --nInitials 10 --ultrametric --randomreps 3 --divide --given_beta 2 --incl_beta_bound
Optimization by Spalin-Divide: Scipy-SLSQP using spatial information
Optimizing branch lengths, phi, and nu without topology search
Initial point 1. Random seed: 7222
Solving with ultrametric constraint
Optimal point found for initial point 1
Negative llh: 187.77722025132596
Dropout rate: 6.232125486869012e-10
Silencing rate: 4.2163641856466703e-10
Sigma: 4.741382610083886
Initial point 2. Random seed: 777
Solving with ultrametric constraint
Optimal point found for initial point 2
Negative llh: 187.7772191698278
Dropout rate: 1.0000000000000002e-10
Silencing rate: 1.0000000000000002e-10
Sigma: 4.741805073730962
Initial point 3. Random seed: 4548
Solving with ultrametric constraint
Optimal point found for initial point 3
Negative llh: 187.7772188617315
Dropout rate: 9.88284545950556e-10
Silencing rate: 7.170031842877774e-10
Sigma: 4.741608449614063
Initial point 4. Random seed: 6258
Solving with ultrametric constraint
Optimal point found for initial point 4
Negative llh: 187.77721874835134
Dropout rate: 1.0000000000000002e-10
Silencing rate: 1e-10
Sigma: 4.741599890101012
Initial point 5. Random seed: 4597
Solving with ultrametric constraint
Optimal point found for initial point 5
Negative llh: 187.77721921685864
Dropout rate: 1.2607327248253401e-10
Silencing rate: 1.1651039793178979e-10
Sigma: 4.741583739130892
Initial point 6. Random seed: 2724
Solving with ultrametric constraint
Optimal point found for initial point 6
Negative llh: 187.77721938810404
Dropout rate: 7.160710277622696e-10
Silencing rate: 5.556877065983903e-10
Sigma: 4.741649936780095
Initial point 7. Random seed: 7031
Solving with ultrametric constraint
Optimal point found for initial point 7
Negative llh: 187.77721866871042
Dropout rate: 9.999999999999996e-11
Silencing rate: 9.999999999999996e-11
Sigma: 4.741630429039374
Initial point 8. Random seed: 4554
Solving with ultrametric constraint
Optimal point found for initial point 8
Negative llh: 187.77721943591683
Dropout rate: 6.873103987586968e-10
Silencing rate: 4.853377416512704e-10
Sigma: 4.741589450039707
Initial point 9. Random seed: 5800
Solving with ultrametric constraint
Optimal point found for initial point 9
Negative llh: 187.77721905894293
Dropout rate: 1e-10
Silencing rate: 1e-10
Sigma: 4.741661792918334
Initial point 10. Random seed: 6613
Solving with ultrametric constraint
Optimal point found for initial point 10
Negative llh: 187.77722155378797
Dropout rate: 1e-10
Silencing rate: 1e-10
Sigma: 4.741591260637385
Runtime (s): 1085.9970192260225
