Launching Problin version 0.5b
Problin was called as follow: /u/gh2161/Spatial-Division/problin/run_problin.py -c real_location_data/s18c1/k10_r4_character_matrix.csv -t real_location_data/s18c1/true_tree.nwk -S real_location_data/s18c1/leaf_locations.txt --delimiter comma -p real_location_data/s18c1/k10_priors.csv -o real_location_data/s18c1/k10_r4_spalin-divide-beta20.txt --nInitials 10 --ultrametric --randomreps 3 --divide --given_beta 20 --incl_beta_bound
Optimization by Spalin-Divide: Scipy-SLSQP using spatial information
Optimizing branch lengths, phi, and nu without topology search
Initial point 1. Random seed: 1186
Solving with ultrametric constraint
Optimal point found for initial point 1
Negative llh: 158.87432313342705
Dropout rate: 4.811786991799044e-10
Silencing rate: 1.372783334228753e-10
Sigma: 3.4548101352230556
Initial point 2. Random seed: 6177
Solving with ultrametric constraint
Optimal point found for initial point 2
Negative llh: 158.87431848963956
Dropout rate: 1e-10
Silencing rate: 1e-10
Sigma: 3.4536554156839263
Initial point 3. Random seed: 5745
Solving with ultrametric constraint
Optimal point found for initial point 3
Negative llh: 158.8743113105847
Dropout rate: 1e-10
Silencing rate: 1e-10
Sigma: 3.4541327116327176
Initial point 4. Random seed: 8697
Solving with ultrametric constraint
Optimal point found for initial point 4
Negative llh: 158.87431823640986
Dropout rate: 1.0000000000000007e-10
Silencing rate: 9.999999999999996e-11
Sigma: 3.4545768757708664
Initial point 5. Random seed: 7765
Solving with ultrametric constraint
Optimal point found for initial point 5
Negative llh: 158.87431111726318
Dropout rate: 2.474300736408664e-10
Silencing rate: 1.4293125563135124e-10
Sigma: 3.454163128416956
Initial point 6. Random seed: 6716
Solving with ultrametric constraint
Optimal point found for initial point 6
Negative llh: 158.87431258325987
Dropout rate: 1e-10
Silencing rate: 1e-10
Sigma: 3.4540052365172667
Initial point 7. Random seed: 538
Solving with ultrametric constraint
Optimal point found for initial point 7
Negative llh: 158.87431383685336
Dropout rate: 5.375736074852926e-10
Silencing rate: 3.250977141158004e-10
Sigma: 3.454251868318157
Initial point 8. Random seed: 8181
Solving with ultrametric constraint
Optimal point found for initial point 8
Negative llh: 158.87432685787962
Dropout rate: 7.057101944996252e-10
Silencing rate: 1.78370889925697e-10
Sigma: 3.4540318051176095
Initial point 9. Random seed: 4355
Solving with ultrametric constraint
Optimal point found for initial point 9
Negative llh: 158.8743101638984
Dropout rate: 1.4837667596430442e-10
Silencing rate: 1.25136752329625e-10
Sigma: 3.4541561687831397
Initial point 10. Random seed: 4356
Solving with ultrametric constraint
Optimal point found for initial point 10
Negative llh: 158.87431774265426
Dropout rate: 1.2097500529857488e-10
Silencing rate: 1.210485391567477e-10
Sigma: 3.454547973015138
Runtime (s): 1568.2633281927556
