Launching Problin version 0.5b
Problin was called as follow: /u/gh2161/Spatial-Division/problin/run_problin.py -c real_location_data/s8c6/k10_r5_character_matrix.csv -t real_location_data/s8c6/true_tree.nwk -S real_location_data/s8c6/leaf_locations.txt --delimiter comma -p real_location_data/s8c6/k10_priors.csv -o real_location_data/s8c6/k10_r5_spalin-divide-beta6.txt --nInitials 10 --ultrametric --randomreps 3 --divide --given_beta 6 --incl_beta_bound
Optimization by Spalin-Divide: Scipy-SLSQP using spatial information
Optimizing branch lengths, phi, and nu without topology search
Initial point 1. Random seed: 1715
Solving with ultrametric constraint
Fatal: failed to optimize using initial point 1
Initial point 2. Random seed: 3353
Solving with ultrametric constraint
Fatal: failed to optimize using initial point 2
Initial point 3. Random seed: 6335
Solving with ultrametric constraint
Fatal: failed to optimize using initial point 3
Initial point 4. Random seed: 1280
Solving with ultrametric constraint
Optimal point found for initial point 4
Negative llh: 326.8800352509609
Dropout rate: 7.581157297246248e-10
Silencing rate: 3.4910026385335847e-10
Sigma: 5.571606985781714
Initial point 5. Random seed: 7857
Solving with ultrametric constraint
Optimal point found for initial point 5
Negative llh: 326.8800361665468
Dropout rate: 1.1151258321464128e-09
Silencing rate: 4.841723927353901e-10
Sigma: 5.571748711145713
Initial point 6. Random seed: 2248
Solving with ultrametric constraint
Optimal point found for initial point 6
Negative llh: 326.8800258918722
Dropout rate: 7.199300558776469e-10
Silencing rate: 7.793350660833549e-10
Sigma: 5.571674966372218
Initial point 7. Random seed: 9613
Solving with ultrametric constraint
Fatal: failed to optimize using initial point 7
Initial point 8. Random seed: 476
Solving with ultrametric constraint
Fatal: failed to optimize using initial point 8
Initial point 9. Random seed: 3877
Solving with ultrametric constraint
Fatal: failed to optimize using initial point 9
Initial point 10. Random seed: 706
Solving with ultrametric constraint
Optimal point found for initial point 10
Negative llh: 326.88002971015857
Dropout rate: 3.0505742008772335e-10
Silencing rate: 1.7760570411191128e-10
Sigma: 5.571742889771924
Runtime (s): 4693.506401799619
