Launching Problin version 0.5b
Problin was called as follow: /u/gh2161/Spatial-Division/problin/run_problin.py -c real_location_data/s8c6/k10_r3_character_matrix.csv -t real_location_data/s8c6/true_tree.nwk -S real_location_data/s8c6/leaf_locations.txt --delimiter comma -p real_location_data/s8c6/k10_priors.csv -o real_location_data/s8c6/k10_r3_spalin-divide-beta05.txt --nInitials 10 --ultrametric --randomreps 3 --divide --radius 0.5
Optimization by Spalin-Divide: Scipy-SLSQP using spatial information
Optimizing branch lengths, phi, and nu without topology search
Initial point 1. Random seed: 525
Solving with ultrametric constraint
Optimal point found for initial point 1
Negative llh: 355.620009650269
Dropout rate: 1.0000000000000002e-10
Silencing rate: 1.0000000000000002e-10
Sigma: 2.001725641007765
Initial point 2. Random seed: 4173
Solving with ultrametric constraint
Fatal: failed to optimize using initial point 2
Initial point 3. Random seed: 9539
Solving with ultrametric constraint
Fatal: failed to optimize using initial point 3
Initial point 4. Random seed: 8944
Solving with ultrametric constraint
Optimal point found for initial point 4
Negative llh: 355.6192257575022
Dropout rate: 7.0660218249118665e-09
Silencing rate: 2.1462147663339704e-09
Sigma: 2.0019313690152343
Initial point 5. Random seed: 2930
Solving with ultrametric constraint
Optimal point found for initial point 5
Negative llh: 355.61953817944783
Dropout rate: 1.0003040764733641e-10
Silencing rate: 1.000089299875877e-10
Sigma: 2.001930782938515
Initial point 6. Random seed: 8409
Solving with ultrametric constraint
Optimal point found for initial point 6
Negative llh: 355.6191039298869
Dropout rate: 1e-10
Silencing rate: 1e-10
Sigma: 2.0017715559186557
Initial point 7. Random seed: 6671
Solving with ultrametric constraint
Optimal point found for initial point 7
Negative llh: 355.6196155364997
Dropout rate: 9.432327100376606e-10
Silencing rate: 3.4961173251894043e-10
Sigma: 2.0013278614114105
Initial point 8. Random seed: 9238
Solving with ultrametric constraint
Optimal point found for initial point 8
Negative llh: 355.61932603824494
Dropout rate: 1e-10
Silencing rate: 1e-10
Sigma: 2.0018219938529334
Initial point 9. Random seed: 2009
Solving with ultrametric constraint
Optimal point found for initial point 9
Negative llh: 355.61960618061477
Dropout rate: 8.515428866937536e-10
Silencing rate: 2.336113223708425e-08
Sigma: 2.002801925561482
Initial point 10. Random seed: 6443
Solving with ultrametric constraint
Optimal point found for initial point 10
Negative llh: 355.6193927781254
Dropout rate: 1.0000000000000007e-10
Silencing rate: 1.0000000000000007e-10
Sigma: 2.0021264538725445
Runtime (s): 5844.342045576777
