Launching Problin version 0.5b
Problin was called as follow: /u/gh2161/Spatial-Division/problin/run_problin.py -c real_location_data/s8c6/k10_r5_character_matrix.csv -t real_location_data/s8c6/true_tree.nwk -S real_location_data/s8c6/leaf_locations.txt --delimiter comma -p real_location_data/s8c6/k10_priors.csv -o real_location_data/s8c6/k10_r5_spalin-divide-beta8.txt --nInitials 10 --ultrametric --randomreps 3 --divide --given_beta 8 --incl_beta_bound
Optimization by Spalin-Divide: Scipy-SLSQP using spatial information
Optimizing branch lengths, phi, and nu without topology search
Initial point 1. Random seed: 7354
Solving with ultrametric constraint
Fatal: failed to optimize using initial point 1
Initial point 2. Random seed: 8548
Solving with ultrametric constraint
Optimal point found for initial point 2
Negative llh: 314.8757408774828
Dropout rate: 2.6628064476772528e-09
Silencing rate: 1.2732001354077107e-09
Sigma: 5.166876257603081
Initial point 3. Random seed: 4964
Solving with ultrametric constraint
Fatal: failed to optimize using initial point 3
Initial point 4. Random seed: 2283
Solving with ultrametric constraint
Optimal point found for initial point 4
Negative llh: 314.8757418976149
Dropout rate: 3.561502622178131e-10
Silencing rate: 1.9682483227858473e-10
Sigma: 5.16691733895632
Initial point 5. Random seed: 2089
Solving with ultrametric constraint
Fatal: failed to optimize using initial point 5
Initial point 6. Random seed: 3327
Solving with ultrametric constraint
Fatal: failed to optimize using initial point 6
Initial point 7. Random seed: 6348
Solving with ultrametric constraint
Fatal: failed to optimize using initial point 7
Initial point 8. Random seed: 7536
Solving with ultrametric constraint
Optimal point found for initial point 8
Negative llh: 314.87575940132626
Dropout rate: 1.7016809490661352e-09
Silencing rate: 7.053519059979464e-10
Sigma: 5.166857326801654
Initial point 9. Random seed: 2117
Solving with ultrametric constraint
Fatal: failed to optimize using initial point 9
Initial point 10. Random seed: 8800
Solving with ultrametric constraint
Fatal: failed to optimize using initial point 10
Runtime (s): 8345.144581499044
