Launching Problin version 0.5b
Problin was called as follow: /u/gh2161/Spatial-Division/problin/run_problin.py -c real_location_data/s15c5/k10_r3_character_matrix.csv -t real_location_data/s15c5/true_tree.nwk -S real_location_data/s15c5/leaf_locations.txt --delimiter comma -p real_location_data/s15c5/k10_priors.csv -o real_location_data/s15c5/k10_r3_spalin-divide-beta7.txt --nInitials 10 --ultrametric --randomreps 3 --divide --radius 7
Optimization by Spalin-Divide: Scipy-SLSQP using spatial information
Optimizing branch lengths, phi, and nu without topology search
Initial point 1. Random seed: 4760
Solving with ultrametric constraint
Optimal point found for initial point 1
Negative llh: 106.5981598120846
Dropout rate: 1.0625934213502541e-10
Silencing rate: 1.0443826166721442e-10
Sigma: 1.4007608627950134
Initial point 2. Random seed: 3140
Solving with ultrametric constraint
Optimal point found for initial point 2
Negative llh: 106.59740958109293
Dropout rate: 4.963790522248882e-10
Silencing rate: 3.7936792757479897e-10
Sigma: 1.40273595812097
Initial point 3. Random seed: 2145
Solving with ultrametric constraint
Optimal point found for initial point 3
Negative llh: 106.5973795371294
Dropout rate: 4.278684411276794e-10
Silencing rate: 1.3855584342703853e-10
Sigma: 1.4025410923506612
Initial point 4. Random seed: 5425
Solving with ultrametric constraint
Optimal point found for initial point 4
Negative llh: 106.59748627970087
Dropout rate: 1e-10
Silencing rate: 1e-10
Sigma: 1.4018652727417085
Initial point 5. Random seed: 7981
Solving with ultrametric constraint
Optimal point found for initial point 5
Negative llh: 106.59738000613518
Dropout rate: 3.304890044346246e-10
Silencing rate: 2.637059515742323e-10
Sigma: 1.4026120460669536
Initial point 6. Random seed: 5756
Solving with ultrametric constraint
Optimal point found for initial point 6
Negative llh: 106.59743941907159
Dropout rate: 6.016735305093125e-10
Silencing rate: 1.0011464365577155e-10
Sigma: 1.4028784616976742
Initial point 7. Random seed: 1887
Solving with ultrametric constraint
Optimal point found for initial point 7
Negative llh: 106.59817712629732
Dropout rate: 5.188674992980826e-10
Silencing rate: 1.0000697401552044e-10
Sigma: 1.3991681687334288
Initial point 8. Random seed: 3286
Solving with ultrametric constraint
Optimal point found for initial point 8
Negative llh: 106.59741630607878
Dropout rate: 2.4856549409308997e-10
Silencing rate: 1.0000320341754726e-10
Sigma: 1.4026100283222465
Initial point 9. Random seed: 305
Solving with ultrametric constraint
Optimal point found for initial point 9
Negative llh: 106.59737980942121
Dropout rate: 1e-10
Silencing rate: 1e-10
Sigma: 1.4026523461618614
Initial point 10. Random seed: 4603
Solving with ultrametric constraint
Optimal point found for initial point 10
Negative llh: 106.59751451439351
Dropout rate: 1.0000000000000002e-10
Silencing rate: 1.0000697968247182e-10
Sigma: 1.4023721711796613
Runtime (s): 152.15319191012532
