Launching Problin version 0.5b
Problin was called as follow: /u/gh2161/Spatial-Division/problin/run_problin.py -c real_location_data/s15c5/k10_r3_character_matrix.csv -t real_location_data/s15c5/true_tree.nwk -S real_location_data/s15c5/leaf_locations.txt --delimiter comma -p real_location_data/s15c5/k10_priors.csv -o real_location_data/s15c5/k10_r3_spalin-divide-beta3.txt --nInitials 10 --ultrametric --randomreps 3 --divide --radius 3
Optimization by Spalin-Divide: Scipy-SLSQP using spatial information
Optimizing branch lengths, phi, and nu without topology search
Initial point 1. Random seed: 4748
Solving with ultrametric constraint
Optimal point found for initial point 1
Negative llh: 114.068257023467
Dropout rate: 1.2415555639521713e-10
Silencing rate: 1.0860468139162971e-10
Sigma: 1.6972857902514418
Initial point 2. Random seed: 1218
Solving with ultrametric constraint
Optimal point found for initial point 2
Negative llh: 114.0684542645561
Dropout rate: 1e-10
Silencing rate: 1e-10
Sigma: 1.6954226692119998
Initial point 3. Random seed: 2955
Solving with ultrametric constraint
Optimal point found for initial point 3
Negative llh: 114.0682572393769
Dropout rate: 1e-10
Silencing rate: 1e-10
Sigma: 1.697270662672145
Initial point 4. Random seed: 9063
Solving with ultrametric constraint
Optimal point found for initial point 4
Negative llh: 114.06886287351404
Dropout rate: 1.0000000000000002e-10
Silencing rate: 1e-10
Sigma: 1.7018661208072174
Initial point 5. Random seed: 650
Solving with ultrametric constraint
Optimal point found for initial point 5
Negative llh: 114.06848531432136
Dropout rate: 1e-10
Silencing rate: 1e-10
Sigma: 1.6984053701728732
Initial point 6. Random seed: 8049
Solving with ultrametric constraint
Optimal point found for initial point 6
Negative llh: 114.06827282544053
Dropout rate: 1e-10
Silencing rate: 1e-10
Sigma: 1.6979271767455657
Initial point 7. Random seed: 1329
Solving with ultrametric constraint
Optimal point found for initial point 7
Negative llh: 137.31842484765878
Dropout rate: 1e-10
Silencing rate: 1e-10
Sigma: 1.6451390896089644
Initial point 8. Random seed: 8141
Solving with ultrametric constraint
Optimal point found for initial point 8
Negative llh: 137.31819688807664
Dropout rate: 1.7793405941926794e-09
Silencing rate: 1.411973257809837e-09
Sigma: 1.6458486870434117
Initial point 9. Random seed: 4589
Solving with ultrametric constraint
Optimal point found for initial point 9
Negative llh: 114.0686051643419
Dropout rate: 2.9727994156409713e-10
Silencing rate: 1.0034198606903984e-10
Sigma: 1.696805143919014
Initial point 10. Random seed: 2412
Solving with ultrametric constraint
Optimal point found for initial point 10
Negative llh: 114.06825704579927
Dropout rate: 1e-10
Silencing rate: 1e-10
Sigma: 1.6973447855015835
Runtime (s): 279.424445298966
