Launching Problin version 0.5b
Problin was called as follow: /u/gh2161/Spatial-Division/problin/run_problin.py -c real_location_data/s15c5/k10_r2_character_matrix.csv -t real_location_data/s15c5/true_tree.nwk -S real_location_data/s15c5/leaf_locations.txt --delimiter comma -p real_location_data/s15c5/k10_priors.csv -o real_location_data/s15c5/k10_r2_spalin-divide-beta1.txt --nInitials 10 --ultrametric --randomreps 3 --divide --radius 1
Optimization by Spalin-Divide: Scipy-SLSQP using spatial information
Optimizing branch lengths, phi, and nu without topology search
Initial point 1. Random seed: 5535
Solving with ultrametric constraint
Optimal point found for initial point 1
Negative llh: 116.65409172712019
Dropout rate: 1e-10
Silencing rate: 1e-10
Sigma: 1.8332730926643381
Initial point 2. Random seed: 7532
Solving with ultrametric constraint
Optimal point found for initial point 2
Negative llh: 116.65420548409762
Dropout rate: 1e-10
Silencing rate: 1e-10
Sigma: 1.8323977383343182
Initial point 3. Random seed: 1308
Solving with ultrametric constraint
Optimal point found for initial point 3
Negative llh: 116.65428702084466
Dropout rate: 1e-10
Silencing rate: 1e-10
Sigma: 1.833179178579221
Initial point 4. Random seed: 3339
Solving with ultrametric constraint
Optimal point found for initial point 4
Negative llh: 116.6543400664051
Dropout rate: 1e-10
Silencing rate: 1e-10
Sigma: 1.8324994723463337
Initial point 5. Random seed: 600
Solving with ultrametric constraint
Optimal point found for initial point 5
Negative llh: 116.65441990106913
Dropout rate: 1e-10
Silencing rate: 1e-10
Sigma: 1.828964637828551
Initial point 6. Random seed: 7645
Solving with ultrametric constraint
Optimal point found for initial point 6
Negative llh: 116.6540918130762
Dropout rate: 2.1708698975104007e-10
Silencing rate: 1.5187170509635585e-10
Sigma: 1.8332975374717138
Initial point 7. Random seed: 3915
Solving with ultrametric constraint
Optimal point found for initial point 7
Negative llh: 116.6540918248391
Dropout rate: 1.0000000000000002e-10
Silencing rate: 1e-10
Sigma: 1.8333330443202305
Initial point 8. Random seed: 9105
Solving with ultrametric constraint
Optimal point found for initial point 8
Negative llh: 116.65409177020624
Dropout rate: 1.18562055487282e-10
Silencing rate: 1.0001430117730671e-10
Sigma: 1.8333210048848696
Initial point 9. Random seed: 7563
Solving with ultrametric constraint
Optimal point found for initial point 9
Negative llh: 116.65431328033952
Dropout rate: 4.5695930999531937e-10
Silencing rate: 1.0035465840317293e-10
Sigma: 1.8341807367744112
Initial point 10. Random seed: 822
Solving with ultrametric constraint
Optimal point found for initial point 10
Negative llh: 116.65415549512466
Dropout rate: 1.7768649324905555e-10
Silencing rate: 1.2837271830632082e-10
Sigma: 1.8342382795631214
Runtime (s): 179.29445637762547
