Launching Problin version 0.5b
Problin was called as follow: /u/gh2161/Spatial-Division/problin/run_problin.py -c real_location_data/s15c5/k10_r5_character_matrix.csv -t real_location_data/s15c5/true_tree.nwk -S real_location_data/s15c5/leaf_locations.txt --delimiter comma -p real_location_data/s15c5/k10_priors.csv -o real_location_data/s15c5/k10_r5_spalin-divide-beta1.txt --nInitials 10 --ultrametric --randomreps 3 --divide --radius 1
Optimization by Spalin-Divide: Scipy-SLSQP using spatial information
Optimizing branch lengths, phi, and nu without topology search
Initial point 1. Random seed: 8215
Solving with ultrametric constraint
Optimal point found for initial point 1
Negative llh: 145.40421602547704
Dropout rate: 1.0000000000000002e-10
Silencing rate: 1e-10
Sigma: 1.4645147549984845
Initial point 2. Random seed: 1911
Solving with ultrametric constraint
Optimal point found for initial point 2
Negative llh: 132.14263784095652
Dropout rate: 1e-10
Silencing rate: 1e-10
Sigma: 1.6376208716824656
Initial point 3. Random seed: 9296
Solving with ultrametric constraint
Optimal point found for initial point 3
Negative llh: 132.14263740122456
Dropout rate: 1e-10
Silencing rate: 1e-10
Sigma: 1.6374904958294358
Initial point 4. Random seed: 3336
Solving with ultrametric constraint
Optimal point found for initial point 4
Negative llh: 132.14267290569222
Dropout rate: 3.768659520411017e-10
Silencing rate: 1.0023750566066858e-10
Sigma: 1.6378876474597872
Initial point 5. Random seed: 6803
Solving with ultrametric constraint
Optimal point found for initial point 5
Negative llh: 132.14263896777018
Dropout rate: 1.17139136484405e-10
Silencing rate: 1.0590929924771124e-10
Sigma: 1.6375663804915537
Initial point 6. Random seed: 8118
Solving with ultrametric constraint
Optimal point found for initial point 6
Negative llh: 132.14269942671993
Dropout rate: 1.1010301935767944e-10
Silencing rate: 1.0000059414396053e-10
Sigma: 1.6369002961170205
Initial point 7. Random seed: 6755
Solving with ultrametric constraint
Optimal point found for initial point 7
Negative llh: 132.1427381941119
Dropout rate: 3.3014118332376757e-10
Silencing rate: 1.1422052660218102e-10
Sigma: 1.6372776663974415
Initial point 8. Random seed: 9670
Solving with ultrametric constraint
Optimal point found for initial point 8
Negative llh: 132.14276103881136
Dropout rate: 3.4064500294611513e-10
Silencing rate: 1.538695551561024e-10
Sigma: 1.6362736902999937
Initial point 9. Random seed: 2431
Solving with ultrametric constraint
Optimal point found for initial point 9
Negative llh: 132.142718606893
Dropout rate: 2.633581647159007e-10
Silencing rate: 1.4050693820853067e-10
Sigma: 1.637444639002404
Initial point 10. Random seed: 9373
Solving with ultrametric constraint
Optimal point found for initial point 10
Negative llh: 132.142634121735
Dropout rate: 1e-10
Silencing rate: 1e-10
Sigma: 1.6374776939781441
Runtime (s): 325.4641565368511
