Launching Problin version 0.5b
Problin was called as follow: /u/gh2161/Spatial-Division/problin/run_problin.py -c real_location_data/s15c5/k10_r1_character_matrix.csv -t real_location_data/s15c5/true_tree.nwk -S real_location_data/s15c5/leaf_locations.txt --delimiter comma -p real_location_data/s15c5/k10_priors.csv -o real_location_data/s15c5/k10_r1_spalin-divide-beta7.txt --nInitials 10 --ultrametric --randomreps 3 --divide --radius 7
Optimization by Spalin-Divide: Scipy-SLSQP using spatial information
Optimizing branch lengths, phi, and nu without topology search
Initial point 1. Random seed: 5324
Solving with ultrametric constraint
Optimal point found for initial point 1
Negative llh: 106.08323965728489
Dropout rate: 4.0583892629804747e-10
Silencing rate: 1.0006693633052337e-10
Sigma: 1.439066433392732
Initial point 2. Random seed: 3443
Solving with ultrametric constraint
Optimal point found for initial point 2
Negative llh: 106.0832403289846
Dropout rate: 2.1641506253747096e-10
Silencing rate: 1.0059383048608983e-10
Sigma: 1.4390400443124651
Initial point 3. Random seed: 4027
Solving with ultrametric constraint
Optimal point found for initial point 3
Negative llh: 106.08323958816877
Dropout rate: 1.0000000000000002e-10
Silencing rate: 1e-10
Sigma: 1.4390677397584517
Initial point 4. Random seed: 2181
Solving with ultrametric constraint
Optimal point found for initial point 4
Negative llh: 120.94759966084158
Dropout rate: 3.2356987926253807e-10
Silencing rate: 1.2044660503464207e-10
Sigma: 1.3059211758994071
Initial point 5. Random seed: 5149
Solving with ultrametric constraint
Optimal point found for initial point 5
Negative llh: 120.94953712462575
Dropout rate: 1.0000000000000002e-10
Silencing rate: 1e-10
Sigma: 1.306061049112063
Initial point 6. Random seed: 4028
Solving with ultrametric constraint
Optimal point found for initial point 6
Negative llh: 106.08323958611285
Dropout rate: 1e-10
Silencing rate: 1e-10
Sigma: 1.4390703604955852
Initial point 7. Random seed: 4038
Solving with ultrametric constraint
Optimal point found for initial point 7
Negative llh: 106.0832399507893
Dropout rate: 1e-10
Silencing rate: 1e-10
Sigma: 1.4390539534649185
Initial point 8. Random seed: 5411
Solving with ultrametric constraint
Optimal point found for initial point 8
Negative llh: 106.08340316787525
Dropout rate: 1e-10
Silencing rate: 1e-10
Sigma: 1.4384791993790729
Initial point 9. Random seed: 4904
Solving with ultrametric constraint
Optimal point found for initial point 9
Negative llh: 106.08323961852977
Dropout rate: 1.6558563320951746e-10
Silencing rate: 1.3620913490840579e-10
Sigma: 1.4391085466206632
Initial point 10. Random seed: 9157
Solving with ultrametric constraint
Optimal point found for initial point 10
Negative llh: 106.08324000517698
Dropout rate: 3.087639259591478e-10
Silencing rate: 1.0258917146097007e-10
Sigma: 1.4390669376425045
Runtime (s): 154.26588742248714
