Launching Problin version 0.5b
Problin was called as follow: /u/gh2161/Spatial-Division/problin/run_problin.py -c real_location_data/s15c5/k10_r1_character_matrix.csv -t real_location_data/s15c5/true_tree.nwk -S real_location_data/s15c5/leaf_locations.txt --delimiter comma -p real_location_data/s15c5/k10_priors.csv -o real_location_data/s15c5/k10_r1_spalin.txt --nInitials 10 --ultrametric --randomreps 3
Optimization by Spalin: Scipy-SLSQP using spatial information
Optimizing branch lengths, phi, and nu without topology search
Initial point 1. Random seed: 9421
Solving with ultrametric constraint
Optimal point found for initial point 1
Negative llh: 115.53620451144688
Dropout rate: 1.0000000000000002e-10
Silencing rate: 1e-10
Sigma: 2.843977495974431
Lambda: 0.0009767302177753402
Initial point 2. Random seed: 8374
Solving with ultrametric constraint
Optimal point found for initial point 2
Negative llh: 100.65571701320721
Dropout rate: 1.0000000000000002e-10
Silencing rate: 1.0000000000000002e-10
Sigma: 3.6715776140610026
Lambda: 0.007220688869796782
Initial point 3. Random seed: 5485
Solving with ultrametric constraint
Optimal point found for initial point 3
Negative llh: 100.65571683697728
Dropout rate: 1e-10
Silencing rate: 1e-10
Sigma: 3.6717507667703115
Lambda: 0.0072221734664623645
Initial point 4. Random seed: 2681
Solving with ultrametric constraint
Optimal point found for initial point 4
Negative llh: 115.53614483695401
Dropout rate: 1.5407000310019546e-10
Silencing rate: 1.0978726076052916e-10
Sigma: 2.8437529970785764
Lambda: 0.0009767349616020958
Initial point 5. Random seed: 5222
Solving with ultrametric constraint
Optimal point found for initial point 5
Negative llh: 115.53557209824109
Dropout rate: 1.0000000000000002e-10
Silencing rate: 1e-10
Sigma: 2.842792685572491
Lambda: 0.0009767828416758968
Initial point 6. Random seed: 9776
Solving with ultrametric constraint
Optimal point found for initial point 6
Negative llh: 115.53623831080465
Dropout rate: 1.0000000000000002e-10
Silencing rate: 1e-10
Sigma: 2.843123645145967
Lambda: 0.0009767379581755394
Initial point 7. Random seed: 2044
Solving with ultrametric constraint
Optimal point found for initial point 7
Negative llh: 115.5370160339243
Dropout rate: 1.1181855694066932e-10
Silencing rate: 1.0173090773297418e-10
Sigma: 2.852828470624787
Lambda: 0.0009766811687123452
Initial point 8. Random seed: 5271
Solving with ultrametric constraint
Optimal point found for initial point 8
Negative llh: 100.65571655466243
Dropout rate: 1e-10
Silencing rate: 1e-10
Sigma: 3.6709673304042947
Lambda: 0.007221573266728488
Initial point 9. Random seed: 8640
Solving with ultrametric constraint
Optimal point found for initial point 9
Negative llh: 115.5370722722923
Dropout rate: 3.6455688289362754e-10
Silencing rate: 1.61494169260317e-10
Sigma: 2.8510457068310204
Lambda: 0.0009766738112890925
Initial point 10. Random seed: 9293
Solving with ultrametric constraint
Optimal point found for initial point 10
Negative llh: 115.53731581927114
Dropout rate: 2.7834238114390646e-10
Silencing rate: 1.3606607795676084e-10
Sigma: 2.852043668375114
Lambda: 0.0009766626750194276
{'lambda_param': 0.007221573266728488, 'phi': 1e-10, 'nu': 1e-10, 'sigma': 3.6709673304042947, 'locations': {'216_4': (242.0, 136.0), '216_3': (305.0, 148.0), '216_12': (254.0, 103.0), '216_11': (288.0, 107.0), '216_10': (295.0, 117.0), '216_9': (299.0, 133.0), '216_6': (255.0, 149.0), '216_5': (249.0, 171.0), '216_8': (245.0, 110.0), '216_7': (280.0, 133.0)}}
Runtime (s): 43.01374640315771
