Launching Problin version 0.5b
Problin was called as follow: /u/gh2161/Spatial-Division/problin/run_problin.py -c real_location_data/s10c3/k10_r5_character_matrix.csv -t real_location_data/s10c3/true_tree.nwk -S real_location_data/s10c3/leaf_locations.txt --delimiter comma -p real_location_data/s10c3/k10_priors.csv -o real_location_data/s10c3/k10_r5_spalin-divide-beta1.txt --nInitials 10 --ultrametric --randomreps 3 --divide --radius 1
Optimization by Spalin-Divide: Scipy-SLSQP using spatial information
Optimizing branch lengths, phi, and nu without topology search
Initial point 1. Random seed: 2724
Solving with ultrametric constraint
Optimal point found for initial point 1
Negative llh: 277.81060587063917
Dropout rate: 4.4218265129210196e-10
Silencing rate: 3.1557355307631434e-10
Sigma: 1.3979800639051316
Initial point 2. Random seed: 6265
Solving with ultrametric constraint
Optimal point found for initial point 2
Negative llh: 277.81073517326973
Dropout rate: 1.0211315122131758e-09
Silencing rate: 1.0006097419558963e-10
Sigma: 1.397484518036214
Initial point 3. Random seed: 1044
Solving with ultrametric constraint
Optimal point found for initial point 3
Negative llh: 277.8111991035873
Dropout rate: 2.407326464784216e-09
Silencing rate: 1.0054933787633712e-10
Sigma: 1.3978284968949657
Initial point 4. Random seed: 8286
Solving with ultrametric constraint
Optimal point found for initial point 4
Negative llh: 277.81060504658495
Dropout rate: 8.102338451804499e-10
Silencing rate: 1.0005240499425013e-10
Sigma: 1.3978785313420217
Initial point 5. Random seed: 5251
Solving with ultrametric constraint
Optimal point found for initial point 5
Negative llh: 277.81054429356163
Dropout rate: 1.0000000000000007e-10
Silencing rate: 1.0000000000000007e-10
Sigma: 1.39778525018567
Initial point 6. Random seed: 973
Solving with ultrametric constraint
Optimal point found for initial point 6
Negative llh: 277.8106179554303
Dropout rate: 1.0000000000000007e-10
Silencing rate: 1e-10
Sigma: 1.3980604406853723
Initial point 7. Random seed: 691
Solving with ultrametric constraint
Fatal: failed to optimize using initial point 7
Initial point 8. Random seed: 932
Solving with ultrametric constraint
Optimal point found for initial point 8
Negative llh: 277.8106548670823
Dropout rate: 1.237136648705054e-09
Silencing rate: 1.0020169988818953e-10
Sigma: 1.397668858914922
Initial point 9. Random seed: 2288
Solving with ultrametric constraint
Optimal point found for initial point 9
Negative llh: 277.81092545019646
Dropout rate: 2.3849669339295997e-09
Silencing rate: 1.5439659246698992e-09
Sigma: 1.3978589281551401
Initial point 10. Random seed: 8845
Solving with ultrametric constraint
Fatal: failed to optimize using initial point 10
Runtime (s): 1482.3115567602217
