Launching Problin version 0.5b
Problin was called as follow: /u/gh2161/Spatial-Division/problin/run_problin.py -c real_location_data/s10c3/k10_r4_character_matrix.csv -t real_location_data/s10c3/true_tree.nwk -S real_location_data/s10c3/leaf_locations.txt --delimiter comma -p real_location_data/s10c3/k10_priors.csv -o real_location_data/s10c3/k10_r4_spalin-divide-beta2.txt --nInitials 10 --ultrametric --randomreps 3 --divide --given_beta 2 --incl_beta_bound
Optimization by Spalin-Divide: Scipy-SLSQP using spatial information
Optimizing branch lengths, phi, and nu without topology search
Initial point 1. Random seed: 4968
Solving with ultrametric constraint
Optimal point found for initial point 1
Negative llh: 250.87426440074947
Dropout rate: 1.464572055646038e-10
Silencing rate: 1.1825864972191694e-10
Sigma: 5.2421349299277695
Initial point 2. Random seed: 7073
Solving with ultrametric constraint
Optimal point found for initial point 2
Negative llh: 250.8742645263141
Dropout rate: 2.9366328219843413e-10
Silencing rate: 2.503116852535259e-10
Sigma: 5.242174560106357
Initial point 3. Random seed: 9795
Solving with ultrametric constraint
Optimal point found for initial point 3
Negative llh: 250.87426414053414
Dropout rate: 3.089820519169913e-10
Silencing rate: 1.9764548878176156e-10
Sigma: 5.242163217919238
Initial point 4. Random seed: 5779
Solving with ultrametric constraint
Optimal point found for initial point 4
Negative llh: 250.87426503036227
Dropout rate: 1.0000000000000002e-10
Silencing rate: 1.0000000000000002e-10
Sigma: 5.242238618074184
Initial point 5. Random seed: 4863
Solving with ultrametric constraint
Optimal point found for initial point 5
Negative llh: 250.87426426865352
Dropout rate: 1.5627653990609605e-10
Silencing rate: 1.221205746194969e-10
Sigma: 5.242153890334715
Initial point 6. Random seed: 8001
Solving with ultrametric constraint
Optimal point found for initial point 6
Negative llh: 250.8742647096761
Dropout rate: 1.1682577854722803e-10
Silencing rate: 1.066117041518469e-10
Sigma: 5.24215680728496
Initial point 7. Random seed: 5565
Solving with ultrametric constraint
Optimal point found for initial point 7
Negative llh: 250.87426450726707
Dropout rate: 1.397749883544137e-10
Silencing rate: 1.1563226573227029e-10
Sigma: 5.242151224267936
Initial point 8. Random seed: 6951
Solving with ultrametric constraint
Optimal point found for initial point 8
Negative llh: 250.8742657127517
Dropout rate: 9.999999999999996e-11
Silencing rate: 1.0000000000000002e-10
Sigma: 5.242165934618056
Initial point 9. Random seed: 8661
Solving with ultrametric constraint
Optimal point found for initial point 9
Negative llh: 250.87426451404804
Dropout rate: 2.18227727947485e-10
Silencing rate: 2.910935224403065e-10
Sigma: 5.2422105354515525
Initial point 10. Random seed: 6354
Solving with ultrametric constraint
Optimal point found for initial point 10
Negative llh: 250.87426420061107
Dropout rate: 2.0181330916650315e-10
Silencing rate: 1.400184486711305e-10
Sigma: 5.242151155137949
Runtime (s): 1508.1982450205833
