Launching Problin version 0.5b
Problin was called as follow: /u/gh2161/Spatial-Division/problin/run_problin.py -c real_location_data/s10c3/k10_r3_character_matrix.csv -t real_location_data/s10c3/true_tree.nwk -S real_location_data/s10c3/leaf_locations.txt --delimiter comma -p real_location_data/s10c3/k10_priors.csv -o real_location_data/s10c3/k10_r3_spalin-divide-beta2.txt --nInitials 10 --ultrametric --randomreps 3 --divide --given_beta 2 --incl_beta_bound
Optimization by Spalin-Divide: Scipy-SLSQP using spatial information
Optimizing branch lengths, phi, and nu without topology search
Initial point 1. Random seed: 3125
Solving with ultrametric constraint
Fatal: failed to optimize using initial point 1
Initial point 2. Random seed: 2149
Solving with ultrametric constraint
Optimal point found for initial point 2
Negative llh: 275.71733191671615
Dropout rate: 9.999999999999996e-11
Silencing rate: 1.0000000000000002e-10
Sigma: 4.636650281653006
Initial point 3. Random seed: 8546
Solving with ultrametric constraint
Optimal point found for initial point 3
Negative llh: 275.7173393171532
Dropout rate: 1e-10
Silencing rate: 1e-10
Sigma: 4.636475009276329
Initial point 4. Random seed: 5983
Solving with ultrametric constraint
Optimal point found for initial point 4
Negative llh: 275.7173327040153
Dropout rate: 1.9740856415527096e-09
Silencing rate: 1.5192108015669076e-09
Sigma: 4.6365888562806905
Initial point 5. Random seed: 5190
Solving with ultrametric constraint
Optimal point found for initial point 5
Negative llh: 275.71733214873757
Dropout rate: 1.8324023213496288e-10
Silencing rate: 1.55473288144239e-10
Sigma: 4.636608251265779
Initial point 6. Random seed: 809
Solving with ultrametric constraint
Optimal point found for initial point 6
Negative llh: 275.71733194930806
Dropout rate: 1.1650717873640062e-10
Silencing rate: 1.1099933507623501e-10
Sigma: 4.6366336427127965
Initial point 7. Random seed: 4790
Solving with ultrametric constraint
Optimal point found for initial point 7
Negative llh: 275.717331795022
Dropout rate: 1.1829639125590183e-10
Silencing rate: 1.1219259628719914e-10
Sigma: 4.636607527362548
Initial point 8. Random seed: 1509
Solving with ultrametric constraint
Optimal point found for initial point 8
Negative llh: 275.7173320560904
Dropout rate: 2.7797410703187075e-10
Silencing rate: 2.456141462116829e-10
Sigma: 4.636651128836846
Initial point 9. Random seed: 9330
Solving with ultrametric constraint
Optimal point found for initial point 9
Negative llh: 275.71733199998334
Dropout rate: 1e-10
Silencing rate: 1e-10
Sigma: 4.636590658791114
Initial point 10. Random seed: 3442
Solving with ultrametric constraint
Optimal point found for initial point 10
Negative llh: 275.7173326412759
Dropout rate: 2.705554097639582e-10
Silencing rate: 2.1364393491529304e-10
Sigma: 4.636624394049832
Runtime (s): 2059.2168630950036
