Launching Problin version 0.5b
Problin was called as follow: /u/gh2161/Spatial-Division/problin/run_problin.py -c real_location_data/s10c3/k10_r2_character_matrix.csv -t real_location_data/s10c3/true_tree.nwk -S real_location_data/s10c3/leaf_locations.txt --delimiter comma -p real_location_data/s10c3/k10_priors.csv -o real_location_data/s10c3/k10_r2_spalin-divide-beta7.txt --nInitials 10 --ultrametric --randomreps 3 --divide --radius 7
Optimization by Spalin-Divide: Scipy-SLSQP using spatial information
Optimizing branch lengths, phi, and nu without topology search
Initial point 1. Random seed: 2487
Solving with ultrametric constraint
Optimal point found for initial point 1
Negative llh: 590176.7896934915
Dropout rate: 1.9355929221508946e-05
Silencing rate: 1.1147290497730893
Sigma: 9.077099225197701
Initial point 2. Random seed: 1967
Solving with ultrametric constraint
Optimal point found for initial point 2
Negative llh: 256.38065035274434
Dropout rate: 1.322611872397624e-10
Silencing rate: 1.1150005909288131e-10
Sigma: 1.0813111088215024
Initial point 3. Random seed: 2644
Solving with ultrametric constraint
Optimal point found for initial point 3
Negative llh: 256.3807449186483
Dropout rate: 9.999999999999996e-11
Silencing rate: 1.0000000000000002e-10
Sigma: 1.081260648495984
Initial point 4. Random seed: 575
Solving with ultrametric constraint
Optimal point found for initial point 4
Negative llh: 256.3812602503972
Dropout rate: 1.0000000000000002e-10
Silencing rate: 1.0517561532810814e-10
Sigma: 1.0807432097074263
Initial point 5. Random seed: 7410
Solving with ultrametric constraint
Optimal point found for initial point 5
Negative llh: 256.3808392936645
Dropout rate: 1.1608741852069518e-09
Silencing rate: 3.397595875587606e-10
Sigma: 1.0816997331341405
Initial point 6. Random seed: 876
Solving with ultrametric constraint
Optimal point found for initial point 6
Negative llh: 256.41568139323897
Dropout rate: 1.2545453039522583e-08
Silencing rate: 5.636834455947173e-07
Sigma: 1.0773123460601548
Initial point 7. Random seed: 5906
Solving with ultrametric constraint
Optimal point found for initial point 7
Negative llh: 256.38108639567224
Dropout rate: 2.674910590218626e-09
Silencing rate: 1.0069841950024697e-10
Sigma: 1.0809635681134413
Initial point 8. Random seed: 653
Solving with ultrametric constraint
Optimal point found for initial point 8
Negative llh: 256.3807349133048
Dropout rate: 1.0000000000000007e-10
Silencing rate: 1e-10
Sigma: 1.081345247239883
Initial point 9. Random seed: 853
Solving with ultrametric constraint
Optimal point found for initial point 9
Negative llh: 256.3807986149756
Dropout rate: 9.12214770568751e-10
Silencing rate: 3.8475918288068956e-10
Sigma: 1.0811786139075121
Initial point 10. Random seed: 8605
Solving with ultrametric constraint
Optimal point found for initial point 10
Negative llh: 256.38096477511783
Dropout rate: 6.411313669770891e-10
Silencing rate: 3.0701639002227436e-10
Sigma: 1.0816073521892275
Runtime (s): 745.3745229160413
