Launching Problin version 0.5b
Problin was called as follow: /u/gh2161/Spatial-Division/problin/run_problin.py -c real_location_data/s10c3/k10_r4_character_matrix.csv -t real_location_data/s10c3/true_tree.nwk --delimiter comma -p real_location_data/s10c3/k10_priors.csv -o real_location_data/s10c3/k10_r4_problin.txt --nInitials 10 --ultrametric --randomreps 3 --solver Scipy
Optimization by generic solver (Scipy-SLSQP)
Optimizing branch lengths, phi, and nu without topology search
Initial point 1. Random seed: 4103
Solving with ultrametric constraint
Optimal point found for initial point 1
Negative llh: 85.92031059204147
Dropout rate: 1e-10
Silencing rate: 1e-10
Lambda: 0.00579945315257564
Initial point 2. Random seed: 8619
Solving with ultrametric constraint
Optimal point found for initial point 2
Negative llh: 85.92042374419766
Dropout rate: 2.6476845589980826e-09
Silencing rate: 8.697108820918098e-10
Lambda: 0.005799029643027791
Initial point 3. Random seed: 4189
Solving with ultrametric constraint
Optimal point found for initial point 3
Negative llh: 85.92049230026856
Dropout rate: 1.8089034933143043e-09
Silencing rate: 5.958451818467813e-10
Lambda: 0.005799191884183916
Initial point 4. Random seed: 5580
Solving with ultrametric constraint
Optimal point found for initial point 4
Negative llh: 85.92025672002973
Dropout rate: 1.4189751461285454e-09
Silencing rate: 6.037120274700381e-10
Lambda: 0.0057988022040344565
Initial point 5. Random seed: 30
Solving with ultrametric constraint
Optimal point found for initial point 5
Negative llh: 85.92017897259556
Dropout rate: 1e-10
Silencing rate: 1e-10
Lambda: 0.005798161151338412
Initial point 6. Random seed: 2038
Solving with ultrametric constraint
Optimal point found for initial point 6
Negative llh: 85.9201927388759
Dropout rate: 1.2338683222921915e-09
Silencing rate: 5.453417076245726e-10
Lambda: 0.005798956090744762
Initial point 7. Random seed: 5593
Solving with ultrametric constraint
Optimal point found for initial point 7
Negative llh: 85.92028895369745
Dropout rate: 1.0000000000000007e-10
Silencing rate: 9.999999999999996e-11
Lambda: 0.0057990344542528695
Initial point 8. Random seed: 3886
Solving with ultrametric constraint
Optimal point found for initial point 8
Negative llh: 85.92017131515195
Dropout rate: 1.770880034546e-09
Silencing rate: 7.488108220458539e-10
Lambda: 0.0057994194703807345
Initial point 9. Random seed: 5679
Solving with ultrametric constraint
Optimal point found for initial point 9
Negative llh: 85.92018091981393
Dropout rate: 1e-10
Silencing rate: 1e-10
Lambda: 0.005798389565835294
Initial point 10. Random seed: 3483
Solving with ultrametric constraint
Optimal point found for initial point 10
Negative llh: 85.92018810402139
Dropout rate: 1e-10
Silencing rate: 1e-10
Lambda: 0.005798312901681452
{'phi': 1.770880034546e-09, 'nu': 7.488108220458539e-10, 'lambda_param': 0.0057994194703807345}
Runtime (s): 204.72310227062553
