Launching Problin version 0.5b
Problin was called as follow: /u/gh2161/Spatial-Division/problin/run_problin.py -c real_location_data/s10c3/k10_r2_character_matrix.csv -t real_location_data/s10c3/true_tree.nwk -S real_location_data/s10c3/leaf_locations.txt --delimiter comma -p real_location_data/s10c3/k10_priors.csv -o real_location_data/s10c3/k10_r2_spalin-divide-beta20.txt --nInitials 10 --ultrametric --randomreps 3 --divide --given_beta 20 --incl_beta_bound
Optimization by Spalin-Divide: Scipy-SLSQP using spatial information
Optimizing branch lengths, phi, and nu without topology search
Initial point 1. Random seed: 2096
Solving with ultrametric constraint
Optimal point found for initial point 1
Negative llh: 255.71279049058714
Dropout rate: 5.198140755511734e-10
Silencing rate: 2.955933723432242e-10
Sigma: 3.5922894737490316
Initial point 2. Random seed: 8125
Solving with ultrametric constraint
Optimal point found for initial point 2
Negative llh: 255.71279805023175
Dropout rate: 1e-10
Silencing rate: 1e-10
Sigma: 3.5919231819115653
Initial point 3. Random seed: 680
Solving with ultrametric constraint
Optimal point found for initial point 3
Negative llh: 255.71279176654224
Dropout rate: 1.258369910353644e-09
Silencing rate: 7.168625065370071e-10
Sigma: 3.5921383338002477
Initial point 4. Random seed: 2587
Solving with ultrametric constraint
Optimal point found for initial point 4
Negative llh: 255.71278989960592
Dropout rate: 1.0000000000000007e-10
Silencing rate: 9.999999999999996e-11
Sigma: 3.5922724289990176
Initial point 5. Random seed: 7407
Solving with ultrametric constraint
Optimal point found for initial point 5
Negative llh: 255.71279438617165
Dropout rate: 1e-10
Silencing rate: 1e-10
Sigma: 3.5922324577497036
Initial point 6. Random seed: 4628
Solving with ultrametric constraint
Optimal point found for initial point 6
Negative llh: 255.7127914700483
Dropout rate: 1.0000000000000007e-10
Silencing rate: 1.0000000000000007e-10
Sigma: 3.5921846518033056
Initial point 7. Random seed: 7864
Solving with ultrametric constraint
Optimal point found for initial point 7
Negative llh: 255.71279063640202
Dropout rate: 1.0011225186491582e-09
Silencing rate: 4.6385876268188953e-10
Sigma: 3.592174781499486
Initial point 8. Random seed: 7525
Solving with ultrametric constraint
Optimal point found for initial point 8
Negative llh: 255.7127968329651
Dropout rate: 1e-10
Silencing rate: 1e-10
Sigma: 3.5920872486860054
Initial point 9. Random seed: 3205
Solving with ultrametric constraint
Optimal point found for initial point 9
Negative llh: 255.71279021908848
Dropout rate: 1e-10
Silencing rate: 1e-10
Sigma: 3.5921923385291685
Initial point 10. Random seed: 6282
Solving with ultrametric constraint
Optimal point found for initial point 10
Negative llh: 255.712793414531
Dropout rate: 1.0000000000000002e-10
Silencing rate: 1.0000000000000002e-10
Sigma: 3.5923299220060656
Runtime (s): 3132.3660975820385
