Launching Problin version 0.5b
Problin was called as follow: /u/gh2161/Spatial-Division/problin/run_problin.py -c intmem_real_data/s8c1/characters.txt -t intmem_real_data/s8c1/true_tree.nwk -S intmem_real_data/s8c1/leaf_locations.txt --delimiter comma -p intmem_real_data/s8c1/prior.csv -o intmem_real_data/s8c1/spalin-divide-beta7.txt --nInitials 10 --ultrametric --randomreps 3 --divide --radius 7
Optimization by Spalin-Divide: Scipy-SLSQP using spatial information
Optimizing branch lengths, phi, and nu without topology search
Initial point 1. Random seed: 938
Solving with ultrametric constraint
Optimal point found for initial point 1
Negative llh: 113.24238977641134
Dropout rate: 2.73461600457473e-10
Silencing rate: 1.7897407112979667e-10
Sigma: 1.1622726403365025
Lambda: 0.0023529243547684197
Initial point 2. Random seed: 2860
Solving with ultrametric constraint
Optimal point found for initial point 2
Negative llh: 113.24205682262246
Dropout rate: 4.134662986860703e-10
Silencing rate: 1.0000536853999118e-10
Sigma: 1.163279674565824
Lambda: 0.002365751605536709
Initial point 3. Random seed: 1095
Solving with ultrametric constraint
Optimal point found for initial point 3
Negative llh: 113.24205688344236
Dropout rate: 1.0000000000000002e-10
Silencing rate: 1e-10
Sigma: 1.1633406813726506
Lambda: 0.002365957347487274
Initial point 4. Random seed: 9093
Solving with ultrametric constraint
Optimal point found for initial point 4
Negative llh: 116.5990909031895
Dropout rate: 1e-10
Silencing rate: 1e-10
Sigma: 1.1215840813072797
Lambda: 0.000976679582276321
Initial point 5. Random seed: 3831
Solving with ultrametric constraint
Optimal point found for initial point 5
Negative llh: 113.24205662223955
Dropout rate: 9.999999999999996e-11
Silencing rate: 1.0000000000000002e-10
Sigma: 1.1633117996188351
Lambda: 0.002365862709414876
Initial point 6. Random seed: 1218
Solving with ultrametric constraint
Optimal point found for initial point 6
Negative llh: 113.24229781813472
Dropout rate: 9.999999999999996e-11
Silencing rate: 1e-10
Sigma: 1.1628616342073606
Lambda: 0.0023637801726262425
Initial point 7. Random seed: 6608
Solving with ultrametric constraint
Optimal point found for initial point 7
Negative llh: 113.24207024033647
Dropout rate: 3.8171543810934807e-10
Silencing rate: 2.004206998025154e-10
Sigma: 1.1633409180334906
Lambda: 0.0023659132287347745
Initial point 8. Random seed: 8193
Solving with ultrametric constraint
Optimal point found for initial point 8
Negative llh: 116.59912039784945
Dropout rate: 1e-10
Silencing rate: 1e-10
Sigma: 1.1215669558815387
Lambda: 0.0009766815410568682
Initial point 9. Random seed: 8273
Solving with ultrametric constraint
Optimal point found for initial point 9
Negative llh: 113.24205663506399
Dropout rate: 9.999999999999996e-11
Silencing rate: 1e-10
Sigma: 1.1633116785030522
Lambda: 0.002365946524711607
Initial point 10. Random seed: 9641
Solving with ultrametric constraint
Optimal point found for initial point 10
Negative llh: 113.24205674497581
Dropout rate: 3.5198359587834556e-10
Silencing rate: 2.0516601502688252e-10
Sigma: 1.1633344742506542
Lambda: 0.0023657087862656843
{'lambda_param': 0.002365862709414876, 'phi': 9.999999999999996e-11, 'nu': 1.0000000000000002e-10, 'sigma': 1.1633117996188351, 'locations': {'216_12': (146.0, 338.0), '216_11': (137.0, 373.0), '216_8': (152.0, 360.0), '216_7': (158.0, 389.0), '216_10': (126.0, 338.0), '216_9': (141.0, 350.0), '216_2': (136.0, 412.0), '216_1': (121.0, 408.0), '216_6': (147.0, 405.0), '216_5': (146.0, 423.0), '216_4': (160.0, 407.0), '216_3': (156.0, 429.0)}, 'radius': 7.0, 'thetas': {'203_3': 1.7506475141236688, '208_5': 1.6263002718579236, '157_2': 0.33697050593534106, '168_1': 3.4021879455830093, '73_1': 0.2549382977030407, '194_6': 0.6747428212161797, '198_5': 7.649947835641975, '140_3': 4.097257091283154, '197_8': 1.822503535755846, '76_3': 0.6354845060239215, '26_1': 1.5970487306557082}}
Runtime (s): 423.7177000558004
