Launching Problin version 0.5b
Problin was called as follow: /u/gh2161/Spatial-Division/problin/run_problin.py -c real_location_data/s20c4/k10_r5_character_matrix.csv -t real_location_data/s20c4/true_tree.nwk -S real_location_data/s20c4/leaf_locations.txt --delimiter comma -p real_location_data/s20c4/k10_priors.csv -o real_location_data/s20c4/k10_r5_spalin-divide-beta3.txt --nInitials 10 --ultrametric --randomreps 3 --divide --radius 3
Optimization by Spalin-Divide: Scipy-SLSQP using spatial information
Optimizing branch lengths, phi, and nu without topology search
Initial point 1. Random seed: 3661
Solving with ultrametric constraint
Optimal point found for initial point 1
Negative llh: 128.620298759638
Dropout rate: 2.791981070007117e-10
Silencing rate: 1.6183600793785537e-10
Sigma: 2.0560582459709065
Initial point 2. Random seed: 3733
Solving with ultrametric constraint
Optimal point found for initial point 2
Negative llh: 128.62029878007047
Dropout rate: 3.656145272790755e-10
Silencing rate: 1.0000842524997e-10
Sigma: 2.0559945917873415
Initial point 3. Random seed: 9500
Solving with ultrametric constraint
Optimal point found for initial point 3
Negative llh: 128.62029886137515
Dropout rate: 2.8743167818151337e-10
Silencing rate: 2.533988930506066e-10
Sigma: 2.056015825189669
Initial point 4. Random seed: 5116
Solving with ultrametric constraint
Optimal point found for initial point 4
Negative llh: 128.62029878502307
Dropout rate: 1e-10
Silencing rate: 1e-10
Sigma: 2.0560783946167884
Initial point 5. Random seed: 1712
Solving with ultrametric constraint
Optimal point found for initial point 5
Negative llh: 128.62141832430183
Dropout rate: 1.8694503503161243e-10
Silencing rate: 1.0031226958041464e-10
Sigma: 2.055474988821439
Initial point 6. Random seed: 1074
Solving with ultrametric constraint
Optimal point found for initial point 6
Negative llh: 128.6206539399812
Dropout rate: 3.82755516596283e-10
Silencing rate: 1.0001505420028758e-10
Sigma: 2.0557544248658264
Initial point 7. Random seed: 9405
Solving with ultrametric constraint
Optimal point found for initial point 7
Negative llh: 140.4458494234146
Dropout rate: 1.0713386487578158e-09
Silencing rate: 8.695870992288629e-10
Sigma: 1.8952411151842934
Initial point 8. Random seed: 949
Solving with ultrametric constraint
Optimal point found for initial point 8
Negative llh: 128.6202992196711
Dropout rate: 3.059831228294444e-10
Silencing rate: 1e-10
Sigma: 2.0559181556493384
Initial point 9. Random seed: 7361
Solving with ultrametric constraint
Optimal point found for initial point 9
Negative llh: 128.62055500469404
Dropout rate: 3.7443825183307485e-10
Silencing rate: 1.0047080808407195e-10
Sigma: 2.0543915839348803
Initial point 10. Random seed: 4389
Solving with ultrametric constraint
Optimal point found for initial point 10
Negative llh: 128.6203072789196
Dropout rate: 1e-10
Silencing rate: 1e-10
Sigma: 2.056075560600254
Runtime (s): 166.55080020800233
