Launching Problin version 0.5b
Problin was called as follow: /u/gh2161/Spatial-Division/problin/run_problin.py -c real_location_data/s20c4/k10_r5_character_matrix.csv -t real_location_data/s20c4/true_tree.nwk -S real_location_data/s20c4/leaf_locations.txt --delimiter comma -p real_location_data/s20c4/k10_priors.csv -o real_location_data/s20c4/k10_r5_spalin-divide-beta10.txt --nInitials 10 --ultrametric --randomreps 3 --divide --radius 10
Optimization by Spalin-Divide: Scipy-SLSQP using spatial information
Optimizing branch lengths, phi, and nu without topology search
Initial point 1. Random seed: 6847
Solving with ultrametric constraint
Optimal point found for initial point 1
Negative llh: 119.4246751709201
Dropout rate: 5.104372568367378e-10
Silencing rate: 1.0019736436122356e-10
Sigma: 1.7372931728225083
Initial point 2. Random seed: 7170
Solving with ultrametric constraint
Optimal point found for initial point 2
Negative llh: 119.42568228800803
Dropout rate: 3.616258853062521e-10
Silencing rate: 1.0005849371524571e-10
Sigma: 1.7376262486788219
Initial point 3. Random seed: 7042
Solving with ultrametric constraint
Optimal point found for initial point 3
Negative llh: 119.42532212044907
Dropout rate: 2.884230989553202e-10
Silencing rate: 1.0123213889390718e-10
Sigma: 1.7350268565151257
Initial point 4. Random seed: 3942
Solving with ultrametric constraint
Optimal point found for initial point 4
Negative llh: 119.42467528048948
Dropout rate: 2.2253929888267335e-10
Silencing rate: 1.411481751432643e-10
Sigma: 1.737275523844448
Initial point 5. Random seed: 5726
Solving with ultrametric constraint
Optimal point found for initial point 5
Negative llh: 119.4246804142309
Dropout rate: 1e-10
Silencing rate: 1e-10
Sigma: 1.7375154807592104
Initial point 6. Random seed: 9839
Solving with ultrametric constraint
Optimal point found for initial point 6
Negative llh: 119.42467513812447
Dropout rate: 1e-10
Silencing rate: 1e-10
Sigma: 1.7372677884518597
Initial point 7. Random seed: 7531
Solving with ultrametric constraint
Optimal point found for initial point 7
Negative llh: 119.42467532918509
Dropout rate: 2.3629648708349587e-10
Silencing rate: 1.0174636646468257e-10
Sigma: 1.7373039273533648
Initial point 8. Random seed: 9920
Solving with ultrametric constraint
Optimal point found for initial point 8
Negative llh: 119.42467532154085
Dropout rate: 7.068639061293061e-10
Silencing rate: 7.934691103842672e-10
Sigma: 1.737311418111334
Initial point 9. Random seed: 1175
Solving with ultrametric constraint
Optimal point found for initial point 9
Negative llh: 131.37893832426704
Dropout rate: 1e-10
Silencing rate: 1e-10
Sigma: 1.6158736601800532
Initial point 10. Random seed: 4564
Solving with ultrametric constraint
Optimal point found for initial point 10
Negative llh: 119.424675522467
Dropout rate: 2.056989848086692e-10
Silencing rate: 1.3576288998221063e-10
Sigma: 1.7373207577936403
Runtime (s): 288.4817058686167
