Launching Problin version 0.5b
Problin was called as follow: /u/gh2161/Spatial-Division/problin/run_problin.py -c real_location_data/s5c7/k10_r4_character_matrix.csv -t real_location_data/s5c7/true_tree.nwk -S real_location_data/s5c7/leaf_locations.txt --delimiter comma -p real_location_data/s5c7/k10_priors.csv -o real_location_data/s5c7/k10_r4_spalin-divide-beta8.txt --nInitials 10 --ultrametric --randomreps 3 --divide --given_beta 8 --incl_beta_bound
Optimization by Spalin-Divide: Scipy-SLSQP using spatial information
Optimizing branch lengths, phi, and nu without topology search
Initial point 1. Random seed: 3278
Solving with ultrametric constraint
Optimal point found for initial point 1
Negative llh: 373.94528746913215
Dropout rate: 2.3984150380033846e-10
Silencing rate: 1.5881640945830073e-10
Sigma: 4.871720922687271
Initial point 2. Random seed: 6406
Solving with ultrametric constraint
Fatal: failed to optimize using initial point 2
Initial point 3. Random seed: 5031
Solving with ultrametric constraint
Fatal: failed to optimize using initial point 3
Initial point 4. Random seed: 3304
Solving with ultrametric constraint
Optimal point found for initial point 4
Negative llh: 373.9452918263082
Dropout rate: 1.5927572599064322e-09
Silencing rate: 9.22984614673012e-10
Sigma: 4.871752161308375
Initial point 5. Random seed: 4194
Solving with ultrametric constraint
Fatal: failed to optimize using initial point 5
Initial point 6. Random seed: 8248
Solving with ultrametric constraint
Fatal: failed to optimize using initial point 6
Initial point 7. Random seed: 6873
Solving with ultrametric constraint
Optimal point found for initial point 7
Negative llh: 373.9452904617368
Dropout rate: 6.349337956336379e-10
Silencing rate: 3.248907560981617e-10
Sigma: 4.871743459528345
Initial point 8. Random seed: 6408
Solving with ultrametric constraint
Optimal point found for initial point 8
Negative llh: 373.94529266725124
Dropout rate: 4.1963133082972394e-10
Silencing rate: 2.343945783218734e-10
Sigma: 4.87176712590952
Initial point 9. Random seed: 7298
Solving with ultrametric constraint
Optimal point found for initial point 9
Negative llh: 373.94529081381137
Dropout rate: 2.4459359054377785e-09
Silencing rate: 1.6634342152288666e-09
Sigma: 4.8717391422265255
Initial point 10. Random seed: 6943
Solving with ultrametric constraint
Optimal point found for initial point 10
Negative llh: 373.9452952114756
Dropout rate: 1.0000000000000007e-10
Silencing rate: 1.0000000000000002e-10
Sigma: 4.871830878951031
Runtime (s): 8094.080960979685
