Launching Problin version 0.5b
Problin was called as follow: /u/gh2161/Spatial-Division/problin/run_problin.py -c real_location_data/s5c7/k10_r5_character_matrix.csv -t real_location_data/s5c7/true_tree.nwk -S real_location_data/s5c7/leaf_locations.txt --delimiter comma -p real_location_data/s5c7/k10_priors.csv -o real_location_data/s5c7/k10_r5_spalin-divide-beta8.txt --nInitials 10 --ultrametric --randomreps 3 --divide --given_beta 8 --incl_beta_bound
Optimization by Spalin-Divide: Scipy-SLSQP using spatial information
Optimizing branch lengths, phi, and nu without topology search
Initial point 1. Random seed: 948
Solving with ultrametric constraint
Optimal point found for initial point 1
Negative llh: 329.7837702993846
Dropout rate: 1e-10
Silencing rate: 1e-10
Sigma: 4.9385054203329695
Initial point 2. Random seed: 1888
Solving with ultrametric constraint
Optimal point found for initial point 2
Negative llh: 329.7837922287944
Dropout rate: 1.732621545514754e-09
Silencing rate: 7.345662858629976e-10
Sigma: 4.9383035813947105
Initial point 3. Random seed: 868
Solving with ultrametric constraint
Fatal: failed to optimize using initial point 3
Initial point 4. Random seed: 7133
Solving with ultrametric constraint
Fatal: failed to optimize using initial point 4
Initial point 5. Random seed: 9062
Solving with ultrametric constraint
Fatal: failed to optimize using initial point 5
Initial point 6. Random seed: 8646
Solving with ultrametric constraint
Optimal point found for initial point 6
Negative llh: 329.7838048386902
Dropout rate: 2.0342644269599086e-09
Silencing rate: 8.516464896128914e-10
Sigma: 4.938439044107864
Initial point 7. Random seed: 2516
Solving with ultrametric constraint
Fatal: failed to optimize using initial point 7
Initial point 8. Random seed: 1640
Solving with ultrametric constraint
Fatal: failed to optimize using initial point 8
Initial point 9. Random seed: 7105
Solving with ultrametric constraint
Fatal: failed to optimize using initial point 9
Initial point 10. Random seed: 3997
Solving with ultrametric constraint
Fatal: failed to optimize using initial point 10
Runtime (s): 4951.680218983442
