Launching Problin version 0.5b
Problin was called as follow: /u/gh2161/Spatial-Division/problin/run_problin.py -c real_location_data/s20c6/k10_r5_character_matrix.csv -t real_location_data/s20c6/true_tree.nwk -S real_location_data/s20c6/leaf_locations.txt --delimiter comma -p real_location_data/s20c6/k10_priors.csv -o real_location_data/s20c6/k10_r5_spalin-divide-beta2.txt --nInitials 10 --ultrametric --randomreps 3 --divide --given_beta 2 --incl_beta_bound
Optimization by Spalin-Divide: Scipy-SLSQP using spatial information
Optimizing branch lengths, phi, and nu without topology search
Initial point 1. Random seed: 8939
Solving with ultrametric constraint
Optimal point found for initial point 1
Negative llh: 190.299696365758
Dropout rate: 5.770081557221349e-10
Silencing rate: 4.6211639925187774e-10
Sigma: 4.661718615098993
Initial point 2. Random seed: 5515
Solving with ultrametric constraint
Optimal point found for initial point 2
Negative llh: 190.29969418329162
Dropout rate: 1.0000000000000002e-10
Silencing rate: 1.0000000000000002e-10
Sigma: 4.661599993119853
Initial point 3. Random seed: 3633
Solving with ultrametric constraint
Optimal point found for initial point 3
Negative llh: 190.2996950075941
Dropout rate: 6.800331954934144e-10
Silencing rate: 5.040915898896866e-10
Sigma: 4.661638521167237
Initial point 4. Random seed: 5140
Solving with ultrametric constraint
Optimal point found for initial point 4
Negative llh: 190.299693985928
Dropout rate: 1e-10
Silencing rate: 1e-10
Sigma: 4.661598387427848
Initial point 5. Random seed: 6546
Solving with ultrametric constraint
Optimal point found for initial point 5
Negative llh: 190.2996953249555
Dropout rate: 1e-10
Silencing rate: 1e-10
Sigma: 4.661723672954448
Initial point 6. Random seed: 9187
Solving with ultrametric constraint
Optimal point found for initial point 6
Negative llh: 190.29969401825548
Dropout rate: 1e-10
Silencing rate: 1e-10
Sigma: 4.661600105428175
Initial point 7. Random seed: 4992
Solving with ultrametric constraint
Optimal point found for initial point 7
Negative llh: 190.29969494156126
Dropout rate: 1e-10
Silencing rate: 1e-10
Sigma: 4.661583184931489
Initial point 8. Random seed: 9063
Solving with ultrametric constraint
Optimal point found for initial point 8
Negative llh: 190.2996946318487
Dropout rate: 4.359702659620435e-10
Silencing rate: 3.0592743582298313e-10
Sigma: 4.661626472012083
Initial point 9. Random seed: 4294
Solving with ultrametric constraint
Optimal point found for initial point 9
Negative llh: 190.29969479116477
Dropout rate: 1e-10
Silencing rate: 1e-10
Sigma: 4.6616034904361765
Initial point 10. Random seed: 832
Solving with ultrametric constraint
Optimal point found for initial point 10
Negative llh: 190.2996941472809
Dropout rate: 4.834727208900583e-10
Silencing rate: 3.414841071678118e-10
Sigma: 4.6615630108626895
Runtime (s): 422.7348090049927
