Launching Problin version 0.5b
Problin was called as follow: /u/gh2161/Spatial-Division/problin/run_problin.py -c real_location_data/s20c6/k10_r2_character_matrix.csv -t real_location_data/s20c6/true_tree.nwk -S real_location_data/s20c6/leaf_locations.txt --delimiter comma -p real_location_data/s20c6/k10_priors.csv -o real_location_data/s20c6/k10_r2_spalin-divide-beta5_10_range.txt --nInitials 10 --ultrametric --randomreps 3 --divide --given_lower_beta 5 --given_upper_beta 10 --incl_beta_bound
Optimization by Spalin-Divide: Scipy-SLSQP using spatial information
{'sigma': 22, 'nu': 1e-10, 'phi': 1e-10, 'lower_beta': 5.0, 'upper_beta': 10.0, 'incl_beta_bound': True, 'displacement_amounts': {}}
Optimizing branch lengths, phi, and nu without topology search
Initial point 1. Random seed: 8667
Solving with ultrametric constraint
Optimal point found for initial point 1
Negative llh: 161.0429275666571
Dropout rate: 3.249693367648329e-09
Silencing rate: 2.365209309914479e-09
Sigma: 4.838860792897028
Initial point 2. Random seed: 6975
Solving with ultrametric constraint
Optimal point found for initial point 2
Negative llh: 167.09585525784263
Dropout rate: 1.850857067722834e-08
Silencing rate: 4.717425001032534e-09
Sigma: 5.287503161885115
Initial point 3. Random seed: 1593
Solving with ultrametric constraint
Optimal point found for initial point 3
Negative llh: 160.36445789489554
Dropout rate: 1.000000000000009e-10
Silencing rate: 9.999999999999924e-11
Sigma: 4.779613411705458
Initial point 4. Random seed: 8338
Solving with ultrametric constraint
Optimal point found for initial point 4
Negative llh: 166.89639517049093
Dropout rate: 4.8989752164680964e-08
Silencing rate: 1.8823132732265632e-08
Sigma: 5.166942288558386
Initial point 5. Random seed: 5046
Solving with ultrametric constraint
Optimal point found for initial point 5
Negative llh: 159.86352730292703
Dropout rate: 6.486368768781601e-09
Silencing rate: 2.7623912261983618e-09
Sigma: 4.731446602374068
Initial point 6. Random seed: 2865
Solving with ultrametric constraint
Optimal point found for initial point 6
Negative llh: 167.0668130481278
Dropout rate: 1.0007089709462275e-10
Silencing rate: 1.0003187056690471e-10
Sigma: 5.286221143332026
Initial point 7. Random seed: 6138
Solving with ultrametric constraint
Optimal point found for initial point 7
Negative llh: 167.49336283128565
Dropout rate: 2.3271327809596486e-09
Silencing rate: 7.569880188651965e-10
Sigma: 5.266521988715445
Initial point 8. Random seed: 2943
Solving with ultrametric constraint
Optimal point found for initial point 8
Negative llh: 167.04669284072634
Dropout rate: 5.007519051816174e-08
Silencing rate: 2.2264980886644838e-08
Sigma: 5.284959060049028
Initial point 9. Random seed: 7823
Solving with ultrametric constraint
Optimal point found for initial point 9
Negative llh: 159.59234833959886
Dropout rate: 3.635222230353638e-09
Silencing rate: 1.4125439668764776e-09
Sigma: 4.6503949633362724
Initial point 10. Random seed: 7384
Solving with ultrametric constraint
Optimal point found for initial point 10
Negative llh: 167.06788215564256
Dropout rate: 1.424752468665619e-09
Silencing rate: 6.758224499393175e-10
Sigma: 5.280462850554738
Runtime (s): 261.2762933559716
