Launching Problin version 0.5b
Problin was called as follow: /u/gh2161/Spatial-Division/problin/run_problin.py -c real_location_data/s20c6/k10_r5_character_matrix.csv -t real_location_data/s20c6/true_tree.nwk -S real_location_data/s20c6/leaf_locations.txt --delimiter comma -p real_location_data/s20c6/k10_priors.csv -o real_location_data/s20c6/k10_r5_spalin-divide-beta20.txt --nInitials 10 --ultrametric --randomreps 3 --divide --given_beta 20 --incl_beta_bound
Optimization by Spalin-Divide: Scipy-SLSQP using spatial information
Optimizing branch lengths, phi, and nu without topology search
Initial point 1. Random seed: 3359
Solving with ultrametric constraint
Optimal point found for initial point 1
Negative llh: 184.54083310860517
Dropout rate: 1.6581793017653808e-10
Silencing rate: 1.398141003450001e-10
Sigma: 3.886829063937979
Initial point 2. Random seed: 6514
Solving with ultrametric constraint
Optimal point found for initial point 2
Negative llh: 184.5408330510319
Dropout rate: 1.0000000000000007e-10
Silencing rate: 1.0000000000000007e-10
Sigma: 3.886837805293428
Initial point 3. Random seed: 1726
Solving with ultrametric constraint
Optimal point found for initial point 3
Negative llh: 184.5408332481462
Dropout rate: 2.721795286528928e-10
Silencing rate: 2.2435132397669302e-10
Sigma: 3.8868254682782237
Initial point 4. Random seed: 515
Solving with ultrametric constraint
Optimal point found for initial point 4
Negative llh: 184.5408327220511
Dropout rate: 1.2771096877886503e-10
Silencing rate: 1.184505173662626e-10
Sigma: 3.8868426648266587
Initial point 5. Random seed: 368
Solving with ultrametric constraint
Optimal point found for initial point 5
Negative llh: 184.5408351488029
Dropout rate: 1.0000000000000002e-10
Silencing rate: 1e-10
Sigma: 3.886859519735638
Initial point 6. Random seed: 4286
Solving with ultrametric constraint
Optimal point found for initial point 6
Negative llh: 184.5408570740147
Dropout rate: 8.072728714504744e-10
Silencing rate: 5.514900085739184e-10
Sigma: 3.886864046543005
Initial point 7. Random seed: 9443
Solving with ultrametric constraint
Optimal point found for initial point 7
Negative llh: 184.54083342151574
Dropout rate: 1.0000000000000007e-10
Silencing rate: 9.999999999999996e-11
Sigma: 3.886837755372958
Initial point 8. Random seed: 7165
Solving with ultrametric constraint
Optimal point found for initial point 8
Negative llh: 184.5408327184946
Dropout rate: 9.999999999999999e-11
Silencing rate: 9.999999999999999e-11
Sigma: 3.8868354259635836
Initial point 9. Random seed: 3798
Solving with ultrametric constraint
Optimal point found for initial point 9
Negative llh: 184.54083295552758
Dropout rate: 1e-10
Silencing rate: 1e-10
Sigma: 3.8868386541543782
Initial point 10. Random seed: 1970
Solving with ultrametric constraint
Optimal point found for initial point 10
Negative llh: 184.5408353778286
Dropout rate: 1e-10
Silencing rate: 1e-10
Sigma: 3.8868249069054897
Runtime (s): 819.2404151502997
