Launching Problin version 0.5b
Problin was called as follow: /u/gh2161/Spatial-Division/problin/run_problin.py -c real_location_data/s20c6/k10_r4_character_matrix.csv -t real_location_data/s20c6/true_tree.nwk -S real_location_data/s20c6/leaf_locations.txt --delimiter comma -p real_location_data/s20c6/k10_priors.csv -o real_location_data/s20c6/k10_r4_spalin-divide-beta3.txt --nInitials 10 --ultrametric --randomreps 3 --divide --radius 3
Optimization by Spalin-Divide: Scipy-SLSQP using spatial information
Optimizing branch lengths, phi, and nu without topology search
Initial point 1. Random seed: 4316
Solving with ultrametric constraint
Optimal point found for initial point 1
Negative llh: 166.53239654279045
Dropout rate: 1.4401791995378642e-09
Silencing rate: 9.38710833186776e-10
Sigma: 1.32459140407671
Initial point 2. Random seed: 4810
Solving with ultrametric constraint
Optimal point found for initial point 2
Negative llh: 185.0148349557112
Dropout rate: 1.0000000000000007e-10
Silencing rate: 1.0000000000000002e-10
Sigma: 1.305833181440765
Initial point 3. Random seed: 3513
Solving with ultrametric constraint
Optimal point found for initial point 3
Negative llh: 185.01417817815118
Dropout rate: 1e-10
Silencing rate: 1e-10
Sigma: 1.305827749938949
Initial point 4. Random seed: 3194
Solving with ultrametric constraint
Optimal point found for initial point 4
Negative llh: 166.53308430515634
Dropout rate: 3.7956887379464995e-10
Silencing rate: 8.968129255985297e-10
Sigma: 1.3229721581183154
Initial point 5. Random seed: 6969
Solving with ultrametric constraint
Optimal point found for initial point 5
Negative llh: 183.41292149299252
Dropout rate: 1.0000000000000002e-10
Silencing rate: 1.0000000000000002e-10
Sigma: 1.6227603991158908
Initial point 6. Random seed: 5563
Solving with ultrametric constraint
Optimal point found for initial point 6
Negative llh: 166.532395951443
Dropout rate: 1e-10
Silencing rate: 1e-10
Sigma: 1.3245703822161183
Initial point 7. Random seed: 7002
Solving with ultrametric constraint
Optimal point found for initial point 7
Negative llh: 166.53347496254145
Dropout rate: 1.0000000000000002e-10
Silencing rate: 1e-10
Sigma: 1.3242730597864847
Initial point 8. Random seed: 451
Solving with ultrametric constraint
Optimal point found for initial point 8
Negative llh: 166.5323960851791
Dropout rate: 4.5852210009631146e-10
Silencing rate: 3.209942181106041e-10
Sigma: 1.3245930628095208
Initial point 9. Random seed: 764
Solving with ultrametric constraint
Optimal point found for initial point 9
Negative llh: 166.53282264229264
Dropout rate: 9.999999999999996e-11
Silencing rate: 1e-10
Sigma: 1.3238632216903348
Initial point 10. Random seed: 9120
Solving with ultrametric constraint
Optimal point found for initial point 10
Negative llh: 166.53273895810014
Dropout rate: 9.999999999999996e-11
Silencing rate: 1.0000000000000002e-10
Sigma: 1.3239208563655354
Runtime (s): 260.0062623079866
