Launching Problin version 0.5b
Problin was called as follow: /u/gh2161/Spatial-Division/problin/run_problin.py -c real_location_data/s20c6/k10_r3_character_matrix.csv -t real_location_data/s20c6/true_tree.nwk -S real_location_data/s20c6/leaf_locations.txt --delimiter comma -p real_location_data/s20c6/k10_priors.csv -o real_location_data/s20c6/k10_r3_spalin-spatialonly.txt --nInitials 10 --ultrametric --randomreps 3 --spatial_only
Optimization by Spalin: Scipy-SLSQP using spatial information
Optimizing branch lengths, phi, and nu without topology search
only spatial
Initial point 1. Random seed: 3529
Solving with ultrametric constraint
Optimal point found for initial point 1
Negative llh: 74.69962829836832
Dropout rate: 0.762423912425279
Silencing rate: 0.2933524307731751
Sigma: 2.6349994475040193
Lambda: 1.0
Initial point 2. Random seed: 9616
Solving with ultrametric constraint
Optimal point found for initial point 2
Negative llh: 74.69962829836832
Dropout rate: 0.09564725371203205
Silencing rate: 0.6406302629412544
Sigma: 2.6349994475040193
Lambda: 1.0
Initial point 3. Random seed: 708
Solving with ultrametric constraint
Optimal point found for initial point 3
Negative llh: 74.69962829836832
Dropout rate: 0.09050039843861842
Silencing rate: 0.11857151437107799
Sigma: 2.6349994475040193
Lambda: 1.0
Initial point 4. Random seed: 7804
Solving with ultrametric constraint
Optimal point found for initial point 4
Negative llh: 74.69962829836832
Dropout rate: 0.48473233800720716
Silencing rate: 0.44345450846944795
Sigma: 2.6349994475040193
Lambda: 1.0
Initial point 5. Random seed: 6144
Solving with ultrametric constraint
Optimal point found for initial point 5
Negative llh: 74.69962829836832
Dropout rate: 0.6135441441340607
Silencing rate: 0.7150793637039031
Sigma: 2.6349994475040193
Lambda: 1.0
Initial point 6. Random seed: 1097
Solving with ultrametric constraint
Optimal point found for initial point 6
Negative llh: 74.69962829836832
Dropout rate: 0.8591650538689115
Silencing rate: 0.33536284456509485
Sigma: 2.6349994475040193
Lambda: 1.0
Initial point 7. Random seed: 7623
Solving with ultrametric constraint
Optimal point found for initial point 7
Negative llh: 74.69962829836832
Dropout rate: 0.15418427377689348
Silencing rate: 0.5558548548743301
Sigma: 2.6349994475040193
Lambda: 1.0
Initial point 8. Random seed: 8830
Solving with ultrametric constraint
Optimal point found for initial point 8
Negative llh: 74.69962829836832
Dropout rate: 0.5621730605530855
Silencing rate: 0.8616620920164838
Sigma: 2.6349994475040193
Lambda: 1.0
Initial point 9. Random seed: 7499
Solving with ultrametric constraint
Optimal point found for initial point 9
Negative llh: 74.69962829836832
Dropout rate: 0.2295764312994018
Silencing rate: 0.4751089460633772
Sigma: 2.6349994475040193
Lambda: 1.0
Initial point 10. Random seed: 9254
Solving with ultrametric constraint
Optimal point found for initial point 10
Negative llh: 74.69962829836832
Dropout rate: 0.1218624429025817
Silencing rate: 0.3700088424530152
Sigma: 2.6349994475040193
Lambda: 1.0
{'lambda_param': 1.0, 'phi': 0.762423912425279, 'nu': 0.2933524307731751, 'sigma': 2.6349994475040193, 'locations': {'216_9': (227.0, 209.0), '216_8': (235.0, 197.0), '216_11': (214.0, 196.0), '216_10': (228.0, 189.0), '216_4': (183.0, 198.0), '216_3': (166.0, 199.0), '216_2': (140.0, 201.0), '216_1': (152.0, 203.0), '216_13': (188.0, 165.0), '216_12': (139.0, 180.0), '216_16': (174.0, 209.0), '216_19': (214.0, 178.0)}}
Runtime (s): 67.86459120176733
