Launching Problin version 0.5b
Problin was called as follow: /u/gh2161/Spatial-Division/problin/run_problin.py -c real_location_data/s8c6/k10_r1_character_matrix.csv -t real_location_data/s8c6/true_tree.nwk -S real_location_data/s8c6/leaf_locations.txt --delimiter comma -p real_location_data/s8c6/k10_priors.csv -o real_location_data/s8c6/k10_r1_spalin-divide-beta1.txt --nInitials 10 --ultrametric --randomreps 3 --divide --radius 1
Optimization by Spalin-Divide: Scipy-SLSQP using spatial information
Optimizing branch lengths, phi, and nu without topology search
Initial point 1. Random seed: 510
Solving with ultrametric constraint
Optimal point found for initial point 1
Negative llh: 377.98404570597916
Dropout rate: 1e-10
Silencing rate: 1e-10
Sigma: 1.8198881494130876
Initial point 2. Random seed: 7670
Solving with ultrametric constraint
Fatal: failed to optimize using initial point 2
Initial point 3. Random seed: 8701
Solving with ultrametric constraint
Optimal point found for initial point 3
Negative llh: 377.98420632831096
Dropout rate: 1e-10
Silencing rate: 1e-10
Sigma: 1.8196384401651449
Initial point 4. Random seed: 2754
Solving with ultrametric constraint
Optimal point found for initial point 4
Negative llh: 377.98410723822326
Dropout rate: 1.0000000000000007e-10
Silencing rate: 1.0000000000000007e-10
Sigma: 1.8199634043123083
Initial point 5. Random seed: 3139
Solving with ultrametric constraint
Optimal point found for initial point 5
Negative llh: 377.9844960304845
Dropout rate: 6.2850656814874985e-09
Silencing rate: 1.3922631391770842e-09
Sigma: 1.8203611888577282
Initial point 6. Random seed: 8237
Solving with ultrametric constraint
Optimal point found for initial point 6
Negative llh: 377.9840519665702
Dropout rate: 9.999999999999924e-11
Silencing rate: 1.0000000000000007e-10
Sigma: 1.8197679421246888
Initial point 7. Random seed: 9296
Solving with ultrametric constraint
Optimal point found for initial point 7
Negative llh: 377.98413432703387
Dropout rate: 1.0000000000000004e-10
Silencing rate: 1.0048332827361203e-10
Sigma: 1.8198357450721372
Initial point 8. Random seed: 8746
Solving with ultrametric constraint
Fatal: failed to optimize using initial point 8
Initial point 9. Random seed: 4257
Solving with ultrametric constraint
Fatal: failed to optimize using initial point 9
Initial point 10. Random seed: 9739
Solving with ultrametric constraint
Optimal point found for initial point 10
Negative llh: 377.9841814320198
Dropout rate: 1.0000000000000002e-10
Silencing rate: 1e-10
Sigma: 1.819821854861592
Runtime (s): 2304.2542717531323
