Launching Problin version 0.5b
Problin was called as follow: /u/gh2161/Spatial-Division/problin/run_problin.py -c real_location_data/s8c6/k10_r3_character_matrix.csv -t real_location_data/s8c6/true_tree.nwk -S real_location_data/s8c6/leaf_locations.txt --delimiter comma -p real_location_data/s8c6/k10_priors.csv -o real_location_data/s8c6/k10_r3_spalin.txt --nInitials 10 --ultrametric --randomreps 3
Optimization by Spalin: Scipy-SLSQP using spatial information
Optimizing branch lengths, phi, and nu without topology search
Initial point 1. Random seed: 3885
Solving with ultrametric constraint
Optimal point found for initial point 1
Negative llh: 305.92342618806117
Dropout rate: 7.982562918163348e-09
Silencing rate: 3.007712047126367e-09
Sigma: 4.1077207578044
Lambda: 0.0056633483818040765
Initial point 2. Random seed: 6914
Solving with ultrametric constraint
Optimal point found for initial point 2
Negative llh: 305.9234778691442
Dropout rate: 4.432774065004205e-10
Silencing rate: 2.0073711199477864e-10
Sigma: 4.108579044833672
Lambda: 0.0056575832458062416
Initial point 3. Random seed: 7708
Solving with ultrametric constraint
Optimal point found for initial point 3
Negative llh: 305.92322470024556
Dropout rate: 9.999999999999996e-11
Silencing rate: 1.0000000000000002e-10
Sigma: 4.108920413153854
Lambda: 0.005660513467027108
Initial point 4. Random seed: 1148
Solving with ultrametric constraint
Optimal point found for initial point 4
Negative llh: 305.92328226365174
Dropout rate: 1e-10
Silencing rate: 1.0939069493625277e-09
Sigma: 4.107845451737377
Lambda: 0.005652743114529814
Initial point 5. Random seed: 421
Solving with ultrametric constraint
Optimal point found for initial point 5
Negative llh: 305.9231921971154
Dropout rate: 1e-10
Silencing rate: 2.7605459736843946e-10
Sigma: 4.107445070270591
Lambda: 0.005659708808520235
Initial point 6. Random seed: 2756
Solving with ultrametric constraint
Optimal point found for initial point 6
Negative llh: 305.9233329815024
Dropout rate: 1.6612059521019053e-09
Silencing rate: 6.679604983421677e-10
Sigma: 4.108918851880211
Lambda: 0.005658589087671793
Initial point 7. Random seed: 5804
Solving with ultrametric constraint
Optimal point found for initial point 7
Negative llh: 305.92320192698395
Dropout rate: 1e-10
Silencing rate: 1e-10
Sigma: 4.109474313642291
Lambda: 0.005658779871614054
Initial point 8. Random seed: 2597
Solving with ultrametric constraint
Optimal point found for initial point 8
Negative llh: 305.92317921766835
Dropout rate: 9.741527956951258e-09
Silencing rate: 3.792552055932218e-09
Sigma: 4.1080002291935065
Lambda: 0.005656222387382559
Initial point 9. Random seed: 2448
Solving with ultrametric constraint
Optimal point found for initial point 9
Negative llh: 305.923222045976
Dropout rate: 2.1225856958184805e-09
Silencing rate: 6.938467723296704e-10
Sigma: 4.105983978228282
Lambda: 0.005656020968183823
Initial point 10. Random seed: 2822
Solving with ultrametric constraint
Optimal point found for initial point 10
Negative llh: 305.9233261896465
Dropout rate: 4.479603404954854e-09
Silencing rate: 1.3858973721212594e-09
Sigma: 4.1108491075780345
Lambda: 0.005661982875243038
{'lambda_param': 0.005656222387382559, 'phi': 9.741527956951258e-09, 'nu': 3.792552055932218e-09, 'sigma': 4.1080002291935065, 'locations': {'216_16': (415.0, 160.0), '216_14': (441.0, 219.0), '216_13': (451.0, 242.0), '216_10': (476.0, 198.0), '216_9': (496.0, 187.0), '216_12': (436.0, 194.0), '216_11': (447.0, 197.0), '216_6': (399.0, 195.0), '216_5': (388.0, 216.0), '216_8': (400.0, 159.0), '216_7': (375.0, 175.0), '216_4': (422.0, 190.0), '216_3': (430.0, 219.0), '216_2': (411.0, 222.0), '216_1': (429.0, 233.0), '216_21': (399.0, 224.0), '216_24': (385.0, 184.0), '216_23': (377.0, 211.0), '216_20': (358.0, 200.0), '216_18': (370.0, 246.0), '216_17': (355.0, 274.0), '216_28': (439.0, 207.0), '216_27': (455.0, 214.0), '216_26': (421.0, 146.0), '216_25': (411.0, 181.0), '216_30': (369.0, 159.0), '216_29': (335.0, 186.0), '216_32': (413.0, 134.0), '216_31': (382.0, 131.0)}}
Runtime (s): 1030.6504844445735
