Launching Problin version 0.5b
Problin was called as follow: /u/gh2161/Spatial-Division/problin/run_problin.py -c real_location_data/s8c1/k10_r1_character_matrix.csv -t real_location_data/s8c1/true_tree.nwk -S real_location_data/s8c1/leaf_locations.txt --delimiter comma -p real_location_data/s8c1/k10_priors.csv -o real_location_data/s8c1/k10_r1_spalin-divide-beta6.txt --nInitials 10 --ultrametric --randomreps 3 --divide --given_beta 6 --incl_beta_bound
Optimization by Spalin-Divide: Scipy-SLSQP using spatial information
Optimizing branch lengths, phi, and nu without topology search
Initial point 1. Random seed: 9924
Solving with ultrametric constraint
Optimal point found for initial point 1
Negative llh: 155.14321561276728
Dropout rate: 9.999999999999996e-11
Silencing rate: 1.0000000000000002e-10
Sigma: 4.088898568208853
Initial point 2. Random seed: 8248
Solving with ultrametric constraint
Optimal point found for initial point 2
Negative llh: 155.1432160568066
Dropout rate: 1e-10
Silencing rate: 1e-10
Sigma: 4.088810608132118
Initial point 3. Random seed: 8798
Solving with ultrametric constraint
Optimal point found for initial point 3
Negative llh: 155.14321763522747
Dropout rate: 3.4242967728808515e-10
Silencing rate: 2.751691491088225e-10
Sigma: 4.08881941079549
Initial point 4. Random seed: 4055
Solving with ultrametric constraint
Optimal point found for initial point 4
Negative llh: 155.1432558106202
Dropout rate: 8.162418208460102e-10
Silencing rate: 6.982620843544501e-10
Sigma: 4.089064239187172
Initial point 5. Random seed: 1389
Solving with ultrametric constraint
Optimal point found for initial point 5
Negative llh: 155.14322897424813
Dropout rate: 1.0853934719202564e-09
Silencing rate: 7.793570690337493e-10
Sigma: 4.088744246376643
Initial point 6. Random seed: 9452
Solving with ultrametric constraint
Optimal point found for initial point 6
Negative llh: 155.14321605753307
Dropout rate: 1.7961754962439498e-10
Silencing rate: 1.764593088571097e-10
Sigma: 4.088870016109921
Initial point 7. Random seed: 5738
Solving with ultrametric constraint
Optimal point found for initial point 7
Negative llh: 155.1432157823527
Dropout rate: 2.092538011793413e-10
Silencing rate: 1.530640509295542e-10
Sigma: 4.088899655466419
Initial point 8. Random seed: 2695
Solving with ultrametric constraint
Optimal point found for initial point 8
Negative llh: 155.14321651642433
Dropout rate: 3.1741590000530746e-10
Silencing rate: 2.532099118338131e-10
Sigma: 4.088875379917532
Initial point 9. Random seed: 4559
Solving with ultrametric constraint
Optimal point found for initial point 9
Negative llh: 155.1432220590661
Dropout rate: 1.4244517635969627e-10
Silencing rate: 1.7975249808604297e-10
Sigma: 4.088950723622258
Initial point 10. Random seed: 8541
Solving with ultrametric constraint
Optimal point found for initial point 10
Negative llh: 155.14321664759296
Dropout rate: 3.971277932119633e-10
Silencing rate: 3.9637379744425207e-10
Sigma: 4.088896091955577
Runtime (s): 560.3300182380481
