Launching Problin version 0.5b
Problin was called as follow: /u/gh2161/Spatial-Division/problin/run_problin.py -c real_location_data/s8c1/k10_r2_character_matrix.csv -t real_location_data/s8c1/true_tree.nwk -S real_location_data/s8c1/leaf_locations.txt --delimiter comma -p real_location_data/s8c1/k10_priors.csv -o real_location_data/s8c1/k10_r2_spalin.txt --nInitials 10 --ultrametric --randomreps 3
Optimization by Spalin: Scipy-SLSQP using spatial information
Optimizing branch lengths, phi, and nu without topology search
Initial point 1. Random seed: 6933
Solving with ultrametric constraint
Optimal point found for initial point 1
Negative llh: 125.70518756133444
Dropout rate: 1e-10
Silencing rate: 1e-10
Sigma: 2.5557835602243393
Lambda: 0.0065369926647249966
Initial point 2. Random seed: 6773
Solving with ultrametric constraint
Optimal point found for initial point 2
Negative llh: 125.70518805789271
Dropout rate: 2.5595150651604516e-10
Silencing rate: 1.7826910713211075e-10
Sigma: 2.555728444628459
Lambda: 0.00653779527820577
Initial point 3. Random seed: 2333
Solving with ultrametric constraint
Optimal point found for initial point 3
Negative llh: 125.70518762408506
Dropout rate: 1e-10
Silencing rate: 1e-10
Sigma: 2.555916185709136
Lambda: 0.006537470309200379
Initial point 4. Random seed: 6304
Solving with ultrametric constraint
Optimal point found for initial point 4
Negative llh: 146.30817424639855
Dropout rate: 3.7986860287644807e-10
Silencing rate: 1.3037754260716278e-10
Sigma: 2.2724506748689866
Lambda: 0.0009773142379217762
Initial point 5. Random seed: 1176
Solving with ultrametric constraint
Optimal point found for initial point 5
Negative llh: 125.70518770207207
Dropout rate: 1e-10
Silencing rate: 1e-10
Sigma: 2.5555241546386775
Lambda: 0.006536948056688537
Initial point 6. Random seed: 997
Solving with ultrametric constraint
Optimal point found for initial point 6
Negative llh: 125.70518784345705
Dropout rate: 1e-10
Silencing rate: 1e-10
Sigma: 2.5555154493918124
Lambda: 0.006537100891288824
Initial point 7. Random seed: 4241
Solving with ultrametric constraint
Optimal point found for initial point 7
Negative llh: 146.31355833830955
Dropout rate: 5.403627091220442e-10
Silencing rate: 2.5536548278810443e-10
Sigma: 2.2585714637229977
Lambda: 0.0009770309370036934
Initial point 8. Random seed: 6584
Solving with ultrametric constraint
Optimal point found for initial point 8
Negative llh: 125.7051878603626
Dropout rate: 1.7610999370256246e-09
Silencing rate: 1.4117972043146222e-09
Sigma: 2.5556762569770957
Lambda: 0.0065364373307635415
Initial point 9. Random seed: 613
Solving with ultrametric constraint
Optimal point found for initial point 9
Negative llh: 146.3159402599976
Dropout rate: 3.681695994909715e-10
Silencing rate: 2.0425326961153384e-10
Sigma: 2.2643807175764614
Lambda: 0.0009768654994960983
Initial point 10. Random seed: 4165
Solving with ultrametric constraint
Optimal point found for initial point 10
Negative llh: 146.3171839378435
Dropout rate: 1e-10
Silencing rate: 1e-10
Sigma: 2.2694518285875853
Lambda: 0.0009767920734212565
{'lambda_param': 0.0065369926647249966, 'phi': 1e-10, 'nu': 1e-10, 'sigma': 2.5557835602243393, 'locations': {'216_12': (146.0, 338.0), '216_11': (137.0, 373.0), '216_8': (152.0, 360.0), '216_7': (158.0, 389.0), '216_10': (126.0, 338.0), '216_9': (141.0, 350.0), '216_2': (136.0, 412.0), '216_1': (121.0, 408.0), '216_6': (147.0, 405.0), '216_5': (146.0, 423.0), '216_4': (160.0, 407.0), '216_3': (156.0, 429.0)}}
Runtime (s): 82.07046420872211
