Launching Problin version 0.5b
Problin was called as follow: /u/gh2161/Spatial-Division/problin/run_problin.py -c real_location_data/s8c1/k10_r2_character_matrix.csv -t real_location_data/s8c1/true_tree.nwk -S real_location_data/s8c1/leaf_locations.txt --delimiter comma -p real_location_data/s8c1/k10_priors.csv -o real_location_data/s8c1/k10_r2_spalin-divide-beta05.txt --nInitials 10 --ultrametric --randomreps 3 --divide --radius 0.5
Optimization by Spalin-Divide: Scipy-SLSQP using spatial information
Optimizing branch lengths, phi, and nu without topology search
Initial point 1. Random seed: 2632
Solving with ultrametric constraint
Optimal point found for initial point 1
Negative llh: 145.00212581874666
Dropout rate: 3.239441399881294e-10
Silencing rate: 1.859155369869069e-10
Sigma: 1.5723787285036723
Initial point 2. Random seed: 6130
Solving with ultrametric constraint
Optimal point found for initial point 2
Negative llh: 145.00188697130295
Dropout rate: 4.4842185452480343e-10
Silencing rate: 1.0074171266741923e-10
Sigma: 1.5714487653584
Initial point 3. Random seed: 6918
Solving with ultrametric constraint
Optimal point found for initial point 3
Negative llh: 165.6321605740252
Dropout rate: 2.9616006320607807e-10
Silencing rate: 1.2126661991384997e-10
Sigma: 1.4819498742778736
Initial point 4. Random seed: 6465
Solving with ultrametric constraint
Optimal point found for initial point 4
Negative llh: 145.00182785979166
Dropout rate: 3.141839796960478e-10
Silencing rate: 2.5626066260551206e-10
Sigma: 1.5710701682860462
Initial point 5. Random seed: 8314
Solving with ultrametric constraint
Optimal point found for initial point 5
Negative llh: 145.00182802992583
Dropout rate: 2.030798651071924e-10
Silencing rate: 1.6063143122482216e-10
Sigma: 1.5710866428798664
Initial point 6. Random seed: 8194
Solving with ultrametric constraint
Optimal point found for initial point 6
Negative llh: 145.0023631901291
Dropout rate: 1e-10
Silencing rate: 1e-10
Sigma: 1.57174035569138
Initial point 7. Random seed: 679
Solving with ultrametric constraint
Optimal point found for initial point 7
Negative llh: 145.0022763954479
Dropout rate: 1e-10
Silencing rate: 1e-10
Sigma: 1.5715385276825742
Initial point 8. Random seed: 5584
Solving with ultrametric constraint
Optimal point found for initial point 8
Negative llh: 165.62470654413926
Dropout rate: 1.0649294297073103e-10
Silencing rate: 1.0045153565552579e-10
Sigma: 1.4806781186824567
Initial point 9. Random seed: 761
Solving with ultrametric constraint
Optimal point found for initial point 9
Negative llh: 145.00239735985747
Dropout rate: 1.9962340307587434e-10
Silencing rate: 1.4538076748402394e-10
Sigma: 1.5716837573238638
Initial point 10. Random seed: 3136
Solving with ultrametric constraint
Optimal point found for initial point 10
Negative llh: 145.0030054138467
Dropout rate: 1.0000000000000002e-10
Silencing rate: 1e-10
Sigma: 1.572274688087853
Runtime (s): 371.9311160799116
