Launching Problin version 0.5b
Problin was called as follow: /u/gh2161/Spatial-Division/problin/run_problin.py -c real_location_data/s8c1/k10_r4_character_matrix.csv -t real_location_data/s8c1/true_tree.nwk -S real_location_data/s8c1/leaf_locations.txt --delimiter comma -p real_location_data/s8c1/k10_priors.csv -o real_location_data/s8c1/k10_r4_spalin-divide-beta20.txt --nInitials 10 --ultrametric --randomreps 3 --divide --given_beta 20 --incl_beta_bound
Optimization by Spalin-Divide: Scipy-SLSQP using spatial information
Optimizing branch lengths, phi, and nu without topology search
Initial point 1. Random seed: 716
Solving with ultrametric constraint
Optimal point found for initial point 1
Negative llh: 154.26222195374913
Dropout rate: 1.1122831881595316e-09
Silencing rate: 4.2488572884656056e-10
Sigma: 4.367613177901326
Initial point 2. Random seed: 2836
Solving with ultrametric constraint
Optimal point found for initial point 2
Negative llh: 154.26223990687456
Dropout rate: 5.275410759853755e-10
Silencing rate: 3.634873519663282e-10
Sigma: 4.367189303847046
Initial point 3. Random seed: 4080
Solving with ultrametric constraint
Optimal point found for initial point 3
Negative llh: 154.2622516726272
Dropout rate: 5.808939307491414e-10
Silencing rate: 3.0253654991977776e-10
Sigma: 4.367697138133708
Initial point 4. Random seed: 1191
Solving with ultrametric constraint
Optimal point found for initial point 4
Negative llh: 154.26222696373804
Dropout rate: 1.0000000000000002e-10
Silencing rate: 1e-10
Sigma: 4.367810748675482
Initial point 5. Random seed: 8213
Solving with ultrametric constraint
Optimal point found for initial point 5
Negative llh: 154.2622055771142
Dropout rate: 1e-10
Silencing rate: 1e-10
Sigma: 4.367163676280652
Initial point 6. Random seed: 4503
Solving with ultrametric constraint
Optimal point found for initial point 6
Negative llh: 154.2622152534537
Dropout rate: 3.831711824299238e-10
Silencing rate: 2.619464571961782e-10
Sigma: 4.3671263423248705
Initial point 7. Random seed: 6408
Solving with ultrametric constraint
Optimal point found for initial point 7
Negative llh: 154.26217820288696
Dropout rate: 1.0000000000000007e-10
Silencing rate: 9.999999999999996e-11
Sigma: 4.367298790408339
Initial point 8. Random seed: 9444
Solving with ultrametric constraint
Optimal point found for initial point 8
Negative llh: 154.2621768795013
Dropout rate: 1.919281906614184e-10
Silencing rate: 1.8718715014873227e-10
Sigma: 4.367325691378981
Initial point 9. Random seed: 1633
Solving with ultrametric constraint
Optimal point found for initial point 9
Negative llh: 154.26216639641717
Dropout rate: 3.5557409622247227e-10
Silencing rate: 1.7887674069497374e-10
Sigma: 4.367315463470732
Initial point 10. Random seed: 435
Solving with ultrametric constraint
Optimal point found for initial point 10
Negative llh: 154.26215440094614
Dropout rate: 1e-10
Silencing rate: 1e-10
Sigma: 4.367528865430347
Runtime (s): 707.781981506967
