Launching Problin version 0.5b
Problin was called as follow: /u/gh2161/Spatial-Division/problin/run_problin.py -c real_location_data/s8c1/k10_r3_character_matrix.csv -t real_location_data/s8c1/true_tree.nwk -S real_location_data/s8c1/leaf_locations.txt --delimiter comma -p real_location_data/s8c1/k10_priors.csv -o real_location_data/s8c1/k10_r3_spalin-divide-beta2.txt --nInitials 10 --ultrametric --randomreps 3 --divide --given_beta 2 --incl_beta_bound
Optimization by Spalin-Divide: Scipy-SLSQP using spatial information
Optimizing branch lengths, phi, and nu without topology search
Initial point 1. Random seed: 6620
Solving with ultrametric constraint
Optimal point found for initial point 1
Negative llh: 150.03177566518332
Dropout rate: 1e-10
Silencing rate: 1e-10
Sigma: 4.868836862539396
Initial point 2. Random seed: 2961
Solving with ultrametric constraint
Optimal point found for initial point 2
Negative llh: 150.03175778204556
Dropout rate: 1.0259234325068579e-10
Silencing rate: 1.014155436723585e-10
Sigma: 4.868945836134355
Initial point 3. Random seed: 3508
Solving with ultrametric constraint
Optimal point found for initial point 3
Negative llh: 150.03176123147136
Dropout rate: 7.296545146505418e-10
Silencing rate: 5.630046974003187e-10
Sigma: 4.868915772396242
Initial point 4. Random seed: 2453
Solving with ultrametric constraint
Optimal point found for initial point 4
Negative llh: 150.03175908370628
Dropout rate: 1.6676868993475304e-09
Silencing rate: 1.2479594503349347e-09
Sigma: 4.868948989940495
Initial point 5. Random seed: 1017
Solving with ultrametric constraint
Optimal point found for initial point 5
Negative llh: 150.03176034548332
Dropout rate: 1e-10
Silencing rate: 1e-10
Sigma: 4.868825664222721
Initial point 6. Random seed: 8642
Solving with ultrametric constraint
Optimal point found for initial point 6
Negative llh: 150.03175759387887
Dropout rate: 1e-10
Silencing rate: 1e-10
Sigma: 4.868958879630864
Initial point 7. Random seed: 2416
Solving with ultrametric constraint
Optimal point found for initial point 7
Negative llh: 150.03175802875046
Dropout rate: 3.421243011748904e-10
Silencing rate: 2.3215533885856854e-10
Sigma: 4.869023239385942
Initial point 8. Random seed: 8815
Solving with ultrametric constraint
Optimal point found for initial point 8
Negative llh: 150.03176016359248
Dropout rate: 3.053280678145066e-10
Silencing rate: 2.4182167420069606e-10
Sigma: 4.868907879993455
Initial point 9. Random seed: 2827
Solving with ultrametric constraint
Optimal point found for initial point 9
Negative llh: 150.03177019785562
Dropout rate: 9.999999999999996e-11
Silencing rate: 9.999999999999996e-11
Sigma: 4.868992710550677
Initial point 10. Random seed: 4898
Solving with ultrametric constraint
Optimal point found for initial point 10
Negative llh: 150.03176653836172
Dropout rate: 7.662963719963077e-10
Silencing rate: 5.323464627411422e-10
Sigma: 4.868767568113055
Runtime (s): 316.28623511083424
