Launching Problin version 0.5b
Problin was called as follow: /u/gh2161/Spatial-Division/problin/run_problin.py -c real_location_data/s8c1/k10_r5_character_matrix.csv -t real_location_data/s8c1/true_tree.nwk -S real_location_data/s8c1/leaf_locations.txt --delimiter comma -p real_location_data/s8c1/k10_priors.csv -o real_location_data/s8c1/k10_r5_spalin-divide-beta20.txt --nInitials 10 --ultrametric --randomreps 3 --divide --given_beta 20 --incl_beta_bound
Optimization by Spalin-Divide: Scipy-SLSQP using spatial information
Optimizing branch lengths, phi, and nu without topology search
Initial point 1. Random seed: 9512
Solving with ultrametric constraint
Optimal point found for initial point 1
Negative llh: 139.0601557778009
Dropout rate: 1.8420987357449358e-10
Silencing rate: 1.7247434674869672e-10
Sigma: 3.6065927109218774
Initial point 2. Random seed: 9624
Solving with ultrametric constraint
Optimal point found for initial point 2
Negative llh: 139.060086216859
Dropout rate: 1e-10
Silencing rate: 1e-10
Sigma: 3.606727571204538
Initial point 3. Random seed: 347
Solving with ultrametric constraint
Optimal point found for initial point 3
Negative llh: 139.06015316612022
Dropout rate: 6.576911958914459e-10
Silencing rate: 5.32946241674333e-10
Sigma: 3.6075341000859398
Initial point 4. Random seed: 9594
Solving with ultrametric constraint
Optimal point found for initial point 4
Negative llh: 139.06020716835172
Dropout rate: 1.4405204930753006e-10
Silencing rate: 1.2232539826717264e-10
Sigma: 3.606328643925077
Initial point 5. Random seed: 556
Solving with ultrametric constraint
Optimal point found for initial point 5
Negative llh: 139.06008884180713
Dropout rate: 1e-10
Silencing rate: 1e-10
Sigma: 3.606674522467522
Initial point 6. Random seed: 1535
Solving with ultrametric constraint
Optimal point found for initial point 6
Negative llh: 139.06008587818968
Dropout rate: 4.0907813065053634e-10
Silencing rate: 2.860737763859469e-10
Sigma: 3.6067474132541637
Initial point 7. Random seed: 1336
Solving with ultrametric constraint
Optimal point found for initial point 7
Negative llh: 139.06013455537774
Dropout rate: 9.999999999999996e-11
Silencing rate: 9.999999999999996e-11
Sigma: 3.6068805582035752
Initial point 8. Random seed: 9594
Solving with ultrametric constraint
Optimal point found for initial point 8
Negative llh: 139.060209256471
Dropout rate: 1.7051261159242192e-10
Silencing rate: 1.378935902619745e-10
Sigma: 3.6064550686946073
Initial point 9. Random seed: 5053
Solving with ultrametric constraint
Optimal point found for initial point 9
Negative llh: 139.06010179872976
Dropout rate: 3.193756116742604e-10
Silencing rate: 2.7119728480016765e-10
Sigma: 3.606638305428655
Initial point 10. Random seed: 8746
Solving with ultrametric constraint
Optimal point found for initial point 10
Negative llh: 139.06015264227295
Dropout rate: 2.1752458279682315e-10
Silencing rate: 1.9505240747782126e-10
Sigma: 3.6065978941769083
Runtime (s): 516.1372243538499
