Launching Problin version 0.5b
Problin was called as follow: /u/gh2161/Spatial-Division/problin/run_problin.py -c real_location_data/s8c1/k10_r1_character_matrix.csv -t real_location_data/s8c1/true_tree.nwk -S real_location_data/s8c1/leaf_locations.txt --delimiter comma -p real_location_data/s8c1/k10_priors.csv -o real_location_data/s8c1/k10_r1_spalin-divide-beta05.txt --nInitials 10 --ultrametric --randomreps 3 --divide --radius 0.5
Optimization by Spalin-Divide: Scipy-SLSQP using spatial information
Optimizing branch lengths, phi, and nu without topology search
Initial point 1. Random seed: 1125
Solving with ultrametric constraint
Optimal point found for initial point 1
Negative llh: 167.1281879651367
Dropout rate: 1e-10
Silencing rate: 1e-10
Sigma: 1.41127725607673
Initial point 2. Random seed: 4543
Solving with ultrametric constraint
Optimal point found for initial point 2
Negative llh: 167.12768855673966
Dropout rate: 1e-10
Silencing rate: 1e-10
Sigma: 1.4122046242345634
Initial point 3. Random seed: 3339
Solving with ultrametric constraint
Fatal: failed to optimize using initial point 3
Initial point 4. Random seed: 6694
Solving with ultrametric constraint
Optimal point found for initial point 4
Negative llh: 167.12795164162657
Dropout rate: 9.999999999999996e-11
Silencing rate: 1.0000000000000007e-10
Sigma: 1.4125148676953732
Initial point 5. Random seed: 2435
Solving with ultrametric constraint
Optimal point found for initial point 5
Negative llh: 167.12799032707667
Dropout rate: 1e-10
Silencing rate: 1e-10
Sigma: 1.4121715833130697
Initial point 6. Random seed: 9562
Solving with ultrametric constraint
Optimal point found for initial point 6
Negative llh: 167.12768897760583
Dropout rate: 1.289663036268803e-10
Silencing rate: 1.4350295709927624e-10
Sigma: 1.4122032510327818
Initial point 7. Random seed: 6257
Solving with ultrametric constraint
Optimal point found for initial point 7
Negative llh: 167.12768867953685
Dropout rate: 5.807160651716556e-10
Silencing rate: 4.15316723420596e-10
Sigma: 1.4121791736063918
Initial point 8. Random seed: 6426
Solving with ultrametric constraint
Optimal point found for initial point 8
Negative llh: 167.12768915741879
Dropout rate: 7.527822832335603e-10
Silencing rate: 5.201187820995006e-10
Sigma: 1.4122444497433806
Initial point 9. Random seed: 4496
Solving with ultrametric constraint
Optimal point found for initial point 9
Negative llh: 167.12768903305204
Dropout rate: 1.0000000000000002e-10
Silencing rate: 1e-10
Sigma: 1.4121501210932785
Initial point 10. Random seed: 2634
Solving with ultrametric constraint
Optimal point found for initial point 10
Negative llh: 189.85064076368624
Dropout rate: 4.0890466274177356e-10
Silencing rate: 1.7537070907258624e-10
Sigma: 1.3342070981903205
Runtime (s): 582.1794801782817
