Launching Problin version 0.5b
Problin was called as follow: /u/gh2161/Spatial-Division/problin/run_problin.py -c real_location_data/s8c1/k10_r1_character_matrix.csv -t real_location_data/s8c1/true_tree.nwk -S real_location_data/s8c1/leaf_locations.txt --delimiter comma -p real_location_data/s8c1/k10_priors.csv -o real_location_data/s8c1/k10_r1_spalin-divide-beta9.txt --nInitials 10 --ultrametric --randomreps 3 --divide --given_beta 9 --incl_beta_bound
Optimization by Spalin-Divide: Scipy-SLSQP using spatial information
Optimizing branch lengths, phi, and nu without topology search
Initial point 1. Random seed: 9234
Solving with ultrametric constraint
Optimal point found for initial point 1
Negative llh: 144.00397693840213
Dropout rate: 6.082322733858687e-10
Silencing rate: 3.861131785136534e-10
Sigma: 3.383204388323404
Initial point 2. Random seed: 7893
Solving with ultrametric constraint
Optimal point found for initial point 2
Negative llh: 144.00398842150275
Dropout rate: 1.0000000000000007e-10
Silencing rate: 1.0000000000000007e-10
Sigma: 3.3830212606297096
Initial point 3. Random seed: 876
Solving with ultrametric constraint
Optimal point found for initial point 3
Negative llh: 144.003980847592
Dropout rate: 5.765015546237459e-10
Silencing rate: 3.2805709992295904e-10
Sigma: 3.383054955940546
Initial point 4. Random seed: 6310
Solving with ultrametric constraint
Optimal point found for initial point 4
Negative llh: 144.00399188242596
Dropout rate: 7.78491068528413e-10
Silencing rate: 5.623650226522067e-10
Sigma: 3.3830677743078335
Initial point 5. Random seed: 1038
Solving with ultrametric constraint
Optimal point found for initial point 5
Negative llh: 144.0039972916325
Dropout rate: 1e-10
Silencing rate: 1e-10
Sigma: 3.383405697289027
Initial point 6. Random seed: 4265
Solving with ultrametric constraint
Optimal point found for initial point 6
Negative llh: 144.00399563730195
Dropout rate: 4.5602910667617514e-10
Silencing rate: 4.043502693362108e-10
Sigma: 3.3834274661140964
Initial point 7. Random seed: 2708
Solving with ultrametric constraint
Optimal point found for initial point 7
Negative llh: 144.00397459307084
Dropout rate: 1.0000000000000006e-10
Silencing rate: 1.0000000000000006e-10
Sigma: 3.383220408856449
Initial point 8. Random seed: 7205
Solving with ultrametric constraint
Optimal point found for initial point 8
Negative llh: 144.0039751747188
Dropout rate: 1.0000000000000002e-10
Silencing rate: 9.999999999999996e-11
Sigma: 3.3832151796845826
Initial point 9. Random seed: 5275
Solving with ultrametric constraint
Optimal point found for initial point 9
Negative llh: 144.00397974214502
Dropout rate: 2.74303245487254e-10
Silencing rate: 2.9768373938873236e-10
Sigma: 3.383149635279851
Initial point 10. Random seed: 8454
Solving with ultrametric constraint
Optimal point found for initial point 10
Negative llh: 144.0040025051355
Dropout rate: 3.1590674601269585e-10
Silencing rate: 2.893427744727503e-10
Sigma: 3.3832991093318014
Runtime (s): 343.36610223166645
