Launching Problin version 0.5b
Problin was called as follow: /u/gh2161/Spatial-Division/problin/run_problin.py -c real_location_data/s8c1/k10_r5_character_matrix.csv -t real_location_data/s8c1/true_tree.nwk -S real_location_data/s8c1/leaf_locations.txt --delimiter comma -p real_location_data/s8c1/k10_priors.csv -o real_location_data/s8c1/k10_r5_spalin-spatialonly.txt --nInitials 10 --ultrametric --randomreps 3 --spatial_only
Optimization by Spalin: Scipy-SLSQP using spatial information
Optimizing branch lengths, phi, and nu without topology search
only spatial
Initial point 1. Random seed: 9571
Solving with ultrametric constraint
Optimal point found for initial point 1
Negative llh: 72.95141855564745
Dropout rate: 0.7716497006723579
Silencing rate: 0.3188557263194585
Sigma: 2.0431970608499417
Lambda: 1.0
Initial point 2. Random seed: 9109
Solving with ultrametric constraint
Optimal point found for initial point 2
Negative llh: 72.95141844592318
Dropout rate: 0.28830463212447394
Silencing rate: 0.44654887311166347
Sigma: 2.0428078732343513
Lambda: 1.0
Initial point 3. Random seed: 9710
Solving with ultrametric constraint
Optimal point found for initial point 3
Negative llh: 72.95141883399785
Dropout rate: 0.062424789656957864
Silencing rate: 0.6940657786507043
Sigma: 2.0430584294354133
Lambda: 1.0
Initial point 4. Random seed: 6511
Solving with ultrametric constraint
Optimal point found for initial point 4
Negative llh: 72.95141834317025
Dropout rate: 0.8762525390542604
Silencing rate: 0.442792373757993
Sigma: 2.0427765828593176
Lambda: 1.0
Initial point 5. Random seed: 2881
Solving with ultrametric constraint
Optimal point found for initial point 5
Negative llh: 72.95141834279424
Dropout rate: 0.20317801934846969
Silencing rate: 0.47432297809654583
Sigma: 2.0429120946009878
Lambda: 1.0
Initial point 6. Random seed: 6105
Solving with ultrametric constraint
Optimal point found for initial point 6
Negative llh: 73.04506262550913
Dropout rate: 0.5004688337594301
Silencing rate: 0.8213147781032366
Sigma: 3.379272924995068
Lambda: 1.0
Initial point 7. Random seed: 2497
Solving with ultrametric constraint
Optimal point found for initial point 7
Negative llh: 73.04369307755742
Dropout rate: 0.029912443572900176
Silencing rate: 0.7449416930520043
Sigma: 3.3600396930710636
Lambda: 1.0
Initial point 8. Random seed: 9070
Solving with ultrametric constraint
Optimal point found for initial point 8
Negative llh: 72.95141841525555
Dropout rate: 0.5788529150337697
Silencing rate: 0.340334291315326
Sigma: 2.0429191086069047
Lambda: 1.0
Initial point 9. Random seed: 8872
Solving with ultrametric constraint
Optimal point found for initial point 9
Negative llh: 73.00587851753659
Dropout rate: 0.9352693224066998
Silencing rate: 0.91341395461002
Sigma: 2.8810707046328052
Lambda: 1.0
Initial point 10. Random seed: 3497
Solving with ultrametric constraint
Optimal point found for initial point 10
Negative llh: 73.05447182059407
Dropout rate: 0.4525495628584522
Silencing rate: 0.7341552344847649
Sigma: 3.490898930930482
Lambda: 1.0
{'lambda_param': 1.0, 'phi': 0.20317801934846969, 'nu': 0.47432297809654583, 'sigma': 2.0429120946009878, 'locations': {'216_12': (146.0, 338.0), '216_11': (137.0, 373.0), '216_8': (152.0, 360.0), '216_7': (158.0, 389.0), '216_10': (126.0, 338.0), '216_9': (141.0, 350.0), '216_2': (136.0, 412.0), '216_1': (121.0, 408.0), '216_6': (147.0, 405.0), '216_5': (146.0, 423.0), '216_4': (160.0, 407.0), '216_3': (156.0, 429.0)}}
Runtime (s): 63.68320662807673
