Launching Problin version 0.5b
Problin was called as follow: /u/gh2161/Spatial-Division/problin/run_problin.py -c real_location_data/s8c1/k10_r4_character_matrix.csv -t real_location_data/s8c1/true_tree.nwk -S real_location_data/s8c1/leaf_locations.txt --delimiter comma -p real_location_data/s8c1/k10_priors.csv -o real_location_data/s8c1/k10_r4_spalin-spatialonly.txt --nInitials 10 --ultrametric --randomreps 3 --spatial_only
Optimization by Spalin: Scipy-SLSQP using spatial information
Optimizing branch lengths, phi, and nu without topology search
only spatial
Initial point 1. Random seed: 3807
Solving with ultrametric constraint
Optimal point found for initial point 1
Negative llh: 73.04478373183795
Dropout rate: 0.5609335666426969
Silencing rate: 0.15276639914221374
Sigma: 3.3756655977250603
Lambda: 1.0
Initial point 2. Random seed: 6391
Solving with ultrametric constraint
Optimal point found for initial point 2
Negative llh: 73.04478373183795
Dropout rate: 0.688082789916581
Silencing rate: 0.6520862805843364
Sigma: 3.3756655977250603
Lambda: 1.0
Initial point 3. Random seed: 1741
Solving with ultrametric constraint
Optimal point found for initial point 3
Negative llh: 73.04478373183795
Dropout rate: 0.7497151022022437
Silencing rate: 0.8725597869812679
Sigma: 3.3756655977250603
Lambda: 1.0
Initial point 4. Random seed: 8010
Solving with ultrametric constraint
Optimal point found for initial point 4
Negative llh: 73.04478373183795
Dropout rate: 0.7557855539554915
Silencing rate: 0.5202581726638452
Sigma: 3.3756655977250603
Lambda: 1.0
Initial point 5. Random seed: 4663
Solving with ultrametric constraint
Optimal point found for initial point 5
Negative llh: 73.04478373183795
Dropout rate: 0.2647253705307389
Silencing rate: 0.5048330593220738
Sigma: 3.3756655977250603
Lambda: 1.0
Initial point 6. Random seed: 8613
Solving with ultrametric constraint
Optimal point found for initial point 6
Negative llh: 73.04478373183795
Dropout rate: 0.5534920062231317
Silencing rate: 0.3489618209255184
Sigma: 3.3756655977250603
Lambda: 1.0
Initial point 7. Random seed: 4028
Solving with ultrametric constraint
Optimal point found for initial point 7
Negative llh: 73.04478373183795
Dropout rate: 0.544880426944519
Silencing rate: 0.9133440449943057
Sigma: 3.3756655977250603
Lambda: 1.0
Initial point 8. Random seed: 4792
Solving with ultrametric constraint
Optimal point found for initial point 8
Negative llh: 73.04478373183795
Dropout rate: 0.8880742137202878
Silencing rate: 0.33924669007691904
Sigma: 3.3756655977250603
Lambda: 1.0
Initial point 9. Random seed: 4792
Solving with ultrametric constraint
Optimal point found for initial point 9
Negative llh: 73.04478373183795
Dropout rate: 0.8880742137202878
Silencing rate: 0.33924669007691904
Sigma: 3.3756655977250603
Lambda: 1.0
Initial point 10. Random seed: 8898
Solving with ultrametric constraint
Optimal point found for initial point 10
Negative llh: 73.04478373183795
Dropout rate: 0.8855613679182338
Silencing rate: 0.38963853374686314
Sigma: 3.3756655977250603
Lambda: 1.0
{'lambda_param': 1.0, 'phi': 0.5609335666426969, 'nu': 0.15276639914221374, 'sigma': 3.3756655977250603, 'locations': {'216_12': (146.0, 338.0), '216_11': (137.0, 373.0), '216_8': (152.0, 360.0), '216_7': (158.0, 389.0), '216_10': (126.0, 338.0), '216_9': (141.0, 350.0), '216_2': (136.0, 412.0), '216_1': (121.0, 408.0), '216_6': (147.0, 405.0), '216_5': (146.0, 423.0), '216_4': (160.0, 407.0), '216_3': (156.0, 429.0)}}
Runtime (s): 27.89549640007317
