Launching Problin version 0.5b
Problin was called as follow: /u/gh2161/Spatial-Division/problin/run_problin.py -c real_location_data/s8c1/k10_r2_character_matrix.csv -t real_location_data/s8c1/true_tree.nwk -S real_location_data/s8c1/leaf_locations.txt --delimiter comma -p real_location_data/s8c1/k10_priors.csv -o real_location_data/s8c1/k10_r2_spalin-divide-beta8.txt --nInitials 10 --ultrametric --randomreps 3 --divide --given_beta 8 --incl_beta_bound
Optimization by Spalin-Divide: Scipy-SLSQP using spatial information
Optimizing branch lengths, phi, and nu without topology search
Initial point 1. Random seed: 2201
Solving with ultrametric constraint
Optimal point found for initial point 1
Negative llh: 120.05385024047266
Dropout rate: 4.424939741244384e-09
Silencing rate: 9.999999999999924e-11
Sigma: 3.6966771070524347
Initial point 2. Random seed: 5209
Solving with ultrametric constraint
Optimal point found for initial point 2
Negative llh: 120.05337814007166
Dropout rate: 1e-10
Silencing rate: 1e-10
Sigma: 3.6945324279883387
Initial point 3. Random seed: 5630
Solving with ultrametric constraint
Fatal: failed to optimize using initial point 3
Initial point 4. Random seed: 2221
Solving with ultrametric constraint
Optimal point found for initial point 4
Negative llh: 120.05337053975563
Dropout rate: 6.769317059608898e-10
Silencing rate: 3.783702527290447e-10
Sigma: 3.6945201935123784
Initial point 5. Random seed: 8516
Solving with ultrametric constraint
Optimal point found for initial point 5
Negative llh: 120.05336967917492
Dropout rate: 4.1623831145424335e-10
Silencing rate: 3.9610705395437567e-10
Sigma: 3.6946426804860177
Initial point 6. Random seed: 5758
Solving with ultrametric constraint
Optimal point found for initial point 6
Negative llh: 120.05339461242545
Dropout rate: 3.0074726081458406e-10
Silencing rate: 3.342808813910329e-10
Sigma: 3.6953726269013507
Initial point 7. Random seed: 5711
Solving with ultrametric constraint
Optimal point found for initial point 7
Negative llh: 120.05336918314711
Dropout rate: 9.999999999999996e-11
Silencing rate: 1e-10
Sigma: 3.694461947439328
Initial point 8. Random seed: 3067
Solving with ultrametric constraint
Optimal point found for initial point 8
Negative llh: 120.05336833971748
Dropout rate: 1e-10
Silencing rate: 1e-10
Sigma: 3.694502530046254
Initial point 9. Random seed: 8749
Solving with ultrametric constraint
Optimal point found for initial point 9
Negative llh: 120.05336843321342
Dropout rate: 1.8017290333463554e-10
Silencing rate: 1.3846619250374556e-10
Sigma: 3.694506865723663
Initial point 10. Random seed: 5959
Solving with ultrametric constraint
Optimal point found for initial point 10
Negative llh: 120.05336985557992
Dropout rate: 1.0000000000000007e-10
Silencing rate: 9.999999999999996e-11
Sigma: 3.6945040936201705
Runtime (s): 599.798691916978
