Launching Problin version 0.5b
Problin was called as follow: /u/gh2161/Spatial-Division/problin/run_problin.py -c real_location_data/s8c5/k10_r1_character_matrix.csv -t real_location_data/s8c5/true_tree.nwk -S real_location_data/s8c5/leaf_locations.txt --delimiter comma -p real_location_data/s8c5/k10_priors.csv -o real_location_data/s8c5/k10_r1_spalin-divide-beta10.txt --nInitials 10 --ultrametric --randomreps 3 --divide --radius 10
Optimization by Spalin-Divide: Scipy-SLSQP using spatial information
Optimizing branch lengths, phi, and nu without topology search
Initial point 1. Random seed: 4758
Solving with ultrametric constraint
Optimal point found for initial point 1
Negative llh: 279.30237856580925
Dropout rate: 1e-10
Silencing rate: 1e-10
Sigma: 1.2329480449197565
Initial point 2. Random seed: 5458
Solving with ultrametric constraint
Optimal point found for initial point 2
Negative llh: 279.3024730257049
Dropout rate: 1e-10
Silencing rate: 1e-10
Sigma: 1.2328281618281347
Initial point 3. Random seed: 5456
Solving with ultrametric constraint
Optimal point found for initial point 3
Negative llh: 279.30159499988054
Dropout rate: 1.3831243535381247e-09
Silencing rate: 7.087464258104355e-10
Sigma: 1.23308847285188
Initial point 4. Random seed: 2793
Solving with ultrametric constraint
Optimal point found for initial point 4
Negative llh: 279.3017394849062
Dropout rate: 1.0000000000000007e-10
Silencing rate: 1e-10
Sigma: 1.2331547985279787
Initial point 5. Random seed: 3954
Solving with ultrametric constraint
Optimal point found for initial point 5
Negative llh: 279.30164743463695
Dropout rate: 1.0000000000000007e-10
Silencing rate: 1e-10
Sigma: 1.2329722800719862
Initial point 6. Random seed: 860
Solving with ultrametric constraint
Fatal: failed to optimize using initial point 6
Initial point 7. Random seed: 4397
Solving with ultrametric constraint
Optimal point found for initial point 7
Negative llh: 279.3018479761508
Dropout rate: 2.3176169224914556e-09
Silencing rate: 1.0256044209859714e-10
Sigma: 1.2329340039877708
Initial point 8. Random seed: 3801
Solving with ultrametric constraint
Optimal point found for initial point 8
Negative llh: 279.3021116213587
Dropout rate: 9.145264868525577e-10
Silencing rate: 1.000354100123537e-10
Sigma: 1.2332196832863134
Initial point 9. Random seed: 2047
Solving with ultrametric constraint
Fatal: failed to optimize using initial point 9
Initial point 10. Random seed: 5984
Solving with ultrametric constraint
Optimal point found for initial point 10
Negative llh: 279.30171938896444
Dropout rate: 1e-10
Silencing rate: 1e-10
Sigma: 1.233209456596696
Runtime (s): 2131.1528187911026
