Launching Problin version 0.5b
Problin was called as follow: /u/gh2161/Spatial-Division/problin/run_problin.py -c real_location_data/s8c5/k10_r4_character_matrix.csv -t real_location_data/s8c5/true_tree.nwk -S real_location_data/s8c5/leaf_locations.txt --delimiter comma -p real_location_data/s8c5/k10_priors.csv -o real_location_data/s8c5/k10_r4_spalin-divide-beta3.txt --nInitials 10 --ultrametric --randomreps 3 --divide --radius 3
Optimization by Spalin-Divide: Scipy-SLSQP using spatial information
Optimizing branch lengths, phi, and nu without topology search
Initial point 1. Random seed: 1224
Solving with ultrametric constraint
Optimal point found for initial point 1
Negative llh: 288.1951979919063
Dropout rate: 1e-10
Silencing rate: 1e-10
Sigma: 1.6739080768986379
Initial point 2. Random seed: 8187
Solving with ultrametric constraint
Optimal point found for initial point 2
Negative llh: 288.195741951659
Dropout rate: 1.115794207700766e-09
Silencing rate: 4.803814800612172e-10
Sigma: 1.673621197468036
Initial point 3. Random seed: 4808
Solving with ultrametric constraint
Optimal point found for initial point 3
Negative llh: 288.19555154220154
Dropout rate: 1e-10
Silencing rate: 1e-10
Sigma: 1.6742924800172312
Initial point 4. Random seed: 4561
Solving with ultrametric constraint
Optimal point found for initial point 4
Negative llh: 288.1955399846863
Dropout rate: 1e-10
Silencing rate: 1e-10
Sigma: 1.6734179611272373
Initial point 5. Random seed: 7524
Solving with ultrametric constraint
Optimal point found for initial point 5
Negative llh: 288.1955100082936
Dropout rate: 2.060723160978728e-09
Silencing rate: 8.317044030340793e-10
Sigma: 1.6747484963762358
Initial point 6. Random seed: 9750
Solving with ultrametric constraint
Optimal point found for initial point 6
Negative llh: 288.19572553323076
Dropout rate: 4.276496491342949e-09
Silencing rate: 1.6620295335820848e-09
Sigma: 1.673697050657108
Initial point 7. Random seed: 9645
Solving with ultrametric constraint
Optimal point found for initial point 7
Negative llh: 288.19542633640674
Dropout rate: 1.0000000000000007e-10
Silencing rate: 1.0000000000000007e-10
Sigma: 1.6740992735649995
Initial point 8. Random seed: 2231
Solving with ultrametric constraint
Optimal point found for initial point 8
Negative llh: 288.1956330267501
Dropout rate: 1.0000000000000007e-10
Silencing rate: 1.0000000000000007e-10
Sigma: 1.6739096729541887
Initial point 9. Random seed: 6210
Solving with ultrametric constraint
Optimal point found for initial point 9
Negative llh: 288.1951992759415
Dropout rate: 1.9180609774617261e-10
Silencing rate: 5.824880489060905e-10
Sigma: 1.6737846161706056
Initial point 10. Random seed: 890
Solving with ultrametric constraint
Optimal point found for initial point 10
Negative llh: 288.1955034549113
Dropout rate: 4.9813022053875535e-09
Silencing rate: 1.9245764203950343e-09
Sigma: 1.6742696024208241
Runtime (s): 3332.5026466269046
