Launching Problin version 0.5b
Problin was called as follow: /u/gh2161/Spatial-Division/problin/run_problin.py -c real_location_data/s8c5/k10_r2_character_matrix.csv -t real_location_data/s8c5/true_tree.nwk -S real_location_data/s8c5/leaf_locations.txt --delimiter comma -p real_location_data/s8c5/k10_priors.csv -o real_location_data/s8c5/k10_r2_spalin-divide-beta7.txt --nInitials 10 --ultrametric --randomreps 3 --divide --radius 7
Optimization by Spalin-Divide: Scipy-SLSQP using spatial information
Optimizing branch lengths, phi, and nu without topology search
Initial point 1. Random seed: 7758
Solving with ultrametric constraint
Optimal point found for initial point 1
Negative llh: 298.9857778927445
Dropout rate: 6.969831767073758e-10
Silencing rate: 3.5840890160851233e-10
Sigma: 1.3482725872231833
Initial point 2. Random seed: 9220
Solving with ultrametric constraint
Optimal point found for initial point 2
Negative llh: 298.98573498689444
Dropout rate: 1.1166114228415297e-09
Silencing rate: 1.0103811874643938e-10
Sigma: 1.3483924287363562
Initial point 3. Random seed: 8468
Solving with ultrametric constraint
Optimal point found for initial point 3
Negative llh: 298.98587017719296
Dropout rate: 3.5658420310677346e-10
Silencing rate: 1.0028518971215535e-10
Sigma: 1.3478574763345963
Initial point 4. Random seed: 4495
Solving with ultrametric constraint
Optimal point found for initial point 4
Negative llh: 298.98559544350474
Dropout rate: 2.4705818567998863e-10
Silencing rate: 1.7245971448563957e-10
Sigma: 1.348358149838399
Initial point 5. Random seed: 1112
Solving with ultrametric constraint
Fatal: failed to optimize using initial point 5
Initial point 6. Random seed: 1756
Solving with ultrametric constraint
Optimal point found for initial point 6
Negative llh: 298.9859787692797
Dropout rate: 4.198041102952113e-09
Silencing rate: 1.0241461490849668e-10
Sigma: 1.3481529395281246
Initial point 7. Random seed: 2553
Solving with ultrametric constraint
Optimal point found for initial point 7
Negative llh: 298.9855952971288
Dropout rate: 9.999999999999996e-11
Silencing rate: 1.0000000000000007e-10
Sigma: 1.3483134780685264
Initial point 8. Random seed: 909
Solving with ultrametric constraint
Optimal point found for initial point 8
Negative llh: 298.9858578315237
Dropout rate: 1.6734727787566396e-09
Silencing rate: 7.761393943470936e-10
Sigma: 1.348476677778462
Initial point 9. Random seed: 4898
Solving with ultrametric constraint
Optimal point found for initial point 9
Negative llh: 298.9856120791952
Dropout rate: 1.0000000000000002e-10
Silencing rate: 1e-10
Sigma: 1.3483003265250455
Initial point 10. Random seed: 4312
Solving with ultrametric constraint
Fatal: failed to optimize using initial point 10
Runtime (s): 1967.445536153391
