Launching Problin version 0.5b
Problin was called as follow: /u/gh2161/Spatial-Division/problin/run_problin.py -c real_location_data/s10c2/k10_r3_character_matrix.csv -t real_location_data/s10c2/true_tree.nwk -S real_location_data/s10c2/leaf_locations.txt --delimiter comma -p real_location_data/s10c2/k10_priors.csv -o real_location_data/s10c2/k10_r3_spalin-divide-beta1.txt --nInitials 10 --ultrametric --randomreps 3 --divide --radius 1
Optimization by Spalin-Divide: Scipy-SLSQP using spatial information
Optimizing branch lengths, phi, and nu without topology search
Initial point 1. Random seed: 4625
Solving with ultrametric constraint
Optimal point found for initial point 1
Negative llh: 253.26737167796512
Dropout rate: 2.1218203522443934e-09
Silencing rate: 8.72114435501973e-10
Sigma: 1.7442255525901071
Initial point 2. Random seed: 8977
Solving with ultrametric constraint
Optimal point found for initial point 2
Negative llh: 253.26742997467352
Dropout rate: 9.999999999999996e-11
Silencing rate: 1e-10
Sigma: 1.744706440286812
Initial point 3. Random seed: 4225
Solving with ultrametric constraint
Optimal point found for initial point 3
Negative llh: 253.26724749126674
Dropout rate: 1.0000000000000002e-10
Silencing rate: 1e-10
Sigma: 1.7453106844823698
Initial point 4. Random seed: 4755
Solving with ultrametric constraint
Optimal point found for initial point 4
Negative llh: 253.2677716643966
Dropout rate: 1.0780369259250687e-09
Silencing rate: 5.085694286029515e-10
Sigma: 1.745498410890055
Initial point 5. Random seed: 4601
Solving with ultrametric constraint
Optimal point found for initial point 5
Negative llh: 253.26723004304037
Dropout rate: 3.3806301919749987e-09
Silencing rate: 1.4341523160716449e-09
Sigma: 1.74519813549722
Initial point 6. Random seed: 9590
Solving with ultrametric constraint
Optimal point found for initial point 6
Negative llh: 253.26726153519607
Dropout rate: 8.115631142742751e-10
Silencing rate: 1.0008998226806338e-10
Sigma: 1.7447247531787042
Initial point 7. Random seed: 4649
Solving with ultrametric constraint
Optimal point found for initial point 7
Negative llh: 253.28461434226844
Dropout rate: 1e-10
Silencing rate: 1e-10
Sigma: 1.7325387691242116
Initial point 8. Random seed: 284
Solving with ultrametric constraint
Optimal point found for initial point 8
Negative llh: 253.2672211985804
Dropout rate: 5.954648996185858e-10
Silencing rate: 3.135418187400211e-10
Sigma: 1.7450129175645173
Initial point 9. Random seed: 2872
Solving with ultrametric constraint
Optimal point found for initial point 9
Negative llh: 253.26724031640282
Dropout rate: 1.0853541243023745e-09
Silencing rate: 1.012675244833361e-10
Sigma: 1.7445866480549104
Initial point 10. Random seed: 8252
Solving with ultrametric constraint
Optimal point found for initial point 10
Negative llh: 253.26711335681404
Dropout rate: 1.258940464659334e-10
Silencing rate: 1.166104829044549e-10
Sigma: 1.7448591920844667
Runtime (s): 2291.9184062276036
