Launching Problin version 0.5b
Problin was called as follow: /u/gh2161/Spatial-Division/problin/run_problin.py -c simulated_seq_simulated_loc/s13c4/k200_character_matrix.csv -t simulated_seq_simulated_loc/s13c4/true_tree.nwk --delimiter comma -p simulated_seq_simulated_loc/s13c4/k200_priors.csv -o simulated_seq_simulated_loc/s13c4/k200_problin.txt --nInitials 10 --ultrametric --solver Scipy
Optimization by generic solver (Scipy-SLSQP)
Optimizing branch lengths, phi, and nu without topology search
Initial point 1. Random seed: 3150
Solving with ultrametric constraint
Optimal point found for initial point 1
Negative llh: 2086.1959956483256
Dropout rate: 1.0000000000000751e-10
Silencing rate: 1.0000000000000751e-10
Initial point 2. Random seed: 3470
Solving with ultrametric constraint
Optimal point found for initial point 2
Negative llh: 2085.657361898491
Dropout rate: 1.0000000000000751e-10
Silencing rate: 1.0000000000000751e-10
Initial point 3. Random seed: 3321
Solving with ultrametric constraint
Optimal point found for initial point 3
Negative llh: 2085.617390982781
Dropout rate: 1e-10
Silencing rate: 1e-10
Initial point 4. Random seed: 6312
Solving with ultrametric constraint
Optimal point found for initial point 4
Negative llh: 2085.713856734871
Dropout rate: 1.0795252617535881e-10
Silencing rate: 1.0384728764402098e-10
Initial point 5. Random seed: 7917
Solving with ultrametric constraint
Optimal point found for initial point 5
Negative llh: 2085.8197113920037
Dropout rate: 2.4386385972340364e-06
Silencing rate: 1.2539344829662176e-06
Initial point 6. Random seed: 1234
Solving with ultrametric constraint
Optimal point found for initial point 6
Negative llh: 2085.5958259523186
Dropout rate: 1e-10
Silencing rate: 1e-10
Initial point 7. Random seed: 5974
Solving with ultrametric constraint
Optimal point found for initial point 7
Negative llh: 2085.604611620287
Dropout rate: 1.0000000000000751e-10
Silencing rate: 9.999999999979575e-11
Initial point 8. Random seed: 8703
Solving with ultrametric constraint
Optimal point found for initial point 8
Negative llh: 2086.0497837906496
Dropout rate: 3.7933091517598436e-06
Silencing rate: 1.817414129542657e-06
Initial point 9. Random seed: 6663
Solving with ultrametric constraint
Optimal point found for initial point 9
Negative llh: 2085.570463459139
Dropout rate: 9.999999999979575e-11
Silencing rate: 1.0000000000000751e-10
Initial point 10. Random seed: 1601
Solving with ultrametric constraint
Optimal point found for initial point 10
Negative llh: 2087.021186688064
Dropout rate: 5.389880553804169e-06
Silencing rate: 4.737981801983224e-06
Runtime (s): 547.5217913789675
