Launching Problin version 0.5b
Problin was called as follow: /u/gh2161/Spatial-Division/problin/run_problin.py -c simulated_seq_simulated_loc/s6c3/k200_character_matrix.csv -t simulated_seq_simulated_loc/s6c3/true_tree.nwk --delimiter comma -p simulated_seq_simulated_loc/s6c3/k200_priors.csv -o simulated_seq_simulated_loc/s6c3/k200_problin.txt --nInitials 10 --ultrametric --randomreps 3
Optimization by EM algorithm
Optimizing branch lengths, phi, and nu without topology search
Initial point 1. Random seed: 4917
Solving with ultrametric constraint
Initial phi: 0.3304714911328239. Initial nu: 0.10164535672993523. Initial nllh: 140025.131516203
EM finished after 9 iterations.
Optimal point found for initial point 1
Negative llh: 2078.3782177276003
Dropout rate: 0
Silencing rate: 3.765743368173322e-08
Initial point 2. Random seed: 147
Solving with ultrametric constraint
Initial phi: 0.3434850045337098. Initial nu: 0.9258491605904174. Initial nllh: 5611.221267403698
EM finished after 9 iterations.
Optimal point found for initial point 2
Negative llh: 2078.3782190291663
Dropout rate: 0
Silencing rate: 3.8967435292123886e-08
Initial point 3. Random seed: 2804
Solving with ultrametric constraint
Initial phi: 0.7574370022304365. Initial nu: 0.8178883807751113. Initial nllh: 9796.181493002901
EM finished after 9 iterations.
Optimal point found for initial point 3
Negative llh: 2078.37821805487
Dropout rate: 0
Silencing rate: 3.8627306199176e-08
Initial point 4. Random seed: 8605
Solving with ultrametric constraint
Initial phi: 0.7514799018047689. Initial nu: 0.8812445414210636. Initial nllh: 9804.478371285626
EM finished after 8 iterations.
Optimal point found for initial point 4
Negative llh: 2078.37823107039
Dropout rate: 0
Silencing rate: 4.144500968073893e-08
Initial point 5. Random seed: 2499
Solving with ultrametric constraint
Initial phi: 0.2412091061586411. Initial nu: 0.858278757035887. Initial nllh: 4851.475744438094
EM finished after 9 iterations.
Optimal point found for initial point 5
Negative llh: 2078.3782168041757
Dropout rate: 0
Silencing rate: 3.786403204437943e-08
Initial point 6. Random seed: 8000
Solving with ultrametric constraint
Initial phi: 0.0683773155838584. Initial nu: 0.4532435506074831. Initial nllh: 3213.078881065308
EM finished after 8 iterations.
Optimal point found for initial point 6
Negative llh: 2078.3782197738174
Dropout rate: 0
Silencing rate: 3.8356453232421346e-08
Initial point 7. Random seed: 2198
Solving with ultrametric constraint
Initial phi: 0.23557155576883906. Initial nu: 0.5219739745295484. Initial nllh: 4208.204214284903
EM finished after 8 iterations.
Optimal point found for initial point 7
Negative llh: 2078.3782247987033
Dropout rate: 0
Silencing rate: 4.0621041814785496e-08
Initial point 8. Random seed: 6221
Solving with ultrametric constraint
Initial phi: 0.19522736334885324. Initial nu: 0.5740173883838404. Initial nllh: 4076.4126721527073
EM finished after 8 iterations.
Optimal point found for initial point 8
Negative llh: 2078.378222950772
Dropout rate: 0
Silencing rate: 3.921612711610245e-08
Initial point 9. Random seed: 7866
Solving with ultrametric constraint
Initial phi: 0.16856099153216778. Initial nu: 0.02728226060094003. Initial nllh: 2940.149021642855
EM finished after 5 iterations.
Optimal point found for initial point 9
Negative llh: 2078.37821977395
Dropout rate: 0
Silencing rate: 3.895522657534864e-08
Initial point 10. Random seed: 2329
Solving with ultrametric constraint
Initial phi: 0.20275276371145923. Initial nu: 0.5052922538752153. Initial nllh: 3992.9414253123523
EM finished after 9 iterations.
Optimal point found for initial point 10
Negative llh: 2078.378217475941
Dropout rate: 0
Silencing rate: 3.8912911671812225e-08
Runtime (s): 17.593514382024296
