Launching Problin version 0.5b
Problin was called as follow: /u/gh2161/Spatial-Division/problin/run_problin.py -c intmem_real_data/s4c5/characters.txt -t intmem_real_data/s4c5/true_tree.nwk -S intmem_real_data/s4c5/leaf_locations.txt --delimiter comma -p intmem_real_data/s4c5/prior.csv -o intmem_real_data/s4c5/spalin.txt --nInitials 10 --ultrametric --randomreps 3
Optimization by Spalin: Scipy-SLSQP using spatial information
Optimizing branch lengths, phi, and nu without topology search
Initial point 1. Random seed: 8572
Solving with ultrametric constraint
Optimal point found for initial point 1
Negative llh: 105.83244703988325
Dropout rate: 1e-10
Silencing rate: 1e-10
Sigma: 2.914214109963816
Lambda: 0.007334691977352294
Initial point 2. Random seed: 442
Solving with ultrametric constraint
Optimal point found for initial point 2
Negative llh: 105.83318253571082
Dropout rate: 1.0000000000000002e-10
Silencing rate: 1e-10
Sigma: 2.9001908941651506
Lambda: 0.007339549850463479
Initial point 3. Random seed: 6963
Solving with ultrametric constraint
Optimal point found for initial point 3
Negative llh: 105.83244750648248
Dropout rate: 1.5337397566236015e-10
Silencing rate: 1.3318012248235572e-10
Sigma: 2.9139471154469385
Lambda: 0.007334465968215231
Initial point 4. Random seed: 6138
Solving with ultrametric constraint
Optimal point found for initial point 4
Negative llh: 129.70823816852334
Dropout rate: 1.0336245668570641e-10
Silencing rate: 1.0051877113135433e-10
Sigma: 2.408146137096219
Lambda: 0.000976732593888917
Initial point 5. Random seed: 1407
Solving with ultrametric constraint
Optimal point found for initial point 5
Negative llh: 105.83244743544832
Dropout rate: 2.3878436408020177e-10
Silencing rate: 1.9766017923791472e-10
Sigma: 2.914145995042805
Lambda: 0.007334222224023925
Initial point 6. Random seed: 8295
Solving with ultrametric constraint
Optimal point found for initial point 6
Negative llh: 129.70865718299407
Dropout rate: 1e-10
Silencing rate: 1e-10
Sigma: 2.405469450708519
Lambda: 0.0009767209372826655
Initial point 7. Random seed: 1242
Solving with ultrametric constraint
Optimal point found for initial point 7
Negative llh: 105.8324470789904
Dropout rate: 1.0000000000000002e-10
Silencing rate: 9.999999999999999e-11
Sigma: 2.9142396565081117
Lambda: 0.007334518689267785
Initial point 8. Random seed: 6436
Solving with ultrametric constraint
Optimal point found for initial point 8
Negative llh: 105.83244730521344
Dropout rate: 1.0708164574797832e-10
Silencing rate: 1.055155043392311e-10
Sigma: 2.913637522817336
Lambda: 0.007335199902017133
Initial point 9. Random seed: 2356
Solving with ultrametric constraint
Optimal point found for initial point 9
Negative llh: 105.83244708276368
Dropout rate: 1e-10
Silencing rate: 1e-10
Sigma: 2.91371351219228
Lambda: 0.007334201072768877
Initial point 10. Random seed: 6889
Solving with ultrametric constraint
Optimal point found for initial point 10
Negative llh: 129.70870681526125
Dropout rate: 1e-10
Silencing rate: 1e-10
Sigma: 2.4089518956917644
Lambda: 0.0009767102679843537
{'lambda_param': 0.007334691977352294, 'phi': 1e-10, 'nu': 1e-10, 'sigma': 2.914214109963816, 'locations': {'216_4': (230.0, 294.0), '216_20': (255.0, 234.0), '216_19': (244.0, 259.0), '216_22': (232.0, 226.0), '216_21': (222.0, 263.0), '216_16': (258.0, 253.0), '216_15': (261.0, 274.0), '216_18': (309.0, 234.0), '216_17': (282.0, 240.0)}}
Runtime (s): 53.141549724154174
