Launching Problin version 0.5b
Problin was called as follow: run_problin.py -c spalin_simulations_with_sep/s8c6/k10_character_matrix.csv -t spalin_simulations_with_sep/s8c6/true_tree.nwk --delimiter comma -p spalin_simulations_with_sep/s8c6/k10_priors.csv -o spalin_simulations_with_sep/s8c6/k10_problin --nInitials 10 --ultrametric
Optimization by EM algorithm
Optimizing branch lengths, phi, and nu without topology search
Initial point 1. Random seed: 2791
Solving with ultrametric constraint
Initial phi: 0.1435748801205008. Initial nu: 0.6665896932355823. Initial nllh: 15800.151036112358
EM finished after 19 iterations.
Optimal point found for initial point 1
Negative llh: 108.48781658202381
Dropout rate: 0
Silencing rate: 1.0296263240248486e-06
Initial point 2. Random seed: 7542
Solving with ultrametric constraint
Initial phi: 0.09353413226915049. Initial nu: 0.8561945597461622. Initial nllh: 229.59135029403544
EM finished after 17 iterations.
Optimal point found for initial point 2
Negative llh: 108.48781654326987
Dropout rate: 0
Silencing rate: 1.0293638728586566e-06
Initial point 3. Random seed: 531
Solving with ultrametric constraint
Initial phi: 0.560745970889557. Initial nu: 0.8297914635656454. Initial nllh: 436.83287403297413
EM finished after 17 iterations.
Optimal point found for initial point 3
Negative llh: 108.48781640965625
Dropout rate: 0
Silencing rate: 1.0284536060538773e-06
Initial point 4. Random seed: 4173
Solving with ultrametric constraint
Initial phi: 0.4491750195607754. Initial nu: 0.09584588474486593. Initial nllh: 291.79460390241377
EM finished after 11 iterations.
Optimal point found for initial point 4
Negative llh: 108.4878169849752
Dropout rate: 0
Silencing rate: 1.0327523312374888e-06
Initial point 5. Random seed: 4009
Solving with ultrametric constraint
Initial phi: 0.05488249440129917. Initial nu: 0.9763672909345165. Initial nllh: 230.48255275963822
EM finished after 17 iterations.
Optimal point found for initial point 5
Negative llh: 108.48781657660403
Dropout rate: 0
Silencing rate: 1.0282845615024267e-06
Initial point 6. Random seed: 2172
Solving with ultrametric constraint
Initial phi: 0.8339255301823905. Initial nu: 0.7755657152396668. Initial nllh: 713.0325970941814
EM finished after 15 iterations.
Optimal point found for initial point 6
Negative llh: 108.48781952259459
Dropout rate: 0
Silencing rate: 1.039763233093469e-06
Initial point 7. Random seed: 7869
Solving with ultrametric constraint
Initial phi: 0.3563808015150683. Initial nu: 0.3235705650153529. Initial nllh: 271.2799336996292
EM finished after 15 iterations.
Optimal point found for initial point 7
Negative llh: 108.48781642762108
Dropout rate: 0
Silencing rate: 1.0292383063553454e-06
Initial point 8. Random seed: 3058
Solving with ultrametric constraint
Initial phi: 0.04722111627755426. Initial nu: 0.8327589956453297. Initial nllh: 212.6055523816252
EM finished after 17 iterations.
Optimal point found for initial point 8
Negative llh: 108.48781646317465
Dropout rate: 0
Silencing rate: 1.0288926884189098e-06
Initial point 9. Random seed: 1008
Solving with ultrametric constraint
Initial phi: 0.05245956970991482. Initial nu: 0.08437145384346077. Initial nllh: 133.24204693744127
EM finished after 11 iterations.
Optimal point found for initial point 9
Negative llh: 108.48781619467904
Dropout rate: 0
Silencing rate: 1.0276590845232012e-06
Initial point 10. Random seed: 6035
Solving with ultrametric constraint
Initial phi: 0.5295802838310039. Initial nu: 0.5419895276897596. Initial nllh: 385.81907702206985
EM finished after 16 iterations.
Optimal point found for initial point 10
Negative llh: 108.48781817988421
Dropout rate: 0
Silencing rate: 1.0442043058054215e-06
Runtime (s): 14.665651325136423
