Launching Problin version 0.5b
Problin was called as follow: /u/gh2161/Spatial-Division/problin/run_problin.py -c simulated_seq_simulated_loc/s8c6/k50_character_matrix.csv -t simulated_seq_simulated_loc/s8c6/true_tree.nwk --delimiter comma -p simulated_seq_simulated_loc/s8c6/k50_priors.csv -o simulated_seq_simulated_loc/s8c6/k50_problin.txt --nInitials 10 --ultrametric --solver Scipy
Optimization by generic solver (Scipy-SLSQP)
Optimizing branch lengths, phi, and nu without topology search
Initial point 1. Random seed: 8448
Solving with ultrametric constraint
Optimal point found for initial point 1
Negative llh: 550.5551883993346
Dropout rate: 1.001231554813641e-10
Silencing rate: 1.0004562457157362e-10
Initial point 2. Random seed: 5226
Solving with ultrametric constraint
Fatal: failed to optimize using initial point 2
Initial point 3. Random seed: 432
Solving with ultrametric constraint
Optimal point found for initial point 3
Negative llh: 550.5642506010298
Dropout rate: 1.0023810348045144e-10
Silencing rate: 1.0008806679777774e-10
Initial point 4. Random seed: 7876
Solving with ultrametric constraint
Fatal: failed to optimize using initial point 4
Initial point 5. Random seed: 4856
Solving with ultrametric constraint
Optimal point found for initial point 5
Negative llh: 550.5605205918042
Dropout rate: 1.0000000000000751e-10
Silencing rate: 9.999999999999428e-11
Initial point 6. Random seed: 5824
Solving with ultrametric constraint
Optimal point found for initial point 6
Negative llh: 550.560451018428
Dropout rate: 1.0000000000000751e-10
Silencing rate: 1.0000000000000751e-10
Initial point 7. Random seed: 321
Solving with ultrametric constraint
Optimal point found for initial point 7
Negative llh: 550.5559715107709
Dropout rate: 1.0000000000000751e-10
Silencing rate: 1.0000000000000751e-10
Initial point 8. Random seed: 8651
Solving with ultrametric constraint
Optimal point found for initial point 8
Negative llh: 550.5707652837376
Dropout rate: 1.0018046131434603e-10
Silencing rate: 1.0006678812485135e-10
Initial point 9. Random seed: 1467
Solving with ultrametric constraint
Optimal point found for initial point 9
Negative llh: 550.5595193390991
Dropout rate: 1.0000000000000751e-10
Silencing rate: 1.0000000000000751e-10
Initial point 10. Random seed: 8524
Solving with ultrametric constraint
Optimal point found for initial point 10
Negative llh: 550.5598643158536
Dropout rate: 1.0000000000000751e-10
Silencing rate: 1.0000000000000751e-10
Runtime (s): 554.4873665529303
