Launching Problin version 0.5b
Problin was called as follow: /u/gh2161/Spatial-Division/problin/run_problin.py -c intmem_real_data/s10c3/characters.txt -t intmem_real_data/s10c3/true_tree.nwk -S intmem_real_data/s10c3/leaf_locations.txt --delimiter comma -p intmem_real_data/s10c3/prior.csv -o intmem_real_data/s10c3/spalin.txt --nInitials 10 --ultrametric --randomreps 3
Optimization by Spalin: Scipy-SLSQP using spatial information
Optimizing branch lengths, phi, and nu without topology search
Initial point 1. Random seed: 7267
Solving with ultrametric constraint
Optimal point found for initial point 1
Negative llh: 219.96120166562326
Dropout rate: 9.195397123934796e-10
Silencing rate: 1.0195619753665965e-09
Sigma: 2.4319513953150524
Lambda: 0.009925206517562313
Initial point 2. Random seed: 1709
Solving with ultrametric constraint
Optimal point found for initial point 2
Negative llh: 219.96152999529022
Dropout rate: 1.737480182890775e-09
Silencing rate: 1.7452983316535506e-09
Sigma: 2.4308978728593993
Lambda: 0.00992369416063726
Initial point 3. Random seed: 318
Solving with ultrametric constraint
Optimal point found for initial point 3
Negative llh: 219.9610994192968
Dropout rate: 9.999999999999996e-11
Silencing rate: 1.0000000000000002e-10
Sigma: 2.4318452715288865
Lambda: 0.009923797857902044
Initial point 4. Random seed: 4688
Solving with ultrametric constraint
Optimal point found for initial point 4
Negative llh: 219.96113860499787
Dropout rate: 9.2022917273769e-09
Silencing rate: 2.5988770535269532e-08
Sigma: 2.4311780210848375
Lambda: 0.009924076274606768
Initial point 5. Random seed: 9937
Solving with ultrametric constraint
Optimal point found for initial point 5
Negative llh: 219.96140068049118
Dropout rate: 1.0914745857417337e-10
Silencing rate: 1.0267485759499263e-09
Sigma: 2.4335842592611123
Lambda: 0.009919971309679265
Initial point 6. Random seed: 9887
Solving with ultrametric constraint
Optimal point found for initial point 6
Negative llh: 219.961114201047
Dropout rate: 1e-10
Silencing rate: 1e-10
Sigma: 2.432130870910946
Lambda: 0.009922196872123515
Initial point 7. Random seed: 8415
Solving with ultrametric constraint
Optimal point found for initial point 7
Negative llh: 219.96121675301555
Dropout rate: 9.999999999999996e-11
Silencing rate: 1e-10
Sigma: 2.431947323078747
Lambda: 0.009920478531319528
Initial point 8. Random seed: 164
Solving with ultrametric constraint
Optimal point found for initial point 8
Negative llh: 219.9612677814659
Dropout rate: 2.357705253779288e-09
Silencing rate: 2.0928710253268016e-09
Sigma: 2.4299020183627076
Lambda: 0.009928068576191837
Initial point 9. Random seed: 3801
Solving with ultrametric constraint
Optimal point found for initial point 9
Negative llh: 219.961278068441
Dropout rate: 2.487775872495856e-10
Silencing rate: 2.2395488589977748e-10
Sigma: 2.4337954612436667
Lambda: 0.009924450346922497
Initial point 10. Random seed: 4881
Solving with ultrametric constraint
Optimal point found for initial point 10
Negative llh: 219.96133239111003
Dropout rate: 8.127790677122384e-10
Silencing rate: 8.931159944806099e-10
Sigma: 2.43287026225187
Lambda: 0.009922860885427537
{'lambda_param': 0.009923797857902044, 'phi': 9.999999999999996e-11, 'nu': 1.0000000000000002e-10, 'sigma': 2.4318452715288865, 'locations': {'216_22': (322.0, 295.0), '216_21': (325.0, 313.0), '216_23': (289.0, 290.0), '216_20': (301.0, 303.0), '216_19': (305.0, 320.0), '216_18': (286.0, 346.0), '216_17': (301.0, 342.0), '216_8': (275.0, 290.0), '216_7': (290.0, 310.0), '216_5': (266.0, 291.0), '216_6': (255.0, 324.0), '216_2': (269.0, 322.0), '216_1': (254.0, 344.0), '216_4': (239.0, 313.0), '216_3': (216.0, 305.0), '216_16': (268.0, 243.0), '216_15': (283.0, 271.0), '216_14': (268.0, 266.0), '216_13': (245.0, 262.0), '216_12': (257.0, 279.0)}}
Runtime (s): 689.2799159809947
