Launching Problin version 0.5b
Problin was called as follow: /u/gh2161/Spatial-Division/problin/run_problin.py -c intmem_real_data/s16c9/characters.txt -t intmem_real_data/s16c9/true_tree.nwk --delimiter comma -p intmem_real_data/s16c9/prior.csv -o intmem_real_data/s16c9/problin.txt --nInitials 10 --ultrametric --randomreps 3 --solver Scipy
Optimization by generic solver (Scipy-SLSQP)
Optimizing branch lengths, phi, and nu without topology search
Initial point 1. Random seed: 1742
Solving with ultrametric constraint
Optimal point found for initial point 1
Negative llh: 41.99834060471652
Dropout rate: 1.0468210076075056e-10
Silencing rate: 1.0235732731611606e-10
Lambda: 0.0009766353983048804
Initial point 2. Random seed: 9071
Solving with ultrametric constraint
Optimal point found for initial point 2
Negative llh: 41.99830130498699
Dropout rate: 1.1759145208720452e-10
Silencing rate: 1.0575707486184244e-10
Lambda: 0.0009766386646548957
Initial point 3. Random seed: 426
Solving with ultrametric constraint
Optimal point found for initial point 3
Negative llh: 23.766696112151998
Dropout rate: 2.388572033999118e-10
Silencing rate: 2.228017911202757e-10
Lambda: 0.00935072073188643
Initial point 4. Random seed: 3046
Solving with ultrametric constraint
Optimal point found for initial point 4
Negative llh: 23.766696174768974
Dropout rate: 1.0331580998757194e-10
Silencing rate: 1.0284492832987684e-10
Lambda: 0.009351287630924226
Initial point 5. Random seed: 3395
Solving with ultrametric constraint
Optimal point found for initial point 5
Negative llh: 41.9982281928681
Dropout rate: 1e-10
Silencing rate: 1e-10
Lambda: 0.0009766447171326695
Initial point 6. Random seed: 4492
Solving with ultrametric constraint
Optimal point found for initial point 6
Negative llh: 41.99826346570669
Dropout rate: 1e-10
Silencing rate: 1e-10
Lambda: 0.0009766417922700218
Initial point 7. Random seed: 9488
Solving with ultrametric constraint
Optimal point found for initial point 7
Negative llh: 23.76669616381954
Dropout rate: 1.6936475836033447e-10
Silencing rate: 1.557027683620727e-10
Lambda: 0.009350604302025221
Initial point 8. Random seed: 4174
Solving with ultrametric constraint
Optimal point found for initial point 8
Negative llh: 41.998344505607285
Dropout rate: 1e-10
Silencing rate: 1e-10
Lambda: 0.0009766350793420783
Initial point 9. Random seed: 8764
Solving with ultrametric constraint
Optimal point found for initial point 9
Negative llh: 23.766696117721864
Dropout rate: 1.370718791103176e-10
Silencing rate: 1.3335125793101665e-10
Lambda: 0.009350925051956668
Initial point 10. Random seed: 3828
Solving with ultrametric constraint
Optimal point found for initial point 10
Negative llh: 23.76669624080072
Dropout rate: 1e-10
Silencing rate: 1e-10
Lambda: 0.009350773150496212
{'phi': 2.388572033999118e-10, 'nu': 2.228017911202757e-10, 'lambda_param': 0.00935072073188643}
Runtime (s): 1.2765924241393805
