Launching Problin version 0.5b
Problin was called as follow: /u/gh2161/Spatial-Division/problin/run_problin.py -c intmem_real_data/s16c9/characters.txt -t intmem_real_data/s16c9/true_tree.nwk -S intmem_real_data/s16c9/leaf_locations.txt --delimiter comma -p intmem_real_data/s16c9/prior.csv -o intmem_real_data/s16c9/spalin-divide-beta5_spatialonly.txt --nInitials 10 --ultrametric --randomreps 3 --divide --radius 5 --spatial_only
Optimization by Spalin-Divide: Scipy-SLSQP using spatial information
Optimizing branch lengths, phi, and nu without topology search
only spatial
only spatial
Initial point 1. Random seed: 416
Solving with ultrametric constraint
Optimal point found for initial point 1
Negative llh: 23.44697888295563
Dropout rate: 0.438407294005423
Silencing rate: 0.7087052057005975
Sigma: 1.130290243355657
Lambda: 1.0
Initial point 2. Random seed: 8075
Solving with ultrametric constraint
Optimal point found for initial point 2
Negative llh: 23.446978902745293
Dropout rate: 0.8894703702103068
Silencing rate: 0.24086964974598277
Sigma: 1.1309926904803207
Lambda: 1.0
Initial point 3. Random seed: 433
Solving with ultrametric constraint
Optimal point found for initial point 3
Negative llh: 23.446979196683873
Dropout rate: 0.22810879050655225
Silencing rate: 0.1169242948782954
Sigma: 1.130203274668931
Lambda: 1.0
Initial point 4. Random seed: 1945
Solving with ultrametric constraint
Optimal point found for initial point 4
Negative llh: 23.446978662971034
Dropout rate: 0.47384753130264845
Silencing rate: 0.24713638763298668
Sigma: 1.1302502679548134
Lambda: 1.0
Initial point 5. Random seed: 5526
Solving with ultrametric constraint
Optimal point found for initial point 5
Negative llh: 23.446978584770605
Dropout rate: 0.5471755805026803
Silencing rate: 0.3373280365736807
Sigma: 1.130684271461721
Lambda: 1.0
Initial point 6. Random seed: 5924
Solving with ultrametric constraint
Optimal point found for initial point 6
Negative llh: 23.446978580504332
Dropout rate: 0.5598622206436814
Silencing rate: 0.8283088615773175
Sigma: 1.1301500338880928
Lambda: 1.0
Initial point 7. Random seed: 5766
Solving with ultrametric constraint
Optimal point found for initial point 7
Negative llh: 23.4469786047499
Dropout rate: 0.3787159938040487
Silencing rate: 0.7296287148863362
Sigma: 1.1304382796184376
Lambda: 1.0
Initial point 8. Random seed: 339
Solving with ultrametric constraint
Optimal point found for initial point 8
Negative llh: 23.44697857314882
Dropout rate: 0.4661164479970823
Silencing rate: 0.5859661458364428
Sigma: 1.1301374964243112
Lambda: 1.0
Initial point 9. Random seed: 9427
Solving with ultrametric constraint
Optimal point found for initial point 9
Negative llh: 23.44697882656216
Dropout rate: 0.8581339612127198
Silencing rate: 0.9002567339293432
Sigma: 1.1301895341033388
Lambda: 1.0
Initial point 10. Random seed: 3048
Solving with ultrametric constraint
Optimal point found for initial point 10
Negative llh: 23.446978904449672
Dropout rate: 0.2919960026650487
Silencing rate: 0.28810998345287114
Sigma: 1.1303718907650133
Lambda: 1.0
{'lambda_param': 1.0, 'phi': 0.4661164479970823, 'nu': 0.5859661458364428, 'sigma': 1.1301374964243112, 'locations': {'216_2': (327.0, 425.0), '216_1': (307.0, 429.0), '216_4': (283.0, 394.0), '216_3': (306.0, 417.0)}, 'radius': 5.0, 'thetas': {'182_4': 0.7854080758580967, '185_3': 2.944171866999069, '121_3': 3.9042445896565563}}
Runtime (s): 9.890567828901112
