Launching Problin version 0.5b
Problin was called as follow: /u/gh2161/Spatial-Division/problin/run_problin.py -c real_location_data/s4c6/k10_r3_character_matrix.csv -t real_location_data/s4c6/true_tree.nwk -S real_location_data/s4c6/leaf_locations.txt --delimiter comma -p real_location_data/s4c6/k10_priors.csv -o real_location_data/s4c6/k10_r3_spalin-divide-beta10.txt --nInitials 10 --ultrametric --randomreps 3 --divide --radius 10
Optimization by Spalin-Divide: Scipy-SLSQP using spatial information
Optimizing branch lengths, phi, and nu without topology search
Initial point 1. Random seed: 7144
Solving with ultrametric constraint
Optimal point found for initial point 1
Negative llh: 149.29729021501026
Dropout rate: 9.999999999999996e-11
Silencing rate: 1e-10
Sigma: 1.2671483660097744
Initial point 2. Random seed: 2342
Solving with ultrametric constraint
Optimal point found for initial point 2
Negative llh: 149.29729029943275
Dropout rate: 1e-10
Silencing rate: 1e-10
Sigma: 1.2671321232996375
Initial point 3. Random seed: 8688
Solving with ultrametric constraint
Optimal point found for initial point 3
Negative llh: 149.29729027923707
Dropout rate: 1e-10
Silencing rate: 1e-10
Sigma: 1.2671313274539218
Initial point 4. Random seed: 5076
Solving with ultrametric constraint
Optimal point found for initial point 4
Negative llh: 149.29729013593817
Dropout rate: 1.0459364471743336e-10
Silencing rate: 1.0222103390280451e-10
Sigma: 1.2671668911284366
Initial point 5. Random seed: 6055
Solving with ultrametric constraint
Fatal: failed to optimize using initial point 5
Initial point 6. Random seed: 7448
Solving with ultrametric constraint
Optimal point found for initial point 6
Negative llh: 149.2972902565951
Dropout rate: 4.283963151571603e-10
Silencing rate: 1.0002311284447283e-10
Sigma: 1.2671541960437278
Initial point 7. Random seed: 5136
Solving with ultrametric constraint
Optimal point found for initial point 7
Negative llh: 149.29737860216278
Dropout rate: 1e-10
Silencing rate: 1e-10
Sigma: 1.2673070814126648
Initial point 8. Random seed: 9683
Solving with ultrametric constraint
Optimal point found for initial point 8
Negative llh: 18620.564284951768
Dropout rate: 3.1287363270046593e-07
Silencing rate: 2.287297677548448e-07
Sigma: 5.7909469020173585
Initial point 9. Random seed: 455
Solving with ultrametric constraint
Optimal point found for initial point 9
Negative llh: 149.29729024261297
Dropout rate: 1.010333104040505e-09
Silencing rate: 1.0022477206079412e-10
Sigma: 1.2671531487662233
Initial point 10. Random seed: 56
Solving with ultrametric constraint
Optimal point found for initial point 10
Negative llh: 149.29777899620075
Dropout rate: 9.146441857370475e-10
Silencing rate: 1.0009537011403557e-10
Sigma: 1.2663378481002434
Runtime (s): 659.8250439399853
