Launching Problin version 0.5b
Problin was called as follow: /u/gh2161/Spatial-Division/problin/run_problin.py -c real_location_data/s4c6/k10_r1_character_matrix.csv -t real_location_data/s4c6/true_tree.nwk -S real_location_data/s4c6/leaf_locations.txt --delimiter comma -p real_location_data/s4c6/k10_priors.csv -o real_location_data/s4c6/k10_r1_spalin-divide-beta10.txt --nInitials 10 --ultrametric --randomreps 3 --divide --radius 10
Optimization by Spalin-Divide: Scipy-SLSQP using spatial information
Optimizing branch lengths, phi, and nu without topology search
Initial point 1. Random seed: 4646
Solving with ultrametric constraint
Optimal point found for initial point 1
Negative llh: 159.35735238444363
Dropout rate: 1.573487620764373e-10
Silencing rate: 1e-10
Sigma: 1.2577290630665507
Initial point 2. Random seed: 5383
Solving with ultrametric constraint
Fatal: failed to optimize using initial point 2
Initial point 3. Random seed: 4877
Solving with ultrametric constraint
Optimal point found for initial point 3
Negative llh: 159.3573774289478
Dropout rate: 1.0000000000000002e-10
Silencing rate: 1e-10
Sigma: 1.2578950674115579
Initial point 4. Random seed: 999
Solving with ultrametric constraint
Optimal point found for initial point 4
Negative llh: 159.35735226270387
Dropout rate: 2.2585770290232376e-10
Silencing rate: 1.1037161623131341e-10
Sigma: 1.2577282080651042
Initial point 5. Random seed: 861
Solving with ultrametric constraint
Optimal point found for initial point 5
Negative llh: 159.3573859959584
Dropout rate: 9.891433338492766e-10
Silencing rate: 4.706986490374759e-10
Sigma: 1.257638793997581
Initial point 6. Random seed: 2865
Solving with ultrametric constraint
Optimal point found for initial point 6
Negative llh: 159.3573524448451
Dropout rate: 1.3460052401152385e-09
Silencing rate: 5.995024091502607e-10
Sigma: 1.2577330904662531
Initial point 7. Random seed: 1938
Solving with ultrametric constraint
Optimal point found for initial point 7
Negative llh: 182.240775183783
Dropout rate: 1.0000000000000002e-10
Silencing rate: 1e-10
Sigma: 1.2044299895630382
Initial point 8. Random seed: 4834
Solving with ultrametric constraint
Optimal point found for initial point 8
Negative llh: 159.35735229414115
Dropout rate: 5.731126404403721e-10
Silencing rate: 3.439353215755136e-10
Sigma: 1.2577312991902234
Initial point 9. Random seed: 478
Solving with ultrametric constraint
Optimal point found for initial point 9
Negative llh: 159.35768762514402
Dropout rate: 9.999999999999996e-11
Silencing rate: 1.0000000000000002e-10
Sigma: 1.2577817875534851
Initial point 10. Random seed: 6784
Solving with ultrametric constraint
Optimal point found for initial point 10
Negative llh: 159.35753441923737
Dropout rate: 3.4450349306443305e-10
Silencing rate: 1.0002989821200097e-10
Sigma: 1.2570663858031903
Runtime (s): 664.8118060370907
