Launching Problin version 0.5b
Problin was called as follow: /u/gh2161/Spatial-Division/problin/run_problin.py -c real_location_data/s4c6/k10_r2_character_matrix.csv -t real_location_data/s4c6/true_tree.nwk -S real_location_data/s4c6/leaf_locations.txt --delimiter comma -p real_location_data/s4c6/k10_priors.csv -o real_location_data/s4c6/k10_r2_spalin-divide-beta10.txt --nInitials 10 --ultrametric --randomreps 3 --divide --radius 10
Optimization by Spalin-Divide: Scipy-SLSQP using spatial information
Optimizing branch lengths, phi, and nu without topology search
Initial point 1. Random seed: 1170
Solving with ultrametric constraint
Optimal point found for initial point 1
Negative llh: 155.98491872924325
Dropout rate: 6.008250156971221e-10
Silencing rate: 1.0272351547079637e-10
Sigma: 1.2665806227413556
Initial point 2. Random seed: 2811
Solving with ultrametric constraint
Optimal point found for initial point 2
Negative llh: 179.56505392817323
Dropout rate: 9.999999999999996e-11
Silencing rate: 1e-10
Sigma: 1.2326382785545287
Initial point 3. Random seed: 2895
Solving with ultrametric constraint
Optimal point found for initial point 3
Negative llh: 155.98515051772128
Dropout rate: 1e-10
Silencing rate: 1e-10
Sigma: 1.266764742103452
Initial point 4. Random seed: 5728
Solving with ultrametric constraint
Optimal point found for initial point 4
Negative llh: 179.637412090118
Dropout rate: 1.4806529563015893e-10
Silencing rate: 1.0808170312575026e-10
Sigma: 1.2313952078992725
Initial point 5. Random seed: 9670
Solving with ultrametric constraint
Optimal point found for initial point 5
Negative llh: 155.9849185945932
Dropout rate: 1.364013401005493e-10
Silencing rate: 1.0010040476116503e-10
Sigma: 1.2665852384112772
Initial point 6. Random seed: 51
Solving with ultrametric constraint
Optimal point found for initial point 6
Negative llh: 50086.59588308452
Dropout rate: 7.221335969866543e-05
Silencing rate: 0.043376635114843506
Sigma: 4.934404397231739
Initial point 7. Random seed: 1362
Solving with ultrametric constraint
Optimal point found for initial point 7
Negative llh: 155.98491892327678
Dropout rate: 1.24922951438335e-09
Silencing rate: 7.003157281710917e-10
Sigma: 1.2665458799220473
Initial point 8. Random seed: 6775
Solving with ultrametric constraint
Optimal point found for initial point 8
Negative llh: 155.98491927737157
Dropout rate: 1.2572955045009511e-09
Silencing rate: 6.784332376669716e-10
Sigma: 1.2665854496207487
Initial point 9. Random seed: 7219
Solving with ultrametric constraint
Optimal point found for initial point 9
Negative llh: 155.98530323810292
Dropout rate: 1.4438468602957378e-10
Silencing rate: 1.1325265747063028e-10
Sigma: 1.2662297288282556
Initial point 10. Random seed: 3232
Solving with ultrametric constraint
Optimal point found for initial point 10
Negative llh: 155.98509307874147
Dropout rate: 1.6688340973943246e-10
Silencing rate: 1.2749600293049935e-10
Sigma: 1.266563143716766
Runtime (s): 427.17300323583186
