Launching Problin version 0.5b
Problin was called as follow: /u/gh2161/Spatial-Division/problin/run_problin.py -c real_location_data/s2c2/k10_r4_character_matrix.csv -t real_location_data/s2c2/true_tree.nwk -S real_location_data/s2c2/leaf_locations.txt --delimiter comma -p real_location_data/s2c2/k10_priors.csv -o real_location_data/s2c2/k10_r4_spalin-divide-beta05.txt --nInitials 10 --ultrametric --randomreps 3 --divide --radius 0.5
Optimization by Spalin-Divide: Scipy-SLSQP using spatial information
Optimizing branch lengths, phi, and nu without topology search
Initial point 1. Random seed: 5098
Solving with ultrametric constraint
Optimal point found for initial point 1
Negative llh: 195.93328114833605
Dropout rate: 3.066207429101047e-10
Silencing rate: 1.000000000000009e-10
Sigma: 1.4454566456328963
Initial point 2. Random seed: 5219
Solving with ultrametric constraint
Optimal point found for initial point 2
Negative llh: 195.93286347892874
Dropout rate: 1e-10
Silencing rate: 1e-10
Sigma: 1.4459417753122363
Initial point 3. Random seed: 2188
Solving with ultrametric constraint
Fatal: failed to optimize using initial point 3
Initial point 4. Random seed: 9990
Solving with ultrametric constraint
Optimal point found for initial point 4
Negative llh: 195.9327585825206
Dropout rate: 9.999999999999996e-11
Silencing rate: 1.0000000000000002e-10
Sigma: 1.445804588600839
Initial point 5. Random seed: 6084
Solving with ultrametric constraint
Optimal point found for initial point 5
Negative llh: 195.9331372807206
Dropout rate: 8.773591195952708e-10
Silencing rate: 4.924050873862174e-10
Sigma: 1.4459894963437592
Initial point 6. Random seed: 3743
Solving with ultrametric constraint
Optimal point found for initial point 6
Negative llh: 195.93288011937386
Dropout rate: 1.9473708239305508e-10
Silencing rate: 1.7001388710591158e-10
Sigma: 1.4460160304622283
Initial point 7. Random seed: 6678
Solving with ultrametric constraint
Optimal point found for initial point 7
Negative llh: 195.93300295377395
Dropout rate: 1.0000000000000007e-10
Silencing rate: 1.0000000000000007e-10
Sigma: 1.4455915477475845
Initial point 8. Random seed: 1154
Solving with ultrametric constraint
Optimal point found for initial point 8
Negative llh: 195.93330119505092
Dropout rate: 1.0000000000000002e-10
Silencing rate: 1e-10
Sigma: 1.4456474429756334
Initial point 9. Random seed: 8855
Solving with ultrametric constraint
Optimal point found for initial point 9
Negative llh: 195.93290952274575
Dropout rate: 1.0000000000000002e-10
Silencing rate: 1.0000000000000002e-10
Sigma: 1.4460871468919283
Initial point 10. Random seed: 4134
Solving with ultrametric constraint
Optimal point found for initial point 10
Negative llh: 32612.576198698014
Dropout rate: 1.2069729172629463e-05
Silencing rate: 0.0042007747711192995
Sigma: 4.082959746705287
Runtime (s): 378.6603014813736
