Launching Problin version 0.5b
Problin was called as follow: /u/gh2161/Spatial-Division/problin/run_problin.py -c real_location_data/s2c2/k10_r2_character_matrix.csv -t real_location_data/s2c2/true_tree.nwk -S real_location_data/s2c2/leaf_locations.txt --delimiter comma -p real_location_data/s2c2/k10_priors.csv -o real_location_data/s2c2/k10_r2_spalin.txt --nInitials 10 --ultrametric --randomreps 3
Optimization by Spalin: Scipy-SLSQP using spatial information
Optimizing branch lengths, phi, and nu without topology search
Initial point 1. Random seed: 8108
Solving with ultrametric constraint
Optimal point found for initial point 1
Negative llh: 170.50691115430183
Dropout rate: 1e-10
Silencing rate: 1e-10
Sigma: 2.263373743496804
Lambda: 0.0009766899869520804
Initial point 2. Random seed: 9565
Solving with ultrametric constraint
Optimal point found for initial point 2
Negative llh: 143.9351436166836
Dropout rate: 1e-10
Silencing rate: 1e-10
Sigma: 2.57405754780838
Lambda: 0.007845955203737908
Initial point 3. Random seed: 5206
Solving with ultrametric constraint
Optimal point found for initial point 3
Negative llh: 143.93564615298163
Dropout rate: 1.0000000000000002e-10
Silencing rate: 1.0000000000000002e-10
Sigma: 2.5756066887784126
Lambda: 0.007849077607763433
Initial point 4. Random seed: 2857
Solving with ultrametric constraint
Optimal point found for initial point 4
Negative llh: 143.93515162480298
Dropout rate: 3.489451806627492e-10
Silencing rate: 2.774667830724587e-10
Sigma: 2.5726089510914525
Lambda: 0.007849055475507405
Initial point 5. Random seed: 8911
Solving with ultrametric constraint
Optimal point found for initial point 5
Negative llh: 143.93509618290446
Dropout rate: 3.895414742247125e-10
Silencing rate: 2.9705127841388576e-10
Sigma: 2.5732033944995263
Lambda: 0.00784877109044809
Initial point 6. Random seed: 9693
Solving with ultrametric constraint
Optimal point found for initial point 6
Negative llh: 170.50703003690018
Dropout rate: 5.063528282933213e-10
Silencing rate: 2.2686178818654267e-10
Sigma: 2.266443150559966
Lambda: 0.0009766973831011763
Initial point 7. Random seed: 9160
Solving with ultrametric constraint
Optimal point found for initial point 7
Negative llh: 143.93495457181479
Dropout rate: 1e-10
Silencing rate: 1e-10
Sigma: 2.572508171883874
Lambda: 0.00784958590531051
Initial point 8. Random seed: 6591
Solving with ultrametric constraint
Optimal point found for initial point 8
Negative llh: 170.50637881981362
Dropout rate: 1e-10
Silencing rate: 1e-10
Sigma: 2.265794422921731
Lambda: 0.000976721974033541
Initial point 9. Random seed: 5248
Solving with ultrametric constraint
Optimal point found for initial point 9
Negative llh: 143.93495513046986
Dropout rate: 1.4007915923214689e-09
Silencing rate: 1.0754630803632808e-09
Sigma: 2.572581876859908
Lambda: 0.007849613955790554
Initial point 10. Random seed: 3266
Solving with ultrametric constraint
Optimal point found for initial point 10
Negative llh: 143.93512453074572
Dropout rate: 4.743956919855064e-10
Silencing rate: 2.727119572308938e-10
Sigma: 2.572879616092071
Lambda: 0.007851312036619762
{'lambda_param': 0.00784958590531051, 'phi': 1e-10, 'nu': 1e-10, 'sigma': 2.572508171883874, 'locations': {'216_16': (391.0, 281.0), '216_15': (411.0, 302.0), '216_13': (389.0, 339.0), '216_12': (418.0, 314.0), '216_11': (387.0, 315.0), '216_10': (379.0, 350.0), '216_9': (418.0, 335.0), '216_8': (357.0, 312.0), '216_7': (348.0, 332.0), '216_4': (364.0, 353.0), '216_3': (339.0, 358.0), '216_2': (344.0, 371.0), '216_1': (366.0, 373.0)}}
Runtime (s): 91.8601765949279
