Launching Problin version 0.5b
Problin was called as follow: /u/gh2161/Spatial-Division/problin/run_problin.py -c real_location_data/s2c2/k10_r5_character_matrix.csv -t real_location_data/s2c2/true_tree.nwk -S real_location_data/s2c2/leaf_locations.txt --delimiter comma -p real_location_data/s2c2/k10_priors.csv -o real_location_data/s2c2/k10_r5_spalin-divide-beta8.txt --nInitials 10 --ultrametric --randomreps 3 --divide --given_beta 8 --incl_beta_bound
Optimization by Spalin-Divide: Scipy-SLSQP using spatial information
Optimizing branch lengths, phi, and nu without topology search
Initial point 1. Random seed: 8811
Solving with ultrametric constraint
Optimal point found for initial point 1
Negative llh: 162.69200872540605
Dropout rate: 1e-10
Silencing rate: 1e-10
Sigma: 4.000479996504328
Initial point 2. Random seed: 4634
Solving with ultrametric constraint
Optimal point found for initial point 2
Negative llh: 162.69200817921944
Dropout rate: 1e-10
Silencing rate: 1e-10
Sigma: 4.00041423062842
Initial point 3. Random seed: 7603
Solving with ultrametric constraint
Optimal point found for initial point 3
Negative llh: 162.69201135221527
Dropout rate: 5.557879212826265e-10
Silencing rate: 4.418218449310677e-10
Sigma: 4.000343367650963
Initial point 4. Random seed: 159
Solving with ultrametric constraint
Optimal point found for initial point 4
Negative llh: 162.69201121494757
Dropout rate: 1.0044103796827075e-09
Silencing rate: 7.977980978331997e-10
Sigma: 4.000353697581051
Initial point 5. Random seed: 5158
Solving with ultrametric constraint
Optimal point found for initial point 5
Negative llh: 162.69200849247852
Dropout rate: 3.844588397914164e-10
Silencing rate: 3.1269989027765474e-10
Sigma: 4.0004069651828855
Initial point 6. Random seed: 7882
Solving with ultrametric constraint
Optimal point found for initial point 6
Negative llh: 162.6920092811148
Dropout rate: 1.411630099862482e-09
Silencing rate: 7.044720895815518e-10
Sigma: 4.000399933370729
Initial point 7. Random seed: 9289
Solving with ultrametric constraint
Optimal point found for initial point 7
Negative llh: 162.69200862521018
Dropout rate: 1.282048412926446e-10
Silencing rate: 2.1002629639544261e-10
Sigma: 4.0003978143488155
Initial point 8. Random seed: 4426
Solving with ultrametric constraint
Optimal point found for initial point 8
Negative llh: 162.6920097497833
Dropout rate: 1.0000000000000007e-10
Silencing rate: 1.0000000000000007e-10
Sigma: 4.0003340136423855
Initial point 9. Random seed: 6092
Solving with ultrametric constraint
Optimal point found for initial point 9
Negative llh: 162.69200993874824
Dropout rate: 3.113064175457848e-10
Silencing rate: 2.5017815878228305e-10
Sigma: 4.0004903348582825
Initial point 10. Random seed: 9624
Solving with ultrametric constraint
Optimal point found for initial point 10
Negative llh: 162.69201016047683
Dropout rate: 4.979955611723647e-10
Silencing rate: 2.662338518166693e-10
Sigma: 4.000383307843631
Runtime (s): 708.5073361620307
