Launching Problin version 0.5b
Problin was called as follow: /u/gh2161/Spatial-Division/problin/run_problin.py -c real_location_data/s2c2/k10_r1_character_matrix.csv -t real_location_data/s2c2/true_tree.nwk -S real_location_data/s2c2/leaf_locations.txt --delimiter comma -p real_location_data/s2c2/k10_priors.csv -o real_location_data/s2c2/k10_r1_spalin-divide-beta9.txt --nInitials 10 --ultrametric --randomreps 3 --divide --given_beta 9 --incl_beta_bound
Optimization by Spalin-Divide: Scipy-SLSQP using spatial information
Optimizing branch lengths, phi, and nu without topology search
Initial point 1. Random seed: 1821
Solving with ultrametric constraint
Optimal point found for initial point 1
Negative llh: 173.28622580749487
Dropout rate: 4.5557338719629583e-10
Silencing rate: 4.0812162848475396e-10
Sigma: 3.8929862238778865
Initial point 2. Random seed: 1454
Solving with ultrametric constraint
Optimal point found for initial point 2
Negative llh: 173.2862241882283
Dropout rate: 2.422974909727126e-10
Silencing rate: 1.8417154645227415e-10
Sigma: 3.8930743001095633
Initial point 3. Random seed: 5041
Solving with ultrametric constraint
Optimal point found for initial point 3
Negative llh: 173.28622483929834
Dropout rate: 1.237567839694889e-09
Silencing rate: 1.3757148162313792e-09
Sigma: 3.8930682189154586
Initial point 4. Random seed: 5476
Solving with ultrametric constraint
Optimal point found for initial point 4
Negative llh: 173.28622695034488
Dropout rate: 1.0000000000000002e-10
Silencing rate: 1.0000000000000002e-10
Sigma: 3.892823762829484
Initial point 5. Random seed: 9431
Solving with ultrametric constraint
Optimal point found for initial point 5
Negative llh: 173.28622576530722
Dropout rate: 9.649712511384415e-10
Silencing rate: 8.669556898878853e-10
Sigma: 3.8929693752198107
Initial point 6. Random seed: 2383
Solving with ultrametric constraint
Optimal point found for initial point 6
Negative llh: 173.2862232598789
Dropout rate: 2.637541637810379e-10
Silencing rate: 2.3900960153814086e-10
Sigma: 3.8930455318076547
Initial point 7. Random seed: 632
Solving with ultrametric constraint
Optimal point found for initial point 7
Negative llh: 173.2862234082106
Dropout rate: 1.693132237590825e-10
Silencing rate: 1.3827921488065258e-10
Sigma: 3.893040368554801
Initial point 8. Random seed: 652
Solving with ultrametric constraint
Optimal point found for initial point 8
Negative llh: 173.28622721273808
Dropout rate: 1e-10
Silencing rate: 1e-10
Sigma: 3.8930490776187305
Initial point 9. Random seed: 9850
Solving with ultrametric constraint
Optimal point found for initial point 9
Negative llh: 173.28622343355062
Dropout rate: 1.0369186492137951e-10
Silencing rate: 1.0169195504053757e-10
Sigma: 3.8930532475110833
Initial point 10. Random seed: 5042
Solving with ultrametric constraint
Optimal point found for initial point 10
Negative llh: 173.28622368210316
Dropout rate: 2.1126143817199274e-10
Silencing rate: 2.0644761710818944e-10
Sigma: 3.8930601035073606
Runtime (s): 379.18826011940837
