Launching Problin version 0.5b
Problin was called as follow: /u/gh2161/Spatial-Division/problin/run_problin.py -c real_location_data/s2c2/k10_r2_character_matrix.csv -t real_location_data/s2c2/true_tree.nwk -S real_location_data/s2c2/leaf_locations.txt --delimiter comma -p real_location_data/s2c2/k10_priors.csv -o real_location_data/s2c2/k10_r2_spalin-divide-beta5_10_range.txt --nInitials 10 --ultrametric --randomreps 3 --divide --given_lower_beta 5 --given_upper_beta 10 --incl_beta_bound
Optimization by Spalin-Divide: Scipy-SLSQP using spatial information
{'sigma': 22, 'nu': 1e-10, 'phi': 1e-10, 'lower_beta': 5.0, 'upper_beta': 10.0, 'incl_beta_bound': True, 'displacement_amounts': {}}
Optimizing branch lengths, phi, and nu without topology search
Initial point 1. Random seed: 1961
Solving with ultrametric constraint
Optimal point found for initial point 1
Negative llh: 155.80533209142754
Dropout rate: 1.000024488175213e-10
Silencing rate: 1.180694992695571e-10
Sigma: 4.455190284906985
Initial point 2. Random seed: 3262
Solving with ultrametric constraint
Optimal point found for initial point 2
Negative llh: 160.6460737561971
Dropout rate: 7.916548470787408e-08
Silencing rate: 4.6700241207121686e-08
Sigma: 4.76451591263721
Initial point 3. Random seed: 5581
Solving with ultrametric constraint
Optimal point found for initial point 3
Negative llh: 160.81494816504116
Dropout rate: 9.97095384596845e-10
Silencing rate: 6.005170162803422e-10
Sigma: 4.788266808825093
Initial point 4. Random seed: 9739
Solving with ultrametric constraint
Optimal point found for initial point 4
Negative llh: 160.83196772362547
Dropout rate: 1e-10
Silencing rate: 1e-10
Sigma: 4.794518215555619
Initial point 5. Random seed: 7393
Solving with ultrametric constraint
Optimal point found for initial point 5
Negative llh: 156.1047619660951
Dropout rate: 1.036409225519016e-10
Silencing rate: 1.0200901698084915e-10
Sigma: 4.4862983778287004
Initial point 6. Random seed: 7576
Solving with ultrametric constraint
Optimal point found for initial point 6
Negative llh: 160.84136747962316
Dropout rate: 1.4879605877087337e-09
Silencing rate: 9.086339841564062e-10
Sigma: 4.794910220969709
Initial point 7. Random seed: 759
Solving with ultrametric constraint
Optimal point found for initial point 7
Negative llh: 160.8175710860225
Dropout rate: 1.0002113076229283e-10
Silencing rate: 1.0001248346797028e-10
Sigma: 4.792538484562799
Initial point 8. Random seed: 2894
Solving with ultrametric constraint
Optimal point found for initial point 8
Negative llh: 160.90295706629956
Dropout rate: 9.999999999999924e-11
Silencing rate: 9.999999999999996e-11
Sigma: 4.85755894006083
Initial point 9. Random seed: 4748
Solving with ultrametric constraint
Optimal point found for initial point 9
Negative llh: 161.3279987874193
Dropout rate: 1.0000005021792092e-10
Silencing rate: 1.744073953608123e-10
Sigma: 5.028944449302519
Initial point 10. Random seed: 7363
Solving with ultrametric constraint
Optimal point found for initial point 10
Negative llh: 155.24792023851847
Dropout rate: 1.7723499528692724e-09
Silencing rate: 1.9734639087689098e-09
Sigma: 4.357454906009991
Runtime (s): 475.70140019245446
