Launching Problin version 0.5b
Problin was called as follow: /u/gh2161/Spatial-Division/problin/run_problin.py -c real_location_data/s2c2/k10_r3_character_matrix.csv -t real_location_data/s2c2/true_tree.nwk -S real_location_data/s2c2/leaf_locations.txt --delimiter comma -p real_location_data/s2c2/k10_priors.csv -o real_location_data/s2c2/k10_r3_spalin-divide-beta3.txt --nInitials 10 --ultrametric --randomreps 3 --divide --radius 3
Optimization by Spalin-Divide: Scipy-SLSQP using spatial information
Optimizing branch lengths, phi, and nu without topology search
Initial point 1. Random seed: 3190
Solving with ultrametric constraint
Optimal point found for initial point 1
Negative llh: 171.72063396563917
Dropout rate: 4.735014098467017e-10
Silencing rate: 4.255552123807624e-10
Sigma: 1.353739766403846
Initial point 2. Random seed: 6382
Solving with ultrametric constraint
Optimal point found for initial point 2
Negative llh: 171.72099111997068
Dropout rate: 5.696769061218981e-10
Silencing rate: 8.728664206792519e-10
Sigma: 1.352867676631526
Initial point 3. Random seed: 5407
Solving with ultrametric constraint
Optimal point found for initial point 3
Negative llh: 171.72063411818837
Dropout rate: 1.7970190174595826e-09
Silencing rate: 1.1842400283919408e-09
Sigma: 1.353764646927414
Initial point 4. Random seed: 6977
Solving with ultrametric constraint
Optimal point found for initial point 4
Negative llh: 171.72063417859226
Dropout rate: 1e-10
Silencing rate: 1.323581462890996e-10
Sigma: 1.3537788997095916
Initial point 5. Random seed: 7047
Solving with ultrametric constraint
Optimal point found for initial point 5
Negative llh: 171.72063401734246
Dropout rate: 1e-10
Silencing rate: 1e-10
Sigma: 1.3537633298502505
Initial point 6. Random seed: 2671
Solving with ultrametric constraint
Optimal point found for initial point 6
Negative llh: 171.72063392290744
Dropout rate: 1e-10
Silencing rate: 1e-10
Sigma: 1.353709171155388
Initial point 7. Random seed: 3440
Solving with ultrametric constraint
Optimal point found for initial point 7
Negative llh: 171.72076478603702
Dropout rate: 9.762517114010326e-10
Silencing rate: 6.512616838978814e-10
Sigma: 1.3536923297404444
Initial point 8. Random seed: 6626
Solving with ultrametric constraint
Optimal point found for initial point 8
Negative llh: 171.72088974339187
Dropout rate: 1.0000000000000002e-10
Silencing rate: 1.0000000000000002e-10
Sigma: 1.3541872529788868
Initial point 9. Random seed: 8685
Solving with ultrametric constraint
Optimal point found for initial point 9
Negative llh: 171.72063494865256
Dropout rate: 9.248082901331433e-10
Silencing rate: 4.619571776779684e-09
Sigma: 1.3537849113798734
Initial point 10. Random seed: 5989
Solving with ultrametric constraint
Optimal point found for initial point 10
Negative llh: 171.72063387836474
Dropout rate: 5.603804306594106e-10
Silencing rate: 3.8270784102910746e-10
Sigma: 1.3537529024976074
Runtime (s): 593.7882869113237
