Launching Problin version 0.5b
Problin was called as follow: /u/gh2161/Spatial-Division/problin/run_problin.py -c real_location_data/s2c2/k10_r2_character_matrix.csv -t real_location_data/s2c2/true_tree.nwk -S real_location_data/s2c2/leaf_locations.txt --delimiter comma -p real_location_data/s2c2/k10_priors.csv -o real_location_data/s2c2/k10_r2_spalin-divide-beta10.txt --nInitials 10 --ultrametric --randomreps 3 --divide --radius 10
Optimization by Spalin-Divide: Scipy-SLSQP using spatial information
Optimizing branch lengths, phi, and nu without topology search
Initial point 1. Random seed: 5010
Solving with ultrametric constraint
Optimal point found for initial point 1
Negative llh: 170.04881551026392
Dropout rate: 3.515441241586644e-10
Silencing rate: 1.4148078092646203e-10
Sigma: 0.9949017806968331
Initial point 2. Random seed: 7264
Solving with ultrametric constraint
Optimal point found for initial point 2
Negative llh: 170.05233626481865
Dropout rate: 6.603069868410883e-10
Silencing rate: 1.48059138755396e-10
Sigma: 0.9956038220064968
Initial point 3. Random seed: 6222
Solving with ultrametric constraint
Optimal point found for initial point 3
Negative llh: 142.64769390793944
Dropout rate: 9.999999999999996e-11
Silencing rate: 9.999999999999996e-11
Sigma: 1.0415792310239556
Initial point 4. Random seed: 2612
Solving with ultrametric constraint
Optimal point found for initial point 4
Negative llh: 170.05183323310172
Dropout rate: 1e-10
Silencing rate: 1e-10
Sigma: 0.995637886627378
Initial point 5. Random seed: 4527
Solving with ultrametric constraint
Optimal point found for initial point 5
Negative llh: 170.05242333343634
Dropout rate: 1e-10
Silencing rate: 1e-10
Sigma: 0.9957456957243004
Initial point 6. Random seed: 7777
Solving with ultrametric constraint
Optimal point found for initial point 6
Negative llh: 142.64769383203276
Dropout rate: 6.393356394081116e-10
Silencing rate: 4.326782257088033e-10
Sigma: 1.041614054360326
Initial point 7. Random seed: 2470
Solving with ultrametric constraint
Optimal point found for initial point 7
Negative llh: 170.05178631036134
Dropout rate: 8.982235087289313e-10
Silencing rate: 2.1340802259507195e-10
Sigma: 0.9959489044087675
Initial point 8. Random seed: 541
Solving with ultrametric constraint
Optimal point found for initial point 8
Negative llh: 142.64829467926202
Dropout rate: 2.0107637992704825e-10
Silencing rate: 1.0010173355455923e-10
Sigma: 1.0412469169000036
Initial point 9. Random seed: 5398
Solving with ultrametric constraint
Optimal point found for initial point 9
Negative llh: 170.05246867571805
Dropout rate: 1.0000000000000002e-10
Silencing rate: 1e-10
Sigma: 0.9953651428939427
Initial point 10. Random seed: 881
Solving with ultrametric constraint
Optimal point found for initial point 10
Negative llh: 142.64769366296082
Dropout rate: 7.758710381473286e-10
Silencing rate: 4.882718962512278e-10
Sigma: 1.041619481777437
Runtime (s): 287.26922707259655
