Launching Problin version 0.5b
Problin was called as follow: /u/gh2161/Spatial-Division/problin/run_problin.py -c real_location_data/s2c2/k10_r4_character_matrix.csv -t real_location_data/s2c2/true_tree.nwk -S real_location_data/s2c2/leaf_locations.txt --delimiter comma -p real_location_data/s2c2/k10_priors.csv -o real_location_data/s2c2/k10_r4_spalin-divide-beta1.txt --nInitials 10 --ultrametric --randomreps 3 --divide --radius 1
Optimization by Spalin-Divide: Scipy-SLSQP using spatial information
Optimizing branch lengths, phi, and nu without topology search
Initial point 1. Random seed: 2871
Solving with ultrametric constraint
Optimal point found for initial point 1
Negative llh: 195.19518632315672
Dropout rate: 2.6483227730092607e-09
Silencing rate: 4.062956511138088e-09
Sigma: 1.423733260794085
Initial point 2. Random seed: 198
Solving with ultrametric constraint
Optimal point found for initial point 2
Negative llh: 195.195179152636
Dropout rate: 1.3193221110220474e-09
Silencing rate: 7.166371938262906e-10
Sigma: 1.4236305219847605
Initial point 3. Random seed: 7718
Solving with ultrametric constraint
Optimal point found for initial point 3
Negative llh: 195.1951968368832
Dropout rate: 1e-10
Silencing rate: 1e-10
Sigma: 1.4236954350654536
Initial point 4. Random seed: 6026
Solving with ultrametric constraint
Optimal point found for initial point 4
Negative llh: 195.19543131144712
Dropout rate: 9.999999999999996e-11
Silencing rate: 1.0000000000000002e-10
Sigma: 1.423974879359519
Initial point 5. Random seed: 502
Solving with ultrametric constraint
Optimal point found for initial point 5
Negative llh: 195.19520146796626
Dropout rate: 1e-10
Silencing rate: 4.7137019190418006e-07
Sigma: 1.423857320922309
Initial point 6. Random seed: 9037
Solving with ultrametric constraint
Optimal point found for initial point 6
Negative llh: 195.19515151898872
Dropout rate: 1.0000000000000007e-10
Silencing rate: 9.999999999999996e-11
Sigma: 1.423719706553848
Initial point 7. Random seed: 93
Solving with ultrametric constraint
Optimal point found for initial point 7
Negative llh: 195.1955729904205
Dropout rate: 1e-10
Silencing rate: 1e-10
Sigma: 1.4239320156454887
Initial point 8. Random seed: 2315
Solving with ultrametric constraint
Optimal point found for initial point 8
Negative llh: 195.1951509762265
Dropout rate: 1e-10
Silencing rate: 1e-10
Sigma: 1.423710869760548
Initial point 9. Random seed: 5772
Solving with ultrametric constraint
Optimal point found for initial point 9
Negative llh: 195.19517680503674
Dropout rate: 1e-10
Silencing rate: 1e-10
Sigma: 1.4237869493594304
Initial point 10. Random seed: 4728
Solving with ultrametric constraint
Optimal point found for initial point 10
Negative llh: 209.13172308072532
Dropout rate: 1.0000000000000007e-10
Silencing rate: 1.0000000000000007e-10
Sigma: 1.7057779787500345
Runtime (s): 418.69701196812093
