Launching Problin version 0.5b
Problin was called as follow: /u/gh2161/Spatial-Division/problin/run_problin.py -c real_location_data/s2c2/k10_r5_character_matrix.csv -t real_location_data/s2c2/true_tree.nwk -S real_location_data/s2c2/leaf_locations.txt --delimiter comma -p real_location_data/s2c2/k10_priors.csv -o real_location_data/s2c2/k10_r5_spalin-divide-beta6.txt --nInitials 10 --ultrametric --randomreps 3 --divide --given_beta 6 --incl_beta_bound
Optimization by Spalin-Divide: Scipy-SLSQP using spatial information
Optimizing branch lengths, phi, and nu without topology search
Initial point 1. Random seed: 3649
Solving with ultrametric constraint
Optimal point found for initial point 1
Negative llh: 167.9394579189607
Dropout rate: 1e-10
Silencing rate: 1e-10
Sigma: 4.441183671222647
Initial point 2. Random seed: 2700
Solving with ultrametric constraint
Optimal point found for initial point 2
Negative llh: 167.93945791249803
Dropout rate: 2.605590585623533e-10
Silencing rate: 1.7532135455644185e-10
Sigma: 4.441171122748738
Initial point 3. Random seed: 3100
Solving with ultrametric constraint
Optimal point found for initial point 3
Negative llh: 167.93945829244973
Dropout rate: 1e-10
Silencing rate: 1e-10
Sigma: 4.441213661190631
Initial point 4. Random seed: 4369
Solving with ultrametric constraint
Optimal point found for initial point 4
Negative llh: 167.9394588030372
Dropout rate: 6.255633493228585e-10
Silencing rate: 3.508692546097173e-10
Sigma: 4.441087740604396
Initial point 5. Random seed: 6603
Solving with ultrametric constraint
Optimal point found for initial point 5
Negative llh: 167.93946335203563
Dropout rate: 1.0000000000000002e-10
Silencing rate: 1.0000000000000002e-10
Sigma: 4.441208012207874
Initial point 6. Random seed: 6203
Solving with ultrametric constraint
Optimal point found for initial point 6
Negative llh: 167.9394578858549
Dropout rate: 1e-10
Silencing rate: 1e-10
Sigma: 4.441150826758748
Initial point 7. Random seed: 6930
Solving with ultrametric constraint
Optimal point found for initial point 7
Negative llh: 167.93945796188376
Dropout rate: 1e-10
Silencing rate: 1e-10
Sigma: 4.441177156104878
Initial point 8. Random seed: 6876
Solving with ultrametric constraint
Optimal point found for initial point 8
Negative llh: 167.9394589741348
Dropout rate: 4.1649714244943207e-10
Silencing rate: 3.8104485304994634e-10
Sigma: 4.441242326035403
Initial point 9. Random seed: 2092
Solving with ultrametric constraint
Optimal point found for initial point 9
Negative llh: 167.93946646347646
Dropout rate: 1e-10
Silencing rate: 1e-10
Sigma: 4.441242572835945
Initial point 10. Random seed: 1939
Solving with ultrametric constraint
Optimal point found for initial point 10
Negative llh: 167.9394591918214
Dropout rate: 9.999999999999996e-11
Silencing rate: 1.0000000000000002e-10
Sigma: 4.441179085983334
Runtime (s): 363.5333099318668
