Launching Problin version 0.5b
Problin was called as follow: /u/gh2161/Spatial-Division/problin/run_problin.py -c real_location_data/s2c2/k10_r4_character_matrix.csv -t real_location_data/s2c2/true_tree.nwk -S real_location_data/s2c2/leaf_locations.txt --delimiter comma -p real_location_data/s2c2/k10_priors.csv -o real_location_data/s2c2/k10_r4_spalin-divide-beta6.txt --nInitials 10 --ultrametric --randomreps 3 --divide --given_beta 6 --incl_beta_bound
Optimization by Spalin-Divide: Scipy-SLSQP using spatial information
Optimizing branch lengths, phi, and nu without topology search
Initial point 1. Random seed: 5712
Solving with ultrametric constraint
Optimal point found for initial point 1
Negative llh: 185.99594464303
Dropout rate: 1e-10
Silencing rate: 1e-10
Sigma: 4.353018419032808
Initial point 2. Random seed: 1111
Solving with ultrametric constraint
Optimal point found for initial point 2
Negative llh: 185.99594735956208
Dropout rate: 1.0852003151075958e-10
Silencing rate: 1.087980010551302e-10
Sigma: 4.35310831116305
Initial point 3. Random seed: 7588
Solving with ultrametric constraint
Optimal point found for initial point 3
Negative llh: 185.99594560128259
Dropout rate: 3.393131112972011e-10
Silencing rate: 2.38310290202445e-10
Sigma: 4.353150265915932
Initial point 4. Random seed: 4665
Solving with ultrametric constraint
Optimal point found for initial point 4
Negative llh: 185.99594674014585
Dropout rate: 1.4259352334591997e-10
Silencing rate: 1.2155567082824288e-10
Sigma: 4.353041310044868
Initial point 5. Random seed: 7651
Solving with ultrametric constraint
Optimal point found for initial point 5
Negative llh: 185.9959471563311
Dropout rate: 4.2641125810726994e-10
Silencing rate: 4.522098994039283e-10
Sigma: 4.3530967173098
Initial point 6. Random seed: 9583
Solving with ultrametric constraint
Optimal point found for initial point 6
Negative llh: 185.99594710024837
Dropout rate: 1e-10
Silencing rate: 1e-10
Sigma: 4.353070554871499
Initial point 7. Random seed: 5175
Solving with ultrametric constraint
Optimal point found for initial point 7
Negative llh: 185.99594481043104
Dropout rate: 1e-10
Silencing rate: 1e-10
Sigma: 4.353107560247101
Initial point 8. Random seed: 8347
Solving with ultrametric constraint
Optimal point found for initial point 8
Negative llh: 185.9959481535044
Dropout rate: 1.611205703258797e-10
Silencing rate: 1.287726191859283e-10
Sigma: 4.353203509865684
Initial point 9. Random seed: 5380
Solving with ultrametric constraint
Optimal point found for initial point 9
Negative llh: 185.99594450049688
Dropout rate: 1.0000000000000007e-10
Silencing rate: 1.0000000000000007e-10
Sigma: 4.353110203831738
Initial point 10. Random seed: 1209
Solving with ultrametric constraint
Optimal point found for initial point 10
Negative llh: 185.99594562807476
Dropout rate: 1.242694209295217e-10
Silencing rate: 1.1230545485136357e-10
Sigma: 4.353139689992392
Runtime (s): 636.9459796019364
