Launching Problin version 0.5b
Problin was called as follow: /u/gh2161/Spatial-Division/problin/run_problin.py -c real_location_data/s2c2/k10_r5_character_matrix.csv -t real_location_data/s2c2/true_tree.nwk -S real_location_data/s2c2/leaf_locations.txt --delimiter comma -p real_location_data/s2c2/k10_priors.csv -o real_location_data/s2c2/k10_r5_spalin-divide-ignore-beta.txt --nInitials 10 --ultrametric --randomreps 3 --divide
Optimization by Spalin-Divide: Scipy-SLSQP using spatial information
Optimizing branch lengths, phi, and nu without topology search
We need to optimize the radius
Initial point 1. Random seed: 2829
Solving with ultrametric constraint
Optimal point found for initial point 1
Negative llh: 164.44002019371052
Dropout rate: 3.4428833010540965e-10
Silencing rate: 1.6937356508875184e-10
Sigma: 0.8000689542657081
Lambda: 0.0009767105309977037
Initial point 2. Random seed: 5346
Solving with ultrametric constraint
Optimal point found for initial point 2
Negative llh: 146.3402474743989
Dropout rate: 9.999999999999996e-11
Silencing rate: 1.0000000000000002e-10
Sigma: 0.8413965104372445
Lambda: 0.005158094281944203
Initial point 3. Random seed: 9829
Solving with ultrametric constraint
Optimal point found for initial point 3
Negative llh: 146.33977681927163
Dropout rate: 1.1280422969043267e-09
Silencing rate: 1.0256346611242827e-10
Sigma: 0.8411042345053481
Lambda: 0.005158240550618042
Initial point 4. Random seed: 54
Solving with ultrametric constraint
Optimal point found for initial point 4
Negative llh: 146.34010647602568
Dropout rate: 1e-10
Silencing rate: 1e-10
Sigma: 0.8409293993587745
Lambda: 0.005151260811465683
Initial point 5. Random seed: 3662
Solving with ultrametric constraint
Optimal point found for initial point 5
Negative llh: 146.3397523028615
Dropout rate: 1.0000000000000002e-10
Silencing rate: 9.999999999999996e-11
Sigma: 0.8411100514262607
Lambda: 0.0051576386297721485
Initial point 6. Random seed: 5535
Solving with ultrametric constraint
Optimal point found for initial point 6
Negative llh: 146.33980591178536
Dropout rate: 1.3747924233546882e-09
Silencing rate: 5.552906536923141e-10
Sigma: 0.8410029830515733
Lambda: 0.005154326944826976
Initial point 7. Random seed: 5103
Solving with ultrametric constraint
Optimal point found for initial point 7
Negative llh: 146.33986725684514
Dropout rate: 5.929587033775819e-10
Silencing rate: 1.2037996754353877e-10
Sigma: 0.8409497602762896
Lambda: 0.005155171822017304
Initial point 8. Random seed: 4499
Solving with ultrametric constraint
Optimal point found for initial point 8
Negative llh: 164.43946391171943
Dropout rate: 1.5734218300130854e-10
Silencing rate: 1.144582476711778e-10
Sigma: 0.8004629380617283
Lambda: 0.0009767246169582941
Initial point 9. Random seed: 3974
Solving with ultrametric constraint
Optimal point found for initial point 9
Negative llh: 164.48165082660682
Dropout rate: 1e-10
Silencing rate: 1e-10
Sigma: 0.8004058529716279
Lambda: 0.0009744188944202178
Initial point 10. Random seed: 6771
Solving with ultrametric constraint
Optimal point found for initial point 10
Negative llh: 146.33999259293932
Dropout rate: 1e-10
Silencing rate: 1e-10
Sigma: 0.8409447239926857
Lambda: 0.005161417182816062
{'lambda_param': 0.0051576386297721485, 'phi': 1.0000000000000002e-10, 'nu': 9.999999999999996e-11, 'sigma': 0.8411100514262607, 'locations': {'216_16': (391.0, 281.0), '216_15': (411.0, 302.0), '216_13': (389.0, 339.0), '216_12': (418.0, 314.0), '216_11': (387.0, 315.0), '216_10': (379.0, 350.0), '216_9': (418.0, 335.0), '216_8': (357.0, 312.0), '216_7': (348.0, 332.0), '216_4': (364.0, 353.0), '216_3': (339.0, 358.0), '216_2': (344.0, 371.0), '216_1': (366.0, 373.0)}, 'radius': 14.56916787460948, 'thetas': {'182_1': 0.09065256329198665, '187_3': 2.944206313981805, '133_1': 1.3871283910270875, '184_5': 1.9936175328985855, '82_1': 1.5922852809364985, '180_5': 5.916017940234425, '186_9': 3.1093481071212783, '136_4': 1.7160163269297037, '197_14': 7.092968401533034, '150_7': 4.960346332866434, '85_3': 1.2544709427408773, '30_1': 2.711971223516155}}
Runtime (s): 282.5205284189433
