Launching Problin version 0.5b
Problin was called as follow: /u/gh2161/Spatial-Division/problin/run_problin.py -c simulated_seq_simulated_loc/s5c10/k200_character_matrix.csv -t simulated_seq_simulated_loc/s5c10/true_tree.nwk --delimiter comma -p simulated_seq_simulated_loc/s5c10/k200_priors.csv -o simulated_seq_simulated_loc/s5c10/k200_problin.txt --nInitials 10 --ultrametric --randomreps 3
Optimization by EM algorithm
Optimizing branch lengths, phi, and nu without topology search
Initial point 1. Random seed: 885
Solving with ultrametric constraint
Initial phi: 0.7594569375410052. Initial nu: 0.631438489105911. Initial nllh: 364938.14443370624
EM finished after 13 iterations.
Optimal point found for initial point 1
Negative llh: 2583.9749046448787
Dropout rate: 0
Silencing rate: 4.5355536933499404e-08
Initial point 2. Random seed: 8936
Solving with ultrametric constraint
Initial phi: 0.4551404994358927. Initial nu: 0.21640049545553758. Initial nllh: 6201.549275899503
EM finished after 10 iterations.
Optimal point found for initial point 2
Negative llh: 2583.974900188093
Dropout rate: 0
Silencing rate: 4.6427128903891136e-08
Initial point 3. Random seed: 2772
Solving with ultrametric constraint
Initial phi: 0.75662060909464. Initial nu: 0.20998781141817463. Initial nllh: 10378.632002988186
EM finished after 10 iterations.
Optimal point found for initial point 3
Negative llh: 2583.9748987824146
Dropout rate: 0
Silencing rate: 4.578466323337755e-08
Initial point 4. Random seed: 8833
Solving with ultrametric constraint
Initial phi: 0.5980666901012911. Initial nu: 0.3255490975849323. Initial nllh: 8015.618589087048
EM finished after 11 iterations.
Optimal point found for initial point 4
Negative llh: 2583.974889107964
Dropout rate: 0
Silencing rate: 4.130341844065244e-08
Initial point 5. Random seed: 7404
Solving with ultrametric constraint
Initial phi: 0.2089953386713321. Initial nu: 0.4896016482431254. Initial nllh: 4843.847058303274
EM finished after 12 iterations.
Optimal point found for initial point 5
Negative llh: 2583.9748921552377
Dropout rate: 0
Silencing rate: 4.333532043212857e-08
Initial point 6. Random seed: 5882
Solving with ultrametric constraint
Initial phi: 0.3965327612575247. Initial nu: 0.48956502085026943. Initial nllh: 6250.952527121265
EM finished after 12 iterations.
Optimal point found for initial point 6
Negative llh: 2583.9748955899972
Dropout rate: 0
Silencing rate: 4.507303391390996e-08
Initial point 7. Random seed: 8514
Solving with ultrametric constraint
Initial phi: 0.14967873191076547. Initial nu: 0.043440532239235836. Initial nllh: 3519.447845059418
EM finished after 6 iterations.
Optimal point found for initial point 7
Negative llh: 2583.974907843025
Dropout rate: 0
Silencing rate: 4.535739128479803e-08
Initial point 8. Random seed: 8669
Solving with ultrametric constraint
Initial phi: 0.9769539523075534. Initial nu: 0.07739506397719427. Initial nllh: 22353.846277318917
EM finished after 8 iterations.
Optimal point found for initial point 8
Negative llh: 2583.9748840920715
Dropout rate: 0
Silencing rate: 3.9145250127907664e-08
Initial point 9. Random seed: 9329
Solving with ultrametric constraint
Initial phi: 0.7001699590947855. Initial nu: 0.9413019175435913. Initial nllh: 10848.458408631801
EM finished after 12 iterations.
Optimal point found for initial point 9
Negative llh: 2583.9749001330615
Dropout rate: 0
Silencing rate: 4.5096234952307606e-08
Initial point 10. Random seed: 1646
Solving with ultrametric constraint
Initial phi: 0.8168492358644214. Initial nu: 0.17392062457471014. Initial nllh: 11780.387563600123
EM finished after 9 iterations.
Optimal point found for initial point 10
Negative llh: 2583.9749036464254
Dropout rate: 0
Silencing rate: 4.535731073404261e-08
Runtime (s): 25.30313581903465
