Launching Problin version 0.5b
Problin was called as follow: /u/gh2161/Spatial-Division/problin/run_problin.py -c real_location_data/s3c3/k10_r3_character_matrix.csv -t real_location_data/s3c3/true_tree.nwk -S real_location_data/s3c3/leaf_locations.txt --delimiter comma -p real_location_data/s3c3/k10_priors.csv -o real_location_data/s3c3/k10_r3_spalin-divide-beta10.txt --nInitials 10 --ultrametric --randomreps 3 --divide --radius 10
Optimization by Spalin-Divide: Scipy-SLSQP using spatial information
Optimizing branch lengths, phi, and nu without topology search
Initial point 1. Random seed: 5595
Solving with ultrametric constraint
Optimal point found for initial point 1
Negative llh: 108.1344601452062
Dropout rate: 1e-10
Silencing rate: 1e-10
Sigma: 0.6133968981874341
Initial point 2. Random seed: 3570
Solving with ultrametric constraint
Optimal point found for initial point 2
Negative llh: 108.13599339893872
Dropout rate: 1.1805875046248096e-10
Silencing rate: 1.0109685266734537e-10
Sigma: 0.6141011435572615
Initial point 3. Random seed: 1620
Solving with ultrametric constraint
Optimal point found for initial point 3
Negative llh: 108.13446125591707
Dropout rate: 2.8799550302309456e-10
Silencing rate: 1.0059862402139703e-10
Sigma: 0.6134274175605436
Initial point 4. Random seed: 1959
Solving with ultrametric constraint
Optimal point found for initial point 4
Negative llh: 108.13456470752132
Dropout rate: 2.158095552130516e-10
Silencing rate: 1.0049062076576504e-10
Sigma: 0.6134706622778167
Initial point 5. Random seed: 1200
Solving with ultrametric constraint
Optimal point found for initial point 5
Negative llh: 108.13445998149857
Dropout rate: 1.4566636296471746e-10
Silencing rate: 1.0000217483073328e-10
Sigma: 0.6134249572129299
Initial point 6. Random seed: 7733
Solving with ultrametric constraint
Optimal point found for initial point 6
Negative llh: 108.1344600052615
Dropout rate: 1.0593686795246288e-09
Silencing rate: 8.557038342486955e-10
Sigma: 0.6134150621129166
Initial point 7. Random seed: 298
Solving with ultrametric constraint
Optimal point found for initial point 7
Negative llh: 108.13445988805807
Dropout rate: 1.5595625296104905e-10
Silencing rate: 1.2548558622305248e-10
Sigma: 0.6134187464116091
Initial point 8. Random seed: 8518
Solving with ultrametric constraint
Optimal point found for initial point 8
Negative llh: 108.13446005363028
Dropout rate: 1e-10
Silencing rate: 1e-10
Sigma: 0.6134114361403324
Initial point 9. Random seed: 9633
Solving with ultrametric constraint
Optimal point found for initial point 9
Negative llh: 108.13451291351895
Dropout rate: 1e-10
Silencing rate: 1e-10
Sigma: 0.6134927299697137
Initial point 10. Random seed: 3322
Solving with ultrametric constraint
Optimal point found for initial point 10
Negative llh: 108.1344598661226
Dropout rate: 1e-10
Silencing rate: 1e-10
Sigma: 0.6134152086006186
Runtime (s): 183.1620139023289
