Launching Problin version 0.5b
Problin was called as follow: /u/gh2161/Spatial-Division/problin/run_problin.py -c real_location_data/s21c4/k10_r2_character_matrix.csv -t real_location_data/s21c4/true_tree.nwk -S real_location_data/s21c4/leaf_locations.txt --delimiter comma -p real_location_data/s21c4/k10_priors.csv -o real_location_data/s21c4/k10_r2_spalin-spatialonly.txt --nInitials 10 --ultrametric --randomreps 3 --spatial_only
Optimization by Spalin: Scipy-SLSQP using spatial information
Optimizing branch lengths, phi, and nu without topology search
only spatial
Initial point 1. Random seed: 6253
Solving with ultrametric constraint
Optimal point found for initial point 1
Negative llh: 214.24637503216866
Dropout rate: 0.13520096125790992
Silencing rate: 0.5633390980722921
Sigma: 3.7610231928607356
Lambda: 1.0
Initial point 2. Random seed: 973
Solving with ultrametric constraint
Optimal point found for initial point 2
Negative llh: 214.24637503216866
Dropout rate: 0.8680814662425907
Silencing rate: 0.7192494435475741
Sigma: 3.7610231928607356
Lambda: 1.0
Initial point 3. Random seed: 8921
Solving with ultrametric constraint
Optimal point found for initial point 3
Negative llh: 214.24637503216866
Dropout rate: 0.2509631747458392
Silencing rate: 0.510094201135818
Sigma: 3.7610231928607356
Lambda: 1.0
Initial point 4. Random seed: 8675
Solving with ultrametric constraint
Optimal point found for initial point 4
Negative llh: 214.24637503216866
Dropout rate: 0.27025362905439326
Silencing rate: 0.5573055711722117
Sigma: 3.7610231928607356
Lambda: 1.0
Initial point 5. Random seed: 5470
Solving with ultrametric constraint
Optimal point found for initial point 5
Negative llh: 214.24637503216866
Dropout rate: 0.0446476323534792
Silencing rate: 0.555991563677195
Sigma: 3.7610231928607356
Lambda: 1.0
Initial point 6. Random seed: 427
Solving with ultrametric constraint
Optimal point found for initial point 6
Negative llh: 214.24637503216866
Dropout rate: 0.8310285796949433
Silencing rate: 0.8878110566831112
Sigma: 3.7610231928607356
Lambda: 1.0
Initial point 7. Random seed: 2938
Solving with ultrametric constraint
Optimal point found for initial point 7
Negative llh: 214.24637503216866
Dropout rate: 0.48532052061355
Silencing rate: 0.039412792601847636
Sigma: 3.7610231928607356
Lambda: 1.0
Initial point 8. Random seed: 9779
Solving with ultrametric constraint
Optimal point found for initial point 8
Negative llh: 214.24637503216866
Dropout rate: 0.6073468668748889
Silencing rate: 0.6953312011894038
Sigma: 3.7610231928607356
Lambda: 1.0
Initial point 9. Random seed: 9621
Solving with ultrametric constraint
Optimal point found for initial point 9
Negative llh: 214.24637503216866
Dropout rate: 0.1846485238506092
Silencing rate: 0.5177336332412208
Sigma: 3.7610231928607356
Lambda: 1.0
Initial point 10. Random seed: 9805
Solving with ultrametric constraint
Optimal point found for initial point 10
Negative llh: 214.24637503216866
Dropout rate: 0.11188903043398449
Silencing rate: 0.6788852191164491
Sigma: 3.7610231928607356
Lambda: 1.0
{'lambda_param': 1.0, 'phi': 0.13520096125790992, 'nu': 0.5633390980722921, 'sigma': 3.7610231928607356, 'locations': {'216_24': (282.0, 101.0), '216_23': (287.0, 108.0), '216_22': (297.0, 135.0), '216_21': (301.0, 151.0), '216_20': (310.0, 142.0), '216_19': (328.0, 153.0), '216_18': (307.0, 160.0), '216_17': (299.0, 181.0), '216_28': (316.0, 182.0), '216_27': (324.0, 202.0), '216_26': (312.0, 204.0), '216_25': (321.0, 226.0), '216_32': (349.0, 113.0), '216_31': (355.0, 138.0), '216_30': (345.0, 153.0), '216_29': (350.0, 178.0), '216_14': (285.0, 158.0), '216_13': (283.0, 173.0), '216_16': (268.0, 140.0), '216_15': (275.0, 147.0), '216_12': (299.0, 202.0), '216_11': (305.0, 216.0), '216_10': (274.0, 236.0), '216_9': (289.0, 242.0), '216_2': (297.0, 228.0), '216_1': (306.0, 251.0), '216_4': (330.0, 213.0), '216_3': (329.0, 237.0), '216_8': (359.0, 158.0), '216_7': (341.0, 143.0), '216_6': (311.0, 171.0), '216_5': (332.0, 176.0)}}
Runtime (s): 702.4083363097161
