Launching Problin version 0.5b
Problin was called as follow: /u/gh2161/Spatial-Division/problin/run_problin.py -c real_location_data/s21c4/k10_r5_character_matrix.csv -t real_location_data/s21c4/true_tree.nwk --delimiter comma -p real_location_data/s21c4/k10_priors.csv -o real_location_data/s21c4/k10_r5_problin.txt --nInitials 10 --ultrametric --randomreps 3 --solver Scipy
Optimization by generic solver (Scipy-SLSQP)
Optimizing branch lengths, phi, and nu without topology search
Initial point 1. Random seed: 4092
Solving with ultrametric constraint
Optimal point found for initial point 1
Negative llh: 101.19262774123027
Dropout rate: 1.0000000000000007e-10
Silencing rate: 1.0000000000000007e-10
Lambda: 0.008620243459773053
Initial point 2. Random seed: 2849
Solving with ultrametric constraint
Optimal point found for initial point 2
Negative llh: 101.18962478587375
Dropout rate: 1e-10
Silencing rate: 1e-10
Lambda: 0.0086087929015815
Initial point 3. Random seed: 9096
Solving with ultrametric constraint
Optimal point found for initial point 3
Negative llh: 101.18944190755957
Dropout rate: 1e-10
Silencing rate: 1e-10
Lambda: 0.008609964500810672
Initial point 4. Random seed: 442
Solving with ultrametric constraint
Optimal point found for initial point 4
Negative llh: 101.19076744841213
Dropout rate: 1e-10
Silencing rate: 1e-10
Lambda: 0.00861631512770584
Initial point 5. Random seed: 7116
Solving with ultrametric constraint
Optimal point found for initial point 5
Negative llh: 101.19016278991869
Dropout rate: 1.397054530629951e-09
Silencing rate: 3.748361911890078e-09
Lambda: 0.008612235515154016
Initial point 6. Random seed: 7567
Solving with ultrametric constraint
Optimal point found for initial point 6
Negative llh: 101.18941508634843
Dropout rate: 1.0000000000000007e-10
Silencing rate: 1.0000000000000007e-10
Lambda: 0.008608239335221961
Initial point 7. Random seed: 9074
Solving with ultrametric constraint
Optimal point found for initial point 7
Negative llh: 101.18974836078017
Dropout rate: 2.4679996040316544e-09
Silencing rate: 1.2863682057087818e-09
Lambda: 0.008607948477742924
Initial point 8. Random seed: 4261
Solving with ultrametric constraint
Optimal point found for initial point 8
Negative llh: 101.18938875450498
Dropout rate: 1.000000000000009e-10
Silencing rate: 9.999999999999924e-11
Lambda: 0.008608210584129342
Initial point 9. Random seed: 5562
Solving with ultrametric constraint
Optimal point found for initial point 9
Negative llh: 101.18994358262539
Dropout rate: 1e-10
Silencing rate: 1e-10
Lambda: 0.008601944108950415
Initial point 10. Random seed: 7162
Solving with ultrametric constraint
Optimal point found for initial point 10
Negative llh: 101.18924262301238
Dropout rate: 1e-10
Silencing rate: 1e-10
Lambda: 0.0086084152168769
{'phi': 1e-10, 'nu': 1e-10, 'lambda_param': 0.0086084152168769}
Runtime (s): 707.7174569210038
