Launching Problin version 0.5b
Problin was called as follow: /u/gh2161/Spatial-Division/problin/run_problin.py -c real_location_data/s21c4/k10_r5_character_matrix.csv -t real_location_data/s21c4/true_tree.nwk -S real_location_data/s21c4/leaf_locations.txt --delimiter comma -p real_location_data/s21c4/k10_priors.csv -o real_location_data/s21c4/k10_r5_spalin-divide-beta1.txt --nInitials 10 --ultrametric --randomreps 3 --divide --radius 1
Optimization by Spalin-Divide: Scipy-SLSQP using spatial information
Optimizing branch lengths, phi, and nu without topology search
Initial point 1. Random seed: 1291
Solving with ultrametric constraint
Optimal point found for initial point 1
Negative llh: 377.4519011380254
Dropout rate: 1.1014312128548635e-09
Silencing rate: 1.1407646219956448e-09
Sigma: 1.6496231552690432
Initial point 2. Random seed: 2925
Solving with ultrametric constraint
Optimal point found for initial point 2
Negative llh: 377.4515390350913
Dropout rate: 1.0000000000000007e-10
Silencing rate: 1e-10
Sigma: 1.6496442477812598
Initial point 3. Random seed: 6538
Solving with ultrametric constraint
Fatal: failed to optimize using initial point 3
Initial point 4. Random seed: 8647
Solving with ultrametric constraint
Optimal point found for initial point 4
Negative llh: 377.4515982824053
Dropout rate: 1e-10
Silencing rate: 1e-10
Sigma: 1.6498172391884218
Initial point 5. Random seed: 3628
Solving with ultrametric constraint
Optimal point found for initial point 5
Negative llh: 377.6589920979768
Dropout rate: 1.046068937519164e-09
Silencing rate: 1.0607278502118845e-10
Sigma: 1.6332373742302178
Initial point 6. Random seed: 1212
Solving with ultrametric constraint
Optimal point found for initial point 6
Negative llh: 377.45163593544055
Dropout rate: 5.813702424197821e-09
Silencing rate: 2.9715371686157338e-09
Sigma: 1.649655041596447
Initial point 7. Random seed: 4705
Solving with ultrametric constraint
Optimal point found for initial point 7
Negative llh: 377.4518846905867
Dropout rate: 1e-10
Silencing rate: 1e-10
Sigma: 1.6497629685088357
Initial point 8. Random seed: 3069
Solving with ultrametric constraint
Optimal point found for initial point 8
Negative llh: 377.45188925039236
Dropout rate: 7.685660031310944e-09
Silencing rate: 4.929529114533157e-09
Sigma: 1.6494660346212557
Initial point 9. Random seed: 6872
Solving with ultrametric constraint
Optimal point found for initial point 9
Negative llh: 377.4519502411694
Dropout rate: 2.3709997594202663e-09
Silencing rate: 1.0014160362371112e-10
Sigma: 1.649339364198157
Initial point 10. Random seed: 3175
Solving with ultrametric constraint
Optimal point found for initial point 10
Negative llh: 377.45162900703383
Dropout rate: 5.004949213442598e-09
Silencing rate: 2.5748371093880356e-09
Sigma: 1.6495523238624463
Runtime (s): 5007.257285138592
