Launching Problin version 0.5b
Problin was called as follow: /u/gh2161/Spatial-Division/problin/run_problin.py -c real_location_data/s21c4/k10_r2_character_matrix.csv -t real_location_data/s21c4/true_tree.nwk -S real_location_data/s21c4/leaf_locations.txt --delimiter comma -p real_location_data/s21c4/k10_priors.csv -o real_location_data/s21c4/k10_r2_spalin-divide-beta1.txt --nInitials 10 --ultrametric --randomreps 3 --divide --radius 1
Optimization by Spalin-Divide: Scipy-SLSQP using spatial information
Optimizing branch lengths, phi, and nu without topology search
Initial point 1. Random seed: 3999
Solving with ultrametric constraint
Optimal point found for initial point 1
Negative llh: 405.0452038446341
Dropout rate: 5.760921127725078e-09
Silencing rate: 1.002394937818884e-10
Sigma: 1.6054257661774254
Initial point 2. Random seed: 8279
Solving with ultrametric constraint
Optimal point found for initial point 2
Negative llh: 405.0451139873422
Dropout rate: 6.849889454276946e-09
Silencing rate: 3.0685737738863145e-09
Sigma: 1.6055591490250345
Initial point 3. Random seed: 1514
Solving with ultrametric constraint
Optimal point found for initial point 3
Negative llh: 405.04543704230434
Dropout rate: 1e-10
Silencing rate: 1e-10
Sigma: 1.6052653097879457
Initial point 4. Random seed: 9989
Solving with ultrametric constraint
Optimal point found for initial point 4
Negative llh: 405.045410062294
Dropout rate: 1e-10
Silencing rate: 1e-10
Sigma: 1.6052790685796496
Initial point 5. Random seed: 2778
Solving with ultrametric constraint
Optimal point found for initial point 5
Negative llh: 405.0452512024523
Dropout rate: 1.0003720117547352e-10
Silencing rate: 1.000139978340031e-10
Sigma: 1.6056885592330294
Initial point 6. Random seed: 4703
Solving with ultrametric constraint
Optimal point found for initial point 6
Negative llh: 405.0451854912982
Dropout rate: 5.433210873908966e-09
Silencing rate: 2.199155888385335e-09
Sigma: 1.6059610282885155
Initial point 7. Random seed: 2922
Solving with ultrametric constraint
Optimal point found for initial point 7
Negative llh: 405.0451542179437
Dropout rate: 1e-10
Silencing rate: 1e-10
Sigma: 1.6055146375171256
Initial point 8. Random seed: 2629
Solving with ultrametric constraint
Optimal point found for initial point 8
Negative llh: 405.0453521351566
Dropout rate: 6.528076989719564e-10
Silencing rate: 1.000292174246328e-10
Sigma: 1.6053636448154451
Initial point 9. Random seed: 5530
Solving with ultrametric constraint
Optimal point found for initial point 9
Negative llh: 405.0452007864584
Dropout rate: 7.4278700437714494e-09
Silencing rate: 1.0054514189085586e-10
Sigma: 1.6056305732081206
Initial point 10. Random seed: 2945
Solving with ultrametric constraint
Optimal point found for initial point 10
Negative llh: 405.0451975462641
Dropout rate: 8.403907626663215e-10
Silencing rate: 6.490006650442555e-10
Sigma: 1.6059126262452954
Runtime (s): 3861.23957015574
