Launching Problin version 0.5b
Problin was called as follow: /u/gh2161/Spatial-Division/problin/run_problin.py -c intmem_real_data/s5c2/characters.txt -t intmem_real_data/s5c2/true_tree.nwk -S intmem_real_data/s5c2/leaf_locations.txt --delimiter comma -p intmem_real_data/s5c2/prior.csv -o intmem_real_data/s5c2/spalin-divide-beta1.txt --nInitials 10 --ultrametric --randomreps 3 --divide --radius 1
Optimization by Spalin-Divide: Scipy-SLSQP using spatial information
Optimizing branch lengths, phi, and nu without topology search
Initial point 1. Random seed: 9921
Solving with ultrametric constraint
Optimal point found for initial point 1
Negative llh: 122.95246977656723
Dropout rate: 1e-10
Silencing rate: 1e-10
Sigma: 1.7239311423128287
Lambda: 0.015835818558689253
Initial point 2. Random seed: 9165
Solving with ultrametric constraint
Optimal point found for initial point 2
Negative llh: 122.95188818396625
Dropout rate: 6.767041199982203e-10
Silencing rate: 1.0016953353030361e-10
Sigma: 1.723289004445226
Lambda: 0.015870583243131953
Initial point 3. Random seed: 9724
Solving with ultrametric constraint
Optimal point found for initial point 3
Negative llh: 122.95184664483008
Dropout rate: 1e-10
Silencing rate: 1e-10
Sigma: 1.723180946486316
Lambda: 0.01585967829197049
Initial point 4. Random seed: 9940
Solving with ultrametric constraint
Optimal point found for initial point 4
Negative llh: 122.95185512585755
Dropout rate: 3.228091572028782e-10
Silencing rate: 1.0014604981236989e-10
Sigma: 1.7229847081136898
Lambda: 0.01586379972373387
Initial point 5. Random seed: 2769
Solving with ultrametric constraint
Optimal point found for initial point 5
Negative llh: 122.95184540425737
Dropout rate: 1.2658741477638246e-10
Silencing rate: 1.0000812373100684e-10
Sigma: 1.723193501983933
Lambda: 0.015860206884119606
Initial point 6. Random seed: 4460
Solving with ultrametric constraint
Optimal point found for initial point 6
Negative llh: 122.95184533667222
Dropout rate: 1e-10
Silencing rate: 1e-10
Sigma: 1.7232310667498376
Lambda: 0.01586041556436871
Initial point 7. Random seed: 7294
Solving with ultrametric constraint
Optimal point found for initial point 7
Negative llh: 149.32908465717816
Dropout rate: 1.0000000000000002e-10
Silencing rate: 1e-10
Sigma: 1.8368531700732176
Lambda: 0.0009769403042785552
Initial point 8. Random seed: 913
Solving with ultrametric constraint
Optimal point found for initial point 8
Negative llh: 149.32879189681557
Dropout rate: 3.643598758752994e-10
Silencing rate: 1.2021817061880807e-10
Sigma: 1.835690289348689
Lambda: 0.0009769640685578411
Initial point 9. Random seed: 1425
Solving with ultrametric constraint
Optimal point found for initial point 9
Negative llh: 122.95243940340339
Dropout rate: 1.2808886154886603e-10
Silencing rate: 1.000079806656805e-10
Sigma: 1.7213651693840413
Lambda: 0.015844758589952587
Initial point 10. Random seed: 5597
Solving with ultrametric constraint
Optimal point found for initial point 10
Negative llh: 149.3291744306367
Dropout rate: 7.062587953535871e-10
Silencing rate: 2.706913187927075e-10
Sigma: 1.8366004894245034
Lambda: 0.0009769358738090036
{'lambda_param': 0.01586041556436871, 'phi': 1e-10, 'nu': 1e-10, 'sigma': 1.7232310667498376, 'locations': {'216_10': (386.0, 445.0), '216_9': (355.0, 433.0), '216_15': (357.0, 410.0), '216_14': (299.0, 417.0), '216_13': (324.0, 431.0), '216_2': (308.0, 407.0), '216_1': (290.0, 405.0), '216_4': (324.0, 403.0), '216_3': (325.0, 417.0), '216_6': (369.0, 402.0), '216_5': (383.0, 416.0), '216_7': (408.0, 438.0)}, 'radius': 1.0, 'thetas': {'189_3': 7.068687359052761, '146_2': -14.954297814387383, '193_2': 7.782642331920989, '194_1': 3.2522366735820234, '150_1': -244.88616980381883, '93_1': 0.20711475142977634, '187_7': -5.772762718139023, '150_5': 15.41707764672223, '193_7': 104.04191043138361, '93_2': -166.00751710150232, '45_1': -8.38986287832187}}
Runtime (s): 527.5395041685551
