Launching Problin version 0.5b
Problin was called as follow: /u/gh2161/Spatial-Division/problin/run_problin.py -c real_location_data/s17c1/k10_r3_character_matrix.csv -t real_location_data/s17c1/true_tree.nwk -S real_location_data/s17c1/leaf_locations.txt --delimiter comma -p real_location_data/s17c1/k10_priors.csv -o real_location_data/s17c1/k10_r3_spalin-divide-beta6.txt --nInitials 10 --ultrametric --randomreps 3 --divide --given_beta 6 --incl_beta_bound
Optimization by Spalin-Divide: Scipy-SLSQP using spatial information
Optimizing branch lengths, phi, and nu without topology search
Initial point 1. Random seed: 9964
Solving with ultrametric constraint
Optimal point found for initial point 1
Negative llh: 242.76817639167166
Dropout rate: 1e-10
Silencing rate: 1e-10
Sigma: 3.038891496401516
Initial point 2. Random seed: 6088
Solving with ultrametric constraint
Optimal point found for initial point 2
Negative llh: 242.7681766421536
Dropout rate: 1.0436318775776434e-10
Silencing rate: 1.020616949239947e-10
Sigma: 3.0388426434642843
Initial point 3. Random seed: 7540
Solving with ultrametric constraint
Optimal point found for initial point 3
Negative llh: 242.76818046707297
Dropout rate: 9.999999999999996e-11
Silencing rate: 1.0000000000000002e-10
Sigma: 3.038863063234228
Initial point 4. Random seed: 4587
Solving with ultrametric constraint
Optimal point found for initial point 4
Negative llh: 242.76817636484105
Dropout rate: 1.0000000000000007e-10
Silencing rate: 9.999999999999996e-11
Sigma: 3.038891020398505
Initial point 5. Random seed: 3847
Solving with ultrametric constraint
Optimal point found for initial point 5
Negative llh: 242.76817663108596
Dropout rate: 1.0109208187056892e-09
Silencing rate: 6.77866946218079e-10
Sigma: 3.0388603445271327
Initial point 6. Random seed: 826
Solving with ultrametric constraint
Optimal point found for initial point 6
Negative llh: 242.76817638487677
Dropout rate: 6.613495712336203e-10
Silencing rate: 2.508920493969551e-10
Sigma: 3.038896724396656
Initial point 7. Random seed: 5071
Solving with ultrametric constraint
Optimal point found for initial point 7
Negative llh: 242.76817833330705
Dropout rate: 6.921333090837571e-10
Silencing rate: 5.65262009732581e-10
Sigma: 3.038781861470272
Initial point 8. Random seed: 1898
Solving with ultrametric constraint
Optimal point found for initial point 8
Negative llh: 242.76817790375233
Dropout rate: 3.1680383451914333e-09
Silencing rate: 9.457729199076377e-10
Sigma: 3.038785009749442
Initial point 9. Random seed: 8982
Solving with ultrametric constraint
Optimal point found for initial point 9
Negative llh: 242.7681767241376
Dropout rate: 1.0000000000000007e-10
Silencing rate: 9.999999999999996e-11
Sigma: 3.038888346553346
Initial point 10. Random seed: 2102
Solving with ultrametric constraint
Optimal point found for initial point 10
Negative llh: 242.76817620027856
Dropout rate: 1e-10
Silencing rate: 1e-10
Sigma: 3.0388782477525926
Runtime (s): 1014.2153348205611
