Launching Problin version 0.5b
Problin was called as follow: /u/gh2161/Spatial-Division/problin/run_problin.py -c real_location_data/s17c1/k10_r1_character_matrix.csv -t real_location_data/s17c1/true_tree.nwk -S real_location_data/s17c1/leaf_locations.txt --delimiter comma -p real_location_data/s17c1/k10_priors.csv -o real_location_data/s17c1/k10_r1_spalin-divide-beta9.txt --nInitials 10 --ultrametric --randomreps 3 --divide --given_beta 9 --incl_beta_bound
Optimization by Spalin-Divide: Scipy-SLSQP using spatial information
Optimizing branch lengths, phi, and nu without topology search
Initial point 1. Random seed: 8393
Solving with ultrametric constraint
Optimal point found for initial point 1
Negative llh: 224.35060800722908
Dropout rate: 7.793532205666881e-10
Silencing rate: 2.9529479560636297e-10
Sigma: 2.894135732804749
Initial point 2. Random seed: 1484
Solving with ultrametric constraint
Optimal point found for initial point 2
Negative llh: 224.3506073300163
Dropout rate: 9.999999999999996e-11
Silencing rate: 1.0000000000000002e-10
Sigma: 2.8939696777435198
Initial point 3. Random seed: 8689
Solving with ultrametric constraint
Optimal point found for initial point 3
Negative llh: 224.35060584717326
Dropout rate: 3.943962237345494e-10
Silencing rate: 2.161669721369588e-10
Sigma: 2.8940578666562313
Initial point 4. Random seed: 3406
Solving with ultrametric constraint
Optimal point found for initial point 4
Negative llh: 224.3506058341543
Dropout rate: 1.0000000000000007e-10
Silencing rate: 1.0000000000000002e-10
Sigma: 2.8940448304865813
Initial point 5. Random seed: 4316
Solving with ultrametric constraint
Optimal point found for initial point 5
Negative llh: 224.35060736548797
Dropout rate: 7.906842107399767e-10
Silencing rate: 3.427026297117242e-10
Sigma: 2.893970688056802
Initial point 6. Random seed: 8349
Solving with ultrametric constraint
Optimal point found for initial point 6
Negative llh: 224.3506048573163
Dropout rate: 1.0000000000000007e-10
Silencing rate: 9.999999999999996e-11
Sigma: 2.8939124302338146
Initial point 7. Random seed: 8350
Solving with ultrametric constraint
Optimal point found for initial point 7
Negative llh: 224.35060747355237
Dropout rate: 1e-10
Silencing rate: 1e-10
Sigma: 2.893961756465103
Initial point 8. Random seed: 4803
Solving with ultrametric constraint
Optimal point found for initial point 8
Negative llh: 224.35061009666373
Dropout rate: 3.0522456472606817e-09
Silencing rate: 1.7832999085288763e-09
Sigma: 2.893933171603494
Initial point 9. Random seed: 9072
Solving with ultrametric constraint
Optimal point found for initial point 9
Negative llh: 224.3506162935783
Dropout rate: 1.5329185358753007e-09
Silencing rate: 6.058892746826329e-10
Sigma: 2.8939288024014487
Initial point 10. Random seed: 6230
Solving with ultrametric constraint
Optimal point found for initial point 10
Negative llh: 224.3506084415873
Dropout rate: 2.751935603811032e-09
Silencing rate: 8.582094955774713e-10
Sigma: 2.893994492693504
Runtime (s): 1933.8566118124872
