Launching Problin version 0.5b
Problin was called as follow: /u/gh2161/Spatial-Division/problin/run_problin.py -c real_location_data/s17c1/k10_r1_character_matrix.csv -t real_location_data/s17c1/true_tree.nwk -S real_location_data/s17c1/leaf_locations.txt --delimiter comma -p real_location_data/s17c1/k10_priors.csv -o real_location_data/s17c1/k10_r1_spalin-divide-beta1.txt --nInitials 10 --ultrametric --randomreps 3 --divide --radius 1
Optimization by Spalin-Divide: Scipy-SLSQP using spatial information
Optimizing branch lengths, phi, and nu without topology search
Initial point 1. Random seed: 9186
Solving with ultrametric constraint
Optimal point found for initial point 1
Negative llh: 256.67506878497727
Dropout rate: 1.0000000000000007e-10
Silencing rate: 1.0000000000000007e-10
Sigma: 1.1889153419435012
Initial point 2. Random seed: 9589
Solving with ultrametric constraint
Optimal point found for initial point 2
Negative llh: 256.67507408997506
Dropout rate: 1.0480792109214901e-09
Silencing rate: 5.558532400061456e-10
Sigma: 1.1888157221084146
Initial point 3. Random seed: 326
Solving with ultrametric constraint
Optimal point found for initial point 3
Negative llh: 256.67539976054127
Dropout rate: 1.0000000000000007e-10
Silencing rate: 1e-10
Sigma: 1.187976054513149
Initial point 4. Random seed: 4539
Solving with ultrametric constraint
Optimal point found for initial point 4
Negative llh: 256.6755079251741
Dropout rate: 1.3391456863321497e-09
Silencing rate: 1.2319505335102193e-08
Sigma: 1.1890455026625584
Initial point 5. Random seed: 303
Solving with ultrametric constraint
Optimal point found for initial point 5
Negative llh: 256.67527415637255
Dropout rate: 1.9616323750410806e-10
Silencing rate: 1.0308737750963661e-10
Sigma: 1.1889321639143098
Initial point 6. Random seed: 4406
Solving with ultrametric constraint
Optimal point found for initial point 6
Negative llh: 256.6751156268915
Dropout rate: 1.6343717560717565e-09
Silencing rate: 1.0024420119152384e-10
Sigma: 1.1888579511726531
Initial point 7. Random seed: 5665
Solving with ultrametric constraint
Optimal point found for initial point 7
Negative llh: 256.67508546548953
Dropout rate: 1e-10
Silencing rate: 1e-10
Sigma: 1.188981268219012
Initial point 8. Random seed: 6140
Solving with ultrametric constraint
Optimal point found for initial point 8
Negative llh: 256.67517820918306
Dropout rate: 9.999999999999996e-11
Silencing rate: 1e-10
Sigma: 1.18874183173005
Initial point 9. Random seed: 3409
Solving with ultrametric constraint
Optimal point found for initial point 9
Negative llh: 256.6751696983877
Dropout rate: 1.0000000000000007e-10
Silencing rate: 9.999999999999996e-11
Sigma: 1.1886004950314801
Initial point 10. Random seed: 403
Solving with ultrametric constraint
Optimal point found for initial point 10
Negative llh: 256.67516620244055
Dropout rate: 1.9522643202614733e-09
Silencing rate: 9.248026627832062e-10
Sigma: 1.188900377265422
Runtime (s): 1944.0636354591697
