Launching Problin version 0.5b
Problin was called as follow: /u/gh2161/Spatial-Division/problin/run_problin.py -c real_location_data/s17c1/k10_r5_character_matrix.csv -t real_location_data/s17c1/true_tree.nwk -S real_location_data/s17c1/leaf_locations.txt --delimiter comma -p real_location_data/s17c1/k10_priors.csv -o real_location_data/s17c1/k10_r5_spalin-divide-beta3.txt --nInitials 10 --ultrametric --randomreps 3 --divide --radius 3
Optimization by Spalin-Divide: Scipy-SLSQP using spatial information
Optimizing branch lengths, phi, and nu without topology search
Initial point 1. Random seed: 2485
Solving with ultrametric constraint
Optimal point found for initial point 1
Negative llh: 266.54002660525623
Dropout rate: 9.871836530141587e-10
Silencing rate: 1.000180838179601e-10
Sigma: 1.033238921155681
Initial point 2. Random seed: 5031
Solving with ultrametric constraint
Optimal point found for initial point 2
Negative llh: 266.5401093587599
Dropout rate: 2.3353114384884025e-10
Silencing rate: 1.0001183930964775e-10
Sigma: 1.032812440465002
Initial point 3. Random seed: 9556
Solving with ultrametric constraint
Optimal point found for initial point 3
Negative llh: 266.5399886103053
Dropout rate: 1.0000000000000007e-10
Silencing rate: 1e-10
Sigma: 1.0329031020754438
Initial point 4. Random seed: 826
Solving with ultrametric constraint
Optimal point found for initial point 4
Negative llh: 266.5398925866044
Dropout rate: 1e-10
Silencing rate: 1e-10
Sigma: 1.0330522941159284
Initial point 5. Random seed: 140
Solving with ultrametric constraint
Optimal point found for initial point 5
Negative llh: 266.5398939738344
Dropout rate: 3.5991488997912167e-10
Silencing rate: 1.0293956481666949e-10
Sigma: 1.0330779175838087
Initial point 6. Random seed: 194
Solving with ultrametric constraint
Optimal point found for initial point 6
Negative llh: 266.5407088189437
Dropout rate: 1e-10
Silencing rate: 1e-10
Sigma: 1.0334757018422862
Initial point 7. Random seed: 9994
Solving with ultrametric constraint
Optimal point found for initial point 7
Negative llh: 266.54007848064043
Dropout rate: 2.7714321867681957e-09
Silencing rate: 1.0026576318209798e-10
Sigma: 1.0333141030152297
Initial point 8. Random seed: 7373
Solving with ultrametric constraint
Optimal point found for initial point 8
Negative llh: 266.539926084597
Dropout rate: 1.5434388590297478e-09
Silencing rate: 7.544633158585115e-10
Sigma: 1.033078341829774
Initial point 9. Random seed: 1431
Solving with ultrametric constraint
Optimal point found for initial point 9
Negative llh: 266.5404116929782
Dropout rate: 1.0000000000000002e-10
Silencing rate: 1e-10
Sigma: 1.033507917016992
Initial point 10. Random seed: 3831
Solving with ultrametric constraint
Optimal point found for initial point 10
Negative llh: 266.53994116739034
Dropout rate: 1.0000021185009949e-10
Silencing rate: 1.0000009396532176e-10
Sigma: 1.0330237992762037
Runtime (s): 1102.4456783216447
