Launching Problin version 0.5b
Problin was called as follow: /u/gh2161/Spatial-Division/problin/run_problin.py -c real_location_data/s17c1/k10_r2_character_matrix.csv -t real_location_data/s17c1/true_tree.nwk -S real_location_data/s17c1/leaf_locations.txt --delimiter comma -p real_location_data/s17c1/k10_priors.csv -o real_location_data/s17c1/k10_r2_spalin-divide-beta9.txt --nInitials 10 --ultrametric --randomreps 3 --divide --given_beta 9 --incl_beta_bound
Optimization by Spalin-Divide: Scipy-SLSQP using spatial information
Optimizing branch lengths, phi, and nu without topology search
Initial point 1. Random seed: 679
Solving with ultrametric constraint
Optimal point found for initial point 1
Negative llh: 222.30027212342097
Dropout rate: 9.162501360565701e-10
Silencing rate: 2.1950306640338307e-10
Sigma: 2.6905261848572644
Initial point 2. Random seed: 3582
Solving with ultrametric constraint
Optimal point found for initial point 2
Negative llh: 222.30027094440382
Dropout rate: 6.986167420180842e-10
Silencing rate: 4.653887823389931e-10
Sigma: 2.690289239932368
Initial point 3. Random seed: 3548
Solving with ultrametric constraint
Optimal point found for initial point 3
Negative llh: 222.3002700884113
Dropout rate: 3.838112939648904e-10
Silencing rate: 6.540779768932882e-10
Sigma: 2.6904616949830555
Initial point 4. Random seed: 1012
Solving with ultrametric constraint
Optimal point found for initial point 4
Negative llh: 222.30027175927222
Dropout rate: 1.4723159706152453e-09
Silencing rate: 8.994727084784857e-10
Sigma: 2.690417600205348
Initial point 5. Random seed: 6253
Solving with ultrametric constraint
Optimal point found for initial point 5
Negative llh: 222.30026947131887
Dropout rate: 8.366683838932271e-10
Silencing rate: 5.233511487972502e-10
Sigma: 2.690390043273278
Initial point 6. Random seed: 5187
Solving with ultrametric constraint
Optimal point found for initial point 6
Negative llh: 222.30026838160424
Dropout rate: 1.6751025454485997e-10
Silencing rate: 1.0457877575509424e-10
Sigma: 2.690426944108973
Initial point 7. Random seed: 3838
Solving with ultrametric constraint
Optimal point found for initial point 7
Negative llh: 222.30027175128407
Dropout rate: 1.1786861503058853e-10
Silencing rate: 2.6277507582952084e-10
Sigma: 2.690339245682201
Initial point 8. Random seed: 5672
Solving with ultrametric constraint
Optimal point found for initial point 8
Negative llh: 222.3002708118398
Dropout rate: 1e-10
Silencing rate: 1e-10
Sigma: 2.69040226264923
Initial point 9. Random seed: 9542
Solving with ultrametric constraint
Optimal point found for initial point 9
Negative llh: 222.30027561486582
Dropout rate: 3.57882738574987e-09
Silencing rate: 2.016945580567557e-09
Sigma: 2.690339115676719
Initial point 10. Random seed: 452
Solving with ultrametric constraint
Optimal point found for initial point 10
Negative llh: 222.30026966448048
Dropout rate: 1e-10
Silencing rate: 1e-10
Sigma: 2.6904305658754732
Runtime (s): 1073.941310191527
