Launching Problin version 0.5b
Problin was called as follow: /u/gh2161/Spatial-Division/problin/run_problin.py -c real_location_data/s17c1/k10_r1_character_matrix.csv -t real_location_data/s17c1/true_tree.nwk -S real_location_data/s17c1/leaf_locations.txt --delimiter comma -p real_location_data/s17c1/k10_priors.csv -o real_location_data/s17c1/k10_r1_spalin-divide-beta05.txt --nInitials 10 --ultrametric --randomreps 3 --divide --radius 0.5
Optimization by Spalin-Divide: Scipy-SLSQP using spatial information
Optimizing branch lengths, phi, and nu without topology search
Initial point 1. Random seed: 2740
Solving with ultrametric constraint
Optimal point found for initial point 1
Negative llh: 258.8164652689303
Dropout rate: 1e-10
Silencing rate: 1e-10
Sigma: 1.216548099385235
Initial point 2. Random seed: 4448
Solving with ultrametric constraint
Optimal point found for initial point 2
Negative llh: 258.81516680258494
Dropout rate: 2.9697755718795285e-10
Silencing rate: 1.9237884094079207e-10
Sigma: 1.216718446032503
Initial point 3. Random seed: 5095
Solving with ultrametric constraint
Optimal point found for initial point 3
Negative llh: 258.81498984786157
Dropout rate: 2.5274417473428543e-10
Silencing rate: 1.000353471148165e-10
Sigma: 1.2164481677091084
Initial point 4. Random seed: 8244
Solving with ultrametric constraint
Optimal point found for initial point 4
Negative llh: 258.8151231589399
Dropout rate: 5.007755329696492e-10
Silencing rate: 1.0137370239345301e-10
Sigma: 1.216555945493867
Initial point 5. Random seed: 817
Solving with ultrametric constraint
Optimal point found for initial point 5
Negative llh: 258.81506230232424
Dropout rate: 1e-10
Silencing rate: 1e-10
Sigma: 1.2164459434455104
Initial point 6. Random seed: 1547
Solving with ultrametric constraint
Optimal point found for initial point 6
Negative llh: 258.8153956934826
Dropout rate: 3.157463035439705e-10
Silencing rate: 1.4699291927739206e-10
Sigma: 1.2168835202302257
Initial point 7. Random seed: 4063
Solving with ultrametric constraint
Optimal point found for initial point 7
Negative llh: 258.8150581547552
Dropout rate: 3.0799242714375807e-10
Silencing rate: 1.0003527153855895e-10
Sigma: 1.2163741800999595
Initial point 8. Random seed: 8184
Solving with ultrametric constraint
Optimal point found for initial point 8
Negative llh: 258.815542870401
Dropout rate: 1e-10
Silencing rate: 1e-10
Sigma: 1.2170321322338886
Initial point 9. Random seed: 7702
Solving with ultrametric constraint
Optimal point found for initial point 9
Negative llh: 258.8153857517847
Dropout rate: 9.501283583243174e-10
Silencing rate: 6.373407880377758e-10
Sigma: 1.2163643883294302
Initial point 10. Random seed: 6782
Solving with ultrametric constraint
Optimal point found for initial point 10
Negative llh: 258.8150956922559
Dropout rate: 2.032580785296428e-09
Silencing rate: 1.2200262422454126e-09
Sigma: 1.2166217895131595
Runtime (s): 2062.376567746047
