Launching Problin version 0.5b
Problin was called as follow: /u/gh2161/Spatial-Division/problin/run_problin.py -c real_location_data/s17c1/k10_r3_character_matrix.csv -t real_location_data/s17c1/true_tree.nwk -S real_location_data/s17c1/leaf_locations.txt --delimiter comma -p real_location_data/s17c1/k10_priors.csv -o real_location_data/s17c1/k10_r3_spalin-divide-beta7.txt --nInitials 10 --ultrametric --randomreps 3 --divide --radius 7
Optimization by Spalin-Divide: Scipy-SLSQP using spatial information
Optimizing branch lengths, phi, and nu without topology search
Initial point 1. Random seed: 1713
Solving with ultrametric constraint
Optimal point found for initial point 1
Negative llh: 243.52703634669882
Dropout rate: 7.162504749807955e-10
Silencing rate: 1.0206355645612986e-10
Sigma: 0.8139027137278411
Initial point 2. Random seed: 4721
Solving with ultrametric constraint
Optimal point found for initial point 2
Negative llh: 243.52752412028605
Dropout rate: 1.0000000000000007e-10
Silencing rate: 1e-10
Sigma: 0.8139897215905263
Initial point 3. Random seed: 6231
Solving with ultrametric constraint
Optimal point found for initial point 3
Negative llh: 243.5276588163618
Dropout rate: 2.808222109686438e-10
Silencing rate: 1.0004056525160458e-10
Sigma: 0.8139489504778088
Initial point 4. Random seed: 8031
Solving with ultrametric constraint
Optimal point found for initial point 4
Negative llh: 243.52705730208947
Dropout rate: 3.5423802469006473e-09
Silencing rate: 1.002062452867261e-10
Sigma: 0.813911980930143
Initial point 5. Random seed: 8474
Solving with ultrametric constraint
Optimal point found for initial point 5
Negative llh: 243.52752618605518
Dropout rate: 1.0000000000000002e-10
Silencing rate: 1e-10
Sigma: 0.8140408856029784
Initial point 6. Random seed: 121
Solving with ultrametric constraint
Fatal: failed to optimize using initial point 6
Initial point 7. Random seed: 9894
Solving with ultrametric constraint
Optimal point found for initial point 7
Negative llh: 243.52685263035585
Dropout rate: 1e-10
Silencing rate: 1.0005667579329789e-10
Sigma: 0.8140189727524527
Initial point 8. Random seed: 2518
Solving with ultrametric constraint
Optimal point found for initial point 8
Negative llh: 243.52700109445735
Dropout rate: 1.0000000000000002e-10
Silencing rate: 1e-10
Sigma: 0.8139796355573395
Initial point 9. Random seed: 2708
Solving with ultrametric constraint
Optimal point found for initial point 9
Negative llh: 243.5268885658779
Dropout rate: 3.654228268672541e-09
Silencing rate: 1.1904178534040212e-10
Sigma: 0.8139607326947166
Initial point 10. Random seed: 9325
Solving with ultrametric constraint
Optimal point found for initial point 10
Negative llh: 243.52706213620502
Dropout rate: 1e-10
Silencing rate: 1e-10
Sigma: 0.8139675094498549
Runtime (s): 892.9464192856103
