Launching Problin version 0.5b
Problin was called as follow: /u/gh2161/Spatial-Division/problin/run_problin.py -c real_location_data/s19c4/k10_r4_character_matrix.csv -t real_location_data/s19c4/true_tree.nwk -S real_location_data/s19c4/leaf_locations.txt --delimiter comma -p real_location_data/s19c4/k10_priors.csv -o real_location_data/s19c4/k10_r4_spalin-divide-beta6.txt --nInitials 10 --ultrametric --randomreps 3 --divide --given_beta 6 --incl_beta_bound
Optimization by Spalin-Divide: Scipy-SLSQP using spatial information
Optimizing branch lengths, phi, and nu without topology search
Initial point 1. Random seed: 8655
Solving with ultrametric constraint
Optimal point found for initial point 1
Negative llh: 194.82144400061856
Dropout rate: 9.999999999999996e-11
Silencing rate: 1.0000000000000002e-10
Sigma: 5.587313549692023
Initial point 2. Random seed: 6048
Solving with ultrametric constraint
Optimal point found for initial point 2
Negative llh: 194.8214401942011
Dropout rate: 1.186336735727754e-10
Silencing rate: 1.2175549177143982e-10
Sigma: 5.5873787913581365
Initial point 3. Random seed: 8728
Solving with ultrametric constraint
Optimal point found for initial point 3
Negative llh: 194.82144213640714
Dropout rate: 9.999999999999996e-11
Silencing rate: 9.999999999999996e-11
Sigma: 5.587536662303633
Initial point 4. Random seed: 4190
Solving with ultrametric constraint
Optimal point found for initial point 4
Negative llh: 194.8214398031211
Dropout rate: 1.0429348943097936e-10
Silencing rate: 1.0232701858192807e-10
Sigma: 5.587514290011287
Initial point 5. Random seed: 9290
Solving with ultrametric constraint
Optimal point found for initial point 5
Negative llh: 194.82144077724746
Dropout rate: 1.6744226107953608e-10
Silencing rate: 1.2547651992450852e-10
Sigma: 5.5875162628314605
Initial point 6. Random seed: 4895
Solving with ultrametric constraint
Optimal point found for initial point 6
Negative llh: 194.82143982082982
Dropout rate: 1e-10
Silencing rate: 1e-10
Sigma: 5.587506758226681
Initial point 7. Random seed: 478
Solving with ultrametric constraint
Optimal point found for initial point 7
Negative llh: 194.82144008983653
Dropout rate: 2.1847356059348938e-10
Silencing rate: 1.8867889048309e-10
Sigma: 5.5875193158206065
Initial point 8. Random seed: 8540
Solving with ultrametric constraint
Optimal point found for initial point 8
Negative llh: 194.82143990398936
Dropout rate: 2.203935572256395e-10
Silencing rate: 1.860028496468734e-10
Sigma: 5.587597481983527
Initial point 9. Random seed: 2320
Solving with ultrametric constraint
Optimal point found for initial point 9
Negative llh: 194.8214397728275
Dropout rate: 1e-10
Silencing rate: 1e-10
Sigma: 5.587523925306283
Initial point 10. Random seed: 8878
Solving with ultrametric constraint
Optimal point found for initial point 10
Negative llh: 194.82144016496903
Dropout rate: 1e-10
Silencing rate: 1e-10
Sigma: 5.587512658784932
Runtime (s): 843.0512046534568
