Launching Problin version 0.5b
Problin was called as follow: /u/gh2161/Spatial-Division/problin/run_problin.py -c real_location_data/s19c4/k10_r3_character_matrix.csv -t real_location_data/s19c4/true_tree.nwk -S real_location_data/s19c4/leaf_locations.txt --delimiter comma -p real_location_data/s19c4/k10_priors.csv -o real_location_data/s19c4/k10_r3_spalin-divide-ignore-beta.txt --nInitials 10 --ultrametric --randomreps 3 --divide
Optimization by Spalin-Divide: Scipy-SLSQP using spatial information
Optimizing branch lengths, phi, and nu without topology search
We need to optimize the radius
Initial point 1. Random seed: 9569
Solving with ultrametric constraint
Optimal point found for initial point 1
Negative llh: 179.9119812754057
Dropout rate: 1e-10
Silencing rate: 1e-10
Sigma: 1.138439104194566
Lambda: 0.006782393848104207
Initial point 2. Random seed: 6608
Solving with ultrametric constraint
Optimal point found for initial point 2
Negative llh: 176.31257373161912
Dropout rate: 1e-10
Silencing rate: 1e-10
Sigma: 1.1536352493037982
Lambda: 0.006815637889356868
Initial point 3. Random seed: 6149
Solving with ultrametric constraint
Optimal point found for initial point 3
Negative llh: 176.31265379644947
Dropout rate: 5.008440301716562e-10
Silencing rate: 3.4026367174985647e-10
Sigma: 1.1540034001656414
Lambda: 0.006816552916679811
Initial point 4. Random seed: 5753
Solving with ultrametric constraint
Optimal point found for initial point 4
Negative llh: 176.31283088010102
Dropout rate: 1e-10
Silencing rate: 1e-10
Sigma: 1.154005687107986
Lambda: 0.006815070180285665
Initial point 5. Random seed: 7319
Solving with ultrametric constraint
Optimal point found for initial point 5
Negative llh: 177.77130619354764
Dropout rate: 1e-10
Silencing rate: 1e-10
Sigma: 1.0940288869473147
Lambda: 0.0067873662887711055
Initial point 6. Random seed: 8278
Solving with ultrametric constraint
Optimal point found for initial point 6
Negative llh: 177.77325518574827
Dropout rate: 1.0052660599393912e-09
Silencing rate: 1.0003737550125191e-10
Sigma: 1.098929732160937
Lambda: 0.006789338633870905
Initial point 7. Random seed: 6104
Solving with ultrametric constraint
Optimal point found for initial point 7
Negative llh: 176.31251354981947
Dropout rate: 1.8806033662500137e-09
Silencing rate: 1.1649616864846354e-09
Sigma: 1.15402686934154
Lambda: 0.006815113396874879
Initial point 8. Random seed: 4169
Solving with ultrametric constraint
Optimal point found for initial point 8
Negative llh: 176.31259863061547
Dropout rate: 1.0344938400700332e-09
Silencing rate: 1.0000000000000002e-10
Sigma: 1.1542528332937863
Lambda: 0.006815621001608942
Initial point 9. Random seed: 1590
Solving with ultrametric constraint
Optimal point found for initial point 9
Negative llh: 176.31263335066268
Dropout rate: 4.930117013712846e-10
Silencing rate: 3.3586203314414345e-10
Sigma: 1.1543927102600655
Lambda: 0.006815073207040446
Initial point 10. Random seed: 4761
Solving with ultrametric constraint
Optimal point found for initial point 10
Negative llh: 176.31251408639946
Dropout rate: 1.5362776129106677e-09
Silencing rate: 1.9073130225296737e-09
Sigma: 1.1540102294421002
Lambda: 0.006814813380456674
{'lambda_param': 0.006815113396874879, 'phi': 1.8806033662500137e-09, 'nu': 1.1649616864846354e-09, 'sigma': 1.15402686934154, 'locations': {'216_10': (378.0, 244.0), '216_9': (348.0, 251.0), '216_16': (315.0, 196.0), '216_15': (338.0, 200.0), '216_14': (416.0, 169.0), '216_13': (374.0, 209.0), '216_8': (421.0, 151.0), '216_7': (460.0, 136.0), '216_6': (410.0, 153.0), '216_5': (414.0, 180.0), '216_4': (401.0, 191.0), '216_3': (392.0, 219.0), '216_2': (414.0, 216.0), '216_1': (359.0, 227.0)}, 'radius': 15.367986336843023, 'thetas': {'179_1': 21.793747775869797, '191_3': 14.448165069021204, '131_1': 8.38752882446432, '190_4': 13.990082681886443, '192_7': 5.915994496608698, '141_3': 2.4545059757967675, '81_1': 2.107059723652141, '176_7': -10.18579140649987, '180_10': -6.1109935383587395, '133_5': -0.1397488899470519, '190_6': 2.9123603614784908, '83_3': 4.663079405726365, '33_1': -0.6315615165977386}}
Runtime (s): 450.2340058349073
