Launching Problin version 0.5b
Problin was called as follow: /u/gh2161/Spatial-Division/problin/run_problin.py -c real_location_data/s19c4/k10_r1_character_matrix.csv -t real_location_data/s19c4/true_tree.nwk -S real_location_data/s19c4/leaf_locations.txt --delimiter comma -p real_location_data/s19c4/k10_priors.csv -o real_location_data/s19c4/k10_r1_spalin-divide-beta20.txt --nInitials 10 --ultrametric --randomreps 3 --divide --given_beta 20 --incl_beta_bound
Optimization by Spalin-Divide: Scipy-SLSQP using spatial information
Optimizing branch lengths, phi, and nu without topology search
Initial point 1. Random seed: 5038
Solving with ultrametric constraint
Optimal point found for initial point 1
Negative llh: 143.22805061517795
Dropout rate: 1.0000000000000007e-10
Silencing rate: 9.999999999999996e-11
Sigma: 3.4372916739598716
Initial point 2. Random seed: 3243
Solving with ultrametric constraint
Optimal point found for initial point 2
Negative llh: 143.2280497640213
Dropout rate: 1e-10
Silencing rate: 1e-10
Sigma: 3.437245201841496
Initial point 3. Random seed: 4653
Solving with ultrametric constraint
Optimal point found for initial point 3
Negative llh: 143.22805423074703
Dropout rate: 9.999999999999996e-11
Silencing rate: 1.0000000000000007e-10
Sigma: 3.4375663631815376
Initial point 4. Random seed: 4206
Solving with ultrametric constraint
Optimal point found for initial point 4
Negative llh: 143.22805194248195
Dropout rate: 1e-10
Silencing rate: 1e-10
Sigma: 3.4372745490775936
Initial point 5. Random seed: 9367
Solving with ultrametric constraint
Optimal point found for initial point 5
Negative llh: 143.22804915249384
Dropout rate: 1e-10
Silencing rate: 1e-10
Sigma: 3.4373179566970977
Initial point 6. Random seed: 8489
Solving with ultrametric constraint
Optimal point found for initial point 6
Negative llh: 143.2280490019852
Dropout rate: 1e-10
Silencing rate: 1e-10
Sigma: 3.4372866252113554
Initial point 7. Random seed: 219
Solving with ultrametric constraint
Optimal point found for initial point 7
Negative llh: 143.22804927301877
Dropout rate: 2.3827830524612953e-10
Silencing rate: 2.4172482717471796e-10
Sigma: 3.4373002419956458
Initial point 8. Random seed: 8530
Solving with ultrametric constraint
Optimal point found for initial point 8
Negative llh: 143.22805400006428
Dropout rate: 1e-10
Silencing rate: 1e-10
Sigma: 3.437252689261829
Initial point 9. Random seed: 504
Solving with ultrametric constraint
Optimal point found for initial point 9
Negative llh: 143.22805261881498
Dropout rate: 1.0000000000000002e-10
Silencing rate: 1.0000000000000002e-10
Sigma: 3.437483857530599
Initial point 10. Random seed: 6314
Solving with ultrametric constraint
Optimal point found for initial point 10
Negative llh: 143.2280500707991
Dropout rate: 4.2438675669467324e-10
Silencing rate: 3.14879287127756e-10
Sigma: 3.4372633587568413
Runtime (s): 705.2307239994407
