Launching Problin version 0.5b
Problin was called as follow: /u/gh2161/Spatial-Division/problin/run_problin.py -c real_location_data/s19c4/k10_r5_character_matrix.csv -t real_location_data/s19c4/true_tree.nwk -S real_location_data/s19c4/leaf_locations.txt --delimiter comma -p real_location_data/s19c4/k10_priors.csv -o real_location_data/s19c4/k10_r5_spalin-divide-beta9.txt --nInitials 10 --ultrametric --randomreps 3 --divide --given_beta 9 --incl_beta_bound
Optimization by Spalin-Divide: Scipy-SLSQP using spatial information
Optimizing branch lengths, phi, and nu without topology search
Initial point 1. Random seed: 5797
Solving with ultrametric constraint
Optimal point found for initial point 1
Negative llh: 183.23744514349892
Dropout rate: 1e-10
Silencing rate: 1e-10
Sigma: 5.513387471793157
Initial point 2. Random seed: 9541
Solving with ultrametric constraint
Optimal point found for initial point 2
Negative llh: 183.2374445170074
Dropout rate: 1.0855343292620661e-10
Silencing rate: 1.032745962303968e-10
Sigma: 5.5132263337960925
Initial point 3. Random seed: 2384
Solving with ultrametric constraint
Optimal point found for initial point 3
Negative llh: 183.2374459000103
Dropout rate: 2.8319458148665425e-10
Silencing rate: 2.2889943414301744e-10
Sigma: 5.513192627697987
Initial point 4. Random seed: 680
Solving with ultrametric constraint
Optimal point found for initial point 4
Negative llh: 183.23744645578824
Dropout rate: 6.11475587925101e-10
Silencing rate: 5.231479132074613e-10
Sigma: 5.513029869182119
Initial point 5. Random seed: 8002
Solving with ultrametric constraint
Optimal point found for initial point 5
Negative llh: 183.23744457874346
Dropout rate: 1e-10
Silencing rate: 1e-10
Sigma: 5.513174088879813
Initial point 6. Random seed: 2238
Solving with ultrametric constraint
Optimal point found for initial point 6
Negative llh: 183.23744716525118
Dropout rate: 9.951255435026068e-10
Silencing rate: 3.0964255909333313e-10
Sigma: 5.513221865500062
Initial point 7. Random seed: 9571
Solving with ultrametric constraint
Optimal point found for initial point 7
Negative llh: 183.23745138634308
Dropout rate: 1.655306258448297e-10
Silencing rate: 1.422062403524832e-10
Sigma: 5.512787807121221
Initial point 8. Random seed: 9722
Solving with ultrametric constraint
Optimal point found for initial point 8
Negative llh: 183.23744449278297
Dropout rate: 1.281283206164501e-10
Silencing rate: 1.1077839841545588e-10
Sigma: 5.513244795065985
Initial point 9. Random seed: 3481
Solving with ultrametric constraint
Optimal point found for initial point 9
Negative llh: 183.23746237403554
Dropout rate: 1.0296138083859385e-09
Silencing rate: 5.792499387034725e-10
Sigma: 5.512327135699829
Initial point 10. Random seed: 2389
Solving with ultrametric constraint
Optimal point found for initial point 10
Negative llh: 183.23744466879333
Dropout rate: 8.023239651092167e-10
Silencing rate: 4.1244090440568725e-10
Sigma: 5.5132315070426925
Runtime (s): 529.4769909670576
