Launching Problin version 0.5b
Problin was called as follow: /u/gh2161/Spatial-Division/problin/run_problin.py -c real_location_data/s19c4/k10_r3_character_matrix.csv -t real_location_data/s19c4/true_tree.nwk -S real_location_data/s19c4/leaf_locations.txt --delimiter comma -p real_location_data/s19c4/k10_priors.csv -o real_location_data/s19c4/k10_r3_spalin-divide-beta1.txt --nInitials 10 --ultrametric --randomreps 3 --divide --radius 1
Optimization by Spalin-Divide: Scipy-SLSQP using spatial information
Optimizing branch lengths, phi, and nu without topology search
Initial point 1. Random seed: 9649
Solving with ultrametric constraint
Optimal point found for initial point 1
Negative llh: 203.15299195623112
Dropout rate: 1.0000000000000002e-10
Silencing rate: 1e-10
Sigma: 1.8112599624075811
Initial point 2. Random seed: 7713
Solving with ultrametric constraint
Optimal point found for initial point 2
Negative llh: 280245.9268311511
Dropout rate: 3.802072135902078e-06
Silencing rate: 0.15220742688297836
Sigma: 11.12017071092809
Initial point 3. Random seed: 6339
Solving with ultrametric constraint
Optimal point found for initial point 3
Negative llh: 203.15285300266817
Dropout rate: 1.0000000000000007e-10
Silencing rate: 1.0000000000000007e-10
Sigma: 1.8122392862810055
Initial point 4. Random seed: 4490
Solving with ultrametric constraint
Optimal point found for initial point 4
Negative llh: 203.15299430113606
Dropout rate: 1e-10
Silencing rate: 1e-10
Sigma: 1.8117936418890517
Initial point 5. Random seed: 7126
Solving with ultrametric constraint
Optimal point found for initial point 5
Negative llh: 282539.82300885627
Dropout rate: 3.886417376196588e-06
Silencing rate: 0.14363893205739087
Sigma: 11.114233339102253
Initial point 6. Random seed: 6008
Solving with ultrametric constraint
Optimal point found for initial point 6
Negative llh: 203.15322161726527
Dropout rate: 3.1671062097130547e-10
Silencing rate: 1.0023656233034745e-10
Sigma: 1.8124630285421783
Initial point 7. Random seed: 2599
Solving with ultrametric constraint
Optimal point found for initial point 7
Negative llh: 203.15279473457798
Dropout rate: 1.0201728629993301e-09
Silencing rate: 9.053848525947975e-10
Sigma: 1.8122985381569818
Initial point 8. Random seed: 4687
Solving with ultrametric constraint
Optimal point found for initial point 8
Negative llh: 203.15300968565685
Dropout rate: 9.850092193574227e-10
Silencing rate: 6.512629805385871e-10
Sigma: 1.8123969533799118
Initial point 9. Random seed: 9985
Solving with ultrametric constraint
Optimal point found for initial point 9
Negative llh: 203.15279476946904
Dropout rate: 1e-10
Silencing rate: 1e-10
Sigma: 1.8123481817930673
Initial point 10. Random seed: 593
Solving with ultrametric constraint
Optimal point found for initial point 10
Negative llh: 203.15285713117444
Dropout rate: 1e-10
Silencing rate: 1e-10
Sigma: 1.8123021343241048
Runtime (s): 669.3398736771196
