Launching Problin version 0.5b
Problin was called as follow: /u/gh2161/Spatial-Division/problin/run_problin.py -c real_location_data/s19c4/k10_r5_character_matrix.csv -t real_location_data/s19c4/true_tree.nwk --delimiter comma -p real_location_data/s19c4/k10_priors.csv -o real_location_data/s19c4/k10_r5_problin.txt --nInitials 10 --ultrametric --randomreps 3 --solver Scipy
Optimization by generic solver (Scipy-SLSQP)
Optimizing branch lengths, phi, and nu without topology search
Initial point 1. Random seed: 5002
Solving with ultrametric constraint
Optimal point found for initial point 1
Negative llh: 68.22175528393628
Dropout rate: 1e-10
Silencing rate: 1e-10
Lambda: 0.005254375151718595
Initial point 2. Random seed: 6659
Solving with ultrametric constraint
Optimal point found for initial point 2
Negative llh: 68.2218246161197
Dropout rate: 1e-10
Silencing rate: 1e-10
Lambda: 0.005255384366103026
Initial point 3. Random seed: 8799
Solving with ultrametric constraint
Optimal point found for initial point 3
Negative llh: 87.82354613936367
Dropout rate: 1.0000000000000002e-10
Silencing rate: 1e-10
Lambda: 0.0009767883638818905
Initial point 4. Random seed: 1724
Solving with ultrametric constraint
Optimal point found for initial point 4
Negative llh: 68.2217520150811
Dropout rate: 1.871850904974294e-09
Silencing rate: 1.0041740330849873e-09
Lambda: 0.005254600674585159
Initial point 5. Random seed: 9529
Solving with ultrametric constraint
Optimal point found for initial point 5
Negative llh: 68.22175029934881
Dropout rate: 9.917698591161006e-10
Silencing rate: 4.621880777729417e-10
Lambda: 0.005254504593782348
Initial point 6. Random seed: 3871
Solving with ultrametric constraint
Optimal point found for initial point 6
Negative llh: 68.22196345181341
Dropout rate: 6.700268198536521e-10
Silencing rate: 3.0171595917625887e-10
Lambda: 0.005258508248899427
Initial point 7. Random seed: 1931
Solving with ultrametric constraint
Optimal point found for initial point 7
Negative llh: 87.82377922723595
Dropout rate: 1.92219278790249e-09
Silencing rate: 6.104233045694789e-10
Lambda: 0.0009767681555233874
Initial point 8. Random seed: 8495
Solving with ultrametric constraint
Optimal point found for initial point 8
Negative llh: 87.82359833454102
Dropout rate: 2.008036359748879e-10
Silencing rate: 1.2118386709958606e-10
Lambda: 0.0009767817993974897
Initial point 9. Random seed: 3288
Solving with ultrametric constraint
Optimal point found for initial point 9
Negative llh: 87.82373046037452
Dropout rate: 9.999999999999996e-11
Silencing rate: 1.0000000000000002e-10
Lambda: 0.0009767703994209302
Initial point 10. Random seed: 3227
Solving with ultrametric constraint
Optimal point found for initial point 10
Negative llh: 87.82377811381271
Dropout rate: 3.2689464701361906e-10
Silencing rate: 1.324288320867991e-10
Lambda: 0.0009767689158863648
{'phi': 9.917698591161006e-10, 'nu': 4.621880777729417e-10, 'lambda_param': 0.005254504593782348}
Runtime (s): 35.79297628253698
