Launching Problin version 0.5b
Problin was called as follow: /u/gh2161/Spatial-Division/problin/run_problin.py -c real_location_data/s19c4/k10_r3_character_matrix.csv -t real_location_data/s19c4/true_tree.nwk -S real_location_data/s19c4/leaf_locations.txt --delimiter comma -p real_location_data/s19c4/k10_priors.csv -o real_location_data/s19c4/k10_r3_spalin-divide-beta6.txt --nInitials 10 --ultrametric --randomreps 3 --divide --given_beta 6 --incl_beta_bound
Optimization by Spalin-Divide: Scipy-SLSQP using spatial information
Optimizing branch lengths, phi, and nu without topology search
Initial point 1. Random seed: 458
Solving with ultrametric constraint
Optimal point found for initial point 1
Negative llh: 195.07333830412662
Dropout rate: 9.999999999999996e-11
Silencing rate: 1.0000000000000002e-10
Sigma: 5.533620336189298
Initial point 2. Random seed: 1938
Solving with ultrametric constraint
Optimal point found for initial point 2
Negative llh: 195.07333813009143
Dropout rate: 9.999999999999996e-11
Silencing rate: 1.0000000000000002e-10
Sigma: 5.533475414630679
Initial point 3. Random seed: 5981
Solving with ultrametric constraint
Optimal point found for initial point 3
Negative llh: 195.07333820460673
Dropout rate: 1e-10
Silencing rate: 1e-10
Sigma: 5.533442107723621
Initial point 4. Random seed: 1751
Solving with ultrametric constraint
Optimal point found for initial point 4
Negative llh: 195.07333863566444
Dropout rate: 1.3121712164558252e-10
Silencing rate: 1.1923827868018836e-10
Sigma: 5.533496704285362
Initial point 5. Random seed: 9201
Solving with ultrametric constraint
Optimal point found for initial point 5
Negative llh: 195.07333863872398
Dropout rate: 1.0000000000000002e-10
Silencing rate: 1.0000000000000002e-10
Sigma: 5.533720351959639
Initial point 6. Random seed: 1273
Solving with ultrametric constraint
Optimal point found for initial point 6
Negative llh: 195.0733381730533
Dropout rate: 1e-10
Silencing rate: 1e-10
Sigma: 5.533442686851105
Initial point 7. Random seed: 4704
Solving with ultrametric constraint
Optimal point found for initial point 7
Negative llh: 195.07333814795413
Dropout rate: 1.160999353596472e-10
Silencing rate: 1.0991758560496402e-10
Sigma: 5.533470818344586
Initial point 8. Random seed: 4802
Solving with ultrametric constraint
Optimal point found for initial point 8
Negative llh: 195.07333819506368
Dropout rate: 1.0000000000000002e-10
Silencing rate: 1.0000000000000002e-10
Sigma: 5.533424050087708
Initial point 9. Random seed: 1058
Solving with ultrametric constraint
Optimal point found for initial point 9
Negative llh: 195.07333820426715
Dropout rate: 4.1474995604059326e-10
Silencing rate: 3.0439981454831297e-10
Sigma: 5.533481462420126
Initial point 10. Random seed: 6192
Solving with ultrametric constraint
Optimal point found for initial point 10
Negative llh: 195.0733381290928
Dropout rate: 1e-10
Silencing rate: 1e-10
Sigma: 5.533472312133664
Runtime (s): 624.0602146722376
