Launching Problin version 0.5b
Problin was called as follow: /u/gh2161/Spatial-Division/problin/run_problin.py -c real_location_data/s19c4/k10_r4_character_matrix.csv -t real_location_data/s19c4/true_tree.nwk -S real_location_data/s19c4/leaf_locations.txt --delimiter comma -p real_location_data/s19c4/k10_priors.csv -o real_location_data/s19c4/k10_r4_spalin-divide-beta20.txt --nInitials 10 --ultrametric --randomreps 3 --divide --given_beta 20 --incl_beta_bound
Optimization by Spalin-Divide: Scipy-SLSQP using spatial information
Optimizing branch lengths, phi, and nu without topology search
Initial point 1. Random seed: 269
Solving with ultrametric constraint
Optimal point found for initial point 1
Negative llh: 174.098317102448
Dropout rate: 2.8006293706153303e-10
Silencing rate: 1.9071640499316855e-10
Sigma: 3.5789517978723895
Initial point 2. Random seed: 3877
Solving with ultrametric constraint
Optimal point found for initial point 2
Negative llh: 174.0983146467526
Dropout rate: 6.586280820835213e-10
Silencing rate: 4.5589068592882205e-10
Sigma: 3.5789315173379563
Initial point 3. Random seed: 8187
Solving with ultrametric constraint
Optimal point found for initial point 3
Negative llh: 174.09831364285523
Dropout rate: 1e-10
Silencing rate: 1e-10
Sigma: 3.5788189436480087
Initial point 4. Random seed: 2804
Solving with ultrametric constraint
Optimal point found for initial point 4
Negative llh: 174.09831253610116
Dropout rate: 7.464053244537618e-10
Silencing rate: 7.42159025137071e-10
Sigma: 3.578850240715287
Initial point 5. Random seed: 5861
Solving with ultrametric constraint
Optimal point found for initial point 5
Negative llh: 174.09831404778885
Dropout rate: 1e-10
Silencing rate: 1e-10
Sigma: 3.578766039300557
Initial point 6. Random seed: 7552
Solving with ultrametric constraint
Optimal point found for initial point 6
Negative llh: 174.09831238702316
Dropout rate: 1e-10
Silencing rate: 1e-10
Sigma: 3.578850682486439
Initial point 7. Random seed: 4395
Solving with ultrametric constraint
Optimal point found for initial point 7
Negative llh: 174.09831325929926
Dropout rate: 3.087920943719391e-10
Silencing rate: 2.7439775497987023e-10
Sigma: 3.5788575593515155
Initial point 8. Random seed: 283
Solving with ultrametric constraint
Optimal point found for initial point 8
Negative llh: 174.09831223717032
Dropout rate: 1e-10
Silencing rate: 1e-10
Sigma: 3.5788617762354984
Initial point 9. Random seed: 2140
Solving with ultrametric constraint
Optimal point found for initial point 9
Negative llh: 174.09831225131214
Dropout rate: 1.0332486106189075e-10
Silencing rate: 1.0189248212296489e-10
Sigma: 3.578868097063156
Initial point 10. Random seed: 3363
Solving with ultrametric constraint
Optimal point found for initial point 10
Negative llh: 174.09831290473352
Dropout rate: 2.967845946486704e-10
Silencing rate: 2.1933366949735736e-10
Sigma: 3.5789023438198564
Runtime (s): 1001.3879095900338
