Launching Problin version 0.5b
Problin was called as follow: /u/gh2161/Spatial-Division/problin/run_problin.py -c real_location_data/s19c4/k10_r2_character_matrix.csv -t real_location_data/s19c4/true_tree.nwk -S real_location_data/s19c4/leaf_locations.txt --delimiter comma -p real_location_data/s19c4/k10_priors.csv -o real_location_data/s19c4/k10_r2_spalin-divide-beta05.txt --nInitials 10 --ultrametric --randomreps 3 --divide --radius 0.5
Optimization by Spalin-Divide: Scipy-SLSQP using spatial information
Optimizing branch lengths, phi, and nu without topology search
Initial point 1. Random seed: 6019
Solving with ultrametric constraint
Optimal point found for initial point 1
Negative llh: 205.17622392918514
Dropout rate: 1.0000000000000002e-10
Silencing rate: 1e-10
Sigma: 1.7839070402964892
Initial point 2. Random seed: 3095
Solving with ultrametric constraint
Optimal point found for initial point 2
Negative llh: 205.17569573012725
Dropout rate: 1.1204752754959324e-09
Silencing rate: 6.798868213409976e-10
Sigma: 1.783166060287483
Initial point 3. Random seed: 1750
Solving with ultrametric constraint
Optimal point found for initial point 3
Negative llh: 219.99718647290018
Dropout rate: 9.999999999999996e-11
Silencing rate: 1e-10
Sigma: 2.221939032622614
Initial point 4. Random seed: 7481
Solving with ultrametric constraint
Optimal point found for initial point 4
Negative llh: 205.17565927306566
Dropout rate: 4.4197631229117926e-10
Silencing rate: 2.926219847263468e-10
Sigma: 1.783432819076994
Initial point 5. Random seed: 1679
Solving with ultrametric constraint
Optimal point found for initial point 5
Negative llh: 205.17598981716262
Dropout rate: 1e-10
Silencing rate: 1e-10
Sigma: 1.783242208760242
Initial point 6. Random seed: 1415
Solving with ultrametric constraint
Optimal point found for initial point 6
Negative llh: 205.17613366865382
Dropout rate: 1e-10
Silencing rate: 1.0003731067770598e-10
Sigma: 1.78236347830347
Initial point 7. Random seed: 2399
Solving with ultrametric constraint
Fatal: failed to optimize using initial point 7
Initial point 8. Random seed: 1962
Solving with ultrametric constraint
Optimal point found for initial point 8
Negative llh: 205.17569642138824
Dropout rate: 1e-10
Silencing rate: 1e-10
Sigma: 1.7834870963988965
Initial point 9. Random seed: 7365
Solving with ultrametric constraint
Optimal point found for initial point 9
Negative llh: 205.17574365760078
Dropout rate: 1e-10
Silencing rate: 1e-10
Sigma: 1.783030021981395
Initial point 10. Random seed: 7049
Solving with ultrametric constraint
Optimal point found for initial point 10
Negative llh: 205.17567522743906
Dropout rate: 1.0000000000000002e-10
Silencing rate: 1.0000000000000002e-10
Sigma: 1.7831508864393282
Runtime (s): 478.9546966589987
