Launching Problin version 0.5b
Problin was called as follow: /u/gh2161/Spatial-Division/problin/run_problin.py -c real_location_data/s5c12/k10_r4_character_matrix.csv -t real_location_data/s5c12/true_tree.nwk -S real_location_data/s5c12/leaf_locations.txt --delimiter comma -p real_location_data/s5c12/k10_priors.csv -o real_location_data/s5c12/k10_r4_spalin-divide-beta3.txt --nInitials 10 --ultrametric --randomreps 3 --divide --radius 3
Optimization by Spalin-Divide: Scipy-SLSQP using spatial information
Optimizing branch lengths, phi, and nu without topology search
Initial point 1. Random seed: 83
Solving with ultrametric constraint
Optimal point found for initial point 1
Negative llh: 325.59305089224904
Dropout rate: 5.222483075619363e-09
Silencing rate: 3.298214114554215e-09
Sigma: 1.4164927240177565
Initial point 2. Random seed: 8240
Solving with ultrametric constraint
Optimal point found for initial point 2
Negative llh: 325.5923842339188
Dropout rate: 4.170736901268341e-09
Silencing rate: 1.2426411212523834e-10
Sigma: 1.416131293502571
Initial point 3. Random seed: 6460
Solving with ultrametric constraint
Optimal point found for initial point 3
Negative llh: 325.5921694593117
Dropout rate: 1.0000363365049723e-10
Silencing rate: 1.0000225875303014e-10
Sigma: 1.4162073421127266
Initial point 4. Random seed: 3427
Solving with ultrametric constraint
Fatal: failed to optimize using initial point 4
Initial point 5. Random seed: 8541
Solving with ultrametric constraint
Optimal point found for initial point 5
Negative llh: 325.592176474304
Dropout rate: 4.096945032944484e-10
Silencing rate: 1.679468650364601e-10
Sigma: 1.416100076315872
Initial point 6. Random seed: 2969
Solving with ultrametric constraint
Optimal point found for initial point 6
Negative llh: 325.592364262396
Dropout rate: 2.505054039376344e-09
Silencing rate: 1.5967811162754997e-09
Sigma: 1.4162136667673448
Initial point 7. Random seed: 700
Solving with ultrametric constraint
Optimal point found for initial point 7
Negative llh: 325.5920950114634
Dropout rate: 1.3013568555315924e-10
Silencing rate: 1.0000539549533068e-10
Sigma: 1.416110357817522
Initial point 8. Random seed: 9585
Solving with ultrametric constraint
Fatal: failed to optimize using initial point 8
Initial point 9. Random seed: 50
Solving with ultrametric constraint
Optimal point found for initial point 9
Negative llh: 325.59246623487405
Dropout rate: 9.761772692501772e-10
Silencing rate: 1.2995829237504783e-10
Sigma: 1.4165039531309416
Initial point 10. Random seed: 6814
Solving with ultrametric constraint
Optimal point found for initial point 10
Negative llh: 325.5923940359719
Dropout rate: 3.172835748506553e-10
Silencing rate: 1.0381269347585855e-10
Sigma: 1.4166113178147204
Runtime (s): 3196.80694507109
