Launching Problin version 0.5b
Problin was called as follow: /u/gh2161/Spatial-Division/problin/run_problin.py -c real_location_data/s5c12/k10_r4_character_matrix.csv -t real_location_data/s5c12/true_tree.nwk -S real_location_data/s5c12/leaf_locations.txt --delimiter comma -p real_location_data/s5c12/k10_priors.csv -o real_location_data/s5c12/k10_r4_spalin-divide-beta1.txt --nInitials 10 --ultrametric --randomreps 3 --divide --radius 1
Optimization by Spalin-Divide: Scipy-SLSQP using spatial information
Optimizing branch lengths, phi, and nu without topology search
Initial point 1. Random seed: 1059
Solving with ultrametric constraint
Optimal point found for initial point 1
Negative llh: 335.5981800043359
Dropout rate: 1.0000627392839584e-10
Silencing rate: 1.0000393442562697e-10
Sigma: 1.5177298345201673
Initial point 2. Random seed: 2526
Solving with ultrametric constraint
Optimal point found for initial point 2
Negative llh: 335.60365970522145
Dropout rate: 1.0000000000000007e-10
Silencing rate: 9.999999999999996e-11
Sigma: 1.5133163082115986
Initial point 3. Random seed: 1246
Solving with ultrametric constraint
Optimal point found for initial point 3
Negative llh: 335.59826011968767
Dropout rate: 1e-10
Silencing rate: 1e-10
Sigma: 1.5180241658064613
Initial point 4. Random seed: 199
Solving with ultrametric constraint
Optimal point found for initial point 4
Negative llh: 335.5985115634254
Dropout rate: 4.997065874804889e-09
Silencing rate: 1.000721463770207e-10
Sigma: 1.5176916622093546
Initial point 5. Random seed: 9629
Solving with ultrametric constraint
Optimal point found for initial point 5
Negative llh: 335.59846288344414
Dropout rate: 5.480839828643029e-09
Silencing rate: 1.0263250391488442e-10
Sigma: 1.517454003920593
Initial point 6. Random seed: 113
Solving with ultrametric constraint
Optimal point found for initial point 6
Negative llh: 335.59879452857365
Dropout rate: 8.054732444281646e-09
Silencing rate: 1.1480617180457429e-10
Sigma: 1.518196760042347
Initial point 7. Random seed: 6165
Solving with ultrametric constraint
Optimal point found for initial point 7
Negative llh: 335.598415564137
Dropout rate: 1e-10
Silencing rate: 1e-10
Sigma: 1.517185993322192
Initial point 8. Random seed: 3308
Solving with ultrametric constraint
Optimal point found for initial point 8
Negative llh: 335.59828346084157
Dropout rate: 1e-10
Silencing rate: 1e-10
Sigma: 1.5181167545762881
Initial point 9. Random seed: 5818
Solving with ultrametric constraint
Optimal point found for initial point 9
Negative llh: 335.5986567184985
Dropout rate: 1e-10
Silencing rate: 1e-10
Sigma: 1.518028055104548
Initial point 10. Random seed: 62
Solving with ultrametric constraint
Optimal point found for initial point 10
Negative llh: 335.59844595596815
Dropout rate: 9.999999999999924e-11
Silencing rate: 1e-10
Sigma: 1.5177321541078732
Runtime (s): 4968.510643070098
