Launching Problin version 0.5b
Problin was called as follow: /u/gh2161/Spatial-Division/problin/run_problin.py -c real_location_data/s5c12/k10_r4_character_matrix.csv -t real_location_data/s5c12/true_tree.nwk -S real_location_data/s5c12/leaf_locations.txt --delimiter comma -p real_location_data/s5c12/k10_priors.csv -o real_location_data/s5c12/k10_r4_spalin-spatialonly.txt --nInitials 10 --ultrametric --randomreps 3 --spatial_only
Optimization by Spalin: Scipy-SLSQP using spatial information
Optimizing branch lengths, phi, and nu without topology search
only spatial
Initial point 1. Random seed: 493
Solving with ultrametric constraint
Optimal point found for initial point 1
Negative llh: 179.61081911935244
Dropout rate: 0.6576066839841485
Silencing rate: 0.9609934764249086
Sigma: 1.8323678409973663
Lambda: 1.0
Initial point 2. Random seed: 2220
Solving with ultrametric constraint
Optimal point found for initial point 2
Negative llh: 179.61081911935244
Dropout rate: 0.2469511537628253
Silencing rate: 0.8034676001855536
Sigma: 1.8323678409973663
Lambda: 1.0
Initial point 3. Random seed: 278
Solving with ultrametric constraint
Optimal point found for initial point 3
Negative llh: 179.61081911935244
Dropout rate: 0.03551006064001295
Silencing rate: 0.07750060983875338
Sigma: 1.8323678409973663
Lambda: 1.0
Initial point 4. Random seed: 7361
Solving with ultrametric constraint
Optimal point found for initial point 4
Negative llh: 179.61081911935244
Dropout rate: 0.21590428055482258
Silencing rate: 0.2958320529421763
Sigma: 1.8323678409973663
Lambda: 1.0
Initial point 5. Random seed: 6991
Solving with ultrametric constraint
Optimal point found for initial point 5
Negative llh: 179.61081911935244
Dropout rate: 0.11672286418843263
Silencing rate: 0.7542013498021728
Sigma: 1.8323678409973663
Lambda: 1.0
Initial point 6. Random seed: 2772
Solving with ultrametric constraint
Optimal point found for initial point 6
Negative llh: 179.61081911935244
Dropout rate: 0.0006210166026709796
Silencing rate: 0.7436042244747977
Sigma: 1.8323678409973663
Lambda: 1.0
Initial point 7. Random seed: 9687
Solving with ultrametric constraint
Optimal point found for initial point 7
Negative llh: 179.61081911935244
Dropout rate: 0.7090251622803718
Silencing rate: 0.1834753050050084
Sigma: 1.8323678409973663
Lambda: 1.0
Initial point 8. Random seed: 8505
Solving with ultrametric constraint
Optimal point found for initial point 8
Negative llh: 179.61081911935244
Dropout rate: 0.6887413874707631
Silencing rate: 0.07445742691698702
Sigma: 1.8323678409973663
Lambda: 1.0
Initial point 9. Random seed: 6806
Solving with ultrametric constraint
Optimal point found for initial point 9
Negative llh: 179.61081911935244
Dropout rate: 0.8630476287066211
Silencing rate: 0.7524429305906298
Sigma: 1.8323678409973663
Lambda: 1.0
Initial point 10. Random seed: 5007
Solving with ultrametric constraint
Optimal point found for initial point 10
Negative llh: 179.61081911935244
Dropout rate: 0.28727664094796884
Silencing rate: 0.7527916318490951
Sigma: 1.8323678409973663
Lambda: 1.0
{'lambda_param': 1.0, 'phi': 0.6576066839841485, 'nu': 0.9609934764249086, 'sigma': 1.8323678409973663, 'locations': {'216_4': (143.0, 314.0), '216_3': (131.0, 317.0), '216_2': (119.0, 300.0), '216_1': (130.0, 303.0), '216_30': (182.0, 267.0), '216_29': (176.0, 293.0), '216_28': (169.0, 305.0), '216_27': (163.0, 319.0), '216_26': (213.0, 303.0), '216_25': (195.0, 320.0), '216_24': (129.0, 275.0), '216_23': (140.0, 291.0), '216_22': (181.0, 315.0), '216_21': (152.0, 324.0), '216_16': (155.0, 273.0), '216_15': (139.0, 279.0), '216_14': (127.0, 291.0), '216_13': (99.0, 293.0), '216_17': (151.0, 299.0), '216_20': (201.0, 288.0), '216_19': (192.0, 306.0), '216_8': (159.0, 263.0), '216_7': (168.0, 279.0), '216_6': (198.0, 269.0), '216_5': (189.0, 293.0), '216_9': (190.0, 334.0), '216_12': (209.0, 280.0)}}
Runtime (s): 596.8640744276345
