Launching Problin version 0.5b
Problin was called as follow: /u/gh2161/Spatial-Division/problin/run_problin.py -c real_location_data/s3c3/k10_r5_character_matrix.csv -t real_location_data/s3c3/true_tree.nwk -S real_location_data/s3c3/leaf_locations.txt --delimiter comma -p real_location_data/s3c3/k10_priors.csv -o real_location_data/s3c3/k10_r5_spalin-divide-beta8.txt --nInitials 10 --ultrametric --randomreps 3 --divide --given_beta 8 --incl_beta_bound
Optimization by Spalin-Divide: Scipy-SLSQP using spatial information
Optimizing branch lengths, phi, and nu without topology search
Initial point 1. Random seed: 9696
Solving with ultrametric constraint
Optimal point found for initial point 1
Negative llh: 88.24935672466646
Dropout rate: 1e-10
Silencing rate: 1e-10
Sigma: 2.7543730318636706
Initial point 2. Random seed: 5670
Solving with ultrametric constraint
Optimal point found for initial point 2
Negative llh: 88.24935672136002
Dropout rate: 1.1329234935647678e-10
Silencing rate: 1.0975074484937601e-10
Sigma: 2.7543691814733937
Initial point 3. Random seed: 2324
Solving with ultrametric constraint
Optimal point found for initial point 3
Negative llh: 88.24935746789416
Dropout rate: 1.6314745738401056e-10
Silencing rate: 1.6793323789405148e-10
Sigma: 2.7543139023997445
Initial point 4. Random seed: 1028
Solving with ultrametric constraint
Optimal point found for initial point 4
Negative llh: 88.24935738200011
Dropout rate: 2.721380907135314e-10
Silencing rate: 1.7787496425383376e-10
Sigma: 2.7544084782005824
Initial point 5. Random seed: 7545
Solving with ultrametric constraint
Optimal point found for initial point 5
Negative llh: 88.24935672122136
Dropout rate: 1e-10
Silencing rate: 1e-10
Sigma: 2.754353312783225
Initial point 6. Random seed: 2199
Solving with ultrametric constraint
Optimal point found for initial point 6
Negative llh: 88.24935673748969
Dropout rate: 1.3397582494132185e-10
Silencing rate: 1.2099942785485904e-10
Sigma: 2.7544005952617323
Initial point 7. Random seed: 6678
Solving with ultrametric constraint
Optimal point found for initial point 7
Negative llh: 88.24941227815364
Dropout rate: 5.039239834189865e-10
Silencing rate: 3.4822514280188475e-10
Sigma: 2.754114107552578
Initial point 8. Random seed: 2163
Solving with ultrametric constraint
Optimal point found for initial point 8
Negative llh: 88.24935723830455
Dropout rate: 1e-10
Silencing rate: 1e-10
Sigma: 2.754413836321138
Initial point 9. Random seed: 6866
Solving with ultrametric constraint
Optimal point found for initial point 9
Negative llh: 88.24935674479562
Dropout rate: 2.227139085670681e-10
Silencing rate: 1.5547549207373284e-10
Sigma: 2.75435256423698
Initial point 10. Random seed: 4776
Solving with ultrametric constraint
Optimal point found for initial point 10
Negative llh: 88.24962583561694
Dropout rate: 4.677509674685769e-10
Silencing rate: 7.559158856760346e-10
Sigma: 2.749897709375124
Runtime (s): 222.66095955856144
