Launching Problin version 0.5b
Problin was called as follow: /u/gh2161/Spatial-Division/problin/run_problin.py -c real_location_data/s3c3/k10_r3_character_matrix.csv -t real_location_data/s3c3/true_tree.nwk -S real_location_data/s3c3/leaf_locations.txt --delimiter comma -p real_location_data/s3c3/k10_priors.csv -o real_location_data/s3c3/k10_r3_spalin-divide-beta20.txt --nInitials 10 --ultrametric --randomreps 3 --divide --given_beta 20 --incl_beta_bound
Optimization by Spalin-Divide: Scipy-SLSQP using spatial information
Optimizing branch lengths, phi, and nu without topology search
Initial point 1. Random seed: 7392
Solving with ultrametric constraint
Optimal point found for initial point 1
Negative llh: 131.23268458634524
Dropout rate: 1e-10
Silencing rate: 1e-10
Sigma: 3.994736499108932
Initial point 2. Random seed: 786
Solving with ultrametric constraint
Optimal point found for initial point 2
Negative llh: 131.23269552077414
Dropout rate: 9.999999999999996e-11
Silencing rate: 1.0000000000000007e-10
Sigma: 3.995302282914301
Initial point 3. Random seed: 3408
Solving with ultrametric constraint
Optimal point found for initial point 3
Negative llh: 131.23268154376998
Dropout rate: 1.163574360556938e-10
Silencing rate: 1.0883680725562875e-10
Sigma: 3.9952219644695948
Initial point 4. Random seed: 4249
Solving with ultrametric constraint
Optimal point found for initial point 4
Negative llh: 131.23268246699092
Dropout rate: 4.884213431868243e-10
Silencing rate: 2.880084842654136e-10
Sigma: 3.9952602175038385
Initial point 5. Random seed: 747
Solving with ultrametric constraint
Optimal point found for initial point 5
Negative llh: 131.2326906079471
Dropout rate: 1.0000000000000002e-10
Silencing rate: 1e-10
Sigma: 3.995172376311387
Initial point 6. Random seed: 3286
Solving with ultrametric constraint
Optimal point found for initial point 6
Negative llh: 131.23268319400253
Dropout rate: 1.0000000000000002e-10
Silencing rate: 1.0000000000000002e-10
Sigma: 3.9951809335684394
Initial point 7. Random seed: 3089
Solving with ultrametric constraint
Optimal point found for initial point 7
Negative llh: 131.232678941789
Dropout rate: 1.1945761707949374e-10
Silencing rate: 1.025229452903035e-10
Sigma: 3.9951503308508847
Initial point 8. Random seed: 7971
Solving with ultrametric constraint
Optimal point found for initial point 8
Negative llh: 131.23268630209924
Dropout rate: 2.5489338973104325e-10
Silencing rate: 1.9904141136431737e-10
Sigma: 3.9952879821521856
Initial point 9. Random seed: 9275
Solving with ultrametric constraint
Optimal point found for initial point 9
Negative llh: 131.2326950673879
Dropout rate: 2.0484473758472702e-10
Silencing rate: 1.730512621388661e-10
Sigma: 3.9953777910593815
Initial point 10. Random seed: 3132
Solving with ultrametric constraint
Optimal point found for initial point 10
Negative llh: 131.2326795722325
Dropout rate: 9.999999999999996e-11
Silencing rate: 9.999999999999996e-11
Sigma: 3.9951841606976446
Runtime (s): 236.71931185014546
