Launching Problin version 0.5b
Problin was called as follow: /u/gh2161/Spatial-Division/problin/run_problin.py -c real_location_data/s3c3/k10_r5_character_matrix.csv -t real_location_data/s3c3/true_tree.nwk -S real_location_data/s3c3/leaf_locations.txt --delimiter comma -p real_location_data/s3c3/k10_priors.csv -o real_location_data/s3c3/k10_r5_spalin-divide-beta5-spatialonly.txt --nInitials 10 --ultrametric --randomreps 3 --divide --radius 5 --spatial_only
Optimization by Spalin-Divide: Scipy-SLSQP using spatial information
Optimizing branch lengths, phi, and nu without topology search
only spatial
only spatial
Initial point 1. Random seed: 6943
Solving with ultrametric constraint
Optimal point found for initial point 1
Negative llh: 64.37545428000118
Dropout rate: 0.5739539010627801
Silencing rate: 0.5526040467948058
Sigma: 1.256236135032694
Lambda: 1.0
Initial point 2. Random seed: 7332
Solving with ultrametric constraint
Optimal point found for initial point 2
Negative llh: 64.3315725420083
Dropout rate: 0.8239539351371121
Silencing rate: 0.22109067665412319
Sigma: 1.1150266055036335
Lambda: 1.0
Initial point 3. Random seed: 6771
Solving with ultrametric constraint
Optimal point found for initial point 3
Negative llh: 64.33979476953034
Dropout rate: 0.07538158809904875
Silencing rate: 0.004010165647891205
Sigma: 1.147678710973948
Lambda: 1.0
Initial point 4. Random seed: 9728
Solving with ultrametric constraint
Optimal point found for initial point 4
Negative llh: 64.3780718627067
Dropout rate: 0.8925174959759106
Silencing rate: 0.4773326834068837
Sigma: 1.26307387516721
Lambda: 1.0
Initial point 5. Random seed: 979
Solving with ultrametric constraint
Optimal point found for initial point 5
Negative llh: 64.34345576467787
Dropout rate: 0.3517451675227543
Silencing rate: 0.6846983771919266
Sigma: 1.1607192136727733
Lambda: 1.0
Initial point 6. Random seed: 2783
Solving with ultrametric constraint
Optimal point found for initial point 6
Negative llh: 64.34459432443087
Dropout rate: 0.8688927917565895
Silencing rate: 0.8419583615211994
Sigma: 1.1641136940167214
Lambda: 1.0
Initial point 7. Random seed: 7283
Solving with ultrametric constraint
Optimal point found for initial point 7
Negative llh: 64.33902101984195
Dropout rate: 0.7961400952643688
Silencing rate: 0.1996037662653956
Sigma: 1.1447767591835747
Lambda: 1.0
Initial point 8. Random seed: 6494
Solving with ultrametric constraint
Optimal point found for initial point 8
Negative llh: 64.33997016095246
Dropout rate: 0.0045072666795053385
Silencing rate: 0.4714802443078884
Sigma: 1.147717758645008
Lambda: 1.0
Initial point 9. Random seed: 822
Solving with ultrametric constraint
Optimal point found for initial point 9
Negative llh: 64.37724309385067
Dropout rate: 0.12439408358105913
Silencing rate: 0.134971498758362
Sigma: 1.2609128401115066
Lambda: 1.0
Initial point 10. Random seed: 6980
Solving with ultrametric constraint
Optimal point found for initial point 10
Negative llh: 64.37780295130328
Dropout rate: 0.5105806051137834
Silencing rate: 0.5712895316056366
Sigma: 1.2623444022579722
Lambda: 1.0
{'lambda_param': 1.0, 'phi': 0.8239539351371121, 'nu': 0.22109067665412319, 'sigma': 1.1150266055036335, 'locations': {'216_4': (202.0, 224.0), '216_3': (216.0, 238.0), '216_2': (197.0, 239.0), '216_1': (206.0, 258.0), '216_10': (229.0, 210.0), '216_9': (208.0, 211.0), '216_8': (246.0, 213.0), '216_7': (233.0, 234.0), '216_6': (252.0, 223.0), '216_5': (236.0, 242.0)}, 'radius': 5.0, 'thetas': {'205_5': 2.2706306163606835, '207_7': 8.408296921723526, '169_3': 1.1070529553867792, '177_5': 3.093999831423964, '126_2': 6.907761500038707, '187_1': 7.411560829940095, '188_3': 7.068621757060954, '136_1': 1.9752584896562713, '77_1': -0.6688841315600639}}
Runtime (s): 84.24541001953185
