Launching Problin version 0.5b
Problin was called as follow: /u/gh2161/Spatial-Division/problin/run_problin.py -c real_location_data/s3c3/k10_r4_character_matrix.csv -t real_location_data/s3c3/true_tree.nwk -S real_location_data/s3c3/leaf_locations.txt --delimiter comma -p real_location_data/s3c3/k10_priors.csv -o real_location_data/s3c3/k10_r4_spalin-divide-beta8.txt --nInitials 10 --ultrametric --randomreps 3 --divide --given_beta 8 --incl_beta_bound
Optimization by Spalin-Divide: Scipy-SLSQP using spatial information
Optimizing branch lengths, phi, and nu without topology search
Initial point 1. Random seed: 6819
Solving with ultrametric constraint
Optimal point found for initial point 1
Negative llh: 85.86353814390645
Dropout rate: 3.8136560164554843e-10
Silencing rate: 2.065662213213666e-10
Sigma: 3.2282358612543423
Initial point 2. Random seed: 4962
Solving with ultrametric constraint
Optimal point found for initial point 2
Negative llh: 85.86353796487131
Dropout rate: 1e-10
Silencing rate: 1e-10
Sigma: 3.2282378850856843
Initial point 3. Random seed: 7345
Solving with ultrametric constraint
Optimal point found for initial point 3
Negative llh: 85.86353795700944
Dropout rate: 1e-10
Silencing rate: 1e-10
Sigma: 3.2282521811709204
Initial point 4. Random seed: 7405
Solving with ultrametric constraint
Optimal point found for initial point 4
Negative llh: 85.86353797064213
Dropout rate: 1e-10
Silencing rate: 1e-10
Sigma: 3.228251415999727
Initial point 5. Random seed: 7997
Solving with ultrametric constraint
Optimal point found for initial point 5
Negative llh: 85.86353798586529
Dropout rate: 2.2158913747287604e-10
Silencing rate: 1.4602535473092213e-10
Sigma: 3.2282615216195856
Initial point 6. Random seed: 2507
Solving with ultrametric constraint
Optimal point found for initial point 6
Negative llh: 85.86353800385812
Dropout rate: 2.4694367290821156e-10
Silencing rate: 1.6275329592615776e-10
Sigma: 3.2282527447078233
Initial point 7. Random seed: 7377
Solving with ultrametric constraint
Optimal point found for initial point 7
Negative llh: 85.86353795694029
Dropout rate: 1.0000000000000002e-10
Silencing rate: 1.0000000000000002e-10
Sigma: 3.2282488373165505
Initial point 8. Random seed: 3755
Solving with ultrametric constraint
Optimal point found for initial point 8
Negative llh: 85.86353796977608
Dropout rate: 1.2268917265735043e-10
Silencing rate: 1.2765683744323316e-10
Sigma: 3.228242692602469
Initial point 9. Random seed: 2583
Solving with ultrametric constraint
Optimal point found for initial point 9
Negative llh: 85.86353808152543
Dropout rate: 5.526127299964325e-10
Silencing rate: 3.84658446147926e-10
Sigma: 3.2282528962139923
Initial point 10. Random seed: 449
Solving with ultrametric constraint
Optimal point found for initial point 10
Negative llh: 85.86353797099704
Dropout rate: 1.7436276613862116e-10
Silencing rate: 1.4351761782079266e-10
Sigma: 3.228249767994777
Runtime (s): 222.92744863778353
