Launching Problin version 0.5b
Problin was called as follow: /u/gh2161/Spatial-Division/problin/run_problin.py -c real_location_data/s3c3/k10_r1_character_matrix.csv -t real_location_data/s3c3/true_tree.nwk -S real_location_data/s3c3/leaf_locations.txt --delimiter comma -p real_location_data/s3c3/k10_priors.csv -o real_location_data/s3c3/k10_r1_spalin-divide-beta8.txt --nInitials 10 --ultrametric --randomreps 3 --divide --given_beta 8 --incl_beta_bound
Optimization by Spalin-Divide: Scipy-SLSQP using spatial information
Optimizing branch lengths, phi, and nu without topology search
Initial point 1. Random seed: 9781
Solving with ultrametric constraint
Optimal point found for initial point 1
Negative llh: 97.03686864100177
Dropout rate: 1e-10
Silencing rate: 1e-10
Sigma: 3.0175089671854116
Initial point 2. Random seed: 5400
Solving with ultrametric constraint
Optimal point found for initial point 2
Negative llh: 97.03686865882626
Dropout rate: 1.7866196138773677e-10
Silencing rate: 1.3026963984236068e-10
Sigma: 3.0175081303596043
Initial point 3. Random seed: 3345
Solving with ultrametric constraint
Optimal point found for initial point 3
Negative llh: 97.03686885838908
Dropout rate: 1.450002788708933e-10
Silencing rate: 1.16531880501837e-10
Sigma: 3.0175083813003765
Initial point 4. Random seed: 8315
Solving with ultrametric constraint
Optimal point found for initial point 4
Negative llh: 97.03686864258017
Dropout rate: 1e-10
Silencing rate: 1e-10
Sigma: 3.0174886399540237
Initial point 5. Random seed: 1481
Solving with ultrametric constraint
Optimal point found for initial point 5
Negative llh: 97.03686864336555
Dropout rate: 1e-10
Silencing rate: 1e-10
Sigma: 3.017505454475084
Initial point 6. Random seed: 8052
Solving with ultrametric constraint
Optimal point found for initial point 6
Negative llh: 97.03686870959486
Dropout rate: 2.6383897010813846e-10
Silencing rate: 1.6018171462238998e-10
Sigma: 3.0175032624777676
Initial point 7. Random seed: 507
Solving with ultrametric constraint
Optimal point found for initial point 7
Negative llh: 97.03690113795034
Dropout rate: 1.0000000000000002e-10
Silencing rate: 1.0000000000000002e-10
Sigma: 3.017392397996035
Initial point 8. Random seed: 1633
Solving with ultrametric constraint
Optimal point found for initial point 8
Negative llh: 97.03686896176106
Dropout rate: 1.0000000000000002e-10
Silencing rate: 1.0000000000000002e-10
Sigma: 3.0175032432015305
Initial point 9. Random seed: 8912
Solving with ultrametric constraint
Optimal point found for initial point 9
Negative llh: 97.03686854188328
Dropout rate: 1e-10
Silencing rate: 1e-10
Sigma: 3.017509447406931
Initial point 10. Random seed: 5692
Solving with ultrametric constraint
Optimal point found for initial point 10
Negative llh: 97.03686954148259
Dropout rate: 1e-10
Silencing rate: 1e-10
Sigma: 3.0175712304124027
Runtime (s): 462.68935478199273
