Launching Problin version 0.5b
Problin was called as follow: /u/gh2161/Spatial-Division/problin/run_problin.py -c real_location_data/s3c3/k10_r1_character_matrix.csv -t real_location_data/s3c3/true_tree.nwk -S real_location_data/s3c3/leaf_locations.txt --delimiter comma -p real_location_data/s3c3/k10_priors.csv -o real_location_data/s3c3/k10_r1_spalin-divide-beta20.txt --nInitials 10 --ultrametric --randomreps 3 --divide --given_beta 20 --incl_beta_bound
Optimization by Spalin-Divide: Scipy-SLSQP using spatial information
Optimizing branch lengths, phi, and nu without topology search
Initial point 1. Random seed: 5315
Solving with ultrametric constraint
Optimal point found for initial point 1
Negative llh: 111.71689547077915
Dropout rate: 1e-10
Silencing rate: 1e-10
Sigma: 4.335075818600849
Initial point 2. Random seed: 4957
Solving with ultrametric constraint
Optimal point found for initial point 2
Negative llh: 111.71689215511722
Dropout rate: 3.7558688484736555e-10
Silencing rate: 2.5110386481088334e-10
Sigma: 4.33375275347187
Initial point 3. Random seed: 5471
Solving with ultrametric constraint
Optimal point found for initial point 3
Negative llh: 111.7168893574773
Dropout rate: 1e-10
Silencing rate: 1e-10
Sigma: 4.333734240655699
Initial point 4. Random seed: 2098
Solving with ultrametric constraint
Optimal point found for initial point 4
Negative llh: 111.71688393871554
Dropout rate: 1e-10
Silencing rate: 1e-10
Sigma: 4.334374118231134
Initial point 5. Random seed: 1132
Solving with ultrametric constraint
Optimal point found for initial point 5
Negative llh: 111.71688405389095
Dropout rate: 1e-10
Silencing rate: 1e-10
Sigma: 4.334396788489288
Initial point 6. Random seed: 4895
Solving with ultrametric constraint
Optimal point found for initial point 6
Negative llh: 111.71690868649998
Dropout rate: 1e-10
Silencing rate: 1e-10
Sigma: 4.334977625033604
Initial point 7. Random seed: 3706
Solving with ultrametric constraint
Optimal point found for initial point 7
Negative llh: 111.71688325051502
Dropout rate: 1.6460690338401748e-10
Silencing rate: 1.3610497229847543e-10
Sigma: 4.3344604194828555
Initial point 8. Random seed: 536
Solving with ultrametric constraint
Optimal point found for initial point 8
Negative llh: 111.71688350546557
Dropout rate: 1.0000000000000002e-10
Silencing rate: 1e-10
Sigma: 4.334420215532971
Initial point 9. Random seed: 7088
Solving with ultrametric constraint
Optimal point found for initial point 9
Negative llh: 111.71690975381284
Dropout rate: 3.4237219158795957e-10
Silencing rate: 2.5334040560697347e-10
Sigma: 4.332620171663591
Initial point 10. Random seed: 8471
Solving with ultrametric constraint
Optimal point found for initial point 10
Negative llh: 111.7168920907261
Dropout rate: 1e-10
Silencing rate: 1e-10
Sigma: 4.333550622615048
Runtime (s): 404.79836294427514
