Launching Problin version 0.5b
Problin was called as follow: /u/gh2161/Spatial-Division/problin/run_problin.py -c real_location_data/s3c3/k10_r5_character_matrix.csv -t real_location_data/s3c3/true_tree.nwk -S real_location_data/s3c3/leaf_locations.txt --delimiter comma -p real_location_data/s3c3/k10_priors.csv -o real_location_data/s3c3/k10_r5_spalin-divide-beta10.txt --nInitials 10 --ultrametric --randomreps 3 --divide --radius 10
Optimization by Spalin-Divide: Scipy-SLSQP using spatial information
Optimizing branch lengths, phi, and nu without topology search
Initial point 1. Random seed: 9959
Solving with ultrametric constraint
Optimal point found for initial point 1
Negative llh: 80.29233240106946
Dropout rate: 3.8958807427430184e-10
Silencing rate: 1.0020260040458347e-10
Sigma: 0.7176947156305611
Initial point 2. Random seed: 5027
Solving with ultrametric constraint
Optimal point found for initial point 2
Negative llh: 80.29160242818853
Dropout rate: 2.811532020882128e-10
Silencing rate: 1.0481896805505044e-10
Sigma: 0.7188540284583712
Initial point 3. Random seed: 2823
Solving with ultrametric constraint
Optimal point found for initial point 3
Negative llh: 80.29179750442788
Dropout rate: 1e-10
Silencing rate: 1e-10
Sigma: 0.7185875941054255
Initial point 4. Random seed: 4323
Solving with ultrametric constraint
Optimal point found for initial point 4
Negative llh: 97.8454621368488
Dropout rate: 1.7477114947390875e-10
Silencing rate: 1.0433845731922555e-10
Sigma: 0.6815766505556698
Initial point 5. Random seed: 4451
Solving with ultrametric constraint
Fatal: failed to optimize using initial point 5
Initial point 6. Random seed: 4197
Solving with ultrametric constraint
Optimal point found for initial point 6
Negative llh: 80.29160221824536
Dropout rate: 2.2390536744655457e-10
Silencing rate: 1.6032048318100761e-10
Sigma: 0.7188724664137266
Initial point 7. Random seed: 6271
Solving with ultrametric constraint
Optimal point found for initial point 7
Negative llh: 80.29160217080215
Dropout rate: 1e-10
Silencing rate: 1e-10
Sigma: 0.7188510924121158
Initial point 8. Random seed: 9402
Solving with ultrametric constraint
Optimal point found for initial point 8
Negative llh: 80.29160266848955
Dropout rate: 1e-10
Silencing rate: 1e-10
Sigma: 0.7188211355899519
Initial point 9. Random seed: 1682
Solving with ultrametric constraint
Optimal point found for initial point 9
Negative llh: 80.29160236252119
Dropout rate: 1e-10
Silencing rate: 1e-10
Sigma: 0.7188282029252957
Initial point 10. Random seed: 719
Solving with ultrametric constraint
Optimal point found for initial point 10
Negative llh: 80.29160633230933
Dropout rate: 1.5686694123119588e-10
Silencing rate: 1.0000046464150943e-10
Sigma: 0.7188684700355729
Runtime (s): 342.55484026903287
