Launching Problin version 0.5b
Problin was called as follow: /u/gh2161/Spatial-Division/problin/run_problin.py -c real_location_data/s3c3/k10_r2_character_matrix.csv -t real_location_data/s3c3/true_tree.nwk -S real_location_data/s3c3/leaf_locations.txt --delimiter comma -p real_location_data/s3c3/k10_priors.csv -o real_location_data/s3c3/k10_r2_spalin-divide-beta9.txt --nInitials 10 --ultrametric --randomreps 3 --divide --given_beta 9 --incl_beta_bound
Optimization by Spalin-Divide: Scipy-SLSQP using spatial information
Optimizing branch lengths, phi, and nu without topology search
Initial point 1. Random seed: 4901
Solving with ultrametric constraint
Optimal point found for initial point 1
Negative llh: 85.56969598821468
Dropout rate: 1e-10
Silencing rate: 1e-10
Sigma: 2.61311140180208
Initial point 2. Random seed: 6804
Solving with ultrametric constraint
Optimal point found for initial point 2
Negative llh: 85.56969598415972
Dropout rate: 1e-10
Silencing rate: 1e-10
Sigma: 2.613100811547003
Initial point 3. Random seed: 8436
Solving with ultrametric constraint
Optimal point found for initial point 3
Negative llh: 85.56969597590901
Dropout rate: 1e-10
Silencing rate: 1e-10
Sigma: 2.613103972379961
Initial point 4. Random seed: 4041
Solving with ultrametric constraint
Optimal point found for initial point 4
Negative llh: 85.56982897451587
Dropout rate: 4.6099534354542916e-10
Silencing rate: 6.12213533718955e-10
Sigma: 2.613485288947821
Initial point 5. Random seed: 6333
Solving with ultrametric constraint
Optimal point found for initial point 5
Negative llh: 85.56969606743039
Dropout rate: 6.07664557763387e-10
Silencing rate: 5.000308094702233e-10
Sigma: 2.613104375835419
Initial point 6. Random seed: 7984
Solving with ultrametric constraint
Optimal point found for initial point 6
Negative llh: 85.56969597454322
Dropout rate: 1e-10
Silencing rate: 1e-10
Sigma: 2.6130982454680276
Initial point 7. Random seed: 3054
Solving with ultrametric constraint
Optimal point found for initial point 7
Negative llh: 85.56969600523269
Dropout rate: 2.9431548926591473e-10
Silencing rate: 2.2919801121408868e-10
Sigma: 2.613103335185078
Initial point 8. Random seed: 5969
Solving with ultrametric constraint
Optimal point found for initial point 8
Negative llh: 85.56969600156943
Dropout rate: 2.1748192484901591e-10
Silencing rate: 1.690169462551147e-10
Sigma: 2.6131033747677987
Initial point 9. Random seed: 2016
Solving with ultrametric constraint
Optimal point found for initial point 9
Negative llh: 85.56969597757713
Dropout rate: 1e-10
Silencing rate: 1e-10
Sigma: 2.613100967578065
Initial point 10. Random seed: 6839
Solving with ultrametric constraint
Optimal point found for initial point 10
Negative llh: 85.56969975223532
Dropout rate: 3.490685038640797e-10
Silencing rate: 2.3843615506645043e-09
Sigma: 2.6131008500199497
Runtime (s): 203.10414185654372
