Launching Problin version 0.5b
Problin was called as follow: /u/gh2161/Spatial-Division/problin/run_problin.py -c real_location_data/s3c3/k10_r5_character_matrix.csv -t real_location_data/s3c3/true_tree.nwk -S real_location_data/s3c3/leaf_locations.txt --delimiter comma -p real_location_data/s3c3/k10_priors.csv -o real_location_data/s3c3/k10_r5_spalin-divide-beta7.txt --nInitials 10 --ultrametric --randomreps 3 --divide --radius 7
Optimization by Spalin-Divide: Scipy-SLSQP using spatial information
Optimizing branch lengths, phi, and nu without topology search
Initial point 1. Random seed: 1785
Solving with ultrametric constraint
Optimal point found for initial point 1
Negative llh: 93.30324449148958
Dropout rate: 1e-10
Silencing rate: 1e-10
Sigma: 0.9504867464185188
Initial point 2. Random seed: 5535
Solving with ultrametric constraint
Optimal point found for initial point 2
Negative llh: 93.30333448883755
Dropout rate: 1.3290279268712633e-10
Silencing rate: 1.1187634212810292e-10
Sigma: 0.9505735864330435
Initial point 3. Random seed: 2398
Solving with ultrametric constraint
Optimal point found for initial point 3
Negative llh: 93.30324413639555
Dropout rate: 1e-10
Silencing rate: 1e-10
Sigma: 0.9504816865028398
Initial point 4. Random seed: 7531
Solving with ultrametric constraint
Optimal point found for initial point 4
Negative llh: 908.7391627131057
Dropout rate: 6.079858201278652e-07
Silencing rate: 0.004276902585458299
Sigma: 2.542716728045992
Initial point 5. Random seed: 7191
Solving with ultrametric constraint
Optimal point found for initial point 5
Negative llh: 93.30324433604386
Dropout rate: 2.8272368519153425e-10
Silencing rate: 1.0018803058610481e-10
Sigma: 0.9504861083597744
Initial point 6. Random seed: 4994
Solving with ultrametric constraint
Optimal point found for initial point 6
Negative llh: 93.30327850729125
Dropout rate: 1e-10
Silencing rate: 1e-10
Sigma: 0.9507512886959568
Initial point 7. Random seed: 531
Solving with ultrametric constraint
Optimal point found for initial point 7
Negative llh: 93.30328770291533
Dropout rate: 1e-10
Silencing rate: 1e-10
Sigma: 0.9509106113825406
Initial point 8. Random seed: 1954
Solving with ultrametric constraint
Optimal point found for initial point 8
Negative llh: 93.30362232776399
Dropout rate: 1e-10
Silencing rate: 1.0147274708585198e-10
Sigma: 0.9505501122332725
Initial point 9. Random seed: 8022
Solving with ultrametric constraint
Optimal point found for initial point 9
Negative llh: 93.30324423443007
Dropout rate: 1.219892239158044e-10
Silencing rate: 1.011209320179243e-10
Sigma: 0.9504954181137929
Initial point 10. Random seed: 147
Solving with ultrametric constraint
Optimal point found for initial point 10
Negative llh: 93.30324479989179
Dropout rate: 1.3884437959338e-10
Silencing rate: 1.2547007428650133e-10
Sigma: 0.9504407127584806
Runtime (s): 244.21848500380293
