Launching Problin version 0.5b
Problin was called as follow: /u/gh2161/Spatial-Division/problin/run_problin.py -c real_location_data/s3c3/k10_r1_character_matrix.csv -t real_location_data/s3c3/true_tree.nwk -S real_location_data/s3c3/leaf_locations.txt --delimiter comma -p real_location_data/s3c3/k10_priors.csv -o real_location_data/s3c3/k10_r1_spalin-divide-beta9.txt --nInitials 10 --ultrametric --randomreps 3 --divide --given_beta 9 --incl_beta_bound
Optimization by Spalin-Divide: Scipy-SLSQP using spatial information
Optimizing branch lengths, phi, and nu without topology search
Initial point 1. Random seed: 6664
Solving with ultrametric constraint
Optimal point found for initial point 1
Negative llh: 90.6449048854789
Dropout rate: 7.5014994884434e-10
Silencing rate: 4.1015304451492417e-10
Sigma: 2.6449447912219286
Initial point 2. Random seed: 5145
Solving with ultrametric constraint
Optimal point found for initial point 2
Negative llh: 90.64488559637729
Dropout rate: 1e-10
Silencing rate: 1e-10
Sigma: 2.644985421249631
Initial point 3. Random seed: 4146
Solving with ultrametric constraint
Optimal point found for initial point 3
Negative llh: 90.64488537469495
Dropout rate: 1.1795231907066482e-10
Silencing rate: 1.0937648949968219e-10
Sigma: 2.6449901678797714
Initial point 4. Random seed: 8454
Solving with ultrametric constraint
Optimal point found for initial point 4
Negative llh: 90.64489339264645
Dropout rate: 7.831587980754938e-09
Silencing rate: 1.2827383536088257e-08
Sigma: 2.645034583112267
Initial point 5. Random seed: 7543
Solving with ultrametric constraint
Optimal point found for initial point 5
Negative llh: 90.6448856712618
Dropout rate: 2.9946871285625873e-10
Silencing rate: 2.639407509361923e-10
Sigma: 2.6450218094063263
Initial point 6. Random seed: 742
Solving with ultrametric constraint
Optimal point found for initial point 6
Negative llh: 90.64491163242029
Dropout rate: 4.915271193420479e-10
Silencing rate: 4.595167443723754e-10
Sigma: 2.6449162619571545
Initial point 7. Random seed: 171
Solving with ultrametric constraint
Optimal point found for initial point 7
Negative llh: 90.64488697932099
Dropout rate: 1.0000000000000002e-10
Silencing rate: 1.0000000000000002e-10
Sigma: 2.6451726232855233
Initial point 8. Random seed: 8135
Solving with ultrametric constraint
Optimal point found for initial point 8
Negative llh: 90.64488570800025
Dropout rate: 2.1638554293142841e-10
Silencing rate: 2.014976127084344e-10
Sigma: 2.6451096179050286
Initial point 9. Random seed: 2878
Solving with ultrametric constraint
Optimal point found for initial point 9
Negative llh: 90.64488551411931
Dropout rate: 6.172165443931579e-10
Silencing rate: 4.0990970259267184e-10
Sigma: 2.645022590690327
Initial point 10. Random seed: 2105
Solving with ultrametric constraint
Optimal point found for initial point 10
Negative llh: 90.64488572061666
Dropout rate: 1.7250513445635855e-10
Silencing rate: 1.9794395684090336e-10
Sigma: 2.6450461147601736
Runtime (s): 195.68609240464866
