Launching Problin version 0.5b
Problin was called as follow: run_problin.py -c spalin_simulations_with_sep/s8c3/k10_character_matrix.csv -t spalin_simulations_with_sep/s8c3/true_tree.nwk --delimiter comma -p spalin_simulations_with_sep/s8c3/k10_priors.csv -o spalin_simulations_with_sep/s8c3/k10_problin --nInitials 10 --ultrametric
Optimization by EM algorithm
Optimizing branch lengths, phi, and nu without topology search
Initial point 1. Random seed: 441
Solving with ultrametric constraint
Initial phi: 0.9644700672281046. Initial nu: 0.1194396028189469. Initial nllh: 4413.549333056326
EM finished after 11 iterations.
Optimal point found for initial point 1
Negative llh: 44.630236677497216
Dropout rate: 0
Silencing rate: 1.149957828172009e-06
Initial point 2. Random seed: 6178
Solving with ultrametric constraint
Initial phi: 0.7806066532350071. Initial nu: 0.6223355005759824. Initial nllh: 301.2378158743087
EM finished after 10 iterations.
Optimal point found for initial point 2
Negative llh: 44.63023768077956
Dropout rate: 0
Silencing rate: 1.1630308059864164e-06
Initial point 3. Random seed: 6486
Solving with ultrametric constraint
Initial phi: 0.14268573465348433. Initial nu: 0.43698074920071184. Initial nllh: 88.1364836050151
EM finished after 15 iterations.
Optimal point found for initial point 3
Negative llh: 44.63023619144956
Dropout rate: 0
Silencing rate: 1.1378300804721243e-06
Initial point 4. Random seed: 2275
Solving with ultrametric constraint
Initial phi: 0.8413958199463891. Initial nu: 0.4118799666891254. Initial nllh: 340.07398009294445
EM finished after 15 iterations.
Optimal point found for initial point 4
Negative llh: 44.63023739120345
Dropout rate: 0
Silencing rate: 1.1635467669869215e-06
Initial point 5. Random seed: 5425
Solving with ultrametric constraint
Initial phi: 0.5467840399789917. Initial nu: 0.09827476710527877. Initial nllh: 167.9293734030046
EM finished after 16 iterations.
Optimal point found for initial point 5
Negative llh: 44.63023707952189
Dropout rate: 0
Silencing rate: 1.1569727875284223e-06
Initial point 6. Random seed: 69
Solving with ultrametric constraint
Initial phi: 0.8642168351337564. Initial nu: 0.06467552788205133. Initial nllh: 347.1561104677092
EM finished after 10 iterations.
Optimal point found for initial point 6
Negative llh: 44.63023750595008
Dropout rate: 0
Silencing rate: 1.1672480236644381e-06
Initial point 7. Random seed: 2366
Solving with ultrametric constraint
Initial phi: 0.06399904367215098. Initial nu: 0.7508944898213978. Initial nllh: 89.6309491420276
EM finished after 11 iterations.
Optimal point found for initial point 7
Negative llh: 44.63023735431147
Dropout rate: 0
Silencing rate: 1.1625172697203701e-06
Initial point 8. Random seed: 6781
Solving with ultrametric constraint
Initial phi: 0.12332548777863739. Initial nu: 0.661157174519653. Initial nllh: 95.26017384124087
EM finished after 12 iterations.
Optimal point found for initial point 8
Negative llh: 44.63023677766941
Dropout rate: 0
Silencing rate: 1.151677196878237e-06
Initial point 9. Random seed: 2122
Solving with ultrametric constraint
Initial phi: 0.9523720514785048. Initial nu: 0.5719109180228299. Initial nllh: 527.998743799718
EM finished after 13 iterations.
Optimal point found for initial point 9
Negative llh: 44.630236793728805
Dropout rate: 0
Silencing rate: 1.157176134637668e-06
Initial point 10. Random seed: 3178
Solving with ultrametric constraint
Initial phi: 0.028563827617584674. Initial nu: 0.04141256056132836. Initial nllh: 50.91184529507159
EM finished after 14 iterations.
Optimal point found for initial point 10
Negative llh: 44.63023840552426
Dropout rate: 0
Silencing rate: 1.1852475385505972e-06
Runtime (s): 9.646752205910161
