Launching Problin version 0.5b
Problin was called as follow: /u/gh2161/Spatial-Division/problin/run_problin.py -c real_location_data/s15c1/k10_r3_character_matrix.csv -t real_location_data/s15c1/true_tree.nwk -S real_location_data/s15c1/leaf_locations.txt --delimiter comma -p real_location_data/s15c1/k10_priors.csv -o real_location_data/s15c1/k10_r3_spalin-divide-beta6.txt --nInitials 10 --ultrametric --randomreps 3 --divide --given_beta 6 --incl_beta_bound
Optimization by Spalin-Divide: Scipy-SLSQP using spatial information
Optimizing branch lengths, phi, and nu without topology search
Initial point 1. Random seed: 8500
Solving with ultrametric constraint
Optimal point found for initial point 1
Negative llh: 154.2405488104955
Dropout rate: 6.521815342676517e-10
Silencing rate: 4.0559776604061875e-10
Sigma: 5.124538398894666
Initial point 2. Random seed: 4959
Solving with ultrametric constraint
Optimal point found for initial point 2
Negative llh: 154.2405682528693
Dropout rate: 1.6344772870391842e-09
Silencing rate: 2.018694431809231e-09
Sigma: 5.123516661298848
Initial point 3. Random seed: 4025
Solving with ultrametric constraint
Optimal point found for initial point 3
Negative llh: 154.24054376969985
Dropout rate: 1.67395410599918e-10
Silencing rate: 1.2810299503782584e-10
Sigma: 5.124765592369578
Initial point 4. Random seed: 9074
Solving with ultrametric constraint
Optimal point found for initial point 4
Negative llh: 154.24054375301006
Dropout rate: 1e-10
Silencing rate: 1e-10
Sigma: 5.124765205205033
Initial point 5. Random seed: 8553
Solving with ultrametric constraint
Optimal point found for initial point 5
Negative llh: 154.24054423733412
Dropout rate: 1e-10
Silencing rate: 1e-10
Sigma: 5.1247895410352005
Initial point 6. Random seed: 9502
Solving with ultrametric constraint
Optimal point found for initial point 6
Negative llh: 154.24054573135436
Dropout rate: 1.0000000000000002e-10
Silencing rate: 1e-10
Sigma: 5.124788571920059
Initial point 7. Random seed: 876
Solving with ultrametric constraint
Optimal point found for initial point 7
Negative llh: 154.24054515843747
Dropout rate: 6.010139252181154e-10
Silencing rate: 5.322524905859879e-10
Sigma: 5.124616343151047
Initial point 8. Random seed: 3040
Solving with ultrametric constraint
Optimal point found for initial point 8
Negative llh: 154.2405447228963
Dropout rate: 1e-10
Silencing rate: 1e-10
Sigma: 5.124536476494522
Initial point 9. Random seed: 55
Solving with ultrametric constraint
Optimal point found for initial point 9
Negative llh: 154.24054834074894
Dropout rate: 1.2112885380343144e-09
Silencing rate: 6.321625415015642e-10
Sigma: 5.1242667512634945
Initial point 10. Random seed: 1060
Solving with ultrametric constraint
Optimal point found for initial point 10
Negative llh: 154.2405436700836
Dropout rate: 1.0000000000000002e-10
Silencing rate: 1e-10
Sigma: 5.12476498989748
Runtime (s): 446.2884174026549
