Launching Problin version 0.5b
Problin was called as follow: /u/gh2161/Spatial-Division/problin/run_problin.py -c real_location_data/s15c1/k10_r1_character_matrix.csv -t real_location_data/s15c1/true_tree.nwk -S real_location_data/s15c1/leaf_locations.txt --delimiter comma -p real_location_data/s15c1/k10_priors.csv -o real_location_data/s15c1/k10_r1_spalin-divide-beta05.txt --nInitials 10 --ultrametric --randomreps 3 --divide --radius 0.5
Optimization by Spalin-Divide: Scipy-SLSQP using spatial information
Optimizing branch lengths, phi, and nu without topology search
Initial point 1. Random seed: 9061
Solving with ultrametric constraint
Optimal point found for initial point 1
Negative llh: 198.6472074551999
Dropout rate: 1e-10
Silencing rate: 1e-10
Sigma: 1.4930237171207272
Initial point 2. Random seed: 4129
Solving with ultrametric constraint
Optimal point found for initial point 2
Negative llh: 198.6459441692847
Dropout rate: 1e-10
Silencing rate: 1e-10
Sigma: 1.4924627130131685
Initial point 3. Random seed: 6567
Solving with ultrametric constraint
Optimal point found for initial point 3
Negative llh: 198.6462886722415
Dropout rate: 2.2314644881927128e-10
Silencing rate: 2.0709690307318115e-10
Sigma: 1.4928133501900684
Initial point 4. Random seed: 15
Solving with ultrametric constraint
Optimal point found for initial point 4
Negative llh: 198.64666632356156
Dropout rate: 6.811152156615604e-10
Silencing rate: 1.0125024988919473e-10
Sigma: 1.4930662136427406
Initial point 5. Random seed: 6202
Solving with ultrametric constraint
Optimal point found for initial point 5
Negative llh: 198.64651431905594
Dropout rate: 1e-10
Silencing rate: 1e-10
Sigma: 1.4928064373230607
Initial point 6. Random seed: 9529
Solving with ultrametric constraint
Fatal: failed to optimize using initial point 6
Initial point 7. Random seed: 6034
Solving with ultrametric constraint
Optimal point found for initial point 7
Negative llh: 198.64594003775682
Dropout rate: 1.0000000000000007e-10
Silencing rate: 1.0000000000000007e-10
Sigma: 1.4925272327603423
Initial point 8. Random seed: 2546
Solving with ultrametric constraint
Fatal: failed to optimize using initial point 8
Initial point 9. Random seed: 8174
Solving with ultrametric constraint
Optimal point found for initial point 9
Negative llh: 198.645966991793
Dropout rate: 1.057106023400534e-09
Silencing rate: 6.436521634012923e-10
Sigma: 1.4924708613553228
Initial point 10. Random seed: 9795
Solving with ultrametric constraint
Optimal point found for initial point 10
Negative llh: 198.64610079037686
Dropout rate: 9.999999999999996e-11
Silencing rate: 1.0000000000000002e-10
Sigma: 1.4926757142590807
Runtime (s): 873.2071800483391
