Launching Problin version 0.5b
Problin was called as follow: /u/gh2161/Spatial-Division/problin/run_problin.py -c real_location_data/s15c1/k10_r3_character_matrix.csv -t real_location_data/s15c1/true_tree.nwk --delimiter comma -p real_location_data/s15c1/k10_priors.csv -o real_location_data/s15c1/k10_r3_problin.txt --nInitials 10 --ultrametric --randomreps 3 --solver Scipy
Optimization by generic solver (Scipy-SLSQP)
Optimizing branch lengths, phi, and nu without topology search
Initial point 1. Random seed: 3703
Solving with ultrametric constraint
Optimal point found for initial point 1
Negative llh: 58.498004047808195
Dropout rate: 1.9754967645030006e-10
Silencing rate: 1.3079216523472837e-10
Lambda: 0.005178103375475436
Initial point 2. Random seed: 4237
Solving with ultrametric constraint
Optimal point found for initial point 2
Negative llh: 58.498003801213315
Dropout rate: 1.0000000000000002e-10
Silencing rate: 1e-10
Lambda: 0.005178102019561782
Initial point 3. Random seed: 7365
Solving with ultrametric constraint
Optimal point found for initial point 3
Negative llh: 58.49800429709036
Dropout rate: 1.1547363671837536e-09
Silencing rate: 5.153392201383754e-10
Lambda: 0.0051786275371247656
Initial point 4. Random seed: 6565
Solving with ultrametric constraint
Optimal point found for initial point 4
Negative llh: 58.498016700938834
Dropout rate: 1.0000000000000002e-10
Silencing rate: 1e-10
Lambda: 0.005178296148686968
Initial point 5. Random seed: 6157
Solving with ultrametric constraint
Optimal point found for initial point 5
Negative llh: 73.4561972671365
Dropout rate: 1.0000000000000007e-10
Silencing rate: 1.0000000000000002e-10
Lambda: 0.000976747086922315
Initial point 6. Random seed: 2756
Solving with ultrametric constraint
Optimal point found for initial point 6
Negative llh: 73.45576672132997
Dropout rate: 1e-10
Silencing rate: 1e-10
Lambda: 0.000976767326799095
Initial point 7. Random seed: 7249
Solving with ultrametric constraint
Optimal point found for initial point 7
Negative llh: 58.49800387941939
Dropout rate: 4.385447005238751e-10
Silencing rate: 2.3737790773832955e-10
Lambda: 0.005177954164071968
Initial point 8. Random seed: 4753
Solving with ultrametric constraint
Optimal point found for initial point 8
Negative llh: 58.49800378188513
Dropout rate: 1.0000000000000007e-10
Silencing rate: 9.999999999999996e-11
Lambda: 0.005177992944984226
Initial point 9. Random seed: 5267
Solving with ultrametric constraint
Optimal point found for initial point 9
Negative llh: 73.45575246923404
Dropout rate: 1e-10
Silencing rate: 1e-10
Lambda: 0.0009767688745797047
Initial point 10. Random seed: 305
Solving with ultrametric constraint
Optimal point found for initial point 10
Negative llh: 58.49800433903238
Dropout rate: 1.0000000000000002e-10
Silencing rate: 1e-10
Lambda: 0.0051776554304906255
{'phi': 1.0000000000000007e-10, 'nu': 9.999999999999996e-11, 'lambda_param': 0.005177992944984226}
Runtime (s): 46.80346844159067
