Launching Problin version 0.5b
Problin was called as follow: /u/gh2161/Spatial-Division/problin/run_problin.py -c real_location_data/s15c1/k10_r5_character_matrix.csv -t real_location_data/s15c1/true_tree.nwk -S real_location_data/s15c1/leaf_locations.txt --delimiter comma -p real_location_data/s15c1/k10_priors.csv -o real_location_data/s15c1/k10_r5_spalin-spatialonly.txt --nInitials 10 --ultrametric --randomreps 3 --spatial_only
Optimization by Spalin: Scipy-SLSQP using spatial information
Optimizing branch lengths, phi, and nu without topology search
only spatial
Initial point 1. Random seed: 6406
Solving with ultrametric constraint
Optimal point found for initial point 1
Negative llh: 85.24417495152075
Dropout rate: 0.7418867917164359
Silencing rate: 0.7867103927426383
Sigma: 4.112854939800814
Lambda: 1.0
Initial point 2. Random seed: 2654
Solving with ultrametric constraint
Optimal point found for initial point 2
Negative llh: 85.24417495152075
Dropout rate: 0.3348386122350341
Silencing rate: 0.589065356050896
Sigma: 4.112854939800814
Lambda: 1.0
Initial point 3. Random seed: 9636
Solving with ultrametric constraint
Optimal point found for initial point 3
Negative llh: 85.24417495152075
Dropout rate: 0.9672956042968051
Silencing rate: 0.5505864031959944
Sigma: 4.112854939800814
Lambda: 1.0
Initial point 4. Random seed: 8047
Solving with ultrametric constraint
Optimal point found for initial point 4
Negative llh: 85.24417495152075
Dropout rate: 0.9720354902065702
Silencing rate: 0.029870521723531437
Sigma: 4.112854939800814
Lambda: 1.0
Initial point 5. Random seed: 347
Solving with ultrametric constraint
Optimal point found for initial point 5
Negative llh: 85.24417495152075
Dropout rate: 0.9407337773482737
Silencing rate: 0.473525020405739
Sigma: 4.112854939800814
Lambda: 1.0
Initial point 6. Random seed: 5718
Solving with ultrametric constraint
Optimal point found for initial point 6
Negative llh: 85.24417495152075
Dropout rate: 0.5283878216556268
Silencing rate: 0.39188162102895274
Sigma: 4.112854939800814
Lambda: 1.0
Initial point 7. Random seed: 6464
Solving with ultrametric constraint
Optimal point found for initial point 7
Negative llh: 85.24417495152075
Dropout rate: 0.5885181215056738
Silencing rate: 0.23095779529868998
Sigma: 4.112854939800814
Lambda: 1.0
Initial point 8. Random seed: 1424
Solving with ultrametric constraint
Optimal point found for initial point 8
Negative llh: 85.24417495152075
Dropout rate: 0.18167136295620157
Silencing rate: 0.4450086202344249
Sigma: 4.112854939800814
Lambda: 1.0
Initial point 9. Random seed: 4090
Solving with ultrametric constraint
Optimal point found for initial point 9
Negative llh: 85.24417495152075
Dropout rate: 0.8255234664028624
Silencing rate: 0.3092052067152792
Sigma: 4.112854939800814
Lambda: 1.0
Initial point 10. Random seed: 1764
Solving with ultrametric constraint
Optimal point found for initial point 10
Negative llh: 85.24417495152075
Dropout rate: 0.2457802323900748
Silencing rate: 0.8338243531451887
Sigma: 4.112854939800814
Lambda: 1.0
{'lambda_param': 1.0, 'phi': 0.7418867917164359, 'nu': 0.7867103927426383, 'sigma': 4.112854939800814, 'locations': {'216_14': (102.0, 432.0), '216_13': (105.0, 462.0), '216_10': (78.0, 418.0), '216_9': (66.0, 431.0), '216_12': (94.0, 351.0), '216_11': (95.0, 372.0), '216_2': (97.0, 442.0), '216_4': (110.0, 394.0), '216_3': (91.0, 403.0), '216_6': (28.0, 405.0), '216_5': (40.0, 415.0), '216_8': (63.0, 383.0), '216_7': (51.0, 398.0)}}
Runtime (s): 41.89446563087404
