Launching Problin version 0.5b
Problin was called as follow: /u/gh2161/Spatial-Division/problin/run_problin.py -c real_location_data/s15c1/k10_r4_character_matrix.csv -t real_location_data/s15c1/true_tree.nwk -S real_location_data/s15c1/leaf_locations.txt --delimiter comma -p real_location_data/s15c1/k10_priors.csv -o real_location_data/s15c1/k10_r4_spalin-divide-beta8.txt --nInitials 10 --ultrametric --randomreps 3 --divide --given_beta 8 --incl_beta_bound
Optimization by Spalin-Divide: Scipy-SLSQP using spatial information
Optimizing branch lengths, phi, and nu without topology search
Initial point 1. Random seed: 2832
Solving with ultrametric constraint
Optimal point found for initial point 1
Negative llh: 178.39173418827926
Dropout rate: 1.5052552983257926e-09
Silencing rate: 1.313951496068808e-09
Sigma: 4.111674469726457
Initial point 2. Random seed: 574
Solving with ultrametric constraint
Optimal point found for initial point 2
Negative llh: 178.3917269764331
Dropout rate: 1e-10
Silencing rate: 1e-10
Sigma: 4.111660613081474
Initial point 3. Random seed: 5132
Solving with ultrametric constraint
Optimal point found for initial point 3
Negative llh: 178.3917271793558
Dropout rate: 9.999999999999996e-11
Silencing rate: 1.0000000000000002e-10
Sigma: 4.111604163919602
Initial point 4. Random seed: 2727
Solving with ultrametric constraint
Optimal point found for initial point 4
Negative llh: 178.39172661167459
Dropout rate: 1.0000000000000002e-10
Silencing rate: 1e-10
Sigma: 4.111596503631645
Initial point 5. Random seed: 5428
Solving with ultrametric constraint
Optimal point found for initial point 5
Negative llh: 178.3917267364781
Dropout rate: 1.185588605214458e-10
Silencing rate: 1.2504481836418192e-10
Sigma: 4.111611290276475
Initial point 6. Random seed: 8052
Solving with ultrametric constraint
Optimal point found for initial point 6
Negative llh: 178.39172703053129
Dropout rate: 1e-10
Silencing rate: 1e-10
Sigma: 4.1115969700884545
Initial point 7. Random seed: 5172
Solving with ultrametric constraint
Optimal point found for initial point 7
Negative llh: 178.39172729892925
Dropout rate: 1e-10
Silencing rate: 1e-10
Sigma: 4.111465194084245
Initial point 8. Random seed: 1373
Solving with ultrametric constraint
Optimal point found for initial point 8
Negative llh: 178.39172671416992
Dropout rate: 1e-10
Silencing rate: 1e-10
Sigma: 4.111592938936074
Initial point 9. Random seed: 1967
Solving with ultrametric constraint
Optimal point found for initial point 9
Negative llh: 178.39173005187774
Dropout rate: 4.658983677869815e-10
Silencing rate: 4.691325031352043e-10
Sigma: 4.111629854607618
Initial point 10. Random seed: 6973
Solving with ultrametric constraint
Optimal point found for initial point 10
Negative llh: 178.39172767959943
Dropout rate: 3.4229563715613063e-10
Silencing rate: 3.2257995229240846e-10
Sigma: 4.111498945153236
Runtime (s): 882.3781241960824
