Launching Problin version 0.5b
Problin was called as follow: /u/gh2161/Spatial-Division/problin/run_problin.py -c real_location_data/s15c1/k10_r1_character_matrix.csv -t real_location_data/s15c1/true_tree.nwk -S real_location_data/s15c1/leaf_locations.txt --delimiter comma -p real_location_data/s15c1/k10_priors.csv -o real_location_data/s15c1/k10_r1_spalin-spatialonly.txt --nInitials 10 --ultrametric --randomreps 3 --spatial_only
Optimization by Spalin: Scipy-SLSQP using spatial information
Optimizing branch lengths, phi, and nu without topology search
only spatial
Initial point 1. Random seed: 5457
Solving with ultrametric constraint
Optimal point found for initial point 1
Negative llh: 85.24417495152075
Dropout rate: 0.7417389372734862
Silencing rate: 0.6758483674095769
Sigma: 4.112854939800814
Lambda: 1.0
Initial point 2. Random seed: 2719
Solving with ultrametric constraint
Optimal point found for initial point 2
Negative llh: 85.24417495152075
Dropout rate: 0.4316756197524725
Silencing rate: 0.9422693169277057
Sigma: 4.112854939800814
Lambda: 1.0
Initial point 3. Random seed: 3655
Solving with ultrametric constraint
Optimal point found for initial point 3
Negative llh: 85.24417495152075
Dropout rate: 0.40454654661903167
Silencing rate: 0.19997171013862175
Sigma: 4.112854939800814
Lambda: 1.0
Initial point 4. Random seed: 6750
Solving with ultrametric constraint
Optimal point found for initial point 4
Negative llh: 85.24417495152075
Dropout rate: 0.9061878525414775
Silencing rate: 0.28196021138416066
Sigma: 4.112854939800814
Lambda: 1.0
Initial point 5. Random seed: 6102
Solving with ultrametric constraint
Optimal point found for initial point 5
Negative llh: 85.24417495152075
Dropout rate: 0.2640759741868277
Silencing rate: 0.30656551417491495
Sigma: 4.112854939800814
Lambda: 1.0
Initial point 6. Random seed: 4873
Solving with ultrametric constraint
Optimal point found for initial point 6
Negative llh: 85.24417495152075
Dropout rate: 0.16770074644083247
Silencing rate: 0.4005893801813803
Sigma: 4.112854939800814
Lambda: 1.0
Initial point 7. Random seed: 3575
Solving with ultrametric constraint
Optimal point found for initial point 7
Negative llh: 85.24417495152075
Dropout rate: 0.34311271725486103
Silencing rate: 0.6049937203084936
Sigma: 4.112854939800814
Lambda: 1.0
Initial point 8. Random seed: 5172
Solving with ultrametric constraint
Optimal point found for initial point 8
Negative llh: 85.24417495152075
Dropout rate: 0.504803469914876
Silencing rate: 0.0273576301348692
Sigma: 4.112854939800814
Lambda: 1.0
Initial point 9. Random seed: 478
Solving with ultrametric constraint
Optimal point found for initial point 9
Negative llh: 85.24417495152075
Dropout rate: 0.0415585145970196
Silencing rate: 0.7126300631306368
Sigma: 4.112854939800814
Lambda: 1.0
Initial point 10. Random seed: 4281
Solving with ultrametric constraint
Optimal point found for initial point 10
Negative llh: 85.24417495152075
Dropout rate: 0.2349535580255386
Silencing rate: 0.16578640600003194
Sigma: 4.112854939800814
Lambda: 1.0
{'lambda_param': 1.0, 'phi': 0.7417389372734862, 'nu': 0.6758483674095769, 'sigma': 4.112854939800814, 'locations': {'216_14': (102.0, 432.0), '216_13': (105.0, 462.0), '216_10': (78.0, 418.0), '216_9': (66.0, 431.0), '216_12': (94.0, 351.0), '216_11': (95.0, 372.0), '216_2': (97.0, 442.0), '216_4': (110.0, 394.0), '216_3': (91.0, 403.0), '216_6': (28.0, 405.0), '216_5': (40.0, 415.0), '216_8': (63.0, 383.0), '216_7': (51.0, 398.0)}}
Runtime (s): 43.212441047653556
