Launching Problin version 0.5b
Problin was called as follow: /u/gh2161/Spatial-Division/problin/run_problin.py -c real_location_data/s15c1/k10_r4_character_matrix.csv -t real_location_data/s15c1/true_tree.nwk -S real_location_data/s15c1/leaf_locations.txt --delimiter comma -p real_location_data/s15c1/k10_priors.csv -o real_location_data/s15c1/k10_r4_spalin-divide-beta3.txt --nInitials 10 --ultrametric --randomreps 3 --divide --radius 3
Optimization by Spalin-Divide: Scipy-SLSQP using spatial information
Optimizing branch lengths, phi, and nu without topology search
Initial point 1. Random seed: 4446
Solving with ultrametric constraint
Optimal point found for initial point 1
Negative llh: 188.83907938658206
Dropout rate: 4.1714264159029484e-10
Silencing rate: 2.878566298234871e-10
Sigma: 1.3936150010820938
Initial point 2. Random seed: 9709
Solving with ultrametric constraint
Fatal: failed to optimize using initial point 2
Initial point 3. Random seed: 8788
Solving with ultrametric constraint
Optimal point found for initial point 3
Negative llh: 188.83864337234715
Dropout rate: 1.4528571415517153e-10
Silencing rate: 1.2328130368324935e-10
Sigma: 1.3936269606935365
Initial point 4. Random seed: 227
Solving with ultrametric constraint
Optimal point found for initial point 4
Negative llh: 188.83948619023099
Dropout rate: 1.9747318205087464e-10
Silencing rate: 1.565375189620554e-10
Sigma: 1.3940853260087127
Initial point 5. Random seed: 9330
Solving with ultrametric constraint
Optimal point found for initial point 5
Negative llh: 188.83943301159414
Dropout rate: 1.0153466102418786e-09
Silencing rate: 5.074111558004115e-10
Sigma: 1.3942074253817596
Initial point 6. Random seed: 5962
Solving with ultrametric constraint
Optimal point found for initial point 6
Negative llh: 188.8386431863057
Dropout rate: 9.999999999999996e-11
Silencing rate: 1e-10
Sigma: 1.3936113954200682
Initial point 7. Random seed: 9350
Solving with ultrametric constraint
Optimal point found for initial point 7
Negative llh: 188.83900633194747
Dropout rate: 1.8167544804563953e-10
Silencing rate: 1.5069674339677726e-10
Sigma: 1.3939529555169115
Initial point 8. Random seed: 2391
Solving with ultrametric constraint
Optimal point found for initial point 8
Negative llh: 188.8392205822914
Dropout rate: 4.444103446022004e-10
Silencing rate: 3.092325927244997e-10
Sigma: 1.3935172622778493
Initial point 9. Random seed: 6706
Solving with ultrametric constraint
Optimal point found for initial point 9
Negative llh: 188.83865914667695
Dropout rate: 9.999999999999996e-11
Silencing rate: 1.0000000000000002e-10
Sigma: 1.3936443201264845
Initial point 10. Random seed: 1911
Solving with ultrametric constraint
Optimal point found for initial point 10
Negative llh: 231.2474626587918
Dropout rate: 8.004074780607168e-09
Silencing rate: 7.672646963240069e-07
Sigma: 4.887877434965968
Runtime (s): 436.0227587809786
