Launching Problin version 0.5b
Problin was called as follow: /u/gh2161/Spatial-Division/problin/run_problin.py -c real_location_data/s15c1/k10_r5_character_matrix.csv -t real_location_data/s15c1/true_tree.nwk -S real_location_data/s15c1/leaf_locations.txt --delimiter comma -p real_location_data/s15c1/k10_priors.csv -o real_location_data/s15c1/k10_r5_spalin-divide-beta3.txt --nInitials 10 --ultrametric --randomreps 3 --divide --radius 3
Optimization by Spalin-Divide: Scipy-SLSQP using spatial information
Optimizing branch lengths, phi, and nu without topology search
Initial point 1. Random seed: 902
Solving with ultrametric constraint
Optimal point found for initial point 1
Negative llh: 174.50186795609937
Dropout rate: 7.336535231005418e-10
Silencing rate: 3.8061303986047106e-10
Sigma: 1.5203858516829796
Initial point 2. Random seed: 4907
Solving with ultrametric constraint
Optimal point found for initial point 2
Negative llh: 174.50184197127777
Dropout rate: 1.0000000000000002e-10
Silencing rate: 1.0000000000000002e-10
Sigma: 1.5203794255869876
Initial point 3. Random seed: 243
Solving with ultrametric constraint
Optimal point found for initial point 3
Negative llh: 174.50184246277195
Dropout rate: 7.389404424447716e-10
Silencing rate: 1e-10
Sigma: 1.520434493398823
Initial point 4. Random seed: 6103
Solving with ultrametric constraint
Optimal point found for initial point 4
Negative llh: 191.5702560840676
Dropout rate: 3.527818247265693e-10
Silencing rate: 1.49863886237969e-10
Sigma: 1.426174176497988
Initial point 5. Random seed: 7148
Solving with ultrametric constraint
Optimal point found for initial point 5
Negative llh: 174.50184246528178
Dropout rate: 1.229195051488847e-09
Silencing rate: 6.291477089104911e-10
Sigma: 1.520342062872904
Initial point 6. Random seed: 899
Solving with ultrametric constraint
Optimal point found for initial point 6
Negative llh: 191.56803415841603
Dropout rate: 1e-10
Silencing rate: 1e-10
Sigma: 1.4296965052732196
Initial point 7. Random seed: 9681
Solving with ultrametric constraint
Optimal point found for initial point 7
Negative llh: 174.50208898385947
Dropout rate: 9.999999999999996e-11
Silencing rate: 1.0000000000000002e-10
Sigma: 1.5208125829413957
Initial point 8. Random seed: 5404
Solving with ultrametric constraint
Optimal point found for initial point 8
Negative llh: 191.56820601602965
Dropout rate: 1e-10
Silencing rate: 1e-10
Sigma: 1.428977608930208
Initial point 9. Random seed: 3196
Solving with ultrametric constraint
Optimal point found for initial point 9
Negative llh: 174.50184200613867
Dropout rate: 1e-10
Silencing rate: 1e-10
Sigma: 1.5203520315776253
Initial point 10. Random seed: 4609
Solving with ultrametric constraint
Optimal point found for initial point 10
Negative llh: 174.50216901187144
Dropout rate: 1.0000000000000002e-10
Silencing rate: 1e-10
Sigma: 1.5194930185375188
Runtime (s): 329.5169238522649
