Launching Problin version 0.5b
Problin was called as follow: /u/gh2161/Spatial-Division/problin/run_problin.py -c real_location_data/s15c1/k10_r5_character_matrix.csv -t real_location_data/s15c1/true_tree.nwk -S real_location_data/s15c1/leaf_locations.txt --delimiter comma -p real_location_data/s15c1/k10_priors.csv -o real_location_data/s15c1/k10_r5_spalin-divide-beta2.txt --nInitials 10 --ultrametric --randomreps 3 --divide --given_beta 2 --incl_beta_bound
Optimization by Spalin-Divide: Scipy-SLSQP using spatial information
Optimizing branch lengths, phi, and nu without topology search
Initial point 1. Random seed: 9504
Solving with ultrametric constraint
Optimal point found for initial point 1
Negative llh: 176.13650341588
Dropout rate: 1.785843276718696e-10
Silencing rate: 1.4746016576892863e-10
Sigma: 6.024823928241315
Initial point 2. Random seed: 4017
Solving with ultrametric constraint
Optimal point found for initial point 2
Negative llh: 176.13650350715147
Dropout rate: 2.784602609773578e-10
Silencing rate: 1.8756387039397035e-10
Sigma: 6.0248243688246665
Initial point 3. Random seed: 1237
Solving with ultrametric constraint
Optimal point found for initial point 3
Negative llh: 176.13650303547644
Dropout rate: 2.3611259029416516e-10
Silencing rate: 1.51858373048718e-10
Sigma: 6.024853086767153
Initial point 4. Random seed: 8136
Solving with ultrametric constraint
Optimal point found for initial point 4
Negative llh: 176.136503210947
Dropout rate: 1e-10
Silencing rate: 1e-10
Sigma: 6.024791089852257
Initial point 5. Random seed: 8984
Solving with ultrametric constraint
Optimal point found for initial point 5
Negative llh: 176.13650413989285
Dropout rate: 5.449473124523593e-10
Silencing rate: 2.667263806152085e-10
Sigma: 6.02483046640185
Initial point 6. Random seed: 4014
Solving with ultrametric constraint
Optimal point found for initial point 6
Negative llh: 176.13650350010172
Dropout rate: 1e-10
Silencing rate: 1e-10
Sigma: 6.024816137554229
Initial point 7. Random seed: 3716
Solving with ultrametric constraint
Optimal point found for initial point 7
Negative llh: 176.13650336599852
Dropout rate: 2.485473878034682e-10
Silencing rate: 1.7391368715937052e-10
Sigma: 6.024840347694466
Initial point 8. Random seed: 7960
Solving with ultrametric constraint
Optimal point found for initial point 8
Negative llh: 176.1365034789492
Dropout rate: 2.593987206634971e-10
Silencing rate: 1.5755443512797306e-10
Sigma: 6.024812353655135
Initial point 9. Random seed: 5825
Solving with ultrametric constraint
Optimal point found for initial point 9
Negative llh: 176.13650341468528
Dropout rate: 1e-10
Silencing rate: 1e-10
Sigma: 6.024922393924841
Initial point 10. Random seed: 9776
Solving with ultrametric constraint
Optimal point found for initial point 10
Negative llh: 176.1365036851821
Dropout rate: 1.0000000000000007e-10
Silencing rate: 9.999999999999996e-11
Sigma: 6.024885167683406
Runtime (s): 559.3728423630237
