Launching Problin version 0.5b
Problin was called as follow: /u/gh2161/Spatial-Division/problin/run_problin.py -c real_location_data/s21c3/k10_r2_character_matrix.csv -t real_location_data/s21c3/true_tree.nwk -S real_location_data/s21c3/leaf_locations.txt --delimiter comma -p real_location_data/s21c3/k10_priors.csv -o real_location_data/s21c3/k10_r2_spalin-divide-beta3.txt --nInitials 10 --ultrametric --randomreps 3 --divide --radius 3
Optimization by Spalin-Divide: Scipy-SLSQP using spatial information
Optimizing branch lengths, phi, and nu without topology search
Initial point 1. Random seed: 6588
Solving with ultrametric constraint
Optimal point found for initial point 1
Negative llh: 160.8629590599959
Dropout rate: 3.798325451979277e-10
Silencing rate: 2.6389454519691007e-10
Sigma: 1.5519948459738104
Initial point 2. Random seed: 5269
Solving with ultrametric constraint
Optimal point found for initial point 2
Negative llh: 183.85509005590495
Dropout rate: 1.9046100175992993e-10
Silencing rate: 1.3055522575389573e-10
Sigma: 1.4621920116622373
Initial point 3. Random seed: 6905
Solving with ultrametric constraint
Fatal: failed to optimize using initial point 3
Initial point 4. Random seed: 7039
Solving with ultrametric constraint
Optimal point found for initial point 4
Negative llh: 160.86288516644413
Dropout rate: 1.0000000000000002e-10
Silencing rate: 1.0000000000000002e-10
Sigma: 1.5521806533043359
Initial point 5. Random seed: 1638
Solving with ultrametric constraint
Optimal point found for initial point 5
Negative llh: 160.8636527648575
Dropout rate: 3.6982912217773733e-10
Silencing rate: 2.5740193711580227e-10
Sigma: 1.5513783667131085
Initial point 6. Random seed: 8787
Solving with ultrametric constraint
Optimal point found for initial point 6
Negative llh: 160.8628857520049
Dropout rate: 7.548309953859124e-10
Silencing rate: 5.335407710441178e-10
Sigma: 1.5523195044670521
Initial point 7. Random seed: 9688
Solving with ultrametric constraint
Optimal point found for initial point 7
Negative llh: 160.86288508912872
Dropout rate: 2.9721285931146403e-10
Silencing rate: 2.370587932314672e-10
Sigma: 1.5521314646460496
Initial point 8. Random seed: 6365
Solving with ultrametric constraint
Optimal point found for initial point 8
Negative llh: 160.86406947435046
Dropout rate: 1.0000000000000002e-10
Silencing rate: 1e-10
Sigma: 1.5512687622388117
Initial point 9. Random seed: 6014
Solving with ultrametric constraint
Optimal point found for initial point 9
Negative llh: 183.85364316971646
Dropout rate: 1e-10
Silencing rate: 1e-10
Sigma: 1.462229289334486
Initial point 10. Random seed: 6385
Solving with ultrametric constraint
Optimal point found for initial point 10
Negative llh: 183.85605405321235
Dropout rate: 1.1261223801285422e-10
Silencing rate: 1.0426918630465118e-10
Sigma: 1.4617778798694343
Runtime (s): 318.50405608164147
