Launching Problin version 0.5b
Problin was called as follow: /u/gh2161/Spatial-Division/problin/run_problin.py -c real_location_data/s21c3/k10_r3_character_matrix.csv -t real_location_data/s21c3/true_tree.nwk -S real_location_data/s21c3/leaf_locations.txt --delimiter comma -p real_location_data/s21c3/k10_priors.csv -o real_location_data/s21c3/k10_r3_spalin-divide-beta20.txt --nInitials 10 --ultrametric --randomreps 3 --divide --given_beta 20 --incl_beta_bound
Optimization by Spalin-Divide: Scipy-SLSQP using spatial information
Optimizing branch lengths, phi, and nu without topology search
Initial point 1. Random seed: 4237
Solving with ultrametric constraint
Optimal point found for initial point 1
Negative llh: 130.60583110020832
Dropout rate: 3.6014147004496393e-10
Silencing rate: 2.485625259901831e-10
Sigma: 4.180740086213884
Initial point 2. Random seed: 1026
Solving with ultrametric constraint
Optimal point found for initial point 2
Negative llh: 130.6058357792154
Dropout rate: 2.5177555915838556e-10
Silencing rate: 1.0000000000000002e-10
Sigma: 4.18066681964345
Initial point 3. Random seed: 211
Solving with ultrametric constraint
Optimal point found for initial point 3
Negative llh: 130.60584193903253
Dropout rate: 1.012632497801371e-10
Silencing rate: 1.0166978266383786e-10
Sigma: 4.180714073012304
Initial point 4. Random seed: 8213
Solving with ultrametric constraint
Optimal point found for initial point 4
Negative llh: 130.60583075684585
Dropout rate: 3.053069587218375e-10
Silencing rate: 2.1706696781440043e-10
Sigma: 4.180991614420413
Initial point 5. Random seed: 7405
Solving with ultrametric constraint
Optimal point found for initial point 5
Negative llh: 130.60583408520392
Dropout rate: 3.6768281915275205e-10
Silencing rate: 1e-10
Sigma: 4.180894747146629
Initial point 6. Random seed: 3926
Solving with ultrametric constraint
Optimal point found for initial point 6
Negative llh: 130.60582888873108
Dropout rate: 1e-10
Silencing rate: 1e-10
Sigma: 4.180798551629494
Initial point 7. Random seed: 675
Solving with ultrametric constraint
Optimal point found for initial point 7
Negative llh: 130.60583079103236
Dropout rate: 1e-10
Silencing rate: 1e-10
Sigma: 4.181016597662447
Initial point 8. Random seed: 2961
Solving with ultrametric constraint
Optimal point found for initial point 8
Negative llh: 130.60582950920005
Dropout rate: 1e-10
Silencing rate: 1.4104774505064625e-09
Sigma: 4.180684839670263
Initial point 9. Random seed: 8661
Solving with ultrametric constraint
Optimal point found for initial point 9
Negative llh: 130.60582965977642
Dropout rate: 8.850552183512074e-10
Silencing rate: 1e-10
Sigma: 4.180744883906048
Initial point 10. Random seed: 1494
Solving with ultrametric constraint
Optimal point found for initial point 10
Negative llh: 130.6058289528876
Dropout rate: 1e-10
Silencing rate: 1.276647939866711e-10
Sigma: 4.180725941327894
Runtime (s): 736.1538963913918
