Launching Problin version 0.5b
Problin was called as follow: /u/gh2161/Spatial-Division/problin/run_problin.py -c real_location_data/s21c3/k10_r3_character_matrix.csv -t real_location_data/s21c3/true_tree.nwk -S real_location_data/s21c3/leaf_locations.txt --delimiter comma -p real_location_data/s21c3/k10_priors.csv -o real_location_data/s21c3/k10_r3_spalin-divide-ignore-beta.txt --nInitials 10 --ultrametric --randomreps 3 --divide
Optimization by Spalin-Divide: Scipy-SLSQP using spatial information
Optimizing branch lengths, phi, and nu without topology search
We need to optimize the radius
Initial point 1. Random seed: 1972
Solving with ultrametric constraint
Optimal point found for initial point 1
Negative llh: 124.43604976450084
Dropout rate: 1e-10
Silencing rate: 1e-10
Sigma: 1.1360936992516513
Lambda: 0.006742738762164147
Initial point 2. Random seed: 9162
Solving with ultrametric constraint
Optimal point found for initial point 2
Negative llh: 124.43605087395918
Dropout rate: 5.355590052024171e-10
Silencing rate: 3.473993432346749e-10
Sigma: 1.1360725348229874
Lambda: 0.006742089097914472
Initial point 3. Random seed: 21
Solving with ultrametric constraint
Optimal point found for initial point 3
Negative llh: 124.43604966139307
Dropout rate: 5.679156672974614e-10
Silencing rate: 1.00005589030971e-10
Sigma: 1.1361278307988791
Lambda: 0.0067424226991478
Initial point 4. Random seed: 9561
Solving with ultrametric constraint
Optimal point found for initial point 4
Negative llh: 124.4360501376987
Dropout rate: 3.162339745307853e-10
Silencing rate: 2.5078530838605876e-10
Sigma: 1.136085939380632
Lambda: 0.006742050207017144
Initial point 5. Random seed: 6755
Solving with ultrametric constraint
Optimal point found for initial point 5
Negative llh: 152.14993295358113
Dropout rate: 1.0000000000000007e-10
Silencing rate: 9.999999999999996e-11
Sigma: 1.1411388949197228
Lambda: 0.0009766666180576235
Initial point 6. Random seed: 9519
Solving with ultrametric constraint
Optimal point found for initial point 6
Negative llh: 152.14944191024256
Dropout rate: 2.780607849669553e-10
Silencing rate: 1.510520888933628e-10
Sigma: 1.1413367122990896
Lambda: 0.0009766899050160011
Initial point 7. Random seed: 9354
Solving with ultrametric constraint
Optimal point found for initial point 7
Negative llh: 124.43604981941999
Dropout rate: 1e-10
Silencing rate: 1e-10
Sigma: 1.1361234660427708
Lambda: 0.0067418751931954185
Initial point 8. Random seed: 4062
Solving with ultrametric constraint
Optimal point found for initial point 8
Negative llh: 152.14930397382992
Dropout rate: 1.0000000000000002e-10
Silencing rate: 1e-10
Sigma: 1.1412307876516665
Lambda: 0.0009766967654122765
Initial point 9. Random seed: 7245
Solving with ultrametric constraint
Optimal point found for initial point 9
Negative llh: 124.43604973001187
Dropout rate: 1e-10
Silencing rate: 1e-10
Sigma: 1.136149942818026
Lambda: 0.0067426579920645225
Initial point 10. Random seed: 2350
Solving with ultrametric constraint
Optimal point found for initial point 10
Negative llh: 152.1488366571022
Dropout rate: 1.968545341775603e-10
Silencing rate: 1.1587666303289794e-10
Sigma: 1.1411839265001247
Lambda: 0.00097671615041378
{'lambda_param': 0.0067424226991478, 'phi': 5.679156672974614e-10, 'nu': 1.00005589030971e-10, 'sigma': 1.1361278307988791, 'locations': {'216_3': (245.0, 191.0), '216_5': (282.0, 224.0), '216_8': (257.0, 180.0), '216_7': (252.0, 214.0), '216_16': (228.0, 128.0), '216_14': (222.0, 235.0), '216_13': (251.0, 228.0), '216_12': (282.0, 184.0), '216_11': (293.0, 214.0), '216_10': (292.0, 191.0), '216_9': (311.0, 192.0)}, 'radius': 15.998029471089174, 'thetas': {'186_6': 0.052596329125780245, '191_9': 1.2193509783600727, '118_3': 5.817474502389542, '179_7': 6.046336502928461, '118_4': 7.7723621319364735, '66_2': 6.495326114017177, '183_4': 1.7168085587320785, '130_2': 3.9180154242284027, '75_1': 0.6893418049176578, '26_1': 4.922745317639182}}
Runtime (s): 345.0064162276685
