Launching Problin version 0.5b
Problin was called as follow: /u/gh2161/Spatial-Division/problin/run_problin.py -c real_location_data/s21c3/k10_r1_character_matrix.csv -t real_location_data/s21c3/true_tree.nwk -S real_location_data/s21c3/leaf_locations.txt --delimiter comma -p real_location_data/s21c3/k10_priors.csv -o real_location_data/s21c3/k10_r1_spalin-divide-beta20.txt --nInitials 10 --ultrametric --randomreps 3 --divide --given_beta 20 --incl_beta_bound
Optimization by Spalin-Divide: Scipy-SLSQP using spatial information
Optimizing branch lengths, phi, and nu without topology search
Initial point 1. Random seed: 4772
Solving with ultrametric constraint
Optimal point found for initial point 1
Negative llh: 155.72230899383504
Dropout rate: 4.060792625642286e-10
Silencing rate: 2.4537173609804357e-10
Sigma: 4.272377869981674
Initial point 2. Random seed: 349
Solving with ultrametric constraint
Optimal point found for initial point 2
Negative llh: 155.72225578782297
Dropout rate: 1.0423528392835328e-10
Silencing rate: 1.0292941616666018e-10
Sigma: 4.272206009595142
Initial point 3. Random seed: 8085
Solving with ultrametric constraint
Optimal point found for initial point 3
Negative llh: 155.72225484166614
Dropout rate: 1.0000000000000002e-10
Silencing rate: 1.0000000000000002e-10
Sigma: 4.272127279392435
Initial point 4. Random seed: 7675
Solving with ultrametric constraint
Optimal point found for initial point 4
Negative llh: 155.72226378820304
Dropout rate: 1.8037982767313382e-10
Silencing rate: 1.6098669496365073e-10
Sigma: 4.272304420070314
Initial point 5. Random seed: 992
Solving with ultrametric constraint
Optimal point found for initial point 5
Negative llh: 155.72228130563946
Dropout rate: 9.999999999999996e-11
Silencing rate: 1.0000000000000002e-10
Sigma: 4.271512332505969
Initial point 6. Random seed: 2350
Solving with ultrametric constraint
Optimal point found for initial point 6
Negative llh: 155.7222574358201
Dropout rate: 1.9896085956467796e-10
Silencing rate: 1.4620500047957586e-10
Sigma: 4.2722139908514745
Initial point 7. Random seed: 1458
Solving with ultrametric constraint
Optimal point found for initial point 7
Negative llh: 155.72225493615196
Dropout rate: 2.2331221223253814e-10
Silencing rate: 1.7799685798464025e-10
Sigma: 4.27209039789024
Initial point 8. Random seed: 8864
Solving with ultrametric constraint
Optimal point found for initial point 8
Negative llh: 155.72228039872516
Dropout rate: 2.7333477703966e-10
Silencing rate: 2.1032969880030387e-10
Sigma: 4.272726115156024
Initial point 9. Random seed: 9655
Solving with ultrametric constraint
Optimal point found for initial point 9
Negative llh: 155.7222691547834
Dropout rate: 1e-10
Silencing rate: 1e-10
Sigma: 4.272236460792562
Initial point 10. Random seed: 3472
Solving with ultrametric constraint
Optimal point found for initial point 10
Negative llh: 155.7222556515167
Dropout rate: 1e-10
Silencing rate: 1e-10
Sigma: 4.272128598783819
Runtime (s): 638.9577144477516
