Launching Problin version 0.5b
Problin was called as follow: /u/gh2161/Spatial-Division/problin/run_problin.py -c real_location_data/s21c3/k10_r5_character_matrix.csv -t real_location_data/s21c3/true_tree.nwk -S real_location_data/s21c3/leaf_locations.txt --delimiter comma -p real_location_data/s21c3/k10_priors.csv -o real_location_data/s21c3/k10_r5_spalin-divide-beta6.txt --nInitials 10 --ultrametric --randomreps 3 --divide --given_beta 6 --incl_beta_bound
Optimization by Spalin-Divide: Scipy-SLSQP using spatial information
Optimizing branch lengths, phi, and nu without topology search
Initial point 1. Random seed: 1491
Solving with ultrametric constraint
Optimal point found for initial point 1
Negative llh: 153.3892159245533
Dropout rate: 1e-10
Silencing rate: 1e-10
Sigma: 5.730067311950703
Initial point 2. Random seed: 7337
Solving with ultrametric constraint
Fatal: failed to optimize using initial point 2
Initial point 3. Random seed: 1867
Solving with ultrametric constraint
Fatal: failed to optimize using initial point 3
Initial point 4. Random seed: 5980
Solving with ultrametric constraint
Optimal point found for initial point 4
Negative llh: 153.38921570636413
Dropout rate: 1.0271222908303062e-10
Silencing rate: 1.0131243573269867e-10
Sigma: 5.730048417234254
Initial point 5. Random seed: 5963
Solving with ultrametric constraint
Optimal point found for initial point 5
Negative llh: 153.38921566882297
Dropout rate: 1.0000000000000002e-10
Silencing rate: 1e-10
Sigma: 5.730063054904975
Initial point 6. Random seed: 1732
Solving with ultrametric constraint
Fatal: failed to optimize using initial point 6
Initial point 7. Random seed: 2947
Solving with ultrametric constraint
Optimal point found for initial point 7
Negative llh: 153.38921573475108
Dropout rate: 1e-10
Silencing rate: 1e-10
Sigma: 5.730062980331993
Initial point 8. Random seed: 1503
Solving with ultrametric constraint
Optimal point found for initial point 8
Negative llh: 153.38921564345324
Dropout rate: 1e-10
Silencing rate: 1e-10
Sigma: 5.73005909103249
Initial point 9. Random seed: 9194
Solving with ultrametric constraint
Optimal point found for initial point 9
Negative llh: 153.38921850010192
Dropout rate: 1.0000000000000007e-10
Silencing rate: 9.999999999999996e-11
Sigma: 5.730230752558591
Initial point 10. Random seed: 3768
Solving with ultrametric constraint
Fatal: failed to optimize using initial point 10
Runtime (s): 358.88181104138494
