Launching Problin version 0.5b
Problin was called as follow: /u/gh2161/Spatial-Division/problin/run_problin.py -c real_location_data/s21c3/k10_r5_character_matrix.csv -t real_location_data/s21c3/true_tree.nwk --delimiter comma -p real_location_data/s21c3/k10_priors.csv -o real_location_data/s21c3/k10_r5_problin.txt --nInitials 10 --ultrametric --randomreps 3 --solver Scipy
Optimization by generic solver (Scipy-SLSQP)
Optimizing branch lengths, phi, and nu without topology search
Initial point 1. Random seed: 610
Solving with ultrametric constraint
Optimal point found for initial point 1
Negative llh: 84.59729309719748
Dropout rate: 2.772452658969543e-10
Silencing rate: 1.4725647168735967e-10
Lambda: 0.0009766846769191661
Initial point 2. Random seed: 1620
Solving with ultrametric constraint
Optimal point found for initial point 2
Negative llh: 62.42988392852009
Dropout rate: 1.294918125239054e-09
Silencing rate: 5.664239666281485e-10
Lambda: 0.0055008582159692026
Initial point 3. Random seed: 5500
Solving with ultrametric constraint
Optimal point found for initial point 3
Negative llh: 62.42988369441312
Dropout rate: 1.0000000000000002e-10
Silencing rate: 1.0000000000000002e-10
Lambda: 0.0055006265903459845
Initial point 4. Random seed: 7116
Solving with ultrametric constraint
Optimal point found for initial point 4
Negative llh: 84.59487910179095
Dropout rate: 4.997707546491117e-10
Silencing rate: 1.7388668473728253e-10
Lambda: 0.0009767725327008373
Initial point 5. Random seed: 3225
Solving with ultrametric constraint
Optimal point found for initial point 5
Negative llh: 84.59571021524731
Dropout rate: 1.0000000000000002e-10
Silencing rate: 1e-10
Lambda: 0.0009767322355976695
Initial point 6. Random seed: 6629
Solving with ultrametric constraint
Optimal point found for initial point 6
Negative llh: 62.42988364851607
Dropout rate: 9.999999999999996e-11
Silencing rate: 1.0000000000000002e-10
Lambda: 0.005500862190290616
Initial point 7. Random seed: 1333
Solving with ultrametric constraint
Optimal point found for initial point 7
Negative llh: 62.42988372394933
Dropout rate: 4.553092872097489e-10
Silencing rate: 2.572562086014481e-10
Lambda: 0.005500597521232137
Initial point 8. Random seed: 3491
Solving with ultrametric constraint
Optimal point found for initial point 8
Negative llh: 84.59729543964524
Dropout rate: 1e-10
Silencing rate: 1e-10
Lambda: 0.000976679430165344
Initial point 9. Random seed: 2439
Solving with ultrametric constraint
Optimal point found for initial point 9
Negative llh: 84.59546003354649
Dropout rate: 1e-10
Silencing rate: 1e-10
Lambda: 0.000976732717152667
Initial point 10. Random seed: 1128
Solving with ultrametric constraint
Optimal point found for initial point 10
Negative llh: 62.42988389342549
Dropout rate: 3.384601076997296e-10
Silencing rate: 2.1160596941783889e-10
Lambda: 0.005500468259114519
{'phi': 9.999999999999996e-11, 'nu': 1.0000000000000002e-10, 'lambda_param': 0.005500862190290616}
Runtime (s): 37.06244250014424
