Launching Problin version 0.5b
Problin was called as follow: /u/gh2161/Spatial-Division/problin/run_problin.py -c real_location_data/s21c3/k10_r3_character_matrix.csv -t real_location_data/s21c3/true_tree.nwk -S real_location_data/s21c3/leaf_locations.txt --delimiter comma -p real_location_data/s21c3/k10_priors.csv -o real_location_data/s21c3/k10_r3_spalin-divide-beta1.txt --nInitials 10 --ultrametric --randomreps 3 --divide --radius 1
Optimization by Spalin-Divide: Scipy-SLSQP using spatial information
Optimizing branch lengths, phi, and nu without topology search
Initial point 1. Random seed: 4454
Solving with ultrametric constraint
Optimal point found for initial point 1
Negative llh: 149.58830855211164
Dropout rate: 1e-10
Silencing rate: 1e-10
Sigma: 1.7016828589705895
Initial point 2. Random seed: 1319
Solving with ultrametric constraint
Optimal point found for initial point 2
Negative llh: 149.588309129659
Dropout rate: 2.3792527059261344e-10
Silencing rate: 2.0727886800431103e-10
Sigma: 1.7016852159868905
Initial point 3. Random seed: 3362
Solving with ultrametric constraint
Optimal point found for initial point 3
Negative llh: 149.58830873150163
Dropout rate: 1.0545215516150756e-10
Silencing rate: 2.4386614465458416e-10
Sigma: 1.7016111748853875
Initial point 4. Random seed: 1677
Solving with ultrametric constraint
Optimal point found for initial point 4
Negative llh: 149.58831209377922
Dropout rate: 1.0000000000000002e-10
Silencing rate: 1.0000000000000007e-10
Sigma: 1.7016442201415636
Initial point 5. Random seed: 494
Solving with ultrametric constraint
Optimal point found for initial point 5
Negative llh: 175.91999117107946
Dropout rate: 1.1525750095821773e-09
Silencing rate: 5.193233823177882e-10
Sigma: 1.6130059582829863
Initial point 6. Random seed: 7744
Solving with ultrametric constraint
Optimal point found for initial point 6
Negative llh: 149.58830870945505
Dropout rate: 1e-10
Silencing rate: 1e-10
Sigma: 1.7016319029501359
Initial point 7. Random seed: 8484
Solving with ultrametric constraint
Optimal point found for initial point 7
Negative llh: 149.58830910244598
Dropout rate: 2.883047052553456e-10
Silencing rate: 2.0916738079658997e-10
Sigma: 1.7016439435382642
Initial point 8. Random seed: 2462
Solving with ultrametric constraint
Optimal point found for initial point 8
Negative llh: 202396.94854390525
Dropout rate: 0.2454856451534046
Silencing rate: 1.4793308445428511e-05
Sigma: 11.67201220805849
Initial point 9. Random seed: 4315
Solving with ultrametric constraint
Optimal point found for initial point 9
Negative llh: 149.58830858452285
Dropout rate: 1e-10
Silencing rate: 1e-10
Sigma: 1.7016176533969551
Initial point 10. Random seed: 8782
Solving with ultrametric constraint
Optimal point found for initial point 10
Negative llh: 175.9196341474157
Dropout rate: 1.0000000000000002e-10
Silencing rate: 1e-10
Sigma: 1.6127140718913084
Runtime (s): 287.7514568660408
