Launching Problin version 0.5b
Problin was called as follow: /u/gh2161/Spatial-Division/problin/run_problin.py -c real_location_data/s21c3/k10_r1_character_matrix.csv -t real_location_data/s21c3/true_tree.nwk -S real_location_data/s21c3/leaf_locations.txt --delimiter comma -p real_location_data/s21c3/k10_priors.csv -o real_location_data/s21c3/k10_r1_spalin-divide-beta9.txt --nInitials 10 --ultrametric --randomreps 3 --divide --given_beta 9 --incl_beta_bound
Optimization by Spalin-Divide: Scipy-SLSQP using spatial information
Optimizing branch lengths, phi, and nu without topology search
Initial point 1. Random seed: 9381
Solving with ultrametric constraint
Optimal point found for initial point 1
Negative llh: 156.23039811985927
Dropout rate: 2.716999854636394e-10
Silencing rate: 1.8951672117143054e-10
Sigma: 4.5874297540681965
Initial point 2. Random seed: 6704
Solving with ultrametric constraint
Optimal point found for initial point 2
Negative llh: 156.2303981446818
Dropout rate: 2.102560812530598e-10
Silencing rate: 1.218493023168222e-10
Sigma: 4.5874256018588495
Initial point 3. Random seed: 3735
Solving with ultrametric constraint
Optimal point found for initial point 3
Negative llh: 156.23039819641644
Dropout rate: 5.916120198755075e-10
Silencing rate: 3.9267609093123025e-10
Sigma: 4.587436004531254
Initial point 4. Random seed: 7834
Solving with ultrametric constraint
Optimal point found for initial point 4
Negative llh: 156.23041097301666
Dropout rate: 2.3934533942355394e-10
Silencing rate: 1.6372124400271548e-10
Sigma: 4.587357863968753
Initial point 5. Random seed: 5137
Solving with ultrametric constraint
Optimal point found for initial point 5
Negative llh: 156.23042002066887
Dropout rate: 5.141994210856867e-10
Silencing rate: 2.4806238369867196e-10
Sigma: 4.587470489125759
Initial point 6. Random seed: 4534
Solving with ultrametric constraint
Optimal point found for initial point 6
Negative llh: 156.2303988885006
Dropout rate: 5.00895253523413e-10
Silencing rate: 5.532546921111392e-10
Sigma: 4.587421916923225
Initial point 7. Random seed: 2945
Solving with ultrametric constraint
Optimal point found for initial point 7
Negative llh: 156.23039807812836
Dropout rate: 1e-10
Silencing rate: 1e-10
Sigma: 4.58743892444614
Initial point 8. Random seed: 9045
Solving with ultrametric constraint
Optimal point found for initial point 8
Negative llh: 156.23039807967177
Dropout rate: 1e-10
Silencing rate: 1.0000000000000002e-10
Sigma: 4.587433832139058
Initial point 9. Random seed: 6375
Solving with ultrametric constraint
Optimal point found for initial point 9
Negative llh: 156.2304008126639
Dropout rate: 3.4357299945033105e-10
Silencing rate: 2.60975543546876e-10
Sigma: 4.58743146775584
Initial point 10. Random seed: 2848
Solving with ultrametric constraint
Optimal point found for initial point 10
Negative llh: 156.23039877969205
Dropout rate: 1.042096134534814e-10
Silencing rate: 1.0207881401620271e-10
Sigma: 4.587586686583061
Runtime (s): 630.2795920100762
