Launching Problin version 0.5b
Problin was called as follow: /u/gh2161/Spatial-Division/problin/run_problin.py -c real_location_data/s21c3/k10_r3_character_matrix.csv -t real_location_data/s21c3/true_tree.nwk -S real_location_data/s21c3/leaf_locations.txt --delimiter comma -p real_location_data/s21c3/k10_priors.csv -o real_location_data/s21c3/k10_r3_spalin-divide-beta8.txt --nInitials 10 --ultrametric --randomreps 3 --divide --given_beta 8 --incl_beta_bound
Optimization by Spalin-Divide: Scipy-SLSQP using spatial information
Optimizing branch lengths, phi, and nu without topology search
Initial point 1. Random seed: 9911
Solving with ultrametric constraint
Optimal point found for initial point 1
Negative llh: 137.16980953238414
Dropout rate: 9.999999999999996e-11
Silencing rate: 1.0000000000000002e-10
Sigma: 4.835444404212156
Initial point 2. Random seed: 7060
Solving with ultrametric constraint
Optimal point found for initial point 2
Negative llh: 137.16980346917762
Dropout rate: 1e-10
Silencing rate: 1e-10
Sigma: 4.834830620164196
Initial point 3. Random seed: 8481
Solving with ultrametric constraint
Optimal point found for initial point 3
Negative llh: 137.16980569360055
Dropout rate: 1e-10
Silencing rate: 1e-10
Sigma: 4.834834866425959
Initial point 4. Random seed: 3170
Solving with ultrametric constraint
Optimal point found for initial point 4
Negative llh: 137.16980768076272
Dropout rate: 9.999999999999999e-11
Silencing rate: 1e-10
Sigma: 4.83480704336533
Initial point 5. Random seed: 5795
Solving with ultrametric constraint
Optimal point found for initial point 5
Negative llh: 137.16980459223484
Dropout rate: 1.5589670292573246e-10
Silencing rate: 1.435929759543382e-10
Sigma: 4.834833157401362
Initial point 6. Random seed: 8180
Solving with ultrametric constraint
Optimal point found for initial point 6
Negative llh: 137.1698037708053
Dropout rate: 2.4474839060982037e-10
Silencing rate: 1.8196417537858e-10
Sigma: 4.834899469035765
Initial point 7. Random seed: 2373
Solving with ultrametric constraint
Optimal point found for initial point 7
Negative llh: 137.1698062682613
Dropout rate: 2.1710720189094848e-10
Silencing rate: 1.8904486816799203e-10
Sigma: 4.8350155701811275
Initial point 8. Random seed: 1930
Solving with ultrametric constraint
Optimal point found for initial point 8
Negative llh: 137.16980388388947
Dropout rate: 1.1934361521900224e-10
Silencing rate: 1.0975992649964446e-10
Sigma: 4.834840146934234
Initial point 9. Random seed: 6597
Solving with ultrametric constraint
Optimal point found for initial point 9
Negative llh: 137.16980357449236
Dropout rate: 2.689316688819927e-10
Silencing rate: 3.171509281860168e-10
Sigma: 4.834896402032196
Initial point 10. Random seed: 724
Solving with ultrametric constraint
Optimal point found for initial point 10
Negative llh: 137.16980790997783
Dropout rate: 3.400268379942956e-10
Silencing rate: 2.362041767545165e-10
Sigma: 4.834421774222254
Runtime (s): 526.5564490699908
