Launching Problin version 0.5b
Problin was called as follow: /u/gh2161/Spatial-Division/problin/run_problin.py -c real_location_data/s21c3/k10_r5_character_matrix.csv -t real_location_data/s21c3/true_tree.nwk -S real_location_data/s21c3/leaf_locations.txt --delimiter comma -p real_location_data/s21c3/k10_priors.csv -o real_location_data/s21c3/k10_r5_spalin-divide-beta9.txt --nInitials 10 --ultrametric --randomreps 3 --divide --given_beta 9 --incl_beta_bound
Optimization by Spalin-Divide: Scipy-SLSQP using spatial information
Optimizing branch lengths, phi, and nu without topology search
Initial point 1. Random seed: 9890
Solving with ultrametric constraint
Optimal point found for initial point 1
Negative llh: 147.40532668750004
Dropout rate: 3.7222127076199093e-10
Silencing rate: 3.8780043047168397e-10
Sigma: 5.011461464036077
Initial point 2. Random seed: 5786
Solving with ultrametric constraint
Optimal point found for initial point 2
Negative llh: 147.4053307245823
Dropout rate: 3.908159866072969e-10
Silencing rate: 3.348675073000982e-10
Sigma: 5.011513279903525
Initial point 3. Random seed: 5307
Solving with ultrametric constraint
Optimal point found for initial point 3
Negative llh: 147.40533192523063
Dropout rate: 2.2231604940556299e-10
Silencing rate: 1.6383927365087483e-10
Sigma: 5.0115072955336295
Initial point 4. Random seed: 527
Solving with ultrametric constraint
Fatal: failed to optimize using initial point 4
Initial point 5. Random seed: 4984
Solving with ultrametric constraint
Optimal point found for initial point 5
Negative llh: 147.40532919552803
Dropout rate: 1.0000000000000002e-10
Silencing rate: 1.0000000000000002e-10
Sigma: 5.011509195664677
Initial point 6. Random seed: 5160
Solving with ultrametric constraint
Optimal point found for initial point 6
Negative llh: 147.40532960333584
Dropout rate: 1e-10
Silencing rate: 1e-10
Sigma: 5.01142198903405
Initial point 7. Random seed: 121
Solving with ultrametric constraint
Optimal point found for initial point 7
Negative llh: 147.4053315829768
Dropout rate: 1.0000000000000002e-10
Silencing rate: 9.999999999999996e-11
Sigma: 5.011317844781302
Initial point 8. Random seed: 9514
Solving with ultrametric constraint
Optimal point found for initial point 8
Negative llh: 147.40532785161886
Dropout rate: 1e-10
Silencing rate: 1e-10
Sigma: 5.011431734191398
Initial point 9. Random seed: 4544
Solving with ultrametric constraint
Optimal point found for initial point 9
Negative llh: 147.40533094607588
Dropout rate: 6.672852872591554e-10
Silencing rate: 4.019777637715518e-10
Sigma: 5.011623391657607
Initial point 10. Random seed: 5914
Solving with ultrametric constraint
Optimal point found for initial point 10
Negative llh: 147.40532986308773
Dropout rate: 1.6448171603305426e-10
Silencing rate: 1.6437459235912606e-10
Sigma: 5.0114078902671135
Runtime (s): 512.1325718052685
