Launching Problin version 0.5b
Problin was called as follow: /u/gh2161/Spatial-Division/problin/run_problin.py -c real_location_data/s21c3/k10_r5_character_matrix.csv -t real_location_data/s21c3/true_tree.nwk -S real_location_data/s21c3/leaf_locations.txt --delimiter comma -p real_location_data/s21c3/k10_priors.csv -o real_location_data/s21c3/k10_r5_spalin-divide-beta10.txt --nInitials 10 --ultrametric --randomreps 3 --divide --radius 10
Optimization by Spalin-Divide: Scipy-SLSQP using spatial information
Optimizing branch lengths, phi, and nu without topology search
Initial point 1. Random seed: 1684
Solving with ultrametric constraint
Optimal point found for initial point 1
Negative llh: 146.50004506486778
Dropout rate: 1.0423742219176668e-09
Silencing rate: 4.840717312499243e-10
Sigma: 1.3374438264468989
Initial point 2. Random seed: 5220
Solving with ultrametric constraint
Optimal point found for initial point 2
Negative llh: 146.4999946045357
Dropout rate: 3.110214567541583e-10
Silencing rate: 1e-10
Sigma: 1.3379344586739201
Initial point 3. Random seed: 2150
Solving with ultrametric constraint
Optimal point found for initial point 3
Negative llh: 168.05205941273093
Dropout rate: 1.0000000000000002e-10
Silencing rate: 1e-10
Sigma: 1.3004594384418466
Initial point 4. Random seed: 1701
Solving with ultrametric constraint
Optimal point found for initial point 4
Negative llh: 168.05992408400004
Dropout rate: 1e-10
Silencing rate: 1e-10
Sigma: 1.3002068656356323
Initial point 5. Random seed: 251
Solving with ultrametric constraint
Optimal point found for initial point 5
Negative llh: 146.49999451135534
Dropout rate: 2.2912672005366162e-10
Silencing rate: 1.6505891619043806e-10
Sigma: 1.337934978808799
Initial point 6. Random seed: 4498
Solving with ultrametric constraint
Optimal point found for initial point 6
Negative llh: 146.5002114039085
Dropout rate: 1.0000000000000002e-10
Silencing rate: 1e-10
Sigma: 1.338532232913879
Initial point 7. Random seed: 4574
Solving with ultrametric constraint
Optimal point found for initial point 7
Negative llh: 168.0553827186132
Dropout rate: 4.1089766181212035e-10
Silencing rate: 1.693325581744476e-10
Sigma: 1.3005393157115357
Initial point 8. Random seed: 4410
Solving with ultrametric constraint
Optimal point found for initial point 8
Negative llh: 146.50027173125915
Dropout rate: 4.709524261402298e-10
Silencing rate: 1.0315963048319855e-10
Sigma: 1.3379918082711943
Initial point 9. Random seed: 2771
Solving with ultrametric constraint
Optimal point found for initial point 9
Negative llh: 168.05615374275635
Dropout rate: 4.0202299654624585e-10
Silencing rate: 1.3312157669794143e-10
Sigma: 1.3001222678339728
Initial point 10. Random seed: 6636
Solving with ultrametric constraint
Optimal point found for initial point 10
Negative llh: 146.49999482583166
Dropout rate: 1.0000000000000002e-10
Silencing rate: 1e-10
Sigma: 1.3379125391260474
Runtime (s): 198.8854865115136
