Launching Problin version 0.5b
Problin was called as follow: /u/gh2161/Spatial-Division/problin/run_problin.py -c real_location_data/s21c3/k10_r1_character_matrix.csv -t real_location_data/s21c3/true_tree.nwk -S real_location_data/s21c3/leaf_locations.txt --delimiter comma -p real_location_data/s21c3/k10_priors.csv -o real_location_data/s21c3/k10_r1_spalin-divide-beta2.txt --nInitials 10 --ultrametric --randomreps 3 --divide --given_beta 2 --incl_beta_bound
Optimization by Spalin-Divide: Scipy-SLSQP using spatial information
Optimizing branch lengths, phi, and nu without topology search
Initial point 1. Random seed: 3120
Solving with ultrametric constraint
Optimal point found for initial point 1
Negative llh: 168.5215463526814
Dropout rate: 1.1537033269868906e-09
Silencing rate: 6.978361923280108e-10
Sigma: 5.812253363232706
Initial point 2. Random seed: 4772
Solving with ultrametric constraint
Optimal point found for initial point 2
Negative llh: 168.52153208777816
Dropout rate: 2.7833818009802297e-10
Silencing rate: 2.1335392112947406e-10
Sigma: 5.811959311672032
Initial point 3. Random seed: 4877
Solving with ultrametric constraint
Optimal point found for initial point 3
Negative llh: 168.5215270963501
Dropout rate: 1e-10
Silencing rate: 1e-10
Sigma: 5.811859354279175
Initial point 4. Random seed: 6237
Solving with ultrametric constraint
Optimal point found for initial point 4
Negative llh: 168.5215260656592
Dropout rate: 6.630537959704006e-10
Silencing rate: 4.721792629777534e-10
Sigma: 5.811912184526255
Initial point 5. Random seed: 1829
Solving with ultrametric constraint
Optimal point found for initial point 5
Negative llh: 168.5215254431016
Dropout rate: 1.711549324019573e-10
Silencing rate: 1.4183445370880731e-10
Sigma: 5.81194552719378
Initial point 6. Random seed: 4687
Solving with ultrametric constraint
Optimal point found for initial point 6
Negative llh: 168.52152705104868
Dropout rate: 1e-10
Silencing rate: 1e-10
Sigma: 5.812100826591554
Initial point 7. Random seed: 7120
Solving with ultrametric constraint
Optimal point found for initial point 7
Negative llh: 168.52152921707838
Dropout rate: 9.999999999999996e-11
Silencing rate: 9.999999999999996e-11
Sigma: 5.811656035404491
Initial point 8. Random seed: 2056
Solving with ultrametric constraint
Optimal point found for initial point 8
Negative llh: 168.52152759474183
Dropout rate: 1.0000000000000002e-10
Silencing rate: 1.0000000000000002e-10
Sigma: 5.811871196449959
Initial point 9. Random seed: 142
Solving with ultrametric constraint
Optimal point found for initial point 9
Negative llh: 168.52152851239984
Dropout rate: 1.0000000000000002e-10
Silencing rate: 1.0000000000000002e-10
Sigma: 5.811932523487074
Initial point 10. Random seed: 5604
Solving with ultrametric constraint
Optimal point found for initial point 10
Negative llh: 168.52152543272675
Dropout rate: 1.1254968399361573e-10
Silencing rate: 1.0922895863024947e-10
Sigma: 5.811927257590795
Runtime (s): 433.81189415231347
