Launching Problin version 0.5b
Problin was called as follow: /u/gh2161/Spatial-Division/problin/run_problin.py -c real_location_data/s21c3/k10_r3_character_matrix.csv -t real_location_data/s21c3/true_tree.nwk -S real_location_data/s21c3/leaf_locations.txt --delimiter comma -p real_location_data/s21c3/k10_priors.csv -o real_location_data/s21c3/k10_r3_spalin-divide-beta5_10_range.txt --nInitials 10 --ultrametric --randomreps 3 --divide --given_lower_beta 5 --given_upper_beta 10 --incl_beta_bound
Optimization by Spalin-Divide: Scipy-SLSQP using spatial information
{'sigma': 22, 'nu': 1e-10, 'phi': 1e-10, 'lower_beta': 5.0, 'upper_beta': 10.0, 'incl_beta_bound': True, 'displacement_amounts': {}}
Optimizing branch lengths, phi, and nu without topology search
Initial point 1. Random seed: 739
Solving with ultrametric constraint
Optimal point found for initial point 1
Negative llh: 143.6698360289032
Dropout rate: 9.999999999999996e-11
Silencing rate: 1.0000000000000002e-10
Sigma: 5.38660308922669
Initial point 2. Random seed: 821
Solving with ultrametric constraint
Optimal point found for initial point 2
Negative llh: 145.35570901559944
Dropout rate: 1.7359773303674555e-09
Silencing rate: 6.598733273288906e-10
Sigma: 5.688115716838737
Initial point 3. Random seed: 2441
Solving with ultrametric constraint
Optimal point found for initial point 3
Negative llh: 145.31636961376137
Dropout rate: 1.4533865411274538e-09
Silencing rate: 9.015435889615604e-10
Sigma: 5.605313627699461
Initial point 4. Random seed: 647
Solving with ultrametric constraint
Optimal point found for initial point 4
Negative llh: 144.62560251298993
Dropout rate: 1e-10
Silencing rate: 1e-10
Sigma: 5.502701941473109
Initial point 5. Random seed: 2448
Solving with ultrametric constraint
Optimal point found for initial point 5
Negative llh: 145.14753873874753
Dropout rate: 1e-10
Silencing rate: 1e-10
Sigma: 5.620343936124257
Initial point 6. Random seed: 2124
Solving with ultrametric constraint
Optimal point found for initial point 6
Negative llh: 142.87421000540184
Dropout rate: 6.853285551501452e-10
Silencing rate: 5.036110759647132e-10
Sigma: 5.2626914796924416
Initial point 7. Random seed: 6198
Solving with ultrametric constraint
Optimal point found for initial point 7
Negative llh: 144.8497608125733
Dropout rate: 1.262368452027257e-09
Silencing rate: 8.065539389492572e-10
Sigma: 5.56015722908489
Initial point 8. Random seed: 7871
Solving with ultrametric constraint
Optimal point found for initial point 8
Negative llh: 145.35200995263043
Dropout rate: 1.0000284812154786e-10
Silencing rate: 1.0000125029786002e-10
Sigma: 5.683645647195176
Initial point 9. Random seed: 7435
Solving with ultrametric constraint
Optimal point found for initial point 9
Negative llh: 145.02225913280876
Dropout rate: 1.0005038822581144e-10
Silencing rate: 1.0000318264331286e-10
Sigma: 5.58269701737328
Initial point 10. Random seed: 2219
Solving with ultrametric constraint
Optimal point found for initial point 10
Negative llh: 145.33531526155986
Dropout rate: 3.278564265063374e-08
Silencing rate: 6.651929420402545e-10
Sigma: 5.579496905317626
Runtime (s): 382.08839329285547
