Launching Problin version 0.5b
Problin was called as follow: /u/gh2161/Spatial-Division/problin/run_problin.py -c real_location_data/s13c1/k10_r1_character_matrix.csv -t real_location_data/s13c1/true_tree.nwk --delimiter comma -p real_location_data/s13c1/k10_priors.csv -o real_location_data/s13c1/k10_r1_problin.txt --nInitials 10 --ultrametric --randomreps 3 --solver Scipy
Optimization by generic solver (Scipy-SLSQP)
Optimizing branch lengths, phi, and nu without topology search
Initial point 1. Random seed: 6860
Solving with ultrametric constraint
Optimal point found for initial point 1
Negative llh: 150.5139439124347
Dropout rate: 1e-10
Silencing rate: 1e-10
Lambda: 0.006931444079429355
Initial point 2. Random seed: 6748
Solving with ultrametric constraint
Optimal point found for initial point 2
Negative llh: 150.513408219683
Dropout rate: 1.0000000000000007e-10
Silencing rate: 1.0000000000000007e-10
Lambda: 0.006928155420354818
Initial point 3. Random seed: 7671
Solving with ultrametric constraint
Optimal point found for initial point 3
Negative llh: 150.51337332450882
Dropout rate: 1e-10
Silencing rate: 1e-10
Lambda: 0.00692957269830803
Initial point 4. Random seed: 6719
Solving with ultrametric constraint
Optimal point found for initial point 4
Negative llh: 150.5135220825896
Dropout rate: 5.63520941637143e-09
Silencing rate: 2.5993359725288986e-09
Lambda: 0.006931115811395287
Initial point 5. Random seed: 3312
Solving with ultrametric constraint
Optimal point found for initial point 5
Negative llh: 150.51376605018197
Dropout rate: 1e-10
Silencing rate: 1e-10
Lambda: 0.006931992122667987
Initial point 6. Random seed: 2870
Solving with ultrametric constraint
Optimal point found for initial point 6
Negative llh: 150.51763067165913
Dropout rate: 1e-10
Silencing rate: 1e-10
Lambda: 0.00692477192457905
Initial point 7. Random seed: 3902
Solving with ultrametric constraint
Optimal point found for initial point 7
Negative llh: 150.5133987938401
Dropout rate: 1e-10
Silencing rate: 1e-10
Lambda: 0.0069298738437221456
Initial point 8. Random seed: 8923
Solving with ultrametric constraint
Optimal point found for initial point 8
Negative llh: 150.51349425703347
Dropout rate: 1e-10
Silencing rate: 1e-10
Lambda: 0.006930213844111683
Initial point 9. Random seed: 7835
Solving with ultrametric constraint
Optimal point found for initial point 9
Negative llh: 150.51379533817277
Dropout rate: 1.0001176823616423e-10
Silencing rate: 1.0000531761656854e-10
Lambda: 0.0069257627851380225
Initial point 10. Random seed: 2450
Solving with ultrametric constraint
Optimal point found for initial point 10
Negative llh: 150.51333040882858
Dropout rate: 1.047656853238228e-10
Silencing rate: 2.2533001459733722e-10
Lambda: 0.0069310777418122565
{'phi': 1.047656853238228e-10, 'nu': 2.2533001459733722e-10, 'lambda_param': 0.0069310777418122565}
Runtime (s): 685.618292260915
