Launching Problin version 0.5b
Problin was called as follow: /u/gh2161/Spatial-Division/problin/run_problin.py -c real_location_data/s16c8/k10_r4_character_matrix.csv -t real_location_data/s16c8/true_tree.nwk -S real_location_data/s16c8/leaf_locations.txt --delimiter comma -p real_location_data/s16c8/k10_priors.csv -o real_location_data/s16c8/k10_r4_spalin-divide-beta6.txt --nInitials 10 --ultrametric --randomreps 3 --divide --given_beta 6 --incl_beta_bound
Optimization by Spalin-Divide: Scipy-SLSQP using spatial information
Optimizing branch lengths, phi, and nu without topology search
Initial point 1. Random seed: 4319
Solving with ultrametric constraint
Optimal point found for initial point 1
Negative llh: 128.1807928929295
Dropout rate: 1.0000000000000002e-10
Silencing rate: 1.0000000000000002e-10
Sigma: 5.367216454435481
Initial point 2. Random seed: 6026
Solving with ultrametric constraint
Optimal point found for initial point 2
Negative llh: 128.18079218726575
Dropout rate: 1e-10
Silencing rate: 1e-10
Sigma: 5.367345957308326
Initial point 3. Random seed: 8116
Solving with ultrametric constraint
Optimal point found for initial point 3
Negative llh: 128.18079237772076
Dropout rate: 9.999999999999996e-11
Silencing rate: 1.0000000000000002e-10
Sigma: 5.367310781168647
Initial point 4. Random seed: 5142
Solving with ultrametric constraint
Optimal point found for initial point 4
Negative llh: 128.1807923406496
Dropout rate: 1.4283989145687686e-10
Silencing rate: 1.2868691759875608e-10
Sigma: 5.367319248227779
Initial point 5. Random seed: 6930
Solving with ultrametric constraint
Optimal point found for initial point 5
Negative llh: 128.1807920455107
Dropout rate: 1e-10
Silencing rate: 1e-10
Sigma: 5.367318917003566
Initial point 6. Random seed: 1560
Solving with ultrametric constraint
Optimal point found for initial point 6
Negative llh: 128.18079211688257
Dropout rate: 1.9919116195294738e-10
Silencing rate: 1.495065066351613e-10
Sigma: 5.367342615020224
Initial point 7. Random seed: 4306
Solving with ultrametric constraint
Optimal point found for initial point 7
Negative llh: 128.1807920301586
Dropout rate: 1e-10
Silencing rate: 1e-10
Sigma: 5.367303167849326
Initial point 8. Random seed: 186
Solving with ultrametric constraint
Optimal point found for initial point 8
Negative llh: 128.18079203617725
Dropout rate: 1.1463407766292714e-10
Silencing rate: 1.0722492662071414e-10
Sigma: 5.367302102551096
Initial point 9. Random seed: 9864
Solving with ultrametric constraint
Optimal point found for initial point 9
Negative llh: 128.1807923510707
Dropout rate: 9.999999999999996e-11
Silencing rate: 1.0000000000000002e-10
Sigma: 5.367402765052899
Initial point 10. Random seed: 4429
Solving with ultrametric constraint
Optimal point found for initial point 10
Negative llh: 128.18079220226014
Dropout rate: 3.8037654835111096e-10
Silencing rate: 2.396427911542861e-10
Sigma: 5.3673081851236555
Runtime (s): 554.1550760560203
