Launching Problin version 0.5b
Problin was called as follow: /u/gh2161/Spatial-Division/problin/run_problin.py -c real_location_data/s16c8/k10_r2_character_matrix.csv -t real_location_data/s16c8/true_tree.nwk -S real_location_data/s16c8/leaf_locations.txt --delimiter comma -p real_location_data/s16c8/k10_priors.csv -o real_location_data/s16c8/k10_r2_spalin-divide-beta6.txt --nInitials 10 --ultrametric --randomreps 3 --divide --given_beta 6 --incl_beta_bound
Optimization by Spalin-Divide: Scipy-SLSQP using spatial information
Optimizing branch lengths, phi, and nu without topology search
Initial point 1. Random seed: 6962
Solving with ultrametric constraint
Optimal point found for initial point 1
Negative llh: 135.00280039470113
Dropout rate: 1.1275853940759513e-10
Silencing rate: 1.1098048256550961e-10
Sigma: 5.8979068846110145
Initial point 2. Random seed: 3934
Solving with ultrametric constraint
Optimal point found for initial point 2
Negative llh: 135.00280019697712
Dropout rate: 1.093122364396197e-10
Silencing rate: 1.0315905140659334e-10
Sigma: 5.897958822083978
Initial point 3. Random seed: 4210
Solving with ultrametric constraint
Optimal point found for initial point 3
Negative llh: 135.00280063023737
Dropout rate: 2.7596603990760193e-10
Silencing rate: 1.898106339962711e-10
Sigma: 5.8979564232928885
Initial point 4. Random seed: 4401
Solving with ultrametric constraint
Optimal point found for initial point 4
Negative llh: 135.00280024046552
Dropout rate: 2.2586213524552321e-10
Silencing rate: 1.6442066313417988e-10
Sigma: 5.8979619828727055
Initial point 5. Random seed: 4814
Solving with ultrametric constraint
Optimal point found for initial point 5
Negative llh: 135.00280020183249
Dropout rate: 1e-10
Silencing rate: 1e-10
Sigma: 5.897965328589641
Initial point 6. Random seed: 3876
Solving with ultrametric constraint
Optimal point found for initial point 6
Negative llh: 135.0028129424947
Dropout rate: 1e-10
Silencing rate: 1e-10
Sigma: 5.8970998541844475
Initial point 7. Random seed: 4816
Solving with ultrametric constraint
Optimal point found for initial point 7
Negative llh: 135.00280406078002
Dropout rate: 1.7608431618061795e-10
Silencing rate: 1.3976287624875407e-10
Sigma: 5.897809500282278
Initial point 8. Random seed: 5663
Solving with ultrametric constraint
Optimal point found for initial point 8
Negative llh: 135.00280037342114
Dropout rate: 1.0000000000000002e-10
Silencing rate: 1.0000000000000002e-10
Sigma: 5.897950776235262
Initial point 9. Random seed: 8811
Solving with ultrametric constraint
Optimal point found for initial point 9
Negative llh: 135.00280051923926
Dropout rate: 1.3283358615847585e-10
Silencing rate: 1.1110037195388695e-10
Sigma: 5.8979323660080185
Initial point 10. Random seed: 8689
Solving with ultrametric constraint
Optimal point found for initial point 10
Negative llh: 135.00280029966575
Dropout rate: 1e-10
Silencing rate: 1e-10
Sigma: 5.897938740730839
Runtime (s): 421.3726290240884
