Launching Problin version 0.5b
Problin was called as follow: /u/gh2161/Spatial-Division/problin/run_problin.py -c real_location_data/s16c8/k10_r3_character_matrix.csv -t real_location_data/s16c8/true_tree.nwk -S real_location_data/s16c8/leaf_locations.txt --delimiter comma -p real_location_data/s16c8/k10_priors.csv -o real_location_data/s16c8/k10_r3_spalin-divide-beta9.txt --nInitials 10 --ultrametric --randomreps 3 --divide --given_beta 9 --incl_beta_bound
Optimization by Spalin-Divide: Scipy-SLSQP using spatial information
Optimizing branch lengths, phi, and nu without topology search
Initial point 1. Random seed: 1227
Solving with ultrametric constraint
Optimal point found for initial point 1
Negative llh: 132.31746561572513
Dropout rate: 1.3387154101784063e-10
Silencing rate: 1e-10
Sigma: 5.131363637781287
Initial point 2. Random seed: 145
Solving with ultrametric constraint
Optimal point found for initial point 2
Negative llh: 132.31746465312628
Dropout rate: 2.0856838863922652e-10
Silencing rate: 1.3299775966054393e-10
Sigma: 5.131262807429116
Initial point 3. Random seed: 623
Solving with ultrametric constraint
Optimal point found for initial point 3
Negative llh: 132.31746493046535
Dropout rate: 1e-10
Silencing rate: 1e-10
Sigma: 5.131271627259015
Initial point 4. Random seed: 1606
Solving with ultrametric constraint
Optimal point found for initial point 4
Negative llh: 132.3174646756965
Dropout rate: 1.012037418959889e-10
Silencing rate: 1.0103496439315347e-10
Sigma: 5.131255710918892
Initial point 5. Random seed: 8283
Solving with ultrametric constraint
Optimal point found for initial point 5
Negative llh: 132.3174646848984
Dropout rate: 1.3484548046709543e-10
Silencing rate: 1.6293823902911524e-09
Sigma: 5.131273974611638
Initial point 6. Random seed: 3200
Solving with ultrametric constraint
Optimal point found for initial point 6
Negative llh: 132.3174650500415
Dropout rate: 1.0000000000000002e-10
Silencing rate: 5.599094023951495e-10
Sigma: 5.131408206643549
Initial point 7. Random seed: 5883
Solving with ultrametric constraint
Optimal point found for initial point 7
Negative llh: 132.3174645751913
Dropout rate: 2.677314381166759e-10
Silencing rate: 1.5115872260796275e-10
Sigma: 5.131278290499824
Initial point 8. Random seed: 7722
Solving with ultrametric constraint
Optimal point found for initial point 8
Negative llh: 132.31746907477617
Dropout rate: 1.8500834164108778e-10
Silencing rate: 1e-10
Sigma: 5.1310230526578104
Initial point 9. Random seed: 368
Solving with ultrametric constraint
Optimal point found for initial point 9
Negative llh: 132.31746499056044
Dropout rate: 9.999999999999996e-11
Silencing rate: 1.0000000000000002e-10
Sigma: 5.1312482582010555
Initial point 10. Random seed: 9011
Solving with ultrametric constraint
Optimal point found for initial point 10
Negative llh: 132.3174644668196
Dropout rate: 2.8811070281391326e-10
Silencing rate: 1.8726954385542089e-10
Sigma: 5.131265361392663
Runtime (s): 268.7588194934651
