Launching Problin version 0.5b
Problin was called as follow: /u/gh2161/Spatial-Division/problin/run_problin.py -c real_location_data/s16c8/k10_r5_character_matrix.csv -t real_location_data/s16c8/true_tree.nwk -S real_location_data/s16c8/leaf_locations.txt --delimiter comma -p real_location_data/s16c8/k10_priors.csv -o real_location_data/s16c8/k10_r5_spalin-divide-beta8.txt --nInitials 10 --ultrametric --randomreps 3 --divide --given_beta 8 --incl_beta_bound
Optimization by Spalin-Divide: Scipy-SLSQP using spatial information
Optimizing branch lengths, phi, and nu without topology search
Initial point 1. Random seed: 1147
Solving with ultrametric constraint
Optimal point found for initial point 1
Negative llh: 122.96158770961439
Dropout rate: 1e-10
Silencing rate: 1e-10
Sigma: 4.772025449053159
Initial point 2. Random seed: 8099
Solving with ultrametric constraint
Optimal point found for initial point 2
Negative llh: 122.96158704759452
Dropout rate: 1.0000000000000002e-10
Silencing rate: 1.0000000000000002e-10
Sigma: 4.772106435866843
Initial point 3. Random seed: 1631
Solving with ultrametric constraint
Optimal point found for initial point 3
Negative llh: 122.96158670901644
Dropout rate: 1.7408167575448317e-10
Silencing rate: 1.5543361780692383e-10
Sigma: 4.772095776259865
Initial point 4. Random seed: 6780
Solving with ultrametric constraint
Optimal point found for initial point 4
Negative llh: 122.96158780721103
Dropout rate: 1.4867129869500483e-10
Silencing rate: 1.3519922912127044e-10
Sigma: 4.772088697823125
Initial point 5. Random seed: 6191
Solving with ultrametric constraint
Optimal point found for initial point 5
Negative llh: 122.96158672697885
Dropout rate: 1e-10
Silencing rate: 1.0000000000000002e-10
Sigma: 4.772097834550025
Initial point 6. Random seed: 7398
Solving with ultrametric constraint
Optimal point found for initial point 6
Negative llh: 122.96158675105931
Dropout rate: 1.1453385899462936e-10
Silencing rate: 1.0768782984667602e-10
Sigma: 4.772113567661916
Initial point 7. Random seed: 8580
Solving with ultrametric constraint
Optimal point found for initial point 7
Negative llh: 122.96158672047613
Dropout rate: 1.3387238566817287e-10
Silencing rate: 1.1778644705308407e-10
Sigma: 4.772106202523204
Initial point 8. Random seed: 3805
Solving with ultrametric constraint
Optimal point found for initial point 8
Negative llh: 122.96158857651182
Dropout rate: 1e-10
Silencing rate: 1e-10
Sigma: 4.771970356686703
Initial point 9. Random seed: 6800
Solving with ultrametric constraint
Optimal point found for initial point 9
Negative llh: 122.96158794271471
Dropout rate: 1.5687524343358877e-10
Silencing rate: 1.2267428044731778e-10
Sigma: 4.7719481067151746
Initial point 10. Random seed: 2421
Solving with ultrametric constraint
Optimal point found for initial point 10
Negative llh: 122.9615869617889
Dropout rate: 1e-10
Silencing rate: 1e-10
Sigma: 4.772166465442079
Runtime (s): 463.30372647894546
