Launching Problin version 0.5b
Problin was called as follow: /u/gh2161/Spatial-Division/problin/run_problin.py -c real_location_data/s16c8/k10_r2_character_matrix.csv -t real_location_data/s16c8/true_tree.nwk -S real_location_data/s16c8/leaf_locations.txt --delimiter comma -p real_location_data/s16c8/k10_priors.csv -o real_location_data/s16c8/k10_r2_spalin-divide-beta5_10_range.txt --nInitials 10 --ultrametric --randomreps 3 --divide --given_lower_beta 5 --given_upper_beta 10 --incl_beta_bound
Optimization by Spalin-Divide: Scipy-SLSQP using spatial information
{'sigma': 22, 'nu': 1e-10, 'phi': 1e-10, 'lower_beta': 5.0, 'upper_beta': 10.0, 'incl_beta_bound': True, 'displacement_amounts': {}}
Optimizing branch lengths, phi, and nu without topology search
Initial point 1. Random seed: 6234
Solving with ultrametric constraint
Optimal point found for initial point 1
Negative llh: 137.4100577311475
Dropout rate: 3.5289560641420335e-10
Silencing rate: 1.1110409069653907e-10
Sigma: 6.373834080152807
Initial point 2. Random seed: 1921
Solving with ultrametric constraint
Optimal point found for initial point 2
Negative llh: 137.40102262248593
Dropout rate: 7.345243627595794e-10
Silencing rate: 2.3671511157717283e-10
Sigma: 6.369522802465716
Initial point 3. Random seed: 1644
Solving with ultrametric constraint
Optimal point found for initial point 3
Negative llh: 137.41350680599487
Dropout rate: 1.789150254867211e-08
Silencing rate: 1.0612911151481518e-08
Sigma: 6.419319899160604
Initial point 4. Random seed: 4627
Solving with ultrametric constraint
Optimal point found for initial point 4
Negative llh: 137.39975570991106
Dropout rate: 1e-10
Silencing rate: 1e-10
Sigma: 6.36426348105433
Initial point 5. Random seed: 3447
Solving with ultrametric constraint
Optimal point found for initial point 5
Negative llh: 137.39764497758415
Dropout rate: 2.325901870192373e-09
Silencing rate: 2.4908579671981177e-09
Sigma: 6.366684722108158
Initial point 6. Random seed: 3473
Solving with ultrametric constraint
Optimal point found for initial point 6
Negative llh: 134.91712649168522
Dropout rate: 1e-10
Silencing rate: 1e-10
Sigma: 5.894207506202229
Initial point 7. Random seed: 9818
Solving with ultrametric constraint
Optimal point found for initial point 7
Negative llh: 137.67235066618161
Dropout rate: 5.165188663837281e-09
Silencing rate: 3.1791522986181402e-09
Sigma: 6.6959815410378365
Initial point 8. Random seed: 185
Solving with ultrametric constraint
Optimal point found for initial point 8
Negative llh: 137.39722161706644
Dropout rate: 1.0000586961685208e-10
Silencing rate: 1.0000200860405613e-10
Sigma: 6.3666535073990165
Initial point 9. Random seed: 8412
Solving with ultrametric constraint
Optimal point found for initial point 9
Negative llh: 137.39884660428237
Dropout rate: 2.8035186853078407e-09
Silencing rate: 1.537019760033066e-09
Sigma: 6.361250533359156
Initial point 10. Random seed: 7424
Solving with ultrametric constraint
Optimal point found for initial point 10
Negative llh: 135.16753554871792
Dropout rate: 1.005262330433753e-10
Silencing rate: 1.0012226614525383e-10
Sigma: 5.931084076566663
Runtime (s): 181.14519851095974
