Launching Problin version 0.5b
Problin was called as follow: /u/gh2161/Spatial-Division/problin/run_problin.py -c real_location_data/s16c8/k10_r3_character_matrix.csv -t real_location_data/s16c8/true_tree.nwk -S real_location_data/s16c8/leaf_locations.txt --delimiter comma -p real_location_data/s16c8/k10_priors.csv -o real_location_data/s16c8/k10_r3_spalin-divide-ignore-beta.txt --nInitials 10 --ultrametric --randomreps 3 --divide
Optimization by Spalin-Divide: Scipy-SLSQP using spatial information
Optimizing branch lengths, phi, and nu without topology search
We need to optimize the radius
Initial point 1. Random seed: 2621
Solving with ultrametric constraint
Optimal point found for initial point 1
Negative llh: 123.28969471751998
Dropout rate: 3.2067881701267247e-10
Silencing rate: 1e-10
Sigma: 1.0860960371260857
Lambda: 0.00411611784233175
Initial point 2. Random seed: 4515
Solving with ultrametric constraint
Optimal point found for initial point 2
Negative llh: 123.28974927045806
Dropout rate: 1e-10
Silencing rate: 1e-10
Sigma: 1.0865141580134055
Lambda: 0.004118275261358126
Initial point 3. Random seed: 3048
Solving with ultrametric constraint
Optimal point found for initial point 3
Negative llh: 134.23196171500342
Dropout rate: 1e-10
Silencing rate: 1.0066428375044845e-10
Sigma: 1.0278564827190717
Lambda: 0.000976683557583371
Initial point 4. Random seed: 6891
Solving with ultrametric constraint
Optimal point found for initial point 4
Negative llh: 123.289657933117
Dropout rate: 1.0000000000000002e-10
Silencing rate: 1e-10
Sigma: 1.0860830883899615
Lambda: 0.004115979597343283
Initial point 5. Random seed: 8507
Solving with ultrametric constraint
Optimal point found for initial point 5
Negative llh: 134.2308685974716
Dropout rate: 2.65821195913552e-10
Silencing rate: 1.1450252973096021e-10
Sigma: 1.028118018199679
Lambda: 0.0009767600502946483
Initial point 6. Random seed: 2982
Solving with ultrametric constraint
Optimal point found for initial point 6
Negative llh: 123.28962932594686
Dropout rate: 1e-10
Silencing rate: 1.0000000000000007e-10
Sigma: 1.0861480520338165
Lambda: 0.004116088504569909
Initial point 7. Random seed: 8355
Solving with ultrametric constraint
Optimal point found for initial point 7
Negative llh: 123.28963182642588
Dropout rate: 9.999999999999996e-11
Silencing rate: 1.2092399680351184e-10
Sigma: 1.0861617722679056
Lambda: 0.004116243299078095
Initial point 8. Random seed: 8992
Solving with ultrametric constraint
Optimal point found for initial point 8
Negative llh: 123.28962912002841
Dropout rate: 2.6907966396009596e-10
Silencing rate: 1.7515310540095862e-10
Sigma: 1.086136585203091
Lambda: 0.004116031989834123
Initial point 9. Random seed: 2592
Solving with ultrametric constraint
Optimal point found for initial point 9
Negative llh: 123.28974378722592
Dropout rate: 5.500847777022141e-10
Silencing rate: 2.3604045743712896e-10
Sigma: 1.0864965366419053
Lambda: 0.00411738234687131
Initial point 10. Random seed: 8707
Solving with ultrametric constraint
Optimal point found for initial point 10
Negative llh: 134.22997641135015
Dropout rate: 1e-10
Silencing rate: 1e-10
Sigma: 1.0278667836715376
Lambda: 0.0009768237314055266
{'lambda_param': 0.004116031989834123, 'phi': 2.6907966396009596e-10, 'nu': 1.7515310540095862e-10, 'sigma': 1.086136585203091, 'locations': {'216_8': (265.0, 316.0), '216_7': (274.0, 328.0), '216_6': (277.0, 337.0), '216_5': (298.0, 370.0), '216_2': (317.0, 404.0), '216_1': (354.0, 405.0), '216_4': (298.0, 400.0), '216_3': (299.0, 381.0), '216_9': (307.0, 310.0), '216_11': (251.0, 286.0), '216_10': (270.0, 299.0)}, 'radius': 18.788114467012804, 'thetas': {'196_2': 4.764983597825025, '199_1': 6.310206399334239, '152_1': 3.481839351195608, '205_5': 1.0040695046391814, '214_7': 7.210467191032064, '157_3': 1.0441849248843376, '95_1': 1.0005468699849371, '200_8': 6.883237484224326, '154_4': 3.5191220950652173, '38_1': 1.350761563161063}}
Runtime (s): 318.00772695429623
