Launching Problin version 0.5b
Problin was called as follow: /u/gh2161/Spatial-Division/problin/run_problin.py -c real_location_data/s16c8/k10_r2_character_matrix.csv -t real_location_data/s16c8/true_tree.nwk -S real_location_data/s16c8/leaf_locations.txt --delimiter comma -p real_location_data/s16c8/k10_priors.csv -o real_location_data/s16c8/k10_r2_spalin-divide-beta20.txt --nInitials 10 --ultrametric --randomreps 3 --divide --given_beta 20 --incl_beta_bound
Optimization by Spalin-Divide: Scipy-SLSQP using spatial information
Optimizing branch lengths, phi, and nu without topology search
Initial point 1. Random seed: 5642
Solving with ultrametric constraint
Optimal point found for initial point 1
Negative llh: 119.24915798722431
Dropout rate: 1.0871507435588936e-09
Silencing rate: 4.484849866967841e-10
Sigma: 3.949915294972374
Initial point 2. Random seed: 3541
Solving with ultrametric constraint
Optimal point found for initial point 2
Negative llh: 119.2491588999074
Dropout rate: 6.893187571425342e-10
Silencing rate: 3.078290415875298e-10
Sigma: 3.949905373188219
Initial point 3. Random seed: 9601
Solving with ultrametric constraint
Optimal point found for initial point 3
Negative llh: 119.24916054967309
Dropout rate: 6.641829549829587e-10
Silencing rate: 2.9997583928836433e-10
Sigma: 3.9499410706970126
Initial point 4. Random seed: 7199
Solving with ultrametric constraint
Optimal point found for initial point 4
Negative llh: 119.249156559767
Dropout rate: 1e-10
Silencing rate: 1e-10
Sigma: 3.9499050524049433
Initial point 5. Random seed: 4165
Solving with ultrametric constraint
Optimal point found for initial point 5
Negative llh: 119.24919010625703
Dropout rate: 2.1312761579066497e-10
Silencing rate: 1.3993219408248688e-10
Sigma: 3.9505172700370257
Initial point 6. Random seed: 8201
Solving with ultrametric constraint
Optimal point found for initial point 6
Negative llh: 119.24916148560605
Dropout rate: 1.0000000000000002e-10
Silencing rate: 1e-10
Sigma: 3.9499590312584463
Initial point 7. Random seed: 4631
Solving with ultrametric constraint
Optimal point found for initial point 7
Negative llh: 119.24915660653755
Dropout rate: 1e-10
Silencing rate: 1e-10
Sigma: 3.9498570380141036
Initial point 8. Random seed: 6904
Solving with ultrametric constraint
Optimal point found for initial point 8
Negative llh: 119.24915955997396
Dropout rate: 1e-10
Silencing rate: 1e-10
Sigma: 3.9499066252474426
Initial point 9. Random seed: 7305
Solving with ultrametric constraint
Optimal point found for initial point 9
Negative llh: 119.24915714391348
Dropout rate: 1.0000000000000002e-10
Silencing rate: 1.0000000000000002e-10
Sigma: 3.9499188874187503
Initial point 10. Random seed: 6612
Solving with ultrametric constraint
Optimal point found for initial point 10
Negative llh: 119.24915670484862
Dropout rate: 1e-10
Silencing rate: 1e-10
Sigma: 3.9499405528467535
Runtime (s): 315.8774863658473
