Launching Problin version 0.5b
Problin was called as follow: /u/gh2161/Spatial-Division/problin/run_problin.py -c real_location_data/s16c8/k10_r1_character_matrix.csv -t real_location_data/s16c8/true_tree.nwk -S real_location_data/s16c8/leaf_locations.txt --delimiter comma -p real_location_data/s16c8/k10_priors.csv -o real_location_data/s16c8/k10_r1_spalin-divide-beta5_10_range.txt --nInitials 10 --ultrametric --randomreps 3 --divide --given_lower_beta 5 --given_upper_beta 10 --incl_beta_bound
Optimization by Spalin-Divide: Scipy-SLSQP using spatial information
{'sigma': 22, 'nu': 1e-10, 'phi': 1e-10, 'lower_beta': 5.0, 'upper_beta': 10.0, 'incl_beta_bound': True, 'displacement_amounts': {}}
Optimizing branch lengths, phi, and nu without topology search
Initial point 1. Random seed: 5798
Solving with ultrametric constraint
Optimal point found for initial point 1
Negative llh: 135.6542582308686
Dropout rate: 2.18456690584402e-08
Silencing rate: 7.6514484463629e-09
Sigma: 6.508208345860707
Initial point 2. Random seed: 7612
Solving with ultrametric constraint
Optimal point found for initial point 2
Negative llh: 132.08531741704368
Dropout rate: 9.999999999999996e-11
Silencing rate: 1.1071118547275752e-10
Sigma: 5.970587896259216
Initial point 3. Random seed: 9547
Solving with ultrametric constraint
Optimal point found for initial point 3
Negative llh: 132.71357735712576
Dropout rate: 3.448837795488357e-09
Silencing rate: 2.1618961361185525e-09
Sigma: 6.061460088543074
Initial point 4. Random seed: 6492
Solving with ultrametric constraint
Optimal point found for initial point 4
Negative llh: 134.39706272109237
Dropout rate: 9.372405066413926e-09
Silencing rate: 3.5239879803862017e-10
Sigma: 6.338250589435063
Initial point 5. Random seed: 7817
Solving with ultrametric constraint
Optimal point found for initial point 5
Negative llh: 132.71280801421156
Dropout rate: 1.0075028940946978e-10
Silencing rate: 1.0027323876632985e-10
Sigma: 6.056199960013206
Initial point 6. Random seed: 9669
Solving with ultrametric constraint
Optimal point found for initial point 6
Negative llh: 132.08531760300752
Dropout rate: 6.068967378973131e-10
Silencing rate: 2.0934684845636242e-10
Sigma: 5.970548914951648
Initial point 7. Random seed: 3712
Solving with ultrametric constraint
Optimal point found for initial point 7
Negative llh: 134.2059794919041
Dropout rate: 3.3965951416530186e-09
Silencing rate: 4.797149623799059e-10
Sigma: 6.31287101663653
Initial point 8. Random seed: 899
Solving with ultrametric constraint
Optimal point found for initial point 8
Negative llh: 133.30770214803096
Dropout rate: 1.4907440703291076e-09
Silencing rate: 5.02319491047923e-10
Sigma: 6.1585925215744926
Initial point 9. Random seed: 7258
Solving with ultrametric constraint
Optimal point found for initial point 9
Negative llh: 133.3902435572218
Dropout rate: 1.2742100750950102e-08
Silencing rate: 3.527573604540305e-09
Sigma: 6.156828098140646
Initial point 10. Random seed: 7176
Solving with ultrametric constraint
Optimal point found for initial point 10
Negative llh: 133.13398024686637
Dropout rate: 1.406336033729792e-10
Silencing rate: 1.0000013173873737e-10
Sigma: 6.085735821393994
Runtime (s): 571.6269608810544
